Using TensorFlow backend.
[2017-09-23 03:13:09,434] A3C_AGENT_MAIN INFO:Namespace(action_space='iw_1', agent_num=5, clip_norm=5.0, decay_steps=1000000, dropout_prob=0.5, e_weight=0.5, end_e=0.0, env='IW-v57', err_penalty_scl=13.0, eval_epi_num=1, eval_freq=500000, gamma=0.99, h_regu_frac=0.01, init_e=0.0, is_warm_start=False, job_mode='Train', learning_rate=0.0001, max_interactions=15000000, model_dir='None', num_threads=16, output='a3c-res-v0.1/IW-v57-run1', p_loss_frac=1.0, p_weight=0.5, rmsprop_decay=0.99, rmsprop_epsil=1e-10, rmsprop_momet=0.0, save_freq=50000, save_scope='all', state_dim=11, test_env='IW-eval-v57', test_mode='Multiple', train_freq=5, v_loss_frac=0.5, window_len=24)
[2017-09-23 03:13:09,434] A3C_AGENT_MAIN INFO:Start compiling...
2017-09-23 03:13:12.768707: W tensorflow/core/platform/cpu_feature_guard.cc:45] The TensorFlow library wasn't compiled to use SSE4.1 instructions, but these are available on your machine and could speed up CPU computations.
2017-09-23 03:13:12.768725: W tensorflow/core/platform/cpu_feature_guard.cc:45] The TensorFlow library wasn't compiled to use SSE4.2 instructions, but these are available on your machine and could speed up CPU computations.
2017-09-23 03:13:12.768739: W tensorflow/core/platform/cpu_feature_guard.cc:45] The TensorFlow library wasn't compiled to use AVX instructions, but these are available on your machine and could speed up CPU computations.
2017-09-23 03:13:12.768742: W tensorflow/core/platform/cpu_feature_guard.cc:45] The TensorFlow library wasn't compiled to use AVX2 instructions, but these are available on your machine and could speed up CPU computations.
2017-09-23 03:13:12.768744: W tensorflow/core/platform/cpu_feature_guard.cc:45] The TensorFlow library wasn't compiled to use FMA instructions, but these are available on your machine and could speed up CPU computations.
2017-09-23 03:13:13.110830: I tensorflow/core/common_runtime/gpu/gpu_device.cc:887] Found device 0 with properties: 
name: TITAN Xp
major: 6 minor: 1 memoryClockRate (GHz) 1.582
pciBusID 0000:06:00.0
Total memory: 11.90GiB
Free memory: 11.17GiB
2017-09-23 03:13:13.110853: I tensorflow/core/common_runtime/gpu/gpu_device.cc:908] DMA: 0 
2017-09-23 03:13:13.110857: I tensorflow/core/common_runtime/gpu/gpu_device.cc:918] 0:   Y 
2017-09-23 03:13:13.110862: I tensorflow/core/common_runtime/gpu/gpu_device.cc:977] Creating TensorFlow device (/gpu:0) -> (device: 0, name: TITAN Xp, pci bus id: 0000:06:00.0)
[2017-09-23 03:13:18,214] A3C_AGENT_MAIN INFO:Start the learning...
[2017-09-23 03:13:18,232] A3C_AGENT_MAIN INFO:Prepare the evaluation environments ['IW-v57', 'IW-eval-v57'] ...
[2017-09-23 03:13:18,232] Making new env: IW-v57
[2017-09-23 03:13:18,277] Making new env: IW-eval-v57
[2017-09-23 03:13:18,291] A3C_AGENT_MAIN INFO:Prepare the local workers ...
[2017-09-23 03:13:18,292] A3C_AGENT_WORKER-Thread-2 INFO:Local worker starts!
[2017-09-23 03:13:18,292] Making new env: IW-v57
[2017-09-23 03:13:18,305] EPLUS_ENV_IW-v57_Thread-2_ROOT INFO:Creating EnergyPlus simulation environment...
[2017-09-23 03:13:18,308] EPLUS_ENV_IW-v57_Thread-2_ROOT INFO:EnergyPlus working directory is in /home/zhiangz/Documents/HVAC-RL-Control/src/iw_ctrl_runs/1/Eplus-env-IW-v57-res2/Eplus-env-sub_run1
[2017-09-23 03:13:19,293] A3C_AGENT_MAIN INFO:Prepare the local workers ...
[2017-09-23 03:13:19,294] A3C_AGENT_WORKER-Thread-3 INFO:Local worker starts!
[2017-09-23 03:13:19,294] Making new env: IW-v57
[2017-09-23 03:13:19,309] EPLUS_ENV_IW-v57_Thread-3_ROOT INFO:Creating EnergyPlus simulation environment...
[2017-09-23 03:13:19,312] EPLUS_ENV_IW-v57_Thread-3_ROOT INFO:EnergyPlus working directory is in /home/zhiangz/Documents/HVAC-RL-Control/src/iw_ctrl_runs/1/Eplus-env-IW-v57-res3/Eplus-env-sub_run1
[2017-09-23 03:13:20,295] A3C_AGENT_MAIN INFO:Prepare the local workers ...
[2017-09-23 03:13:20,296] A3C_AGENT_WORKER-Thread-4 INFO:Local worker starts!
[2017-09-23 03:13:20,296] Making new env: IW-v57
[2017-09-23 03:13:20,308] EPLUS_ENV_IW-v57_Thread-4_ROOT INFO:Creating EnergyPlus simulation environment...
[2017-09-23 03:13:20,310] EPLUS_ENV_IW-v57_Thread-4_ROOT INFO:EnergyPlus working directory is in /home/zhiangz/Documents/HVAC-RL-Control/src/iw_ctrl_runs/1/Eplus-env-IW-v57-res4/Eplus-env-sub_run1
[2017-09-23 03:13:21,297] A3C_AGENT_MAIN INFO:Prepare the local workers ...
[2017-09-23 03:13:21,298] A3C_AGENT_WORKER-Thread-5 INFO:Local worker starts!
[2017-09-23 03:13:21,299] Making new env: IW-v57
[2017-09-23 03:13:21,315] EPLUS_ENV_IW-v57_Thread-5_ROOT INFO:Creating EnergyPlus simulation environment...
[2017-09-23 03:13:21,319] EPLUS_ENV_IW-v57_Thread-5_ROOT INFO:EnergyPlus working directory is in /home/zhiangz/Documents/HVAC-RL-Control/src/iw_ctrl_runs/1/Eplus-env-IW-v57-res5/Eplus-env-sub_run1
[2017-09-23 03:13:22,299] A3C_AGENT_MAIN INFO:Prepare the local workers ...
[2017-09-23 03:13:22,300] A3C_AGENT_WORKER-Thread-6 INFO:Local worker starts!
[2017-09-23 03:13:22,300] Making new env: IW-v57
[2017-09-23 03:13:22,307] EPLUS_ENV_IW-v57_Thread-6_ROOT INFO:Creating EnergyPlus simulation environment...
[2017-09-23 03:13:22,309] EPLUS_ENV_IW-v57_Thread-6_ROOT INFO:EnergyPlus working directory is in /home/zhiangz/Documents/HVAC-RL-Control/src/iw_ctrl_runs/1/Eplus-env-IW-v57-res6/Eplus-env-sub_run1
[2017-09-23 03:13:23,301] A3C_AGENT_MAIN INFO:Prepare the local workers ...
[2017-09-23 03:13:23,301] A3C_AGENT_WORKER-Thread-7 INFO:Local worker starts!
[2017-09-23 03:13:23,301] Making new env: IW-v57
[2017-09-23 03:13:23,311] EPLUS_ENV_IW-v57_Thread-7_ROOT INFO:Creating EnergyPlus simulation environment...
[2017-09-23 03:13:23,313] EPLUS_ENV_IW-v57_Thread-7_ROOT INFO:EnergyPlus working directory is in /home/zhiangz/Documents/HVAC-RL-Control/src/iw_ctrl_runs/1/Eplus-env-IW-v57-res7/Eplus-env-sub_run1
[2017-09-23 03:13:24,302] A3C_AGENT_MAIN INFO:Prepare the local workers ...
[2017-09-23 03:13:24,303] A3C_AGENT_WORKER-Thread-8 INFO:Local worker starts!
[2017-09-23 03:13:24,303] Making new env: IW-v57
[2017-09-23 03:13:24,313] EPLUS_ENV_IW-v57_Thread-8_ROOT INFO:Creating EnergyPlus simulation environment...
[2017-09-23 03:13:24,316] EPLUS_ENV_IW-v57_Thread-8_ROOT INFO:EnergyPlus working directory is in /home/zhiangz/Documents/HVAC-RL-Control/src/iw_ctrl_runs/1/Eplus-env-IW-v57-res8/Eplus-env-sub_run1
[2017-09-23 03:13:25,304] A3C_AGENT_MAIN INFO:Prepare the local workers ...
[2017-09-23 03:13:25,304] A3C_AGENT_WORKER-Thread-9 INFO:Local worker starts!
[2017-09-23 03:13:25,304] Making new env: IW-v57
[2017-09-23 03:13:25,315] EPLUS_ENV_IW-v57_Thread-9_ROOT INFO:Creating EnergyPlus simulation environment...
[2017-09-23 03:13:25,318] EPLUS_ENV_IW-v57_Thread-9_ROOT INFO:EnergyPlus working directory is in /home/zhiangz/Documents/HVAC-RL-Control/src/iw_ctrl_runs/1/Eplus-env-IW-v57-res9/Eplus-env-sub_run1
[2017-09-23 03:13:26,305] A3C_AGENT_MAIN INFO:Prepare the local workers ...
[2017-09-23 03:13:26,305] A3C_AGENT_WORKER-Thread-10 INFO:Local worker starts!
[2017-09-23 03:13:26,306] Making new env: IW-v57
[2017-09-23 03:13:26,314] EPLUS_ENV_IW-v57_Thread-10_ROOT INFO:Creating EnergyPlus simulation environment...
[2017-09-23 03:13:26,316] EPLUS_ENV_IW-v57_Thread-10_ROOT INFO:EnergyPlus working directory is in /home/zhiangz/Documents/HVAC-RL-Control/src/iw_ctrl_runs/1/Eplus-env-IW-v57-res10/Eplus-env-sub_run1
[2017-09-23 03:13:27,306] A3C_AGENT_MAIN INFO:Prepare the local workers ...
[2017-09-23 03:13:27,307] A3C_AGENT_WORKER-Thread-11 INFO:Local worker starts!
[2017-09-23 03:13:27,307] Making new env: IW-v57
[2017-09-23 03:13:27,319] EPLUS_ENV_IW-v57_Thread-11_ROOT INFO:Creating EnergyPlus simulation environment...
[2017-09-23 03:13:27,336] EPLUS_ENV_IW-v57_Thread-11_ROOT INFO:EnergyPlus working directory is in /home/zhiangz/Documents/HVAC-RL-Control/src/iw_ctrl_runs/1/Eplus-env-IW-v57-res11/Eplus-env-sub_run1
[2017-09-23 03:13:28,308] A3C_AGENT_MAIN INFO:Prepare the local workers ...
[2017-09-23 03:13:28,309] A3C_AGENT_WORKER-Thread-12 INFO:Local worker starts!
[2017-09-23 03:13:28,309] Making new env: IW-v57
[2017-09-23 03:13:28,329] EPLUS_ENV_IW-v57_Thread-12_ROOT INFO:Creating EnergyPlus simulation environment...
[2017-09-23 03:13:28,331] EPLUS_ENV_IW-v57_Thread-12_ROOT INFO:EnergyPlus working directory is in /home/zhiangz/Documents/HVAC-RL-Control/src/iw_ctrl_runs/1/Eplus-env-IW-v57-res12/Eplus-env-sub_run1
[2017-09-23 03:13:29,310] A3C_AGENT_MAIN INFO:Prepare the local workers ...
[2017-09-23 03:13:29,311] A3C_AGENT_WORKER-Thread-13 INFO:Local worker starts!
[2017-09-23 03:13:29,311] Making new env: IW-v57
[2017-09-23 03:13:29,331] EPLUS_ENV_IW-v57_Thread-13_ROOT INFO:Creating EnergyPlus simulation environment...
[2017-09-23 03:13:29,334] EPLUS_ENV_IW-v57_Thread-13_ROOT INFO:EnergyPlus working directory is in /home/zhiangz/Documents/HVAC-RL-Control/src/iw_ctrl_runs/1/Eplus-env-IW-v57-res13/Eplus-env-sub_run1
[2017-09-23 03:13:30,312] A3C_AGENT_MAIN INFO:Prepare the local workers ...
[2017-09-23 03:13:30,313] A3C_AGENT_WORKER-Thread-14 INFO:Local worker starts!
[2017-09-23 03:13:30,313] Making new env: IW-v57
[2017-09-23 03:13:30,324] EPLUS_ENV_IW-v57_Thread-14_ROOT INFO:Creating EnergyPlus simulation environment...
[2017-09-23 03:13:30,328] EPLUS_ENV_IW-v57_Thread-14_ROOT INFO:EnergyPlus working directory is in /home/zhiangz/Documents/HVAC-RL-Control/src/iw_ctrl_runs/1/Eplus-env-IW-v57-res14/Eplus-env-sub_run1
[2017-09-23 03:13:31,313] A3C_AGENT_MAIN INFO:Prepare the local workers ...
[2017-09-23 03:13:31,313] A3C_AGENT_WORKER-Thread-15 INFO:Local worker starts!
[2017-09-23 03:13:31,314] Making new env: IW-v57
[2017-09-23 03:13:31,325] EPLUS_ENV_IW-v57_Thread-15_ROOT INFO:Creating EnergyPlus simulation environment...
[2017-09-23 03:13:31,328] EPLUS_ENV_IW-v57_Thread-15_ROOT INFO:EnergyPlus working directory is in /home/zhiangz/Documents/HVAC-RL-Control/src/iw_ctrl_runs/1/Eplus-env-IW-v57-res15/Eplus-env-sub_run1
[2017-09-23 03:13:32,314] A3C_AGENT_MAIN INFO:Prepare the local workers ...
[2017-09-23 03:13:32,315] A3C_AGENT_WORKER-Thread-16 INFO:Local worker starts!
[2017-09-23 03:13:32,315] Making new env: IW-v57
[2017-09-23 03:13:32,327] EPLUS_ENV_IW-v57_Thread-16_ROOT INFO:Creating EnergyPlus simulation environment...
[2017-09-23 03:13:32,330] EPLUS_ENV_IW-v57_Thread-16_ROOT INFO:EnergyPlus working directory is in /home/zhiangz/Documents/HVAC-RL-Control/src/iw_ctrl_runs/1/Eplus-env-IW-v57-res16/Eplus-env-sub_run1
[2017-09-23 03:13:33,315] A3C_AGENT_MAIN INFO:Prepare the local workers ...
[2017-09-23 03:13:33,316] A3C_AGENT_WORKER-Thread-17 INFO:Local worker starts!
[2017-09-23 03:13:33,316] Making new env: IW-v57
[2017-09-23 03:13:33,327] EPLUS_ENV_IW-v57_Thread-17_ROOT INFO:Creating EnergyPlus simulation environment...
[2017-09-23 03:13:33,330] EPLUS_ENV_IW-v57_Thread-17_ROOT INFO:EnergyPlus working directory is in /home/zhiangz/Documents/HVAC-RL-Control/src/iw_ctrl_runs/1/Eplus-env-IW-v57-res17/Eplus-env-sub_run1
[2017-09-23 03:14:38,965] A3C_AGENT_WORKER-Thread-4 INFO:Evaluating...
[2017-09-23 03:14:38,965] EPLUS_ENV_IW-v57_MainThread_ROOT INFO:Creating EnergyPlus simulation environment...
[2017-09-23 03:14:38,968] EPLUS_ENV_IW-v57_MainThread_ROOT INFO:EnergyPlus working directory is in /home/zhiangz/Documents/HVAC-RL-Control/src/iw_ctrl_runs/1/Eplus-env-IW-v57-res1/Eplus-env-sub_run1
softmax [ 0.04472277  0.05626288  0.03717319  0.05066428  0.03935102  0.06134146
  0.05004843  0.04245456  0.03900421  0.04680634  0.03545438  0.06571205
  0.04994299  0.06763133  0.05238793  0.04990556  0.03896068  0.05413537
  0.04563802  0.03791037  0.03449212]
softmax [ 0.03937292  0.05799796  0.03990186  0.05674445  0.04199362  0.0561123
  0.04953698  0.03760179  0.03715099  0.04567149  0.0404358   0.0622734
  0.05381653  0.06186289  0.05066533  0.05292586  0.03769832  0.05687119
  0.0472365   0.03655816  0.0375716 ]
softmax [ 0.04565298  0.04853453  0.04040634  0.0566521   0.04560727  0.05177724
  0.04821728  0.04135356  0.04478211  0.04720693  0.04234497  0.05320243
  0.0531005   0.0588352   0.05405889  0.05394121  0.0392582   0.05390718
  0.04558508  0.03789827  0.03767781]
softmax [ 0.04626945  0.04874833  0.04057014  0.05611789  0.04618621  0.05180515
  0.04794401  0.04145117  0.04565073  0.04642387  0.04290218  0.05288086
  0.05199009  0.05803564  0.05452362  0.05374941  0.04040344  0.05257665
  0.04465324  0.0379544   0.03916349]
softmax [ 0.0460754   0.05058056  0.03995178  0.0565262   0.04376588  0.05315799
  0.04635042  0.04148175  0.04486759  0.04515464  0.04406166  0.05194975
  0.05413509  0.05957017  0.05199836  0.05354053  0.04043784  0.05227267
  0.04487733  0.03738917  0.04185514]
softmax [ 0.04748763  0.04811896  0.03792543  0.0552358   0.04505183  0.05386112
  0.04600313  0.04143737  0.04637806  0.04539209  0.04272216  0.05305387
  0.05181776  0.05748929  0.05476965  0.05641577  0.0408916   0.05412224
  0.04512045  0.03803485  0.03867096]
softmax [ 0.04371938  0.04717156  0.03767066  0.05864492  0.04623641  0.05325954
  0.04742592  0.04184251  0.04477441  0.04270771  0.04267967  0.05441801
  0.05212306  0.05886526  0.05948551  0.05500696  0.04005236  0.05337925
  0.04618125  0.03880775  0.03554795]
softmax [ 0.04670744  0.04701696  0.0387521   0.0524128   0.04297952  0.05621997
  0.04562067  0.04190427  0.04539762  0.04864144  0.04064619  0.05843789
  0.05123568  0.05876698  0.05611529  0.05344311  0.0411262   0.05505912
  0.04630015  0.03895671  0.03425986]
softmax [ 0.04563259  0.05050273  0.03917177  0.05985008  0.04321343  0.05181652
  0.04947614  0.04130911  0.04340282  0.0444485   0.04324332  0.05733171
  0.0507366   0.0590048   0.05360516  0.05452423  0.04290901  0.05058942
  0.0430612   0.03954349  0.03662736]
softmax [ 0.04568171  0.05200796  0.03913656  0.05763819  0.04222602  0.06105442
  0.04603404  0.03910214  0.04108974  0.04327691  0.04304502  0.05760926
  0.0523275   0.06070416  0.05233741  0.05473858  0.0393567   0.05456028
  0.04318539  0.0361576   0.0387305 ]
softmax [ 0.04455231  0.0453885   0.03930327  0.05505393  0.04393598  0.05968875
  0.04565914  0.04338866  0.04264741  0.04893401  0.04180882  0.05622249
  0.0515855   0.05815554  0.05064823  0.0568671   0.03913344  0.05812593
  0.04590089  0.03749667  0.03550335]
softmax [ 0.04637743  0.05087519  0.03802398  0.05348082  0.04266023  0.0524068
  0.0487029   0.04086415  0.04378528  0.04762514  0.04181387  0.05582903
  0.05326848  0.05994213  0.05466893  0.05364224  0.03780295  0.0545206
  0.04563239  0.03837087  0.03970665]
softmax [ 0.04519973  0.05008289  0.03744028  0.0514324   0.04492246  0.05477721
  0.04785788  0.04324846  0.04296908  0.04624185  0.04313245  0.05731294
  0.0519892   0.05938965  0.05530999  0.05373884  0.03801037  0.05686878
  0.04639337  0.03994826  0.03373392]
softmax [ 0.04399215  0.05026582  0.0356334   0.0557122   0.04669391  0.05412245
  0.04858753  0.04218466  0.04358056  0.04415695  0.04256104  0.0561367
  0.05274987  0.06037872  0.05473723  0.05369331  0.03844805  0.05487091
  0.04525611  0.04136769  0.03487077]
softmax [ 0.04356645  0.05068988  0.03654401  0.04968131  0.0457878   0.05901513
  0.04497315  0.04230709  0.04025744  0.04719187  0.04116631  0.0578777
  0.0541425   0.06005897  0.05399191  0.05774115  0.03761186  0.05823972
  0.04650536  0.0365321   0.03611837]
softmax [ 0.0391146   0.05885953  0.03803896  0.05654849  0.03909463  0.05762874
  0.04942669  0.03907642  0.04092412  0.04249893  0.04114281  0.06254613
  0.052158    0.06426831  0.05096213  0.05109785  0.03959448  0.05605502
  0.04505134  0.0389187   0.03699411]
softmax [ 0.04254297  0.05475787  0.03477988  0.05651637  0.03722745  0.0615456
  0.04982413  0.03713137  0.0393672   0.04147382  0.03914418  0.0657199
  0.05335608  0.0666944   0.05219684  0.05171289  0.03993486  0.05482244
  0.04490782  0.03804364  0.03830034]
softmax [ 0.04135492  0.05508641  0.03359117  0.05819977  0.03792102  0.06451219
  0.05180836  0.03779443  0.03886787  0.04253141  0.03812992  0.06364316
  0.05213575  0.07076575  0.0519419   0.04951786  0.03977655  0.0552089
  0.04461394  0.03439922  0.03819953]
softmax [ 0.0430635   0.05839837  0.03540121  0.0539048   0.03958865  0.05905017
  0.04937956  0.03722178  0.03977253  0.04496417  0.0400798   0.06284504
  0.05279298  0.0691394   0.0531732   0.0504398   0.03909119  0.05371347
  0.04201153  0.03599605  0.03997286]
softmax [ 0.0416546   0.05856577  0.03700966  0.05530173  0.03936039  0.05787078
  0.04926498  0.03784328  0.04096818  0.04449178  0.04089148  0.06298283
  0.05200911  0.06593298  0.0510494   0.05100626  0.03980893  0.05329695
  0.04241521  0.03869526  0.03958052]
softmax [ 0.03528129  0.05937083  0.03411072  0.05823625  0.03970903  0.06286179
  0.05071109  0.03693106  0.03582871  0.04512539  0.04295063  0.06090921
  0.05092581  0.06621395  0.04610588  0.05294534  0.039699    0.05518699
  0.04706994  0.03815253  0.04167465]
softmax [ 0.04448963  0.04979348  0.03950987  0.05722634  0.04440474  0.05583031
  0.05214912  0.04052962  0.04642931  0.04499603  0.04067041  0.05763004
  0.05172145  0.06291574  0.0522891   0.0470714   0.04322999  0.04925182
  0.04459951  0.03661962  0.03864251]
softmax [ 0.04416424  0.04912905  0.03967956  0.05763173  0.04388035  0.05554596
  0.05149692  0.03985498  0.04606096  0.04580058  0.04020723  0.05717942
  0.05154004  0.06368767  0.05242937  0.04771256  0.04329284  0.05009197
  0.04504172  0.0370029   0.03856992]
softmax [ 0.04434234  0.04897855  0.04038538  0.05761324  0.04432544  0.05387057
  0.05185144  0.03931179  0.04432624  0.04697048  0.04116049  0.05664817
  0.05226926  0.06489995  0.05083944  0.04790116  0.04237336  0.0506946
  0.0455856   0.03621784  0.03943465]
softmax [ 0.04304198  0.04936171  0.03901563  0.054417    0.04893306  0.05514407
  0.04386847  0.04136794  0.04168088  0.0446521   0.04164112  0.05754547
  0.05372984  0.06119467  0.05624693  0.057007    0.03770139  0.05714377
  0.04540193  0.03658978  0.03431526]
softmax [ 0.04328622  0.04757305  0.04385651  0.05147456  0.04322082  0.0571108
  0.05043886  0.04269542  0.0433757   0.04785727  0.04777141  0.05486509
  0.05225184  0.05545297  0.04995475  0.05222265  0.04479665  0.05003429
  0.04390385  0.04065036  0.03720696]
softmax [ 0.04086596  0.04508944  0.04182109  0.05516633  0.04205335  0.05750026
  0.04844704  0.04360073  0.04226104  0.04946282  0.04200687  0.05734376
  0.05375689  0.06103664  0.05136174  0.05006501  0.04279363  0.05626722
  0.04702129  0.037253    0.03482594]
softmax [ 0.04133048  0.05201386  0.04026395  0.05879081  0.04012441  0.05355324
  0.05083907  0.03748053  0.04117775  0.04435401  0.04013384  0.0589801
  0.05203421  0.0655626   0.04719331  0.05275553  0.04219664  0.05482472
  0.05003098  0.03798908  0.03837088]
softmax [ 0.03942664  0.05196464  0.04007418  0.06506429  0.04084101  0.05604527
  0.05226995  0.03971068  0.04020263  0.04616437  0.04318768  0.06317452
  0.04792417  0.06597956  0.04388397  0.05330468  0.03871073  0.0536983
  0.04559069  0.03621756  0.03656443]
softmax [ 0.04054327  0.05415038  0.03957146  0.05736132  0.03960221  0.05395245
  0.05238096  0.04120623  0.04136458  0.04581943  0.04289549  0.06080452
  0.05269296  0.06464738  0.04492668  0.05057076  0.04341996  0.05236072
  0.04669544  0.0373531   0.03768083]
softmax [ 0.04104828  0.05515816  0.04281858  0.05597682  0.04105156  0.05426366
  0.04910565  0.04094668  0.0437051   0.04949202  0.04026397  0.0596452
  0.04916526  0.0648315   0.04821877  0.05136755  0.0394946   0.05369185
  0.0451626   0.03747892  0.03711322]
softmax [ 0.03813803  0.04995115  0.04087117  0.05525316  0.04175131  0.0646572
  0.0451201   0.04322096  0.0394698   0.04785818  0.03904614  0.06405647
  0.05102445  0.06035385  0.04782801  0.05471605  0.03878845  0.0591532
  0.04667097  0.0380079   0.03406339]
softmax [ 0.03783679  0.05251821  0.038168    0.05766516  0.038757    0.06311186
  0.05024109  0.03916737  0.03567067  0.04566936  0.03749279  0.06158306
  0.05480564  0.0725269   0.04793446  0.0494841   0.03454322  0.06011378
  0.05219011  0.03564801  0.03487239]
softmax [ 0.03935764  0.05881896  0.04031027  0.05615515  0.04154141  0.06006088
  0.05112442  0.03692656  0.03469522  0.0424823   0.04073968  0.06187757
  0.05009945  0.0717987   0.05095919  0.04973159  0.03919801  0.05567458
  0.04719528  0.03559016  0.03566293]
softmax [ 0.03836588  0.05218203  0.0368885   0.05846636  0.04191776  0.06152783
  0.04823393  0.03792947  0.0375293   0.04365305  0.03745237  0.06596628
  0.05114375  0.06984171  0.05578558  0.05453481  0.03847422  0.05761238
  0.04687336  0.03431216  0.03130943]
softmax [ 0.0377484   0.05437681  0.03617321  0.05736298  0.04073587  0.06017396
  0.05115502  0.03787675  0.03763518  0.04390757  0.03731174  0.06385979
  0.05445942  0.06756385  0.05017181  0.05717332  0.03560792  0.057311
  0.04928956  0.03550974  0.03459619]
softmax [ 0.03728838  0.05586033  0.03631919  0.05705298  0.03835205  0.0618031
  0.04993219  0.03724485  0.03629178  0.04370397  0.04029981  0.06678915
  0.05059117  0.06576809  0.0477433   0.05432939  0.03743976  0.05827945
  0.05060234  0.03887888  0.03542987]
softmax [ 0.03637974  0.0560044   0.0361908   0.05734827  0.03860775  0.06170076
  0.04983005  0.03771662  0.03585323  0.04484414  0.0403017   0.06695358
  0.05058767  0.06607673  0.0469401   0.0546573   0.03635124  0.05934925
  0.05011951  0.03872208  0.035465  ]
softmax [ 0.04197218  0.0449992   0.03800462  0.05753408  0.04334341  0.05987811
  0.0446898   0.04236821  0.04328069  0.04654927  0.04030788  0.05772008
  0.05198668  0.0610146   0.05323317  0.0561664   0.03933039  0.06298573
  0.04581416  0.03555717  0.0332642 ]
softmax [ 0.04214941  0.04748318  0.04100333  0.0584205   0.04407454  0.05761233
  0.04732206  0.04160734  0.04403377  0.04643189  0.04353773  0.05294859
  0.05041891  0.06054682  0.05159391  0.05462659  0.04059636  0.05843905
  0.04533342  0.03642412  0.03539614]
softmax [ 0.04200088  0.05009923  0.04132218  0.05317926  0.04111762  0.05922901
  0.05176254  0.04383805  0.0415311   0.04569756  0.04268489  0.0560714
  0.0508999   0.05982108  0.04998427  0.04864149  0.04415418  0.05450219
  0.04589464  0.04146224  0.03610628]
softmax [ 0.04497482  0.05009967  0.04182507  0.05232936  0.04089612  0.05749263
  0.04924784  0.04124152  0.0434261   0.04524971  0.04187826  0.06137308
  0.05022116  0.06239656  0.05060906  0.05221479  0.04287949  0.05483535
  0.04352716  0.0387249   0.03455742]
softmax [ 0.04356939  0.04574484  0.04102555  0.05188409  0.04350344  0.05973152
  0.04788466  0.04629714  0.03936052  0.04501845  0.04033961  0.0568796
  0.04990038  0.05853481  0.05266543  0.0528047   0.04332304  0.05872183
  0.04817181  0.04045518  0.03418399]
softmax [ 0.04285302  0.0480919   0.04317147  0.05561304  0.04399719  0.05321908
  0.0477583   0.04321053  0.04137017  0.0465197   0.04434548  0.05649752
  0.05116932  0.05952089  0.05032273  0.05205703  0.04325357  0.05728023
  0.04428886  0.0397368   0.03572321]
softmax [ 0.04227153  0.04837769  0.04083859  0.05863261  0.04190442  0.05954806
  0.04997608  0.0413067   0.04178101  0.04395593  0.0424182   0.061106
  0.04846728  0.06239105  0.04758096  0.05038039  0.041184    0.05674294
  0.04729664  0.03846812  0.03537173]
softmax [ 0.03992506  0.04578166  0.04114503  0.05711783  0.04019621  0.06250737
  0.04735725  0.04306224  0.04406693  0.04724682  0.04088314  0.05819736
  0.05524293  0.0651087   0.0468918   0.05045453  0.04136124  0.05868187
  0.04454615  0.03618962  0.03403616]
softmax [ 0.04470365  0.04963949  0.04401213  0.05344069  0.04395303  0.05255851
  0.04836246  0.04561314  0.04309459  0.04886405  0.03656892  0.05577568
  0.05137149  0.05894152  0.05269255  0.05010196  0.04106663  0.05435263
  0.04608193  0.04188362  0.03692131]
softmax [ 0.04388984  0.05096476  0.03990882  0.05546194  0.04012324  0.0626462
  0.0464712   0.04218395  0.04339745  0.04782464  0.03639296  0.06233248
  0.0478536   0.06341813  0.05368041  0.05469423  0.0397096   0.05547966
  0.04415036  0.0352958   0.03412082]
softmax [ 0.0421243   0.05246358  0.03777045  0.0540226   0.03900827  0.06364919
  0.04665997  0.04328586  0.04208533  0.04840982  0.03711439  0.0654164
  0.04861186  0.06326765  0.05242998  0.05291617  0.03895603  0.05655065
  0.04680852  0.03588339  0.0325656 ]
softmax [ 0.04345569  0.04956505  0.03710207  0.05271133  0.04009894  0.06294343
  0.04487547  0.03853805  0.04012643  0.04886113  0.03450824  0.06641214
  0.05146691  0.06550369  0.05663966  0.05703162  0.03893614  0.06015039
  0.0457706   0.03369782  0.03160523]
softmax [ 0.04138969  0.0528817   0.03859841  0.06191042  0.04000558  0.05536379
  0.05309506  0.03884503  0.04123941  0.04567491  0.03887482  0.05918371
  0.05079323  0.06455194  0.04768052  0.05229478  0.03984512  0.05529287
  0.04847853  0.03743206  0.03656848]
softmax [ 0.04439246  0.05711672  0.03621235  0.05402607  0.03788191  0.06190276
  0.04924179  0.03847423  0.04223469  0.04733049  0.03670918  0.0643207
  0.04990059  0.06488346  0.05357903  0.0538092   0.03841506  0.05490282
  0.04400951  0.03438973  0.03626725]
softmax [ 0.04331814  0.05248513  0.03489956  0.05291139  0.03886272  0.06680017
  0.04642384  0.04021991  0.04197347  0.04569419  0.03520432  0.06486017
  0.05152262  0.06395564  0.05612265  0.05471361  0.03858397  0.05567879
  0.04695881  0.03389456  0.03491631]
softmax [ 0.04487315  0.05157979  0.03361769  0.05355842  0.03970458  0.06517807
  0.0441335   0.04194938  0.03917766  0.04568165  0.03571407  0.06503458
  0.05298869  0.06659009  0.05678257  0.05587678  0.03765959  0.05718724
  0.04713877  0.03245203  0.03312171]
softmax [ 0.04079859  0.05448886  0.03735903  0.05996624  0.0400793   0.0600041
  0.05196328  0.03946134  0.03859767  0.04238642  0.04119834  0.06091332
  0.04934702  0.0619798   0.05131895  0.05648517  0.03708009  0.05553705
  0.04632709  0.03618408  0.03852419]
softmax [ 0.04668569  0.05165667  0.03286244  0.05150346  0.03989429  0.06803182
  0.04301106  0.03942829  0.03734834  0.04461223  0.03520552  0.06982373
  0.05143469  0.06401052  0.05521785  0.05621267  0.03805878  0.05980524
  0.04823202  0.03309319  0.03387156]
softmax [ 0.04531555  0.04951998  0.04007886  0.05644108  0.04652924  0.0530046
  0.0469348   0.0413098   0.04190069  0.04627926  0.04302128  0.0561671
  0.05302569  0.05853152  0.05368262  0.05244709  0.04153395  0.05265571
  0.04579039  0.03885947  0.03697138]
softmax [ 0.04599174  0.04783254  0.03612446  0.05532432  0.0444062   0.0579345
  0.04573518  0.03927033  0.04072405  0.04295086  0.03868861  0.06305186
  0.05232783  0.06499735  0.06069802  0.05381095  0.0401322   0.05449074
  0.04660674  0.03705963  0.03184188]
softmax [ 0.04264146  0.05111921  0.0378727   0.06241943  0.04441505  0.05607535
  0.05390205  0.03881896  0.04412407  0.04498477  0.04368639  0.05329157
  0.04981871  0.062566    0.04919741  0.05138051  0.04076626  0.05095088
  0.04516228  0.03826863  0.03853838]
softmax [ 0.04434928  0.05359582  0.03713939  0.05968282  0.04175035  0.05551277
  0.04884857  0.0392792   0.0407697   0.04066956  0.04009379  0.06368596
  0.05009015  0.06352404  0.05322916  0.05263186  0.04070238  0.05334845
  0.04666506  0.03924113  0.03519057]
softmax [ 0.04363396  0.05333561  0.03732684  0.0593333   0.04291124  0.05368825
  0.04981048  0.04005802  0.04040233  0.04256956  0.04260141  0.05889951
  0.05084705  0.0629421   0.05345875  0.0518535   0.04043046  0.05362941
  0.04653582  0.04024663  0.03548571]
softmax [ 0.04351016  0.04795169  0.03670381  0.05188649  0.04485454  0.0587303
  0.04505109  0.04265602  0.04054065  0.04628048  0.04066657  0.06140716
  0.05474901  0.06295227  0.05552295  0.05469309  0.03753319  0.05817156
  0.04759272  0.03439331  0.03415292]