Using TensorFlow backend.
[2018-06-21 12:03:47,541] A3C_AGENT_MAIN INFO:Namespace(action_space='cslDxCool_1', activation='relu', agent_num=5, clip_norm=5.0, debug_log_prob=0.0005, decay_steps=1000000, dropout_prob=0.0, end_e=0.0, env='Model1-Cool-v1', eval_act_func='cslDxActCool_1', eval_epi_num=1, eval_freq=250000, forecast_dim=0, gamma=0.99, h_decay_bounds=[], h_regu_frac=[1.0], init_e=0.0, is_greedy_policy=False, is_learning_rate_decay_staircase=False, is_warm_start=False, job_mode='Train', learning_rate=0.01, learning_rate_decay_rate=0.96, learning_rate_decay_steps=100000, max_interactions=10000000, model_dir='None', model_param=[512, 4], model_type='nn', num_threads=16, output='a3c-res-v0.1/Model1-Cool-v1-run1', p_loss_frac=1.0, reward_func='cslDxCool_1', rmsprop_decay=0.99, rmsprop_epsil=1e-10, rmsprop_momet=0.0, rwd_e_para=1.0, rwd_p_para=1.0, save_freq=500000, save_max_to_keep=5, save_scope='all', state_dim=49, test_env='Model1-Test-Cool-v1', test_mode='Multiple', train_act_func='cslDxActCool_1', train_freq=5, v_loss_frac=0.5, violation_penalty_scl=10.0, window_len=3)
[2018-06-21 12:03:47,541] A3C_AGENT_MAIN INFO:Start compiling...
2018-06-21 12:03:54.850269: I tensorflow/core/platform/cpu_feature_guard.cc:137] Your CPU supports instructions that this TensorFlow binary was not compiled to use: SSE4.1 SSE4.2 AVX AVX2 FMA
[2018-06-21 12:03:58,630] A3C_AGENT_MAIN INFO:Start the learning...
[2018-06-21 12:03:58,631] A3C_AGENT_MAIN INFO:Prepare the evaluation environments ['Model1-Cool-v1', 'Model1-Test-Cool-v1'] ...
[2018-06-21 12:03:58,632] Making new env: Model1-Cool-v1
[2018-06-21 12:03:58,675] Making new env: Model1-Test-Cool-v1
[2018-06-21 12:03:58,704] A3C_AGENT_MAIN INFO:Prepare the local workers ...
[2018-06-21 12:03:58,705] A3C_AGENT_WORKER-Thread-2 INFO:Local worker starts!
[2018-06-21 12:03:58,821] Making new env: Model1-Cool-v1
[2018-06-21 12:03:58,842] EPLUS_ENV_Model1-Cool-v1_Thread-2_ROOT INFO:Creating EnergyPlus simulation environment...
[2018-06-21 12:03:58,845] EPLUS_ENV_Model1-Cool-v1_Thread-2_ROOT INFO:EnergyPlus working directory is in /home/zhiangz/Documents/HVAC-RL-Control/src/rl_parametric_runs_v1/3/Eplus-env-Model1-Cool-v1-res2/Eplus-env-sub_run1
[2018-06-21 12:03:59,707] A3C_AGENT_MAIN INFO:Prepare the local workers ...
[2018-06-21 12:03:59,708] A3C_AGENT_WORKER-Thread-3 INFO:Local worker starts!
[2018-06-21 12:03:59,789] Making new env: Model1-Cool-v1
[2018-06-21 12:03:59,822] EPLUS_ENV_Model1-Cool-v1_Thread-3_ROOT INFO:Creating EnergyPlus simulation environment...
[2018-06-21 12:03:59,829] EPLUS_ENV_Model1-Cool-v1_Thread-3_ROOT INFO:EnergyPlus working directory is in /home/zhiangz/Documents/HVAC-RL-Control/src/rl_parametric_runs_v1/3/Eplus-env-Model1-Cool-v1-res3/Eplus-env-sub_run1
[2018-06-21 12:04:00,725] A3C_AGENT_MAIN INFO:Prepare the local workers ...
[2018-06-21 12:04:00,725] A3C_AGENT_WORKER-Thread-4 INFO:Local worker starts!
[2018-06-21 12:04:00,838] Making new env: Model1-Cool-v1
[2018-06-21 12:04:00,868] EPLUS_ENV_Model1-Cool-v1_Thread-4_ROOT INFO:Creating EnergyPlus simulation environment...
[2018-06-21 12:04:00,872] EPLUS_ENV_Model1-Cool-v1_Thread-4_ROOT INFO:EnergyPlus working directory is in /home/zhiangz/Documents/HVAC-RL-Control/src/rl_parametric_runs_v1/3/Eplus-env-Model1-Cool-v1-res4/Eplus-env-sub_run1
[2018-06-21 12:04:01,726] A3C_AGENT_MAIN INFO:Prepare the local workers ...
[2018-06-21 12:04:01,727] A3C_AGENT_WORKER-Thread-5 INFO:Local worker starts!
[2018-06-21 12:04:01,841] Making new env: Model1-Cool-v1
[2018-06-21 12:04:01,870] EPLUS_ENV_Model1-Cool-v1_Thread-5_ROOT INFO:Creating EnergyPlus simulation environment...
[2018-06-21 12:04:01,874] EPLUS_ENV_Model1-Cool-v1_Thread-5_ROOT INFO:EnergyPlus working directory is in /home/zhiangz/Documents/HVAC-RL-Control/src/rl_parametric_runs_v1/3/Eplus-env-Model1-Cool-v1-res5/Eplus-env-sub_run1
[2018-06-21 12:04:02,728] A3C_AGENT_MAIN INFO:Prepare the local workers ...
[2018-06-21 12:04:02,752] A3C_AGENT_WORKER-Thread-6 INFO:Local worker starts!
[2018-06-21 12:04:02,851] Making new env: Model1-Cool-v1
[2018-06-21 12:04:02,870] EPLUS_ENV_Model1-Cool-v1_Thread-6_ROOT INFO:Creating EnergyPlus simulation environment...
[2018-06-21 12:04:02,874] EPLUS_ENV_Model1-Cool-v1_Thread-6_ROOT INFO:EnergyPlus working directory is in /home/zhiangz/Documents/HVAC-RL-Control/src/rl_parametric_runs_v1/3/Eplus-env-Model1-Cool-v1-res6/Eplus-env-sub_run1
[2018-06-21 12:04:03,738] A3C_AGENT_MAIN INFO:Prepare the local workers ...
[2018-06-21 12:04:03,739] A3C_AGENT_WORKER-Thread-7 INFO:Local worker starts!
[2018-06-21 12:04:03,825] Making new env: Model1-Cool-v1
[2018-06-21 12:04:03,863] EPLUS_ENV_Model1-Cool-v1_Thread-7_ROOT INFO:Creating EnergyPlus simulation environment...
[2018-06-21 12:04:03,877] EPLUS_ENV_Model1-Cool-v1_Thread-7_ROOT INFO:EnergyPlus working directory is in /home/zhiangz/Documents/HVAC-RL-Control/src/rl_parametric_runs_v1/3/Eplus-env-Model1-Cool-v1-res7/Eplus-env-sub_run1
[2018-06-21 12:04:04,741] A3C_AGENT_MAIN INFO:Prepare the local workers ...
[2018-06-21 12:04:04,741] A3C_AGENT_WORKER-Thread-8 INFO:Local worker starts!
[2018-06-21 12:04:04,822] Making new env: Model1-Cool-v1
[2018-06-21 12:04:04,869] EPLUS_ENV_Model1-Cool-v1_Thread-8_ROOT INFO:Creating EnergyPlus simulation environment...
[2018-06-21 12:04:04,873] EPLUS_ENV_Model1-Cool-v1_Thread-8_ROOT INFO:EnergyPlus working directory is in /home/zhiangz/Documents/HVAC-RL-Control/src/rl_parametric_runs_v1/3/Eplus-env-Model1-Cool-v1-res8/Eplus-env-sub_run1
[2018-06-21 12:04:05,749] A3C_AGENT_MAIN INFO:Prepare the local workers ...
[2018-06-21 12:04:05,749] A3C_AGENT_WORKER-Thread-9 INFO:Local worker starts!
[2018-06-21 12:04:05,884] Making new env: Model1-Cool-v1
[2018-06-21 12:04:05,901] EPLUS_ENV_Model1-Cool-v1_Thread-9_ROOT INFO:Creating EnergyPlus simulation environment...
[2018-06-21 12:04:05,905] EPLUS_ENV_Model1-Cool-v1_Thread-9_ROOT INFO:EnergyPlus working directory is in /home/zhiangz/Documents/HVAC-RL-Control/src/rl_parametric_runs_v1/3/Eplus-env-Model1-Cool-v1-res9/Eplus-env-sub_run1
[2018-06-21 12:04:06,751] A3C_AGENT_MAIN INFO:Prepare the local workers ...
[2018-06-21 12:04:06,752] A3C_AGENT_WORKER-Thread-10 INFO:Local worker starts!
[2018-06-21 12:04:06,851] Making new env: Model1-Cool-v1
[2018-06-21 12:04:06,870] EPLUS_ENV_Model1-Cool-v1_Thread-10_ROOT INFO:Creating EnergyPlus simulation environment...
[2018-06-21 12:04:06,875] EPLUS_ENV_Model1-Cool-v1_Thread-10_ROOT INFO:EnergyPlus working directory is in /home/zhiangz/Documents/HVAC-RL-Control/src/rl_parametric_runs_v1/3/Eplus-env-Model1-Cool-v1-res10/Eplus-env-sub_run1
[2018-06-21 12:04:07,756] A3C_AGENT_MAIN INFO:Prepare the local workers ...
[2018-06-21 12:04:07,757] A3C_AGENT_WORKER-Thread-11 INFO:Local worker starts!
[2018-06-21 12:04:07,921] Making new env: Model1-Cool-v1
[2018-06-21 12:04:07,937] EPLUS_ENV_Model1-Cool-v1_Thread-11_ROOT INFO:Creating EnergyPlus simulation environment...
[2018-06-21 12:04:07,940] EPLUS_ENV_Model1-Cool-v1_Thread-11_ROOT INFO:EnergyPlus working directory is in /home/zhiangz/Documents/HVAC-RL-Control/src/rl_parametric_runs_v1/3/Eplus-env-Model1-Cool-v1-res11/Eplus-env-sub_run1
[2018-06-21 12:04:08,758] A3C_AGENT_MAIN INFO:Prepare the local workers ...
[2018-06-21 12:04:08,759] A3C_AGENT_WORKER-Thread-12 INFO:Local worker starts!
[2018-06-21 12:04:08,844] Making new env: Model1-Cool-v1
[2018-06-21 12:04:08,959] EPLUS_ENV_Model1-Cool-v1_Thread-12_ROOT INFO:Creating EnergyPlus simulation environment...
[2018-06-21 12:04:08,972] EPLUS_ENV_Model1-Cool-v1_Thread-12_ROOT INFO:EnergyPlus working directory is in /home/zhiangz/Documents/HVAC-RL-Control/src/rl_parametric_runs_v1/3/Eplus-env-Model1-Cool-v1-res12/Eplus-env-sub_run1
[2018-06-21 12:04:09,760] A3C_AGENT_MAIN INFO:Prepare the local workers ...
[2018-06-21 12:04:09,761] A3C_AGENT_WORKER-Thread-13 INFO:Local worker starts!
[2018-06-21 12:04:09,933] Making new env: Model1-Cool-v1
[2018-06-21 12:04:09,964] EPLUS_ENV_Model1-Cool-v1_Thread-13_ROOT INFO:Creating EnergyPlus simulation environment...
[2018-06-21 12:04:09,967] EPLUS_ENV_Model1-Cool-v1_Thread-13_ROOT INFO:EnergyPlus working directory is in /home/zhiangz/Documents/HVAC-RL-Control/src/rl_parametric_runs_v1/3/Eplus-env-Model1-Cool-v1-res13/Eplus-env-sub_run1
[2018-06-21 12:04:10,762] A3C_AGENT_MAIN INFO:Prepare the local workers ...
[2018-06-21 12:04:10,763] A3C_AGENT_WORKER-Thread-14 INFO:Local worker starts!
[2018-06-21 12:04:10,898] Making new env: Model1-Cool-v1
[2018-06-21 12:04:11,035] EPLUS_ENV_Model1-Cool-v1_Thread-14_ROOT INFO:Creating EnergyPlus simulation environment...
[2018-06-21 12:04:11,038] EPLUS_ENV_Model1-Cool-v1_Thread-14_ROOT INFO:EnergyPlus working directory is in /home/zhiangz/Documents/HVAC-RL-Control/src/rl_parametric_runs_v1/3/Eplus-env-Model1-Cool-v1-res14/Eplus-env-sub_run1
[2018-06-21 12:04:11,763] A3C_AGENT_MAIN INFO:Prepare the local workers ...
[2018-06-21 12:04:11,764] A3C_AGENT_WORKER-Thread-15 INFO:Local worker starts!
[2018-06-21 12:04:11,910] Making new env: Model1-Cool-v1
[2018-06-21 12:04:12,005] EPLUS_ENV_Model1-Cool-v1_Thread-15_ROOT INFO:Creating EnergyPlus simulation environment...
[2018-06-21 12:04:12,009] EPLUS_ENV_Model1-Cool-v1_Thread-15_ROOT INFO:EnergyPlus working directory is in /home/zhiangz/Documents/HVAC-RL-Control/src/rl_parametric_runs_v1/3/Eplus-env-Model1-Cool-v1-res15/Eplus-env-sub_run1
[2018-06-21 12:04:12,765] A3C_AGENT_MAIN INFO:Prepare the local workers ...
[2018-06-21 12:04:12,773] A3C_AGENT_WORKER-Thread-16 INFO:Local worker starts!
[2018-06-21 12:04:12,951] Making new env: Model1-Cool-v1
[2018-06-21 12:04:12,998] EPLUS_ENV_Model1-Cool-v1_Thread-16_ROOT INFO:Creating EnergyPlus simulation environment...
[2018-06-21 12:04:13,012] EPLUS_ENV_Model1-Cool-v1_Thread-16_ROOT INFO:EnergyPlus working directory is in /home/zhiangz/Documents/HVAC-RL-Control/src/rl_parametric_runs_v1/3/Eplus-env-Model1-Cool-v1-res16/Eplus-env-sub_run1
[2018-06-21 12:04:13,774] A3C_AGENT_MAIN INFO:Prepare the local workers ...
[2018-06-21 12:04:13,775] A3C_AGENT_WORKER-Thread-17 INFO:Local worker starts!
[2018-06-21 12:04:13,925] Making new env: Model1-Cool-v1
[2018-06-21 12:04:13,952] EPLUS_ENV_Model1-Cool-v1_Thread-17_ROOT INFO:Creating EnergyPlus simulation environment...
[2018-06-21 12:04:13,964] EPLUS_ENV_Model1-Cool-v1_Thread-17_ROOT INFO:EnergyPlus working directory is in /home/zhiangz/Documents/HVAC-RL-Control/src/rl_parametric_runs_v1/3/Eplus-env-Model1-Cool-v1-res17/Eplus-env-sub_run1
[2018-06-21 12:06:28,855] A3C_AGENT_WORKER-Thread-2 INFO:Evaluating...
[2018-06-21 12:06:28,863] EPLUS_ENV_Model1-Cool-v1_MainThread_ROOT INFO:Creating EnergyPlus simulation environment...
[2018-06-21 12:06:28,872] EPLUS_ENV_Model1-Cool-v1_MainThread_ROOT INFO:EnergyPlus working directory is in /home/zhiangz/Documents/HVAC-RL-Control/src/rl_parametric_runs_v1/3/Eplus-env-Model1-Cool-v1-res1/Eplus-env-sub_run1
[2018-06-21 12:08:21,505] A3C_AGENT_WORKER-Thread-2 DEBUG:Observation this: [15.0, 94.0, 0.0, 0.0, 20.98596034183599, 21.70195442189246, 20.6659551377018, 21.09231518167013, 21.59897649052409, 21.19498587838059, 20.75405000828575, 20.98591530619385, 21.05784882091252, 22.33949512831722, 22.19006366988437, 21.19431030199425, 21.83500799927732, 21.91413943800892, 21.87587214729312, 21.81302158370008, 22.58437075081725, 22.61694981170486, 21.49933917876197, 21.10293152281665, 21.83183884489779, 21.68098550805993, 28.0, 28.0, 28.0, 28.0, 28.0, 28.0, 28.0, 28.0, 28.0, 28.0, 28.0, 28.0, 28.0, 28.0, 28.0, 28.0, 28.0, 28.0, 28.0, 28.0, 28.0, 28.0, 21283.55793545683]
[2018-06-21 12:08:21,505] A3C_AGENT_WORKER-Thread-2 DEBUG:Observation forecast: []
[2018-06-21 12:08:21,508] A3C_AGENT_WORKER-Thread-2 INFO:Softmax [0.04569169 0.04026517 0.03386137 0.04796532 0.03400208 0.03738707
 0.03500192 0.0370902  0.04727401 0.04201594 0.03179752 0.04149583
 0.04667748 0.0321551  0.03651698 0.04448617 0.05434936 0.04469501
 0.03719328 0.03384247 0.03267058 0.04833429 0.0349267  0.04019351
 0.04011087], sampled 0.37463113990374874
[2018-06-21 12:08:31,345] A3C_AGENT_WORKER-Thread-2 DEBUG:Observation this: [19.91666666666666, 53.24999999999999, 236.1666666666667, 8.5, 20.26347600097743, 21.08414079261764, 22.00164621910456, 20.72770703501604, 21.33199523105811, 21.00678754711585, 20.70449798556484, 20.97586838042093, 20.98524387964313, 21.65929350880749, 20.61709402380712, 21.61919797973406, 22.1314673356373, 22.21210740348614, 22.16984231767663, 22.95331152092918, 21.48129063655071, 22.20274186075986, 20.88708008131648, 19.8271282980082, 22.22438006934267, 21.83574375044185, 28.0, 28.0, 28.0, 28.0, 28.0, 28.0, 28.0, 28.0, 28.0, 28.0, 28.0, 28.0, 28.0, 28.0, 28.0, 28.0, 28.0, 28.0, 28.0, 28.0, 28.0, 28.0, 852.7802202600567]
[2018-06-21 12:08:31,345] A3C_AGENT_WORKER-Thread-2 DEBUG:Observation forecast: []
[2018-06-21 12:08:31,348] A3C_AGENT_WORKER-Thread-2 INFO:Softmax [0.04587367 0.04129186 0.03428126 0.04502049 0.03460778 0.03601623
 0.03540548 0.03912668 0.04682115 0.04222029 0.03297172 0.04117798
 0.04656747 0.0331617  0.03715414 0.04478462 0.05421841 0.04344721
 0.03504854 0.03517363 0.03362667 0.04672676 0.03505116 0.04058813
 0.03963692], sampled 0.24225579106005757
[2018-06-21 12:08:32,609] A3C_AGENT_WORKER-Thread-2 DEBUG:Observation this: [16.0, 72.0, 20.33333333333333, 7.333333333333334, 19.6661343809313, 20.12696029874082, 19.86659172431471, 19.70527569728143, 20.15164285167311, 19.84539645199915, 19.56856312265499, 19.75378670952476, 19.78778001856072, 20.94288344063133, 20.42430513021343, 20.47910809889993, 20.91280604820671, 21.00719038718716, 20.93963839767686, 21.31509316983729, 20.89867878605668, 21.43272229709451, 20.19582974097723, 19.59184634852709, 20.90218651108907, 20.64616950762046, 28.0, 28.0, 28.0, 28.0, 28.0, 28.0, 28.0, 28.0, 28.0, 28.0, 28.0, 28.0, 28.0, 28.0, 28.0, 28.0, 28.0, 28.0, 28.0, 28.0, 28.0, 28.0, 3336.960039592503]
[2018-06-21 12:08:32,609] A3C_AGENT_WORKER-Thread-2 DEBUG:Observation forecast: []
[2018-06-21 12:08:32,611] A3C_AGENT_WORKER-Thread-2 INFO:Softmax [0.04586178 0.04158583 0.03369135 0.04621663 0.03421155 0.03635044
 0.03431711 0.03750523 0.0455716  0.04061168 0.03314578 0.04213991
 0.04601434 0.03355745 0.03766208 0.04510854 0.05269501 0.04449165
 0.03647514 0.03504569 0.03385476 0.04758916 0.03615286 0.03986481
 0.04027955], sampled 0.1726862798598947
[2018-06-21 12:09:38,252] A3C_AGENT_WORKER-Thread-2 DEBUG:Observation this: [24.41666666666666, 79.25, 0.0, 0.0, 23.75837265169201, 23.80376332888264, 22.19762694771369, 23.76927165824076, 24.11115945154744, 23.65016044449271, 23.74620889912224, 23.92524229717954, 23.84336459098086, 25.10766137783721, 24.85692905741243, 24.44478479838659, 24.99970982900297, 25.10436584765482, 24.99819990057954, 25.03495772666531, 25.59208666613514, 25.91908607301114, 24.55466503001517, 23.95876548011436, 24.98538505983427, 24.66742098225814, 28.0, 28.0, 28.0, 28.0, 28.0, 28.0, 28.0, 28.0, 28.0, 28.0, 28.0, 28.0, 28.0, 28.0, 28.0, 28.0, 28.0, 28.0, 28.0, 28.0, 28.0, 28.0, 3831.657745382098]
[2018-06-21 12:09:38,252] A3C_AGENT_WORKER-Thread-2 DEBUG:Observation forecast: []
[2018-06-21 12:09:38,255] A3C_AGENT_WORKER-Thread-2 INFO:Softmax [0.04517787 0.03975612 0.03592219 0.0471046  0.03474715 0.03692195
 0.03858195 0.03897868 0.0495839  0.04445109 0.03075398 0.03721299
 0.04705098 0.03019484 0.03610472 0.04275674 0.05998771 0.04723579
 0.03694719 0.03247857 0.03050702 0.04804157 0.03108238 0.03936858
 0.03905135], sampled 0.02535570818270938
[2018-06-21 12:10:02,498] A3C_AGENT_WORKER-Thread-2 DEBUG:Observation this: [21.66666666666667, 94.33333333333333, 115.3333333333333, 2.0, 24.0013017633879, 24.00136766592745, 22.71679251323613, 24.00076933208125, 24.00303159430933, 24.00137361427547, 24.00054297776733, 24.00100547818772, 24.00083702053859, 24.00701423120147, 24.0022667681924, 24.00038560745388, 24.00168966895763, 24.00233412952716, 24.00190956467134, 24.00803861701749, 24.11853264259266, 24.2094830520531, 24.00143776884773, 23.97201941220015, 24.0019223459328, 24.00102441926627, 24.0, 24.0, 24.0, 24.0, 24.0, 24.0, 24.0, 24.0, 24.0, 24.0, 24.0, 24.0, 24.0, 24.0, 24.0, 24.0, 24.0, 24.0, 24.0, 24.0, 24.0, 24.0, 23639.71513253361]
[2018-06-21 12:10:02,498] A3C_AGENT_WORKER-Thread-2 DEBUG:Observation forecast: []
[2018-06-21 12:10:02,501] A3C_AGENT_WORKER-Thread-2 INFO:Softmax [0.04075127 0.04023921 0.04003327 0.04488766 0.03833912 0.0372504
 0.03851836 0.04178349 0.04764844 0.0460719  0.03313345 0.03625891
 0.04484252 0.03132939 0.03574752 0.04018115 0.05414168 0.047061
 0.04024444 0.03393564 0.0310791  0.04722883 0.03319042 0.03896368
 0.03713913], sampled 0.2817956131142556
[2018-06-21 12:10:17,143] A3C_AGENT_WORKER-Thread-2 DEBUG:Observation this: [22.0, 94.0, 297.0, 54.5, 21.98125045980747, 22.40263274486741, 22.07057398854008, 21.92629166188754, 22.48381362160822, 22.12920451066678, 21.86280041331042, 22.1128388700224, 22.15717638943927, 22.84883801340858, 23.29388254887549, 22.48998826328206, 22.81227131370846, 22.89550593765978, 22.86185415904077, 23.97299635798935, 22.73648028371021, 23.23656949718075, 22.308617182238, 21.13122276367097, 22.88937719640009, 22.72250272221827, 28.0, 28.0, 28.0, 28.0, 28.0, 28.0, 28.0, 28.0, 28.0, 28.0, 28.0, 28.0, 28.0, 28.0, 28.0, 28.0, 28.0, 28.0, 28.0, 28.0, 28.0, 28.0, 6392.056391524786]
[2018-06-21 12:10:17,143] A3C_AGENT_WORKER-Thread-2 DEBUG:Observation forecast: []
[2018-06-21 12:10:17,146] A3C_AGENT_WORKER-Thread-2 INFO:Softmax [0.04537904 0.0410847  0.03499547 0.04547436 0.03570936 0.03608352
 0.03697433 0.03834125 0.0496858  0.04483674 0.0317631  0.03958937
 0.04604113 0.03172278 0.03574031 0.04410046 0.0556548  0.04366192
 0.03644574 0.03462657 0.03153194 0.04703705 0.0345486  0.04074212
 0.03822945], sampled 0.5239463918820526
[2018-06-21 12:10:30,070] A3C_AGENT_WORKER-Thread-2 DEBUG:Observation this: [12.0, 73.91666666666666, 0.0, 0.0, 20.76721807870175, 21.46228082885387, 20.27299971062056, 20.68588941141545, 21.36236758212086, 20.82813098495915, 20.17766988555054, 20.53817885427437, 20.62603253758845, 21.90336365676805, 22.07211429984947, 20.41353881157143, 21.2670277620659, 21.36190992623101, 21.30303736847649, 21.28263501865083, 22.37817869985483, 22.36979364191735, 20.92146352750699, 20.925418484238, 21.28166332552775, 20.9786101836273, 28.0, 28.0, 28.0, 28.0, 28.0, 28.0, 28.0, 28.0, 28.0, 28.0, 28.0, 28.0, 28.0, 28.0, 28.0, 28.0, 28.0, 28.0, 28.0, 28.0, 28.0, 28.0, 463.6546035488644]
[2018-06-21 12:10:30,070] A3C_AGENT_WORKER-Thread-2 DEBUG:Observation forecast: []
[2018-06-21 12:10:30,072] A3C_AGENT_WORKER-Thread-2 INFO:Softmax [0.04562462 0.04164346 0.0338923  0.04658839 0.03429436 0.03709154
 0.03480152 0.03722038 0.04543556 0.0406131  0.03253106 0.04179364
 0.04675406 0.03298398 0.03668324 0.04507273 0.05374674 0.04618791
 0.03609039 0.03418821 0.03375844 0.04756561 0.03560097 0.04012083
 0.03971695], sampled 0.9212226528174147
[2018-06-21 12:11:07,733] A3C_AGENT_WORKER-Thread-2 DEBUG:Observation this: [20.0, 64.0, 167.0, 616.0, 21.75378344384307, 22.25112000120552, 21.8164040021102, 21.38296127092681, 22.15912872093736, 21.85370197263188, 21.23459612173022, 21.59098015607677, 21.68142972300743, 22.21124890948986, 24.20235530921678, 21.39742730921769, 21.9150116430132, 22.02579158651879, 21.98125610912981, 24.99488628379182, 22.21095898268962, 22.58565042691334, 21.38055966812778, 20.62073586342491, 21.98114942225872, 21.76641295453478, 28.0, 28.0, 28.0, 28.0, 28.0, 28.0, 28.0, 28.0, 28.0, 28.0, 28.0, 28.0, 28.0, 28.0, 28.0, 28.0, 28.0, 28.0, 28.0, 28.0, 28.0, 28.0, 4264.644502296988]
[2018-06-21 12:11:07,733] A3C_AGENT_WORKER-Thread-2 DEBUG:Observation forecast: []
[2018-06-21 12:11:07,736] A3C_AGENT_WORKER-Thread-2 INFO:Softmax [0.04664312 0.04025651 0.03488794 0.04485551 0.03589816 0.03714602
 0.03585235 0.03817403 0.04642718 0.04343988 0.03256267 0.04137924
 0.04637577 0.03320818 0.03566303 0.04431191 0.05521063 0.04299955
 0.03569783 0.03466399 0.03407935 0.04762359 0.0351722  0.03995314
 0.03751819], sampled 0.8717136568446336
[2018-06-21 12:11:08,202] A3C_AGENT_WORKER-Thread-2 DEBUG:Observation this: [23.0, 57.0, 193.0, 719.5, 22.07949551153773, 22.88819665528894, 23.16835334938217, 22.25491750713645, 23.04547238151977, 22.50499680073193, 22.23081469236621, 22.61682408510318, 22.64442942182201, 23.38730063436466, 24.50921815970385, 22.93666791624063, 23.56375588242425, 23.66710476278074, 23.6368659718416, 27.04429042999759, 23.24429991827139, 23.83815590593564, 22.52672383285336, 21.38345774309611, 23.64714397444059, 23.30562739498733, 28.0, 28.0, 28.0, 28.0, 28.0, 28.0, 28.0, 28.0, 28.0, 28.0, 28.0, 28.0, 28.0, 28.0, 28.0, 28.0, 28.0, 28.0, 28.0, 28.0, 28.0, 28.0, 1249.211937684227]
[2018-06-21 12:11:08,203] A3C_AGENT_WORKER-Thread-2 DEBUG:Observation forecast: []
[2018-06-21 12:11:08,205] A3C_AGENT_WORKER-Thread-2 INFO:Softmax [0.04755077 0.04085912 0.03488122 0.04500539 0.03580135 0.03667904
 0.03608176 0.0380073  0.04699175 0.04451954 0.03199109 0.04004434
 0.04647728 0.03220202 0.03645154 0.04385308 0.05754244 0.04346221
 0.03577301 0.03412414 0.03271098 0.0477916  0.03376734 0.04012588
 0.0373058 ], sampled 0.506041300072168
[2018-06-21 12:11:30,995] A3C_AGENT_WORKER-Thread-2 DEBUG:Observation this: [20.16666666666667, 55.5, 0.0, 0.0, 23.99960116276981, 24.0002840592287, 21.48373478282073, 23.92824557932121, 24.00041044656312, 23.92785584960768, 23.62611002565093, 24.00024947605967, 23.99761658062862, 23.99948044010476, 23.99931093523233, 23.99993724323906, 24.00001526659124, 24.00012000515556, 23.99997205864795, 23.9987227353695, 23.99939286914231, 23.99861690947068, 24.00004454343144, 24.00028283897617, 23.99975594366926, 23.99981169095949, 24.0, 24.0, 24.0, 24.0, 24.0, 24.0, 24.0, 24.0, 24.0, 24.0, 24.0, 24.0, 24.0, 24.0, 24.0, 24.0, 24.0, 24.0, 24.0, 24.0, 24.0, 24.0, 7958.89316649043]
[2018-06-21 12:11:30,995] A3C_AGENT_WORKER-Thread-2 DEBUG:Observation forecast: []
[2018-06-21 12:11:30,998] A3C_AGENT_WORKER-Thread-2 INFO:Softmax [0.04132068 0.04022603 0.03947873 0.04467802 0.03714593 0.03735732
 0.03965339 0.04137162 0.04670688 0.04456378 0.03372763 0.0361453
 0.04523168 0.03163704 0.03682204 0.04007729 0.05532946 0.04768515
 0.03877603 0.03393313 0.03176599 0.04701047 0.0326783  0.03897833
 0.03769977], sampled 0.4040649336441783
[2018-06-21 12:13:26,121] A3C_AGENT_WORKER-Thread-2 DEBUG:Observation this: [17.0, 92.0, 143.8333333333333, 2.999999999999999, 21.6269445529073, 21.79111484498407, 21.22882310056528, 21.05252951970999, 21.52474487359994, 21.41212887287444, 20.82066078398071, 21.06995740088621, 21.18427365747669, 21.44792316320545, 22.44686599646974, 20.59426917107251, 21.02251863554817, 21.08313340470235, 21.06134422127685, 21.59771003040671, 21.56107354841596, 21.68157222476421, 20.77594831234292, 20.63432983827644, 21.04276868831793, 20.89790320233342, 24.0, 24.0, 24.0, 24.0, 24.0, 24.0, 24.0, 24.0, 24.0, 24.0, 24.0, 24.0, 24.0, 24.0, 24.0, 24.0, 24.0, 24.0, 24.0, 24.0, 24.0, 24.0, 72545.80357309342]
[2018-06-21 12:13:26,121] A3C_AGENT_WORKER-Thread-2 DEBUG:Observation forecast: []
[2018-06-21 12:13:26,124] A3C_AGENT_WORKER-Thread-2 INFO:Softmax [0.04086015 0.03871565 0.03848659 0.04668566 0.03826618 0.03893272
 0.03590994 0.03970249 0.04685409 0.04532619 0.03442561 0.03971088
 0.04370026 0.03337624 0.03528034 0.04119261 0.04961659 0.04247473
 0.04089127 0.03557832 0.03406278 0.04631025 0.03621615 0.03946737
 0.03795698], sampled 0.41468831077797086
[2018-06-21 12:15:35,285] A3C_AGENT_WORKER-Thread-2 DEBUG:Observation this: [17.2, 96.0, 113.5, 96.0, 21.32061781212254, 21.7855630777973, 21.0521453567599, 21.10115939777638, 21.64932897370944, 21.40825883693372, 20.84266111838672, 21.13993655272149, 21.21653179322622, 21.74073380238273, 22.47248107056321, 20.78363498173024, 21.30458591535676, 21.37469515504718, 21.34934606645447, 21.65791527070139, 21.94021953358479, 22.00268665696282, 21.07329733145566, 20.56460049055946, 21.34399244730721, 21.16204170658623, 28.0, 28.0, 28.0, 28.0, 28.0, 28.0, 28.0, 28.0, 28.0, 28.0, 28.0, 28.0, 28.0, 28.0, 28.0, 28.0, 28.0, 28.0, 28.0, 28.0, 28.0, 28.0, 2897.730640518189]
[2018-06-21 12:15:35,285] A3C_AGENT_WORKER-Thread-2 DEBUG:Observation forecast: []
[2018-06-21 12:15:35,287] A3C_AGENT_WORKER-Thread-2 INFO:Softmax [0.04577255 0.04067181 0.03417778 0.04535439 0.03540422 0.03725777
 0.03613062 0.03787355 0.04719088 0.04363532 0.03200715 0.04175878
 0.04569851 0.03280079 0.03576036 0.04415417 0.05334003 0.04318397
 0.03713879 0.03491087 0.03361272 0.04797637 0.03628048 0.04020235
 0.0377057 ], sampled 0.6331181663296229
[2018-06-21 12:16:07,822] A3C_AGENT_WORKER-Thread-2 DEBUG:Observation this: [22.40833333333333, 67.16666666666667, 0.0, 0.0, 22.6472057000254, 22.91064620866033, 21.98598207799111, 22.61427660662957, 22.99001742257309, 22.6903413224456, 22.50009587057651, 22.64433974490378, 22.62883199744006, 24.72914544689775, 24.54819406212336, 24.1026534878197, 24.41252958373894, 24.45425682369683, 24.42596591538402, 24.25201098732814, 24.75518030324712, 24.88211883497443, 24.18071774549753, 23.34182090207414, 24.41781588000332, 24.25695071456727, 28.0, 28.0, 28.0, 28.0, 28.0, 28.0, 28.0, 28.0, 28.0, 28.0, 28.0, 28.0, 28.0, 28.0, 28.0, 28.0, 28.0, 28.0, 28.0, 28.0, 28.0, 28.0, 3363.34249521067]
[2018-06-21 12:16:07,823] A3C_AGENT_WORKER-Thread-2 DEBUG:Observation forecast: []
[2018-06-21 12:16:07,830] A3C_AGENT_WORKER-Thread-2 INFO:Softmax [0.04539458 0.04031944 0.03549809 0.04748295 0.03464721 0.03702224
 0.03776569 0.03772324 0.04861196 0.04302826 0.03145828 0.0386145
 0.04714567 0.03096088 0.03629787 0.04333952 0.05857478 0.0464862
 0.03670323 0.03292542 0.03112601 0.04749069 0.03158549 0.03977539
 0.04002234], sampled 0.6697359286540212
[2018-06-21 12:16:20,594] A3C_AGENT_WORKER-Thread-2 DEBUG:Observation this: [18.95, 78.25, 130.75, 0.0, 21.87060051600085, 21.83070989963197, 21.26291888451831, 21.24544703803241, 21.78885767338952, 21.52272774264747, 21.06993507007328, 21.32739700150097, 21.39576549431076, 21.92416474505566, 22.82066274828603, 21.19946345155243, 21.58556689882338, 21.64740645622192, 21.63385181013268, 22.39667390403065, 21.9900461486707, 22.19603641966376, 21.31003564164576, 20.80680857382403, 21.6341697044368, 21.49067200867687, 24.0, 24.0, 24.0, 24.0, 24.0, 24.0, 24.0, 24.0, 24.0, 24.0, 24.0, 24.0, 24.0, 24.0, 24.0, 24.0, 24.0, 24.0, 24.0, 24.0, 24.0, 24.0, 3696.864396895395]
[2018-06-21 12:16:20,594] A3C_AGENT_WORKER-Thread-2 DEBUG:Observation forecast: []
[2018-06-21 12:16:20,598] A3C_AGENT_WORKER-Thread-2 INFO:Softmax [0.04226137 0.04034936 0.03802878 0.04427867 0.03785226 0.03770059
 0.03887995 0.03983087 0.04620906 0.04358453 0.03454619 0.03919311
 0.04348992 0.03338737 0.03690207 0.04183172 0.05080619 0.04351921
 0.03941279 0.03576466 0.03376655 0.04464361 0.0360505  0.03920165
 0.03850907], sampled 0.8668995424899614
