Using TensorFlow backend.
[2019-04-02 10:11:34,286] A3C_AGENT_MAIN INFO:Namespace(action_repeat_n=1, action_space='part4_v1', activation='linear', agent_num=5, check_args_only=False, clip_norm=5.0, debug_log_prob=0.0005, decay_steps=1000000, dropout_prob=0.0, end_e=0.0, env='Part4-Light-Pit-Train-v1', eval_act_func='part4_v1', eval_env_res_max_keep=50, eval_epi_num=1, eval_freq=100000, forecast_dim=0, gamma=0.99, h_decay_bounds=[], h_regu_frac=[0.0], init_e=0.0, isNoisyNet=True, isNoisyNetEval_rmNoise=True, is_greedy_policy=False, is_learning_rate_decay_staircase=False, is_warm_start=False, job_mode='Train', learning_rate=0.0001, learning_rate_decay_rate=1.0, learning_rate_decay_steps=100000, max_interactions=5000000, metric_func='part4_v1', model_dir='None', model_param=[12, 1], model_type='nn', num_threads=16, output='./Part4-Light-Pit-Train-v1-res1', p_loss_frac=1.0, raw_state_prcs_func='cslDx_1', reward_func='part4_v1', rmsprop_decay=0.99, rmsprop_epsil=1e-10, rmsprop_momet=0.0, rwd_e_para=1.0, rwd_p_para=1.0, save_freq=500000, save_max_to_keep=5, save_scope='all', sharedNet_type='Dense', state_dim=10, test_env=['Part4-Light-Pit-Test-v1', 'Part4-Light-Pit-Test-v2'], test_mode='Multiple', train_act_func='part4_v1', train_freq=5, v_loss_frac=0.5, violation_penalty_scl=40.0, weight_initer='glorot_uniform', window_len=20)
[2019-04-02 10:11:34,287] A3C_AGENT_MAIN INFO:Start compiling...
2019-04-02 10:11:34.319708: I tensorflow/core/platform/cpu_feature_guard.cc:137] Your CPU supports instructions that this TensorFlow binary was not compiled to use: SSE4.1 SSE4.2 AVX AVX2 FMA
[2019-04-02 10:11:55,319] A3C_AGENT_MAIN INFO:Start the learning...
[2019-04-02 10:11:55,319] A3C_AGENT_MAIN INFO:Prepare the evaluation environments ['Part4-Light-Pit-Train-v1', 'Part4-Light-Pit-Test-v1', 'Part4-Light-Pit-Test-v2'] ...
[2019-04-02 10:11:55,357] A3C_EVAL-Part4-Light-Pit-Train-v1 INFO:Evaluation worker starts!
[2019-04-02 10:11:55,383] A3C_EVAL-Part4-Light-Pit-Test-v1 INFO:Evaluation worker starts!
[2019-04-02 10:11:55,406] A3C_EVAL-Part4-Light-Pit-Test-v2 INFO:Evaluation worker starts!
[2019-04-02 10:11:55,406] A3C_AGENT_MAIN INFO:Prepare the local workers ...
[2019-04-02 10:11:55,407] A3C_AGENT_WORKER-Thread-2 INFO:Local worker starts!
[2019-04-02 10:11:55,495] EPLUS_ENV_Part4-Light-Pit-Train-v1_Thread-2_ROOT INFO:Creating EnergyPlus simulation environment...
[2019-04-02 10:11:55,496] EPLUS_ENV_Part4-Light-Pit-Train-v1_Thread-2_ROOT INFO:EnergyPlus working directory is in /home/zhiangz/Documents/HVAC-RL-Control/src/runs/rl_parametric_part4_pit_light/3/Eplus-env-Part4-Light-Pit-Train-v1-res2/Eplus-env-sub_run1
[2019-04-02 10:11:56,407] A3C_AGENT_MAIN INFO:Prepare the local workers ...
[2019-04-02 10:11:56,409] A3C_AGENT_WORKER-Thread-3 INFO:Local worker starts!
[2019-04-02 10:11:56,503] EPLUS_ENV_Part4-Light-Pit-Train-v1_Thread-3_ROOT INFO:Creating EnergyPlus simulation environment...
[2019-04-02 10:11:56,505] EPLUS_ENV_Part4-Light-Pit-Train-v1_Thread-3_ROOT INFO:EnergyPlus working directory is in /home/zhiangz/Documents/HVAC-RL-Control/src/runs/rl_parametric_part4_pit_light/3/Eplus-env-Part4-Light-Pit-Train-v1-res3/Eplus-env-sub_run1
[2019-04-02 10:11:57,410] A3C_AGENT_MAIN INFO:Prepare the local workers ...
[2019-04-02 10:11:57,411] A3C_AGENT_WORKER-Thread-4 INFO:Local worker starts!
[2019-04-02 10:11:57,507] EPLUS_ENV_Part4-Light-Pit-Train-v1_Thread-4_ROOT INFO:Creating EnergyPlus simulation environment...
[2019-04-02 10:11:57,508] EPLUS_ENV_Part4-Light-Pit-Train-v1_Thread-4_ROOT INFO:EnergyPlus working directory is in /home/zhiangz/Documents/HVAC-RL-Control/src/runs/rl_parametric_part4_pit_light/3/Eplus-env-Part4-Light-Pit-Train-v1-res4/Eplus-env-sub_run1
[2019-04-02 10:11:58,412] A3C_AGENT_MAIN INFO:Prepare the local workers ...
[2019-04-02 10:11:58,413] A3C_AGENT_WORKER-Thread-5 INFO:Local worker starts!
[2019-04-02 10:11:58,490] EPLUS_ENV_Part4-Light-Pit-Train-v1_Thread-5_ROOT INFO:Creating EnergyPlus simulation environment...
[2019-04-02 10:11:58,491] EPLUS_ENV_Part4-Light-Pit-Train-v1_Thread-5_ROOT INFO:EnergyPlus working directory is in /home/zhiangz/Documents/HVAC-RL-Control/src/runs/rl_parametric_part4_pit_light/3/Eplus-env-Part4-Light-Pit-Train-v1-res5/Eplus-env-sub_run1
[2019-04-02 10:11:59,413] A3C_AGENT_MAIN INFO:Prepare the local workers ...
[2019-04-02 10:11:59,414] A3C_AGENT_WORKER-Thread-6 INFO:Local worker starts!
[2019-04-02 10:11:59,507] EPLUS_ENV_Part4-Light-Pit-Train-v1_Thread-6_ROOT INFO:Creating EnergyPlus simulation environment...
[2019-04-02 10:11:59,508] EPLUS_ENV_Part4-Light-Pit-Train-v1_Thread-6_ROOT INFO:EnergyPlus working directory is in /home/zhiangz/Documents/HVAC-RL-Control/src/runs/rl_parametric_part4_pit_light/3/Eplus-env-Part4-Light-Pit-Train-v1-res6/Eplus-env-sub_run1
[2019-04-02 10:11:59,921] A3C_AGENT_WORKER-Thread-2 INFO:Evaluating...
[2019-04-02 10:11:59,925] A3C_EVAL-Part4-Light-Pit-Train-v1 INFO:Evaluation job starts!
[2019-04-02 10:11:59,925] A3C_EVAL-Part4-Light-Pit-Test-v1 INFO:Evaluation job starts!
[2019-04-02 10:11:59,925] EPLUS_ENV_Part4-Light-Pit-Train-v1_MainThread_ROOT INFO:Creating EnergyPlus simulation environment...
[2019-04-02 10:11:59,926] A3C_EVAL-Part4-Light-Pit-Test-v2 INFO:Evaluation job starts!
[2019-04-02 10:11:59,926] EPLUS_ENV_Part4-Light-Pit-Test-v1_MainThread_ROOT INFO:Creating EnergyPlus simulation environment...
[2019-04-02 10:11:59,926] EPLUS_ENV_Part4-Light-Pit-Test-v2_MainThread_ROOT INFO:Creating EnergyPlus simulation environment...
[2019-04-02 10:11:59,929] EPLUS_ENV_Part4-Light-Pit-Train-v1_MainThread_ROOT INFO:EnergyPlus working directory is in /home/zhiangz/Documents/HVAC-RL-Control/src/runs/rl_parametric_part4_pit_light/3/Eplus-env-Part4-Light-Pit-Train-v1-res1/Eplus-env-sub_run1
[2019-04-02 10:11:59,930] EPLUS_ENV_Part4-Light-Pit-Test-v1_MainThread_ROOT INFO:EnergyPlus working directory is in /home/zhiangz/Documents/HVAC-RL-Control/src/runs/rl_parametric_part4_pit_light/3/Eplus-env-Part4-Light-Pit-Test-v1-res1/Eplus-env-sub_run1
[2019-04-02 10:11:59,940] EPLUS_ENV_Part4-Light-Pit-Test-v2_MainThread_ROOT INFO:EnergyPlus working directory is in /home/zhiangz/Documents/HVAC-RL-Control/src/runs/rl_parametric_part4_pit_light/3/Eplus-env-Part4-Light-Pit-Test-v2-res1/Eplus-env-sub_run1
[2019-04-02 10:12:00,415] A3C_AGENT_MAIN INFO:Prepare the local workers ...
[2019-04-02 10:12:00,415] A3C_AGENT_WORKER-Thread-10 INFO:Local worker starts!
[2019-04-02 10:12:00,533] EPLUS_ENV_Part4-Light-Pit-Train-v1_Thread-10_ROOT INFO:Creating EnergyPlus simulation environment...
[2019-04-02 10:12:00,534] EPLUS_ENV_Part4-Light-Pit-Train-v1_Thread-10_ROOT INFO:EnergyPlus working directory is in /home/zhiangz/Documents/HVAC-RL-Control/src/runs/rl_parametric_part4_pit_light/3/Eplus-env-Part4-Light-Pit-Train-v1-res7/Eplus-env-sub_run1
[2019-04-02 10:12:01,416] A3C_AGENT_MAIN INFO:Prepare the local workers ...
[2019-04-02 10:12:01,417] A3C_AGENT_WORKER-Thread-11 INFO:Local worker starts!
[2019-04-02 10:12:01,539] EPLUS_ENV_Part4-Light-Pit-Train-v1_Thread-11_ROOT INFO:Creating EnergyPlus simulation environment...
[2019-04-02 10:12:01,540] EPLUS_ENV_Part4-Light-Pit-Train-v1_Thread-11_ROOT INFO:EnergyPlus working directory is in /home/zhiangz/Documents/HVAC-RL-Control/src/runs/rl_parametric_part4_pit_light/3/Eplus-env-Part4-Light-Pit-Train-v1-res8/Eplus-env-sub_run1
[2019-04-02 10:12:02,418] A3C_AGENT_MAIN INFO:Prepare the local workers ...
[2019-04-02 10:12:02,419] A3C_AGENT_WORKER-Thread-12 INFO:Local worker starts!
[2019-04-02 10:12:02,548] EPLUS_ENV_Part4-Light-Pit-Train-v1_Thread-12_ROOT INFO:Creating EnergyPlus simulation environment...
[2019-04-02 10:12:02,549] EPLUS_ENV_Part4-Light-Pit-Train-v1_Thread-12_ROOT INFO:EnergyPlus working directory is in /home/zhiangz/Documents/HVAC-RL-Control/src/runs/rl_parametric_part4_pit_light/3/Eplus-env-Part4-Light-Pit-Train-v1-res9/Eplus-env-sub_run1
[2019-04-02 10:12:03,420] A3C_AGENT_MAIN INFO:Prepare the local workers ...
[2019-04-02 10:12:03,421] A3C_AGENT_WORKER-Thread-13 INFO:Local worker starts!
[2019-04-02 10:12:03,547] EPLUS_ENV_Part4-Light-Pit-Train-v1_Thread-13_ROOT INFO:Creating EnergyPlus simulation environment...
[2019-04-02 10:12:03,549] EPLUS_ENV_Part4-Light-Pit-Train-v1_Thread-13_ROOT INFO:EnergyPlus working directory is in /home/zhiangz/Documents/HVAC-RL-Control/src/runs/rl_parametric_part4_pit_light/3/Eplus-env-Part4-Light-Pit-Train-v1-res10/Eplus-env-sub_run1
[2019-04-02 10:12:04,421] A3C_AGENT_MAIN INFO:Prepare the local workers ...
[2019-04-02 10:12:04,422] A3C_AGENT_WORKER-Thread-14 INFO:Local worker starts!
[2019-04-02 10:12:04,595] EPLUS_ENV_Part4-Light-Pit-Train-v1_Thread-14_ROOT INFO:Creating EnergyPlus simulation environment...
[2019-04-02 10:12:04,597] EPLUS_ENV_Part4-Light-Pit-Train-v1_Thread-14_ROOT INFO:EnergyPlus working directory is in /home/zhiangz/Documents/HVAC-RL-Control/src/runs/rl_parametric_part4_pit_light/3/Eplus-env-Part4-Light-Pit-Train-v1-res11/Eplus-env-sub_run1
[2019-04-02 10:12:05,422] A3C_AGENT_MAIN INFO:Prepare the local workers ...
[2019-04-02 10:12:05,423] A3C_AGENT_WORKER-Thread-15 INFO:Local worker starts!
