Using TensorFlow backend.
[2018-06-21 11:03:05,822] A3C_AGENT_MAIN INFO:Namespace(action_space='cslDxCool_1', activation='relu', agent_num=5, clip_norm=5.0, debug_log_prob=0.0005, decay_steps=1000000, dropout_prob=0.0, end_e=0.0, env='Model1-Cool-v1', eval_act_func='cslDxActCool_1', eval_epi_num=1, eval_freq=250000, forecast_dim=0, gamma=0.99, h_decay_bounds=[], h_regu_frac=[0.01], init_e=0.0, is_greedy_policy=False, is_learning_rate_decay_staircase=False, is_warm_start=False, job_mode='Train', learning_rate=0.01, learning_rate_decay_rate=0.96, learning_rate_decay_steps=100000, max_interactions=10000000, model_dir='None', model_param=[512, 4], model_type='nn', num_threads=16, output='a3c-res-v0.1/Model1-Cool-v1-run1', p_loss_frac=1.0, reward_func='cslDxCool_1', rmsprop_decay=0.99, rmsprop_epsil=1e-10, rmsprop_momet=0.0, rwd_e_para=1.0, rwd_p_para=1.0, save_freq=500000, save_max_to_keep=5, save_scope='all', state_dim=49, test_env='Model1-Test-Cool-v1', test_mode='Multiple', train_act_func='cslDxActCool_1', train_freq=5, v_loss_frac=0.5, violation_penalty_scl=10.0, window_len=3)
[2018-06-21 11:03:05,822] A3C_AGENT_MAIN INFO:Start compiling...
2018-06-21 11:03:09.275109: I tensorflow/core/platform/cpu_feature_guard.cc:137] Your CPU supports instructions that this TensorFlow binary was not compiled to use: SSE4.1 SSE4.2 AVX AVX2 FMA
[2018-06-21 11:03:11,105] A3C_AGENT_MAIN INFO:Start the learning...
[2018-06-21 11:03:11,105] A3C_AGENT_MAIN INFO:Prepare the evaluation environments ['Model1-Cool-v1', 'Model1-Test-Cool-v1'] ...
[2018-06-21 11:03:11,105] Making new env: Model1-Cool-v1
[2018-06-21 11:03:11,125] Making new env: Model1-Test-Cool-v1
[2018-06-21 11:03:11,138] A3C_AGENT_MAIN INFO:Prepare the local workers ...
[2018-06-21 11:03:11,139] A3C_AGENT_WORKER-Thread-2 INFO:Local worker starts!
[2018-06-21 11:03:11,195] Making new env: Model1-Cool-v1
[2018-06-21 11:03:11,215] EPLUS_ENV_Model1-Cool-v1_Thread-2_ROOT INFO:Creating EnergyPlus simulation environment...
[2018-06-21 11:03:11,219] EPLUS_ENV_Model1-Cool-v1_Thread-2_ROOT INFO:EnergyPlus working directory is in /home/zhiangz/Documents/HVAC-RL-Control/src/rl_parametric_runs_v1/1/Eplus-env-Model1-Cool-v1-res2/Eplus-env-sub_run1
[2018-06-21 11:03:12,140] A3C_AGENT_MAIN INFO:Prepare the local workers ...
[2018-06-21 11:03:12,143] A3C_AGENT_WORKER-Thread-3 INFO:Local worker starts!
[2018-06-21 11:03:12,201] Making new env: Model1-Cool-v1
[2018-06-21 11:03:12,213] EPLUS_ENV_Model1-Cool-v1_Thread-3_ROOT INFO:Creating EnergyPlus simulation environment...
[2018-06-21 11:03:12,216] EPLUS_ENV_Model1-Cool-v1_Thread-3_ROOT INFO:EnergyPlus working directory is in /home/zhiangz/Documents/HVAC-RL-Control/src/rl_parametric_runs_v1/1/Eplus-env-Model1-Cool-v1-res3/Eplus-env-sub_run1
[2018-06-21 11:03:13,144] A3C_AGENT_MAIN INFO:Prepare the local workers ...
[2018-06-21 11:03:13,145] A3C_AGENT_WORKER-Thread-4 INFO:Local worker starts!
[2018-06-21 11:03:13,219] Making new env: Model1-Cool-v1
[2018-06-21 11:03:13,229] EPLUS_ENV_Model1-Cool-v1_Thread-4_ROOT INFO:Creating EnergyPlus simulation environment...
[2018-06-21 11:03:13,231] EPLUS_ENV_Model1-Cool-v1_Thread-4_ROOT INFO:EnergyPlus working directory is in /home/zhiangz/Documents/HVAC-RL-Control/src/rl_parametric_runs_v1/1/Eplus-env-Model1-Cool-v1-res4/Eplus-env-sub_run1
[2018-06-21 11:03:14,146] A3C_AGENT_MAIN INFO:Prepare the local workers ...
[2018-06-21 11:03:14,147] A3C_AGENT_WORKER-Thread-5 INFO:Local worker starts!
[2018-06-21 11:03:14,192] Making new env: Model1-Cool-v1
[2018-06-21 11:03:14,202] EPLUS_ENV_Model1-Cool-v1_Thread-5_ROOT INFO:Creating EnergyPlus simulation environment...
[2018-06-21 11:03:14,204] EPLUS_ENV_Model1-Cool-v1_Thread-5_ROOT INFO:EnergyPlus working directory is in /home/zhiangz/Documents/HVAC-RL-Control/src/rl_parametric_runs_v1/1/Eplus-env-Model1-Cool-v1-res5/Eplus-env-sub_run1
[2018-06-21 11:03:15,148] A3C_AGENT_MAIN INFO:Prepare the local workers ...
[2018-06-21 11:03:15,149] A3C_AGENT_WORKER-Thread-6 INFO:Local worker starts!
[2018-06-21 11:03:15,213] Making new env: Model1-Cool-v1
[2018-06-21 11:03:15,222] EPLUS_ENV_Model1-Cool-v1_Thread-6_ROOT INFO:Creating EnergyPlus simulation environment...
[2018-06-21 11:03:15,225] EPLUS_ENV_Model1-Cool-v1_Thread-6_ROOT INFO:EnergyPlus working directory is in /home/zhiangz/Documents/HVAC-RL-Control/src/rl_parametric_runs_v1/1/Eplus-env-Model1-Cool-v1-res6/Eplus-env-sub_run1
[2018-06-21 11:03:16,150] A3C_AGENT_MAIN INFO:Prepare the local workers ...
[2018-06-21 11:03:16,151] A3C_AGENT_WORKER-Thread-7 INFO:Local worker starts!
[2018-06-21 11:03:16,200] Making new env: Model1-Cool-v1
[2018-06-21 11:03:16,210] EPLUS_ENV_Model1-Cool-v1_Thread-7_ROOT INFO:Creating EnergyPlus simulation environment...
[2018-06-21 11:03:16,212] EPLUS_ENV_Model1-Cool-v1_Thread-7_ROOT INFO:EnergyPlus working directory is in /home/zhiangz/Documents/HVAC-RL-Control/src/rl_parametric_runs_v1/1/Eplus-env-Model1-Cool-v1-res7/Eplus-env-sub_run1
[2018-06-21 11:03:17,152] A3C_AGENT_MAIN INFO:Prepare the local workers ...
[2018-06-21 11:03:17,152] A3C_AGENT_WORKER-Thread-8 INFO:Local worker starts!
[2018-06-21 11:03:17,224] Making new env: Model1-Cool-v1
[2018-06-21 11:03:17,239] EPLUS_ENV_Model1-Cool-v1_Thread-8_ROOT INFO:Creating EnergyPlus simulation environment...
[2018-06-21 11:03:17,243] EPLUS_ENV_Model1-Cool-v1_Thread-8_ROOT INFO:EnergyPlus working directory is in /home/zhiangz/Documents/HVAC-RL-Control/src/rl_parametric_runs_v1/1/Eplus-env-Model1-Cool-v1-res8/Eplus-env-sub_run1
[2018-06-21 11:03:18,153] A3C_AGENT_MAIN INFO:Prepare the local workers ...
[2018-06-21 11:03:18,154] A3C_AGENT_WORKER-Thread-9 INFO:Local worker starts!
[2018-06-21 11:03:18,228] Making new env: Model1-Cool-v1
[2018-06-21 11:03:18,243] EPLUS_ENV_Model1-Cool-v1_Thread-9_ROOT INFO:Creating EnergyPlus simulation environment...
[2018-06-21 11:03:18,247] EPLUS_ENV_Model1-Cool-v1_Thread-9_ROOT INFO:EnergyPlus working directory is in /home/zhiangz/Documents/HVAC-RL-Control/src/rl_parametric_runs_v1/1/Eplus-env-Model1-Cool-v1-res9/Eplus-env-sub_run1
[2018-06-21 11:03:19,154] A3C_AGENT_MAIN INFO:Prepare the local workers ...
[2018-06-21 11:03:19,155] A3C_AGENT_WORKER-Thread-10 INFO:Local worker starts!
[2018-06-21 11:03:19,233] Making new env: Model1-Cool-v1
[2018-06-21 11:03:19,249] EPLUS_ENV_Model1-Cool-v1_Thread-10_ROOT INFO:Creating EnergyPlus simulation environment...
[2018-06-21 11:03:19,253] EPLUS_ENV_Model1-Cool-v1_Thread-10_ROOT INFO:EnergyPlus working directory is in /home/zhiangz/Documents/HVAC-RL-Control/src/rl_parametric_runs_v1/1/Eplus-env-Model1-Cool-v1-res10/Eplus-env-sub_run1
[2018-06-21 11:03:20,156] A3C_AGENT_MAIN INFO:Prepare the local workers ...
[2018-06-21 11:03:20,157] A3C_AGENT_WORKER-Thread-11 INFO:Local worker starts!
[2018-06-21 11:03:20,231] Making new env: Model1-Cool-v1
[2018-06-21 11:03:20,246] EPLUS_ENV_Model1-Cool-v1_Thread-11_ROOT INFO:Creating EnergyPlus simulation environment...
[2018-06-21 11:03:20,250] EPLUS_ENV_Model1-Cool-v1_Thread-11_ROOT INFO:EnergyPlus working directory is in /home/zhiangz/Documents/HVAC-RL-Control/src/rl_parametric_runs_v1/1/Eplus-env-Model1-Cool-v1-res11/Eplus-env-sub_run1
[2018-06-21 11:03:21,158] A3C_AGENT_MAIN INFO:Prepare the local workers ...
[2018-06-21 11:03:21,159] A3C_AGENT_WORKER-Thread-12 INFO:Local worker starts!
[2018-06-21 11:03:21,235] Making new env: Model1-Cool-v1
[2018-06-21 11:03:21,253] EPLUS_ENV_Model1-Cool-v1_Thread-12_ROOT INFO:Creating EnergyPlus simulation environment...
[2018-06-21 11:03:21,257] EPLUS_ENV_Model1-Cool-v1_Thread-12_ROOT INFO:EnergyPlus working directory is in /home/zhiangz/Documents/HVAC-RL-Control/src/rl_parametric_runs_v1/1/Eplus-env-Model1-Cool-v1-res12/Eplus-env-sub_run1
[2018-06-21 11:03:22,159] A3C_AGENT_MAIN INFO:Prepare the local workers ...
[2018-06-21 11:03:22,162] A3C_AGENT_WORKER-Thread-13 INFO:Local worker starts!
[2018-06-21 11:03:22,282] Making new env: Model1-Cool-v1
[2018-06-21 11:03:22,303] EPLUS_ENV_Model1-Cool-v1_Thread-13_ROOT INFO:Creating EnergyPlus simulation environment...
[2018-06-21 11:03:22,308] EPLUS_ENV_Model1-Cool-v1_Thread-13_ROOT INFO:EnergyPlus working directory is in /home/zhiangz/Documents/HVAC-RL-Control/src/rl_parametric_runs_v1/1/Eplus-env-Model1-Cool-v1-res13/Eplus-env-sub_run1
[2018-06-21 11:03:23,163] A3C_AGENT_MAIN INFO:Prepare the local workers ...
[2018-06-21 11:03:23,164] A3C_AGENT_WORKER-Thread-14 INFO:Local worker starts!
[2018-06-21 11:03:23,298] Making new env: Model1-Cool-v1
[2018-06-21 11:03:23,354] EPLUS_ENV_Model1-Cool-v1_Thread-14_ROOT INFO:Creating EnergyPlus simulation environment...
[2018-06-21 11:03:23,363] EPLUS_ENV_Model1-Cool-v1_Thread-14_ROOT INFO:EnergyPlus working directory is in /home/zhiangz/Documents/HVAC-RL-Control/src/rl_parametric_runs_v1/1/Eplus-env-Model1-Cool-v1-res14/Eplus-env-sub_run1
[2018-06-21 11:03:24,165] A3C_AGENT_MAIN INFO:Prepare the local workers ...
[2018-06-21 11:03:24,167] A3C_AGENT_WORKER-Thread-15 INFO:Local worker starts!
[2018-06-21 11:03:24,245] Making new env: Model1-Cool-v1
[2018-06-21 11:03:24,262] EPLUS_ENV_Model1-Cool-v1_Thread-15_ROOT INFO:Creating EnergyPlus simulation environment...
[2018-06-21 11:03:24,268] EPLUS_ENV_Model1-Cool-v1_Thread-15_ROOT INFO:EnergyPlus working directory is in /home/zhiangz/Documents/HVAC-RL-Control/src/rl_parametric_runs_v1/1/Eplus-env-Model1-Cool-v1-res15/Eplus-env-sub_run1
[2018-06-21 11:03:25,168] A3C_AGENT_MAIN INFO:Prepare the local workers ...
[2018-06-21 11:03:25,169] A3C_AGENT_WORKER-Thread-16 INFO:Local worker starts!
[2018-06-21 11:03:25,317] Making new env: Model1-Cool-v1
[2018-06-21 11:03:25,334] EPLUS_ENV_Model1-Cool-v1_Thread-16_ROOT INFO:Creating EnergyPlus simulation environment...
[2018-06-21 11:03:25,337] EPLUS_ENV_Model1-Cool-v1_Thread-16_ROOT INFO:EnergyPlus working directory is in /home/zhiangz/Documents/HVAC-RL-Control/src/rl_parametric_runs_v1/1/Eplus-env-Model1-Cool-v1-res16/Eplus-env-sub_run1
[2018-06-21 11:03:26,170] A3C_AGENT_MAIN INFO:Prepare the local workers ...
[2018-06-21 11:03:26,170] A3C_AGENT_WORKER-Thread-17 INFO:Local worker starts!
[2018-06-21 11:03:26,309] Making new env: Model1-Cool-v1
[2018-06-21 11:03:26,351] EPLUS_ENV_Model1-Cool-v1_Thread-17_ROOT INFO:Creating EnergyPlus simulation environment...
[2018-06-21 11:03:26,354] EPLUS_ENV_Model1-Cool-v1_Thread-17_ROOT INFO:EnergyPlus working directory is in /home/zhiangz/Documents/HVAC-RL-Control/src/rl_parametric_runs_v1/1/Eplus-env-Model1-Cool-v1-res17/Eplus-env-sub_run1
[2018-06-21 11:04:46,608] A3C_AGENT_WORKER-Thread-2 INFO:Evaluating...
[2018-06-21 11:04:46,608] EPLUS_ENV_Model1-Cool-v1_MainThread_ROOT INFO:Creating EnergyPlus simulation environment...
[2018-06-21 11:04:46,612] EPLUS_ENV_Model1-Cool-v1_MainThread_ROOT INFO:EnergyPlus working directory is in /home/zhiangz/Documents/HVAC-RL-Control/src/rl_parametric_runs_v1/1/Eplus-env-Model1-Cool-v1-res1/Eplus-env-sub_run1
[2018-06-21 11:05:47,137] A3C_AGENT_WORKER-Thread-2 DEBUG:Observation this: [13.41666666666667, 94.0, 37.0, 0.0, 20.98027757405319, 21.53926610282696, 20.71038880500111, 20.63955261094279, 21.3559250385079, 21.05942829466179, 20.26015742482568, 20.66479371642112, 20.75779947798858, 21.25083270716154, 22.00694538642448, 19.8755215637462, 20.56764125458563, 20.67110460449083, 20.638219589528, 20.55335776591216, 21.48181022009565, 21.52246762311442, 20.32477884346279, 20.01336932672206, 20.62891513829265, 20.41846797297442, 28.0, 28.0, 28.0, 28.0, 28.0, 28.0, 28.0, 28.0, 28.0, 28.0, 28.0, 28.0, 28.0, 28.0, 28.0, 28.0, 28.0, 28.0, 28.0, 28.0, 28.0, 28.0, 15241.77421115402]
[2018-06-21 11:05:47,137] A3C_AGENT_WORKER-Thread-2 DEBUG:Observation forecast: []
[2018-06-21 11:05:47,140] A3C_AGENT_WORKER-Thread-2 INFO:Softmax [0.04227424 0.03308208 0.0402768  0.03304458 0.04705646 0.04419439
 0.04891344 0.04120085 0.04353948 0.03010868 0.02944774 0.03302005
 0.04380829 0.07149674 0.05159487 0.03879067 0.03880325 0.02680365
 0.04178173 0.05486416 0.0415068  0.03135899 0.02927872 0.02718393
 0.03656945], sampled 0.28099032286214176
[2018-06-21 11:05:52,130] A3C_AGENT_WORKER-Thread-2 DEBUG:Observation this: [17.66666666666667, 54.33333333333334, 0.0, 0.0, 20.31102968907662, 20.77986431479972, 20.69966024136533, 20.33525622875289, 20.66741428322428, 20.4990748201097, 20.17885675213972, 20.32958239538009, 20.38599114642346, 21.36926920182017, 21.23858760700988, 20.85844981047248, 21.21102773583092, 21.2834868576854, 21.23728771848034, 21.40150131310499, 21.41232491159067, 21.7223686682072, 20.77199394133054, 19.90718413806844, 21.21160272157076, 21.05451757425235, 28.0, 28.0, 28.0, 28.0, 28.0, 28.0, 28.0, 28.0, 28.0, 28.0, 28.0, 28.0, 28.0, 28.0, 28.0, 28.0, 28.0, 28.0, 28.0, 28.0, 28.0, 28.0, 1933.391685101832]
[2018-06-21 11:05:52,130] A3C_AGENT_WORKER-Thread-2 DEBUG:Observation forecast: []
[2018-06-21 11:05:52,132] A3C_AGENT_WORKER-Thread-2 INFO:Softmax [0.04076817 0.03142844 0.0385569  0.033135   0.04325489 0.04389051
 0.04986873 0.04041466 0.04254851 0.03062383 0.03002846 0.03592657
 0.04405799 0.07007145 0.05336447 0.03950287 0.03925505 0.02731659
 0.04001097 0.05358697 0.04479665 0.03145501 0.03026687 0.02885743
 0.03701301], sampled 0.18497966782885433
[2018-06-21 11:06:22,391] A3C_AGENT_WORKER-Thread-2 DEBUG:Observation this: [26.91666666666667, 62.66666666666666, 79.16666666666666, 0.0, 24.00052412163753, 24.00061079527294, 22.74664512573641, 24.00067151420955, 24.00111479167619, 24.00046628528547, 24.00055732573285, 24.00080024670828, 24.00066993783188, 24.00000747873914, 23.99978191231288, 24.00052580514355, 24.00016772224592, 24.00032198356398, 24.00015530627257, 23.99859894534336, 23.99898073143011, 23.99812667907762, 24.00046007070967, 24.00078885959292, 23.99989866626959, 24.00016525206266, 24.0, 24.0, 24.0, 24.0, 24.0, 24.0, 24.0, 24.0, 24.0, 24.0, 24.0, 24.0, 24.0, 24.0, 24.0, 24.0, 24.0, 24.0, 24.0, 24.0, 24.0, 24.0, 18345.20527743]
[2018-06-21 11:06:22,391] A3C_AGENT_WORKER-Thread-2 DEBUG:Observation forecast: []
[2018-06-21 11:06:22,393] A3C_AGENT_WORKER-Thread-2 INFO:Softmax [0.03988482 0.034918   0.03502396 0.03547519 0.04244203 0.04181219
 0.04614548 0.0447801  0.04448332 0.03300508 0.03202839 0.03642913
 0.04455133 0.06298934 0.04623151 0.03804717 0.0392716  0.03045179
 0.0406459  0.04879519 0.0474349  0.03169492 0.03365194 0.03163793
 0.03816877], sampled 0.8854439915862846
[2018-06-21 11:06:26,343] A3C_AGENT_WORKER-Thread-2 DEBUG:Observation this: [18.0, 93.99999999999999, 0.0, 0.0, 21.92454771194601, 22.20357240437838, 21.4084591950478, 21.69154391232038, 22.08366683522089, 21.6575365816074, 21.41152789953436, 21.62950870419403, 21.68979905506638, 23.52276893417993, 23.49007916331103, 22.50714044027893, 22.92371869508846, 22.97964630811155, 22.9490883199142, 22.80471534641979, 23.58701932400015, 23.67246402158658, 22.83932860426463, 22.44586053292051, 22.93053123333109, 22.76572813586085, 28.0, 28.0, 28.0, 28.0, 28.0, 28.0, 28.0, 28.0, 28.0, 28.0, 28.0, 28.0, 28.0, 28.0, 28.0, 28.0, 28.0, 28.0, 28.0, 28.0, 28.0, 28.0, 3128.604705606259]
[2018-06-21 11:06:26,343] A3C_AGENT_WORKER-Thread-2 DEBUG:Observation forecast: []
[2018-06-21 11:06:26,344] A3C_AGENT_WORKER-Thread-2 INFO:Softmax [0.04080045 0.03342906 0.03813756 0.03147141 0.04653858 0.04374404
 0.04960766 0.04294549 0.04499945 0.02964154 0.03072995 0.03306986
 0.04470315 0.07442206 0.05305117 0.03734708 0.03937357 0.02563115
 0.03991471 0.05469164 0.04323595 0.03034911 0.02919898 0.02631111
 0.0366552 ], sampled 0.3378244877931329
[2018-06-21 11:06:37,623] A3C_AGENT_WORKER-Thread-2 DEBUG:Observation this: [24.91666666666666, 69.41666666666667, 88.25, 7.083333333333333, 22.92121962693089, 23.18553516083538, 23.5016110176635, 23.11821465554768, 23.28550740276861, 23.07480039673316, 23.18637464485613, 23.22830365658028, 23.23139532368036, 25.60211848127601, 24.72737148437321, 25.64308633126787, 25.80278473654043, 25.89139866814897, 25.8558633615548, 26.91899720049121, 25.23675826411802, 26.00648127256221, 25.00400048336635, 23.26871542202231, 25.8593682541015, 25.6698635333685, 28.0, 28.0, 28.0, 28.0, 28.0, 28.0, 28.0, 28.0, 28.0, 28.0, 28.0, 28.0, 28.0, 28.0, 28.0, 28.0, 28.0, 28.0, 28.0, 28.0, 28.0, 28.0, 4178.798698969929]
[2018-06-21 11:06:37,623] A3C_AGENT_WORKER-Thread-2 DEBUG:Observation forecast: []
[2018-06-21 11:06:37,626] A3C_AGENT_WORKER-Thread-2 INFO:Softmax [0.04081089 0.03150844 0.03523305 0.03169471 0.04455692 0.04463653
 0.0506414  0.04267411 0.04396985 0.02810487 0.0292492  0.03507533
 0.0466344  0.07579622 0.05154576 0.03806482 0.03920056 0.02570289
 0.03841031 0.0562394  0.04875436 0.02813397 0.03088706 0.02704388
 0.03543107], sampled 0.5410868978855304
[2018-06-21 11:07:53,229] A3C_AGENT_WORKER-Thread-2 DEBUG:Observation this: [21.0, 100.0, 174.0, 9.0, 22.8744459161992, 22.79700751619808, 22.34192388719985, 22.26095114301253, 22.6305238684437, 22.45232195075436, 22.15452630199769, 22.32694180524419, 22.40941664724084, 23.29163618369928, 23.99883543640065, 22.68289659333602, 22.98975734230581, 23.05568689996772, 23.05499877486528, 24.00254757501598, 23.21242272962578, 23.45682551779333, 22.74390754862689, 22.07490781257951, 23.06522752136668, 22.94258122457546, 24.0, 24.0, 24.0, 24.0, 24.0, 24.0, 24.0, 24.0, 24.0, 24.0, 24.0, 24.0, 24.0, 24.0, 24.0, 24.0, 24.0, 24.0, 24.0, 24.0, 24.0, 24.0, 9429.913597543034]
[2018-06-21 11:07:53,229] A3C_AGENT_WORKER-Thread-2 DEBUG:Observation forecast: []
[2018-06-21 11:07:53,232] A3C_AGENT_WORKER-Thread-2 INFO:Softmax [0.04147355 0.03502774 0.03692228 0.03503929 0.0441183  0.04240758
 0.04654795 0.04443762 0.04321242 0.03293929 0.03298028 0.03518238
 0.04490729 0.06300816 0.04737881 0.03786266 0.03918577 0.02920185
 0.04023588 0.05030314 0.0449886  0.03200567 0.03239377 0.03055593
 0.03768378], sampled 0.07358664798433445
[2018-06-21 11:07:58,546] A3C_AGENT_WORKER-Thread-2 DEBUG:Observation this: [18.0, 88.0, 0.0, 0.0, 22.43497073290356, 22.7848518075191, 21.94032054479879, 22.42335902131311, 22.63885139647946, 22.52240487686329, 22.26831510818767, 22.38120575456144, 22.44486906941988, 23.82861595029933, 23.75936937653061, 22.96692572744499, 23.42667180105764, 23.50834846282759, 23.49428129290889, 23.25787684418468, 23.66974767155049, 23.72862922684415, 23.15955335237806, 22.81465302959513, 23.46492655985232, 23.27566646934929, 28.0, 28.0, 28.0, 28.0, 28.0, 28.0, 28.0, 28.0, 28.0, 28.0, 28.0, 28.0, 28.0, 28.0, 28.0, 28.0, 28.0, 28.0, 28.0, 28.0, 28.0, 28.0, 2910.753478878392]
[2018-06-21 11:07:58,546] A3C_AGENT_WORKER-Thread-2 DEBUG:Observation forecast: []
[2018-06-21 11:07:58,548] A3C_AGENT_WORKER-Thread-2 INFO:Softmax [0.04036229 0.03172237 0.03659698 0.03187588 0.04460459 0.04464947
 0.04948316 0.04291764 0.04393481 0.02889671 0.02946362 0.03428272
 0.04493529 0.07688086 0.05233655 0.03830106 0.03920922 0.02558955
 0.03929185 0.05508772 0.04589054 0.02953472 0.03039608 0.02765118
 0.0361051 ], sampled 0.15868608449923483
[2018-06-21 11:09:17,165] A3C_AGENT_WORKER-Thread-2 DEBUG:Observation this: [18.46666666666667, 89.0, 0.0, 0.0, 21.76305131139093, 22.0035938999989, 21.36926534753003, 21.52319841006954, 21.84301487797909, 21.72873417519127, 21.31948886897322, 21.5126903632718, 21.57328281935403, 22.97615445733731, 23.29829143250446, 22.04620377678958, 22.45360244661077, 22.49922738400496, 22.49888830028011, 22.38594143152516, 23.04717865825112, 23.00299972446961, 22.359383780313, 21.12060966148231, 22.48300002104668, 22.38765744907041, 28.0, 28.0, 28.0, 28.0, 28.0, 28.0, 28.0, 28.0, 28.0, 28.0, 28.0, 28.0, 28.0, 28.0, 28.0, 28.0, 28.0, 28.0, 28.0, 28.0, 28.0, 28.0, 6061.094193521858]
[2018-06-21 11:09:17,165] A3C_AGENT_WORKER-Thread-2 DEBUG:Observation forecast: []
[2018-06-21 11:09:17,168] A3C_AGENT_WORKER-Thread-2 INFO:Softmax [0.04153028 0.03383559 0.03979243 0.03212708 0.04775871 0.04454009
 0.04954674 0.04161952 0.04439328 0.02921006 0.0294475  0.03297556
 0.04463161 0.07390007 0.05182366 0.03822705 0.03929321 0.02531865
 0.0401524  0.05502001 0.04316015 0.02978275 0.02944774 0.02614812
 0.03631768], sampled 0.8857931179408891
[2018-06-21 11:09:47,934] A3C_AGENT_WORKER-Thread-2 DEBUG:Observation this: [23.06666666666667, 71.66666666666667, 0.0, 0.0, 23.11212857779742, 23.05656499032909, 22.00843298811539, 23.03553733812583, 22.97783264327976, 23.01663911930566, 23.07206925768137, 23.06934370422774, 23.07884592644406, 24.95468087471517, 24.71159888373856, 24.51104984300116, 24.7570365836725, 24.82743910854463, 24.80500978636421, 24.64975856234759, 24.83397103249359, 25.02230169205056, 24.51167181368136, 23.33247374653178, 24.7993604581369, 24.60278362514302, 28.0, 28.0, 28.0, 28.0, 28.0, 28.0, 28.0, 28.0, 28.0, 28.0, 28.0, 28.0, 28.0, 28.0, 28.0, 28.0, 28.0, 28.0, 28.0, 28.0, 28.0, 28.0, 6579.11393636313]
[2018-06-21 11:09:47,934] A3C_AGENT_WORKER-Thread-2 DEBUG:Observation forecast: []
[2018-06-21 11:09:47,936] A3C_AGENT_WORKER-Thread-2 INFO:Softmax [0.04040416 0.03182383 0.03586985 0.03158416 0.04404366 0.04492886
 0.04950317 0.04347386 0.04393104 0.02820455 0.02894729 0.03456202
 0.04520568 0.07719149 0.05172994 0.03806889 0.0394541  0.02566324
 0.03910291 0.05561119 0.04809692 0.02868765 0.03039509 0.02749128
 0.0360251 ], sampled 0.451975870311654
[2018-06-21 11:10:24,543] A3C_AGENT_WORKER-Thread-2 INFO:Evaluation: average reward by now is 20092.7743
[2018-06-21 11:10:24,543] EPLUS_ENV_Model1-Test-Cool-v1_MainThread_ROOT INFO:Creating EnergyPlus simulation environment...
[2018-06-21 11:10:24,547] EPLUS_ENV_Model1-Test-Cool-v1_MainThread_ROOT INFO:EnergyPlus working directory is in /home/zhiangz/Documents/HVAC-RL-Control/src/rl_parametric_runs_v1/1/Eplus-env-Model1-Test-Cool-v1-res1/Eplus-env-sub_run1
