Using TensorFlow backend.
[2019-01-24 20:12:00,848] A3C_AGENT_MAIN INFO:Namespace(action_repeat_n=1, action_space='part1_v1', activation='linear', agent_num=5, check_args_only=False, clip_norm=5.0, debug_log_prob=0.0005, decay_steps=1000000, dropout_prob=0.0, end_e=0.0, env='Part1-Light-Shg-Train-v1', eval_act_func='part1_v1', eval_epi_num=1, eval_freq=250000, forecast_dim=0, gamma=0.99, h_decay_bounds=[], h_regu_frac=[0.0], init_e=0.0, isNoisyNet=True, isNoisyNetEval_rmNoise=True, is_greedy_policy=False, is_learning_rate_decay_staircase=False, is_warm_start=False, job_mode='Train', learning_rate=5e-05, learning_rate_decay_rate=0.9, learning_rate_decay_steps=100000, max_interactions=5000000, metric_func='part1_v1', model_dir='None', model_param=[73, 1], model_type='nn', num_threads=16, output='./Part1-Light-Shg-Train-v1-res1', p_loss_frac=1.0, raw_state_prcs_func='cslDx_1', reward_func='part1_v1', rmsprop_decay=0.99, rmsprop_epsil=1e-10, rmsprop_momet=0.0, rwd_e_para=1.0, rwd_p_para=1.0, save_freq=500000, save_max_to_keep=5, save_scope='all', sharedNet_type='Dense', state_dim=71, test_env=['Part1-Light-Shg-Test-v1', 'Part1-Light-Shg-Test-v2'], test_mode='Multiple', train_act_func='part1_v1', train_freq=5, v_loss_frac=0.5, violation_penalty_scl=10.0, weight_initer='glorot_uniform', window_len=1)
[2019-01-24 20:12:00,848] A3C_AGENT_MAIN INFO:Start compiling...
2019-01-24 20:12:00.880211: I tensorflow/core/platform/cpu_feature_guard.cc:137] Your CPU supports instructions that this TensorFlow binary was not compiled to use: SSE4.1 SSE4.2 AVX AVX2 FMA
[2019-01-24 20:12:15,345] A3C_AGENT_MAIN INFO:Start the learning...
[2019-01-24 20:12:15,345] A3C_AGENT_MAIN INFO:Prepare the evaluation environments ['Part1-Light-Shg-Train-v1', 'Part1-Light-Shg-Test-v1', 'Part1-Light-Shg-Test-v2'] ...
[2019-01-24 20:12:15,407] A3C_EVAL-Part1-Light-Shg-Train-v1 INFO:Evaluation worker starts!
[2019-01-24 20:12:15,415] A3C_EVAL-Part1-Light-Shg-Test-v1 INFO:Evaluation worker starts!
[2019-01-24 20:12:15,422] A3C_EVAL-Part1-Light-Shg-Test-v2 INFO:Evaluation worker starts!
[2019-01-24 20:12:15,422] A3C_AGENT_MAIN INFO:Prepare the local workers ...
[2019-01-24 20:12:15,422] A3C_AGENT_WORKER-Thread-2 INFO:Local worker starts!
[2019-01-24 20:12:15,532] EPLUS_ENV_Part1-Light-Shg-Train-v1_Thread-2_ROOT INFO:Creating EnergyPlus simulation environment...
[2019-01-24 20:12:15,534] EPLUS_ENV_Part1-Light-Shg-Train-v1_Thread-2_ROOT INFO:EnergyPlus working directory is in /home/zhiangz/Documents/HVAC-RL-Control/src/runs/rl_parametric_part1_shg_light/1/Eplus-env-Part1-Light-Shg-Train-v1-res2/Eplus-env-sub_run1
[2019-01-24 20:12:16,423] A3C_AGENT_MAIN INFO:Prepare the local workers ...
[2019-01-24 20:12:16,426] A3C_AGENT_WORKER-Thread-3 INFO:Local worker starts!
[2019-01-24 20:12:16,533] EPLUS_ENV_Part1-Light-Shg-Train-v1_Thread-3_ROOT INFO:Creating EnergyPlus simulation environment...
[2019-01-24 20:12:16,535] EPLUS_ENV_Part1-Light-Shg-Train-v1_Thread-3_ROOT INFO:EnergyPlus working directory is in /home/zhiangz/Documents/HVAC-RL-Control/src/runs/rl_parametric_part1_shg_light/1/Eplus-env-Part1-Light-Shg-Train-v1-res3/Eplus-env-sub_run1
[2019-01-24 20:12:17,427] A3C_AGENT_MAIN INFO:Prepare the local workers ...
[2019-01-24 20:12:17,428] A3C_AGENT_WORKER-Thread-4 INFO:Local worker starts!
[2019-01-24 20:12:17,538] EPLUS_ENV_Part1-Light-Shg-Train-v1_Thread-4_ROOT INFO:Creating EnergyPlus simulation environment...
[2019-01-24 20:12:17,540] EPLUS_ENV_Part1-Light-Shg-Train-v1_Thread-4_ROOT INFO:EnergyPlus working directory is in /home/zhiangz/Documents/HVAC-RL-Control/src/runs/rl_parametric_part1_shg_light/1/Eplus-env-Part1-Light-Shg-Train-v1-res4/Eplus-env-sub_run1
[2019-01-24 20:12:18,428] A3C_AGENT_MAIN INFO:Prepare the local workers ...
[2019-01-24 20:12:18,429] A3C_AGENT_WORKER-Thread-5 INFO:Local worker starts!
[2019-01-24 20:12:18,549] EPLUS_ENV_Part1-Light-Shg-Train-v1_Thread-5_ROOT INFO:Creating EnergyPlus simulation environment...
[2019-01-24 20:12:18,552] EPLUS_ENV_Part1-Light-Shg-Train-v1_Thread-5_ROOT INFO:EnergyPlus working directory is in /home/zhiangz/Documents/HVAC-RL-Control/src/runs/rl_parametric_part1_shg_light/1/Eplus-env-Part1-Light-Shg-Train-v1-res5/Eplus-env-sub_run1
[2019-01-24 20:12:19,430] A3C_AGENT_MAIN INFO:Prepare the local workers ...
[2019-01-24 20:12:19,431] A3C_AGENT_WORKER-Thread-6 INFO:Local worker starts!
[2019-01-24 20:12:19,547] EPLUS_ENV_Part1-Light-Shg-Train-v1_Thread-6_ROOT INFO:Creating EnergyPlus simulation environment...
[2019-01-24 20:12:19,550] EPLUS_ENV_Part1-Light-Shg-Train-v1_Thread-6_ROOT INFO:EnergyPlus working directory is in /home/zhiangz/Documents/HVAC-RL-Control/src/runs/rl_parametric_part1_shg_light/1/Eplus-env-Part1-Light-Shg-Train-v1-res6/Eplus-env-sub_run1
[2019-01-24 20:12:20,432] A3C_AGENT_MAIN INFO:Prepare the local workers ...
[2019-01-24 20:12:20,433] A3C_AGENT_WORKER-Thread-7 INFO:Local worker starts!
[2019-01-24 20:12:20,553] EPLUS_ENV_Part1-Light-Shg-Train-v1_Thread-7_ROOT INFO:Creating EnergyPlus simulation environment...
[2019-01-24 20:12:20,555] EPLUS_ENV_Part1-Light-Shg-Train-v1_Thread-7_ROOT INFO:EnergyPlus working directory is in /home/zhiangz/Documents/HVAC-RL-Control/src/runs/rl_parametric_part1_shg_light/1/Eplus-env-Part1-Light-Shg-Train-v1-res7/Eplus-env-sub_run1
[2019-01-24 20:12:21,434] A3C_AGENT_MAIN INFO:Prepare the local workers ...
[2019-01-24 20:12:21,435] A3C_AGENT_WORKER-Thread-8 INFO:Local worker starts!
[2019-01-24 20:12:21,624] EPLUS_ENV_Part1-Light-Shg-Train-v1_Thread-8_ROOT INFO:Creating EnergyPlus simulation environment...
[2019-01-24 20:12:21,628] EPLUS_ENV_Part1-Light-Shg-Train-v1_Thread-8_ROOT INFO:EnergyPlus working directory is in /home/zhiangz/Documents/HVAC-RL-Control/src/runs/rl_parametric_part1_shg_light/1/Eplus-env-Part1-Light-Shg-Train-v1-res8/Eplus-env-sub_run1
[2019-01-24 20:12:22,436] A3C_AGENT_MAIN INFO:Prepare the local workers ...
[2019-01-24 20:12:22,437] A3C_AGENT_WORKER-Thread-9 INFO:Local worker starts!
[2019-01-24 20:12:22,626] EPLUS_ENV_Part1-Light-Shg-Train-v1_Thread-9_ROOT INFO:Creating EnergyPlus simulation environment...
[2019-01-24 20:12:22,630] EPLUS_ENV_Part1-Light-Shg-Train-v1_Thread-9_ROOT INFO:EnergyPlus working directory is in /home/zhiangz/Documents/HVAC-RL-Control/src/runs/rl_parametric_part1_shg_light/1/Eplus-env-Part1-Light-Shg-Train-v1-res9/Eplus-env-sub_run1
[2019-01-24 20:12:23,438] A3C_AGENT_MAIN INFO:Prepare the local workers ...
[2019-01-24 20:12:23,439] A3C_AGENT_WORKER-Thread-10 INFO:Local worker starts!
[2019-01-24 20:12:23,627] EPLUS_ENV_Part1-Light-Shg-Train-v1_Thread-10_ROOT INFO:Creating EnergyPlus simulation environment...
[2019-01-24 20:12:23,631] EPLUS_ENV_Part1-Light-Shg-Train-v1_Thread-10_ROOT INFO:EnergyPlus working directory is in /home/zhiangz/Documents/HVAC-RL-Control/src/runs/rl_parametric_part1_shg_light/1/Eplus-env-Part1-Light-Shg-Train-v1-res10/Eplus-env-sub_run1
[2019-01-24 20:12:24,440] A3C_AGENT_MAIN INFO:Prepare the local workers ...
[2019-01-24 20:12:24,441] A3C_AGENT_WORKER-Thread-11 INFO:Local worker starts!
[2019-01-24 20:12:24,698] EPLUS_ENV_Part1-Light-Shg-Train-v1_Thread-11_ROOT INFO:Creating EnergyPlus simulation environment...
[2019-01-24 20:12:24,702] EPLUS_ENV_Part1-Light-Shg-Train-v1_Thread-11_ROOT INFO:EnergyPlus working directory is in /home/zhiangz/Documents/HVAC-RL-Control/src/runs/rl_parametric_part1_shg_light/1/Eplus-env-Part1-Light-Shg-Train-v1-res11/Eplus-env-sub_run1
[2019-01-24 20:12:25,441] A3C_AGENT_MAIN INFO:Prepare the local workers ...
[2019-01-24 20:12:25,442] A3C_AGENT_WORKER-Thread-12 INFO:Local worker starts!
[2019-01-24 20:12:25,631] EPLUS_ENV_Part1-Light-Shg-Train-v1_Thread-12_ROOT INFO:Creating EnergyPlus simulation environment...
[2019-01-24 20:12:25,635] EPLUS_ENV_Part1-Light-Shg-Train-v1_Thread-12_ROOT INFO:EnergyPlus working directory is in /home/zhiangz/Documents/HVAC-RL-Control/src/runs/rl_parametric_part1_shg_light/1/Eplus-env-Part1-Light-Shg-Train-v1-res12/Eplus-env-sub_run1
[2019-01-24 20:12:26,443] A3C_AGENT_MAIN INFO:Prepare the local workers ...
[2019-01-24 20:12:26,444] A3C_AGENT_WORKER-Thread-13 INFO:Local worker starts!
[2019-01-24 20:12:26,637] EPLUS_ENV_Part1-Light-Shg-Train-v1_Thread-13_ROOT INFO:Creating EnergyPlus simulation environment...
[2019-01-24 20:12:26,641] EPLUS_ENV_Part1-Light-Shg-Train-v1_Thread-13_ROOT INFO:EnergyPlus working directory is in /home/zhiangz/Documents/HVAC-RL-Control/src/runs/rl_parametric_part1_shg_light/1/Eplus-env-Part1-Light-Shg-Train-v1-res13/Eplus-env-sub_run1
[2019-01-24 20:12:27,445] A3C_AGENT_MAIN INFO:Prepare the local workers ...
[2019-01-24 20:12:27,446] A3C_AGENT_WORKER-Thread-14 INFO:Local worker starts!
[2019-01-24 20:12:27,737] EPLUS_ENV_Part1-Light-Shg-Train-v1_Thread-14_ROOT INFO:Creating EnergyPlus simulation environment...
[2019-01-24 20:12:27,741] EPLUS_ENV_Part1-Light-Shg-Train-v1_Thread-14_ROOT INFO:EnergyPlus working directory is in /home/zhiangz/Documents/HVAC-RL-Control/src/runs/rl_parametric_part1_shg_light/1/Eplus-env-Part1-Light-Shg-Train-v1-res14/Eplus-env-sub_run1
[2019-01-24 20:12:28,447] A3C_AGENT_MAIN INFO:Prepare the local workers ...
[2019-01-24 20:12:28,448] A3C_AGENT_WORKER-Thread-15 INFO:Local worker starts!
[2019-01-24 20:12:28,757] EPLUS_ENV_Part1-Light-Shg-Train-v1_Thread-15_ROOT INFO:Creating EnergyPlus simulation environment...
[2019-01-24 20:12:28,761] EPLUS_ENV_Part1-Light-Shg-Train-v1_Thread-15_ROOT INFO:EnergyPlus working directory is in /home/zhiangz/Documents/HVAC-RL-Control/src/runs/rl_parametric_part1_shg_light/1/Eplus-env-Part1-Light-Shg-Train-v1-res15/Eplus-env-sub_run1
[2019-01-24 20:12:29,449] A3C_AGENT_MAIN INFO:Prepare the local workers ...
[2019-01-24 20:12:29,450] A3C_AGENT_WORKER-Thread-16 INFO:Local worker starts!
[2019-01-24 20:12:29,691] EPLUS_ENV_Part1-Light-Shg-Train-v1_Thread-16_ROOT INFO:Creating EnergyPlus simulation environment...
[2019-01-24 20:12:29,695] EPLUS_ENV_Part1-Light-Shg-Train-v1_Thread-16_ROOT INFO:EnergyPlus working directory is in /home/zhiangz/Documents/HVAC-RL-Control/src/runs/rl_parametric_part1_shg_light/1/Eplus-env-Part1-Light-Shg-Train-v1-res16/Eplus-env-sub_run1
[2019-01-24 20:12:30,451] A3C_AGENT_MAIN INFO:Prepare the local workers ...
[2019-01-24 20:12:30,452] A3C_AGENT_WORKER-Thread-17 INFO:Local worker starts!
[2019-01-24 20:12:30,726] EPLUS_ENV_Part1-Light-Shg-Train-v1_Thread-17_ROOT INFO:Creating EnergyPlus simulation environment...
[2019-01-24 20:12:30,730] EPLUS_ENV_Part1-Light-Shg-Train-v1_Thread-17_ROOT INFO:EnergyPlus working directory is in /home/zhiangz/Documents/HVAC-RL-Control/src/runs/rl_parametric_part1_shg_light/1/Eplus-env-Part1-Light-Shg-Train-v1-res17/Eplus-env-sub_run1
[2019-01-24 20:14:40,162] A3C_AGENT_WORKER-Thread-3 INFO:Evaluating...
[2019-01-24 20:14:40,163] A3C_EVAL-Part1-Light-Shg-Train-v1 INFO:Evaluation job starts!
[2019-01-24 20:14:40,163] EPLUS_ENV_Part1-Light-Shg-Train-v1_MainThread_ROOT INFO:Creating EnergyPlus simulation environment...
[2019-01-24 20:14:40,167] EPLUS_ENV_Part1-Light-Shg-Train-v1_MainThread_ROOT INFO:EnergyPlus working directory is in /home/zhiangz/Documents/HVAC-RL-Control/src/runs/rl_parametric_part1_shg_light/1/Eplus-env-Part1-Light-Shg-Train-v1-res1/Eplus-env-sub_run1
[2019-01-24 20:14:40,193] A3C_EVAL-Part1-Light-Shg-Test-v1 INFO:Evaluation job starts!
[2019-01-24 20:14:40,194] EPLUS_ENV_Part1-Light-Shg-Test-v1_MainThread_ROOT INFO:Creating EnergyPlus simulation environment...
[2019-01-24 20:14:40,198] EPLUS_ENV_Part1-Light-Shg-Test-v1_MainThread_ROOT INFO:EnergyPlus working directory is in /home/zhiangz/Documents/HVAC-RL-Control/src/runs/rl_parametric_part1_shg_light/1/Eplus-env-Part1-Light-Shg-Test-v1-res1/Eplus-env-sub_run1
[2019-01-24 20:14:40,262] A3C_EVAL-Part1-Light-Shg-Test-v2 INFO:Evaluation job starts!
[2019-01-24 20:14:40,273] EPLUS_ENV_Part1-Light-Shg-Test-v2_MainThread_ROOT INFO:Creating EnergyPlus simulation environment...
[2019-01-24 20:14:40,277] EPLUS_ENV_Part1-Light-Shg-Test-v2_MainThread_ROOT INFO:EnergyPlus working directory is in /home/zhiangz/Documents/HVAC-RL-Control/src/runs/rl_parametric_part1_shg_light/1/Eplus-env-Part1-Light-Shg-Test-v2-res1/Eplus-env-sub_run1
[2019-01-24 20:15:12,923] A3C_EVAL-Part1-Light-Shg-Test-v1 DEBUG:NoisyNet noise sample: [array([0.], dtype=float32), 0.0]
[2019-01-24 20:15:12,924] A3C_EVAL-Part1-Light-Shg-Test-v1 DEBUG:Observation this: [26.51666666666667, 50.5, 218.6666666666667, 685.6666666666666, 21.69234547128791, 22.21666739726222, 22.00589610105282, 22.06475375498658, 22.07956978983324, 22.08760355978001, 22.25238069027867, 22.30222480464571, 22.29776543483312, 22.71510356465135, 22.97799766206011, 22.86110645403696, 22.82373165701018, 22.80928920945762, 22.84783609225674, 23.53733201259735, 22.4754857896754, 22.6820485250679, 22.6381455343253, 21.15490740649231, 22.91116355228634, 22.83745702501177, 29.60548787611911, 30.35722679542018, 24.0, 29.00817056153766, 29.96405524106896, 30.65292993347084, 29.06958005521879, 28.71515953626636, 28.97727300414595, 29.28763397154225, 29.27241008756629, 27.08577643659935, 29.72525854992031, 29.63989028882207, 29.26218374399492, 28.0, 29.73357984813031, 29.44803159347548, 30.2097791102817, 29.05214375374413, 30.45099462619326, 29.56738862444722, 19.60548787611911, 20.35722679542018, 22.0, 19.00817056153766, 19.96405524106896, 20.65292993347084, 19.06958005521879, 18.71515953626636, 18.97727300414595, 19.28763397154225, 19.27241008756629, 17.08577643659935, 19.72525854992031, 19.63989028882207, 19.26218374399492, 18.0, 19.73357984813031, 19.44803159347548, 20.2097791102817, 19.05214375374413, 20.45099462619326, 19.56738862444722, 23948.73952005134]
[2019-01-24 20:15:12,925] A3C_EVAL-Part1-Light-Shg-Test-v1 DEBUG:Observation forecast: []
[2019-01-24 20:15:12,926] A3C_EVAL-Part1-Light-Shg-Test-v1 INFO:Softmax [0.01210387 0.01372825 0.0138675  0.07470243 0.02028822 0.02889858
 0.03246383 0.03804728 0.05988277 0.05042489 0.02186775 0.08995044
 0.08585274 0.04241505 0.04543312 0.06573652 0.01800038 0.03281789
 0.08434235 0.04136624 0.04042256 0.02072686 0.01122408 0.03726599
 0.01817037], sampled 0.36517370511408087
[2019-01-24 20:16:41,251] A3C_EVAL-Part1-Light-Shg-Test-v2 DEBUG:NoisyNet noise sample: [array([0.], dtype=float32), 0.0]
[2019-01-24 20:16:41,252] A3C_EVAL-Part1-Light-Shg-Test-v2 DEBUG:Observation this: [32.87463793166666, 62.90845743833334, 221.3557740633333, 104.6076180333333, 24.76219931488143, 24.55810436869232, 24.87966441965692, 25.04096118103386, 23.96617149479412, 24.73462637946946, 25.67622357468626, 25.23252040118454, 25.23706436186766, 26.88281917467371, 26.05276718372588, 27.2694148738694, 27.03658199867091, 27.06113031002912, 26.81186343597833, 27.20292332776745, 25.84711784010338, 26.17225237723627, 26.36405527469468, 24.72382873095729, 27.2066283427855, 27.37506509330693, 29.95205823730883, 29.81250829885948, 25.90480576760311, 29.55534359575377, 29.64090301321557, 30.02109900293364, 28.75896783439865, 30.16926879584744, 29.98698281949139, 27.2468174061825, 26.99335094413037, 27.30517198890817, 27.27661593838852, 27.78975592017465, 26.84601248643866, 27.56567249939959, 27.3115111773212, 26.79942360344615, 26.36196407427361, 27.54856859727134, 27.4425191649654, 27.67642618727912, 19.95205823730883, 19.81250829885948, 23.90480576760311, 19.55534359575377, 19.64090301321557, 20.02109900293364, 18.75896783439865, 20.16926879584744, 19.98698281949139, 17.2468174061825, 16.99335094413037, 17.30517198890817, 17.27661593838852, 17.78975592017465, 16.84601248643866, 17.56567249939959, 17.3115111773212, 16.79942360344615, 16.36196407427361, 17.54856859727134, 17.4425191649654, 17.67642618727912, 53289.01925016935]
[2019-01-24 20:16:41,252] A3C_EVAL-Part1-Light-Shg-Test-v2 DEBUG:Observation forecast: []
[2019-01-24 20:16:41,254] A3C_EVAL-Part1-Light-Shg-Test-v2 INFO:Softmax [0.01207813 0.0120954  0.0197536  0.10333433 0.01574874 0.02829277
 0.04139927 0.03437195 0.05724623 0.060232   0.01249231 0.07567763
 0.09214728 0.02962253 0.04133818 0.0611972  0.01532109 0.03332143
 0.08367017 0.05664337 0.03274243 0.02107277 0.01354636 0.02658863
 0.02006635], sampled 0.7969584709882437
[2019-01-24 20:17:11,499] A3C_EVAL-Part1-Light-Shg-Test-v2 DEBUG:NoisyNet noise sample: [array([0.], dtype=float32), 0.0]
[2019-01-24 20:17:11,499] A3C_EVAL-Part1-Light-Shg-Test-v2 DEBUG:Observation this: [30.240249885, 78.22805736000001, 330.1735032, 48.90817033333332, 24.31455173239673, 25.80191617798906, 24.06245451188007, 25.49364439276519, 24.42543796077373, 25.65524289319622, 24.7620012478252, 25.82760832993855, 25.98253893290586, 22.66681373737395, 22.99818639962475, 23.44277602936786, 22.98517187902944, 25.24141700575416, 23.04584899218889, 22.39264691615314, 24.97353033691417, 24.0903441031522, 22.76699686493232, 23.55026739726609, 22.86862130764973, 22.6413966529274, 25.95205823730883, 25.81250829885948, 29.90480576760311, 25.55534359575377, 24.4176091036171, 26.02109900293364, 24.75896783439865, 26.16926879584744, 25.98698281949139, 22.34723643209949, 22.99335094413037, 23.39631229591103, 22.69492192967214, 25.23862591964172, 22.80357915994397, 22.17240325237738, 24.97017367877401, 24.08154897784397, 22.48892979731493, 23.54856859727134, 22.57655786920218, 22.3470508497589, 23.95205823730883, 23.81250829885948, 19.90480576760311, 23.55534359575377, 22.4176091036171, 24.02109900293364, 22.75896783439865, 24.16926879584744, 23.98698281949139, 20.34723643209949, 20.99335094413037, 21.39631229591103, 20.69492192967214, 23.23862591964172, 20.80357915994397, 20.17240325237738, 22.97017367877401, 22.08154897784397, 20.48892979731493, 21.54856859727134, 20.57655786920218, 20.3470508497589, 103067.0589830559]
[2019-01-24 20:17:11,500] A3C_EVAL-Part1-Light-Shg-Test-v2 DEBUG:Observation forecast: []
[2019-01-24 20:17:11,501] A3C_EVAL-Part1-Light-Shg-Test-v2 INFO:Softmax [0.01450155 0.01376757 0.0292975  0.05683035 0.0208371  0.02811818
 0.04541892 0.02869768 0.06935991 0.04208907 0.01553641 0.04712833
 0.13129942 0.02276407 0.07936378 0.04552571 0.01393933 0.03096791
 0.08183688 0.07011849 0.02400242 0.02313165 0.01097119 0.02830771
 0.02618895], sampled 0.5615050273919558
[2019-01-24 20:17:20,247] A3C_EVAL-Part1-Light-Shg-Test-v1 DEBUG:NoisyNet noise sample: [array([0.], dtype=float32), 0.0]
[2019-01-24 20:17:20,248] A3C_EVAL-Part1-Light-Shg-Test-v1 DEBUG:Observation this: [32.5, 62.0, 20.5, 3.0, 24.40803363856974, 24.39921542057124, 24.27022321984844, 24.73463014093135, 24.04190966451381, 24.50091412087369, 25.16566338261459, 24.83493184550217, 24.83257307509325, 26.25880194991405, 25.98216411169827, 26.64379337810488, 26.65297550121798, 26.65341314423394, 26.6114418635343, 26.69105478805417, 25.80698976854329, 26.00025379792526, 26.61668898909472, 24.34130121520615, 26.74263650561714, 26.66504429055609, 30.2108625174006, 29.2303191297492, 25.0862503739284, 29.09566715660193, 29.72343585574278, 29.12041103080536, 29.20653552847643, 29.2361005549737, 29.34479250810777, 26.42401687367343, 27.10460988081786, 26.64075484582952, 27.44284189223303, 27.48836777057483, 26.89498321567607, 27.07043301790215, 29.66034119179697, 28.80778904837189, 26.83891681959175, 28.72031514601969, 27.11065935767477, 26.83030799256423, 20.2108625174006, 19.2303191297492, 23.0862503739284, 19.09566715660193, 19.72343585574278, 19.12041103080536, 19.20653552847643, 19.2361005549737, 19.34479250810777, 16.42401687367343, 17.10460988081786, 16.64075484582952, 17.44284189223303, 17.48836777057483, 16.89498321567607, 17.07043301790215, 19.66034119179697, 18.80778904837189, 16.83891681959175, 18.72031514601969, 17.11065935767477, 16.83030799256423, 47983.44305540233]
[2019-01-24 20:17:20,248] A3C_EVAL-Part1-Light-Shg-Test-v1 DEBUG:Observation forecast: []
[2019-01-24 20:17:20,248] A3C_EVAL-Part1-Light-Shg-Test-v1 INFO:Softmax [0.01244476 0.01179422 0.01843163 0.09023176 0.0172517  0.02974517
 0.04167077 0.03646502 0.05386025 0.05973917 0.01458556 0.07342783
 0.10245681 0.03060134 0.04055297 0.06626965 0.01634065 0.03621983
 0.07297905 0.05126954 0.03627057 0.02096225 0.01542158 0.02948435
 0.02152348], sampled 0.47405299427927705
[2019-01-24 20:17:53,761] A3C_EVAL-Part1-Light-Shg-Test-v1 INFO:Evaluation: average rewards by now are 6988.8323 798088006.3129 10990.0000
[2019-01-24 20:17:53,843] EPLUS_ENV_Part1-Light-Shg-Test-v1_MainThread-EPLUSPROCESS_EPI_0 INFO:EnergyPlus Starting

[2019-01-24 20:17:53,843] EPLUS_ENV_Part1-Light-Shg-Test-v1_MainThread-EPLUSPROCESS_EPI_0 INFO:EnergyPlus, Version 8.3.0-6d97d074ea, YMD=2019.01.24 20:14

[2019-01-24 20:17:53,844] EPLUS_ENV_Part1-Light-Shg-Test-v1_MainThread-EPLUSPROCESS_EPI_0 INFO:Processing Data Dictionary

[2019-01-24 20:17:53,844] EPLUS_ENV_Part1-Light-Shg-Test-v1_MainThread-EPLUSPROCESS_EPI_0 INFO:Processing Input File

[2019-01-24 20:17:53,844] EPLUS_ENV_Part1-Light-Shg-Test-v1_MainThread-EPLUSPROCESS_EPI_0 INFO:Initializing Response Factors

[2019-01-24 20:17:53,845] EPLUS_ENV_Part1-Light-Shg-Test-v1_MainThread-EPLUSPROCESS_EPI_0 INFO:Calculating CTFs for "GROUNDFLOOR_FROM_DB", Construction # 1

[2019-01-24 20:17:53,845] EPLUS_ENV_Part1-Light-Shg-Test-v1_MainThread-EPLUSPROCESS_EPI_0 INFO:Calculating CTFs for "GROUNDFLOOR_FROM_DB", Construction # 1

[2019-01-24 20:17:53,845] EPLUS_ENV_Part1-Light-Shg-Test-v1_MainThread-EPLUSPROCESS_EPI_0 INFO:Calculating CTFs for "3", Construction # 2

[2019-01-24 20:17:53,845] EPLUS_ENV_Part1-Light-Shg-Test-v1_MainThread-EPLUSPROCESS_EPI_0 INFO:Calculating CTFs for "5", Construction # 4

[2019-01-24 20:17:53,846] EPLUS_ENV_Part1-Light-Shg-Test-v1_MainThread-EPLUSPROCESS_EPI_0 INFO:Calculating CTFs for "7", Construction # 6

[2019-01-24 20:17:53,846] EPLUS_ENV_Part1-Light-Shg-Test-v1_MainThread-EPLUSPROCESS_EPI_0 INFO:Calculating CTFs for "9", Construction # 7

[2019-01-24 20:17:53,846] EPLUS_ENV_Part1-Light-Shg-Test-v1_MainThread-EPLUSPROCESS_EPI_0 INFO:Calculating CTFs for "10", Construction # 8

[2019-01-24 20:17:53,846] EPLUS_ENV_Part1-Light-Shg-Test-v1_MainThread-EPLUSPROCESS_EPI_0 INFO:Calculating CTFs for "EXTWALL_LIGHT_ASHRAE901_2013_ZONE3", Construction # 9

[2019-01-24 20:17:53,846] EPLUS_ENV_Part1-Light-Shg-Test-v1_MainThread-EPLUSPROCESS_EPI_0 INFO:Calculating CTFs for "17", Construction # 10

[2019-01-24 20:17:53,846] EPLUS_ENV_Part1-Light-Shg-Test-v1_MainThread-EPLUSPROCESS_EPI_0 INFO:Calculating CTFs for "18", Construction # 11

[2019-01-24 20:17:53,846] EPLUS_ENV_Part1-Light-Shg-Test-v1_MainThread-EPLUSPROCESS_EPI_0 INFO:Calculating CTFs for "19", Construction # 12

[2019-01-24 20:17:53,846] EPLUS_ENV_Part1-Light-Shg-Test-v1_MainThread-EPLUSPROCESS_EPI_0 INFO:Calculating CTFs for "19", Construction # 12

[2019-01-24 20:17:53,846] EPLUS_ENV_Part1-Light-Shg-Test-v1_MainThread-EPLUSPROCESS_EPI_0 INFO:Calculating CTFs for "19", Construction # 12

[2019-01-24 20:17:53,846] EPLUS_ENV_Part1-Light-Shg-Test-v1_MainThread-EPLUSPROCESS_EPI_0 INFO:Calculating CTFs for "21", Construction # 13

[2019-01-24 20:17:53,847] EPLUS_ENV_Part1-Light-Shg-Test-v1_MainThread-EPLUSPROCESS_EPI_0 INFO:Calculating CTFs for "23", Construction # 15

[2019-01-24 20:17:53,847] EPLUS_ENV_Part1-Light-Shg-Test-v1_MainThread-EPLUSPROCESS_EPI_0 INFO:Calculating CTFs for "25", Construction # 17

[2019-01-24 20:17:53,847] EPLUS_ENV_Part1-Light-Shg-Test-v1_MainThread-EPLUSPROCESS_EPI_0 INFO:Calculating CTFs for "27", Construction # 18

[2019-01-24 20:17:53,847] EPLUS_ENV_Part1-Light-Shg-Test-v1_MainThread-EPLUSPROCESS_EPI_0 INFO:Calculating CTFs for "31", Construction # 19

[2019-01-24 20:17:53,847] EPLUS_ENV_Part1-Light-Shg-Test-v1_MainThread-EPLUSPROCESS_EPI_0 INFO:Calculating CTFs for "35", Construction # 21

[2019-01-24 20:17:53,847] EPLUS_ENV_Part1-Light-Shg-Test-v1_MainThread-EPLUSPROCESS_EPI_0 INFO:Calculating CTFs for "41", Construction # 22

[2019-01-24 20:17:53,847] EPLUS_ENV_Part1-Light-Shg-Test-v1_MainThread-EPLUSPROCESS_EPI_0 INFO:Calculating CTFs for "42", Construction # 23

[2019-01-24 20:17:53,847] EPLUS_ENV_Part1-Light-Shg-Test-v1_MainThread-EPLUSPROCESS_EPI_0 INFO:Calculating CTFs for "43", Construction # 24

[2019-01-24 20:17:53,847] EPLUS_ENV_Part1-Light-Shg-Test-v1_MainThread-EPLUSPROCESS_EPI_0 INFO:Calculating CTFs for "43", Construction # 24

[2019-01-24 20:17:53,847] EPLUS_ENV_Part1-Light-Shg-Test-v1_MainThread-EPLUSPROCESS_EPI_0 INFO:Calculating CTFs for "43", Construction # 24

[2019-01-24 20:17:53,847] EPLUS_ENV_Part1-Light-Shg-Test-v1_MainThread-EPLUSPROCESS_EPI_0 INFO:Calculating CTFs for "49", Construction # 26

[2019-01-24 20:17:53,847] EPLUS_ENV_Part1-Light-Shg-Test-v1_MainThread-EPLUSPROCESS_EPI_0 INFO:Calculating CTFs for "49", Construction # 26

[2019-01-24 20:17:53,847] EPLUS_ENV_Part1-Light-Shg-Test-v1_MainThread-EPLUSPROCESS_EPI_0 INFO:Calculating CTFs for "49", Construction # 26

[2019-01-24 20:17:53,848] EPLUS_ENV_Part1-Light-Shg-Test-v1_MainThread-EPLUSPROCESS_EPI_0 INFO:Calculating CTFs for "51", Construction # 27

[2019-01-24 20:17:53,848] EPLUS_ENV_Part1-Light-Shg-Test-v1_MainThread-EPLUSPROCESS_EPI_0 INFO:Calculating CTFs for "52", Construction # 28

[2019-01-24 20:17:53,848] EPLUS_ENV_Part1-Light-Shg-Test-v1_MainThread-EPLUSPROCESS_EPI_0 INFO:Calculating CTFs for "57", Construction # 29

[2019-01-24 20:17:53,848] EPLUS_ENV_Part1-Light-Shg-Test-v1_MainThread-EPLUSPROCESS_EPI_0 INFO:Calculating CTFs for "57", Construction # 29

[2019-01-24 20:17:53,848] EPLUS_ENV_Part1-Light-Shg-Test-v1_MainThread-EPLUSPROCESS_EPI_0 INFO:Calculating CTFs for "57", Construction # 29

[2019-01-24 20:17:53,848] EPLUS_ENV_Part1-Light-Shg-Test-v1_MainThread-EPLUSPROCESS_EPI_0 INFO:Calculating CTFs for "57", Construction # 29

[2019-01-24 20:17:53,848] EPLUS_ENV_Part1-Light-Shg-Test-v1_MainThread-EPLUSPROCESS_EPI_0 INFO:Calculating CTFs for "57", Construction # 29

[2019-01-24 20:17:53,848] EPLUS_ENV_Part1-Light-Shg-Test-v1_MainThread-EPLUSPROCESS_EPI_0 INFO:Calculating CTFs for "57", Construction # 29

[2019-01-24 20:17:53,848] EPLUS_ENV_Part1-Light-Shg-Test-v1_MainThread-EPLUSPROCESS_EPI_0 INFO:Calculating CTFs for "57", Construction # 29

[2019-01-24 20:17:53,848] EPLUS_ENV_Part1-Light-Shg-Test-v1_MainThread-EPLUSPROCESS_EPI_0 INFO:Calculating CTFs for "57", Construction # 29

[2019-01-24 20:17:53,848] EPLUS_ENV_Part1-Light-Shg-Test-v1_MainThread-EPLUSPROCESS_EPI_0 INFO:Calculating CTFs for "57", Construction # 29

[2019-01-24 20:17:53,848] EPLUS_ENV_Part1-Light-Shg-Test-v1_MainThread-EPLUSPROCESS_EPI_0 INFO:Calculating CTFs for "59", Construction # 30

[2019-01-24 20:17:53,848] EPLUS_ENV_Part1-Light-Shg-Test-v1_MainThread-EPLUSPROCESS_EPI_0 INFO:Calculating CTFs for "59", Construction # 30

[2019-01-24 20:17:53,849] EPLUS_ENV_Part1-Light-Shg-Test-v1_MainThread-EPLUSPROCESS_EPI_0 INFO:Calculating CTFs for "59", Construction # 30

[2019-01-24 20:17:53,849] EPLUS_ENV_Part1-Light-Shg-Test-v1_MainThread-EPLUSPROCESS_EPI_0 INFO:Calculating CTFs for "65", Construction # 31

[2019-01-24 20:17:53,849] EPLUS_ENV_Part1-Light-Shg-Test-v1_MainThread-EPLUSPROCESS_EPI_0 INFO:Calculating CTFs for "ROOF_LIGHT_ASHRAE901_2013_ZONE3", Construction # 34

[2019-01-24 20:17:53,849] EPLUS_ENV_Part1-Light-Shg-Test-v1_MainThread-EPLUSPROCESS_EPI_0 INFO:Calculating CTFs for "75", Construction # 35

[2019-01-24 20:17:53,849] EPLUS_ENV_Part1-Light-Shg-Test-v1_MainThread-EPLUSPROCESS_EPI_0 INFO:Calculating CTFs for "83", Construction # 36

[2019-01-24 20:17:53,849] EPLUS_ENV_Part1-Light-Shg-Test-v1_MainThread-EPLUSPROCESS_EPI_0 INFO:Calculating CTFs for "85", Construction # 38

[2019-01-24 20:17:53,849] EPLUS_ENV_Part1-Light-Shg-Test-v1_MainThread-EPLUSPROCESS_EPI_0 INFO:Initializing Window Optical Properties

[2019-01-24 20:17:53,849] EPLUS_ENV_Part1-Light-Shg-Test-v1_MainThread-EPLUSPROCESS_EPI_0 INFO:Initializing Solar Calculations

[2019-01-24 20:17:53,849] EPLUS_ENV_Part1-Light-Shg-Test-v1_MainThread-EPLUSPROCESS_EPI_0 INFO:Allocate Solar Module Arrays

[2019-01-24 20:17:53,849] EPLUS_ENV_Part1-Light-Shg-Test-v1_MainThread-EPLUSPROCESS_EPI_0 INFO:Initializing Zone Report Variables

[2019-01-24 20:17:53,849] EPLUS_ENV_Part1-Light-Shg-Test-v1_MainThread-EPLUSPROCESS_EPI_0 INFO:Initializing Surface (Shading) Report Variables

[2019-01-24 20:17:53,849] EPLUS_ENV_Part1-Light-Shg-Test-v1_MainThread-EPLUSPROCESS_EPI_0 INFO:Computing Interior Solar Absorption Factors

[2019-01-24 20:17:53,850] EPLUS_ENV_Part1-Light-Shg-Test-v1_MainThread-EPLUSPROCESS_EPI_0 INFO:Determining Shadowing Combinations

[2019-01-24 20:17:53,850] EPLUS_ENV_Part1-Light-Shg-Test-v1_MainThread-EPLUSPROCESS_EPI_0 INFO:Computing Window Shade Absorption Factors

[2019-01-24 20:17:53,850] EPLUS_ENV_Part1-Light-Shg-Test-v1_MainThread-EPLUSPROCESS_EPI_0 INFO:Proceeding with Initializing Solar Calculations

[2019-01-24 20:17:53,850] EPLUS_ENV_Part1-Light-Shg-Test-v1_MainThread-EPLUSPROCESS_EPI_0 INFO:Initializing Surfaces

[2019-01-24 20:17:53,850] EPLUS_ENV_Part1-Light-Shg-Test-v1_MainThread-EPLUSPROCESS_EPI_0 INFO:Initializing Outdoor environment for Surfaces

[2019-01-24 20:17:53,850] EPLUS_ENV_Part1-Light-Shg-Test-v1_MainThread-EPLUSPROCESS_EPI_0 INFO:Setting up Surface Reporting Variables

[2019-01-24 20:17:53,850] EPLUS_ENV_Part1-Light-Shg-Test-v1_MainThread-EPLUSPROCESS_EPI_0 INFO:Initializing Temperature and Flux Histories

[2019-01-24 20:17:53,850] EPLUS_ENV_Part1-Light-Shg-Test-v1_MainThread-EPLUSPROCESS_EPI_0 INFO:Initializing Window Shading

[2019-01-24 20:17:53,850] EPLUS_ENV_Part1-Light-Shg-Test-v1_MainThread-EPLUSPROCESS_EPI_0 INFO:Computing Interior Absorption Factors

[2019-01-24 20:17:53,850] EPLUS_ENV_Part1-Light-Shg-Test-v1_MainThread-EPLUSPROCESS_EPI_0 INFO:Computing Interior Diffuse Solar Absorption Factors

[2019-01-24 20:17:53,850] EPLUS_ENV_Part1-Light-Shg-Test-v1_MainThread-EPLUSPROCESS_EPI_0 INFO:Computing Interior Diffuse Solar Exchange through Interzone Windows

[2019-01-24 20:17:53,850] EPLUS_ENV_Part1-Light-Shg-Test-v1_MainThread-EPLUSPROCESS_EPI_0 INFO:Initializing Solar Heat Gains

[2019-01-24 20:17:53,850] EPLUS_ENV_Part1-Light-Shg-Test-v1_MainThread-EPLUSPROCESS_EPI_0 INFO:Initializing Internal Heat Gains

[2019-01-24 20:17:53,851] EPLUS_ENV_Part1-Light-Shg-Test-v1_MainThread-EPLUSPROCESS_EPI_0 INFO:Initializing Interior Solar Distribution

[2019-01-24 20:17:53,851] EPLUS_ENV_Part1-Light-Shg-Test-v1_MainThread-EPLUSPROCESS_EPI_0 INFO:Initializing Interior Convection Coefficients

[2019-01-24 20:17:53,851] EPLUS_ENV_Part1-Light-Shg-Test-v1_MainThread-EPLUSPROCESS_EPI_0 INFO:Gathering Information for Predefined Reporting

[2019-01-24 20:17:53,851] EPLUS_ENV_Part1-Light-Shg-Test-v1_MainThread-EPLUSPROCESS_EPI_0 INFO:Completed Initializing Surface Heat Balance

[2019-01-24 20:17:53,851] EPLUS_ENV_Part1-Light-Shg-Test-v1_MainThread-EPLUSPROCESS_EPI_0 INFO:Calculate Outside Surface Heat Balance

[2019-01-24 20:17:53,851] EPLUS_ENV_Part1-Light-Shg-Test-v1_MainThread-EPLUSPROCESS_EPI_0 INFO:Calculate Inside Surface Heat Balance

[2019-01-24 20:17:53,851] EPLUS_ENV_Part1-Light-Shg-Test-v1_MainThread-EPLUSPROCESS_EPI_0 INFO:Calculate Air Heat Balance

[2019-01-24 20:17:53,851] EPLUS_ENV_Part1-Light-Shg-Test-v1_MainThread-EPLUSPROCESS_EPI_0 INFO:Initializing HVAC

[2019-01-24 20:17:53,851] EPLUS_ENV_Part1-Light-Shg-Test-v1_MainThread-EPLUSPROCESS_EPI_0 INFO:Warming up

[2019-01-24 20:17:53,851] EPLUS_ENV_Part1-Light-Shg-Test-v1_MainThread-EPLUSPROCESS_EPI_0 INFO:Warming up

[2019-01-24 20:17:53,851] EPLUS_ENV_Part1-Light-Shg-Test-v1_MainThread-EPLUSPROCESS_EPI_0 INFO:Warming up

[2019-01-24 20:17:53,851] EPLUS_ENV_Part1-Light-Shg-Test-v1_MainThread-EPLUSPROCESS_EPI_0 INFO:Warming up

[2019-01-24 20:17:53,851] EPLUS_ENV_Part1-Light-Shg-Test-v1_MainThread-EPLUSPROCESS_EPI_0 INFO:Warming up

[2019-01-24 20:17:53,852] EPLUS_ENV_Part1-Light-Shg-Test-v1_MainThread-EPLUSPROCESS_EPI_0 INFO:Warming up

[2019-01-24 20:17:53,852] EPLUS_ENV_Part1-Light-Shg-Test-v1_MainThread-EPLUSPROCESS_EPI_0 INFO:Warming up

[2019-01-24 20:17:53,852] EPLUS_ENV_Part1-Light-Shg-Test-v1_MainThread-EPLUSPROCESS_EPI_0 INFO:Performing Zone Sizing Simulation

[2019-01-24 20:17:53,852] EPLUS_ENV_Part1-Light-Shg-Test-v1_MainThread-EPLUSPROCESS_EPI_0 INFO:...for Sizing Period: #1 SUMMER DESIGN DAY IN PHIPPS_CSL_BUILDING

[2019-01-24 20:17:53,852] EPLUS_ENV_Part1-Light-Shg-Test-v1_MainThread-EPLUSPROCESS_EPI_0 INFO:Warming up

[2019-01-24 20:17:53,852] EPLUS_ENV_Part1-Light-Shg-Test-v1_MainThread-EPLUSPROCESS_EPI_0 INFO:Warming up

[2019-01-24 20:17:53,852] EPLUS_ENV_Part1-Light-Shg-Test-v1_MainThread-EPLUSPROCESS_EPI_0 INFO:Warming up

[2019-01-24 20:17:53,852] EPLUS_ENV_Part1-Light-Shg-Test-v1_MainThread-EPLUSPROCESS_EPI_0 INFO:Warming up

[2019-01-24 20:17:53,852] EPLUS_ENV_Part1-Light-Shg-Test-v1_MainThread-EPLUSPROCESS_EPI_0 INFO:Warming up

[2019-01-24 20:17:53,852] EPLUS_ENV_Part1-Light-Shg-Test-v1_MainThread-EPLUSPROCESS_EPI_0 INFO:Warming up

[2019-01-24 20:17:53,852] EPLUS_ENV_Part1-Light-Shg-Test-v1_MainThread-EPLUSPROCESS_EPI_0 INFO:Warming up

[2019-01-24 20:17:53,853] EPLUS_ENV_Part1-Light-Shg-Test-v1_MainThread-EPLUSPROCESS_EPI_0 INFO:Performing Zone Sizing Simulation

[2019-01-24 20:17:53,853] EPLUS_ENV_Part1-Light-Shg-Test-v1_MainThread-EPLUSPROCESS_EPI_0 INFO:...for Sizing Period: #2 WINTER DESIGN DAY IN PHIPPS_CSL_BUILDING

[2019-01-24 20:17:53,853] EPLUS_ENV_Part1-Light-Shg-Test-v1_MainThread-EPLUSPROCESS_EPI_0 INFO:Calculating System sizing

[2019-01-24 20:17:53,853] EPLUS_ENV_Part1-Light-Shg-Test-v1_MainThread-EPLUSPROCESS_EPI_0 INFO:...for Sizing Period: #1 SUMMER DESIGN DAY IN PHIPPS_CSL_BUILDING

[2019-01-24 20:17:53,853] EPLUS_ENV_Part1-Light-Shg-Test-v1_MainThread-EPLUSPROCESS_EPI_0 INFO:Calculating System sizing

[2019-01-24 20:17:53,853] EPLUS_ENV_Part1-Light-Shg-Test-v1_MainThread-EPLUSPROCESS_EPI_0 INFO:...for Sizing Period: #2 WINTER DESIGN DAY IN PHIPPS_CSL_BUILDING

[2019-01-24 20:17:53,853] EPLUS_ENV_Part1-Light-Shg-Test-v1_MainThread-EPLUSPROCESS_EPI_0 INFO:Initializing Simulation

[2019-01-24 20:17:53,854] EPLUS_ENV_Part1-Light-Shg-Test-v1_MainThread-EPLUSPROCESS_EPI_0 INFO:Reporting Surfaces

[2019-01-24 20:17:53,854] EPLUS_ENV_Part1-Light-Shg-Test-v1_MainThread-EPLUSPROCESS_EPI_0 INFO:Beginning Primary Simulation

[2019-01-24 20:17:53,854] EPLUS_ENV_Part1-Light-Shg-Test-v1_MainThread-EPLUSPROCESS_EPI_0 INFO:Initializing New Environment Parameters

[2019-01-24 20:17:53,854] EPLUS_ENV_Part1-Light-Shg-Test-v1_MainThread-EPLUSPROCESS_EPI_0 INFO:Warming up {1}

[2019-01-24 20:17:53,854] EPLUS_ENV_Part1-Light-Shg-Test-v1_MainThread-EPLUSPROCESS_EPI_0 INFO:Instantiating Building Controls Virtual Test Bed

[2019-01-24 20:17:53,854] EPLUS_ENV_Part1-Light-Shg-Test-v1_MainThread-EPLUSPROCESS_EPI_0 INFO:ExternalInterface initializes.

[2019-01-24 20:17:53,854] EPLUS_ENV_Part1-Light-Shg-Test-v1_MainThread-EPLUSPROCESS_EPI_0 INFO:Number of outputs in ExternalInterface = 71

[2019-01-24 20:17:53,854] EPLUS_ENV_Part1-Light-Shg-Test-v1_MainThread-EPLUSPROCESS_EPI_0 INFO:Number of inputs  in ExternalInterface = 1

[2019-01-24 20:17:53,854] EPLUS_ENV_Part1-Light-Shg-Test-v1_MainThread-EPLUSPROCESS_EPI_0 INFO:Warming up {2}

[2019-01-24 20:17:53,854] EPLUS_ENV_Part1-Light-Shg-Test-v1_MainThread-EPLUSPROCESS_EPI_0 INFO:Warming up {3}

[2019-01-24 20:17:53,854] EPLUS_ENV_Part1-Light-Shg-Test-v1_MainThread-EPLUSPROCESS_EPI_0 INFO:Warming up {4}

[2019-01-24 20:17:53,854] EPLUS_ENV_Part1-Light-Shg-Test-v1_MainThread-EPLUSPROCESS_EPI_0 INFO:Warming up {5}

[2019-01-24 20:17:53,854] EPLUS_ENV_Part1-Light-Shg-Test-v1_MainThread-EPLUSPROCESS_EPI_0 INFO:Warming up {6}

[2019-01-24 20:17:53,854] EPLUS_ENV_Part1-Light-Shg-Test-v1_MainThread-EPLUSPROCESS_EPI_0 INFO:Starting Simulation at 06/01 for PHIPPS_CSL_BUILDING_SUMMER

[2019-01-24 20:17:53,854] EPLUS_ENV_Part1-Light-Shg-Test-v1_MainThread-EPLUSPROCESS_EPI_0 INFO:ExternalInterface starts first data exchange.

[2019-01-24 20:17:53,854] EPLUS_ENV_Part1-Light-Shg-Test-v1_MainThread-EPLUSPROCESS_EPI_0 INFO:Updating Shadowing Calculations, Start Date=06/21

[2019-01-24 20:17:53,855] EPLUS_ENV_Part1-Light-Shg-Test-v1_MainThread-EPLUSPROCESS_EPI_0 INFO:Continuing Simulation at 06/21 for PHIPPS_CSL_BUILDING_SUMMER

[2019-01-24 20:17:53,855] EPLUS_ENV_Part1-Light-Shg-Test-v1_MainThread-EPLUSPROCESS_EPI_0 INFO:Updating Shadowing Calculations, Start Date=07/11

[2019-01-24 20:17:53,855] EPLUS_ENV_Part1-Light-Shg-Test-v1_MainThread-EPLUSPROCESS_EPI_0 INFO:Continuing Simulation at 07/11 for PHIPPS_CSL_BUILDING_SUMMER

[2019-01-24 20:17:53,855] EPLUS_ENV_Part1-Light-Shg-Test-v1_MainThread-EPLUSPROCESS_EPI_0 INFO:Updating Shadowing Calculations, Start Date=07/31

[2019-01-24 20:17:53,855] EPLUS_ENV_Part1-Light-Shg-Test-v1_MainThread-EPLUSPROCESS_EPI_0 INFO:Continuing Simulation at 07/31 for PHIPPS_CSL_BUILDING_SUMMER

[2019-01-24 20:17:53,855] EPLUS_ENV_Part1-Light-Shg-Test-v1_MainThread-EPLUSPROCESS_EPI_0 INFO:Updating Shadowing Calculations, Start Date=08/20

[2019-01-24 20:17:53,855] EPLUS_ENV_Part1-Light-Shg-Test-v1_MainThread-EPLUSPROCESS_EPI_0 INFO:Continuing Simulation at 08/20 for PHIPPS_CSL_BUILDING_SUMMER

[2019-01-24 20:17:53,855] EPLUS_ENV_Part1-Light-Shg-Test-v1_MainThread-EPLUSPROCESS_EPI_0 INFO:Writing tabular output file results using comma format.

[2019-01-24 20:17:53,855] EPLUS_ENV_Part1-Light-Shg-Test-v1_MainThread-EPLUSPROCESS_EPI_0 INFO:Writing tabular output file results using HTML format.

[2019-01-24 20:17:53,855] EPLUS_ENV_Part1-Light-Shg-Test-v1_MainThread-EPLUSPROCESS_EPI_0 INFO:Writing final SQL reports

[2019-01-24 20:17:53,855] EPLUS_ENV_Part1-Light-Shg-Test-v1_MainThread-EPLUSPROCESS_EPI_0 INFO:EnergyPlus Run Time=00hr 03min 13.52sec

[2019-01-24 20:17:54,439] A3C_EVAL-Part1-Light-Shg-Test-v2 INFO:Evaluation: average rewards by now are 7154.3452 775134321.2081 7489.0000
[2019-01-24 20:17:54,518] EPLUS_ENV_Part1-Light-Shg-Test-v2_MainThread-EPLUSPROCESS_EPI_0 INFO:EnergyPlus Starting

[2019-01-24 20:17:54,518] EPLUS_ENV_Part1-Light-Shg-Test-v2_MainThread-EPLUSPROCESS_EPI_0 INFO:EnergyPlus, Version 8.3.0-6d97d074ea, YMD=2019.01.24 20:14

[2019-01-24 20:17:54,518] EPLUS_ENV_Part1-Light-Shg-Test-v2_MainThread-EPLUSPROCESS_EPI_0 INFO:Processing Data Dictionary

[2019-01-24 20:17:54,519] EPLUS_ENV_Part1-Light-Shg-Test-v2_MainThread-EPLUSPROCESS_EPI_0 INFO:Processing Input File

[2019-01-24 20:17:54,519] EPLUS_ENV_Part1-Light-Shg-Test-v2_MainThread-EPLUSPROCESS_EPI_0 INFO:Initializing Response Factors

[2019-01-24 20:17:54,519] EPLUS_ENV_Part1-Light-Shg-Test-v2_MainThread-EPLUSPROCESS_EPI_0 INFO:Calculating CTFs for "GROUNDFLOOR_FROM_DB", Construction # 1

[2019-01-24 20:17:54,519] EPLUS_ENV_Part1-Light-Shg-Test-v2_MainThread-EPLUSPROCESS_EPI_0 INFO:Calculating CTFs for "GROUNDFLOOR_FROM_DB", Construction # 1

[2019-01-24 20:17:54,519] EPLUS_ENV_Part1-Light-Shg-Test-v2_MainThread-EPLUSPROCESS_EPI_0 INFO:Calculating CTFs for "3", Construction # 2

[2019-01-24 20:17:54,519] EPLUS_ENV_Part1-Light-Shg-Test-v2_MainThread-EPLUSPROCESS_EPI_0 INFO:Calculating CTFs for "5", Construction # 4

[2019-01-24 20:17:54,519] EPLUS_ENV_Part1-Light-Shg-Test-v2_MainThread-EPLUSPROCESS_EPI_0 INFO:Calculating CTFs for "7", Construction # 6

[2019-01-24 20:17:54,519] EPLUS_ENV_Part1-Light-Shg-Test-v2_MainThread-EPLUSPROCESS_EPI_0 INFO:Calculating CTFs for "9", Construction # 7

[2019-01-24 20:17:54,519] EPLUS_ENV_Part1-Light-Shg-Test-v2_MainThread-EPLUSPROCESS_EPI_0 INFO:Calculating CTFs for "10", Construction # 8

[2019-01-24 20:17:54,520] EPLUS_ENV_Part1-Light-Shg-Test-v2_MainThread-EPLUSPROCESS_EPI_0 INFO:Calculating CTFs for "EXTWALL_LIGHT_ASHRAE901_2013_ZONE3", Construction # 9

[2019-01-24 20:17:54,520] EPLUS_ENV_Part1-Light-Shg-Test-v2_MainThread-EPLUSPROCESS_EPI_0 INFO:Calculating CTFs for "17", Construction # 10

[2019-01-24 20:17:54,520] EPLUS_ENV_Part1-Light-Shg-Test-v2_MainThread-EPLUSPROCESS_EPI_0 INFO:Calculating CTFs for "18", Construction # 11

[2019-01-24 20:17:54,520] EPLUS_ENV_Part1-Light-Shg-Test-v2_MainThread-EPLUSPROCESS_EPI_0 INFO:Calculating CTFs for "19", Construction # 12

[2019-01-24 20:17:54,520] EPLUS_ENV_Part1-Light-Shg-Test-v2_MainThread-EPLUSPROCESS_EPI_0 INFO:Calculating CTFs for "19", Construction # 12

[2019-01-24 20:17:54,520] EPLUS_ENV_Part1-Light-Shg-Test-v2_MainThread-EPLUSPROCESS_EPI_0 INFO:Calculating CTFs for "19", Construction # 12

[2019-01-24 20:17:54,520] EPLUS_ENV_Part1-Light-Shg-Test-v2_MainThread-EPLUSPROCESS_EPI_0 INFO:Calculating CTFs for "21", Construction # 13

[2019-01-24 20:17:54,520] EPLUS_ENV_Part1-Light-Shg-Test-v2_MainThread-EPLUSPROCESS_EPI_0 INFO:Calculating CTFs for "23", Construction # 15

[2019-01-24 20:17:54,520] EPLUS_ENV_Part1-Light-Shg-Test-v2_MainThread-EPLUSPROCESS_EPI_0 INFO:Calculating CTFs for "25", Construction # 17

[2019-01-24 20:17:54,520] EPLUS_ENV_Part1-Light-Shg-Test-v2_MainThread-EPLUSPROCESS_EPI_0 INFO:Calculating CTFs for "27", Construction # 18

[2019-01-24 20:17:54,520] EPLUS_ENV_Part1-Light-Shg-Test-v2_MainThread-EPLUSPROCESS_EPI_0 INFO:Calculating CTFs for "31", Construction # 19

[2019-01-24 20:17:54,521] EPLUS_ENV_Part1-Light-Shg-Test-v2_MainThread-EPLUSPROCESS_EPI_0 INFO:Calculating CTFs for "35", Construction # 21

[2019-01-24 20:17:54,521] EPLUS_ENV_Part1-Light-Shg-Test-v2_MainThread-EPLUSPROCESS_EPI_0 INFO:Calculating CTFs for "41", Construction # 22

[2019-01-24 20:17:54,521] EPLUS_ENV_Part1-Light-Shg-Test-v2_MainThread-EPLUSPROCESS_EPI_0 INFO:Calculating CTFs for "42", Construction # 23

[2019-01-24 20:17:54,521] EPLUS_ENV_Part1-Light-Shg-Test-v2_MainThread-EPLUSPROCESS_EPI_0 INFO:Calculating CTFs for "43", Construction # 24

[2019-01-24 20:17:54,521] EPLUS_ENV_Part1-Light-Shg-Test-v2_MainThread-EPLUSPROCESS_EPI_0 INFO:Calculating CTFs for "43", Construction # 24

[2019-01-24 20:17:54,522] EPLUS_ENV_Part1-Light-Shg-Test-v2_MainThread-EPLUSPROCESS_EPI_0 INFO:Calculating CTFs for "43", Construction # 24

[2019-01-24 20:17:54,522] EPLUS_ENV_Part1-Light-Shg-Test-v2_MainThread-EPLUSPROCESS_EPI_0 INFO:Calculating CTFs for "49", Construction # 26

[2019-01-24 20:17:54,523] EPLUS_ENV_Part1-Light-Shg-Test-v2_MainThread-EPLUSPROCESS_EPI_0 INFO:Calculating CTFs for "49", Construction # 26

[2019-01-24 20:17:54,523] EPLUS_ENV_Part1-Light-Shg-Test-v2_MainThread-EPLUSPROCESS_EPI_0 INFO:Calculating CTFs for "49", Construction # 26

[2019-01-24 20:17:54,523] EPLUS_ENV_Part1-Light-Shg-Test-v2_MainThread-EPLUSPROCESS_EPI_0 INFO:Calculating CTFs for "51", Construction # 27

[2019-01-24 20:17:54,523] EPLUS_ENV_Part1-Light-Shg-Test-v2_MainThread-EPLUSPROCESS_EPI_0 INFO:Calculating CTFs for "52", Construction # 28

[2019-01-24 20:17:54,524] EPLUS_ENV_Part1-Light-Shg-Test-v2_MainThread-EPLUSPROCESS_EPI_0 INFO:Calculating CTFs for "57", Construction # 29

[2019-01-24 20:17:54,524] EPLUS_ENV_Part1-Light-Shg-Test-v2_MainThread-EPLUSPROCESS_EPI_0 INFO:Calculating CTFs for "57", Construction # 29

[2019-01-24 20:17:54,524] EPLUS_ENV_Part1-Light-Shg-Test-v2_MainThread-EPLUSPROCESS_EPI_0 INFO:Calculating CTFs for "57", Construction # 29

[2019-01-24 20:17:54,524] EPLUS_ENV_Part1-Light-Shg-Test-v2_MainThread-EPLUSPROCESS_EPI_0 INFO:Calculating CTFs for "57", Construction # 29

[2019-01-24 20:17:54,524] EPLUS_ENV_Part1-Light-Shg-Test-v2_MainThread-EPLUSPROCESS_EPI_0 INFO:Calculating CTFs for "57", Construction # 29

[2019-01-24 20:17:54,524] EPLUS_ENV_Part1-Light-Shg-Test-v2_MainThread-EPLUSPROCESS_EPI_0 INFO:Calculating CTFs for "57", Construction # 29

[2019-01-24 20:17:54,524] EPLUS_ENV_Part1-Light-Shg-Test-v2_MainThread-EPLUSPROCESS_EPI_0 INFO:Calculating CTFs for "57", Construction # 29

[2019-01-24 20:17:54,525] EPLUS_ENV_Part1-Light-Shg-Test-v2_MainThread-EPLUSPROCESS_EPI_0 INFO:Calculating CTFs for "57", Construction # 29

[2019-01-24 20:17:54,525] EPLUS_ENV_Part1-Light-Shg-Test-v2_MainThread-EPLUSPROCESS_EPI_0 INFO:Calculating CTFs for "57", Construction # 29

[2019-01-24 20:17:54,525] EPLUS_ENV_Part1-Light-Shg-Test-v2_MainThread-EPLUSPROCESS_EPI_0 INFO:Calculating CTFs for "59", Construction # 30

[2019-01-24 20:17:54,525] EPLUS_ENV_Part1-Light-Shg-Test-v2_MainThread-EPLUSPROCESS_EPI_0 INFO:Calculating CTFs for "59", Construction # 30

[2019-01-24 20:17:54,525] EPLUS_ENV_Part1-Light-Shg-Test-v2_MainThread-EPLUSPROCESS_EPI_0 INFO:Calculating CTFs for "59", Construction # 30

[2019-01-24 20:17:54,525] EPLUS_ENV_Part1-Light-Shg-Test-v2_MainThread-EPLUSPROCESS_EPI_0 INFO:Calculating CTFs for "65", Construction # 31

[2019-01-24 20:17:54,525] EPLUS_ENV_Part1-Light-Shg-Test-v2_MainThread-EPLUSPROCESS_EPI_0 INFO:Calculating CTFs for "ROOF_LIGHT_ASHRAE901_2013_ZONE3", Construction # 34

[2019-01-24 20:17:54,525] EPLUS_ENV_Part1-Light-Shg-Test-v2_MainThread-EPLUSPROCESS_EPI_0 INFO:Calculating CTFs for "75", Construction # 35

[2019-01-24 20:17:54,525] EPLUS_ENV_Part1-Light-Shg-Test-v2_MainThread-EPLUSPROCESS_EPI_0 INFO:Calculating CTFs for "83", Construction # 36

[2019-01-24 20:17:54,525] EPLUS_ENV_Part1-Light-Shg-Test-v2_MainThread-EPLUSPROCESS_EPI_0 INFO:Calculating CTFs for "85", Construction # 38

[2019-01-24 20:17:54,525] EPLUS_ENV_Part1-Light-Shg-Test-v2_MainThread-EPLUSPROCESS_EPI_0 INFO:Initializing Window Optical Properties

[2019-01-24 20:17:54,525] EPLUS_ENV_Part1-Light-Shg-Test-v2_MainThread-EPLUSPROCESS_EPI_0 INFO:Initializing Solar Calculations

[2019-01-24 20:17:54,526] EPLUS_ENV_Part1-Light-Shg-Test-v2_MainThread-EPLUSPROCESS_EPI_0 INFO:Allocate Solar Module Arrays

[2019-01-24 20:17:54,526] EPLUS_ENV_Part1-Light-Shg-Test-v2_MainThread-EPLUSPROCESS_EPI_0 INFO:Initializing Zone Report Variables

[2019-01-24 20:17:54,526] EPLUS_ENV_Part1-Light-Shg-Test-v2_MainThread-EPLUSPROCESS_EPI_0 INFO:Initializing Surface (Shading) Report Variables

[2019-01-24 20:17:54,526] EPLUS_ENV_Part1-Light-Shg-Test-v2_MainThread-EPLUSPROCESS_EPI_0 INFO:Computing Interior Solar Absorption Factors

[2019-01-24 20:17:54,526] EPLUS_ENV_Part1-Light-Shg-Test-v2_MainThread-EPLUSPROCESS_EPI_0 INFO:Determining Shadowing Combinations

[2019-01-24 20:17:54,526] EPLUS_ENV_Part1-Light-Shg-Test-v2_MainThread-EPLUSPROCESS_EPI_0 INFO:Computing Window Shade Absorption Factors

[2019-01-24 20:17:54,526] EPLUS_ENV_Part1-Light-Shg-Test-v2_MainThread-EPLUSPROCESS_EPI_0 INFO:Proceeding with Initializing Solar Calculations

[2019-01-24 20:17:54,526] EPLUS_ENV_Part1-Light-Shg-Test-v2_MainThread-EPLUSPROCESS_EPI_0 INFO:Initializing Surfaces

[2019-01-24 20:17:54,526] EPLUS_ENV_Part1-Light-Shg-Test-v2_MainThread-EPLUSPROCESS_EPI_0 INFO:Initializing Outdoor environment for Surfaces

[2019-01-24 20:17:54,526] EPLUS_ENV_Part1-Light-Shg-Test-v2_MainThread-EPLUSPROCESS_EPI_0 INFO:Setting up Surface Reporting Variables

[2019-01-24 20:17:54,526] EPLUS_ENV_Part1-Light-Shg-Test-v2_MainThread-EPLUSPROCESS_EPI_0 INFO:Initializing Temperature and Flux Histories

[2019-01-24 20:17:54,526] EPLUS_ENV_Part1-Light-Shg-Test-v2_MainThread-EPLUSPROCESS_EPI_0 INFO:Initializing Window Shading

[2019-01-24 20:17:54,527] EPLUS_ENV_Part1-Light-Shg-Test-v2_MainThread-EPLUSPROCESS_EPI_0 INFO:Computing Interior Absorption Factors

[2019-01-24 20:17:54,527] EPLUS_ENV_Part1-Light-Shg-Test-v2_MainThread-EPLUSPROCESS_EPI_0 INFO:Computing Interior Diffuse Solar Absorption Factors

[2019-01-24 20:17:54,527] EPLUS_ENV_Part1-Light-Shg-Test-v2_MainThread-EPLUSPROCESS_EPI_0 INFO:Computing Interior Diffuse Solar Exchange through Interzone Windows

[2019-01-24 20:17:54,527] EPLUS_ENV_Part1-Light-Shg-Test-v2_MainThread-EPLUSPROCESS_EPI_0 INFO:Initializing Solar Heat Gains

[2019-01-24 20:17:54,527] EPLUS_ENV_Part1-Light-Shg-Test-v2_MainThread-EPLUSPROCESS_EPI_0 INFO:Initializing Internal Heat Gains

[2019-01-24 20:17:54,527] EPLUS_ENV_Part1-Light-Shg-Test-v2_MainThread-EPLUSPROCESS_EPI_0 INFO:Initializing Interior Solar Distribution

[2019-01-24 20:17:54,527] EPLUS_ENV_Part1-Light-Shg-Test-v2_MainThread-EPLUSPROCESS_EPI_0 INFO:Initializing Interior Convection Coefficients

[2019-01-24 20:17:54,527] EPLUS_ENV_Part1-Light-Shg-Test-v2_MainThread-EPLUSPROCESS_EPI_0 INFO:Gathering Information for Predefined Reporting

[2019-01-24 20:17:54,527] EPLUS_ENV_Part1-Light-Shg-Test-v2_MainThread-EPLUSPROCESS_EPI_0 INFO:Completed Initializing Surface Heat Balance

[2019-01-24 20:17:54,527] EPLUS_ENV_Part1-Light-Shg-Test-v2_MainThread-EPLUSPROCESS_EPI_0 INFO:Calculate Outside Surface Heat Balance

[2019-01-24 20:17:54,527] EPLUS_ENV_Part1-Light-Shg-Test-v2_MainThread-EPLUSPROCESS_EPI_0 INFO:Calculate Inside Surface Heat Balance

[2019-01-24 20:17:54,527] EPLUS_ENV_Part1-Light-Shg-Test-v2_MainThread-EPLUSPROCESS_EPI_0 INFO:Calculate Air Heat Balance

[2019-01-24 20:17:54,528] EPLUS_ENV_Part1-Light-Shg-Test-v2_MainThread-EPLUSPROCESS_EPI_0 INFO:Initializing HVAC

[2019-01-24 20:17:54,528] EPLUS_ENV_Part1-Light-Shg-Test-v2_MainThread-EPLUSPROCESS_EPI_0 INFO:Warming up

[2019-01-24 20:17:54,528] EPLUS_ENV_Part1-Light-Shg-Test-v2_MainThread-EPLUSPROCESS_EPI_0 INFO:Warming up

[2019-01-24 20:17:54,528] EPLUS_ENV_Part1-Light-Shg-Test-v2_MainThread-EPLUSPROCESS_EPI_0 INFO:Warming up

[2019-01-24 20:17:54,528] EPLUS_ENV_Part1-Light-Shg-Test-v2_MainThread-EPLUSPROCESS_EPI_0 INFO:Warming up

[2019-01-24 20:17:54,528] EPLUS_ENV_Part1-Light-Shg-Test-v2_MainThread-EPLUSPROCESS_EPI_0 INFO:Warming up

[2019-01-24 20:17:54,528] EPLUS_ENV_Part1-Light-Shg-Test-v2_MainThread-EPLUSPROCESS_EPI_0 INFO:Warming up

[2019-01-24 20:17:54,528] EPLUS_ENV_Part1-Light-Shg-Test-v2_MainThread-EPLUSPROCESS_EPI_0 INFO:Warming up

[2019-01-24 20:17:54,528] EPLUS_ENV_Part1-Light-Shg-Test-v2_MainThread-EPLUSPROCESS_EPI_0 INFO:Performing Zone Sizing Simulation

[2019-01-24 20:17:54,528] EPLUS_ENV_Part1-Light-Shg-Test-v2_MainThread-EPLUSPROCESS_EPI_0 INFO:...for Sizing Period: #1 SUMMER DESIGN DAY IN PHIPPS_CSL_BUILDING

[2019-01-24 20:17:54,528] EPLUS_ENV_Part1-Light-Shg-Test-v2_MainThread-EPLUSPROCESS_EPI_0 INFO:Warming up

[2019-01-24 20:17:54,528] EPLUS_ENV_Part1-Light-Shg-Test-v2_MainThread-EPLUSPROCESS_EPI_0 INFO:Warming up

[2019-01-24 20:17:54,528] EPLUS_ENV_Part1-Light-Shg-Test-v2_MainThread-EPLUSPROCESS_EPI_0 INFO:Warming up

[2019-01-24 20:17:54,529] EPLUS_ENV_Part1-Light-Shg-Test-v2_MainThread-EPLUSPROCESS_EPI_0 INFO:Warming up

[2019-01-24 20:17:54,529] EPLUS_ENV_Part1-Light-Shg-Test-v2_MainThread-EPLUSPROCESS_EPI_0 INFO:Warming up

[2019-01-24 20:17:54,529] EPLUS_ENV_Part1-Light-Shg-Test-v2_MainThread-EPLUSPROCESS_EPI_0 INFO:Warming up

[2019-01-24 20:17:54,529] EPLUS_ENV_Part1-Light-Shg-Test-v2_MainThread-EPLUSPROCESS_EPI_0 INFO:Warming up

[2019-01-24 20:17:54,529] EPLUS_ENV_Part1-Light-Shg-Test-v2_MainThread-EPLUSPROCESS_EPI_0 INFO:Performing Zone Sizing Simulation

[2019-01-24 20:17:54,529] EPLUS_ENV_Part1-Light-Shg-Test-v2_MainThread-EPLUSPROCESS_EPI_0 INFO:...for Sizing Period: #2 WINTER DESIGN DAY IN PHIPPS_CSL_BUILDING

[2019-01-24 20:17:54,529] EPLUS_ENV_Part1-Light-Shg-Test-v2_MainThread-EPLUSPROCESS_EPI_0 INFO:Calculating System sizing

[2019-01-24 20:17:54,529] EPLUS_ENV_Part1-Light-Shg-Test-v2_MainThread-EPLUSPROCESS_EPI_0 INFO:...for Sizing Period: #1 SUMMER DESIGN DAY IN PHIPPS_CSL_BUILDING

[2019-01-24 20:17:54,529] EPLUS_ENV_Part1-Light-Shg-Test-v2_MainThread-EPLUSPROCESS_EPI_0 INFO:Calculating System sizing

[2019-01-24 20:17:54,529] EPLUS_ENV_Part1-Light-Shg-Test-v2_MainThread-EPLUSPROCESS_EPI_0 INFO:...for Sizing Period: #2 WINTER DESIGN DAY IN PHIPPS_CSL_BUILDING

[2019-01-24 20:17:54,529] EPLUS_ENV_Part1-Light-Shg-Test-v2_MainThread-EPLUSPROCESS_EPI_0 INFO:Initializing Simulation

[2019-01-24 20:17:54,529] EPLUS_ENV_Part1-Light-Shg-Test-v2_MainThread-EPLUSPROCESS_EPI_0 INFO:Reporting Surfaces

[2019-01-24 20:17:54,529] EPLUS_ENV_Part1-Light-Shg-Test-v2_MainThread-EPLUSPROCESS_EPI_0 INFO:Beginning Primary Simulation

[2019-01-24 20:17:54,529] EPLUS_ENV_Part1-Light-Shg-Test-v2_MainThread-EPLUSPROCESS_EPI_0 INFO:Initializing New Environment Parameters

[2019-01-24 20:17:54,529] EPLUS_ENV_Part1-Light-Shg-Test-v2_MainThread-EPLUSPROCESS_EPI_0 INFO:Warming up {1}

[2019-01-24 20:17:54,529] EPLUS_ENV_Part1-Light-Shg-Test-v2_MainThread-EPLUSPROCESS_EPI_0 INFO:Instantiating Building Controls Virtual Test Bed

[2019-01-24 20:17:54,529] EPLUS_ENV_Part1-Light-Shg-Test-v2_MainThread-EPLUSPROCESS_EPI_0 INFO:ExternalInterface initializes.

[2019-01-24 20:17:54,529] EPLUS_ENV_Part1-Light-Shg-Test-v2_MainThread-EPLUSPROCESS_EPI_0 INFO:Number of outputs in ExternalInterface = 71

[2019-01-24 20:17:54,529] EPLUS_ENV_Part1-Light-Shg-Test-v2_MainThread-EPLUSPROCESS_EPI_0 INFO:Number of inputs  in ExternalInterface = 1

[2019-01-24 20:17:54,529] EPLUS_ENV_Part1-Light-Shg-Test-v2_MainThread-EPLUSPROCESS_EPI_0 INFO:Warming up {2}

[2019-01-24 20:17:54,529] EPLUS_ENV_Part1-Light-Shg-Test-v2_MainThread-EPLUSPROCESS_EPI_0 INFO:Warming up {3}

[2019-01-24 20:17:54,529] EPLUS_ENV_Part1-Light-Shg-Test-v2_MainThread-EPLUSPROCESS_EPI_0 INFO:Warming up {4}

[2019-01-24 20:17:54,529] EPLUS_ENV_Part1-Light-Shg-Test-v2_MainThread-EPLUSPROCESS_EPI_0 INFO:Warming up {5}

[2019-01-24 20:17:54,530] EPLUS_ENV_Part1-Light-Shg-Test-v2_MainThread-EPLUSPROCESS_EPI_0 INFO:Warming up {6}

[2019-01-24 20:17:54,530] EPLUS_ENV_Part1-Light-Shg-Test-v2_MainThread-EPLUSPROCESS_EPI_0 INFO:Warming up {7}

[2019-01-24 20:17:54,530] EPLUS_ENV_Part1-Light-Shg-Test-v2_MainThread-EPLUSPROCESS_EPI_0 INFO:Starting Simulation at 06/01 for PHIPPS_CSL_BUILDING_SUMMER

[2019-01-24 20:17:54,530] EPLUS_ENV_Part1-Light-Shg-Test-v2_MainThread-EPLUSPROCESS_EPI_0 INFO:ExternalInterface starts first data exchange.

[2019-01-24 20:17:54,530] EPLUS_ENV_Part1-Light-Shg-Test-v2_MainThread-EPLUSPROCESS_EPI_0 INFO:Updating Shadowing Calculations, Start Date=06/21

[2019-01-24 20:17:54,530] EPLUS_ENV_Part1-Light-Shg-Test-v2_MainThread-EPLUSPROCESS_EPI_0 INFO:Continuing Simulation at 06/21 for PHIPPS_CSL_BUILDING_SUMMER

[2019-01-24 20:17:54,530] EPLUS_ENV_Part1-Light-Shg-Test-v2_MainThread-EPLUSPROCESS_EPI_0 INFO:Updating Shadowing Calculations, Start Date=07/11

[2019-01-24 20:17:54,530] EPLUS_ENV_Part1-Light-Shg-Test-v2_MainThread-EPLUSPROCESS_EPI_0 INFO:Continuing Simulation at 07/11 for PHIPPS_CSL_BUILDING_SUMMER

[2019-01-24 20:17:54,530] EPLUS_ENV_Part1-Light-Shg-Test-v2_MainThread-EPLUSPROCESS_EPI_0 INFO:Updating Shadowing Calculations, Start Date=07/31

[2019-01-24 20:17:54,530] EPLUS_ENV_Part1-Light-Shg-Test-v2_MainThread-EPLUSPROCESS_EPI_0 INFO:Continuing Simulation at 07/31 for PHIPPS_CSL_BUILDING_SUMMER

[2019-01-24 20:17:54,530] EPLUS_ENV_Part1-Light-Shg-Test-v2_MainThread-EPLUSPROCESS_EPI_0 INFO:Updating Shadowing Calculations, Start Date=08/20

[2019-01-24 20:17:54,530] EPLUS_ENV_Part1-Light-Shg-Test-v2_MainThread-EPLUSPROCESS_EPI_0 INFO:Continuing Simulation at 08/20 for PHIPPS_CSL_BUILDING_SUMMER

[2019-01-24 20:17:54,530] EPLUS_ENV_Part1-Light-Shg-Test-v2_MainThread-EPLUSPROCESS_EPI_0 INFO:Writing tabular output file results using comma format.

[2019-01-24 20:17:54,530] EPLUS_ENV_Part1-Light-Shg-Test-v2_MainThread-EPLUSPROCESS_EPI_0 INFO:Writing tabular output file results using HTML format.

[2019-01-24 20:17:54,530] EPLUS_ENV_Part1-Light-Shg-Test-v2_MainThread-EPLUSPROCESS_EPI_0 INFO:Writing final SQL reports

[2019-01-24 20:17:54,530] EPLUS_ENV_Part1-Light-Shg-Test-v2_MainThread-EPLUSPROCESS_EPI_0 INFO:EnergyPlus Run Time=00hr 03min 14.09sec

[2019-01-24 20:18:28,746] A3C_EVAL-Part1-Light-Shg-Train-v1 INFO:Evaluation: average rewards by now are 7560.3917 742172309.0384 2251.0000
[2019-01-24 20:18:28,819] EPLUS_ENV_Part1-Light-Shg-Train-v1_MainThread-EPLUSPROCESS_EPI_0 INFO:EnergyPlus Starting

[2019-01-24 20:18:28,820] EPLUS_ENV_Part1-Light-Shg-Train-v1_MainThread-EPLUSPROCESS_EPI_0 INFO:EnergyPlus, Version 8.3.0-6d97d074ea, YMD=2019.01.24 20:14

[2019-01-24 20:18:28,820] EPLUS_ENV_Part1-Light-Shg-Train-v1_MainThread-EPLUSPROCESS_EPI_0 INFO:Processing Data Dictionary

[2019-01-24 20:18:28,820] EPLUS_ENV_Part1-Light-Shg-Train-v1_MainThread-EPLUSPROCESS_EPI_0 INFO:Processing Input File

[2019-01-24 20:18:28,820] EPLUS_ENV_Part1-Light-Shg-Train-v1_MainThread-EPLUSPROCESS_EPI_0 INFO:Initializing Response Factors

[2019-01-24 20:18:28,820] EPLUS_ENV_Part1-Light-Shg-Train-v1_MainThread-EPLUSPROCESS_EPI_0 INFO:Calculating CTFs for "GROUNDFLOOR_FROM_DB", Construction # 1

[2019-01-24 20:18:28,820] EPLUS_ENV_Part1-Light-Shg-Train-v1_MainThread-EPLUSPROCESS_EPI_0 INFO:Calculating CTFs for "GROUNDFLOOR_FROM_DB", Construction # 1

[2019-01-24 20:18:28,820] EPLUS_ENV_Part1-Light-Shg-Train-v1_MainThread-EPLUSPROCESS_EPI_0 INFO:Calculating CTFs for "3", Construction # 2

[2019-01-24 20:18:28,820] EPLUS_ENV_Part1-Light-Shg-Train-v1_MainThread-EPLUSPROCESS_EPI_0 INFO:Calculating CTFs for "5", Construction # 4

[2019-01-24 20:18:28,820] EPLUS_ENV_Part1-Light-Shg-Train-v1_MainThread-EPLUSPROCESS_EPI_0 INFO:Calculating CTFs for "7", Construction # 6

[2019-01-24 20:18:28,821] EPLUS_ENV_Part1-Light-Shg-Train-v1_MainThread-EPLUSPROCESS_EPI_0 INFO:Calculating CTFs for "9", Construction # 7

[2019-01-24 20:18:28,821] EPLUS_ENV_Part1-Light-Shg-Train-v1_MainThread-EPLUSPROCESS_EPI_0 INFO:Calculating CTFs for "10", Construction # 8

[2019-01-24 20:18:28,821] EPLUS_ENV_Part1-Light-Shg-Train-v1_MainThread-EPLUSPROCESS_EPI_0 INFO:Calculating CTFs for "EXTWALL_LIGHT_ASHRAE901_2013_ZONE3", Construction # 9

[2019-01-24 20:18:28,821] EPLUS_ENV_Part1-Light-Shg-Train-v1_MainThread-EPLUSPROCESS_EPI_0 INFO:Calculating CTFs for "17", Construction # 10

[2019-01-24 20:18:28,821] EPLUS_ENV_Part1-Light-Shg-Train-v1_MainThread-EPLUSPROCESS_EPI_0 INFO:Calculating CTFs for "18", Construction # 11

[2019-01-24 20:18:28,821] EPLUS_ENV_Part1-Light-Shg-Train-v1_MainThread-EPLUSPROCESS_EPI_0 INFO:Calculating CTFs for "19", Construction # 12

[2019-01-24 20:18:28,821] EPLUS_ENV_Part1-Light-Shg-Train-v1_MainThread-EPLUSPROCESS_EPI_0 INFO:Calculating CTFs for "19", Construction # 12

[2019-01-24 20:18:28,821] EPLUS_ENV_Part1-Light-Shg-Train-v1_MainThread-EPLUSPROCESS_EPI_0 INFO:Calculating CTFs for "19", Construction # 12

[2019-01-24 20:18:28,821] EPLUS_ENV_Part1-Light-Shg-Train-v1_MainThread-EPLUSPROCESS_EPI_0 INFO:Calculating CTFs for "21", Construction # 13

[2019-01-24 20:18:28,821] EPLUS_ENV_Part1-Light-Shg-Train-v1_MainThread-EPLUSPROCESS_EPI_0 INFO:Calculating CTFs for "23", Construction # 15

[2019-01-24 20:18:28,821] EPLUS_ENV_Part1-Light-Shg-Train-v1_MainThread-EPLUSPROCESS_EPI_0 INFO:Calculating CTFs for "25", Construction # 17

[2019-01-24 20:18:28,821] EPLUS_ENV_Part1-Light-Shg-Train-v1_MainThread-EPLUSPROCESS_EPI_0 INFO:Calculating CTFs for "27", Construction # 18

[2019-01-24 20:18:28,822] EPLUS_ENV_Part1-Light-Shg-Train-v1_MainThread-EPLUSPROCESS_EPI_0 INFO:Calculating CTFs for "31", Construction # 19

[2019-01-24 20:18:28,822] EPLUS_ENV_Part1-Light-Shg-Train-v1_MainThread-EPLUSPROCESS_EPI_0 INFO:Calculating CTFs for "35", Construction # 21

[2019-01-24 20:18:28,822] EPLUS_ENV_Part1-Light-Shg-Train-v1_MainThread-EPLUSPROCESS_EPI_0 INFO:Calculating CTFs for "41", Construction # 22

[2019-01-24 20:18:28,822] EPLUS_ENV_Part1-Light-Shg-Train-v1_MainThread-EPLUSPROCESS_EPI_0 INFO:Calculating CTFs for "42", Construction # 23

[2019-01-24 20:18:28,822] EPLUS_ENV_Part1-Light-Shg-Train-v1_MainThread-EPLUSPROCESS_EPI_0 INFO:Calculating CTFs for "43", Construction # 24

[2019-01-24 20:18:28,822] EPLUS_ENV_Part1-Light-Shg-Train-v1_MainThread-EPLUSPROCESS_EPI_0 INFO:Calculating CTFs for "43", Construction # 24

[2019-01-24 20:18:28,822] EPLUS_ENV_Part1-Light-Shg-Train-v1_MainThread-EPLUSPROCESS_EPI_0 INFO:Calculating CTFs for "43", Construction # 24

[2019-01-24 20:18:28,822] EPLUS_ENV_Part1-Light-Shg-Train-v1_MainThread-EPLUSPROCESS_EPI_0 INFO:Calculating CTFs for "49", Construction # 26

[2019-01-24 20:18:28,822] EPLUS_ENV_Part1-Light-Shg-Train-v1_MainThread-EPLUSPROCESS_EPI_0 INFO:Calculating CTFs for "49", Construction # 26

[2019-01-24 20:18:28,822] EPLUS_ENV_Part1-Light-Shg-Train-v1_MainThread-EPLUSPROCESS_EPI_0 INFO:Calculating CTFs for "49", Construction # 26

[2019-01-24 20:18:28,822] EPLUS_ENV_Part1-Light-Shg-Train-v1_MainThread-EPLUSPROCESS_EPI_0 INFO:Calculating CTFs for "51", Construction # 27

[2019-01-24 20:18:28,822] EPLUS_ENV_Part1-Light-Shg-Train-v1_MainThread-EPLUSPROCESS_EPI_0 INFO:Calculating CTFs for "52", Construction # 28

[2019-01-24 20:18:28,823] EPLUS_ENV_Part1-Light-Shg-Train-v1_MainThread-EPLUSPROCESS_EPI_0 INFO:Calculating CTFs for "57", Construction # 29

[2019-01-24 20:18:28,823] EPLUS_ENV_Part1-Light-Shg-Train-v1_MainThread-EPLUSPROCESS_EPI_0 INFO:Calculating CTFs for "57", Construction # 29

[2019-01-24 20:18:28,823] EPLUS_ENV_Part1-Light-Shg-Train-v1_MainThread-EPLUSPROCESS_EPI_0 INFO:Calculating CTFs for "57", Construction # 29

[2019-01-24 20:18:28,823] EPLUS_ENV_Part1-Light-Shg-Train-v1_MainThread-EPLUSPROCESS_EPI_0 INFO:Calculating CTFs for "57", Construction # 29

[2019-01-24 20:18:28,823] EPLUS_ENV_Part1-Light-Shg-Train-v1_MainThread-EPLUSPROCESS_EPI_0 INFO:Calculating CTFs for "57", Construction # 29

[2019-01-24 20:18:28,823] EPLUS_ENV_Part1-Light-Shg-Train-v1_MainThread-EPLUSPROCESS_EPI_0 INFO:Calculating CTFs for "57", Construction # 29

[2019-01-24 20:18:28,823] EPLUS_ENV_Part1-Light-Shg-Train-v1_MainThread-EPLUSPROCESS_EPI_0 INFO:Calculating CTFs for "57", Construction # 29

[2019-01-24 20:18:28,823] EPLUS_ENV_Part1-Light-Shg-Train-v1_MainThread-EPLUSPROCESS_EPI_0 INFO:Calculating CTFs for "57", Construction # 29

[2019-01-24 20:18:28,823] EPLUS_ENV_Part1-Light-Shg-Train-v1_MainThread-EPLUSPROCESS_EPI_0 INFO:Calculating CTFs for "57", Construction # 29

[2019-01-24 20:18:28,823] EPLUS_ENV_Part1-Light-Shg-Train-v1_MainThread-EPLUSPROCESS_EPI_0 INFO:Calculating CTFs for "59", Construction # 30

[2019-01-24 20:18:28,823] EPLUS_ENV_Part1-Light-Shg-Train-v1_MainThread-EPLUSPROCESS_EPI_0 INFO:Calculating CTFs for "59", Construction # 30

[2019-01-24 20:18:28,823] EPLUS_ENV_Part1-Light-Shg-Train-v1_MainThread-EPLUSPROCESS_EPI_0 INFO:Calculating CTFs for "59", Construction # 30

[2019-01-24 20:18:28,823] EPLUS_ENV_Part1-Light-Shg-Train-v1_MainThread-EPLUSPROCESS_EPI_0 INFO:Calculating CTFs for "65", Construction # 31

[2019-01-24 20:18:28,824] EPLUS_ENV_Part1-Light-Shg-Train-v1_MainThread-EPLUSPROCESS_EPI_0 INFO:Calculating CTFs for "ROOF_LIGHT_ASHRAE901_2013_ZONE3", Construction # 34

[2019-01-24 20:18:28,824] EPLUS_ENV_Part1-Light-Shg-Train-v1_MainThread-EPLUSPROCESS_EPI_0 INFO:Calculating CTFs for "75", Construction # 35

[2019-01-24 20:18:28,824] EPLUS_ENV_Part1-Light-Shg-Train-v1_MainThread-EPLUSPROCESS_EPI_0 INFO:Calculating CTFs for "83", Construction # 36

[2019-01-24 20:18:28,824] EPLUS_ENV_Part1-Light-Shg-Train-v1_MainThread-EPLUSPROCESS_EPI_0 INFO:Calculating CTFs for "85", Construction # 38

[2019-01-24 20:18:28,824] EPLUS_ENV_Part1-Light-Shg-Train-v1_MainThread-EPLUSPROCESS_EPI_0 INFO:Initializing Window Optical Properties

[2019-01-24 20:18:28,824] EPLUS_ENV_Part1-Light-Shg-Train-v1_MainThread-EPLUSPROCESS_EPI_0 INFO:Initializing Solar Calculations

[2019-01-24 20:18:28,824] EPLUS_ENV_Part1-Light-Shg-Train-v1_MainThread-EPLUSPROCESS_EPI_0 INFO:Allocate Solar Module Arrays

[2019-01-24 20:18:28,824] EPLUS_ENV_Part1-Light-Shg-Train-v1_MainThread-EPLUSPROCESS_EPI_0 INFO:Initializing Zone Report Variables

[2019-01-24 20:18:28,824] EPLUS_ENV_Part1-Light-Shg-Train-v1_MainThread-EPLUSPROCESS_EPI_0 INFO:Initializing Surface (Shading) Report Variables

[2019-01-24 20:18:28,824] EPLUS_ENV_Part1-Light-Shg-Train-v1_MainThread-EPLUSPROCESS_EPI_0 INFO:Computing Interior Solar Absorption Factors

[2019-01-24 20:18:28,824] EPLUS_ENV_Part1-Light-Shg-Train-v1_MainThread-EPLUSPROCESS_EPI_0 INFO:Determining Shadowing Combinations

[2019-01-24 20:18:28,824] EPLUS_ENV_Part1-Light-Shg-Train-v1_MainThread-EPLUSPROCESS_EPI_0 INFO:Computing Window Shade Absorption Factors

[2019-01-24 20:18:28,825] EPLUS_ENV_Part1-Light-Shg-Train-v1_MainThread-EPLUSPROCESS_EPI_0 INFO:Proceeding with Initializing Solar Calculations

[2019-01-24 20:18:28,825] EPLUS_ENV_Part1-Light-Shg-Train-v1_MainThread-EPLUSPROCESS_EPI_0 INFO:Initializing Surfaces

[2019-01-24 20:18:28,825] EPLUS_ENV_Part1-Light-Shg-Train-v1_MainThread-EPLUSPROCESS_EPI_0 INFO:Initializing Outdoor environment for Surfaces

[2019-01-24 20:18:28,825] EPLUS_ENV_Part1-Light-Shg-Train-v1_MainThread-EPLUSPROCESS_EPI_0 INFO:Setting up Surface Reporting Variables

[2019-01-24 20:18:28,825] EPLUS_ENV_Part1-Light-Shg-Train-v1_MainThread-EPLUSPROCESS_EPI_0 INFO:Initializing Temperature and Flux Histories

[2019-01-24 20:18:28,825] EPLUS_ENV_Part1-Light-Shg-Train-v1_MainThread-EPLUSPROCESS_EPI_0 INFO:Initializing Window Shading

[2019-01-24 20:18:28,825] EPLUS_ENV_Part1-Light-Shg-Train-v1_MainThread-EPLUSPROCESS_EPI_0 INFO:Computing Interior Absorption Factors

[2019-01-24 20:18:28,825] EPLUS_ENV_Part1-Light-Shg-Train-v1_MainThread-EPLUSPROCESS_EPI_0 INFO:Computing Interior Diffuse Solar Absorption Factors

[2019-01-24 20:18:28,825] EPLUS_ENV_Part1-Light-Shg-Train-v1_MainThread-EPLUSPROCESS_EPI_0 INFO:Computing Interior Diffuse Solar Exchange through Interzone Windows

[2019-01-24 20:18:28,825] EPLUS_ENV_Part1-Light-Shg-Train-v1_MainThread-EPLUSPROCESS_EPI_0 INFO:Initializing Solar Heat Gains

[2019-01-24 20:18:28,825] EPLUS_ENV_Part1-Light-Shg-Train-v1_MainThread-EPLUSPROCESS_EPI_0 INFO:Initializing Internal Heat Gains

[2019-01-24 20:18:28,825] EPLUS_ENV_Part1-Light-Shg-Train-v1_MainThread-EPLUSPROCESS_EPI_0 INFO:Initializing Interior Solar Distribution

[2019-01-24 20:18:28,825] EPLUS_ENV_Part1-Light-Shg-Train-v1_MainThread-EPLUSPROCESS_EPI_0 INFO:Initializing Interior Convection Coefficients

[2019-01-24 20:18:28,826] EPLUS_ENV_Part1-Light-Shg-Train-v1_MainThread-EPLUSPROCESS_EPI_0 INFO:Gathering Information for Predefined Reporting

[2019-01-24 20:18:28,826] EPLUS_ENV_Part1-Light-Shg-Train-v1_MainThread-EPLUSPROCESS_EPI_0 INFO:Completed Initializing Surface Heat Balance

[2019-01-24 20:18:28,826] EPLUS_ENV_Part1-Light-Shg-Train-v1_MainThread-EPLUSPROCESS_EPI_0 INFO:Calculate Outside Surface Heat Balance

[2019-01-24 20:18:28,826] EPLUS_ENV_Part1-Light-Shg-Train-v1_MainThread-EPLUSPROCESS_EPI_0 INFO:Calculate Inside Surface Heat Balance

[2019-01-24 20:18:28,826] EPLUS_ENV_Part1-Light-Shg-Train-v1_MainThread-EPLUSPROCESS_EPI_0 INFO:Calculate Air Heat Balance

[2019-01-24 20:18:28,826] EPLUS_ENV_Part1-Light-Shg-Train-v1_MainThread-EPLUSPROCESS_EPI_0 INFO:Initializing HVAC

[2019-01-24 20:18:28,826] EPLUS_ENV_Part1-Light-Shg-Train-v1_MainThread-EPLUSPROCESS_EPI_0 INFO:Warming up

[2019-01-24 20:18:28,826] EPLUS_ENV_Part1-Light-Shg-Train-v1_MainThread-EPLUSPROCESS_EPI_0 INFO:Warming up

[2019-01-24 20:18:28,826] EPLUS_ENV_Part1-Light-Shg-Train-v1_MainThread-EPLUSPROCESS_EPI_0 INFO:Warming up

[2019-01-24 20:18:28,826] EPLUS_ENV_Part1-Light-Shg-Train-v1_MainThread-EPLUSPROCESS_EPI_0 INFO:Warming up

[2019-01-24 20:18:28,826] EPLUS_ENV_Part1-Light-Shg-Train-v1_MainThread-EPLUSPROCESS_EPI_0 INFO:Warming up

[2019-01-24 20:18:28,826] EPLUS_ENV_Part1-Light-Shg-Train-v1_MainThread-EPLUSPROCESS_EPI_0 INFO:Warming up

[2019-01-24 20:18:28,827] EPLUS_ENV_Part1-Light-Shg-Train-v1_MainThread-EPLUSPROCESS_EPI_0 INFO:Warming up

[2019-01-24 20:18:28,827] EPLUS_ENV_Part1-Light-Shg-Train-v1_MainThread-EPLUSPROCESS_EPI_0 INFO:Warming up

[2019-01-24 20:18:28,827] EPLUS_ENV_Part1-Light-Shg-Train-v1_MainThread-EPLUSPROCESS_EPI_0 INFO:Warming up

[2019-01-24 20:18:28,827] EPLUS_ENV_Part1-Light-Shg-Train-v1_MainThread-EPLUSPROCESS_EPI_0 INFO:Warming up

[2019-01-24 20:18:28,827] EPLUS_ENV_Part1-Light-Shg-Train-v1_MainThread-EPLUSPROCESS_EPI_0 INFO:Warming up

[2019-01-24 20:18:28,827] EPLUS_ENV_Part1-Light-Shg-Train-v1_MainThread-EPLUSPROCESS_EPI_0 INFO:Warming up

[2019-01-24 20:18:28,827] EPLUS_ENV_Part1-Light-Shg-Train-v1_MainThread-EPLUSPROCESS_EPI_0 INFO:Warming up

[2019-01-24 20:18:28,827] EPLUS_ENV_Part1-Light-Shg-Train-v1_MainThread-EPLUSPROCESS_EPI_0 INFO:Warming up

[2019-01-24 20:18:28,827] EPLUS_ENV_Part1-Light-Shg-Train-v1_MainThread-EPLUSPROCESS_EPI_0 INFO:Warming up

[2019-01-24 20:18:28,827] EPLUS_ENV_Part1-Light-Shg-Train-v1_MainThread-EPLUSPROCESS_EPI_0 INFO:Warming up

[2019-01-24 20:18:28,827] EPLUS_ENV_Part1-Light-Shg-Train-v1_MainThread-EPLUSPROCESS_EPI_0 INFO:Warming up

[2019-01-24 20:18:28,827] EPLUS_ENV_Part1-Light-Shg-Train-v1_MainThread-EPLUSPROCESS_EPI_0 INFO:Warming up

[2019-01-24 20:18:28,827] EPLUS_ENV_Part1-Light-Shg-Train-v1_MainThread-EPLUSPROCESS_EPI_0 INFO:Warming up

[2019-01-24 20:18:28,828] EPLUS_ENV_Part1-Light-Shg-Train-v1_MainThread-EPLUSPROCESS_EPI_0 INFO:Warming up

[2019-01-24 20:18:28,828] EPLUS_ENV_Part1-Light-Shg-Train-v1_MainThread-EPLUSPROCESS_EPI_0 INFO:Warming up

[2019-01-24 20:18:28,828] EPLUS_ENV_Part1-Light-Shg-Train-v1_MainThread-EPLUSPROCESS_EPI_0 INFO:Warming up

[2019-01-24 20:18:28,828] EPLUS_ENV_Part1-Light-Shg-Train-v1_MainThread-EPLUSPROCESS_EPI_0 INFO:Warming up

[2019-01-24 20:18:28,828] EPLUS_ENV_Part1-Light-Shg-Train-v1_MainThread-EPLUSPROCESS_EPI_0 INFO:Warming up

[2019-01-24 20:18:28,828] EPLUS_ENV_Part1-Light-Shg-Train-v1_MainThread-EPLUSPROCESS_EPI_0 INFO:Warming up

[2019-01-24 20:18:28,828] EPLUS_ENV_Part1-Light-Shg-Train-v1_MainThread-EPLUSPROCESS_EPI_0 INFO:Performing Zone Sizing Simulation

[2019-01-24 20:18:28,828] EPLUS_ENV_Part1-Light-Shg-Train-v1_MainThread-EPLUSPROCESS_EPI_0 INFO:...for Sizing Period: #1 SUMMER DESIGN DAY IN PHIPPS_CSL_BUILDING

[2019-01-24 20:18:28,828] EPLUS_ENV_Part1-Light-Shg-Train-v1_MainThread-EPLUSPROCESS_EPI_0 INFO:Warming up

[2019-01-24 20:18:28,828] EPLUS_ENV_Part1-Light-Shg-Train-v1_MainThread-EPLUSPROCESS_EPI_0 INFO:Warming up

[2019-01-24 20:18:28,828] EPLUS_ENV_Part1-Light-Shg-Train-v1_MainThread-EPLUSPROCESS_EPI_0 INFO:Warming up

[2019-01-24 20:18:28,828] EPLUS_ENV_Part1-Light-Shg-Train-v1_MainThread-EPLUSPROCESS_EPI_0 INFO:Warming up

[2019-01-24 20:18:28,828] EPLUS_ENV_Part1-Light-Shg-Train-v1_MainThread-EPLUSPROCESS_EPI_0 INFO:Warming up

[2019-01-24 20:18:28,829] EPLUS_ENV_Part1-Light-Shg-Train-v1_MainThread-EPLUSPROCESS_EPI_0 INFO:Warming up

[2019-01-24 20:18:28,829] EPLUS_ENV_Part1-Light-Shg-Train-v1_MainThread-EPLUSPROCESS_EPI_0 INFO:Warming up

[2019-01-24 20:18:28,829] EPLUS_ENV_Part1-Light-Shg-Train-v1_MainThread-EPLUSPROCESS_EPI_0 INFO:Warming up

[2019-01-24 20:18:28,829] EPLUS_ENV_Part1-Light-Shg-Train-v1_MainThread-EPLUSPROCESS_EPI_0 INFO:Warming up

[2019-01-24 20:18:28,829] EPLUS_ENV_Part1-Light-Shg-Train-v1_MainThread-EPLUSPROCESS_EPI_0 INFO:Warming up

[2019-01-24 20:18:28,829] EPLUS_ENV_Part1-Light-Shg-Train-v1_MainThread-EPLUSPROCESS_EPI_0 INFO:Warming up

[2019-01-24 20:18:28,829] EPLUS_ENV_Part1-Light-Shg-Train-v1_MainThread-EPLUSPROCESS_EPI_0 INFO:Warming up

[2019-01-24 20:18:28,829] EPLUS_ENV_Part1-Light-Shg-Train-v1_MainThread-EPLUSPROCESS_EPI_0 INFO:Warming up

[2019-01-24 20:18:28,829] EPLUS_ENV_Part1-Light-Shg-Train-v1_MainThread-EPLUSPROCESS_EPI_0 INFO:Warming up

[2019-01-24 20:18:28,829] EPLUS_ENV_Part1-Light-Shg-Train-v1_MainThread-EPLUSPROCESS_EPI_0 INFO:Warming up

[2019-01-24 20:18:28,829] EPLUS_ENV_Part1-Light-Shg-Train-v1_MainThread-EPLUSPROCESS_EPI_0 INFO:Warming up

[2019-01-24 20:18:28,829] EPLUS_ENV_Part1-Light-Shg-Train-v1_MainThread-EPLUSPROCESS_EPI_0 INFO:Warming up

[2019-01-24 20:18:28,830] EPLUS_ENV_Part1-Light-Shg-Train-v1_MainThread-EPLUSPROCESS_EPI_0 INFO:Warming up

[2019-01-24 20:18:28,830] EPLUS_ENV_Part1-Light-Shg-Train-v1_MainThread-EPLUSPROCESS_EPI_0 INFO:Warming up

[2019-01-24 20:18:28,830] EPLUS_ENV_Part1-Light-Shg-Train-v1_MainThread-EPLUSPROCESS_EPI_0 INFO:Warming up

[2019-01-24 20:18:28,830] EPLUS_ENV_Part1-Light-Shg-Train-v1_MainThread-EPLUSPROCESS_EPI_0 INFO:Warming up

[2019-01-24 20:18:28,830] EPLUS_ENV_Part1-Light-Shg-Train-v1_MainThread-EPLUSPROCESS_EPI_0 INFO:Warming up

[2019-01-24 20:18:28,830] EPLUS_ENV_Part1-Light-Shg-Train-v1_MainThread-EPLUSPROCESS_EPI_0 INFO:Warming up

[2019-01-24 20:18:28,830] EPLUS_ENV_Part1-Light-Shg-Train-v1_MainThread-EPLUSPROCESS_EPI_0 INFO:Warming up

[2019-01-24 20:18:28,830] EPLUS_ENV_Part1-Light-Shg-Train-v1_MainThread-EPLUSPROCESS_EPI_0 INFO:Warming up

[2019-01-24 20:18:28,830] EPLUS_ENV_Part1-Light-Shg-Train-v1_MainThread-EPLUSPROCESS_EPI_0 INFO:Performing Zone Sizing Simulation

[2019-01-24 20:18:28,830] EPLUS_ENV_Part1-Light-Shg-Train-v1_MainThread-EPLUSPROCESS_EPI_0 INFO:...for Sizing Period: #2 WINTER DESIGN DAY IN PHIPPS_CSL_BUILDING

[2019-01-24 20:18:28,830] EPLUS_ENV_Part1-Light-Shg-Train-v1_MainThread-EPLUSPROCESS_EPI_0 INFO:Calculating System sizing

[2019-01-24 20:18:28,830] EPLUS_ENV_Part1-Light-Shg-Train-v1_MainThread-EPLUSPROCESS_EPI_0 INFO:...for Sizing Period: #1 SUMMER DESIGN DAY IN PHIPPS_CSL_BUILDING

[2019-01-24 20:18:28,831] EPLUS_ENV_Part1-Light-Shg-Train-v1_MainThread-EPLUSPROCESS_EPI_0 INFO:Calculating System sizing

[2019-01-24 20:18:28,831] EPLUS_ENV_Part1-Light-Shg-Train-v1_MainThread-EPLUSPROCESS_EPI_0 INFO:...for Sizing Period: #2 WINTER DESIGN DAY IN PHIPPS_CSL_BUILDING

[2019-01-24 20:18:28,831] EPLUS_ENV_Part1-Light-Shg-Train-v1_MainThread-EPLUSPROCESS_EPI_0 INFO:Initializing Simulation

[2019-01-24 20:18:28,831] EPLUS_ENV_Part1-Light-Shg-Train-v1_MainThread-EPLUSPROCESS_EPI_0 INFO:Reporting Surfaces

[2019-01-24 20:18:28,831] EPLUS_ENV_Part1-Light-Shg-Train-v1_MainThread-EPLUSPROCESS_EPI_0 INFO:Beginning Primary Simulation

[2019-01-24 20:18:28,831] EPLUS_ENV_Part1-Light-Shg-Train-v1_MainThread-EPLUSPROCESS_EPI_0 INFO:Initializing New Environment Parameters

[2019-01-24 20:18:28,831] EPLUS_ENV_Part1-Light-Shg-Train-v1_MainThread-EPLUSPROCESS_EPI_0 INFO:Warming up {1}

[2019-01-24 20:18:28,831] EPLUS_ENV_Part1-Light-Shg-Train-v1_MainThread-EPLUSPROCESS_EPI_0 INFO:Instantiating Building Controls Virtual Test Bed

[2019-01-24 20:18:28,831] EPLUS_ENV_Part1-Light-Shg-Train-v1_MainThread-EPLUSPROCESS_EPI_0 INFO:ExternalInterface initializes.

[2019-01-24 20:18:28,831] EPLUS_ENV_Part1-Light-Shg-Train-v1_MainThread-EPLUSPROCESS_EPI_0 INFO:Number of outputs in ExternalInterface = 71

[2019-01-24 20:18:28,831] EPLUS_ENV_Part1-Light-Shg-Train-v1_MainThread-EPLUSPROCESS_EPI_0 INFO:Number of inputs  in ExternalInterface = 1

[2019-01-24 20:18:28,831] EPLUS_ENV_Part1-Light-Shg-Train-v1_MainThread-EPLUSPROCESS_EPI_0 INFO:Warming up {2}

[2019-01-24 20:18:28,832] EPLUS_ENV_Part1-Light-Shg-Train-v1_MainThread-EPLUSPROCESS_EPI_0 INFO:Warming up {3}

[2019-01-24 20:18:28,832] EPLUS_ENV_Part1-Light-Shg-Train-v1_MainThread-EPLUSPROCESS_EPI_0 INFO:Warming up {4}

[2019-01-24 20:18:28,832] EPLUS_ENV_Part1-Light-Shg-Train-v1_MainThread-EPLUSPROCESS_EPI_0 INFO:Warming up {5}

[2019-01-24 20:18:28,832] EPLUS_ENV_Part1-Light-Shg-Train-v1_MainThread-EPLUSPROCESS_EPI_0 INFO:Warming up {6}

[2019-01-24 20:18:28,832] EPLUS_ENV_Part1-Light-Shg-Train-v1_MainThread-EPLUSPROCESS_EPI_0 INFO:Warming up {7}

[2019-01-24 20:18:28,832] EPLUS_ENV_Part1-Light-Shg-Train-v1_MainThread-EPLUSPROCESS_EPI_0 INFO:Warming up {8}

[2019-01-24 20:18:28,832] EPLUS_ENV_Part1-Light-Shg-Train-v1_MainThread-EPLUSPROCESS_EPI_0 INFO:Warming up {9}

[2019-01-24 20:18:28,832] EPLUS_ENV_Part1-Light-Shg-Train-v1_MainThread-EPLUSPROCESS_EPI_0 INFO:Warming up {10}

[2019-01-24 20:18:28,832] EPLUS_ENV_Part1-Light-Shg-Train-v1_MainThread-EPLUSPROCESS_EPI_0 INFO:Warming up {11}

[2019-01-24 20:18:28,832] EPLUS_ENV_Part1-Light-Shg-Train-v1_MainThread-EPLUSPROCESS_EPI_0 INFO:Warming up {12}

[2019-01-24 20:18:28,832] EPLUS_ENV_Part1-Light-Shg-Train-v1_MainThread-EPLUSPROCESS_EPI_0 INFO:Warming up {13}

[2019-01-24 20:18:28,832] EPLUS_ENV_Part1-Light-Shg-Train-v1_MainThread-EPLUSPROCESS_EPI_0 INFO:Warming up {14}

[2019-01-24 20:18:28,832] EPLUS_ENV_Part1-Light-Shg-Train-v1_MainThread-EPLUSPROCESS_EPI_0 INFO:Warming up {15}

[2019-01-24 20:18:28,833] EPLUS_ENV_Part1-Light-Shg-Train-v1_MainThread-EPLUSPROCESS_EPI_0 INFO:Warming up {16}

[2019-01-24 20:18:28,833] EPLUS_ENV_Part1-Light-Shg-Train-v1_MainThread-EPLUSPROCESS_EPI_0 INFO:Warming up {17}

[2019-01-24 20:18:28,833] EPLUS_ENV_Part1-Light-Shg-Train-v1_MainThread-EPLUSPROCESS_EPI_0 INFO:Warming up {18}

[2019-01-24 20:18:28,833] EPLUS_ENV_Part1-Light-Shg-Train-v1_MainThread-EPLUSPROCESS_EPI_0 INFO:Warming up {19}

[2019-01-24 20:18:28,833] EPLUS_ENV_Part1-Light-Shg-Train-v1_MainThread-EPLUSPROCESS_EPI_0 INFO:Warming up {20}

[2019-01-24 20:18:28,833] EPLUS_ENV_Part1-Light-Shg-Train-v1_MainThread-EPLUSPROCESS_EPI_0 INFO:Warming up {21}

[2019-01-24 20:18:28,833] EPLUS_ENV_Part1-Light-Shg-Train-v1_MainThread-EPLUSPROCESS_EPI_0 INFO:Warming up {22}

[2019-01-24 20:18:28,833] EPLUS_ENV_Part1-Light-Shg-Train-v1_MainThread-EPLUSPROCESS_EPI_0 INFO:Warming up {23}

[2019-01-24 20:18:28,833] EPLUS_ENV_Part1-Light-Shg-Train-v1_MainThread-EPLUSPROCESS_EPI_0 INFO:Warming up {24}

[2019-01-24 20:18:28,833] EPLUS_ENV_Part1-Light-Shg-Train-v1_MainThread-EPLUSPROCESS_EPI_0 INFO:Warming up {25}

[2019-01-24 20:18:28,833] EPLUS_ENV_Part1-Light-Shg-Train-v1_MainThread-EPLUSPROCESS_EPI_0 INFO:Starting Simulation at 06/01 for PHIPPS_CSL_BUILDING_SUMMER

[2019-01-24 20:18:28,833] EPLUS_ENV_Part1-Light-Shg-Train-v1_MainThread-EPLUSPROCESS_EPI_0 INFO:ExternalInterface starts first data exchange.

[2019-01-24 20:18:28,833] EPLUS_ENV_Part1-Light-Shg-Train-v1_MainThread-EPLUSPROCESS_EPI_0 INFO:Updating Shadowing Calculations, Start Date=06/21

[2019-01-24 20:18:28,833] EPLUS_ENV_Part1-Light-Shg-Train-v1_MainThread-EPLUSPROCESS_EPI_0 INFO:Continuing Simulation at 06/21 for PHIPPS_CSL_BUILDING_SUMMER

[2019-01-24 20:18:28,833] EPLUS_ENV_Part1-Light-Shg-Train-v1_MainThread-EPLUSPROCESS_EPI_0 INFO:Updating Shadowing Calculations, Start Date=07/11

[2019-01-24 20:18:28,833] EPLUS_ENV_Part1-Light-Shg-Train-v1_MainThread-EPLUSPROCESS_EPI_0 INFO:Continuing Simulation at 07/11 for PHIPPS_CSL_BUILDING_SUMMER

[2019-01-24 20:18:28,833] EPLUS_ENV_Part1-Light-Shg-Train-v1_MainThread-EPLUSPROCESS_EPI_0 INFO:Updating Shadowing Calculations, Start Date=07/31

[2019-01-24 20:18:28,833] EPLUS_ENV_Part1-Light-Shg-Train-v1_MainThread-EPLUSPROCESS_EPI_0 INFO:Continuing Simulation at 07/31 for PHIPPS_CSL_BUILDING_SUMMER

[2019-01-24 20:18:28,833] EPLUS_ENV_Part1-Light-Shg-Train-v1_MainThread-EPLUSPROCESS_EPI_0 INFO:Updating Shadowing Calculations, Start Date=08/20

[2019-01-24 20:18:28,833] EPLUS_ENV_Part1-Light-Shg-Train-v1_MainThread-EPLUSPROCESS_EPI_0 INFO:Continuing Simulation at 08/20 for PHIPPS_CSL_BUILDING_SUMMER

[2019-01-24 20:18:28,833] EPLUS_ENV_Part1-Light-Shg-Train-v1_MainThread-EPLUSPROCESS_EPI_0 INFO:Writing tabular output file results using comma format.

[2019-01-24 20:18:28,833] EPLUS_ENV_Part1-Light-Shg-Train-v1_MainThread-EPLUSPROCESS_EPI_0 INFO:Writing tabular output file results using HTML format.

[2019-01-24 20:18:28,834] EPLUS_ENV_Part1-Light-Shg-Train-v1_MainThread-EPLUSPROCESS_EPI_0 INFO:Writing final SQL reports

[2019-01-24 20:18:28,834] EPLUS_ENV_Part1-Light-Shg-Train-v1_MainThread-EPLUSPROCESS_EPI_0 INFO:EnergyPlus Run Time=00hr 03min 48.57sec

[2019-01-24 20:18:29,823] A3C_AGENT_WORKER-Thread-3 INFO:Global step: 0, evaluation results [0.0, 7560.391663631377, 742172309.0384, 2251.0, 6988.832321006969, 798088006.3129251, 10990.0, 7154.3451802911095, 775134321.2081296, 7489.0]
[2019-01-24 20:18:31,673] A3C_AGENT_WORKER-Thread-13 DEBUG:Policy network output: [0.01943599 0.01655773 0.01233671 0.08165514 0.02478023 0.03865016
 0.02932478 0.02583654 0.03274033 0.05526926 0.02278823 0.06464494
 0.09867856 0.03714862 0.04659314 0.05071853 0.01355246 0.02250341
 0.09553724 0.03197796 0.05646486 0.0287962  0.01401562 0.04952843
 0.03046492], sum to 1.0000
[2019-01-24 20:18:31,675] A3C_AGENT_WORKER-Thread-13 DEBUG:Softmax action selection sampled number: 0.9140
[2019-01-24 20:18:31,780] A3C_AGENT_WORKER-Thread-13 DEBUG:TRAINING DEBUG INFO ======>>>>>>>>>>>>>>>>>>>>>>>>>>>>>>>>>>>>>>>>>>>>>>>>Current H regulation is 0.0000, 
Environment debug: raw action idx is 22, 
current raw observation is [20.26666666666667, 84.16666666666667, 0.0, 0.0, 20.93883859875378, 20.74108387428992, 20.04458064914479, 20.47492604318482, 20.27894992559667, 20.64309297398114, 20.41444941766047, 20.40225824306741, 20.48409686681789, 21.6671394499661, 22.04970606887462, 21.20880527377514, 21.31142027772094, 21.30208996593183, 21.36142237921103, 21.42631895171438, 21.50409528115832, 21.3149920666176, 21.47629403908015, 20.13798293463546, 21.38817813372742, 21.38413060212705, 27.69218330433973, 28.33788446360708, 28.22265186177273, 28.48710269079162, 27.27232959049796, 28.08107430646134, 27.29197916800803, 28.42774028800627, 28.62649455856619, 28.06880496126075, 28.73118809275143, 27.86200251182329, 27.81169074331007, 27.39389019545137, 27.85137966055026, 29.41666947526648, 28.01042957143079, 28.26439736504022, 27.84721816004829, 27.24403138582001, 28.29955442118308, 28.47870098793473, 17.69218330433973, 18.33788446360708, 18.22265186177273, 18.48710269079162, 17.27232959049796, 18.08107430646134, 17.29197916800803, 18.42774028800627, 18.62649455856619, 18.06880496126075, 18.73118809275143, 17.86200251182329, 17.81169074331007, 17.39389019545137, 17.85137966055026, 19.41666947526648, 18.01042957143079, 18.26439736504022, 17.84721816004829, 17.24403138582001, 18.29955442118308, 18.47870098793473, 34273.56931574535], 
current ob forecast is [], 
actual action is [23.0], 
sim time this is 4200.0000, 
sim time next is 4800.0000, 
raw observation next is [20.33333333333334, 84.33333333333334, 0.0, 0.0, 21.13029160427868, 20.98006297133563, 20.16818328100346, 20.56732261446385, 20.69993027366386, 20.77882463628229, 20.45433952353094, 20.50397094204557, 20.57644410365785, 21.85204434035015, 22.30772121191658, 21.27191946365989, 21.45611823141882, 21.44283013474254, 21.49590369711018, 21.66236394342485, 21.91345902012819, 21.79425284066312, 21.55712929766722, 21.22478490761702, 21.52039809330658, 21.47310170273751, 27.69218330433973, 28.33788446360708, 28.22265186177273, 28.48710269079162, 27.27232959049796, 28.08107430646134, 27.29197916800803, 28.42774028800627, 28.62649455856619, 28.06880496126075, 28.73118809275143, 27.86200251182329, 27.81169074331007, 27.39389019545137, 27.85137966055026, 29.41666947526648, 28.01042957143079, 28.26439736504022, 27.84721816004829, 27.24403138582001, 28.29955442118308, 28.47870098793473, 17.69218330433973, 18.33788446360708, 18.22265186177273, 18.48710269079162, 17.27232959049796, 18.08107430646134, 17.29197916800803, 18.42774028800627, 18.62649455856619, 18.06880496126075, 18.73118809275143, 17.86200251182329, 17.81169074331007, 17.39389019545137, 17.85137966055026, 19.41666947526648, 18.01042957143079, 18.26439736504022, 17.84721816004829, 17.24403138582001, 18.29955442118308, 18.47870098793473, 25078.86969736485], 
processed observation next is [1.0, 0.043478260869565216, 0.158730158730159, 0.8433333333333334, 0.0, 0.0, 0.3130291604278678, 0.2980062971335631, 0.21681832810034612, 0.2567322614463851, 0.269993027366386, 0.2778824636282291, 0.24543395235309404, 0.2503970942045569, 0.2576444103657849, 0.3852044340350151, 0.4307721211916579, 0.32719194636598914, 0.345611823141882, 0.34428301347425394, 0.349590369711018, 0.366236394342485, 0.39134590201281905, 0.379425284066312, 0.35571292976672203, 0.3224784907617021, 0.35203980933065787, 0.3473101702737509, 0.9692183304339729, 1.0337884463607079, 1.022265186177273, 1.0487102690791619, 0.9272329590497961, 1.008107430646134, 0.929197916800803, 1.0427740288006269, 1.062649455856619, 1.0068804961260749, 1.0731188092751431, 0.9862002511823291, 0.981169074331007, 0.939389019545137, 0.9851379660550261, 1.141666947526648, 1.001042957143079, 1.026439736504022, 0.9847218160048289, 0.9244031385820008, 1.029955442118308, 1.047870098793473, -0.030781669566027146, 0.03378844636070788, 0.022265186177272866, 0.04871026907916196, -0.07276704095020392, 0.008107430646133906, -0.07080208319919698, 0.04277402880062695, 0.06264945585661899, 0.006880496126074931, 0.0731188092751431, -0.013799748817670831, -0.018830925668993005, -0.06061098045486304, -0.014862033944973874, 0.1416669475266481, 0.001042957143079093, 0.026439736504022093, -0.01527818399517109, -0.07559686141799915, 0.029955442118307828, 0.04787009879347295, 0.1791347835526061], 
reward next is 0.8209, 
noisyNet noise sample is [array([-0.5442377], dtype=float32), -0.24507761]. 
=============================================
[2019-01-24 20:18:33,343] A3C_AGENT_WORKER-Thread-16 DEBUG:Policy network output: [0.01848054 0.01393922 0.01704116 0.0416932  0.02262168 0.03248514
 0.04590924 0.02844537 0.06486003 0.05699218 0.01681957 0.07248072
 0.09830743 0.03185058 0.06582738 0.06199256 0.01051039 0.03873863
 0.09932876 0.03892616 0.02621602 0.0240393  0.01114882 0.03278628
 0.0285596 ], sum to 1.0000
[2019-01-24 20:18:33,344] A3C_AGENT_WORKER-Thread-16 DEBUG:Softmax action selection sampled number: 0.9820
[2019-01-24 20:18:33,472] A3C_AGENT_WORKER-Thread-16 DEBUG:TRAINING DEBUG INFO ======>>>>>>>>>>>>>>>>>>>>>>>>>>>>>>>>>>>>>>>>>>>>>>>>Current H regulation is 0.0000, 
Environment debug: raw action idx is 24, 
current raw observation is [24.03333333333333, 76.0, 380.0, 150.8333333333333, 23.03189475188293, 22.40147580101819, 20.86763068505558, 23.28879453459466, 23.92549114346685, 23.1524030512908, 23.10865288997825, 23.63985136319746, 23.58124192154119, 23.89719788459259, 24.04971567942968, 22.90336113189044, 23.97077972495768, 23.37564674616088, 22.85242194089752, 23.48521922521594, 23.92262268988828, 24.77658906451618, 23.4206486842261, 22.2154538240842, 24.09958295272058, 23.58589142432017, 23.02236572870245, 22.40763532507502, 27.34177071557023, 23.70799989736843, 24.01524813911071, 23.51422586941354, 24.33931100926245, 24.02432348148505, 24.02928361640544, 24.23279078016063, 24.06014225691399, 24.21384797128093, 24.64184258534518, 23.37657191220492, 22.85788387165017, 23.47803393607927, 23.90464818025003, 25.04312282965249, 24.41788781054242, 24.14684994864696, 24.15364708802624, 25.50735742962622, 21.02236572870245, 20.40763532507502, 17.34177071557023, 21.70799989736843, 22.01524813911071, 21.51422586941354, 22.33931100926245, 22.02432348148505, 22.02928361640544, 22.23279078016063, 22.06014225691399, 22.21384797128093, 22.64184258534518, 21.37657191220492, 20.85788387165017, 21.47803393607927, 21.90464818025003, 23.04312282965249, 22.41788781054242, 22.14684994864696, 22.15364708802624, 23.50735742962622, 50473.40036144559], 
current ob forecast is [], 
actual action is [24.0], 
sim time this is 33600.0000, 
sim time next is 34200.0000, 
raw observation next is [24.25, 75.0, 393.0, 164.0, 23.02989517126647, 22.6056861406101, 21.12451745260436, 23.54775322997067, 23.99183327646862, 23.39379760330131, 23.35302958063619, 23.89718925890221, 23.81344504419743, 24.1549165405565, 24.04171548829652, 23.22296057188241, 24.32926547018121, 23.55019601255811, 23.17496246950823, 23.53895064837838, 23.92476247047212, 24.98646305887845, 23.70711365522367, 23.19585590549319, 24.15124270918295, 23.84912411581958, 23.02236572870245, 22.40763532507502, 27.34177071557023, 23.70799989736843, 24.01524813911071, 23.51422586941354, 24.33931100926245, 24.02432348148505, 24.02928361640544, 24.23279078016063, 24.06014225691399, 24.21384797128093, 24.64184258534518, 23.37657191220492, 22.85788387165017, 23.47803393607927, 23.90464818025003, 25.04312282965249, 24.41788781054242, 24.14684994864696, 24.15364708802624, 25.50735742962622, 21.02236572870245, 20.40763532507502, 17.34177071557023, 21.70799989736843, 22.01524813911071, 21.51422586941354, 22.33931100926245, 22.02432348148505, 22.02928361640544, 22.23279078016063, 22.06014225691399, 22.21384797128093, 22.64184258534518, 21.37657191220492, 20.85788387165017, 21.47803393607927, 21.90464818025003, 23.04312282965249, 22.41788781054242, 22.14684994864696, 22.15364708802624, 23.50735742962622, 65765.56607203031], 
processed observation next is [1.0, 0.391304347826087, 0.34523809523809523, 0.75, 0.7429111531190926, 0.18181818181818182, 0.5029895171266471, 0.46056861406101, 0.31245174526043584, 0.554775322997067, 0.5991833276468619, 0.5393797603301309, 0.5353029580636189, 0.5897189258902209, 0.581344504419743, 0.6154916540556499, 0.6041715488296522, 0.522296057188241, 0.6329265470181209, 0.5550196012558111, 0.5174962469508231, 0.5538950648378378, 0.5924762470472121, 0.6986463058878449, 0.5707113655223669, 0.519585590549319, 0.6151242709182949, 0.5849124115819582, 0.502236572870245, 0.440763532507502, 0.9341770715570231, 0.5707999897368431, 0.601524813911071, 0.551422586941354, 0.6339311009262449, 0.6024323481485052, 0.602928361640544, 0.6232790780160631, 0.6060142256913992, 0.621384797128093, 0.6641842585345181, 0.5376571912204919, 0.485788387165017, 0.5478033936079271, 0.5904648180250032, 0.704312282965249, 0.6417887810542421, 0.614684994864696, 0.615364708802624, 0.7507357429626221, 0.302236572870245, 0.24076353250750201, -0.06582292844297691, 0.37079998973684314, 0.40152481391107103, 0.351422586941354, 0.4339311009262449, 0.40243234814850515, 0.402928361640544, 0.42327907801606307, 0.4060142256913991, 0.42138479712809307, 0.46418425853451806, 0.337657191220492, 0.285788387165017, 0.3478033936079271, 0.39046481802500316, 0.5043122829652489, 0.44178878105424213, 0.41468499486469595, 0.415364708802624, 0.5507357429626222, 0.4697540433716451], 
reward next is 0.2132, 
noisyNet noise sample is [array([1.2857661], dtype=float32), -1.4273123]. 
=============================================
[2019-01-24 20:18:47,503] A3C_AGENT_WORKER-Thread-9 INFO:Local step 500, global step 7764: loss 24.9147
[2019-01-24 20:18:47,551] A3C_AGENT_WORKER-Thread-9 DEBUG:Local step 500, global step 7765: learning rate 0.0000
[2019-01-24 20:18:47,713] A3C_AGENT_WORKER-Thread-14 INFO:Local step 500, global step 7843: loss 15.1460
[2019-01-24 20:18:47,718] A3C_AGENT_WORKER-Thread-14 DEBUG:Local step 500, global step 7843: learning rate 0.0000
[2019-01-24 20:18:47,809] A3C_AGENT_WORKER-Thread-4 INFO:Local step 500, global step 7882: loss 21.5712
[2019-01-24 20:18:47,811] A3C_AGENT_WORKER-Thread-16 INFO:Local step 500, global step 7882: loss 30.6427
[2019-01-24 20:18:47,812] A3C_AGENT_WORKER-Thread-4 DEBUG:Local step 500, global step 7882: learning rate 0.0000
[2019-01-24 20:18:47,813] A3C_AGENT_WORKER-Thread-16 DEBUG:Local step 500, global step 7883: learning rate 0.0000
[2019-01-24 20:18:47,893] A3C_AGENT_WORKER-Thread-3 INFO:Local step 500, global step 7923: loss 23.6837
[2019-01-24 20:18:47,894] A3C_AGENT_WORKER-Thread-3 DEBUG:Local step 500, global step 7923: learning rate 0.0000
[2019-01-24 20:18:47,972] A3C_AGENT_WORKER-Thread-10 INFO:Local step 500, global step 7961: loss 26.8664
[2019-01-24 20:18:47,977] A3C_AGENT_WORKER-Thread-10 DEBUG:Local step 500, global step 7961: learning rate 0.0000
[2019-01-24 20:18:47,994] A3C_AGENT_WORKER-Thread-12 INFO:Local step 500, global step 7970: loss 24.1149
[2019-01-24 20:18:47,995] A3C_AGENT_WORKER-Thread-12 DEBUG:Local step 500, global step 7970: learning rate 0.0000
[2019-01-24 20:18:47,998] A3C_AGENT_WORKER-Thread-13 INFO:Local step 500, global step 7970: loss 21.1607
[2019-01-24 20:18:47,999] A3C_AGENT_WORKER-Thread-13 DEBUG:Local step 500, global step 7970: learning rate 0.0000
[2019-01-24 20:18:48,045] A3C_AGENT_WORKER-Thread-6 INFO:Local step 500, global step 7992: loss 20.4441
[2019-01-24 20:18:48,048] A3C_AGENT_WORKER-Thread-6 DEBUG:Local step 500, global step 7992: learning rate 0.0000
[2019-01-24 20:18:48,058] A3C_AGENT_WORKER-Thread-11 INFO:Local step 500, global step 8002: loss 19.8068
[2019-01-24 20:18:48,059] A3C_AGENT_WORKER-Thread-11 DEBUG:Local step 500, global step 8003: learning rate 0.0000
[2019-01-24 20:18:48,106] A3C_AGENT_WORKER-Thread-15 INFO:Local step 500, global step 8025: loss 29.9152
[2019-01-24 20:18:48,107] A3C_AGENT_WORKER-Thread-15 DEBUG:Local step 500, global step 8025: learning rate 0.0000
[2019-01-24 20:18:48,179] A3C_AGENT_WORKER-Thread-7 INFO:Local step 500, global step 8057: loss 26.0715
[2019-01-24 20:18:48,180] A3C_AGENT_WORKER-Thread-7 DEBUG:Local step 500, global step 8057: learning rate 0.0000
[2019-01-24 20:18:48,197] A3C_AGENT_WORKER-Thread-5 INFO:Local step 500, global step 8062: loss 34.3263
[2019-01-24 20:18:48,208] A3C_AGENT_WORKER-Thread-5 DEBUG:Local step 500, global step 8062: learning rate 0.0000
[2019-01-24 20:18:48,276] A3C_AGENT_WORKER-Thread-8 INFO:Local step 500, global step 8098: loss 28.8543
[2019-01-24 20:18:48,276] A3C_AGENT_WORKER-Thread-8 DEBUG:Local step 500, global step 8098: learning rate 0.0000
[2019-01-24 20:18:48,411] A3C_AGENT_WORKER-Thread-2 INFO:Local step 500, global step 8165: loss 23.7504
[2019-01-24 20:18:48,412] A3C_AGENT_WORKER-Thread-2 DEBUG:Local step 500, global step 8166: learning rate 0.0000
[2019-01-24 20:18:48,537] A3C_AGENT_WORKER-Thread-17 INFO:Local step 500, global step 8219: loss 30.8676
[2019-01-24 20:18:48,539] A3C_AGENT_WORKER-Thread-17 DEBUG:Local step 500, global step 8219: learning rate 0.0000
