Using TensorFlow backend.
[2019-03-26 09:44:37,558] A3C_AGENT_MAIN INFO:Namespace(action_repeat_n=1, action_space='part3_v1', activation='linear', agent_num=5, check_args_only=False, clip_norm=5.0, debug_log_prob=0.0005, decay_steps=1000000, dropout_prob=0.0, end_e=0.0, env='Part3-NA-Shg-Train-v1', eval_act_func='part3_shg_det_v1', eval_env_res_max_keep=50, eval_epi_num=1, eval_freq=25000, forecast_dim=0, gamma=0.99, h_decay_bounds=[], h_regu_frac=[0.0], init_e=0.0, isNoisyNet=True, isNoisyNetEval_rmNoise=True, is_greedy_policy=False, is_learning_rate_decay_staircase=False, is_warm_start=False, job_mode='Train', learning_rate=0.0001, learning_rate_decay_rate=1.0, learning_rate_decay_steps=100000, max_interactions=2500000, metric_func='part3_v1', model_dir='None', model_param=[19, 1], model_type='nn', num_threads=16, output='./Part3-NA-Shg-Train-v1-res1', p_loss_frac=1.0, raw_state_prcs_func='cslDx_1', reward_func='part3_v3', rmsprop_decay=0.99, rmsprop_epsil=1e-10, rmsprop_momet=0.0, rwd_e_para=1.0, rwd_p_para=1.0, save_freq=500000, save_max_to_keep=5, save_scope='all', sharedNet_type='Dense', state_dim=17, test_env=['Part3-NA-Shg-Test-v1', 'Part3-NA-Shg-Test-v2', 'Part3-NA-Shg-Test-v3', 'Part3-NA-Shg-Test-v4'], test_mode='Multiple', train_act_func='part3_shg_sto_v1', train_freq=5, v_loss_frac=0.5, violation_penalty_scl=50.0, weight_initer='glorot_uniform', window_len=29)
[2019-03-26 09:44:37,558] A3C_AGENT_MAIN INFO:Start compiling...
2019-03-26 09:44:37.591758: I tensorflow/core/platform/cpu_feature_guard.cc:137] Your CPU supports instructions that this TensorFlow binary was not compiled to use: SSE4.1 SSE4.2 AVX AVX2 FMA
[2019-03-26 09:44:53,746] A3C_AGENT_MAIN INFO:Start the learning...
[2019-03-26 09:44:53,746] A3C_AGENT_MAIN INFO:Prepare the evaluation environments ['Part3-NA-Shg-Train-v1', 'Part3-NA-Shg-Test-v1', 'Part3-NA-Shg-Test-v2', 'Part3-NA-Shg-Test-v3', 'Part3-NA-Shg-Test-v4'] ...
[2019-03-26 09:44:53,756] A3C_EVAL-Part3-NA-Shg-Train-v1 INFO:Evaluation worker starts!
[2019-03-26 09:44:53,760] A3C_EVAL-Part3-NA-Shg-Test-v1 INFO:Evaluation worker starts!
[2019-03-26 09:44:53,766] A3C_EVAL-Part3-NA-Shg-Test-v2 INFO:Evaluation worker starts!
[2019-03-26 09:44:53,771] A3C_EVAL-Part3-NA-Shg-Test-v3 INFO:Evaluation worker starts!
[2019-03-26 09:44:53,773] A3C_EVAL-Part3-NA-Shg-Test-v4 INFO:Evaluation worker starts!
[2019-03-26 09:44:53,773] A3C_AGENT_MAIN INFO:Prepare the local workers ...
[2019-03-26 09:44:53,774] A3C_AGENT_WORKER-Thread-2 INFO:Local worker starts!
[2019-03-26 09:44:53,827] EPLUS_ENV_Part3-NA-Shg-Train-v1_Thread-2_ROOT INFO:Creating EnergyPlus simulation environment...
[2019-03-26 09:44:53,828] EPLUS_ENV_Part3-NA-Shg-Train-v1_Thread-2_ROOT INFO:EnergyPlus working directory is in /home/zhiangz/Documents/HVAC-RL-Control/src/runs/rl_parametric_part3_shg_na/3/Eplus-env-Part3-NA-Shg-Train-v1-res2/Eplus-env-sub_run1
[2019-03-26 09:44:54,775] A3C_AGENT_MAIN INFO:Prepare the local workers ...
[2019-03-26 09:44:54,776] A3C_AGENT_WORKER-Thread-3 INFO:Local worker starts!
[2019-03-26 09:44:54,860] EPLUS_ENV_Part3-NA-Shg-Train-v1_Thread-3_ROOT INFO:Creating EnergyPlus simulation environment...
[2019-03-26 09:44:54,861] EPLUS_ENV_Part3-NA-Shg-Train-v1_Thread-3_ROOT INFO:EnergyPlus working directory is in /home/zhiangz/Documents/HVAC-RL-Control/src/runs/rl_parametric_part3_shg_na/3/Eplus-env-Part3-NA-Shg-Train-v1-res3/Eplus-env-sub_run1
[2019-03-26 09:44:55,057] A3C_AGENT_WORKER-Thread-2 INFO:Evaluating...
[2019-03-26 09:44:55,057] A3C_EVAL-Part3-NA-Shg-Train-v1 INFO:Evaluation job starts!
[2019-03-26 09:44:55,058] A3C_EVAL-Part3-NA-Shg-Test-v1 INFO:Evaluation job starts!
[2019-03-26 09:44:55,058] EPLUS_ENV_Part3-NA-Shg-Train-v1_MainThread_ROOT INFO:Creating EnergyPlus simulation environment...
[2019-03-26 09:44:55,059] A3C_EVAL-Part3-NA-Shg-Test-v3 INFO:Evaluation job starts!
[2019-03-26 09:44:55,058] A3C_EVAL-Part3-NA-Shg-Test-v2 INFO:Evaluation job starts!
[2019-03-26 09:44:55,059] A3C_EVAL-Part3-NA-Shg-Test-v4 INFO:Evaluation job starts!
[2019-03-26 09:44:55,059] EPLUS_ENV_Part3-NA-Shg-Test-v2_MainThread_ROOT INFO:Creating EnergyPlus simulation environment...
[2019-03-26 09:44:55,060] EPLUS_ENV_Part3-NA-Shg-Test-v3_MainThread_ROOT INFO:Creating EnergyPlus simulation environment...
[2019-03-26 09:44:55,059] EPLUS_ENV_Part3-NA-Shg-Test-v1_MainThread_ROOT INFO:Creating EnergyPlus simulation environment...
[2019-03-26 09:44:55,060] EPLUS_ENV_Part3-NA-Shg-Test-v4_MainThread_ROOT INFO:Creating EnergyPlus simulation environment...
[2019-03-26 09:44:55,062] EPLUS_ENV_Part3-NA-Shg-Train-v1_MainThread_ROOT INFO:EnergyPlus working directory is in /home/zhiangz/Documents/HVAC-RL-Control/src/runs/rl_parametric_part3_shg_na/3/Eplus-env-Part3-NA-Shg-Train-v1-res1/Eplus-env-sub_run1
[2019-03-26 09:44:55,070] EPLUS_ENV_Part3-NA-Shg-Test-v1_MainThread_ROOT INFO:EnergyPlus working directory is in /home/zhiangz/Documents/HVAC-RL-Control/src/runs/rl_parametric_part3_shg_na/3/Eplus-env-Part3-NA-Shg-Test-v1-res1/Eplus-env-sub_run1
[2019-03-26 09:44:55,071] EPLUS_ENV_Part3-NA-Shg-Test-v2_MainThread_ROOT INFO:EnergyPlus working directory is in /home/zhiangz/Documents/HVAC-RL-Control/src/runs/rl_parametric_part3_shg_na/3/Eplus-env-Part3-NA-Shg-Test-v2-res1/Eplus-env-sub_run1
[2019-03-26 09:44:55,084] EPLUS_ENV_Part3-NA-Shg-Test-v3_MainThread_ROOT INFO:EnergyPlus working directory is in /home/zhiangz/Documents/HVAC-RL-Control/src/runs/rl_parametric_part3_shg_na/3/Eplus-env-Part3-NA-Shg-Test-v3-res1/Eplus-env-sub_run1
[2019-03-26 09:44:55,093] EPLUS_ENV_Part3-NA-Shg-Test-v4_MainThread_ROOT INFO:EnergyPlus working directory is in /home/zhiangz/Documents/HVAC-RL-Control/src/runs/rl_parametric_part3_shg_na/3/Eplus-env-Part3-NA-Shg-Test-v4-res1/Eplus-env-sub_run1
[2019-03-26 09:44:55,777] A3C_AGENT_MAIN INFO:Prepare the local workers ...
[2019-03-26 09:44:55,781] A3C_AGENT_WORKER-Thread-9 INFO:Local worker starts!
[2019-03-26 09:44:55,860] EPLUS_ENV_Part3-NA-Shg-Train-v1_Thread-9_ROOT INFO:Creating EnergyPlus simulation environment...
[2019-03-26 09:44:55,861] EPLUS_ENV_Part3-NA-Shg-Train-v1_Thread-9_ROOT INFO:EnergyPlus working directory is in /home/zhiangz/Documents/HVAC-RL-Control/src/runs/rl_parametric_part3_shg_na/3/Eplus-env-Part3-NA-Shg-Train-v1-res4/Eplus-env-sub_run1
[2019-03-26 09:44:56,782] A3C_AGENT_MAIN INFO:Prepare the local workers ...
[2019-03-26 09:44:56,786] A3C_AGENT_WORKER-Thread-10 INFO:Local worker starts!
[2019-03-26 09:44:56,859] EPLUS_ENV_Part3-NA-Shg-Train-v1_Thread-10_ROOT INFO:Creating EnergyPlus simulation environment...
[2019-03-26 09:44:56,870] EPLUS_ENV_Part3-NA-Shg-Train-v1_Thread-10_ROOT INFO:EnergyPlus working directory is in /home/zhiangz/Documents/HVAC-RL-Control/src/runs/rl_parametric_part3_shg_na/3/Eplus-env-Part3-NA-Shg-Train-v1-res5/Eplus-env-sub_run1
[2019-03-26 09:44:57,786] A3C_AGENT_MAIN INFO:Prepare the local workers ...
[2019-03-26 09:44:57,792] A3C_AGENT_WORKER-Thread-11 INFO:Local worker starts!
[2019-03-26 09:44:57,844] EPLUS_ENV_Part3-NA-Shg-Train-v1_Thread-11_ROOT INFO:Creating EnergyPlus simulation environment...
[2019-03-26 09:44:57,847] EPLUS_ENV_Part3-NA-Shg-Train-v1_Thread-11_ROOT INFO:EnergyPlus working directory is in /home/zhiangz/Documents/HVAC-RL-Control/src/runs/rl_parametric_part3_shg_na/3/Eplus-env-Part3-NA-Shg-Train-v1-res6/Eplus-env-sub_run1
[2019-03-26 09:44:58,790] A3C_AGENT_MAIN INFO:Prepare the local workers ...
[2019-03-26 09:44:58,795] A3C_AGENT_WORKER-Thread-12 INFO:Local worker starts!
[2019-03-26 09:44:58,847] EPLUS_ENV_Part3-NA-Shg-Train-v1_Thread-12_ROOT INFO:Creating EnergyPlus simulation environment...
[2019-03-26 09:44:58,848] EPLUS_ENV_Part3-NA-Shg-Train-v1_Thread-12_ROOT INFO:EnergyPlus working directory is in /home/zhiangz/Documents/HVAC-RL-Control/src/runs/rl_parametric_part3_shg_na/3/Eplus-env-Part3-NA-Shg-Train-v1-res7/Eplus-env-sub_run1
[2019-03-26 09:44:59,797] A3C_AGENT_MAIN INFO:Prepare the local workers ...
[2019-03-26 09:44:59,800] A3C_AGENT_WORKER-Thread-13 INFO:Local worker starts!
[2019-03-26 09:44:59,850] EPLUS_ENV_Part3-NA-Shg-Train-v1_Thread-13_ROOT INFO:Creating EnergyPlus simulation environment...
[2019-03-26 09:44:59,851] EPLUS_ENV_Part3-NA-Shg-Train-v1_Thread-13_ROOT INFO:EnergyPlus working directory is in /home/zhiangz/Documents/HVAC-RL-Control/src/runs/rl_parametric_part3_shg_na/3/Eplus-env-Part3-NA-Shg-Train-v1-res8/Eplus-env-sub_run1
[2019-03-26 09:45:00,801] A3C_AGENT_MAIN INFO:Prepare the local workers ...
[2019-03-26 09:45:00,803] A3C_AGENT_WORKER-Thread-14 INFO:Local worker starts!
[2019-03-26 09:45:00,906] EPLUS_ENV_Part3-NA-Shg-Train-v1_Thread-14_ROOT INFO:Creating EnergyPlus simulation environment...
[2019-03-26 09:45:00,907] EPLUS_ENV_Part3-NA-Shg-Train-v1_Thread-14_ROOT INFO:EnergyPlus working directory is in /home/zhiangz/Documents/HVAC-RL-Control/src/runs/rl_parametric_part3_shg_na/3/Eplus-env-Part3-NA-Shg-Train-v1-res9/Eplus-env-sub_run1
[2019-03-26 09:45:01,803] A3C_AGENT_MAIN INFO:Prepare the local workers ...
[2019-03-26 09:45:01,813] A3C_AGENT_WORKER-Thread-15 INFO:Local worker starts!
[2019-03-26 09:45:01,873] EPLUS_ENV_Part3-NA-Shg-Train-v1_Thread-15_ROOT INFO:Creating EnergyPlus simulation environment...
[2019-03-26 09:45:01,874] EPLUS_ENV_Part3-NA-Shg-Train-v1_Thread-15_ROOT INFO:EnergyPlus working directory is in /home/zhiangz/Documents/HVAC-RL-Control/src/runs/rl_parametric_part3_shg_na/3/Eplus-env-Part3-NA-Shg-Train-v1-res10/Eplus-env-sub_run1
[2019-03-26 09:45:02,811] A3C_AGENT_MAIN INFO:Prepare the local workers ...
[2019-03-26 09:45:02,814] A3C_AGENT_WORKER-Thread-16 INFO:Local worker starts!
[2019-03-26 09:45:02,880] EPLUS_ENV_Part3-NA-Shg-Train-v1_Thread-16_ROOT INFO:Creating EnergyPlus simulation environment...
[2019-03-26 09:45:02,881] EPLUS_ENV_Part3-NA-Shg-Train-v1_Thread-16_ROOT INFO:EnergyPlus working directory is in /home/zhiangz/Documents/HVAC-RL-Control/src/runs/rl_parametric_part3_shg_na/3/Eplus-env-Part3-NA-Shg-Train-v1-res11/Eplus-env-sub_run1
[2019-03-26 09:45:03,815] A3C_AGENT_MAIN INFO:Prepare the local workers ...
[2019-03-26 09:45:03,818] A3C_AGENT_WORKER-Thread-17 INFO:Local worker starts!
[2019-03-26 09:45:03,875] EPLUS_ENV_Part3-NA-Shg-Train-v1_Thread-17_ROOT INFO:Creating EnergyPlus simulation environment...
[2019-03-26 09:45:03,877] EPLUS_ENV_Part3-NA-Shg-Train-v1_Thread-17_ROOT INFO:EnergyPlus working directory is in /home/zhiangz/Documents/HVAC-RL-Control/src/runs/rl_parametric_part3_shg_na/3/Eplus-env-Part3-NA-Shg-Train-v1-res12/Eplus-env-sub_run1
[2019-03-26 09:45:04,817] A3C_AGENT_MAIN INFO:Prepare the local workers ...
[2019-03-26 09:45:04,822] A3C_AGENT_WORKER-Thread-18 INFO:Local worker starts!
[2019-03-26 09:45:04,892] EPLUS_ENV_Part3-NA-Shg-Train-v1_Thread-18_ROOT INFO:Creating EnergyPlus simulation environment...
[2019-03-26 09:45:04,893] EPLUS_ENV_Part3-NA-Shg-Train-v1_Thread-18_ROOT INFO:EnergyPlus working directory is in /home/zhiangz/Documents/HVAC-RL-Control/src/runs/rl_parametric_part3_shg_na/3/Eplus-env-Part3-NA-Shg-Train-v1-res13/Eplus-env-sub_run1
[2019-03-26 09:45:05,822] A3C_AGENT_MAIN INFO:Prepare the local workers ...
[2019-03-26 09:45:05,826] A3C_AGENT_WORKER-Thread-19 INFO:Local worker starts!
[2019-03-26 09:45:05,877] EPLUS_ENV_Part3-NA-Shg-Train-v1_Thread-19_ROOT INFO:Creating EnergyPlus simulation environment...
[2019-03-26 09:45:05,878] EPLUS_ENV_Part3-NA-Shg-Train-v1_Thread-19_ROOT INFO:EnergyPlus working directory is in /home/zhiangz/Documents/HVAC-RL-Control/src/runs/rl_parametric_part3_shg_na/3/Eplus-env-Part3-NA-Shg-Train-v1-res14/Eplus-env-sub_run1
[2019-03-26 09:45:06,825] A3C_AGENT_MAIN INFO:Prepare the local workers ...
[2019-03-26 09:45:06,828] A3C_AGENT_WORKER-Thread-20 INFO:Local worker starts!
[2019-03-26 09:45:06,886] EPLUS_ENV_Part3-NA-Shg-Train-v1_Thread-20_ROOT INFO:Creating EnergyPlus simulation environment...
[2019-03-26 09:45:06,887] EPLUS_ENV_Part3-NA-Shg-Train-v1_Thread-20_ROOT INFO:EnergyPlus working directory is in /home/zhiangz/Documents/HVAC-RL-Control/src/runs/rl_parametric_part3_shg_na/3/Eplus-env-Part3-NA-Shg-Train-v1-res15/Eplus-env-sub_run1
[2019-03-26 09:45:07,827] A3C_AGENT_MAIN INFO:Prepare the local workers ...
[2019-03-26 09:45:07,833] A3C_AGENT_WORKER-Thread-21 INFO:Local worker starts!
[2019-03-26 09:45:07,925] EPLUS_ENV_Part3-NA-Shg-Train-v1_Thread-21_ROOT INFO:Creating EnergyPlus simulation environment...
[2019-03-26 09:45:07,926] EPLUS_ENV_Part3-NA-Shg-Train-v1_Thread-21_ROOT INFO:EnergyPlus working directory is in /home/zhiangz/Documents/HVAC-RL-Control/src/runs/rl_parametric_part3_shg_na/3/Eplus-env-Part3-NA-Shg-Train-v1-res16/Eplus-env-sub_run1
[2019-03-26 09:45:08,835] A3C_AGENT_MAIN INFO:Prepare the local workers ...
[2019-03-26 09:45:08,838] A3C_AGENT_WORKER-Thread-22 INFO:Local worker starts!
[2019-03-26 09:45:08,904] EPLUS_ENV_Part3-NA-Shg-Train-v1_Thread-22_ROOT INFO:Creating EnergyPlus simulation environment...
[2019-03-26 09:45:08,905] EPLUS_ENV_Part3-NA-Shg-Train-v1_Thread-22_ROOT INFO:EnergyPlus working directory is in /home/zhiangz/Documents/HVAC-RL-Control/src/runs/rl_parametric_part3_shg_na/3/Eplus-env-Part3-NA-Shg-Train-v1-res17/Eplus-env-sub_run1
[2019-03-26 09:45:23,268] A3C_EVAL-Part3-NA-Shg-Test-v3 DEBUG:NoisyNet noise sample: [array([0.], dtype=float32), 0.0]
[2019-03-26 09:45:23,270] A3C_EVAL-Part3-NA-Shg-Test-v3 DEBUG:Observation this: [24.43333333333333, 85.0, 1.0, 1.0, 0.2087181152860704, 0.0, 2.0, 0.0, 1.0, 2.0, 0.3600507814939362, 6.911199999999999, 6.9112, 168.912956510431, 614523.3305608612, 614523.3305608617, 199904.0798781225]
[2019-03-26 09:45:23,271] A3C_EVAL-Part3-NA-Shg-Test-v3 DEBUG:Observation forecast: []
[2019-03-26 09:45:23,274] A3C_EVAL-Part3-NA-Shg-Test-v3 INFO:Softmax [0.2796925  0.22322522 0.15895599 0.10090154 0.23722474], sampled 0.11951071464956775
[2019-03-26 09:45:39,987] A3C_EVAL-Part3-NA-Shg-Test-v1 DEBUG:NoisyNet noise sample: [array([0.], dtype=float32), 0.0]
[2019-03-26 09:45:39,989] A3C_EVAL-Part3-NA-Shg-Test-v1 DEBUG:Observation this: [27.6, 83.0, 1.0, 2.0, 0.7755164053200378, 0.0, 1.0, 0.0, 0.0, 1.0, 0.0, 6.9112, 6.9112, 168.912956510431, 1083860.12998928, 1083860.12998928, 237989.1083968088]
[2019-03-26 09:45:39,989] A3C_EVAL-Part3-NA-Shg-Test-v1 DEBUG:Observation forecast: []
[2019-03-26 09:45:39,992] A3C_EVAL-Part3-NA-Shg-Test-v1 INFO:Softmax [0.22717413 0.21538912 0.09688725 0.02775185 0.43279767], sampled 0.2665583180725486
[2019-03-26 09:45:47,907] A3C_EVAL-Part3-NA-Shg-Test-v2 DEBUG:NoisyNet noise sample: [array([0.], dtype=float32), 0.0]
[2019-03-26 09:45:47,908] A3C_EVAL-Part3-NA-Shg-Test-v2 DEBUG:Observation this: [30.99629137, 65.421304775, 1.0, 2.0, 0.8365992802850851, 0.0, 1.0, 0.0, 0.0, 1.0, 0.0, 6.911199999999999, 6.9112, 168.912956510431, 1169276.433612982, 1169276.433612983, 253093.169805487]
[2019-03-26 09:45:47,908] A3C_EVAL-Part3-NA-Shg-Test-v2 DEBUG:Observation forecast: []
[2019-03-26 09:45:47,910] A3C_EVAL-Part3-NA-Shg-Test-v2 INFO:Softmax [0.37456882 0.12893659 0.1469121  0.03054846 0.319034  ], sampled 0.3106397350102944
[2019-03-26 09:45:47,912] A3C_EVAL-Part3-NA-Shg-Test-v2 DEBUG:Action function: raw action [1, 0, 0, 0, 0] has been changed to [0, 1, 0, 0, 0] for the demand 1169276.433612982 W.
