[2018-01-30 11:54:52,510] SDC_ReadServer DEBUG:rpCmds:[['./SDCServer/bacnet/bacnet-stack-0.8.5/bin/bacrpm', '701101', '2', '110', '85', '2', '112', '85', '2', '113', '85', '2', '114', '85', '2', '2', '85'], ['./SDCServer/bacnet/bacnet-stack-0.8.5/bin/bacrpm', '701102', '2', '4', '85'], ['./SDCServer/bacnet/bacnet-stack-0.8.5/bin/bacrpm', '701104', '2', '48', '85', '2', '31', '85'], ['./SDCServer/bacnet/bacnet-stack-0.8.5/bin/bacrpm', '701105', '2', '22', '85'], ['./SDCServer/bacnet/bacnet-stack-0.8.5/bin/bacrpm', '701105', '2', '7', '85', '2', '8', '85', '2', '9', '85', '2', '10', '85', '2', '11', '85', '2', '12', '85', '2', '13', '85', '2', '14', '85', '2', '15', '85', '2', '16', '85', '2', '17', '85', '2', '18', '85', '2', '19', '85', '2', '20', '85', '2', '21', '85']]
[2018-01-30 11:54:52,510] SDC_ReadServer INFO:Server starts at 0.0.0.0:61221
[2018-01-30 11:55:00,095] SDC_ReadServer INFO:Got connection from 127.0.0.1:41450
[2018-01-30 11:55:00,096] SDC_ReadServer INFO:Recived GETAMV request from 127.0.0.1:41450
[2018-01-30 11:55:00,197] SDC_ReadServer DEBUG:Raw return from BACnet stack is analog-value #7
{
    present-value: 2.000000
}
analog-value #8
{
    present-value: 2.000000
}
analog-value #9
{
    present-value: 2.000000
}
analog-value #10
{
    present-value: 2.000000
}
analog-value #11
{
    present-value: 2.000000
}
analog-value #12
{
    present-value: 2.000000
}
analog-value #13
{
    present-value: 2.000000
}
analog-value #14
{
    present-value: 2.000000
}
analog-value #15
{
    present-value: 2.000000
}
analog-value #16
{
    present-value: 2.000000
}
analog-value #17
{
    present-value: 2.000000
}
analog-value #18
{
    present-value: 2.000000
}
analog-value #19
{
    present-value: 2.000000
}
analog-value #20
{
    present-value: 2.000000
}
analog-value #21
{
    present-value: 2.000000
}

[2018-01-30 11:55:00,198] SDC_ReadServer INFO:Read success!
[2018-01-30 11:55:00,223] SDC_ReadServer INFO:Got connection from 127.0.0.1:41454
[2018-01-30 11:55:00,224] SDC_ReadServer INFO:Recived GETAMV request from 127.0.0.1:41454
[2018-01-30 11:55:00,327] SDC_ReadServer DEBUG:Raw return from BACnet stack is analog-value #7
{
    present-value: 2.000000
}
analog-value #8
{
    present-value: 2.000000
}
analog-value #9
{
    present-value: 2.000000
}
analog-value #10
{
    present-value: 2.000000
}
analog-value #11
{
    present-value: 2.000000
}
analog-value #12
{
    present-value: 2.000000
}
analog-value #13
{
    present-value: 2.000000
}
analog-value #14
{
    present-value: 2.000000
}
analog-value #15
{
    present-value: 2.000000
}
analog-value #16
{
    present-value: 2.000000
}
analog-value #17
{
    present-value: 2.000000
}
analog-value #18
{
    present-value: 2.000000
}
analog-value #19
{
    present-value: 2.000000
}
analog-value #20
{
    present-value: 2.000000
}
analog-value #21
{
    present-value: 2.000000
}

[2018-01-30 11:55:00,328] SDC_ReadServer INFO:Read success!
[2018-01-30 11:55:10,339] SDC_ReadServer INFO:Got connection from 127.0.0.1:41458
[2018-01-30 11:55:10,339] SDC_ReadServer INFO:Recived GETAMV request from 127.0.0.1:41458
[2018-01-30 11:55:10,442] SDC_ReadServer DEBUG:Raw return from BACnet stack is analog-value #7
{
    present-value: 2.000000
}
analog-value #8
{
    present-value: 2.000000
}
analog-value #9
{
    present-value: 2.000000
}
analog-value #10
{
    present-value: 2.000000
}
analog-value #11
{
    present-value: 2.000000
}
analog-value #12
{
    present-value: 2.000000
}
analog-value #13
{
    present-value: 2.000000
}
analog-value #14
{
    present-value: 2.000000
}
analog-value #15
{
    present-value: 2.000000
}
analog-value #16
{
    present-value: 2.000000
}
analog-value #17
{
    present-value: 2.000000
}
analog-value #18
{
    present-value: 2.000000
}
analog-value #19
{
    present-value: 2.000000
}
analog-value #20
{
    present-value: 2.000000
}
analog-value #21
{
    present-value: 2.000000
}

[2018-01-30 11:55:10,442] SDC_ReadServer INFO:Read success!
[2018-01-30 11:55:10,444] SDC_ReadServer INFO:Got connection from 127.0.0.1:41460
[2018-01-30 11:55:10,444] SDC_ReadServer INFO:Recieved GETENERGY request from 127.0.0.1:41460
[2018-01-30 11:55:10,602] SDC_ReadServer DEBUG:Raw return from BACnet stack is analog-value #7
{
    present-value: 2.000000
}
analog-value #8
{
    present-value: 2.000000
}
analog-value #9
{
    present-value: 2.000000
}
analog-value #10
{
    present-value: 2.000000
}
analog-value #11
{
    present-value: 2.000000
}
analog-value #12
{
    present-value: 2.000000
}
analog-value #13
{
    present-value: 2.000000
}
analog-value #14
{
    present-value: 2.000000
}
analog-value #15
{
    present-value: 2.000000
}
analog-value #16
{
    present-value: 2.000000
}
analog-value #17
{
    present-value: 2.000000
}
analog-value #18
{
    present-value: 2.000000
}
analog-value #19
{
    present-value: 2.000000
}
analog-value #20
{
    present-value: 2.000000
}
analog-value #21
{
    present-value: 2.000000
}

[2018-01-30 11:55:10,602] SDC_ReadServer WARNING:Should read 24 values, but gets 15 values, the raw output from the BACnet stack is: ['analog-value #7\r\n{\r\n    present-value: 2.000000\r\n}\r\nanalog-value #8\r\n{\r\n    present-value: 2.000000\r\n}\r\nanalog-value #9\r\n{\r\n    present-value: 2.000000\r\n}\r\nanalog-value #10\r\n{\r\n    present-value: 2.000000\r\n}\r\nanalog-value #11\r\n{\r\n    present-value: 2.000000\r\n}\r\nanalog-value #12\r\n{\r\n    present-value: 2.000000\r\n}\r\nanalog-value #13\r\n{\r\n    present-value: 2.000000\r\n}\r\nanalog-value #14\r\n{\r\n    present-value: 2.000000\r\n}\r\nanalog-value #15\r\n{\r\n    present-value: 2.000000\r\n}\r\nanalog-value #16\r\n{\r\n    present-value: 2.000000\r\n}\r\nanalog-value #17\r\n{\r\n    present-value: 2.000000\r\n}\r\nanalog-value #18\r\n{\r\n    present-value: 2.000000\r\n}\r\nanalog-value #19\r\n{\r\n    present-value: 2.000000\r\n}\r\nanalog-value #20\r\n{\r\n    present-value: 2.000000\r\n}\r\nanalog-value #21\r\n{\r\n    present-value: 2.000000\r\n}\r\n']
[2018-01-30 11:55:10,602] SDC_ReadServer WARNING:The BACnet stack raw return is: ['analog-value #7\r\n{\r\n    present-value: 2.000000\r\n}\r\nanalog-value #8\r\n{\r\n    present-value: 2.000000\r\n}\r\nanalog-value #9\r\n{\r\n    present-value: 2.000000\r\n}\r\nanalog-value #10\r\n{\r\n    present-value: 2.000000\r\n}\r\nanalog-value #11\r\n{\r\n    present-value: 2.000000\r\n}\r\nanalog-value #12\r\n{\r\n    present-value: 2.000000\r\n}\r\nanalog-value #13\r\n{\r\n    present-value: 2.000000\r\n}\r\nanalog-value #14\r\n{\r\n    present-value: 2.000000\r\n}\r\nanalog-value #15\r\n{\r\n    present-value: 2.000000\r\n}\r\nanalog-value #16\r\n{\r\n    present-value: 2.000000\r\n}\r\nanalog-value #17\r\n{\r\n    present-value: 2.000000\r\n}\r\nanalog-value #18\r\n{\r\n    present-value: 2.000000\r\n}\r\nanalog-value #19\r\n{\r\n    present-value: 2.000000\r\n}\r\nanalog-value #20\r\n{\r\n    present-value: 2.000000\r\n}\r\nanalog-value #21\r\n{\r\n    present-value: 2.000000\r\n}\r\n']
