[2018-01-30 12:05:21,317] SDC_ReadServer DEBUG:rpCmds:[['./SDCServer/bacnet/bacnet-stack-0.8.5/bin/bacrpm', '701101', '2', '110', '85', '2', '112', '85', '2', '113', '85', '2', '114', '85', '2', '2', '85'], ['./SDCServer/bacnet/bacnet-stack-0.8.5/bin/bacrpm', '701102', '2', '4', '85'], ['./SDCServer/bacnet/bacnet-stack-0.8.5/bin/bacrpm', '701104', '2', '48', '85', '2', '31', '85'], ['./SDCServer/bacnet/bacnet-stack-0.8.5/bin/bacrpm', '701105', '2', '22', '85'], ['./SDCServer/bacnet/bacnet-stack-0.8.5/bin/bacrpm', '701105', '2', '7', '85', '2', '8', '85', '2', '9', '85', '2', '10', '85', '2', '11', '85', '2', '12', '85', '2', '13', '85', '2', '14', '85', '2', '15', '85', '2', '16', '85', '2', '17', '85', '2', '18', '85', '2', '19', '85', '2', '20', '85', '2', '21', '85']]
[2018-01-30 12:05:21,317] SDC_ReadServer INFO:Server starts at 0.0.0.0:61221
[2018-01-30 12:05:38,653] SDC_ReadServer INFO:Got connection from 127.0.0.1:41632
[2018-01-30 12:05:38,653] SDC_ReadServer INFO:Recived GETAMV request from 127.0.0.1:41632
[2018-01-30 12:05:38,755] SDC_ReadServer DEBUG:Raw return from BACnet stack is analog-value #7
{
    present-value: 2.000000
}
analog-value #8
{
    present-value: 2.000000
}
analog-value #9
{
    present-value: 2.000000
}
analog-value #10
{
    present-value: 2.000000
}
analog-value #11
{
    present-value: 2.000000
}
analog-value #12
{
    present-value: 2.000000
}
analog-value #13
{
    present-value: 2.000000
}
analog-value #14
{
    present-value: 2.000000
}
analog-value #15
{
    present-value: 2.000000
}
analog-value #16
{
    present-value: 2.000000
}
analog-value #17
{
    present-value: 2.000000
}
analog-value #18
{
    present-value: 2.000000
}
analog-value #19
{
    present-value: 2.000000
}
analog-value #20
{
    present-value: 2.000000
}
analog-value #21
{
    present-value: 2.000000
}

[2018-01-30 12:05:38,755] SDC_ReadServer INFO:Read success!
[2018-01-30 12:05:38,785] SDC_ReadServer INFO:Got connection from 127.0.0.1:41636
[2018-01-30 12:05:38,785] SDC_ReadServer INFO:Recived GETAMV request from 127.0.0.1:41636
[2018-01-30 12:05:38,920] SDC_ReadServer DEBUG:Raw return from BACnet stack is analog-value #7
{
    present-value: 2.000000
}
analog-value #8
{
    present-value: 2.000000
}
analog-value #9
{
    present-value: 2.000000
}
analog-value #10
{
    present-value: 2.000000
}
analog-value #11
{
    present-value: 2.000000
}
analog-value #12
{
    present-value: 2.000000
}
analog-value #13
{
    present-value: 2.000000
}
analog-value #14
{
    present-value: 2.000000
}
analog-value #15
{
    present-value: 2.000000
}
analog-value #16
{
    present-value: 2.000000
}
analog-value #17
{
    present-value: 2.000000
}
analog-value #18
{
    present-value: 2.000000
}
analog-value #19
{
    present-value: 2.000000
}
analog-value #20
{
    present-value: 2.000000
}
analog-value #21
{
    present-value: 2.000000
}

[2018-01-30 12:05:38,921] SDC_ReadServer INFO:Read success!
[2018-01-30 12:05:48,932] SDC_ReadServer INFO:Got connection from 127.0.0.1:41638
[2018-01-30 12:05:48,933] SDC_ReadServer INFO:Recived GETAMV request from 127.0.0.1:41638
[2018-01-30 12:05:49,035] SDC_ReadServer DEBUG:Raw return from BACnet stack is analog-value #7
{
    present-value: 2.000000
}
analog-value #8
{
    present-value: 2.000000
}
analog-value #9
{
    present-value: 2.000000
}
analog-value #10
{
    present-value: 2.000000
}
analog-value #11
{
    present-value: 2.000000
}
analog-value #12
{
    present-value: 2.000000
}
analog-value #13
{
    present-value: 2.000000
}
analog-value #14
{
    present-value: 2.000000
}
analog-value #15
{
    present-value: 2.000000
}
analog-value #16
{
    present-value: 2.000000
}
analog-value #17
{
    present-value: 2.000000
}
analog-value #18
{
    present-value: 2.000000
}
analog-value #19
{
    present-value: 2.000000
}
analog-value #20
{
    present-value: 2.000000
}
analog-value #21
{
    present-value: 2.000000
}

[2018-01-30 12:05:49,035] SDC_ReadServer INFO:Read success!
[2018-01-30 12:05:49,036] SDC_ReadServer INFO:Got connection from 127.0.0.1:41640
[2018-01-30 12:05:49,037] SDC_ReadServer INFO:Recieved GETENERGY request from 127.0.0.1:41640
[2018-01-30 12:05:49,136] SDC_ReadServer DEBUG:Raw return from BACnet stack is analog-value #22
{
    present-value: 8.218978
}

[2018-01-30 12:05:49,136] SDC_ReadServer INFO:Read success!
[2018-01-30 12:05:59,147] SDC_ReadServer INFO:Got connection from 127.0.0.1:41642
[2018-01-30 12:05:59,148] SDC_ReadServer INFO:Recived GETAMV request from 127.0.0.1:41642
[2018-01-30 12:05:59,250] SDC_ReadServer DEBUG:Raw return from BACnet stack is analog-value #7
{
    present-value: 2.000000
}
analog-value #8
{
    present-value: 2.000000
}
analog-value #9
{
    present-value: 2.000000
}
analog-value #10
{
    present-value: 2.000000
}
analog-value #11
{
    present-value: 2.000000
}
analog-value #12
{
    present-value: 2.000000
}
analog-value #13
{
    present-value: 2.000000
}
analog-value #14
{
    present-value: 2.000000
}
analog-value #15
{
    present-value: 2.000000
}
analog-value #16
{
    present-value: 2.000000
}
analog-value #17
{
    present-value: 2.000000
}
analog-value #18
{
    present-value: 2.000000
}
analog-value #19
{
    present-value: 2.000000
}
analog-value #20
{
    present-value: 2.000000
}
analog-value #21
{
    present-value: 2.000000
}

[2018-01-30 12:05:59,250] SDC_ReadServer INFO:Read success!
[2018-01-30 12:05:59,252] SDC_ReadServer INFO:Got connection from 127.0.0.1:41644
[2018-01-30 12:05:59,252] SDC_ReadServer INFO:Recieved GETENERGY request from 127.0.0.1:41644
[2018-01-30 12:05:59,350] SDC_ReadServer DEBUG:Raw return from BACnet stack is analog-value #22
{
    present-value: 5.377860
}

[2018-01-30 12:05:59,350] SDC_ReadServer INFO:Read success!
[2018-01-30 12:06:09,362] SDC_ReadServer INFO:Got connection from 127.0.0.1:41646
[2018-01-30 12:06:09,362] SDC_ReadServer INFO:Recived GETAMV request from 127.0.0.1:41646
[2018-01-30 12:06:09,465] SDC_ReadServer DEBUG:Raw return from BACnet stack is analog-value #7
{
    present-value: 2.000000
}
analog-value #8
{
    present-value: 2.000000
}
analog-value #9
{
    present-value: 2.000000
}
analog-value #10
{
    present-value: 2.000000
}
analog-value #11
{
    present-value: 2.000000
}
analog-value #12
{
    present-value: 2.000000
}
analog-value #13
{
    present-value: 2.000000
}
analog-value #14
{
    present-value: 2.000000
}
analog-value #15
{
    present-value: 2.000000
}
analog-value #16
{
    present-value: 2.000000
}
analog-value #17
{
    present-value: 2.000000
}
analog-value #18
{
    present-value: 2.000000
}
analog-value #19
{
    present-value: 2.000000
}
analog-value #20
{
    present-value: 2.000000
}
analog-value #21
{
    present-value: 2.000000
}

[2018-01-30 12:06:09,465] SDC_ReadServer INFO:Read success!
[2018-01-30 12:06:09,467] SDC_ReadServer INFO:Got connection from 127.0.0.1:41648
[2018-01-30 12:06:09,467] SDC_ReadServer INFO:Recieved GETENERGY request from 127.0.0.1:41648
[2018-01-30 12:06:09,570] SDC_ReadServer DEBUG:Raw return from BACnet stack is analog-value #22
{
    present-value: 5.320664
}

[2018-01-30 12:06:09,571] SDC_ReadServer INFO:Read success!
[2018-01-30 12:06:19,582] SDC_ReadServer INFO:Got connection from 127.0.0.1:41650
[2018-01-30 12:06:19,583] SDC_ReadServer INFO:Recived GETAMV request from 127.0.0.1:41650
[2018-01-30 12:06:19,769] SDC_ReadServer DEBUG:Raw return from BACnet stack is analog-value #7
{
    present-value: 2.000000
}
analog-value #8
{
    present-value: 2.000000
}
analog-value #9
{
    present-value: 2.000000
}
analog-value #10
{
    present-value: 2.000000
}
analog-value #11
{
    present-value: 2.000000
}
analog-value #12
{
    present-value: 2.000000
}
analog-value #13
{
    present-value: 2.000000
}
analog-value #14
{
    present-value: 2.000000
}
analog-value #15
{
    present-value: 2.000000
}
analog-value #16
{
    present-value: 2.000000
}
analog-value #17
{
    present-value: 2.000000
}
analog-value #18
{
    present-value: 2.000000
}
analog-value #19
{
    present-value: 2.000000
}
analog-value #20
{
    present-value: 2.000000
}
analog-value #21
{
    present-value: 2.000000
}

[2018-01-30 12:06:19,770] SDC_ReadServer INFO:Read success!
[2018-01-30 12:06:19,771] SDC_ReadServer INFO:Got connection from 127.0.0.1:41652
[2018-01-30 12:06:19,771] SDC_ReadServer INFO:Recieved GETENERGY request from 127.0.0.1:41652
[2018-01-30 12:06:19,925] SDC_ReadServer DEBUG:Raw return from BACnet stack is analog-value #22
{
    present-value: 5.399484
}

[2018-01-30 12:06:19,925] SDC_ReadServer INFO:Read success!
[2018-01-30 12:06:29,937] SDC_ReadServer INFO:Got connection from 127.0.0.1:41654
[2018-01-30 12:06:29,937] SDC_ReadServer INFO:Recived GETAMV request from 127.0.0.1:41654
[2018-01-30 12:06:30,080] SDC_ReadServer DEBUG:Raw return from BACnet stack is analog-value #7
{
    present-value: 2.000000
}
analog-value #8
{
    present-value: 2.000000
}
analog-value #9
{
    present-value: 2.000000
}
analog-value #10
{
    present-value: 2.000000
}
analog-value #11
{
    present-value: 2.000000
}
analog-value #12
{
    present-value: 2.000000
}
analog-value #13
{
    present-value: 2.000000
}
analog-value #14
{
    present-value: 2.000000
}
analog-value #15
{
    present-value: 2.000000
}
analog-value #16
{
    present-value: 2.000000
}
analog-value #17
{
    present-value: 2.000000
}
analog-value #18
{
    present-value: 2.000000
}
analog-value #19
{
    present-value: 2.000000
}
analog-value #20
{
    present-value: 2.000000
}
analog-value #21
{
    present-value: 2.000000
}

[2018-01-30 12:06:30,080] SDC_ReadServer INFO:Read success!
[2018-01-30 12:06:30,081] SDC_ReadServer INFO:Got connection from 127.0.0.1:41656
[2018-01-30 12:06:30,082] SDC_ReadServer INFO:Recieved GETENERGY request from 127.0.0.1:41656
[2018-01-30 12:06:30,235] SDC_ReadServer DEBUG:Raw return from BACnet stack is analog-value #22
{
    present-value: 5.359028
}

[2018-01-30 12:06:30,235] SDC_ReadServer INFO:Read success!
[2018-01-30 12:06:40,243] SDC_ReadServer INFO:Got connection from 127.0.0.1:41658
[2018-01-30 12:06:40,243] SDC_ReadServer INFO:Recived GETAMV request from 127.0.0.1:41658
[2018-01-30 12:06:40,379] SDC_ReadServer DEBUG:Raw return from BACnet stack is analog-value #7
{
    present-value: 2.000000
}
analog-value #8
{
    present-value: 2.000000
}
analog-value #9
{
    present-value: 2.000000
}
analog-value #10
{
    present-value: 2.000000
}
analog-value #11
{
    present-value: 2.000000
}
analog-value #12
{
    present-value: 2.000000
}
analog-value #13
{
    present-value: 2.000000
}
analog-value #14
{
    present-value: 2.000000
}
analog-value #15
{
    present-value: 2.000000
}
analog-value #16
{
    present-value: 2.000000
}
analog-value #17
{
    present-value: 2.000000
}
analog-value #18
{
    present-value: 2.000000
}
analog-value #19
{
    present-value: 2.000000
}
analog-value #20
{
    present-value: 2.000000
}
analog-value #21
{
    present-value: 2.000000
}

[2018-01-30 12:06:40,380] SDC_ReadServer INFO:Read success!
[2018-01-30 12:06:40,381] SDC_ReadServer INFO:Got connection from 127.0.0.1:41660
[2018-01-30 12:06:40,381] SDC_ReadServer INFO:Recieved GETENERGY request from 127.0.0.1:41660
[2018-01-30 12:06:40,535] SDC_ReadServer DEBUG:Raw return from BACnet stack is analog-value #22
{
    present-value: 5.392509
}

[2018-01-30 12:06:40,536] SDC_ReadServer INFO:Read success!
[2018-01-30 12:06:50,544] SDC_ReadServer INFO:Got connection from 127.0.0.1:41662
[2018-01-30 12:06:50,545] SDC_ReadServer INFO:Recived GETAMV request from 127.0.0.1:41662
[2018-01-30 12:06:50,650] SDC_ReadServer DEBUG:Raw return from BACnet stack is analog-value #7
{
    present-value: 2.000000
}
analog-value #8
{
    present-value: 2.000000
}
analog-value #9
{
    present-value: 2.000000
}
analog-value #10
{
    present-value: 2.000000
}
analog-value #11
{
    present-value: 2.000000
}
analog-value #12
{
    present-value: 2.000000
}
analog-value #13
{
    present-value: 2.000000
}
analog-value #14
{
    present-value: 2.000000
}
analog-value #15
{
    present-value: 2.000000
}
analog-value #16
{
    present-value: 2.000000
}
analog-value #17
{
    present-value: 2.000000
}
analog-value #18
{
    present-value: 2.000000
}
analog-value #19
{
    present-value: 2.000000
}
analog-value #20
{
    present-value: 2.000000
}
analog-value #21
{
    present-value: 2.000000
}

[2018-01-30 12:06:50,650] SDC_ReadServer INFO:Read success!
[2018-01-30 12:06:50,652] SDC_ReadServer INFO:Got connection from 127.0.0.1:41664
[2018-01-30 12:06:50,652] SDC_ReadServer INFO:Recieved GETENERGY request from 127.0.0.1:41664
[2018-01-30 12:06:50,835] SDC_ReadServer DEBUG:Raw return from BACnet stack is analog-value #22
{
    present-value: 8.236036
}

[2018-01-30 12:06:50,835] SDC_ReadServer INFO:Read success!
[2018-01-30 12:07:00,847] SDC_ReadServer INFO:Got connection from 127.0.0.1:41666
[2018-01-30 12:07:00,847] SDC_ReadServer INFO:Recived GETAMV request from 127.0.0.1:41666
[2018-01-30 12:07:00,949] SDC_ReadServer DEBUG:Raw return from BACnet stack is analog-value #7
{
    present-value: 2.000000
}
analog-value #8
{
    present-value: 2.000000
}
analog-value #9
{
    present-value: 2.000000
}
analog-value #10
{
    present-value: 2.000000
}
analog-value #11
{
    present-value: 2.000000
}
analog-value #12
{
    present-value: 2.000000
}
analog-value #13
{
    present-value: 2.000000
}
analog-value #14
{
    present-value: 2.000000
}
analog-value #15
{
    present-value: 2.000000
}
analog-value #16
{
    present-value: 2.000000
}
analog-value #17
{
    present-value: 2.000000
}
analog-value #18
{
    present-value: 2.000000
}
analog-value #19
{
    present-value: 2.000000
}
analog-value #20
{
    present-value: 2.000000
}
analog-value #21
{
    present-value: 2.000000
}

[2018-01-30 12:07:00,950] SDC_ReadServer INFO:Read success!
[2018-01-30 12:07:00,951] SDC_ReadServer INFO:Got connection from 127.0.0.1:41668
[2018-01-30 12:07:00,951] SDC_ReadServer INFO:Recieved GETENERGY request from 127.0.0.1:41668
[2018-01-30 12:07:01,050] SDC_ReadServer DEBUG:Raw return from BACnet stack is analog-value #22
{
    present-value: 8.237102
}

[2018-01-30 12:07:01,050] SDC_ReadServer INFO:Read success!
[2018-01-30 12:07:11,062] SDC_ReadServer INFO:Got connection from 127.0.0.1:41672
[2018-01-30 12:07:11,062] SDC_ReadServer INFO:Recived GETAMV request from 127.0.0.1:41672
[2018-01-30 12:07:11,165] SDC_ReadServer DEBUG:Raw return from BACnet stack is analog-value #7
{
    present-value: 2.000000
}
analog-value #8
{
    present-value: 2.000000
}
analog-value #9
{
    present-value: 2.000000
}
analog-value #10
{
    present-value: 2.000000
}
analog-value #11
{
    present-value: 2.000000
}
analog-value #12
{
    present-value: 2.000000
}
analog-value #13
{
    present-value: 2.000000
}
analog-value #14
{
    present-value: 2.000000
}
analog-value #15
{
    present-value: 2.000000
}
analog-value #16
{
    present-value: 2.000000
}
analog-value #17
{
    present-value: 2.000000
}
analog-value #18
{
    present-value: 2.000000
}
analog-value #19
{
    present-value: 2.000000
}
analog-value #20
{
    present-value: 2.000000
}
analog-value #21
{
    present-value: 2.000000
}

[2018-01-30 12:07:11,165] SDC_ReadServer INFO:Read success!
[2018-01-30 12:07:11,166] SDC_ReadServer INFO:Got connection from 127.0.0.1:41674
[2018-01-30 12:07:11,167] SDC_ReadServer INFO:Recieved GETENERGY request from 127.0.0.1:41674
[2018-01-30 12:07:11,265] SDC_ReadServer DEBUG:Raw return from BACnet stack is analog-value #22
{
    present-value: 5.357613
}

[2018-01-30 12:07:11,265] SDC_ReadServer INFO:Read success!
[2018-01-30 12:07:21,277] SDC_ReadServer INFO:Got connection from 127.0.0.1:41676
[2018-01-30 12:07:21,277] SDC_ReadServer INFO:Recived GETAMV request from 127.0.0.1:41676
[2018-01-30 12:07:21,414] SDC_ReadServer DEBUG:Raw return from BACnet stack is analog-value #7
{
    present-value: 2.000000
}
analog-value #8
{
    present-value: 2.000000
}
analog-value #9
{
    present-value: 2.000000
}
analog-value #10
{
    present-value: 2.000000
}
analog-value #11
{
    present-value: 2.000000
}
analog-value #12
{
    present-value: 2.000000
}
analog-value #13
{
    present-value: 2.000000
}
analog-value #14
{
    present-value: 2.000000
}
analog-value #15
{
    present-value: 2.000000
}
analog-value #16
{
    present-value: 2.000000
}
analog-value #17
{
    present-value: 2.000000
}
analog-value #18
{
    present-value: 2.000000
}
analog-value #19
{
    present-value: 2.000000
}
analog-value #20
{
    present-value: 2.000000
}
analog-value #21
{
    present-value: 2.000000
}

[2018-01-30 12:07:21,415] SDC_ReadServer INFO:Read success!
[2018-01-30 12:07:21,416] SDC_ReadServer INFO:Got connection from 127.0.0.1:41678
[2018-01-30 12:07:21,416] SDC_ReadServer INFO:Recieved GETENERGY request from 127.0.0.1:41678
[2018-01-30 12:07:21,570] SDC_ReadServer DEBUG:Raw return from BACnet stack is analog-value #22
{
    present-value: 5.353427
}

[2018-01-30 12:07:21,570] SDC_ReadServer INFO:Read success!
[2018-01-30 12:07:31,582] SDC_ReadServer INFO:Got connection from 127.0.0.1:41680
[2018-01-30 12:07:31,582] SDC_ReadServer INFO:Recived GETAMV request from 127.0.0.1:41680
[2018-01-30 12:07:31,685] SDC_ReadServer DEBUG:Raw return from BACnet stack is analog-value #7
{
    present-value: 2.000000
}
analog-value #8
{
    present-value: 2.000000
}
analog-value #9
{
    present-value: 2.000000
}
analog-value #10
{
    present-value: 2.000000
}
analog-value #11
{
    present-value: 2.000000
}
analog-value #12
{
    present-value: 2.000000
}
analog-value #13
{
    present-value: 2.000000
}
analog-value #14
{
    present-value: 2.000000
}
analog-value #15
{
    present-value: 2.000000
}
analog-value #16
{
    present-value: 2.000000
}
analog-value #17
{
    present-value: 2.000000
}
analog-value #18
{
    present-value: 2.000000
}
analog-value #19
{
    present-value: 2.000000
}
analog-value #20
{
    present-value: 2.000000
}
analog-value #21
{
    present-value: 2.000000
}

[2018-01-30 12:07:31,685] SDC_ReadServer INFO:Read success!
[2018-01-30 12:07:31,687] SDC_ReadServer INFO:Got connection from 127.0.0.1:41682
[2018-01-30 12:07:31,687] SDC_ReadServer INFO:Recieved GETENERGY request from 127.0.0.1:41682
[2018-01-30 12:07:31,840] SDC_ReadServer DEBUG:Raw return from BACnet stack is analog-value #22
{
    present-value: 5.389700
}

[2018-01-30 12:07:31,840] SDC_ReadServer INFO:Read success!
[2018-01-30 12:07:41,852] SDC_ReadServer INFO:Got connection from 127.0.0.1:41684
[2018-01-30 12:07:41,852] SDC_ReadServer INFO:Recived GETAMV request from 127.0.0.1:41684
[2018-01-30 12:07:41,994] SDC_ReadServer DEBUG:Raw return from BACnet stack is analog-value #7
{
    present-value: 2.000000
}
analog-value #8
{
    present-value: 2.000000
}
analog-value #9
{
    present-value: 2.000000
}
analog-value #10
{
    present-value: 2.000000
}
analog-value #11
{
    present-value: 2.000000
}
analog-value #12
{
    present-value: 2.000000
}
analog-value #13
{
    present-value: 2.000000
}
analog-value #14
{
    present-value: 2.000000
}
analog-value #15
{
    present-value: 2.000000
}
analog-value #16
{
    present-value: 2.000000
}
analog-value #17
{
    present-value: 2.000000
}
analog-value #18
{
    present-value: 2.000000
}
analog-value #19
{
    present-value: 2.000000
}
analog-value #20
{
    present-value: 2.000000
}
analog-value #21
{
    present-value: 2.000000
}

[2018-01-30 12:07:41,994] SDC_ReadServer INFO:Read success!
[2018-01-30 12:07:41,996] SDC_ReadServer INFO:Got connection from 127.0.0.1:41686
[2018-01-30 12:07:41,996] SDC_ReadServer INFO:Recieved GETENERGY request from 127.0.0.1:41686
[2018-01-30 12:07:42,163] SDC_ReadServer DEBUG:Raw return from BACnet stack is analog-value #22
{
    present-value: 5.389700
}

[2018-01-30 12:07:42,164] SDC_ReadServer INFO:Read success!
[2018-01-30 12:07:52,175] SDC_ReadServer INFO:Got connection from 127.0.0.1:41690
[2018-01-30 12:07:52,176] SDC_ReadServer INFO:Recived GETAMV request from 127.0.0.1:41690
[2018-01-30 12:07:52,279] SDC_ReadServer DEBUG:Raw return from BACnet stack is analog-value #7
{
    present-value: 2.000000
}
analog-value #8
{
    present-value: 2.000000
}
analog-value #9
{
    present-value: 2.000000
}
analog-value #10
{
    present-value: 2.000000
}
analog-value #11
{
    present-value: 2.000000
}
analog-value #12
{
    present-value: 2.000000
}
analog-value #13
{
    present-value: 2.000000
}
analog-value #14
{
    present-value: 2.000000
}
analog-value #15
{
    present-value: 2.000000
}
analog-value #16
{
    present-value: 2.000000
}
analog-value #17
{
    present-value: 2.000000
}
analog-value #18
{
    present-value: 2.000000
}
analog-value #19
{
    present-value: 2.000000
}
analog-value #20
{
    present-value: 2.000000
}
analog-value #21
{
    present-value: 2.000000
}

[2018-01-30 12:07:52,279] SDC_ReadServer INFO:Read success!
[2018-01-30 12:07:52,280] SDC_ReadServer INFO:Got connection from 127.0.0.1:41692
[2018-01-30 12:07:52,281] SDC_ReadServer INFO:Recieved GETENERGY request from 127.0.0.1:41692
[2018-01-30 12:07:52,379] SDC_ReadServer DEBUG:Raw return from BACnet stack is analog-value #22
{
    present-value: 8.238167
}

[2018-01-30 12:07:52,380] SDC_ReadServer INFO:Read success!
[2018-01-30 12:08:02,391] SDC_ReadServer INFO:Got connection from 127.0.0.1:41694
[2018-01-30 12:08:02,392] SDC_ReadServer INFO:Recived GETAMV request from 127.0.0.1:41694
[2018-01-30 12:08:02,509] SDC_ReadServer DEBUG:Raw return from BACnet stack is analog-value #7
{
    present-value: 2.000000
}
analog-value #8
{
    present-value: 2.000000
}
analog-value #9
{
    present-value: 2.000000
}
analog-value #10
{
    present-value: 2.000000
}
analog-value #11
{
    present-value: 2.000000
}
analog-value #12
{
    present-value: 2.000000
}
analog-value #13
{
    present-value: 2.000000
}
analog-value #14
{
    present-value: 2.000000
}
analog-value #15
{
    present-value: 2.000000
}
analog-value #16
{
    present-value: 2.000000
}
analog-value #17
{
    present-value: 2.000000
}
analog-value #18
{
    present-value: 2.000000
}
analog-value #19
{
    present-value: 2.000000
}
analog-value #20
{
    present-value: 2.000000
}
analog-value #21
{
    present-value: 2.000000
}

[2018-01-30 12:08:02,509] SDC_ReadServer INFO:Read success!
[2018-01-30 12:08:02,511] SDC_ReadServer INFO:Got connection from 127.0.0.1:41696
[2018-01-30 12:08:02,511] SDC_ReadServer INFO:Recieved GETENERGY request from 127.0.0.1:41696
[2018-01-30 12:08:02,664] SDC_ReadServer DEBUG:Raw return from BACnet stack is analog-value #22
{
    present-value: 8.190196
}

[2018-01-30 12:08:02,665] SDC_ReadServer INFO:Read success!
[2018-01-30 12:08:12,676] SDC_ReadServer INFO:Got connection from 127.0.0.1:41698
[2018-01-30 12:08:12,677] SDC_ReadServer INFO:Recived GETAMV request from 127.0.0.1:41698
[2018-01-30 12:08:12,779] SDC_ReadServer DEBUG:Raw return from BACnet stack is analog-value #7
{
    present-value: 2.000000
}
analog-value #8
{
    present-value: 2.000000
}
analog-value #9
{
    present-value: 2.000000
}
analog-value #10
{
    present-value: 2.000000
}
analog-value #11
{
    present-value: 2.000000
}
analog-value #12
{
    present-value: 2.000000
}
analog-value #13
{
    present-value: 2.000000
}
analog-value #14
{
    present-value: 2.000000
}
analog-value #15
{
    present-value: 2.000000
}
analog-value #16
{
    present-value: 2.000000
}
analog-value #17
{
    present-value: 2.000000
}
analog-value #18
{
    present-value: 2.000000
}
analog-value #19
{
    present-value: 2.000000
}
analog-value #20
{
    present-value: 2.000000
}
analog-value #21
{
    present-value: 2.000000
}

[2018-01-30 12:08:12,779] SDC_ReadServer INFO:Read success!
[2018-01-30 12:08:12,780] SDC_ReadServer INFO:Got connection from 127.0.0.1:41700
[2018-01-30 12:08:12,781] SDC_ReadServer INFO:Recieved GETENERGY request from 127.0.0.1:41700
[2018-01-30 12:08:12,879] SDC_ReadServer DEBUG:Raw return from BACnet stack is analog-value #22
{
    present-value: 5.395279
}

[2018-01-30 12:08:12,880] SDC_ReadServer INFO:Read success!
[2018-01-30 12:08:22,891] SDC_ReadServer INFO:Got connection from 127.0.0.1:41702
[2018-01-30 12:08:22,892] SDC_ReadServer INFO:Recived GETAMV request from 127.0.0.1:41702
[2018-01-30 12:08:23,004] SDC_ReadServer DEBUG:Raw return from BACnet stack is analog-value #7
{
    present-value: 2.000000
}
analog-value #8
{
    present-value: 2.000000
}
analog-value #9
{
    present-value: 2.000000
}
analog-value #10
{
    present-value: 2.000000
}
analog-value #11
{
    present-value: 2.000000
}
analog-value #12
{
    present-value: 2.000000
}
analog-value #13
{
    present-value: 2.000000
}
analog-value #14
{
    present-value: 2.000000
}
analog-value #15
{
    present-value: 2.000000
}
analog-value #16
{
    present-value: 2.000000
}
analog-value #17
{
    present-value: 2.000000
}
analog-value #18
{
    present-value: 2.000000
}
analog-value #19
{
    present-value: 2.000000
}
analog-value #20
{
    present-value: 2.000000
}
analog-value #21
{
    present-value: 2.000000
}

[2018-01-30 12:08:23,004] SDC_ReadServer INFO:Read success!
[2018-01-30 12:08:23,006] SDC_ReadServer INFO:Got connection from 127.0.0.1:41704
[2018-01-30 12:08:23,006] SDC_ReadServer INFO:Recieved GETENERGY request from 127.0.0.1:41704
[2018-01-30 12:08:23,104] SDC_ReadServer DEBUG:Raw return from BACnet stack is analog-value #22
{
    present-value: 5.376446
}

[2018-01-30 12:08:23,105] SDC_ReadServer INFO:Read success!
[2018-01-30 12:08:33,116] SDC_ReadServer INFO:Got connection from 127.0.0.1:41706
[2018-01-30 12:08:33,117] SDC_ReadServer INFO:Recived GETAMV request from 127.0.0.1:41706
[2018-01-30 12:08:33,222] SDC_ReadServer DEBUG:Raw return from BACnet stack is analog-value #7
{
    present-value: 2.000000
}
analog-value #8
{
    present-value: 2.000000
}
analog-value #9
{
    present-value: 2.000000
}
analog-value #10
{
    present-value: 2.000000
}
analog-value #11
{
    present-value: 2.000000
}
analog-value #12
{
    present-value: 2.000000
}
analog-value #13
{
    present-value: 2.000000
}
analog-value #14
{
    present-value: 2.000000
}
analog-value #15
{
    present-value: 2.000000
}
analog-value #16
{
    present-value: 2.000000
}
analog-value #17
{
    present-value: 2.000000
}
analog-value #18
{
    present-value: 2.000000
}
analog-value #19
{
    present-value: 2.000000
}
analog-value #20
{
    present-value: 2.000000
}
analog-value #21
{
    present-value: 2.000000
}

[2018-01-30 12:08:33,223] SDC_ReadServer INFO:Read success!
[2018-01-30 12:08:33,224] SDC_ReadServer INFO:Got connection from 127.0.0.1:41708
[2018-01-30 12:08:33,224] SDC_ReadServer INFO:Recieved GETENERGY request from 127.0.0.1:41708
[2018-01-30 12:08:33,324] SDC_ReadServer DEBUG:Raw return from BACnet stack is analog-value #22
{
    present-value: 5.326923
}

[2018-01-30 12:08:33,324] SDC_ReadServer INFO:Read success!
[2018-01-30 12:08:43,336] SDC_ReadServer INFO:Got connection from 127.0.0.1:41710
[2018-01-30 12:08:43,336] SDC_ReadServer INFO:Recived GETAMV request from 127.0.0.1:41710
[2018-01-30 12:08:43,439] SDC_ReadServer DEBUG:Raw return from BACnet stack is analog-value #7
{
    present-value: 2.000000
}
analog-value #8
{
    present-value: 2.000000
}
analog-value #9
{
    present-value: 2.000000
}
analog-value #10
{
    present-value: 2.000000
}
analog-value #11
{
    present-value: 2.000000
}
analog-value #12
{
    present-value: 2.000000
}
analog-value #13
{
    present-value: 2.000000
}
analog-value #14
{
    present-value: 2.000000
}
analog-value #15
{
    present-value: 2.000000
}
analog-value #16
{
    present-value: 2.000000
}
analog-value #17
{
    present-value: 2.000000
}
analog-value #18
{
    present-value: 2.000000
}
analog-value #19
{
    present-value: 2.000000
}
analog-value #20
{
    present-value: 2.000000
}
analog-value #21
{
    present-value: 2.000000
}

[2018-01-30 12:08:43,439] SDC_ReadServer INFO:Read success!
[2018-01-30 12:08:43,440] SDC_ReadServer INFO:Got connection from 127.0.0.1:41712
[2018-01-30 12:08:43,440] SDC_ReadServer INFO:Recieved GETENERGY request from 127.0.0.1:41712
[2018-01-30 12:08:43,539] SDC_ReadServer DEBUG:Raw return from BACnet stack is analog-value #22
{
    present-value: 5.355521
}

[2018-01-30 12:08:43,539] SDC_ReadServer INFO:Read success!
[2018-01-30 12:08:53,551] SDC_ReadServer INFO:Got connection from 127.0.0.1:41714
[2018-01-30 12:08:53,551] SDC_ReadServer INFO:Recived GETAMV request from 127.0.0.1:41714
[2018-01-30 12:08:53,656] SDC_ReadServer DEBUG:Raw return from BACnet stack is analog-value #7
{
    present-value: 2.000000
}
analog-value #8
{
    present-value: 2.000000
}
analog-value #9
{
    present-value: 2.000000
}
analog-value #10
{
    present-value: 2.000000
}
analog-value #11
{
    present-value: 2.000000
}
analog-value #12
{
    present-value: 2.000000
}
analog-value #13
{
    present-value: 2.000000
}
analog-value #14
{
    present-value: 2.000000
}
analog-value #15
{
    present-value: 2.000000
}
analog-value #16
{
    present-value: 2.000000
}
analog-value #17
{
    present-value: 2.000000
}
analog-value #18
{
    present-value: 2.000000
}
analog-value #19
{
    present-value: 2.000000
}
analog-value #20
{
    present-value: 2.000000
}
analog-value #21
{
    present-value: 2.000000
}

[2018-01-30 12:08:53,656] SDC_ReadServer INFO:Read success!
[2018-01-30 12:08:53,658] SDC_ReadServer INFO:Got connection from 127.0.0.1:41716
[2018-01-30 12:08:53,658] SDC_ReadServer INFO:Recieved GETENERGY request from 127.0.0.1:41716
[2018-01-30 12:08:53,814] SDC_ReadServer DEBUG:Raw return from BACnet stack is analog-value #22
{
    present-value: 5.355521
}

[2018-01-30 12:08:53,815] SDC_ReadServer INFO:Read success!
[2018-01-30 12:09:03,822] SDC_ReadServer INFO:Got connection from 127.0.0.1:41720
[2018-01-30 12:09:03,822] SDC_ReadServer INFO:Recived GETAMV request from 127.0.0.1:41720
[2018-01-30 12:09:04,013] SDC_ReadServer DEBUG:Raw return from BACnet stack is analog-value #7
{
    present-value: 2.000000
}
analog-value #8
{
    present-value: 2.000000
}
analog-value #9
{
    present-value: 2.000000
}
analog-value #10
{
    present-value: 2.000000
}
analog-value #11
{
    present-value: 2.000000
}
analog-value #12
{
    present-value: 2.000000
}
analog-value #13
{
    present-value: 2.000000
}
analog-value #14
{
    present-value: 2.000000
}
analog-value #15
{
    present-value: 2.000000
}
analog-value #16
{
    present-value: 2.000000
}
analog-value #17
{
    present-value: 2.000000
}
analog-value #18
{
    present-value: 2.000000
}
analog-value #19
{
    present-value: 2.000000
}
analog-value #20
{
    present-value: 2.000000
}
analog-value #21
{
    present-value: 2.000000
}

[2018-01-30 12:09:04,014] SDC_ReadServer INFO:Read success!
[2018-01-30 12:09:04,015] SDC_ReadServer INFO:Got connection from 127.0.0.1:41722
[2018-01-30 12:09:04,015] SDC_ReadServer INFO:Recieved GETENERGY request from 127.0.0.1:41722
[2018-01-30 12:09:04,169] SDC_ReadServer DEBUG:Raw return from BACnet stack is analog-value #22
{
    present-value: 5.999094
}

[2018-01-30 12:09:04,169] SDC_ReadServer INFO:Read success!
[2018-01-30 12:09:14,180] SDC_ReadServer INFO:Got connection from 127.0.0.1:41724
[2018-01-30 12:09:14,180] SDC_ReadServer INFO:Recived GETAMV request from 127.0.0.1:41724
[2018-01-30 12:09:14,283] SDC_ReadServer DEBUG:Raw return from BACnet stack is analog-value #7
{
    present-value: 2.000000
}
analog-value #8
{
    present-value: 2.000000
}
analog-value #9
{
    present-value: 2.000000
}
analog-value #10
{
    present-value: 2.000000
}
analog-value #11
{
    present-value: 2.000000
}
analog-value #12
{
    present-value: 2.000000
}
analog-value #13
{
    present-value: 2.000000
}
analog-value #14
{
    present-value: 2.000000
}
analog-value #15
{
    present-value: 2.000000
}
analog-value #16
{
    present-value: 2.000000
}
analog-value #17
{
    present-value: 2.000000
}
analog-value #18
{
    present-value: 2.000000
}
analog-value #19
{
    present-value: 2.000000
}
analog-value #20
{
    present-value: 2.000000
}
analog-value #21
{
    present-value: 2.000000
}

[2018-01-30 12:09:14,283] SDC_ReadServer INFO:Read success!
[2018-01-30 12:09:14,285] SDC_ReadServer INFO:Got connection from 127.0.0.1:41726
[2018-01-30 12:09:14,285] SDC_ReadServer INFO:Recieved GETENERGY request from 127.0.0.1:41726
[2018-01-30 12:09:14,439] SDC_ReadServer DEBUG:Raw return from BACnet stack is analog-value #22
{
    present-value: 5.455879
}

[2018-01-30 12:09:14,439] SDC_ReadServer INFO:Read success!
[2018-01-30 12:09:24,443] SDC_ReadServer INFO:Got connection from 127.0.0.1:41728
[2018-01-30 12:09:24,444] SDC_ReadServer INFO:Recived GETAMV request from 127.0.0.1:41728
[2018-01-30 12:09:24,559] SDC_ReadServer DEBUG:Raw return from BACnet stack is analog-value #7
{
    present-value: 2.000000
}
analog-value #8
{
    present-value: 2.000000
}
analog-value #9
{
    present-value: 2.000000
}
analog-value #10
{
    present-value: 2.000000
}
analog-value #11
{
    present-value: 2.000000
}
analog-value #12
{
    present-value: 2.000000
}
analog-value #13
{
    present-value: 2.000000
}
analog-value #14
{
    present-value: 2.000000
}
analog-value #15
{
    present-value: 2.000000
}
analog-value #16
{
    present-value: 2.000000
}
analog-value #17
{
    present-value: 2.000000
}
analog-value #18
{
    present-value: 2.000000
}
analog-value #19
{
    present-value: 2.000000
}
analog-value #20
{
    present-value: 2.000000
}
analog-value #21
{
    present-value: 2.000000
}

[2018-01-30 12:09:24,559] SDC_ReadServer INFO:Read success!
[2018-01-30 12:09:24,561] SDC_ReadServer INFO:Got connection from 127.0.0.1:41730
[2018-01-30 12:09:24,561] SDC_ReadServer INFO:Recieved GETENERGY request from 127.0.0.1:41730
[2018-01-30 12:09:24,659] SDC_ReadServer DEBUG:Raw return from BACnet stack is analog-value #22
{
    present-value: 5.485729
}

[2018-01-30 12:09:24,659] SDC_ReadServer INFO:Read success!
[2018-01-30 12:09:34,671] SDC_ReadServer INFO:Got connection from 127.0.0.1:41732
[2018-01-30 12:09:34,671] SDC_ReadServer INFO:Recived GETAMV request from 127.0.0.1:41732
[2018-01-30 12:09:34,774] SDC_ReadServer DEBUG:Raw return from BACnet stack is analog-value #7
{
    present-value: 2.000000
}
analog-value #8
{
    present-value: 2.000000
}
analog-value #9
{
    present-value: 2.000000
}
analog-value #10
{
    present-value: 2.000000
}
analog-value #11
{
    present-value: 2.000000
}
analog-value #12
{
    present-value: 2.000000
}
analog-value #13
{
    present-value: 2.000000
}
analog-value #14
{
    present-value: 2.000000
}
analog-value #15
{
    present-value: 2.000000
}
analog-value #16
{
    present-value: 2.000000
}
analog-value #17
{
    present-value: 2.000000
}
analog-value #18
{
    present-value: 2.000000
}
analog-value #19
{
    present-value: 2.000000
}
analog-value #20
{
    present-value: 2.000000
}
analog-value #21
{
    present-value: 2.000000
}

[2018-01-30 12:09:34,774] SDC_ReadServer INFO:Read success!
[2018-01-30 12:09:34,776] SDC_ReadServer INFO:Got connection from 127.0.0.1:41734
[2018-01-30 12:09:34,776] SDC_ReadServer INFO:Recieved GETENERGY request from 127.0.0.1:41734
[2018-01-30 12:09:34,874] SDC_ReadServer DEBUG:Raw return from BACnet stack is analog-value #22
{
    present-value: 5.481464
}

[2018-01-30 12:09:34,874] SDC_ReadServer INFO:Read success!
[2018-01-30 12:09:44,877] SDC_ReadServer INFO:Got connection from 127.0.0.1:41736
[2018-01-30 12:09:44,878] SDC_ReadServer INFO:Recived GETAMV request from 127.0.0.1:41736
[2018-01-30 12:09:45,028] SDC_ReadServer DEBUG:Raw return from BACnet stack is analog-value #7
{
    present-value: 2.000000
}
analog-value #8
{
    present-value: 2.000000
}
analog-value #9
{
    present-value: 2.000000
}
analog-value #10
{
    present-value: 2.000000
}
analog-value #11
{
    present-value: 2.000000
}
analog-value #12
{
    present-value: 2.000000
}
analog-value #13
{
    present-value: 2.000000
}
analog-value #14
{
    present-value: 2.000000
}
analog-value #15
{
    present-value: 2.000000
}
analog-value #16
{
    present-value: 2.000000
}
analog-value #17
{
    present-value: 2.000000
}
analog-value #18
{
    present-value: 2.000000
}
analog-value #19
{
    present-value: 2.000000
}
analog-value #20
{
    present-value: 2.000000
}
analog-value #21
{
    present-value: 2.000000
}

[2018-01-30 12:09:45,028] SDC_ReadServer INFO:Read success!
[2018-01-30 12:09:45,029] SDC_ReadServer INFO:Got connection from 127.0.0.1:41738
[2018-01-30 12:09:45,029] SDC_ReadServer INFO:Recieved GETENERGY request from 127.0.0.1:41738
[2018-01-30 12:09:45,184] SDC_ReadServer DEBUG:Raw return from BACnet stack is analog-value #22
{
    present-value: 5.450194
}

[2018-01-30 12:09:45,184] SDC_ReadServer INFO:Read success!
[2018-01-30 12:09:55,195] SDC_ReadServer INFO:Got connection from 127.0.0.1:41740
[2018-01-30 12:09:55,196] SDC_ReadServer INFO:Recived GETAMV request from 127.0.0.1:41740
[2018-01-30 12:09:55,298] SDC_ReadServer DEBUG:Raw return from BACnet stack is analog-value #7
{
    present-value: 2.000000
}
analog-value #8
{
    present-value: 2.000000
}
analog-value #9
{
    present-value: 2.000000
}
analog-value #10
{
    present-value: 2.000000
}
analog-value #11
{
    present-value: 2.000000
}
analog-value #12
{
    present-value: 2.000000
}
analog-value #13
{
    present-value: 2.000000
}
analog-value #14
{
    present-value: 2.000000
}
analog-value #15
{
    present-value: 2.000000
}
analog-value #16
{
    present-value: 2.000000
}
analog-value #17
{
    present-value: 2.000000
}
analog-value #18
{
    present-value: 2.000000
}
analog-value #19
{
    present-value: 2.000000
}
analog-value #20
{
    present-value: 2.000000
}
analog-value #21
{
    present-value: 2.000000
}

[2018-01-30 12:09:55,298] SDC_ReadServer INFO:Read success!
[2018-01-30 12:09:55,300] SDC_ReadServer INFO:Got connection from 127.0.0.1:41742
[2018-01-30 12:09:55,300] SDC_ReadServer INFO:Recieved GETENERGY request from 127.0.0.1:41742
[2018-01-30 12:09:55,399] SDC_ReadServer DEBUG:Raw return from BACnet stack is analog-value #22
{
    present-value: 5.472936
}

[2018-01-30 12:09:55,399] SDC_ReadServer INFO:Read success!
[2018-01-30 12:10:05,410] SDC_ReadServer INFO:Got connection from 127.0.0.1:41744
[2018-01-30 12:10:05,411] SDC_ReadServer INFO:Recived GETAMV request from 127.0.0.1:41744
[2018-01-30 12:10:05,598] SDC_ReadServer DEBUG:Raw return from BACnet stack is analog-value #7
{
    present-value: 2.000000
}
analog-value #8
{
    present-value: 2.000000
}
analog-value #9
{
    present-value: 2.000000
}
analog-value #10
{
    present-value: 2.000000
}
analog-value #11
{
    present-value: 2.000000
}
analog-value #12
{
    present-value: 2.000000
}
analog-value #13
{
    present-value: 2.000000
}
analog-value #14
{
    present-value: 2.000000
}
analog-value #15
{
    present-value: 2.000000
}
analog-value #16
{
    present-value: 2.000000
}
analog-value #17
{
    present-value: 2.000000
}
analog-value #18
{
    present-value: 2.000000
}
analog-value #19
{
    present-value: 2.000000
}
analog-value #20
{
    present-value: 2.000000
}
analog-value #21
{
    present-value: 2.000000
}

[2018-01-30 12:10:05,598] SDC_ReadServer INFO:Read success!
[2018-01-30 12:10:05,599] SDC_ReadServer INFO:Got connection from 127.0.0.1:41746
[2018-01-30 12:10:05,600] SDC_ReadServer INFO:Recieved GETENERGY request from 127.0.0.1:41746
[2018-01-30 12:10:05,753] SDC_ReadServer DEBUG:Raw return from BACnet stack is analog-value #22
{
    present-value: 5.472936
}

[2018-01-30 12:10:05,754] SDC_ReadServer INFO:Read success!
[2018-01-30 12:10:15,765] SDC_ReadServer INFO:Got connection from 127.0.0.1:41748
[2018-01-30 12:10:15,765] SDC_ReadServer INFO:Recived GETAMV request from 127.0.0.1:41748
[2018-01-30 12:10:15,868] SDC_ReadServer DEBUG:Raw return from BACnet stack is analog-value #7
{
    present-value: 2.000000
}
analog-value #8
{
    present-value: 2.000000
}
analog-value #9
{
    present-value: 2.000000
}
analog-value #10
{
    present-value: 2.000000
}
analog-value #11
{
    present-value: 2.000000
}
analog-value #12
{
    present-value: 2.000000
}
analog-value #13
{
    present-value: 2.000000
}
analog-value #14
{
    present-value: 2.000000
}
analog-value #15
{
    present-value: 2.000000
}
analog-value #16
{
    present-value: 2.000000
}
analog-value #17
{
    present-value: 2.000000
}
analog-value #18
{
    present-value: 2.000000
}
analog-value #19
{
    present-value: 2.000000
}
analog-value #20
{
    present-value: 2.000000
}
analog-value #21
{
    present-value: 2.000000
}

[2018-01-30 12:10:15,868] SDC_ReadServer INFO:Read success!
[2018-01-30 12:10:15,870] SDC_ReadServer INFO:Got connection from 127.0.0.1:41750
[2018-01-30 12:10:15,870] SDC_ReadServer INFO:Recieved GETENERGY request from 127.0.0.1:41750
[2018-01-30 12:10:15,968] SDC_ReadServer DEBUG:Raw return from BACnet stack is analog-value #22
{
    present-value: 8.302124
}

[2018-01-30 12:10:15,968] SDC_ReadServer INFO:Read success!
[2018-01-30 12:10:25,972] SDC_ReadServer INFO:Got connection from 127.0.0.1:41752
[2018-01-30 12:10:25,972] SDC_ReadServer INFO:Recived GETAMV request from 127.0.0.1:41752
[2018-01-30 12:10:26,158] SDC_ReadServer DEBUG:Raw return from BACnet stack is analog-value #7
{
    present-value: 2.000000
}
analog-value #8
{
    present-value: 2.000000
}
analog-value #9
{
    present-value: 2.000000
}
analog-value #10
{
    present-value: 2.000000
}
analog-value #11
{
    present-value: 2.000000
}
analog-value #12
{
    present-value: 2.000000
}
analog-value #13
{
    present-value: 2.000000
}
analog-value #14
{
    present-value: 2.000000
}
analog-value #15
{
    present-value: 2.000000
}
analog-value #16
{
    present-value: 2.000000
}
analog-value #17
{
    present-value: 2.000000
}
analog-value #18
{
    present-value: 2.000000
}
analog-value #19
{
    present-value: 2.000000
}
analog-value #20
{
    present-value: 2.000000
}
analog-value #21
{
    present-value: 2.000000
}

[2018-01-30 12:10:26,158] SDC_ReadServer INFO:Read success!
[2018-01-30 12:10:26,160] SDC_ReadServer INFO:Got connection from 127.0.0.1:41754
[2018-01-30 12:10:26,160] SDC_ReadServer INFO:Recieved GETENERGY request from 127.0.0.1:41754
[2018-01-30 12:10:26,313] SDC_ReadServer DEBUG:Raw return from BACnet stack is analog-value #22
{
    present-value: 5.466540
}

[2018-01-30 12:10:26,313] SDC_ReadServer INFO:Read success!
[2018-01-30 12:10:36,325] SDC_ReadServer INFO:Got connection from 127.0.0.1:41756
[2018-01-30 12:10:36,325] SDC_ReadServer INFO:Recived GETAMV request from 127.0.0.1:41756
[2018-01-30 12:10:36,427] SDC_ReadServer DEBUG:Raw return from BACnet stack is analog-value #7
{
    present-value: 2.000000
}
analog-value #8
{
    present-value: 2.000000
}
analog-value #9
{
    present-value: 2.000000
}
analog-value #10
{
    present-value: 2.000000
}
analog-value #11
{
    present-value: 2.000000
}
analog-value #12
{
    present-value: 2.000000
}
analog-value #13
{
    present-value: 2.000000
}
analog-value #14
{
    present-value: 2.000000
}
analog-value #15
{
    present-value: 2.000000
}
analog-value #16
{
    present-value: 2.000000
}
analog-value #17
{
    present-value: 2.000000
}
analog-value #18
{
    present-value: 2.000000
}
analog-value #19
{
    present-value: 2.000000
}
analog-value #20
{
    present-value: 2.000000
}
analog-value #21
{
    present-value: 2.000000
}

[2018-01-30 12:10:36,428] SDC_ReadServer INFO:Read success!
[2018-01-30 12:10:36,429] SDC_ReadServer INFO:Got connection from 127.0.0.1:41758
[2018-01-30 12:10:36,429] SDC_ReadServer INFO:Recieved GETENERGY request from 127.0.0.1:41758
[2018-01-30 12:10:36,528] SDC_ReadServer DEBUG:Raw return from BACnet stack is analog-value #22
{
    present-value: 5.468672
}

[2018-01-30 12:10:36,528] SDC_ReadServer INFO:Read success!
[2018-01-30 12:10:46,540] SDC_ReadServer INFO:Got connection from 127.0.0.1:41760
[2018-01-30 12:10:46,540] SDC_ReadServer INFO:Recived GETALL request from 127.0.0.1:41760
[2018-01-30 12:10:46,648] SDC_ReadServer DEBUG:Raw return from BACnet stack is analog-value #110
{
    present-value: 20.219999
}
analog-value #112
{
    present-value: 80.800003
}
analog-value #113
{
    present-value: 5.600000
}
analog-value #114
{
    present-value: 286.000000
}
analog-value #2
{
    present-value: 50.000000
}

[2018-01-30 12:10:46,780] SDC_ReadServer DEBUG:Raw return from BACnet stack is analog-value #4
{
    present-value: 140.000000
}

[2018-01-30 12:10:46,881] SDC_ReadServer DEBUG:Raw return from BACnet stack is analog-value #48
{
    present-value: 72.802391
}
analog-value #31
{
    present-value: 72.000000
}

[2018-01-30 12:10:46,978] SDC_ReadServer DEBUG:Raw return from BACnet stack is analog-value #22
{
    present-value: 5.431717
}

[2018-01-30 12:10:47,082] SDC_ReadServer DEBUG:Raw return from BACnet stack is analog-value #7
{
    present-value: 2.000000
}
analog-value #8
{
    present-value: 2.000000
}
analog-value #9
{
    present-value: 2.000000
}
analog-value #10
{
    present-value: 2.000000
}
analog-value #11
{
    present-value: 2.000000
}
analog-value #12
{
    present-value: 2.000000
}
analog-value #13
{
    present-value: 2.000000
}
analog-value #14
{
    present-value: 2.000000
}
analog-value #15
{
    present-value: 2.000000
}
analog-value #16
{
    present-value: 2.000000
}
analog-value #17
{
    present-value: 2.000000
}
analog-value #18
{
    present-value: 2.000000
}
analog-value #19
{
    present-value: 2.000000
}
analog-value #20
{
    present-value: 2.000000
}
analog-value #21
{
    present-value: 2.000000
}

[2018-01-30 12:10:47,083] SDC_ReadServer INFO:Read success!
[2018-01-30 12:52:40,646] SDC_ReadServer INFO:Got connection from 127.0.0.1:41890
[2018-01-30 12:52:40,646] SDC_ReadServer INFO:Recived GETAMV request from 127.0.0.1:41890
[2018-01-30 12:52:40,749] SDC_ReadServer DEBUG:Raw return from BACnet stack is analog-value #7
{
    present-value: 2.000000
}
analog-value #8
{
    present-value: 2.000000
}
analog-value #9
{
    present-value: 2.000000
}
analog-value #10
{
    present-value: 2.000000
}
analog-value #11
{
    present-value: 2.000000
}
analog-value #12
{
    present-value: 2.000000
}
analog-value #13
{
    present-value: 2.000000
}
analog-value #14
{
    present-value: 2.000000
}
analog-value #15
{
    present-value: 2.000000
}
analog-value #16
{
    present-value: 2.000000
}
analog-value #17
{
    present-value: 2.000000
}
analog-value #18
{
    present-value: 2.000000
}
analog-value #19
{
    present-value: 2.000000
}
analog-value #20
{
    present-value: 2.000000
}
analog-value #21
{
    present-value: 2.000000
}

[2018-01-30 12:52:40,749] SDC_ReadServer INFO:Read success!
[2018-01-30 12:52:40,812] SDC_ReadServer INFO:Got connection from 127.0.0.1:41894
[2018-01-30 12:52:40,812] SDC_ReadServer INFO:Recived GETAMV request from 127.0.0.1:41894
[2018-01-30 12:52:40,913] SDC_ReadServer DEBUG:Raw return from BACnet stack is analog-value #7
{
    present-value: 2.000000
}
analog-value #8
{
    present-value: 2.000000
}
analog-value #9
{
    present-value: 2.000000
}
analog-value #10
{
    present-value: 2.000000
}
analog-value #11
{
    present-value: 2.000000
}
analog-value #12
{
    present-value: 2.000000
}
analog-value #13
{
    present-value: 2.000000
}
analog-value #14
{
    present-value: 2.000000
}
analog-value #15
{
    present-value: 2.000000
}
analog-value #16
{
    present-value: 2.000000
}
analog-value #17
{
    present-value: 2.000000
}
analog-value #18
{
    present-value: 2.000000
}
analog-value #19
{
    present-value: 2.000000
}
analog-value #20
{
    present-value: 2.000000
}
analog-value #21
{
    present-value: 2.000000
}

[2018-01-30 12:52:40,914] SDC_ReadServer INFO:Read success!
[2018-01-30 12:52:50,915] SDC_ReadServer INFO:Got connection from 127.0.0.1:41898
[2018-01-30 12:52:50,915] SDC_ReadServer INFO:Recived GETAMV request from 127.0.0.1:41898
[2018-01-30 12:52:51,098] SDC_ReadServer DEBUG:Raw return from BACnet stack is analog-value #7
{
    present-value: 2.000000
}
analog-value #8
{
    present-value: 2.000000
}
analog-value #9
{
    present-value: 2.000000
}
analog-value #10
{
    present-value: 2.000000
}
analog-value #11
{
    present-value: 2.000000
}
analog-value #12
{
    present-value: 2.000000
}
analog-value #13
{
    present-value: 2.000000
}
analog-value #14
{
    present-value: 2.000000
}
analog-value #15
{
    present-value: 2.000000
}
analog-value #16
{
    present-value: 2.000000
}
analog-value #17
{
    present-value: 2.000000
}
analog-value #18
{
    present-value: 2.000000
}
analog-value #19
{
    present-value: 2.000000
}
analog-value #20
{
    present-value: 2.000000
}
analog-value #21
{
    present-value: 2.000000
}

[2018-01-30 12:52:51,099] SDC_ReadServer INFO:Read success!
[2018-01-30 12:52:51,100] SDC_ReadServer INFO:Got connection from 127.0.0.1:41900
[2018-01-30 12:52:51,100] SDC_ReadServer INFO:Recieved GETENERGY request from 127.0.0.1:41900
[2018-01-30 12:52:51,254] SDC_ReadServer DEBUG:Raw return from BACnet stack is analog-value #22
{
    present-value: 172.776276
}

[2018-01-30 12:52:51,255] SDC_ReadServer INFO:Read success!
[2018-01-30 12:53:01,266] SDC_ReadServer INFO:Got connection from 127.0.0.1:41904
[2018-01-30 12:53:01,266] SDC_ReadServer INFO:Recived GETAMV request from 127.0.0.1:41904
[2018-01-30 12:53:01,368] SDC_ReadServer DEBUG:Raw return from BACnet stack is analog-value #7
{
    present-value: 2.000000
}
analog-value #8
{
    present-value: 2.000000
}
analog-value #9
{
    present-value: 2.000000
}
analog-value #10
{
    present-value: 2.000000
}
analog-value #11
{
    present-value: 2.000000
}
analog-value #12
{
    present-value: 2.000000
}
analog-value #13
{
    present-value: 2.000000
}
analog-value #14
{
    present-value: 2.000000
}
analog-value #15
{
    present-value: 2.000000
}
analog-value #16
{
    present-value: 2.000000
}
analog-value #17
{
    present-value: 2.000000
}
analog-value #18
{
    present-value: 2.000000
}
analog-value #19
{
    present-value: 2.000000
}
analog-value #20
{
    present-value: 2.000000
}
analog-value #21
{
    present-value: 2.000000
}

[2018-01-30 12:53:01,369] SDC_ReadServer INFO:Read success!
[2018-01-30 12:53:01,370] SDC_ReadServer INFO:Got connection from 127.0.0.1:41908
[2018-01-30 12:53:01,370] SDC_ReadServer INFO:Recieved GETENERGY request from 127.0.0.1:41908
[2018-01-30 12:53:01,469] SDC_ReadServer DEBUG:Raw return from BACnet stack is analog-value #22
{
    present-value: 164.602432
}

[2018-01-30 12:53:01,470] SDC_ReadServer INFO:Read success!
[2018-01-30 12:53:11,481] SDC_ReadServer INFO:Got connection from 127.0.0.1:41910
[2018-01-30 12:53:11,482] SDC_ReadServer INFO:Recived GETAMV request from 127.0.0.1:41910
[2018-01-30 12:53:11,718] SDC_ReadServer DEBUG:Raw return from BACnet stack is analog-value #7
{
    present-value: 2.000000
}
analog-value #8
{
    present-value: 2.000000
}
analog-value #9
{
    present-value: 2.000000
}
analog-value #10
{
    present-value: 2.000000
}
analog-value #11
{
    present-value: 2.000000
}
analog-value #12
{
    present-value: 2.000000
}
analog-value #13
{
    present-value: 2.000000
}
analog-value #14
{
    present-value: 2.000000
}
analog-value #15
{
    present-value: 2.000000
}
analog-value #16
{
    present-value: 2.000000
}
analog-value #17
{
    present-value: 2.000000
}
analog-value #18
{
    present-value: 2.000000
}
analog-value #19
{
    present-value: 2.000000
}
analog-value #20
{
    present-value: 2.000000
}
analog-value #21
{
    present-value: 2.000000
}

[2018-01-30 12:53:11,718] SDC_ReadServer INFO:Read success!
[2018-01-30 12:53:11,720] SDC_ReadServer INFO:Got connection from 127.0.0.1:41912
[2018-01-30 12:53:11,720] SDC_ReadServer INFO:Recieved GETENERGY request from 127.0.0.1:41912
[2018-01-30 12:53:11,954] SDC_ReadServer DEBUG:Raw return from BACnet stack is analog-value #22
{
    present-value: 158.217590
}

[2018-01-30 12:53:11,954] SDC_ReadServer INFO:Read success!
[2018-01-30 12:53:21,966] SDC_ReadServer INFO:Got connection from 127.0.0.1:41914
[2018-01-30 12:53:21,966] SDC_ReadServer INFO:Recived GETAMV request from 127.0.0.1:41914
[2018-01-30 12:53:22,093] SDC_ReadServer DEBUG:Raw return from BACnet stack is analog-value #7
{
    present-value: 2.000000
}
analog-value #8
{
    present-value: 2.000000
}
analog-value #9
{
    present-value: 2.000000
}
analog-value #10
{
    present-value: 2.000000
}
analog-value #11
{
    present-value: 2.000000
}
analog-value #12
{
    present-value: 2.000000
}
analog-value #13
{
    present-value: 2.000000
}
analog-value #14
{
    present-value: 2.000000
}
analog-value #15
{
    present-value: 2.000000
}
analog-value #16
{
    present-value: 2.000000
}
analog-value #17
{
    present-value: 2.000000
}
analog-value #18
{
    present-value: 2.000000
}
analog-value #19
{
    present-value: 2.000000
}
analog-value #20
{
    present-value: 2.000000
}
analog-value #21
{
    present-value: 2.000000
}

[2018-01-30 12:53:22,093] SDC_ReadServer INFO:Read success!
[2018-01-30 12:53:22,094] SDC_ReadServer INFO:Got connection from 127.0.0.1:41916
[2018-01-30 12:53:22,095] SDC_ReadServer INFO:Recieved GETENERGY request from 127.0.0.1:41916
[2018-01-30 12:53:22,249] SDC_ReadServer DEBUG:Raw return from BACnet stack is analog-value #22
{
    present-value: 156.402634
}

[2018-01-30 12:53:22,249] SDC_ReadServer INFO:Read success!
[2018-01-30 12:53:32,260] SDC_ReadServer INFO:Got connection from 127.0.0.1:41918
[2018-01-30 12:53:32,261] SDC_ReadServer INFO:Recived GETAMV request from 127.0.0.1:41918
[2018-01-30 12:53:32,407] SDC_ReadServer DEBUG:Raw return from BACnet stack is analog-value #7
{
    present-value: 2.000000
}
analog-value #8
{
    present-value: 2.000000
}
analog-value #9
{
    present-value: 2.000000
}
analog-value #10
{
    present-value: 2.000000
}
analog-value #11
{
    present-value: 2.000000
}
analog-value #12
{
    present-value: 2.000000
}
analog-value #13
{
    present-value: 2.000000
}
analog-value #14
{
    present-value: 2.000000
}
analog-value #15
{
    present-value: 2.000000
}
analog-value #16
{
    present-value: 2.000000
}
analog-value #17
{
    present-value: 2.000000
}
analog-value #18
{
    present-value: 2.000000
}
analog-value #19
{
    present-value: 2.000000
}
analog-value #20
{
    present-value: 2.000000
}
analog-value #21
{
    present-value: 2.000000
}

[2018-01-30 12:53:32,408] SDC_ReadServer INFO:Read success!
[2018-01-30 12:53:32,409] SDC_ReadServer INFO:Got connection from 127.0.0.1:41920
[2018-01-30 12:53:32,409] SDC_ReadServer INFO:Recieved GETENERGY request from 127.0.0.1:41920
[2018-01-30 12:53:32,529] SDC_ReadServer DEBUG:Raw return from BACnet stack is analog-value #22
{
    present-value: 153.481140
}

[2018-01-30 12:53:32,530] SDC_ReadServer INFO:Read success!
[2018-01-30 12:53:42,538] SDC_ReadServer INFO:Got connection from 127.0.0.1:41922
[2018-01-30 12:53:42,538] SDC_ReadServer INFO:Recived GETAMV request from 127.0.0.1:41922
[2018-01-30 12:53:42,642] SDC_ReadServer DEBUG:Raw return from BACnet stack is analog-value #7
{
    present-value: 2.000000
}
analog-value #8
{
    present-value: 2.000000
}
analog-value #9
{
    present-value: 2.000000
}
analog-value #10
{
    present-value: 2.000000
}
analog-value #11
{
    present-value: 2.000000
}
analog-value #12
{
    present-value: 2.000000
}
analog-value #13
{
    present-value: 2.000000
}
analog-value #14
{
    present-value: 2.000000
}
analog-value #15
{
    present-value: 2.000000
}
analog-value #16
{
    present-value: 2.000000
}
analog-value #17
{
    present-value: 2.000000
}
analog-value #18
{
    present-value: 2.000000
}
analog-value #19
{
    present-value: 2.000000
}
analog-value #20
{
    present-value: 2.000000
}
analog-value #21
{
    present-value: 2.000000
}

[2018-01-30 12:53:42,643] SDC_ReadServer INFO:Read success!
[2018-01-30 12:53:42,644] SDC_ReadServer INFO:Got connection from 127.0.0.1:41924
[2018-01-30 12:53:42,644] SDC_ReadServer INFO:Recieved GETENERGY request from 127.0.0.1:41924
[2018-01-30 12:53:42,743] SDC_ReadServer DEBUG:Raw return from BACnet stack is analog-value #22
{
    present-value: 150.983780
}

[2018-01-30 12:53:42,744] SDC_ReadServer INFO:Read success!
[2018-01-30 12:53:52,755] SDC_ReadServer INFO:Got connection from 127.0.0.1:41926
[2018-01-30 12:53:52,756] SDC_ReadServer INFO:Recived GETAMV request from 127.0.0.1:41926
[2018-01-30 12:53:52,942] SDC_ReadServer DEBUG:Raw return from BACnet stack is analog-value #7
{
    present-value: 2.000000
}
analog-value #8
{
    present-value: 2.000000
}
analog-value #9
{
    present-value: 2.000000
}
analog-value #10
{
    present-value: 2.000000
}
analog-value #11
{
    present-value: 2.000000
}
analog-value #12
{
    present-value: 2.000000
}
analog-value #13
{
    present-value: 2.000000
}
analog-value #14
{
    present-value: 2.000000
}
analog-value #15
{
    present-value: 2.000000
}
analog-value #16
{
    present-value: 2.000000
}
analog-value #17
{
    present-value: 2.000000
}
analog-value #18
{
    present-value: 2.000000
}
analog-value #19
{
    present-value: 2.000000
}
analog-value #20
{
    present-value: 2.000000
}
analog-value #21
{
    present-value: 2.000000
}

[2018-01-30 12:53:52,943] SDC_ReadServer INFO:Read success!
[2018-01-30 12:53:52,944] SDC_ReadServer INFO:Got connection from 127.0.0.1:41928
[2018-01-30 12:53:52,944] SDC_ReadServer INFO:Recieved GETENERGY request from 127.0.0.1:41928
[2018-01-30 12:53:53,048] SDC_ReadServer DEBUG:Raw return from BACnet stack is analog-value #22
{
    present-value: 152.476715
}

[2018-01-30 12:53:53,049] SDC_ReadServer INFO:Read success!
[2018-01-30 12:54:03,056] SDC_ReadServer INFO:Got connection from 127.0.0.1:41930
[2018-01-30 12:54:03,057] SDC_ReadServer INFO:Recived GETAMV request from 127.0.0.1:41930
[2018-01-30 12:54:03,157] SDC_ReadServer DEBUG:Raw return from BACnet stack is analog-value #7
{
    present-value: 2.000000
}
analog-value #8
{
    present-value: 2.000000
}
analog-value #9
{
    present-value: 2.000000
}
analog-value #10
{
    present-value: 2.000000
}
analog-value #11
{
    present-value: 2.000000
}
analog-value #12
{
    present-value: 2.000000
}
analog-value #13
{
    present-value: 2.000000
}
analog-value #14
{
    present-value: 2.000000
}
analog-value #15
{
    present-value: 2.000000
}
analog-value #16
{
    present-value: 2.000000
}
analog-value #17
{
    present-value: 2.000000
}
analog-value #18
{
    present-value: 2.000000
}
analog-value #19
{
    present-value: 2.000000
}
analog-value #20
{
    present-value: 2.000000
}
analog-value #21
{
    present-value: 2.000000
}

[2018-01-30 12:54:03,158] SDC_ReadServer INFO:Read success!
[2018-01-30 12:54:03,159] SDC_ReadServer INFO:Got connection from 127.0.0.1:41932
[2018-01-30 12:54:03,159] SDC_ReadServer INFO:Recieved GETENERGY request from 127.0.0.1:41932
[2018-01-30 12:54:03,258] SDC_ReadServer DEBUG:Raw return from BACnet stack is analog-value #22
{
    present-value: 156.231537
}

[2018-01-30 12:54:03,258] SDC_ReadServer INFO:Read success!
[2018-01-30 12:54:13,270] SDC_ReadServer INFO:Got connection from 127.0.0.1:41934
[2018-01-30 12:54:13,270] SDC_ReadServer INFO:Recived GETAMV request from 127.0.0.1:41934
[2018-01-30 12:54:13,373] SDC_ReadServer DEBUG:Raw return from BACnet stack is analog-value #7
{
    present-value: 2.000000
}
analog-value #8
{
    present-value: 2.000000
}
analog-value #9
{
    present-value: 2.000000
}
analog-value #10
{
    present-value: 2.000000
}
analog-value #11
{
    present-value: 2.000000
}
analog-value #12
{
    present-value: 2.000000
}
analog-value #13
{
    present-value: 2.000000
}
analog-value #14
{
    present-value: 2.000000
}
analog-value #15
{
    present-value: 2.000000
}
analog-value #16
{
    present-value: 2.000000
}
analog-value #17
{
    present-value: 2.000000
}
analog-value #18
{
    present-value: 2.000000
}
analog-value #19
{
    present-value: 2.000000
}
analog-value #20
{
    present-value: 2.000000
}
analog-value #21
{
    present-value: 2.000000
}

[2018-01-30 12:54:13,374] SDC_ReadServer INFO:Read success!
[2018-01-30 12:54:13,375] SDC_ReadServer INFO:Got connection from 127.0.0.1:41936
[2018-01-30 12:54:13,375] SDC_ReadServer INFO:Recieved GETENERGY request from 127.0.0.1:41936
[2018-01-30 12:54:13,533] SDC_ReadServer DEBUG:Raw return from BACnet stack is analog-value #22
{
    present-value: 154.707413
}

[2018-01-30 12:54:13,533] SDC_ReadServer INFO:Read success!
[2018-01-30 12:54:23,545] SDC_ReadServer INFO:Got connection from 127.0.0.1:41938
[2018-01-30 12:54:23,545] SDC_ReadServer INFO:Recived GETAMV request from 127.0.0.1:41938
[2018-01-30 12:54:23,657] SDC_ReadServer DEBUG:Raw return from BACnet stack is analog-value #7
{
    present-value: 2.000000
}
analog-value #8
{
    present-value: 2.000000
}
analog-value #9
{
    present-value: 2.000000
}
analog-value #10
{
    present-value: 2.000000
}
analog-value #11
{
    present-value: 2.000000
}
analog-value #12
{
    present-value: 2.000000
}
analog-value #13
{
    present-value: 2.000000
}
analog-value #14
{
    present-value: 2.000000
}
analog-value #15
{
    present-value: 2.000000
}
analog-value #16
{
    present-value: 2.000000
}
analog-value #17
{
    present-value: 2.000000
}
analog-value #18
{
    present-value: 2.000000
}
analog-value #19
{
    present-value: 2.000000
}
analog-value #20
{
    present-value: 2.000000
}
analog-value #21
{
    present-value: 2.000000
}

[2018-01-30 12:54:23,657] SDC_ReadServer INFO:Read success!
[2018-01-30 12:54:23,659] SDC_ReadServer INFO:Got connection from 127.0.0.1:41940
[2018-01-30 12:54:23,659] SDC_ReadServer INFO:Recieved GETENERGY request from 127.0.0.1:41940
[2018-01-30 12:54:23,818] SDC_ReadServer DEBUG:Raw return from BACnet stack is analog-value #22
{
    present-value: 154.707413
}

[2018-01-30 12:54:23,818] SDC_ReadServer INFO:Read success!
[2018-01-30 12:54:33,830] SDC_ReadServer INFO:Got connection from 127.0.0.1:41942
[2018-01-30 12:54:33,830] SDC_ReadServer INFO:Recived GETAMV request from 127.0.0.1:41942
[2018-01-30 12:54:33,972] SDC_ReadServer DEBUG:Raw return from BACnet stack is analog-value #7
{
    present-value: 2.000000
}
analog-value #8
{
    present-value: 2.000000
}
analog-value #9
{
    present-value: 2.000000
}
analog-value #10
{
    present-value: 2.000000
}
analog-value #11
{
    present-value: 2.000000
}
analog-value #12
{
    present-value: 2.000000
}
analog-value #13
{
    present-value: 2.000000
}
analog-value #14
{
    present-value: 2.000000
}
analog-value #15
{
    present-value: 2.000000
}
analog-value #16
{
    present-value: 2.000000
}
analog-value #17
{
    present-value: 2.000000
}
analog-value #18
{
    present-value: 2.000000
}
analog-value #19
{
    present-value: 2.000000
}
analog-value #20
{
    present-value: 2.000000
}
analog-value #21
{
    present-value: 2.000000
}

[2018-01-30 12:54:33,972] SDC_ReadServer INFO:Read success!
[2018-01-30 12:54:33,974] SDC_ReadServer INFO:Got connection from 127.0.0.1:41944
[2018-01-30 12:54:33,974] SDC_ReadServer INFO:Recieved GETENERGY request from 127.0.0.1:41944
[2018-01-30 12:54:34,083] SDC_ReadServer DEBUG:Raw return from BACnet stack is analog-value #22
{
    present-value: 154.430267
}

[2018-01-30 12:54:34,083] SDC_ReadServer INFO:Read success!
[2018-01-30 12:54:44,095] SDC_ReadServer INFO:Got connection from 127.0.0.1:41946
[2018-01-30 12:54:44,095] SDC_ReadServer INFO:Recived GETAMV request from 127.0.0.1:41946
[2018-01-30 12:54:44,201] SDC_ReadServer DEBUG:Raw return from BACnet stack is analog-value #7
{
    present-value: 2.000000
}
analog-value #8
{
    present-value: 2.000000
}
analog-value #9
{
    present-value: 2.000000
}
analog-value #10
{
    present-value: 2.000000
}
analog-value #11
{
    present-value: 2.000000
}
analog-value #12
{
    present-value: 2.000000
}
analog-value #13
{
    present-value: 2.000000
}
analog-value #14
{
    present-value: 2.000000
}
analog-value #15
{
    present-value: 2.000000
}
analog-value #16
{
    present-value: 2.000000
}
analog-value #17
{
    present-value: 2.000000
}
analog-value #18
{
    present-value: 2.000000
}
analog-value #19
{
    present-value: 2.000000
}
analog-value #20
{
    present-value: 2.000000
}
analog-value #21
{
    present-value: 2.000000
}

[2018-01-30 12:54:44,202] SDC_ReadServer INFO:Read success!
[2018-01-30 12:54:44,203] SDC_ReadServer INFO:Got connection from 127.0.0.1:41948
[2018-01-30 12:54:44,204] SDC_ReadServer INFO:Recieved GETENERGY request from 127.0.0.1:41948
[2018-01-30 12:54:44,357] SDC_ReadServer DEBUG:Raw return from BACnet stack is analog-value #22
{
    present-value: 149.812668
}

[2018-01-30 12:54:44,358] SDC_ReadServer INFO:Read success!
[2018-01-30 12:54:54,370] SDC_ReadServer INFO:Got connection from 127.0.0.1:41950
[2018-01-30 12:54:54,370] SDC_ReadServer INFO:Recived GETAMV request from 127.0.0.1:41950
[2018-01-30 12:54:54,486] SDC_ReadServer DEBUG:Raw return from BACnet stack is analog-value #7
{
    present-value: 2.000000
}
analog-value #8
{
    present-value: 2.000000
}
analog-value #9
{
    present-value: 2.000000
}
analog-value #10
{
    present-value: 2.000000
}
analog-value #11
{
    present-value: 2.000000
}
analog-value #12
{
    present-value: 2.000000
}
analog-value #13
{
    present-value: 2.000000
}
analog-value #14
{
    present-value: 2.000000
}
analog-value #15
{
    present-value: 2.000000
}
analog-value #16
{
    present-value: 2.000000
}
analog-value #17
{
    present-value: 2.000000
}
analog-value #18
{
    present-value: 2.000000
}
analog-value #19
{
    present-value: 2.000000
}
analog-value #20
{
    present-value: 2.000000
}
analog-value #21
{
    present-value: 2.000000
}

[2018-01-30 12:54:54,487] SDC_ReadServer INFO:Read success!
[2018-01-30 12:54:54,488] SDC_ReadServer INFO:Got connection from 127.0.0.1:41952
[2018-01-30 12:54:54,488] SDC_ReadServer INFO:Recieved GETENERGY request from 127.0.0.1:41952
[2018-01-30 12:54:54,642] SDC_ReadServer DEBUG:Raw return from BACnet stack is analog-value #22
{
    present-value: 148.182022
}

[2018-01-30 12:54:54,643] SDC_ReadServer INFO:Read success!
[2018-01-30 12:55:04,654] SDC_ReadServer INFO:Got connection from 127.0.0.1:41956
[2018-01-30 12:55:04,655] SDC_ReadServer INFO:Recived GETAMV request from 127.0.0.1:41956
[2018-01-30 12:55:04,756] SDC_ReadServer DEBUG:Raw return from BACnet stack is analog-value #7
{
    present-value: 2.000000
}
analog-value #8
{
    present-value: 2.000000
}
analog-value #9
{
    present-value: 2.000000
}
analog-value #10
{
    present-value: 2.000000
}
analog-value #11
{
    present-value: 2.000000
}
analog-value #12
{
    present-value: 2.000000
}
analog-value #13
{
    present-value: 2.000000
}
analog-value #14
{
    present-value: 2.000000
}
analog-value #15
{
    present-value: 2.000000
}
analog-value #16
{
    present-value: 2.000000
}
analog-value #17
{
    present-value: 2.000000
}
analog-value #18
{
    present-value: 2.000000
}
analog-value #19
{
    present-value: 2.000000
}
analog-value #20
{
    present-value: 2.000000
}
analog-value #21
{
    present-value: 2.000000
}

[2018-01-30 12:55:04,756] SDC_ReadServer INFO:Read success!
[2018-01-30 12:55:04,758] SDC_ReadServer INFO:Got connection from 127.0.0.1:41958
[2018-01-30 12:55:04,758] SDC_ReadServer INFO:Recieved GETENERGY request from 127.0.0.1:41958
[2018-01-30 12:55:04,912] SDC_ReadServer DEBUG:Raw return from BACnet stack is analog-value #22
{
    present-value: 144.117142
}

[2018-01-30 12:55:04,912] SDC_ReadServer INFO:Read success!
[2018-01-30 12:55:14,924] SDC_ReadServer INFO:Got connection from 127.0.0.1:41960
[2018-01-30 12:55:14,924] SDC_ReadServer INFO:Recived GETAMV request from 127.0.0.1:41960
[2018-01-30 12:55:15,026] SDC_ReadServer DEBUG:Raw return from BACnet stack is analog-value #7
{
    present-value: 2.000000
}
analog-value #8
{
    present-value: 2.000000
}
analog-value #9
{
    present-value: 2.000000
}
analog-value #10
{
    present-value: 2.000000
}
analog-value #11
{
    present-value: 2.000000
}
analog-value #12
{
    present-value: 2.000000
}
analog-value #13
{
    present-value: 2.000000
}
analog-value #14
{
    present-value: 2.000000
}
analog-value #15
{
    present-value: 2.000000
}
analog-value #16
{
    present-value: 2.000000
}
analog-value #17
{
    present-value: 2.000000
}
analog-value #18
{
    present-value: 2.000000
}
analog-value #19
{
    present-value: 2.000000
}
analog-value #20
{
    present-value: 2.000000
}
analog-value #21
{
    present-value: 2.000000
}

[2018-01-30 12:55:15,027] SDC_ReadServer INFO:Read success!
[2018-01-30 12:55:15,028] SDC_ReadServer INFO:Got connection from 127.0.0.1:41962
[2018-01-30 12:55:15,028] SDC_ReadServer INFO:Recieved GETENERGY request from 127.0.0.1:41962
[2018-01-30 12:55:15,127] SDC_ReadServer DEBUG:Raw return from BACnet stack is analog-value #22
{
    present-value: 143.352524
}

[2018-01-30 12:55:15,128] SDC_ReadServer INFO:Read success!
[2018-01-30 12:55:25,139] SDC_ReadServer INFO:Got connection from 127.0.0.1:41966
[2018-01-30 12:55:25,139] SDC_ReadServer INFO:Recived GETAMV request from 127.0.0.1:41966
[2018-01-30 12:55:25,241] SDC_ReadServer DEBUG:Raw return from BACnet stack is analog-value #7
{
    present-value: 2.000000
}
analog-value #8
{
    present-value: 2.000000
}
analog-value #9
{
    present-value: 2.000000
}
analog-value #10
{
    present-value: 2.000000
}
analog-value #11
{
    present-value: 2.000000
}
analog-value #12
{
    present-value: 2.000000
}
analog-value #13
{
    present-value: 2.000000
}
analog-value #14
{
    present-value: 2.000000
}
analog-value #15
{
    present-value: 2.000000
}
analog-value #16
{
    present-value: 2.000000
}
analog-value #17
{
    present-value: 2.000000
}
analog-value #18
{
    present-value: 2.000000
}
analog-value #19
{
    present-value: 2.000000
}
analog-value #20
{
    present-value: 2.000000
}
analog-value #21
{
    present-value: 2.000000
}

[2018-01-30 12:55:25,241] SDC_ReadServer INFO:Read success!
[2018-01-30 12:55:25,242] SDC_ReadServer INFO:Got connection from 127.0.0.1:41968
[2018-01-30 12:55:25,243] SDC_ReadServer INFO:Recieved GETENERGY request from 127.0.0.1:41968
[2018-01-30 12:55:25,342] SDC_ReadServer DEBUG:Raw return from BACnet stack is analog-value #22
{
    present-value: 141.561859
}

[2018-01-30 12:55:25,342] SDC_ReadServer INFO:Read success!
[2018-01-30 12:55:35,354] SDC_ReadServer INFO:Got connection from 127.0.0.1:41970
[2018-01-30 12:55:35,354] SDC_ReadServer INFO:Recived GETAMV request from 127.0.0.1:41970
[2018-01-30 12:55:35,470] SDC_ReadServer DEBUG:Raw return from BACnet stack is analog-value #7
{
    present-value: 2.000000
}
analog-value #8
{
    present-value: 2.000000
}
analog-value #9
{
    present-value: 2.000000
}
analog-value #10
{
    present-value: 2.000000
}
analog-value #11
{
    present-value: 2.000000
}
analog-value #12
{
    present-value: 2.000000
}
analog-value #13
{
    present-value: 2.000000
}
analog-value #14
{
    present-value: 2.000000
}
analog-value #15
{
    present-value: 2.000000
}
analog-value #16
{
    present-value: 2.000000
}
analog-value #17
{
    present-value: 2.000000
}
analog-value #18
{
    present-value: 2.000000
}
analog-value #19
{
    present-value: 2.000000
}
analog-value #20
{
    present-value: 2.000000
}
analog-value #21
{
    present-value: 2.000000
}

[2018-01-30 12:55:35,471] SDC_ReadServer INFO:Read success!
[2018-01-30 12:55:35,472] SDC_ReadServer INFO:Got connection from 127.0.0.1:41972
[2018-01-30 12:55:35,472] SDC_ReadServer INFO:Recieved GETENERGY request from 127.0.0.1:41972
[2018-01-30 12:55:35,626] SDC_ReadServer DEBUG:Raw return from BACnet stack is analog-value #22
{
    present-value: 141.415604
}

[2018-01-30 12:55:35,627] SDC_ReadServer INFO:Read success!
[2018-01-30 12:55:45,638] SDC_ReadServer INFO:Got connection from 127.0.0.1:41974
[2018-01-30 12:55:45,639] SDC_ReadServer INFO:Recived GETAMV request from 127.0.0.1:41974
[2018-01-30 12:55:45,781] SDC_ReadServer DEBUG:Raw return from BACnet stack is analog-value #7
{
    present-value: 2.000000
}
analog-value #8
{
    present-value: 2.000000
}
analog-value #9
{
    present-value: 2.000000
}
analog-value #10
{
    present-value: 2.000000
}
analog-value #11
{
    present-value: 2.000000
}
analog-value #12
{
    present-value: 2.000000
}
analog-value #13
{
    present-value: 2.000000
}
analog-value #14
{
    present-value: 2.000000
}
analog-value #15
{
    present-value: 2.000000
}
analog-value #16
{
    present-value: 2.000000
}
analog-value #17
{
    present-value: 2.000000
}
analog-value #18
{
    present-value: 2.000000
}
analog-value #19
{
    present-value: 2.000000
}
analog-value #20
{
    present-value: 2.000000
}
analog-value #21
{
    present-value: 2.000000
}

[2018-01-30 12:55:45,781] SDC_ReadServer INFO:Read success!
[2018-01-30 12:55:45,782] SDC_ReadServer INFO:Got connection from 127.0.0.1:41976
[2018-01-30 12:55:45,783] SDC_ReadServer INFO:Recieved GETENERGY request from 127.0.0.1:41976
[2018-01-30 12:55:45,881] SDC_ReadServer DEBUG:Raw return from BACnet stack is analog-value #22
{
    present-value: 139.424683
}

[2018-01-30 12:55:45,882] SDC_ReadServer INFO:Read success!
[2018-01-30 12:55:55,890] SDC_ReadServer INFO:Got connection from 127.0.0.1:41978
[2018-01-30 12:55:55,891] SDC_ReadServer INFO:Recived GETAMV request from 127.0.0.1:41978
[2018-01-30 12:55:56,005] SDC_ReadServer DEBUG:Raw return from BACnet stack is analog-value #7
{
    present-value: 2.000000
}
analog-value #8
{
    present-value: 2.000000
}
analog-value #9
{
    present-value: 2.000000
}
analog-value #10
{
    present-value: 2.000000
}
analog-value #11
{
    present-value: 2.000000
}
analog-value #12
{
    present-value: 2.000000
}
analog-value #13
{
    present-value: 2.000000
}
analog-value #14
{
    present-value: 2.000000
}
analog-value #15
{
    present-value: 2.000000
}
analog-value #16
{
    present-value: 2.000000
}
analog-value #17
{
    present-value: 2.000000
}
analog-value #18
{
    present-value: 2.000000
}
analog-value #19
{
    present-value: 2.000000
}
analog-value #20
{
    present-value: 2.000000
}
analog-value #21
{
    present-value: 2.000000
}

[2018-01-30 12:55:56,006] SDC_ReadServer INFO:Read success!
[2018-01-30 12:55:56,007] SDC_ReadServer INFO:Got connection from 127.0.0.1:41980
[2018-01-30 12:55:56,007] SDC_ReadServer INFO:Recieved GETENERGY request from 127.0.0.1:41980
[2018-01-30 12:55:56,161] SDC_ReadServer DEBUG:Raw return from BACnet stack is analog-value #22
{
    present-value: 139.335129
}

[2018-01-30 12:55:56,161] SDC_ReadServer INFO:Read success!
[2018-01-30 12:56:06,173] SDC_ReadServer INFO:Got connection from 127.0.0.1:41982
[2018-01-30 12:56:06,173] SDC_ReadServer INFO:Recived GETAMV request from 127.0.0.1:41982
[2018-01-30 12:56:06,275] SDC_ReadServer DEBUG:Raw return from BACnet stack is analog-value #7
{
    present-value: 2.000000
}
analog-value #8
{
    present-value: 2.000000
}
analog-value #9
{
    present-value: 2.000000
}
analog-value #10
{
    present-value: 2.000000
}
analog-value #11
{
    present-value: 2.000000
}
analog-value #12
{
    present-value: 2.000000
}
analog-value #13
{
    present-value: 2.000000
}
analog-value #14
{
    present-value: 2.000000
}
analog-value #15
{
    present-value: 2.000000
}
analog-value #16
{
    present-value: 2.000000
}
analog-value #17
{
    present-value: 2.000000
}
analog-value #18
{
    present-value: 2.000000
}
analog-value #19
{
    present-value: 2.000000
}
analog-value #20
{
    present-value: 2.000000
}
analog-value #21
{
    present-value: 2.000000
}

[2018-01-30 12:56:06,275] SDC_ReadServer INFO:Read success!
[2018-01-30 12:56:06,277] SDC_ReadServer INFO:Got connection from 127.0.0.1:41984
[2018-01-30 12:56:06,277] SDC_ReadServer INFO:Recieved GETENERGY request from 127.0.0.1:41984
[2018-01-30 12:56:06,376] SDC_ReadServer DEBUG:Raw return from BACnet stack is analog-value #22
{
    present-value: 138.600769
}

[2018-01-30 12:56:06,376] SDC_ReadServer INFO:Read success!
[2018-01-30 12:56:16,388] SDC_ReadServer INFO:Got connection from 127.0.0.1:41990
[2018-01-30 12:56:16,388] SDC_ReadServer INFO:Recived GETAMV request from 127.0.0.1:41990
[2018-01-30 12:56:16,570] SDC_ReadServer DEBUG:Raw return from BACnet stack is analog-value #7
{
    present-value: 2.000000
}
analog-value #8
{
    present-value: 2.000000
}
analog-value #9
{
    present-value: 2.000000
}
analog-value #10
{
    present-value: 2.000000
}
analog-value #11
{
    present-value: 2.000000
}
analog-value #12
{
    present-value: 2.000000
}
analog-value #13
{
    present-value: 2.000000
}
analog-value #14
{
    present-value: 2.000000
}
analog-value #15
{
    present-value: 2.000000
}
analog-value #16
{
    present-value: 2.000000
}
analog-value #17
{
    present-value: 2.000000
}
analog-value #18
{
    present-value: 2.000000
}
analog-value #19
{
    present-value: 2.000000
}
analog-value #20
{
    present-value: 2.000000
}
analog-value #21
{
    present-value: 2.000000
}

[2018-01-30 12:56:16,570] SDC_ReadServer INFO:Read success!
[2018-01-30 12:56:16,572] SDC_ReadServer INFO:Got connection from 127.0.0.1:41992
[2018-01-30 12:56:16,572] SDC_ReadServer INFO:Recieved GETENERGY request from 127.0.0.1:41992
[2018-01-30 12:56:16,727] SDC_ReadServer DEBUG:Raw return from BACnet stack is analog-value #22
{
    present-value: 136.749252
}

[2018-01-30 12:56:16,727] SDC_ReadServer INFO:Read success!
[2018-01-30 12:56:26,739] SDC_ReadServer INFO:Got connection from 127.0.0.1:41994
[2018-01-30 12:56:26,739] SDC_ReadServer INFO:Recived GETAMV request from 127.0.0.1:41994
[2018-01-30 12:56:26,900] SDC_ReadServer DEBUG:Raw return from BACnet stack is analog-value #7
{
    present-value: 2.000000
}
analog-value #8
{
    present-value: 2.000000
}
analog-value #9
{
    present-value: 2.000000
}
analog-value #10
{
    present-value: 2.000000
}
analog-value #11
{
    present-value: 2.000000
}
analog-value #12
{
    present-value: 2.000000
}
analog-value #13
{
    present-value: 2.000000
}
analog-value #14
{
    present-value: 2.000000
}
analog-value #15
{
    present-value: 2.000000
}
analog-value #16
{
    present-value: 2.000000
}
analog-value #17
{
    present-value: 2.000000
}
analog-value #18
{
    present-value: 2.000000
}
analog-value #19
{
    present-value: 2.000000
}
analog-value #20
{
    present-value: 2.000000
}
analog-value #21
{
    present-value: 2.000000
}

[2018-01-30 12:56:26,900] SDC_ReadServer INFO:Read success!
[2018-01-30 12:56:26,901] SDC_ReadServer INFO:Got connection from 127.0.0.1:41996
[2018-01-30 12:56:26,902] SDC_ReadServer INFO:Recieved GETENERGY request from 127.0.0.1:41996
[2018-01-30 12:56:27,001] SDC_ReadServer DEBUG:Raw return from BACnet stack is analog-value #22
{
    present-value: 133.568771
}

[2018-01-30 12:56:27,001] SDC_ReadServer INFO:Read success!
[2018-01-30 12:56:37,013] SDC_ReadServer INFO:Got connection from 127.0.0.1:41998
[2018-01-30 12:56:37,013] SDC_ReadServer INFO:Recived GETAMV request from 127.0.0.1:41998
[2018-01-30 12:56:37,114] SDC_ReadServer DEBUG:Raw return from BACnet stack is analog-value #7
{
    present-value: 2.000000
}
analog-value #8
{
    present-value: 2.000000
}
analog-value #9
{
    present-value: 2.000000
}
analog-value #10
{
    present-value: 2.000000
}
analog-value #11
{
    present-value: 2.000000
}
analog-value #12
{
    present-value: 2.000000
}
analog-value #13
{
    present-value: 2.000000
}
analog-value #14
{
    present-value: 2.000000
}
analog-value #15
{
    present-value: 2.000000
}
analog-value #16
{
    present-value: 2.000000
}
analog-value #17
{
    present-value: 2.000000
}
analog-value #18
{
    present-value: 2.000000
}
analog-value #19
{
    present-value: 2.000000
}
analog-value #20
{
    present-value: 2.000000
}
analog-value #21
{
    present-value: 2.000000
}

[2018-01-30 12:56:37,115] SDC_ReadServer INFO:Read success!
[2018-01-30 12:56:37,116] SDC_ReadServer INFO:Got connection from 127.0.0.1:42000
[2018-01-30 12:56:37,116] SDC_ReadServer INFO:Recieved GETENERGY request from 127.0.0.1:42000
[2018-01-30 12:56:37,270] SDC_ReadServer DEBUG:Raw return from BACnet stack is analog-value #22
{
    present-value: 129.339325
}

[2018-01-30 12:56:37,271] SDC_ReadServer INFO:Read success!
[2018-01-30 12:56:47,282] SDC_ReadServer INFO:Got connection from 127.0.0.1:42002
[2018-01-30 12:56:47,283] SDC_ReadServer INFO:Recived GETAMV request from 127.0.0.1:42002
[2018-01-30 12:56:47,384] SDC_ReadServer DEBUG:Raw return from BACnet stack is analog-value #7
{
    present-value: 2.000000
}
analog-value #8
{
    present-value: 2.000000
}
analog-value #9
{
    present-value: 2.000000
}
analog-value #10
{
    present-value: 2.000000
}
analog-value #11
{
    present-value: 2.000000
}
analog-value #12
{
    present-value: 2.000000
}
analog-value #13
{
    present-value: 2.000000
}
analog-value #14
{
    present-value: 2.000000
}
analog-value #15
{
    present-value: 2.000000
}
analog-value #16
{
    present-value: 2.000000
}
analog-value #17
{
    present-value: 2.000000
}
analog-value #18
{
    present-value: 2.000000
}
analog-value #19
{
    present-value: 2.000000
}
analog-value #20
{
    present-value: 2.000000
}
analog-value #21
{
    present-value: 2.000000
}

[2018-01-30 12:56:47,385] SDC_ReadServer INFO:Read success!
[2018-01-30 12:56:47,386] SDC_ReadServer INFO:Got connection from 127.0.0.1:42004
[2018-01-30 12:56:47,386] SDC_ReadServer INFO:Recieved GETENERGY request from 127.0.0.1:42004
[2018-01-30 12:56:47,486] SDC_ReadServer DEBUG:Raw return from BACnet stack is analog-value #22
{
    present-value: 124.278427
}

[2018-01-30 12:56:47,486] SDC_ReadServer INFO:Read success!
[2018-01-30 12:56:57,497] SDC_ReadServer INFO:Got connection from 127.0.0.1:42006
[2018-01-30 12:56:57,498] SDC_ReadServer INFO:Recived GETAMV request from 127.0.0.1:42006
[2018-01-30 12:56:57,599] SDC_ReadServer DEBUG:Raw return from BACnet stack is analog-value #7
{
    present-value: 2.000000
}
analog-value #8
{
    present-value: 2.000000
}
analog-value #9
{
    present-value: 2.000000
}
analog-value #10
{
    present-value: 2.000000
}
analog-value #11
{
    present-value: 2.000000
}
analog-value #12
{
    present-value: 2.000000
}
analog-value #13
{
    present-value: 2.000000
}
analog-value #14
{
    present-value: 2.000000
}
analog-value #15
{
    present-value: 2.000000
}
analog-value #16
{
    present-value: 2.000000
}
analog-value #17
{
    present-value: 2.000000
}
analog-value #18
{
    present-value: 2.000000
}
analog-value #19
{
    present-value: 2.000000
}
analog-value #20
{
    present-value: 2.000000
}
analog-value #21
{
    present-value: 2.000000
}

[2018-01-30 12:56:57,600] SDC_ReadServer INFO:Read success!
[2018-01-30 12:56:57,601] SDC_ReadServer INFO:Got connection from 127.0.0.1:42008
[2018-01-30 12:56:57,601] SDC_ReadServer INFO:Recieved GETENERGY request from 127.0.0.1:42008
[2018-01-30 12:56:57,835] SDC_ReadServer DEBUG:Raw return from BACnet stack is analog-value #22
{
    present-value: 118.085625
}

[2018-01-30 12:56:57,835] SDC_ReadServer INFO:Read success!
[2018-01-30 12:57:07,845] SDC_ReadServer INFO:Got connection from 127.0.0.1:42012
[2018-01-30 12:57:07,846] SDC_ReadServer INFO:Recived GETAMV request from 127.0.0.1:42012
[2018-01-30 12:57:07,969] SDC_ReadServer DEBUG:Raw return from BACnet stack is analog-value #7
{
    present-value: 2.000000
}
analog-value #8
{
    present-value: 2.000000
}
analog-value #9
{
    present-value: 2.000000
}
analog-value #10
{
    present-value: 2.000000
}
analog-value #11
{
    present-value: 2.000000
}
analog-value #12
{
    present-value: 2.000000
}
analog-value #13
{
    present-value: 2.000000
}
analog-value #14
{
    present-value: 2.000000
}
analog-value #15
{
    present-value: 2.000000
}
analog-value #16
{
    present-value: 2.000000
}
analog-value #17
{
    present-value: 2.000000
}
analog-value #18
{
    present-value: 2.000000
}
analog-value #19
{
    present-value: 2.000000
}
analog-value #20
{
    present-value: 2.000000
}
analog-value #21
{
    present-value: 2.000000
}

[2018-01-30 12:57:07,970] SDC_ReadServer INFO:Read success!
[2018-01-30 12:57:07,971] SDC_ReadServer INFO:Got connection from 127.0.0.1:42014
[2018-01-30 12:57:07,971] SDC_ReadServer INFO:Recieved GETENERGY request from 127.0.0.1:42014
[2018-01-30 12:57:08,125] SDC_ReadServer DEBUG:Raw return from BACnet stack is analog-value #22
{
    present-value: 115.682205
}

[2018-01-30 12:57:08,125] SDC_ReadServer INFO:Read success!
[2018-01-30 12:57:18,137] SDC_ReadServer INFO:Got connection from 127.0.0.1:42016
[2018-01-30 12:57:18,137] SDC_ReadServer INFO:Recived GETAMV request from 127.0.0.1:42016
[2018-01-30 12:57:18,239] SDC_ReadServer DEBUG:Raw return from BACnet stack is analog-value #7
{
    present-value: 2.000000
}
analog-value #8
{
    present-value: 2.000000
}
analog-value #9
{
    present-value: 2.000000
}
analog-value #10
{
    present-value: 2.000000
}
analog-value #11
{
    present-value: 2.000000
}
analog-value #12
{
    present-value: 2.000000
}
analog-value #13
{
    present-value: 2.000000
}
analog-value #14
{
    present-value: 2.000000
}
analog-value #15
{
    present-value: 2.000000
}
analog-value #16
{
    present-value: 2.000000
}
analog-value #17
{
    present-value: 2.000000
}
analog-value #18
{
    present-value: 2.000000
}
analog-value #19
{
    present-value: 2.000000
}
analog-value #20
{
    present-value: 2.000000
}
analog-value #21
{
    present-value: 2.000000
}

[2018-01-30 12:57:18,240] SDC_ReadServer INFO:Read success!
[2018-01-30 12:57:18,241] SDC_ReadServer INFO:Got connection from 127.0.0.1:42018
[2018-01-30 12:57:18,241] SDC_ReadServer INFO:Recieved GETENERGY request from 127.0.0.1:42018
[2018-01-30 12:57:18,340] SDC_ReadServer DEBUG:Raw return from BACnet stack is analog-value #22
{
    present-value: 107.424080
}

[2018-01-30 12:57:18,340] SDC_ReadServer INFO:Read success!
[2018-01-30 12:57:28,352] SDC_ReadServer INFO:Got connection from 127.0.0.1:42020
[2018-01-30 12:57:28,352] SDC_ReadServer INFO:Recived GETAMV request from 127.0.0.1:42020
[2018-01-30 12:57:28,489] SDC_ReadServer DEBUG:Raw return from BACnet stack is analog-value #7
{
    present-value: 2.000000
}
analog-value #8
{
    present-value: 2.000000
}
analog-value #9
{
    present-value: 2.000000
}
analog-value #10
{
    present-value: 2.000000
}
analog-value #11
{
    present-value: 2.000000
}
analog-value #12
{
    present-value: 2.000000
}
analog-value #13
{
    present-value: 2.000000
}
analog-value #14
{
    present-value: 2.000000
}
analog-value #15
{
    present-value: 2.000000
}
analog-value #16
{
    present-value: 2.000000
}
analog-value #17
{
    present-value: 2.000000
}
analog-value #18
{
    present-value: 2.000000
}
analog-value #19
{
    present-value: 2.000000
}
analog-value #20
{
    present-value: 2.000000
}
analog-value #21
{
    present-value: 2.000000
}

[2018-01-30 12:57:28,489] SDC_ReadServer INFO:Read success!
[2018-01-30 12:57:28,491] SDC_ReadServer INFO:Got connection from 127.0.0.1:42022
[2018-01-30 12:57:28,491] SDC_ReadServer INFO:Recieved GETENERGY request from 127.0.0.1:42022
[2018-01-30 12:57:28,645] SDC_ReadServer DEBUG:Raw return from BACnet stack is analog-value #22
{
    present-value: 103.956825
}

[2018-01-30 12:57:28,645] SDC_ReadServer INFO:Read success!
[2018-01-30 12:57:38,657] SDC_ReadServer INFO:Got connection from 127.0.0.1:42024
[2018-01-30 12:57:38,657] SDC_ReadServer INFO:Recived GETAMV request from 127.0.0.1:42024
[2018-01-30 12:57:38,763] SDC_ReadServer DEBUG:Raw return from BACnet stack is analog-value #7
{
    present-value: 2.000000
}
analog-value #8
{
    present-value: 2.000000
}
analog-value #9
{
    present-value: 2.000000
}
analog-value #10
{
    present-value: 2.000000
}
analog-value #11
{
    present-value: 2.000000
}
analog-value #12
{
    present-value: 2.000000
}
analog-value #13
{
    present-value: 2.000000
}
analog-value #14
{
    present-value: 2.000000
}
analog-value #15
{
    present-value: 2.000000
}
analog-value #16
{
    present-value: 2.000000
}
analog-value #17
{
    present-value: 2.000000
}
analog-value #18
{
    present-value: 2.000000
}
analog-value #19
{
    present-value: 2.000000
}
analog-value #20
{
    present-value: 2.000000
}
analog-value #21
{
    present-value: 2.000000
}

[2018-01-30 12:57:38,764] SDC_ReadServer INFO:Read success!
[2018-01-30 12:57:38,765] SDC_ReadServer INFO:Got connection from 127.0.0.1:42026
[2018-01-30 12:57:38,765] SDC_ReadServer INFO:Recieved GETENERGY request from 127.0.0.1:42026
[2018-01-30 12:57:38,865] SDC_ReadServer DEBUG:Raw return from BACnet stack is analog-value #22
{
    present-value: 101.420082
}

[2018-01-30 12:57:38,865] SDC_ReadServer INFO:Read success!
[2018-01-30 12:57:48,872] SDC_ReadServer INFO:Got connection from 127.0.0.1:42028
[2018-01-30 12:57:48,872] SDC_ReadServer INFO:Recived GETALL request from 127.0.0.1:42028
[2018-01-30 12:57:48,969] SDC_ReadServer DEBUG:Raw return from BACnet stack is analog-value #110
{
    present-value: 20.559999
}
analog-value #112
{
    present-value: 70.300003
}
analog-value #113
{
    present-value: 7.300000
}
analog-value #114
{
    present-value: 291.000000
}
analog-value #2
{
    present-value: 50.000000
}

[2018-01-30 12:57:49,163] SDC_ReadServer DEBUG:Raw return from BACnet stack is analog-value #4
{
    present-value: 140.000000
}

[2018-01-30 12:57:49,269] SDC_ReadServer DEBUG:Raw return from BACnet stack is analog-value #48
{
    present-value: 72.629585
}
analog-value #31
{
    present-value: 72.000000
}

[2018-01-30 12:57:49,404] SDC_ReadServer DEBUG:Raw return from BACnet stack is analog-value #22
{
    present-value: 94.667206
}

[2018-01-30 12:57:49,568] SDC_ReadServer DEBUG:Raw return from BACnet stack is analog-value #7
{
    present-value: 2.000000
}
analog-value #8
{
    present-value: 2.000000
}
analog-value #9
{
    present-value: 2.000000
}
analog-value #10
{
    present-value: 2.000000
}
analog-value #11
{
    present-value: 2.000000
}
analog-value #12
{
    present-value: 2.000000
}
analog-value #13
{
    present-value: 2.000000
}
analog-value #14
{
    present-value: 2.000000
}
analog-value #15
{
    present-value: 2.000000
}
analog-value #16
{
    present-value: 2.000000
}
analog-value #17
{
    present-value: 2.000000
}
analog-value #18
{
    present-value: 2.000000
}
analog-value #19
{
    present-value: 2.000000
}
analog-value #20
{
    present-value: 2.000000
}
analog-value #21
{
    present-value: 2.000000
}

[2018-01-30 12:57:49,569] SDC_ReadServer INFO:Read success!
[2018-01-30 13:18:42,707] SDC_ReadServer INFO:Got connection from 127.0.0.1:42092
[2018-01-30 13:18:42,707] SDC_ReadServer INFO:Recived GETALL request from 127.0.0.1:42092
[2018-01-30 13:18:42,803] SDC_ReadServer DEBUG:Raw return from BACnet stack is analog-value #110
{
    present-value: 20.559999
}
analog-value #112
{
    present-value: 70.300003
}
analog-value #113
{
    present-value: 7.300000
}
analog-value #114
{
    present-value: 291.000000
}
analog-value #2
{
    present-value: 50.000000
}

[2018-01-30 13:18:42,903] SDC_ReadServer DEBUG:Raw return from BACnet stack is analog-value #4
{
    present-value: 115.971619
}

[2018-01-30 13:18:43,003] SDC_ReadServer DEBUG:Raw return from BACnet stack is analog-value #48
{
    present-value: 72.607986
}
analog-value #31
{
    present-value: 72.000000
}

[2018-01-30 13:18:43,149] SDC_ReadServer DEBUG:Raw return from BACnet stack is analog-value #22
{
    present-value: 4.444371
}

[2018-01-30 13:18:43,312] SDC_ReadServer DEBUG:Raw return from BACnet stack is analog-value #7
{
    present-value: 2.000000
}
analog-value #8
{
    present-value: 2.000000
}
analog-value #9
{
    present-value: 2.000000
}
analog-value #10
{
    present-value: 2.000000
}
analog-value #11
{
    present-value: 2.000000
}
analog-value #12
{
    present-value: 2.000000
}
analog-value #13
{
    present-value: 2.000000
}
analog-value #14
{
    present-value: 2.000000
}
analog-value #15
{
    present-value: 2.000000
}
analog-value #16
{
    present-value: 2.000000
}
analog-value #17
{
    present-value: 2.000000
}
analog-value #18
{
    present-value: 2.000000
}
analog-value #19
{
    present-value: 2.000000
}
analog-value #20
{
    present-value: 2.000000
}
analog-value #21
{
    present-value: 2.000000
}

[2018-01-30 13:18:43,313] SDC_ReadServer INFO:Read success!
