[2018-01-30 11:48:35,391] SDC_ReadServer DEBUG:rpCmds:[['./SDCServer/bacnet/bacnet-stack-0.8.5/bin/bacrpm', '701101', '2', '110', '85', '2', '112', '85', '2', '113', '85', '2', '114', '85', '2', '2', '85'], ['./SDCServer/bacnet/bacnet-stack-0.8.5/bin/bacrpm', '701102', '2', '4', '85'], ['./SDCServer/bacnet/bacnet-stack-0.8.5/bin/bacrpm', '701104', '2', '48', '85', '2', '31', '85'], ['./SDCServer/bacnet/bacnet-stack-0.8.5/bin/bacrpm', '701105', '2', '22', '85'], ['./SDCServer/bacnet/bacnet-stack-0.8.5/bin/bacrpm', '701105', '2', '7', '85', '2', '8', '85', '2', '9', '85', '2', '10', '85', '2', '11', '85', '2', '12', '85', '2', '13', '85', '2', '14', '85', '2', '15', '85', '2', '16', '85', '2', '17', '85', '2', '18', '85', '2', '19', '85', '2', '20', '85', '2', '21', '85']]
[2018-01-30 11:48:35,392] SDC_ReadServer INFO:Server starts at 0.0.0.0:61221
[2018-01-30 11:52:02,816] SDC_ReadServer INFO:Got connection from 127.0.0.1:41428
[2018-01-30 11:52:02,816] SDC_ReadServer INFO:Recived GETALL request from 127.0.0.1:41428
[2018-01-30 11:52:02,915] SDC_ReadServer DEBUG:Raw return from BACnet stack is analog-value #110
{
    present-value: 20.219999
}
analog-value #112
{
    present-value: 80.800003
}
analog-value #113
{
    present-value: 5.600000
}
analog-value #114
{
    present-value: 286.000000
}
analog-value #2
{
    present-value: 50.000000
}

[2018-01-30 11:52:03,050] SDC_ReadServer DEBUG:Raw return from BACnet stack is analog-value #4
{
    present-value: 140.000000
}

[2018-01-30 11:52:03,162] SDC_ReadServer DEBUG:Raw return from BACnet stack is analog-value #48
{
    present-value: 72.535980
}
analog-value #31
{
    present-value: 72.000000
}

[2018-01-30 11:52:03,261] SDC_ReadServer DEBUG:Raw return from BACnet stack is analog-value #22
{
    present-value: 50.202286
}

[2018-01-30 11:52:03,427] SDC_ReadServer DEBUG:Raw return from BACnet stack is analog-value #7
{
    present-value: 2.000000
}
analog-value #8
{
    present-value: 2.000000
}
analog-value #9
{
    present-value: 2.000000
}
analog-value #10
{
    present-value: 2.000000
}
analog-value #11
{
    present-value: 2.000000
}
analog-value #12
{
    present-value: 2.000000
}
analog-value #13
{
    present-value: 2.000000
}
analog-value #14
{
    present-value: 2.000000
}
analog-value #15
{
    present-value: 2.000000
}
analog-value #16
{
    present-value: 2.000000
}
analog-value #17
{
    present-value: 2.000000
}
analog-value #18
{
    present-value: 2.000000
}
analog-value #19
{
    present-value: 2.000000
}
analog-value #20
{
    present-value: 2.000000
}
analog-value #21
{
    present-value: 2.000000
}

[2018-01-30 11:52:03,428] SDC_ReadServer INFO:Read success!
[2018-01-30 11:52:59,792] SDC_ReadServer INFO:Got connection from 127.0.0.1:41434
[2018-01-30 11:52:59,792] SDC_ReadServer INFO:Recived GETAMV request from 127.0.0.1:41434
[2018-01-30 11:52:59,984] SDC_ReadServer DEBUG:Raw return from BACnet stack is analog-value #7
{
    present-value: 2.000000
}
analog-value #8
{
    present-value: 2.000000
}
analog-value #9
{
    present-value: 2.000000
}
analog-value #10
{
    present-value: 2.000000
}
analog-value #11
{
    present-value: 2.000000
}
analog-value #12
{
    present-value: 2.000000
}
analog-value #13
{
    present-value: 2.000000
}
analog-value #14
{
    present-value: 2.000000
}
analog-value #15
{
    present-value: 2.000000
}
analog-value #16
{
    present-value: 2.000000
}
analog-value #17
{
    present-value: 2.000000
}
analog-value #18
{
    present-value: 2.000000
}
analog-value #19
{
    present-value: 2.000000
}
analog-value #20
{
    present-value: 2.000000
}
analog-value #21
{
    present-value: 2.000000
}

[2018-01-30 11:52:59,985] SDC_ReadServer WARNING:Should read 24 values, but gets 15 values, the raw output from the BACnet stack is: ['analog-value #7\r\n{\r\n    present-value: 2.000000\r\n}\r\nanalog-value #8\r\n{\r\n    present-value: 2.000000\r\n}\r\nanalog-value #9\r\n{\r\n    present-value: 2.000000\r\n}\r\nanalog-value #10\r\n{\r\n    present-value: 2.000000\r\n}\r\nanalog-value #11\r\n{\r\n    present-value: 2.000000\r\n}\r\nanalog-value #12\r\n{\r\n    present-value: 2.000000\r\n}\r\nanalog-value #13\r\n{\r\n    present-value: 2.000000\r\n}\r\nanalog-value #14\r\n{\r\n    present-value: 2.000000\r\n}\r\nanalog-value #15\r\n{\r\n    present-value: 2.000000\r\n}\r\nanalog-value #16\r\n{\r\n    present-value: 2.000000\r\n}\r\nanalog-value #17\r\n{\r\n    present-value: 2.000000\r\n}\r\nanalog-value #18\r\n{\r\n    present-value: 2.000000\r\n}\r\nanalog-value #19\r\n{\r\n    present-value: 2.000000\r\n}\r\nanalog-value #20\r\n{\r\n    present-value: 2.000000\r\n}\r\nanalog-value #21\r\n{\r\n    present-value: 2.000000\r\n}\r\n']
[2018-01-30 11:52:59,985] SDC_ReadServer WARNING:The BACnet stack raw return is: ['analog-value #7\r\n{\r\n    present-value: 2.000000\r\n}\r\nanalog-value #8\r\n{\r\n    present-value: 2.000000\r\n}\r\nanalog-value #9\r\n{\r\n    present-value: 2.000000\r\n}\r\nanalog-value #10\r\n{\r\n    present-value: 2.000000\r\n}\r\nanalog-value #11\r\n{\r\n    present-value: 2.000000\r\n}\r\nanalog-value #12\r\n{\r\n    present-value: 2.000000\r\n}\r\nanalog-value #13\r\n{\r\n    present-value: 2.000000\r\n}\r\nanalog-value #14\r\n{\r\n    present-value: 2.000000\r\n}\r\nanalog-value #15\r\n{\r\n    present-value: 2.000000\r\n}\r\nanalog-value #16\r\n{\r\n    present-value: 2.000000\r\n}\r\nanalog-value #17\r\n{\r\n    present-value: 2.000000\r\n}\r\nanalog-value #18\r\n{\r\n    present-value: 2.000000\r\n}\r\nanalog-value #19\r\n{\r\n    present-value: 2.000000\r\n}\r\nanalog-value #20\r\n{\r\n    present-value: 2.000000\r\n}\r\nanalog-value #21\r\n{\r\n    present-value: 2.000000\r\n}\r\n']
[2018-01-30 11:53:00,010] SDC_ReadServer INFO:Got connection from 127.0.0.1:41438
[2018-01-30 11:53:00,010] SDC_ReadServer INFO:Recived GETAMV request from 127.0.0.1:41438
[2018-01-30 11:53:00,149] SDC_ReadServer DEBUG:Raw return from BACnet stack is analog-value #7
{
    present-value: 2.000000
}
analog-value #8
{
    present-value: 2.000000
}
analog-value #9
{
    present-value: 2.000000
}
analog-value #10
{
    present-value: 2.000000
}
analog-value #11
{
    present-value: 2.000000
}
analog-value #12
{
    present-value: 2.000000
}
analog-value #13
{
    present-value: 2.000000
}
analog-value #14
{
    present-value: 2.000000
}
analog-value #15
{
    present-value: 2.000000
}
analog-value #16
{
    present-value: 2.000000
}
analog-value #17
{
    present-value: 2.000000
}
analog-value #18
{
    present-value: 2.000000
}
analog-value #19
{
    present-value: 2.000000
}
analog-value #20
{
    present-value: 2.000000
}
analog-value #21
{
    present-value: 2.000000
}

[2018-01-30 11:53:00,150] SDC_ReadServer WARNING:Should read 24 values, but gets 15 values, the raw output from the BACnet stack is: ['analog-value #7\r\n{\r\n    present-value: 2.000000\r\n}\r\nanalog-value #8\r\n{\r\n    present-value: 2.000000\r\n}\r\nanalog-value #9\r\n{\r\n    present-value: 2.000000\r\n}\r\nanalog-value #10\r\n{\r\n    present-value: 2.000000\r\n}\r\nanalog-value #11\r\n{\r\n    present-value: 2.000000\r\n}\r\nanalog-value #12\r\n{\r\n    present-value: 2.000000\r\n}\r\nanalog-value #13\r\n{\r\n    present-value: 2.000000\r\n}\r\nanalog-value #14\r\n{\r\n    present-value: 2.000000\r\n}\r\nanalog-value #15\r\n{\r\n    present-value: 2.000000\r\n}\r\nanalog-value #16\r\n{\r\n    present-value: 2.000000\r\n}\r\nanalog-value #17\r\n{\r\n    present-value: 2.000000\r\n}\r\nanalog-value #18\r\n{\r\n    present-value: 2.000000\r\n}\r\nanalog-value #19\r\n{\r\n    present-value: 2.000000\r\n}\r\nanalog-value #20\r\n{\r\n    present-value: 2.000000\r\n}\r\nanalog-value #21\r\n{\r\n    present-value: 2.000000\r\n}\r\n']
[2018-01-30 11:53:00,150] SDC_ReadServer WARNING:The BACnet stack raw return is: ['analog-value #7\r\n{\r\n    present-value: 2.000000\r\n}\r\nanalog-value #8\r\n{\r\n    present-value: 2.000000\r\n}\r\nanalog-value #9\r\n{\r\n    present-value: 2.000000\r\n}\r\nanalog-value #10\r\n{\r\n    present-value: 2.000000\r\n}\r\nanalog-value #11\r\n{\r\n    present-value: 2.000000\r\n}\r\nanalog-value #12\r\n{\r\n    present-value: 2.000000\r\n}\r\nanalog-value #13\r\n{\r\n    present-value: 2.000000\r\n}\r\nanalog-value #14\r\n{\r\n    present-value: 2.000000\r\n}\r\nanalog-value #15\r\n{\r\n    present-value: 2.000000\r\n}\r\nanalog-value #16\r\n{\r\n    present-value: 2.000000\r\n}\r\nanalog-value #17\r\n{\r\n    present-value: 2.000000\r\n}\r\nanalog-value #18\r\n{\r\n    present-value: 2.000000\r\n}\r\nanalog-value #19\r\n{\r\n    present-value: 2.000000\r\n}\r\nanalog-value #20\r\n{\r\n    present-value: 2.000000\r\n}\r\nanalog-value #21\r\n{\r\n    present-value: 2.000000\r\n}\r\n']
[2018-01-30 11:53:10,161] SDC_ReadServer INFO:Got connection from 127.0.0.1:41444
[2018-01-30 11:53:10,162] SDC_ReadServer INFO:Recived GETAMV request from 127.0.0.1:41444
[2018-01-30 11:53:10,279] SDC_ReadServer DEBUG:Raw return from BACnet stack is analog-value #7
{
    present-value: 2.000000
}
analog-value #8
{
    present-value: 2.000000
}
analog-value #9
{
    present-value: 2.000000
}
analog-value #10
{
    present-value: 2.000000
}
analog-value #11
{
    present-value: 2.000000
}
analog-value #12
{
    present-value: 2.000000
}
analog-value #13
{
    present-value: 2.000000
}
analog-value #14
{
    present-value: 2.000000
}
analog-value #15
{
    present-value: 2.000000
}
analog-value #16
{
    present-value: 2.000000
}
analog-value #17
{
    present-value: 2.000000
}
analog-value #18
{
    present-value: 2.000000
}
analog-value #19
{
    present-value: 2.000000
}
analog-value #20
{
    present-value: 2.000000
}
analog-value #21
{
    present-value: 2.000000
}

[2018-01-30 11:53:10,279] SDC_ReadServer WARNING:Should read 24 values, but gets 15 values, the raw output from the BACnet stack is: ['analog-value #7\r\n{\r\n    present-value: 2.000000\r\n}\r\nanalog-value #8\r\n{\r\n    present-value: 2.000000\r\n}\r\nanalog-value #9\r\n{\r\n    present-value: 2.000000\r\n}\r\nanalog-value #10\r\n{\r\n    present-value: 2.000000\r\n}\r\nanalog-value #11\r\n{\r\n    present-value: 2.000000\r\n}\r\nanalog-value #12\r\n{\r\n    present-value: 2.000000\r\n}\r\nanalog-value #13\r\n{\r\n    present-value: 2.000000\r\n}\r\nanalog-value #14\r\n{\r\n    present-value: 2.000000\r\n}\r\nanalog-value #15\r\n{\r\n    present-value: 2.000000\r\n}\r\nanalog-value #16\r\n{\r\n    present-value: 2.000000\r\n}\r\nanalog-value #17\r\n{\r\n    present-value: 2.000000\r\n}\r\nanalog-value #18\r\n{\r\n    present-value: 2.000000\r\n}\r\nanalog-value #19\r\n{\r\n    present-value: 2.000000\r\n}\r\nanalog-value #20\r\n{\r\n    present-value: 2.000000\r\n}\r\nanalog-value #21\r\n{\r\n    present-value: 2.000000\r\n}\r\n']
[2018-01-30 11:53:10,280] SDC_ReadServer WARNING:The BACnet stack raw return is: ['analog-value #7\r\n{\r\n    present-value: 2.000000\r\n}\r\nanalog-value #8\r\n{\r\n    present-value: 2.000000\r\n}\r\nanalog-value #9\r\n{\r\n    present-value: 2.000000\r\n}\r\nanalog-value #10\r\n{\r\n    present-value: 2.000000\r\n}\r\nanalog-value #11\r\n{\r\n    present-value: 2.000000\r\n}\r\nanalog-value #12\r\n{\r\n    present-value: 2.000000\r\n}\r\nanalog-value #13\r\n{\r\n    present-value: 2.000000\r\n}\r\nanalog-value #14\r\n{\r\n    present-value: 2.000000\r\n}\r\nanalog-value #15\r\n{\r\n    present-value: 2.000000\r\n}\r\nanalog-value #16\r\n{\r\n    present-value: 2.000000\r\n}\r\nanalog-value #17\r\n{\r\n    present-value: 2.000000\r\n}\r\nanalog-value #18\r\n{\r\n    present-value: 2.000000\r\n}\r\nanalog-value #19\r\n{\r\n    present-value: 2.000000\r\n}\r\nanalog-value #20\r\n{\r\n    present-value: 2.000000\r\n}\r\nanalog-value #21\r\n{\r\n    present-value: 2.000000\r\n}\r\n']
[2018-01-30 11:53:10,281] SDC_ReadServer INFO:Got connection from 127.0.0.1:41446
[2018-01-30 11:53:10,281] SDC_ReadServer INFO:Recieved GETENERGY request from 127.0.0.1:41446
[2018-01-30 11:53:10,439] SDC_ReadServer DEBUG:Raw return from BACnet stack is analog-value #7
{
    present-value: 2.000000
}
analog-value #8
{
    present-value: 2.000000
}
analog-value #9
{
    present-value: 2.000000
}
analog-value #10
{
    present-value: 2.000000
}
analog-value #11
{
    present-value: 2.000000
}
analog-value #12
{
    present-value: 2.000000
}
analog-value #13
{
    present-value: 2.000000
}
analog-value #14
{
    present-value: 2.000000
}
analog-value #15
{
    present-value: 2.000000
}
analog-value #16
{
    present-value: 2.000000
}
analog-value #17
{
    present-value: 2.000000
}
analog-value #18
{
    present-value: 2.000000
}
analog-value #19
{
    present-value: 2.000000
}
analog-value #20
{
    present-value: 2.000000
}
analog-value #21
{
    present-value: 2.000000
}

[2018-01-30 11:53:10,439] SDC_ReadServer WARNING:Should read 24 values, but gets 15 values, the raw output from the BACnet stack is: ['analog-value #7\r\n{\r\n    present-value: 2.000000\r\n}\r\nanalog-value #8\r\n{\r\n    present-value: 2.000000\r\n}\r\nanalog-value #9\r\n{\r\n    present-value: 2.000000\r\n}\r\nanalog-value #10\r\n{\r\n    present-value: 2.000000\r\n}\r\nanalog-value #11\r\n{\r\n    present-value: 2.000000\r\n}\r\nanalog-value #12\r\n{\r\n    present-value: 2.000000\r\n}\r\nanalog-value #13\r\n{\r\n    present-value: 2.000000\r\n}\r\nanalog-value #14\r\n{\r\n    present-value: 2.000000\r\n}\r\nanalog-value #15\r\n{\r\n    present-value: 2.000000\r\n}\r\nanalog-value #16\r\n{\r\n    present-value: 2.000000\r\n}\r\nanalog-value #17\r\n{\r\n    present-value: 2.000000\r\n}\r\nanalog-value #18\r\n{\r\n    present-value: 2.000000\r\n}\r\nanalog-value #19\r\n{\r\n    present-value: 2.000000\r\n}\r\nanalog-value #20\r\n{\r\n    present-value: 2.000000\r\n}\r\nanalog-value #21\r\n{\r\n    present-value: 2.000000\r\n}\r\n']
[2018-01-30 11:53:10,439] SDC_ReadServer WARNING:The BACnet stack raw return is: ['analog-value #7\r\n{\r\n    present-value: 2.000000\r\n}\r\nanalog-value #8\r\n{\r\n    present-value: 2.000000\r\n}\r\nanalog-value #9\r\n{\r\n    present-value: 2.000000\r\n}\r\nanalog-value #10\r\n{\r\n    present-value: 2.000000\r\n}\r\nanalog-value #11\r\n{\r\n    present-value: 2.000000\r\n}\r\nanalog-value #12\r\n{\r\n    present-value: 2.000000\r\n}\r\nanalog-value #13\r\n{\r\n    present-value: 2.000000\r\n}\r\nanalog-value #14\r\n{\r\n    present-value: 2.000000\r\n}\r\nanalog-value #15\r\n{\r\n    present-value: 2.000000\r\n}\r\nanalog-value #16\r\n{\r\n    present-value: 2.000000\r\n}\r\nanalog-value #17\r\n{\r\n    present-value: 2.000000\r\n}\r\nanalog-value #18\r\n{\r\n    present-value: 2.000000\r\n}\r\nanalog-value #19\r\n{\r\n    present-value: 2.000000\r\n}\r\nanalog-value #20\r\n{\r\n    present-value: 2.000000\r\n}\r\nanalog-value #21\r\n{\r\n    present-value: 2.000000\r\n}\r\n']
