[2018-01-29 11:31:04,153] SDC_ReadServer DEBUG:rpCmds:[['./SDCServer/bacnet/bacnet-stack-0.8.5/bin/bacrpm', '701104', '2', '48', '85', '2', '31', '85'], ['./SDCServer/bacnet/bacnet-stack-0.8.5/bin/bacrpm', '701105', '2', '7', '85', '2', '8', '85', '2', '9', '85', '2', '10', '85', '2', '11', '85', '2', '12', '85', '2', '13', '85', '2', '14', '85', '2', '15', '85', '2', '16', '85', '2', '17', '85', '2', '18', '85', '2', '19', '85', '2', '20', '85', '2', '21', '85', '2', '22', '85'], ['./SDCServer/bacnet/bacnet-stack-0.8.5/bin/bacrpm', '701101', '2', '110', '85', '2', '112', '85', '2', '113', '85', '2', '114', '85', '2', '2', '85'], ['./SDCServer/bacnet/bacnet-stack-0.8.5/bin/bacrpm', '701102', '2', '58', '85']]
[2018-01-29 11:31:04,153] SDC_ReadServer INFO:Server starts at 0.0.0.0:61221
[2018-01-29 11:31:14,488] SDC_ReadServer INFO:Got connection from 127.0.0.1:36134
[2018-01-29 11:31:24,096] SDC_ReadServer INFO:Recived GETALL request from 127.0.0.1:36134
[2018-01-29 11:31:24,196] SDC_ReadServer DEBUG:Raw return from BACnet stack is analog-value #48
{
    present-value: 72.982384
}
analog-value #31
{
    present-value: 73.000000
}

[2018-01-29 11:31:24,300] SDC_ReadServer DEBUG:Raw return from BACnet stack is analog-value #7
{
    present-value: 2.000000
}
analog-value #8
{
    present-value: 2.000000
}
analog-value #9
{
    present-value: 2.000000
}
analog-value #10
{
    present-value: 2.000000
}
analog-value #11
{
    present-value: 2.000000
}
analog-value #12
{
    present-value: 2.000000
}
analog-value #13
{
    present-value: 2.000000
}
analog-value #14
{
    present-value: 2.000000
}
analog-value #15
{
    present-value: 2.000000
}
analog-value #16
{
    present-value: 2.000000
}
analog-value #17
{
    present-value: 2.000000
}
analog-value #18
{
    present-value: 2.000000
}
analog-value #19
{
    present-value: 2.000000
}
analog-value #20
{
    present-value: 2.000000
}
analog-value #21
{
    present-value: 2.000000
}
analog-value #22
{
    present-value: BACnet Error: object: unknown-object
}

[2018-01-29 11:31:24,396] SDC_ReadServer DEBUG:Raw return from BACnet stack is analog-value #110
{
    present-value: 38.130001
}
analog-value #112
{
    present-value: 71.300003
}
analog-value #113
{
    present-value: 0.000000
}
analog-value #114
{
    present-value: 42.000000
}
analog-value #2
{
    present-value: 50.000000
}

[2018-01-29 11:31:24,508] SDC_ReadServer DEBUG:Raw return from BACnet stack is analog-value #58
{
    present-value: 6.423401
}

