[2018-02-05 20:09:56,738] SDC_ReadServer DEBUG:rpCmds:[['/home/zhiangz/Documents/HVAC-RL-Control/src/SDCServer/bacnet/bacnet-stack-0.8.5/bin/bacrpm', '701101', '2', '110', '85', '2', '112', '85', '2', '113', '85', '2', '114', '85', '2', '2', '85'], ['/home/zhiangz/Documents/HVAC-RL-Control/src/SDCServer/bacnet/bacnet-stack-0.8.5/bin/bacrpm', '701102', '2', '4', '85'], ['/home/zhiangz/Documents/HVAC-RL-Control/src/SDCServer/bacnet/bacnet-stack-0.8.5/bin/bacrpm', '701104', '2', '48', '85', '2', '31', '85'], ['/home/zhiangz/Documents/HVAC-RL-Control/src/SDCServer/bacnet/bacnet-stack-0.8.5/bin/bacrpm', '701105', '2', '22', '85'], ['/home/zhiangz/Documents/HVAC-RL-Control/src/SDCServer/bacnet/bacnet-stack-0.8.5/bin/bacrpm', '701105', '2', '7', '85', '2', '8', '85', '2', '10', '85', '2', '11', '85', '2', '30', '85', '2', '13', '85', '2', '14', '85', '2', '15', '85', '2', '16', '85', '2', '17', '85', '2', '18', '85', '2', '19', '85', '2', '25', '85', '2', '26', '85', '2', '27', '85', '2', '28', '85', '2', '31', '85'], ['/home/zhiangz/Documents/HVAC-RL-Control/src/SDCServer/bacnet/bacnet-stack-0.8.5/bin/bacrpm', '701104', '0', '31', '85']]
[2018-02-05 20:09:56,739] SDC_ReadServer INFO:Server starts at 0.0.0.0:61221
[2018-02-05 20:10:08,354] SDC_ReadServer INFO:Got connection from 127.0.0.1:44638
[2018-02-05 20:10:08,354] SDC_ReadServer INFO:Recived GETALL request from 127.0.0.1:44638
[2018-02-05 20:10:08,450] SDC_ReadServer DEBUG:Raw return from BACnet stack is analog-value #110
{
    present-value: 22.910000
}
analog-value #112
{
    present-value: 69.500000
}
analog-value #113
{
    present-value: 0.600000
}
analog-value #114
{
    present-value: 239.000000
}
analog-value #2
{
    present-value: 50.000000
}

[2018-02-05 20:10:08,550] SDC_ReadServer DEBUG:Raw return from BACnet stack is analog-value #4
{
    present-value: 140.000000
}

[2018-02-05 20:10:08,698] SDC_ReadServer DEBUG:Raw return from BACnet stack is analog-value #48
{
    present-value: 72.269585
}
analog-value #31
{
    present-value: 67.000000
}

[2018-02-05 20:10:08,843] SDC_ReadServer DEBUG:Raw return from BACnet stack is analog-value #22
{
    present-value: 7.990064
}

[2018-02-05 20:10:09,009] SDC_ReadServer DEBUG:Raw return from BACnet stack is analog-value #7
{
    present-value: 3.000000
}
analog-value #8
{
    present-value: 3.000000
}
analog-value #10
{
    present-value: 3.000000
}
analog-value #11
{
    present-value: 3.000000
}
analog-value #30
{
    present-value: 3.000000
}
analog-value #13
{
    present-value: 3.000000
}
analog-value #14
{
    present-value: 3.000000
}
analog-value #15
{
    present-value: 3.000000
}
analog-value #16
{
    present-value: 3.000000
}
analog-value #17
{
    present-value: 3.000000
}
analog-value #18
{
    present-value: 3.000000
}
analog-value #19
{
    present-value: 3.000000
}
analog-value #25
{
    present-value: 3.000000
}
analog-value #26
{
    present-value: 3.000000
}
analog-value #27
{
    present-value: 3.000000
}
analog-value #28
{
    present-value: 3.000000
}
analog-value #31
{
    present-value: 3.000000
}

[2018-02-05 20:10:09,009] SDC_ReadServer INFO:Read success!
[2018-02-05 20:10:09,011] SDC_ReadServer INFO:Got connection from 127.0.0.1:44640
[2018-02-05 20:10:09,011] SDC_ReadServer INFO:Recieved GETIARH request from 127.0.0.1:44640
[2018-02-05 20:10:09,111] SDC_ReadServer DEBUG:Raw return from BACnet stack is analog-input #31
{
    present-value: 18.579998
}

[2018-02-05 20:10:09,111] SDC_ReadServer INFO:Read success!
