[2018-02-03 11:38:38,620] SDC_ReadServer DEBUG:rpCmds:[['./SDCServer/bacnet/bacnet-stack-0.8.5/bin/bacrpm', '701101', '2', '110', '85', '2', '112', '85', '2', '113', '85', '2', '114', '85', '2', '2', '85'], ['./SDCServer/bacnet/bacnet-stack-0.8.5/bin/bacrpm', '701102', '2', '4', '85'], ['./SDCServer/bacnet/bacnet-stack-0.8.5/bin/bacrpm', '701104', '2', '48', '85', '2', '31', '85'], ['./SDCServer/bacnet/bacnet-stack-0.8.5/bin/bacrpm', '701105', '2', '22', '85'], ['./SDCServer/bacnet/bacnet-stack-0.8.5/bin/bacrpm', '701105', '2', '7', '85', '2', '8', '85', '2', '9', '85', '2', '10', '85', '2', '11', '85', '2', '12', '85', '2', '13', '85', '2', '14', '85', '2', '15', '85', '2', '16', '85', '2', '17', '85', '2', '18', '85', '2', '19', '85', '2', '20', '85', '2', '21', '85'], ['./SDCServer/bacnet/bacnet-stack-0.8.5/bin/bacrpm', '701104', '0', '31', '85']]
[2018-02-03 11:38:38,621] SDC_ReadServer INFO:Server starts at 0.0.0.0:61221
[2018-02-03 11:42:27,388] SDC_ReadServer INFO:Got connection from 127.0.0.1:43452
[2018-02-03 11:42:40,908] SDC_ReadServer INFO:Recieved GETIARH request from 127.0.0.1:43452
[2018-02-03 11:42:41,010] SDC_ReadServer DEBUG:Raw return from BACnet stack is analog-input #31
{
    present-value: 16.219999
}

[2018-02-03 11:42:41,011] SDC_ReadServer INFO:Read success!
[2018-02-03 11:50:13,697] SDC_ReadServer INFO:Got connection from 127.0.0.1:43490
[2018-02-03 11:50:13,698] SDC_ReadServer INFO:Recived GETALL request from 127.0.0.1:43490
[2018-02-03 11:50:13,795] SDC_ReadServer DEBUG:Raw return from BACnet stack is analog-value #110
{
    present-value: 21.740000
}
analog-value #112
{
    present-value: 63.500000
}
analog-value #113
{
    present-value: 6.200000
}
analog-value #114
{
    present-value: 205.000000
}
analog-value #2
{
    present-value: 50.000000
}

[2018-02-03 11:50:13,894] SDC_ReadServer DEBUG:Raw return from BACnet stack is analog-value #4
{
    present-value: 116.220490
}

[2018-02-03 11:50:13,996] SDC_ReadServer DEBUG:Raw return from BACnet stack is analog-value #48
{
    present-value: 69.317589
}
analog-value #31
{
    present-value: 69.000000
}

[2018-02-03 11:50:14,094] SDC_ReadServer DEBUG:Raw return from BACnet stack is analog-value #22
{
    present-value: 40.595821
}

[2018-02-03 11:50:14,198] SDC_ReadServer DEBUG:Raw return from BACnet stack is analog-value #7
{
    present-value: 2.000000
}
analog-value #8
{
    present-value: 2.000000
}
analog-value #9
{
    present-value: 2.000000
}
analog-value #10
{
    present-value: 2.000000
}
analog-value #11
{
    present-value: 2.000000
}
analog-value #12
{
    present-value: 2.000000
}
analog-value #13
{
    present-value: 2.000000
}
analog-value #14
{
    present-value: 2.000000
}
analog-value #15
{
    present-value: 2.000000
}
analog-value #16
{
    present-value: 2.000000
}
analog-value #17
{
    present-value: 2.000000
}
analog-value #18
{
    present-value: 2.000000
}
analog-value #19
{
    present-value: 2.000000
}
analog-value #20
{
    present-value: 2.000000
}
analog-value #21
{
    present-value: 2.000000
}

[2018-02-03 11:50:14,198] SDC_ReadServer WARNING:Should read 25 values, but gets 24 values, the raw output from the BACnet stack is: ['analog-value #110\r\n{\r\n    present-value: 21.740000\r\n}\r\nanalog-value #112\r\n{\r\n    present-value: 63.500000\r\n}\r\nanalog-value #113\r\n{\r\n    present-value: 6.200000\r\n}\r\nanalog-value #114\r\n{\r\n    present-value: 205.000000\r\n}\r\nanalog-value #2\r\n{\r\n    present-value: 50.000000\r\n}\r\n', 'analog-value #4\r\n{\r\n    present-value: 116.220490\r\n}\r\n', 'analog-value #48\r\n{\r\n    present-value: 69.317589\r\n}\r\nanalog-value #31\r\n{\r\n    present-value: 69.000000\r\n}\r\n', 'analog-value #22\r\n{\r\n    present-value: 40.595821\r\n}\r\n', 'analog-value #7\r\n{\r\n    present-value: 2.000000\r\n}\r\nanalog-value #8\r\n{\r\n    present-value: 2.000000\r\n}\r\nanalog-value #9\r\n{\r\n    present-value: 2.000000\r\n}\r\nanalog-value #10\r\n{\r\n    present-value: 2.000000\r\n}\r\nanalog-value #11\r\n{\r\n    present-value: 2.000000\r\n}\r\nanalog-value #12\r\n{\r\n    present-value: 2.000000\r\n}\r\nanalog-value #13\r\n{\r\n    present-value: 2.000000\r\n}\r\nanalog-value #14\r\n{\r\n    present-value: 2.000000\r\n}\r\nanalog-value #15\r\n{\r\n    present-value: 2.000000\r\n}\r\nanalog-value #16\r\n{\r\n    present-value: 2.000000\r\n}\r\nanalog-value #17\r\n{\r\n    present-value: 2.000000\r\n}\r\nanalog-value #18\r\n{\r\n    present-value: 2.000000\r\n}\r\nanalog-value #19\r\n{\r\n    present-value: 2.000000\r\n}\r\nanalog-value #20\r\n{\r\n    present-value: 2.000000\r\n}\r\nanalog-value #21\r\n{\r\n    present-value: 2.000000\r\n}\r\n']
[2018-02-03 11:50:14,198] SDC_ReadServer WARNING:The BACnet stack raw return is: ['analog-value #110\r\n{\r\n    present-value: 21.740000\r\n}\r\nanalog-value #112\r\n{\r\n    present-value: 63.500000\r\n}\r\nanalog-value #113\r\n{\r\n    present-value: 6.200000\r\n}\r\nanalog-value #114\r\n{\r\n    present-value: 205.000000\r\n}\r\nanalog-value #2\r\n{\r\n    present-value: 50.000000\r\n}\r\n', 'analog-value #4\r\n{\r\n    present-value: 116.220490\r\n}\r\n', 'analog-value #48\r\n{\r\n    present-value: 69.317589\r\n}\r\nanalog-value #31\r\n{\r\n    present-value: 69.000000\r\n}\r\n', 'analog-value #22\r\n{\r\n    present-value: 40.595821\r\n}\r\n', 'analog-value #7\r\n{\r\n    present-value: 2.000000\r\n}\r\nanalog-value #8\r\n{\r\n    present-value: 2.000000\r\n}\r\nanalog-value #9\r\n{\r\n    present-value: 2.000000\r\n}\r\nanalog-value #10\r\n{\r\n    present-value: 2.000000\r\n}\r\nanalog-value #11\r\n{\r\n    present-value: 2.000000\r\n}\r\nanalog-value #12\r\n{\r\n    present-value: 2.000000\r\n}\r\nanalog-value #13\r\n{\r\n    present-value: 2.000000\r\n}\r\nanalog-value #14\r\n{\r\n    present-value: 2.000000\r\n}\r\nanalog-value #15\r\n{\r\n    present-value: 2.000000\r\n}\r\nanalog-value #16\r\n{\r\n    present-value: 2.000000\r\n}\r\nanalog-value #17\r\n{\r\n    present-value: 2.000000\r\n}\r\nanalog-value #18\r\n{\r\n    present-value: 2.000000\r\n}\r\nanalog-value #19\r\n{\r\n    present-value: 2.000000\r\n}\r\nanalog-value #20\r\n{\r\n    present-value: 2.000000\r\n}\r\nanalog-value #21\r\n{\r\n    present-value: 2.000000\r\n}\r\n']
[2018-02-03 11:57:27,545] SDC_ReadServer INFO:Got connection from 127.0.0.1:43524
[2018-02-03 11:57:34,625] SDC_ReadServer INFO:Recived GETALL request from 127.0.0.1:43524
[2018-02-03 11:57:34,779] SDC_ReadServer DEBUG:Raw return from BACnet stack is analog-value #110
{
    present-value: 22.469999
}
analog-value #112
{
    present-value: 63.700001
}
analog-value #113
{
    present-value: 2.800000
}
analog-value #114
{
    present-value: 202.000000
}
analog-value #2
{
    present-value: 50.000000
}

[2018-02-03 11:57:34,895] SDC_ReadServer DEBUG:Raw return from BACnet stack is analog-value #4
{
    present-value: 115.409416
}

[2018-02-03 11:57:34,995] SDC_ReadServer DEBUG:Raw return from BACnet stack is analog-value #48
{
    present-value: 69.324783
}
analog-value #31
{
    present-value: 69.000000
}

[2018-02-03 11:57:35,095] SDC_ReadServer DEBUG:Raw return from BACnet stack is analog-value #22
{
    present-value: 43.614590
}

[2018-02-03 11:57:35,200] SDC_ReadServer DEBUG:Raw return from BACnet stack is analog-value #7
{
    present-value: 2.000000
}
analog-value #8
{
    present-value: 2.000000
}
analog-value #9
{
    present-value: 2.000000
}
analog-value #10
{
    present-value: 2.000000
}
analog-value #11
{
    present-value: 2.000000
}
analog-value #12
{
    present-value: 2.000000
}
analog-value #13
{
    present-value: 2.000000
}
analog-value #14
{
    present-value: 2.000000
}
analog-value #15
{
    present-value: 2.000000
}
analog-value #16
{
    present-value: 2.000000
}
analog-value #17
{
    present-value: 2.000000
}
analog-value #18
{
    present-value: 2.000000
}
analog-value #19
{
    present-value: 2.000000
}
analog-value #20
{
    present-value: 2.000000
}
analog-value #21
{
    present-value: 2.000000
}

[2018-02-03 11:57:35,200] SDC_ReadServer WARNING:Should read 25 values, but gets 24 values, the raw output from the BACnet stack is: ['analog-value #110\r\n{\r\n    present-value: 22.469999\r\n}\r\nanalog-value #112\r\n{\r\n    present-value: 63.700001\r\n}\r\nanalog-value #113\r\n{\r\n    present-value: 2.800000\r\n}\r\nanalog-value #114\r\n{\r\n    present-value: 202.000000\r\n}\r\nanalog-value #2\r\n{\r\n    present-value: 50.000000\r\n}\r\n', 'analog-value #4\r\n{\r\n    present-value: 115.409416\r\n}\r\n', 'analog-value #48\r\n{\r\n    present-value: 69.324783\r\n}\r\nanalog-value #31\r\n{\r\n    present-value: 69.000000\r\n}\r\n', 'analog-value #22\r\n{\r\n    present-value: 43.614590\r\n}\r\n', 'analog-value #7\r\n{\r\n    present-value: 2.000000\r\n}\r\nanalog-value #8\r\n{\r\n    present-value: 2.000000\r\n}\r\nanalog-value #9\r\n{\r\n    present-value: 2.000000\r\n}\r\nanalog-value #10\r\n{\r\n    present-value: 2.000000\r\n}\r\nanalog-value #11\r\n{\r\n    present-value: 2.000000\r\n}\r\nanalog-value #12\r\n{\r\n    present-value: 2.000000\r\n}\r\nanalog-value #13\r\n{\r\n    present-value: 2.000000\r\n}\r\nanalog-value #14\r\n{\r\n    present-value: 2.000000\r\n}\r\nanalog-value #15\r\n{\r\n    present-value: 2.000000\r\n}\r\nanalog-value #16\r\n{\r\n    present-value: 2.000000\r\n}\r\nanalog-value #17\r\n{\r\n    present-value: 2.000000\r\n}\r\nanalog-value #18\r\n{\r\n    present-value: 2.000000\r\n}\r\nanalog-value #19\r\n{\r\n    present-value: 2.000000\r\n}\r\nanalog-value #20\r\n{\r\n    present-value: 2.000000\r\n}\r\nanalog-value #21\r\n{\r\n    present-value: 2.000000\r\n}\r\n']
[2018-02-03 11:57:35,200] SDC_ReadServer WARNING:The BACnet stack raw return is: ['analog-value #110\r\n{\r\n    present-value: 22.469999\r\n}\r\nanalog-value #112\r\n{\r\n    present-value: 63.700001\r\n}\r\nanalog-value #113\r\n{\r\n    present-value: 2.800000\r\n}\r\nanalog-value #114\r\n{\r\n    present-value: 202.000000\r\n}\r\nanalog-value #2\r\n{\r\n    present-value: 50.000000\r\n}\r\n', 'analog-value #4\r\n{\r\n    present-value: 115.409416\r\n}\r\n', 'analog-value #48\r\n{\r\n    present-value: 69.324783\r\n}\r\nanalog-value #31\r\n{\r\n    present-value: 69.000000\r\n}\r\n', 'analog-value #22\r\n{\r\n    present-value: 43.614590\r\n}\r\n', 'analog-value #7\r\n{\r\n    present-value: 2.000000\r\n}\r\nanalog-value #8\r\n{\r\n    present-value: 2.000000\r\n}\r\nanalog-value #9\r\n{\r\n    present-value: 2.000000\r\n}\r\nanalog-value #10\r\n{\r\n    present-value: 2.000000\r\n}\r\nanalog-value #11\r\n{\r\n    present-value: 2.000000\r\n}\r\nanalog-value #12\r\n{\r\n    present-value: 2.000000\r\n}\r\nanalog-value #13\r\n{\r\n    present-value: 2.000000\r\n}\r\nanalog-value #14\r\n{\r\n    present-value: 2.000000\r\n}\r\nanalog-value #15\r\n{\r\n    present-value: 2.000000\r\n}\r\nanalog-value #16\r\n{\r\n    present-value: 2.000000\r\n}\r\nanalog-value #17\r\n{\r\n    present-value: 2.000000\r\n}\r\nanalog-value #18\r\n{\r\n    present-value: 2.000000\r\n}\r\nanalog-value #19\r\n{\r\n    present-value: 2.000000\r\n}\r\nanalog-value #20\r\n{\r\n    present-value: 2.000000\r\n}\r\nanalog-value #21\r\n{\r\n    present-value: 2.000000\r\n}\r\n']
[2018-02-03 11:58:14,177] SDC_ReadServer INFO:Got connection from 127.0.0.1:43526
[2018-02-03 11:58:16,145] SDC_ReadServer INFO:Recived GETALL request from 127.0.0.1:43526
[2018-02-03 11:58:16,270] SDC_ReadServer DEBUG:Raw return from BACnet stack is analog-value #110
{
    present-value: 22.469999
}
analog-value #112
{
    present-value: 63.700001
}
analog-value #113
{
    present-value: 2.800000
}
analog-value #114
{
    present-value: 202.000000
}
analog-value #2
{
    present-value: 50.000000
}

[2018-02-03 11:58:16,369] SDC_ReadServer DEBUG:Raw return from BACnet stack is analog-value #4
{
    present-value: 115.409416
}

[2018-02-03 11:58:16,469] SDC_ReadServer DEBUG:Raw return from BACnet stack is analog-value #48
{
    present-value: 69.331985
}
analog-value #31
{
    present-value: 69.000000
}

[2018-02-03 11:58:16,575] SDC_ReadServer DEBUG:Raw return from BACnet stack is analog-value #22
{
    present-value: 43.676563
}

[2018-02-03 11:58:16,679] SDC_ReadServer DEBUG:Raw return from BACnet stack is analog-value #7
{
    present-value: 2.000000
}
analog-value #8
{
    present-value: 2.000000
}
analog-value #9
{
    present-value: 2.000000
}
analog-value #10
{
    present-value: 2.000000
}
analog-value #11
{
    present-value: 2.000000
}
analog-value #12
{
    present-value: 2.000000
}
analog-value #13
{
    present-value: 2.000000
}
analog-value #14
{
    present-value: 2.000000
}
analog-value #15
{
    present-value: 2.000000
}
analog-value #16
{
    present-value: 2.000000
}
analog-value #17
{
    present-value: 2.000000
}
analog-value #18
{
    present-value: 2.000000
}
analog-value #19
{
    present-value: 2.000000
}
analog-value #20
{
    present-value: 2.000000
}
analog-value #21
{
    present-value: 2.000000
}

[2018-02-03 11:58:16,680] SDC_ReadServer WARNING:Should read 25 values, but gets 24 values, the raw output from the BACnet stack is: ['analog-value #110\r\n{\r\n    present-value: 22.469999\r\n}\r\nanalog-value #112\r\n{\r\n    present-value: 63.700001\r\n}\r\nanalog-value #113\r\n{\r\n    present-value: 2.800000\r\n}\r\nanalog-value #114\r\n{\r\n    present-value: 202.000000\r\n}\r\nanalog-value #2\r\n{\r\n    present-value: 50.000000\r\n}\r\n', 'analog-value #4\r\n{\r\n    present-value: 115.409416\r\n}\r\n', 'analog-value #48\r\n{\r\n    present-value: 69.331985\r\n}\r\nanalog-value #31\r\n{\r\n    present-value: 69.000000\r\n}\r\n', 'analog-value #22\r\n{\r\n    present-value: 43.676563\r\n}\r\n', 'analog-value #7\r\n{\r\n    present-value: 2.000000\r\n}\r\nanalog-value #8\r\n{\r\n    present-value: 2.000000\r\n}\r\nanalog-value #9\r\n{\r\n    present-value: 2.000000\r\n}\r\nanalog-value #10\r\n{\r\n    present-value: 2.000000\r\n}\r\nanalog-value #11\r\n{\r\n    present-value: 2.000000\r\n}\r\nanalog-value #12\r\n{\r\n    present-value: 2.000000\r\n}\r\nanalog-value #13\r\n{\r\n    present-value: 2.000000\r\n}\r\nanalog-value #14\r\n{\r\n    present-value: 2.000000\r\n}\r\nanalog-value #15\r\n{\r\n    present-value: 2.000000\r\n}\r\nanalog-value #16\r\n{\r\n    present-value: 2.000000\r\n}\r\nanalog-value #17\r\n{\r\n    present-value: 2.000000\r\n}\r\nanalog-value #18\r\n{\r\n    present-value: 2.000000\r\n}\r\nanalog-value #19\r\n{\r\n    present-value: 2.000000\r\n}\r\nanalog-value #20\r\n{\r\n    present-value: 2.000000\r\n}\r\nanalog-value #21\r\n{\r\n    present-value: 2.000000\r\n}\r\n']
[2018-02-03 11:58:16,680] SDC_ReadServer WARNING:The BACnet stack raw return is: ['analog-value #110\r\n{\r\n    present-value: 22.469999\r\n}\r\nanalog-value #112\r\n{\r\n    present-value: 63.700001\r\n}\r\nanalog-value #113\r\n{\r\n    present-value: 2.800000\r\n}\r\nanalog-value #114\r\n{\r\n    present-value: 202.000000\r\n}\r\nanalog-value #2\r\n{\r\n    present-value: 50.000000\r\n}\r\n', 'analog-value #4\r\n{\r\n    present-value: 115.409416\r\n}\r\n', 'analog-value #48\r\n{\r\n    present-value: 69.331985\r\n}\r\nanalog-value #31\r\n{\r\n    present-value: 69.000000\r\n}\r\n', 'analog-value #22\r\n{\r\n    present-value: 43.676563\r\n}\r\n', 'analog-value #7\r\n{\r\n    present-value: 2.000000\r\n}\r\nanalog-value #8\r\n{\r\n    present-value: 2.000000\r\n}\r\nanalog-value #9\r\n{\r\n    present-value: 2.000000\r\n}\r\nanalog-value #10\r\n{\r\n    present-value: 2.000000\r\n}\r\nanalog-value #11\r\n{\r\n    present-value: 2.000000\r\n}\r\nanalog-value #12\r\n{\r\n    present-value: 2.000000\r\n}\r\nanalog-value #13\r\n{\r\n    present-value: 2.000000\r\n}\r\nanalog-value #14\r\n{\r\n    present-value: 2.000000\r\n}\r\nanalog-value #15\r\n{\r\n    present-value: 2.000000\r\n}\r\nanalog-value #16\r\n{\r\n    present-value: 2.000000\r\n}\r\nanalog-value #17\r\n{\r\n    present-value: 2.000000\r\n}\r\nanalog-value #18\r\n{\r\n    present-value: 2.000000\r\n}\r\nanalog-value #19\r\n{\r\n    present-value: 2.000000\r\n}\r\nanalog-value #20\r\n{\r\n    present-value: 2.000000\r\n}\r\nanalog-value #21\r\n{\r\n    present-value: 2.000000\r\n}\r\n']
