[2018-01-29 11:45:23,249] SDC_ReadServer DEBUG:rpCmds:[['./SDCServer/bacnet/bacnet-stack-0.8.5/bin/bacrpm', '701101', '2', '110', '85', '2', '112', '85', '2', '113', '85', '2', '114', '85', '2', '2', '85'], ['./SDCServer/bacnet/bacnet-stack-0.8.5/bin/bacrpm', '701102', '2', '4', '85'], ['./SDCServer/bacnet/bacnet-stack-0.8.5/bin/bacrpm', '701104', '2', '48', '85', '2', '31', '85'], ['./SDCServer/bacnet/bacnet-stack-0.8.5/bin/bacrpm', '701102', '2', '58', '85'], ['./SDCServer/bacnet/bacnet-stack-0.8.5/bin/bacrpm', '701105', '2', '7', '85', '2', '8', '85', '2', '9', '85', '2', '10', '85', '2', '11', '85', '2', '12', '85', '2', '13', '85', '2', '14', '85', '2', '15', '85', '2', '16', '85', '2', '17', '85', '2', '18', '85', '2', '19', '85', '2', '20', '85', '2', '21', '85']]
[2018-01-29 11:45:23,250] SDC_ReadServer INFO:Server starts at 0.0.0.0:61221
[2018-01-29 11:45:33,990] SDC_ReadServer INFO:Got connection from 127.0.0.1:36172
[2018-01-29 11:45:35,894] SDC_ReadServer INFO:Recived GETALL request from 127.0.0.1:36172
[2018-01-29 11:45:35,990] SDC_ReadServer DEBUG:Raw return from BACnet stack is analog-value #110
{
    present-value: 38.130001
}
analog-value #112
{
    present-value: 71.300003
}
analog-value #113
{
    present-value: 0.000000
}
analog-value #114
{
    present-value: 42.000000
}
analog-value #2
{
    present-value: 50.000000
}

[2018-01-29 11:45:36,088] SDC_ReadServer DEBUG:Raw return from BACnet stack is analog-value #4
{
    present-value: 99.397392
}

[2018-01-29 11:45:36,188] SDC_ReadServer DEBUG:Raw return from BACnet stack is analog-value #48
{
    present-value: 73.104782
}
analog-value #31
{
    present-value: 73.000000
}

[2018-01-29 11:45:36,287] SDC_ReadServer DEBUG:Raw return from BACnet stack is analog-value #58
{
    present-value: 6.423401
}

[2018-01-29 11:45:36,389] SDC_ReadServer DEBUG:Raw return from BACnet stack is analog-value #7
{
    present-value: 2.000000
}
analog-value #8
{
    present-value: 2.000000
}
analog-value #9
{
    present-value: 2.000000
}
analog-value #10
{
    present-value: 2.000000
}
analog-value #11
{
    present-value: 2.000000
}
analog-value #12
{
    present-value: 2.000000
}
analog-value #13
{
    present-value: 2.000000
}
analog-value #14
{
    present-value: 2.000000
}
analog-value #15
{
    present-value: 2.000000
}
analog-value #16
{
    present-value: 2.000000
}
analog-value #17
{
    present-value: 2.000000
}
analog-value #18
{
    present-value: 2.000000
}
analog-value #19
{
    present-value: 2.000000
}
analog-value #20
{
    present-value: 2.000000
}
analog-value #21
{
    present-value: 2.000000
}

[2018-01-29 11:45:36,390] SDC_ReadServer INFO:Read success!
[2018-01-29 11:46:50,582] SDC_ReadServer INFO:Got connection from 127.0.0.1:36176
[2018-01-29 11:46:55,830] SDC_ReadServer INFO:Recived GETAMV request from 127.0.0.1:36176
[2018-01-29 11:46:56,013] SDC_ReadServer DEBUG:Raw return from BACnet stack is analog-value #7
{
    present-value: 2.000000
}
analog-value #8
{
    present-value: 2.000000
}
analog-value #9
{
    present-value: 2.000000
}
analog-value #10
{
    present-value: 2.000000
}
analog-value #11
{
    present-value: 2.000000
}
analog-value #12
{
    present-value: 2.000000
}
analog-value #13
{
    present-value: 2.000000
}
analog-value #14
{
    present-value: 2.000000
}
analog-value #15
{
    present-value: 2.000000
}
analog-value #16
{
    present-value: 2.000000
}
analog-value #17
{
    present-value: 2.000000
}
analog-value #18
{
    present-value: 2.000000
}
analog-value #19
{
    present-value: 2.000000
}
analog-value #20
{
    present-value: 2.000000
}
analog-value #21
{
    present-value: 2.000000
}

[2018-01-29 11:46:56,014] SDC_ReadServer INFO:Read success!
[2018-01-29 11:54:45,101] SDC_ReadServer INFO:Got connection from 127.0.0.1:36208
[2018-01-29 11:54:45,101] SDC_ReadServer INFO:Recived GETALL request from 127.0.0.1:36208
[2018-01-29 11:54:45,199] SDC_ReadServer DEBUG:Raw return from BACnet stack is analog-value #110
{
    present-value: 40.110001
}
analog-value #112
{
    present-value: 69.699997
}
analog-value #113
{
    present-value: 0.000000
}
analog-value #114
{
    present-value: 272.000000
}
analog-value #2
{
    present-value: 50.000000
}

[2018-01-29 11:54:45,297] SDC_ReadServer DEBUG:Raw return from BACnet stack is analog-value #4
{
    present-value: 96.657387
}

[2018-01-29 11:54:45,396] SDC_ReadServer DEBUG:Raw return from BACnet stack is analog-value #48
{
    present-value: 73.183990
}
analog-value #31
{
    present-value: 73.000000
}

[2018-01-29 11:54:45,496] SDC_ReadServer DEBUG:Raw return from BACnet stack is analog-value #58
{
    present-value: 6.423401
}

[2018-01-29 11:54:45,599] SDC_ReadServer DEBUG:Raw return from BACnet stack is analog-value #7
{
    present-value: 2.000000
}
analog-value #8
{
    present-value: 2.000000
}
analog-value #9
{
    present-value: 2.000000
}
analog-value #10
{
    present-value: 2.000000
}
analog-value #11
{
    present-value: 2.000000
}
analog-value #12
{
    present-value: 2.000000
}
analog-value #13
{
    present-value: 2.000000
}
analog-value #14
{
    present-value: 2.000000
}
analog-value #15
{
    present-value: 2.000000
}
analog-value #16
{
    present-value: 2.000000
}
analog-value #17
{
    present-value: 2.000000
}
analog-value #18
{
    present-value: 2.000000
}
analog-value #19
{
    present-value: 2.000000
}
analog-value #20
{
    present-value: 2.000000
}
analog-value #21
{
    present-value: 2.000000
}

[2018-01-29 11:54:45,599] SDC_ReadServer INFO:Read success!
[2018-01-29 12:01:20,324] SDC_ReadServer INFO:Got connection from 127.0.0.1:36656
[2018-01-29 12:01:20,325] SDC_ReadServer INFO:Recived GETALL request from 127.0.0.1:36656
[2018-01-29 12:01:20,424] SDC_ReadServer DEBUG:Raw return from BACnet stack is analog-value #110
{
    present-value: 40.110001
}
analog-value #112
{
    present-value: 69.699997
}
analog-value #113
{
    present-value: 0.000000
}
analog-value #114
{
    present-value: 272.000000
}
analog-value #2
{
    present-value: 50.000000
}

[2018-01-29 12:01:20,524] SDC_ReadServer DEBUG:Raw return from BACnet stack is analog-value #4
{
    present-value: 96.513382
}

[2018-01-29 12:01:20,638] SDC_ReadServer DEBUG:Raw return from BACnet stack is analog-value #48
{
    present-value: 73.198387
}
analog-value #31
{
    present-value: 73.000000
}

[2018-01-29 12:01:20,739] SDC_ReadServer DEBUG:Raw return from BACnet stack is analog-value #58
{
    present-value: 6.423401
}

[2018-01-29 12:01:20,887] SDC_ReadServer DEBUG:Raw return from BACnet stack is analog-value #7
{
    present-value: 2.000000
}
analog-value #8
{
    present-value: 2.000000
}
analog-value #9
{
    present-value: 2.000000
}
analog-value #10
{
    present-value: 2.000000
}
analog-value #11
{
    present-value: 2.000000
}
analog-value #12
{
    present-value: 2.000000
}
analog-value #13
{
    present-value: 2.000000
}
analog-value #14
{
    present-value: 2.000000
}
analog-value #15
{
    present-value: 2.000000
}
analog-value #16
{
    present-value: 2.000000
}
analog-value #17
{
    present-value: 2.000000
}
analog-value #18
{
    present-value: 2.000000
}
analog-value #19
{
    present-value: 2.000000
}
analog-value #20
{
    present-value: 2.000000
}
analog-value #21
{
    present-value: 2.000000
}

[2018-01-29 12:01:20,888] SDC_ReadServer INFO:Read success!
[2018-01-29 12:02:20,757] SDC_ReadServer INFO:Got connection from 127.0.0.1:36660
[2018-01-29 12:02:20,757] SDC_ReadServer INFO:Recived GETALL request from 127.0.0.1:36660
[2018-01-29 12:02:20,853] SDC_ReadServer DEBUG:Raw return from BACnet stack is analog-value #110
{
    present-value: 40.110001
}
analog-value #112
{
    present-value: 69.699997
}
analog-value #113
{
    present-value: 0.000000
}
analog-value #114
{
    present-value: 272.000000
}
analog-value #2
{
    present-value: 50.000000
}

[2018-01-29 12:02:20,993] SDC_ReadServer DEBUG:Raw return from BACnet stack is analog-value #4
{
    present-value: 96.369377
}

[2018-01-29 12:02:21,095] SDC_ReadServer DEBUG:Raw return from BACnet stack is analog-value #48
{
    present-value: 73.212791
}
analog-value #31
{
    present-value: 73.000000
}

[2018-01-29 12:02:21,193] SDC_ReadServer DEBUG:Raw return from BACnet stack is analog-value #58
{
    present-value: 6.423401
}

[2018-01-29 12:02:21,297] SDC_ReadServer DEBUG:Raw return from BACnet stack is analog-value #7
{
    present-value: 2.000000
}
analog-value #8
{
    present-value: 2.000000
}
analog-value #9
{
    present-value: 2.000000
}
analog-value #10
{
    present-value: 2.000000
}
analog-value #11
{
    present-value: 2.000000
}
analog-value #12
{
    present-value: 2.000000
}
analog-value #13
{
    present-value: 2.000000
}
analog-value #14
{
    present-value: 2.000000
}
analog-value #15
{
    present-value: 2.000000
}
analog-value #16
{
    present-value: 2.000000
}
analog-value #17
{
    present-value: 2.000000
}
analog-value #18
{
    present-value: 2.000000
}
analog-value #19
{
    present-value: 2.000000
}
analog-value #20
{
    present-value: 2.000000
}
analog-value #21
{
    present-value: 2.000000
}

[2018-01-29 12:02:21,297] SDC_ReadServer INFO:Read success!
[2018-01-29 12:03:17,581] SDC_ReadServer INFO:Got connection from 127.0.0.1:36672
[2018-01-29 12:03:17,581] SDC_ReadServer INFO:Recived GETALL request from 127.0.0.1:36672
[2018-01-29 12:03:17,682] SDC_ReadServer DEBUG:Raw return from BACnet stack is analog-value #110
{
    present-value: 40.110001
}
analog-value #112
{
    present-value: 69.699997
}
analog-value #113
{
    present-value: 0.000000
}
analog-value #114
{
    present-value: 272.000000
}
analog-value #2
{
    present-value: 50.000000
}

[2018-01-29 12:03:17,841] SDC_ReadServer DEBUG:Raw return from BACnet stack is analog-value #4
{
    present-value: 96.369377
}

[2018-01-29 12:03:17,946] SDC_ReadServer DEBUG:Raw return from BACnet stack is analog-value #48
{
    present-value: 73.198395
}
analog-value #31
{
    present-value: 73.000000
}

[2018-01-29 12:03:18,046] SDC_ReadServer DEBUG:Raw return from BACnet stack is analog-value #58
{
    present-value: 6.423401
}

[2018-01-29 12:03:18,185] SDC_ReadServer DEBUG:Raw return from BACnet stack is analog-value #7
{
    present-value: 2.000000
}
analog-value #8
{
    present-value: 2.000000
}
analog-value #9
{
    present-value: 2.000000
}
analog-value #10
{
    present-value: 2.000000
}
analog-value #11
{
    present-value: 2.000000
}
analog-value #12
{
    present-value: 2.000000
}
analog-value #13
{
    present-value: 2.000000
}
analog-value #14
{
    present-value: 2.000000
}
analog-value #15
{
    present-value: 2.000000
}
analog-value #16
{
    present-value: 2.000000
}
analog-value #17
{
    present-value: 2.000000
}
analog-value #18
{
    present-value: 2.000000
}
analog-value #19
{
    present-value: 2.000000
}
analog-value #20
{
    present-value: 2.000000
}
analog-value #21
{
    present-value: 2.000000
}

[2018-01-29 12:03:18,186] SDC_ReadServer INFO:Read success!
[2018-01-29 12:03:51,516] SDC_ReadServer INFO:Got connection from 127.0.0.1:36674
[2018-01-29 12:03:51,516] SDC_ReadServer INFO:Recived GETALL request from 127.0.0.1:36674
[2018-01-29 12:03:51,612] SDC_ReadServer DEBUG:Raw return from BACnet stack is analog-value #110
{
    present-value: 40.110001
}
analog-value #112
{
    present-value: 69.699997
}
analog-value #113
{
    present-value: 0.000000
}
analog-value #114
{
    present-value: 272.000000
}
analog-value #2
{
    present-value: 50.000000
}

[2018-01-29 12:03:51,711] SDC_ReadServer DEBUG:Raw return from BACnet stack is analog-value #4
{
    present-value: 96.369377
}

[2018-01-29 12:03:51,809] SDC_ReadServer DEBUG:Raw return from BACnet stack is analog-value #48
{
    present-value: 73.234390
}
analog-value #31
{
    present-value: 73.000000
}

[2018-01-29 12:03:51,906] SDC_ReadServer DEBUG:Raw return from BACnet stack is analog-value #58
{
    present-value: 6.423401
}

[2018-01-29 12:03:52,009] SDC_ReadServer DEBUG:Raw return from BACnet stack is analog-value #7
{
    present-value: 2.000000
}
analog-value #8
{
    present-value: 2.000000
}
analog-value #9
{
    present-value: 2.000000
}
analog-value #10
{
    present-value: 2.000000
}
analog-value #11
{
    present-value: 2.000000
}
analog-value #12
{
    present-value: 2.000000
}
analog-value #13
{
    present-value: 2.000000
}
analog-value #14
{
    present-value: 2.000000
}
analog-value #15
{
    present-value: 2.000000
}
analog-value #16
{
    present-value: 2.000000
}
analog-value #17
{
    present-value: 2.000000
}
analog-value #18
{
    present-value: 2.000000
}
analog-value #19
{
    present-value: 2.000000
}
analog-value #20
{
    present-value: 2.000000
}
analog-value #21
{
    present-value: 2.000000
}

[2018-01-29 12:03:52,010] SDC_ReadServer INFO:Read success!
[2018-01-29 12:04:51,452] SDC_ReadServer INFO:Got connection from 127.0.0.1:36682
[2018-01-29 12:04:51,453] SDC_ReadServer INFO:Recived GETALL request from 127.0.0.1:36682
[2018-01-29 12:04:51,551] SDC_ReadServer DEBUG:Raw return from BACnet stack is analog-value #110
{
    present-value: 40.110001
}
analog-value #112
{
    present-value: 69.699997
}
analog-value #113
{
    present-value: 0.000000
}
analog-value #114
{
    present-value: 272.000000
}
analog-value #2
{
    present-value: 50.000000
}

[2018-01-29 12:04:51,659] SDC_ReadServer DEBUG:Raw return from BACnet stack is analog-value #4
{
    present-value: 96.369377
}

[2018-01-29 12:04:51,777] SDC_ReadServer DEBUG:Raw return from BACnet stack is analog-value #48
{
    present-value: 73.212784
}
analog-value #31
{
    present-value: 73.000000
}

[2018-01-29 12:04:51,875] SDC_ReadServer DEBUG:Raw return from BACnet stack is analog-value #58
{
    present-value: 6.423401
}

[2018-01-29 12:04:51,979] SDC_ReadServer DEBUG:Raw return from BACnet stack is analog-value #7
{
    present-value: 2.000000
}
analog-value #8
{
    present-value: 2.000000
}
analog-value #9
{
    present-value: 2.000000
}
analog-value #10
{
    present-value: 2.000000
}
analog-value #11
{
    present-value: 2.000000
}
analog-value #12
{
    present-value: 2.000000
}
analog-value #13
{
    present-value: 2.000000
}
analog-value #14
{
    present-value: 2.000000
}
analog-value #15
{
    present-value: 2.000000
}
analog-value #16
{
    present-value: 2.000000
}
analog-value #17
{
    present-value: 2.000000
}
analog-value #18
{
    present-value: 2.000000
}
analog-value #19
{
    present-value: 2.000000
}
analog-value #20
{
    present-value: 2.000000
}
analog-value #21
{
    present-value: 2.000000
}

[2018-01-29 12:04:51,979] SDC_ReadServer INFO:Read success!
[2018-01-29 12:05:49,004] SDC_ReadServer INFO:Got connection from 127.0.0.1:36688
[2018-01-29 12:05:49,004] SDC_ReadServer INFO:Recived GETALL request from 127.0.0.1:36688
[2018-01-29 12:05:49,100] SDC_ReadServer DEBUG:Raw return from BACnet stack is analog-value #110
{
    present-value: 40.110001
}
analog-value #112
{
    present-value: 69.699997
}
analog-value #113
{
    present-value: 0.000000
}
analog-value #114
{
    present-value: 272.000000
}
analog-value #2
{
    present-value: 50.000000
}

[2018-01-29 12:05:49,198] SDC_ReadServer DEBUG:Raw return from BACnet stack is analog-value #4
{
    present-value: 96.045395
}

[2018-01-29 12:05:49,296] SDC_ReadServer DEBUG:Raw return from BACnet stack is analog-value #48
{
    present-value: 73.277588
}
analog-value #31
{
    present-value: 73.000000
}

[2018-01-29 12:05:49,393] SDC_ReadServer DEBUG:Raw return from BACnet stack is analog-value #58
{
    present-value: 6.423401
}

[2018-01-29 12:05:49,497] SDC_ReadServer DEBUG:Raw return from BACnet stack is analog-value #7
{
    present-value: 2.000000
}
analog-value #8
{
    present-value: 2.000000
}
analog-value #9
{
    present-value: 2.000000
}
analog-value #10
{
    present-value: 2.000000
}
analog-value #11
{
    present-value: 2.000000
}
analog-value #12
{
    present-value: 2.000000
}
analog-value #13
{
    present-value: 2.000000
}
analog-value #14
{
    present-value: 2.000000
}
analog-value #15
{
    present-value: 2.000000
}
analog-value #16
{
    present-value: 2.000000
}
analog-value #17
{
    present-value: 2.000000
}
analog-value #18
{
    present-value: 2.000000
}
analog-value #19
{
    present-value: 2.000000
}
analog-value #20
{
    present-value: 2.000000
}
analog-value #21
{
    present-value: 2.000000
}

[2018-01-29 12:05:49,498] SDC_ReadServer INFO:Read success!
[2018-01-29 12:06:49,156] SDC_ReadServer INFO:Got connection from 127.0.0.1:36692
[2018-01-29 12:06:49,156] SDC_ReadServer INFO:Recived GETALL request from 127.0.0.1:36692
[2018-01-29 12:06:49,300] SDC_ReadServer DEBUG:Raw return from BACnet stack is analog-value #110
{
    present-value: 40.110001
}
analog-value #112
{
    present-value: 69.699997
}
analog-value #113
{
    present-value: 0.000000
}
analog-value #114
{
    present-value: 272.000000
}
analog-value #2
{
    present-value: 50.000000
}

[2018-01-29 12:06:49,397] SDC_ReadServer DEBUG:Raw return from BACnet stack is analog-value #4
{
    present-value: 96.045395
}

[2018-01-29 12:06:49,495] SDC_ReadServer DEBUG:Raw return from BACnet stack is analog-value #48
{
    present-value: 73.255989
}
analog-value #31
{
    present-value: 73.000000
}

[2018-01-29 12:06:49,593] SDC_ReadServer DEBUG:Raw return from BACnet stack is analog-value #58
{
    present-value: 6.423401
}

[2018-01-29 12:06:49,702] SDC_ReadServer DEBUG:Raw return from BACnet stack is analog-value #7
{
    present-value: 2.000000
}
analog-value #8
{
    present-value: 2.000000
}
analog-value #9
{
    present-value: 2.000000
}
analog-value #10
{
    present-value: 2.000000
}
analog-value #11
{
    present-value: 2.000000
}
analog-value #12
{
    present-value: 2.000000
}
analog-value #13
{
    present-value: 2.000000
}
analog-value #14
{
    present-value: 2.000000
}
analog-value #15
{
    present-value: 2.000000
}
analog-value #16
{
    present-value: 2.000000
}
analog-value #17
{
    present-value: 2.000000
}
analog-value #18
{
    present-value: 2.000000
}
analog-value #19
{
    present-value: 2.000000
}
analog-value #20
{
    present-value: 2.000000
}
analog-value #21
{
    present-value: 2.000000
}

[2018-01-29 12:06:49,702] SDC_ReadServer INFO:Read success!
[2018-01-29 12:20:20,986] SDC_ReadServer INFO:Got connection from 127.0.0.1:36742
[2018-01-29 12:20:20,986] SDC_ReadServer INFO:Recived GETALL request from 127.0.0.1:36742
[2018-01-29 12:20:21,085] SDC_ReadServer DEBUG:Raw return from BACnet stack is analog-value #110
{
    present-value: 40.110001
}
analog-value #112
{
    present-value: 69.699997
}
analog-value #113
{
    present-value: 0.000000
}
analog-value #114
{
    present-value: 272.000000
}
analog-value #2
{
    present-value: 50.000000
}

[2018-01-29 12:20:21,182] SDC_ReadServer DEBUG:Raw return from BACnet stack is analog-value #4
{
    present-value: 95.901390
}

[2018-01-29 12:20:21,283] SDC_ReadServer DEBUG:Raw return from BACnet stack is analog-value #48
{
    present-value: 73.349579
}
analog-value #31
{
    present-value: 73.000000
}

[2018-01-29 12:20:21,381] SDC_ReadServer DEBUG:Raw return from BACnet stack is analog-value #58
{
    present-value: 6.423401
}

[2018-01-29 12:20:21,503] SDC_ReadServer DEBUG:Raw return from BACnet stack is analog-value #7
{
    present-value: 2.000000
}
analog-value #8
{
    present-value: 2.000000
}
analog-value #9
{
    present-value: 2.000000
}
analog-value #10
{
    present-value: 2.000000
}
analog-value #11
{
    present-value: 2.000000
}
analog-value #12
{
    present-value: 2.000000
}
analog-value #13
{
    present-value: 2.000000
}
analog-value #14
{
    present-value: 2.000000
}
analog-value #15
{
    present-value: 2.000000
}
analog-value #16
{
    present-value: 2.000000
}
analog-value #17
{
    present-value: 2.000000
}
analog-value #18
{
    present-value: 2.000000
}
analog-value #19
{
    present-value: 2.000000
}
analog-value #20
{
    present-value: 2.000000
}
analog-value #21
{
    present-value: 2.000000
}

[2018-01-29 12:20:21,504] SDC_ReadServer INFO:Read success!
[2018-01-29 12:22:42,649] SDC_ReadServer INFO:Got connection from 127.0.0.1:36750
[2018-01-29 12:22:42,650] SDC_ReadServer INFO:Recived GETALL request from 127.0.0.1:36750
[2018-01-29 12:22:42,748] SDC_ReadServer DEBUG:Raw return from BACnet stack is analog-value #110
{
    present-value: 41.040001
}
analog-value #112
{
    present-value: 67.199997
}
analog-value #113
{
    present-value: 0.000000
}
analog-value #114
{
    present-value: 110.000000
}
analog-value #2
{
    present-value: 50.000000
}

[2018-01-29 12:22:42,849] SDC_ReadServer DEBUG:Raw return from BACnet stack is analog-value #4
{
    present-value: 95.721413
}

[2018-01-29 12:22:42,955] SDC_ReadServer DEBUG:Raw return from BACnet stack is analog-value #48
{
    present-value: 73.349579
}
analog-value #31
{
    present-value: 73.000000
}

[2018-01-29 12:22:43,053] SDC_ReadServer DEBUG:Raw return from BACnet stack is analog-value #58
{
    present-value: 6.423401
}

[2018-01-29 12:22:43,215] SDC_ReadServer DEBUG:Raw return from BACnet stack is analog-value #7
{
    present-value: 2.000000
}
analog-value #8
{
    present-value: 2.000000
}
analog-value #9
{
    present-value: 2.000000
}
analog-value #10
{
    present-value: 2.000000
}
analog-value #11
{
    present-value: 2.000000
}
analog-value #12
{
    present-value: 2.000000
}
analog-value #13
{
    present-value: 2.000000
}
analog-value #14
{
    present-value: 2.000000
}
analog-value #15
{
    present-value: 2.000000
}
analog-value #16
{
    present-value: 2.000000
}
analog-value #17
{
    present-value: 2.000000
}
analog-value #18
{
    present-value: 2.000000
}
analog-value #19
{
    present-value: 2.000000
}
analog-value #20
{
    present-value: 2.000000
}
analog-value #21
{
    present-value: 2.000000
}

[2018-01-29 12:22:43,215] SDC_ReadServer INFO:Read success!
[2018-01-29 12:23:24,833] SDC_ReadServer INFO:Got connection from 127.0.0.1:36756
[2018-01-29 12:23:24,833] SDC_ReadServer INFO:Recived GETALL request from 127.0.0.1:36756
[2018-01-29 12:23:24,931] SDC_ReadServer DEBUG:Raw return from BACnet stack is analog-value #110
{
    present-value: 41.040001
}
analog-value #112
{
    present-value: 67.199997
}
analog-value #113
{
    present-value: 0.000000
}
analog-value #114
{
    present-value: 110.000000
}
analog-value #2
{
    present-value: 50.000000
}

[2018-01-29 12:23:25,028] SDC_ReadServer DEBUG:Raw return from BACnet stack is analog-value #4
{
    present-value: 95.721413
}

[2018-01-29 12:23:25,129] SDC_ReadServer DEBUG:Raw return from BACnet stack is analog-value #48
{
    present-value: 73.349579
}
analog-value #31
{
    present-value: 73.000000
}

[2018-01-29 12:23:25,228] SDC_ReadServer DEBUG:Raw return from BACnet stack is analog-value #58
{
    present-value: 6.423401
}

[2018-01-29 12:23:25,334] SDC_ReadServer DEBUG:Raw return from BACnet stack is analog-value #7
{
    present-value: 2.000000
}
analog-value #8
{
    present-value: 2.000000
}
analog-value #9
{
    present-value: 2.000000
}
analog-value #10
{
    present-value: 2.000000
}
analog-value #11
{
    present-value: 2.000000
}
analog-value #12
{
    present-value: 2.000000
}
analog-value #13
{
    present-value: 2.000000
}
analog-value #14
{
    present-value: 2.000000
}
analog-value #15
{
    present-value: 2.000000
}
analog-value #16
{
    present-value: 2.000000
}
analog-value #17
{
    present-value: 2.000000
}
analog-value #18
{
    present-value: 2.000000
}
analog-value #19
{
    present-value: 2.000000
}
analog-value #20
{
    present-value: 2.000000
}
analog-value #21
{
    present-value: 2.000000
}

[2018-01-29 12:23:25,334] SDC_ReadServer INFO:Read success!
[2018-01-29 14:30:00,072] SDC_ReadServer INFO:Got connection from 127.0.0.1:37110
[2018-01-29 14:30:00,072] SDC_ReadServer INFO:Recived GETALL request from 127.0.0.1:37110
[2018-01-29 14:30:00,179] SDC_ReadServer DEBUG:Raw return from BACnet stack is analog-value #110
{
    present-value: 46.080002
}
analog-value #112
{
    present-value: 57.599998
}
analog-value #113
{
    present-value: 0.000000
}
analog-value #114
{
    present-value: 215.000000
}
analog-value #2
{
    present-value: 50.000000
}

[2018-01-29 14:30:00,310] SDC_ReadServer DEBUG:Raw return from BACnet stack is analog-value #4
{
    present-value: 88.344070
}

[2018-01-29 14:30:00,410] SDC_ReadServer DEBUG:Raw return from BACnet stack is analog-value #48
{
    present-value: 73.709587
}
analog-value #31
{
    present-value: 73.000000
}

[2018-01-29 14:30:00,509] SDC_ReadServer DEBUG:Raw return from BACnet stack is analog-value #58
{
    present-value: 6.423401
}

[2018-01-29 14:30:00,616] SDC_ReadServer DEBUG:Raw return from BACnet stack is analog-value #7
{
    present-value: 2.000000
}
analog-value #8
{
    present-value: 2.000000
}
analog-value #9
{
    present-value: 2.000000
}
analog-value #10
{
    present-value: 2.000000
}
analog-value #11
{
    present-value: 2.000000
}
analog-value #12
{
    present-value: 2.000000
}
analog-value #13
{
    present-value: 2.000000
}
analog-value #14
{
    present-value: 2.000000
}
analog-value #15
{
    present-value: 2.000000
}
analog-value #16
{
    present-value: 2.000000
}
analog-value #17
{
    present-value: 2.000000
}
analog-value #18
{
    present-value: 2.000000
}
analog-value #19
{
    present-value: 2.000000
}
analog-value #20
{
    present-value: 2.000000
}
analog-value #21
{
    present-value: 2.000000
}

[2018-01-29 14:30:00,616] SDC_ReadServer INFO:Read success!
[2018-01-29 14:32:18,208] SDC_ReadServer INFO:Got connection from 127.0.0.1:37120
[2018-01-29 14:32:18,208] SDC_ReadServer INFO:Recived GETALL request from 127.0.0.1:37120
[2018-01-29 14:32:18,307] SDC_ReadServer DEBUG:Raw return from BACnet stack is analog-value #110
{
    present-value: 46.080002
}
analog-value #112
{
    present-value: 57.599998
}
analog-value #113
{
    present-value: 0.000000
}
analog-value #114
{
    present-value: 215.000000
}
analog-value #2
{
    present-value: 50.000000
}

[2018-01-29 14:32:18,412] SDC_ReadServer DEBUG:Raw return from BACnet stack is analog-value #4
{
    present-value: 88.344070
}

[2018-01-29 14:32:18,622] SDC_ReadServer DEBUG:Raw return from BACnet stack is analog-value #48
{
    present-value: 73.731186
}
analog-value #31
{
    present-value: 73.000000
}

[2018-01-29 14:32:18,752] SDC_ReadServer DEBUG:Raw return from BACnet stack is analog-value #58
{
    present-value: 6.423401
}

[2018-01-29 14:32:18,878] SDC_ReadServer DEBUG:Raw return from BACnet stack is analog-value #7
{
    present-value: 2.000000
}
analog-value #8
{
    present-value: 2.000000
}
analog-value #9
{
    present-value: 2.000000
}
analog-value #10
{
    present-value: 2.000000
}
analog-value #11
{
    present-value: 2.000000
}
analog-value #12
{
    present-value: 2.000000
}
analog-value #13
{
    present-value: 2.000000
}
analog-value #14
{
    present-value: 2.000000
}
analog-value #15
{
    present-value: 2.000000
}
analog-value #16
{
    present-value: 2.000000
}
analog-value #17
{
    present-value: 2.000000
}
analog-value #18
{
    present-value: 2.000000
}
analog-value #19
{
    present-value: 2.000000
}
analog-value #20
{
    present-value: 2.000000
}
analog-value #21
{
    present-value: 2.000000
}

[2018-01-29 14:32:18,878] SDC_ReadServer INFO:Read success!
[2018-01-29 14:32:36,552] SDC_ReadServer INFO:Got connection from 127.0.0.1:37126
[2018-01-29 14:32:36,552] SDC_ReadServer INFO:Recived GETAMV request from 127.0.0.1:37126
[2018-01-29 14:32:36,688] SDC_ReadServer DEBUG:Raw return from BACnet stack is analog-value #7
{
    present-value: 2.000000
}
analog-value #8
{
    present-value: 2.000000
}
analog-value #9
{
    present-value: 2.000000
}
analog-value #10
{
    present-value: 2.000000
}
analog-value #11
{
    present-value: 2.000000
}
analog-value #12
{
    present-value: 2.000000
}
analog-value #13
{
    present-value: 2.000000
}
analog-value #14
{
    present-value: 2.000000
}
analog-value #15
{
    present-value: 2.000000
}
analog-value #16
{
    present-value: 2.000000
}
analog-value #17
{
    present-value: 2.000000
}
analog-value #18
{
    present-value: 2.000000
}
analog-value #19
{
    present-value: 2.000000
}
analog-value #20
{
    present-value: 2.000000
}
analog-value #21
{
    present-value: 2.000000
}

[2018-01-29 14:32:36,688] SDC_ReadServer INFO:Read success!
[2018-01-29 14:33:17,880] SDC_ReadServer INFO:Got connection from 127.0.0.1:37130
[2018-01-29 14:33:17,881] SDC_ReadServer INFO:Recived GETALL request from 127.0.0.1:37130
[2018-01-29 14:33:17,976] SDC_ReadServer DEBUG:Raw return from BACnet stack is analog-value #110
{
    present-value: 46.080002
}
analog-value #112
{
    present-value: 57.599998
}
analog-value #113
{
    present-value: 0.000000
}
analog-value #114
{
    present-value: 215.000000
}
analog-value #2
{
    present-value: 50.000000
}

[2018-01-29 14:33:18,076] SDC_ReadServer DEBUG:Raw return from BACnet stack is analog-value #4
{
    present-value: 88.344070
}

[2018-01-29 14:33:18,175] SDC_ReadServer DEBUG:Raw return from BACnet stack is analog-value #48
{
    present-value: 73.716789
}
analog-value #31
{
    present-value: 73.000000
}

[2018-01-29 14:33:18,281] SDC_ReadServer DEBUG:Raw return from BACnet stack is analog-value #58
{
    present-value: 6.423401
}

[2018-01-29 14:33:18,387] SDC_ReadServer DEBUG:Raw return from BACnet stack is analog-value #7
{
    present-value: 2.000000
}
analog-value #8
{
    present-value: 2.000000
}
analog-value #9
{
    present-value: 2.000000
}
analog-value #10
{
    present-value: 2.000000
}
analog-value #11
{
    present-value: 2.000000
}
analog-value #12
{
    present-value: 2.000000
}
analog-value #13
{
    present-value: 2.000000
}
analog-value #14
{
    present-value: 2.000000
}
analog-value #15
{
    present-value: 2.000000
}
analog-value #16
{
    present-value: 2.000000
}
analog-value #17
{
    present-value: 2.000000
}
analog-value #18
{
    present-value: 2.000000
}
analog-value #19
{
    present-value: 2.000000
}
analog-value #20
{
    present-value: 2.000000
}
analog-value #21
{
    present-value: 2.000000
}

[2018-01-29 14:33:18,388] SDC_ReadServer INFO:Read success!
[2018-01-29 14:33:23,768] SDC_ReadServer INFO:Got connection from 127.0.0.1:37134
[2018-01-29 14:33:23,768] SDC_ReadServer INFO:Recived GETAMV request from 127.0.0.1:37134
[2018-01-29 14:33:23,917] SDC_ReadServer DEBUG:Raw return from BACnet stack is analog-value #7
{
    present-value: 2.000000
}
analog-value #8
{
    present-value: 2.000000
}
analog-value #9
{
    present-value: 2.000000
}
analog-value #10
{
    present-value: 2.000000
}
analog-value #11
{
    present-value: 2.000000
}
analog-value #12
{
    present-value: 2.000000
}
analog-value #13
{
    present-value: 2.000000
}
analog-value #14
{
    present-value: 2.000000
}
analog-value #15
{
    present-value: 2.000000
}
analog-value #16
{
    present-value: 2.000000
}
analog-value #17
{
    present-value: 2.000000
}
analog-value #18
{
    present-value: 2.000000
}
analog-value #19
{
    present-value: 2.000000
}
analog-value #20
{
    present-value: 2.000000
}
analog-value #21
{
    present-value: 2.000000
}

[2018-01-29 14:33:23,917] SDC_ReadServer INFO:Read success!
[2018-01-29 14:33:46,928] SDC_ReadServer INFO:Got connection from 127.0.0.1:37138
[2018-01-29 14:33:46,928] SDC_ReadServer INFO:Recived GETAMV request from 127.0.0.1:37138
[2018-01-29 14:33:47,032] SDC_ReadServer DEBUG:Raw return from BACnet stack is analog-value #7
{
    present-value: 2.000000
}
analog-value #8
{
    present-value: 2.000000
}
analog-value #9
{
    present-value: 2.000000
}
analog-value #10
{
    present-value: 2.000000
}
analog-value #11
{
    present-value: 2.000000
}
analog-value #12
{
    present-value: 2.000000
}
analog-value #13
{
    present-value: 2.000000
}
analog-value #14
{
    present-value: 2.000000
}
analog-value #15
{
    present-value: 2.000000
}
analog-value #16
{
    present-value: 2.000000
}
analog-value #17
{
    present-value: 2.000000
}
analog-value #18
{
    present-value: 2.000000
}
analog-value #19
{
    present-value: 2.000000
}
analog-value #20
{
    present-value: 2.000000
}
analog-value #21
{
    present-value: 2.000000
}

[2018-01-29 14:33:47,032] SDC_ReadServer INFO:Read success!
