[2018-01-30 11:18:54,215] SDC_ReadServer DEBUG:rpCmds:[['./SDCServer/bacnet/bacnet-stack-0.8.5/bin/bacrpm', '701101', '2', '110', '85', '2', '112', '85', '2', '113', '85', '2', '114', '85', '2', '2', '85'], ['./SDCServer/bacnet/bacnet-stack-0.8.5/bin/bacrpm', '701102', '2', '4', '85'], ['./SDCServer/bacnet/bacnet-stack-0.8.5/bin/bacrpm', '701104', '2', '48', '85', '2', '31', '85'], ['./SDCServer/bacnet/bacnet-stack-0.8.5/bin/bacrpm', '701105', '2', '22', '85'], ['./SDCServer/bacnet/bacnet-stack-0.8.5/bin/bacrpm', '701105', '2', '7', '85', '2', '8', '85', '2', '9', '85', '2', '10', '85', '2', '11', '85', '2', '12', '85', '2', '13', '85', '2', '14', '85', '2', '15', '85', '2', '16', '85', '2', '17', '85', '2', '18', '85', '2', '19', '85', '2', '20', '85', '2', '21', '85']]
[2018-01-30 11:18:54,216] SDC_ReadServer INFO:Server starts at 0.0.0.0:61221
[2018-01-30 11:19:28,384] SDC_ReadServer INFO:Got connection from 127.0.0.1:41178
[2018-01-30 11:19:28,384] SDC_ReadServer INFO:Recived GETALL request from 127.0.0.1:41178
[2018-01-30 11:19:28,516] SDC_ReadServer DEBUG:Raw return from BACnet stack is analog-value #110
{
    present-value: 19.930000
}
analog-value #112
{
    present-value: 74.699997
}
analog-value #113
{
    present-value: 5.600000
}
analog-value #114
{
    present-value: 296.000000
}
analog-value #2
{
    present-value: 50.000000
}

[2018-01-30 11:19:28,680] SDC_ReadServer DEBUG:Raw return from BACnet stack is analog-value #4
{
    present-value: 140.000000
}

[2018-01-30 11:19:28,974] SDC_ReadServer DEBUG:Raw return from BACnet stack is analog-value #48
{
    present-value: 72.132790
}
analog-value #31
{
    present-value: 72.000000
}

[2018-01-30 11:19:29,078] SDC_ReadServer DEBUG:Raw return from BACnet stack is analog-value #22
{
    present-value: 56.059147
}

[2018-01-30 11:19:29,242] SDC_ReadServer DEBUG:Raw return from BACnet stack is analog-value #7
{
    present-value: 2.000000
}
analog-value #8
{
    present-value: 2.000000
}
analog-value #9
{
    present-value: 2.000000
}
analog-value #10
{
    present-value: 2.000000
}
analog-value #11
{
    present-value: 2.000000
}
analog-value #12
{
    present-value: 2.000000
}
analog-value #13
{
    present-value: 2.000000
}
analog-value #14
{
    present-value: 2.000000
}
analog-value #15
{
    present-value: 2.000000
}
analog-value #16
{
    present-value: 2.000000
}
analog-value #17
{
    present-value: 2.000000
}
analog-value #18
{
    present-value: 2.000000
}
analog-value #19
{
    present-value: 2.000000
}
analog-value #20
{
    present-value: 2.000000
}
analog-value #21
{
    present-value: 2.000000
}

[2018-01-30 11:19:29,242] SDC_ReadServer INFO:Read success!
[2018-01-30 11:20:13,503] SDC_ReadServer INFO:Got connection from 127.0.0.1:41182
[2018-01-30 11:20:13,504] SDC_ReadServer INFO:Recived GETAMV request from 127.0.0.1:41182
[2018-01-30 11:20:13,606] SDC_ReadServer DEBUG:Raw return from BACnet stack is analog-value #7
{
    present-value: 2.000000
}
analog-value #8
{
    present-value: 2.000000
}
analog-value #9
{
    present-value: 2.000000
}
analog-value #10
{
    present-value: 2.000000
}
analog-value #11
{
    present-value: 2.000000
}
analog-value #12
{
    present-value: 2.000000
}
analog-value #13
{
    present-value: 2.000000
}
analog-value #14
{
    present-value: 2.000000
}
analog-value #15
{
    present-value: 2.000000
}
analog-value #16
{
    present-value: 2.000000
}
analog-value #17
{
    present-value: 2.000000
}
analog-value #18
{
    present-value: 2.000000
}
analog-value #19
{
    present-value: 2.000000
}
analog-value #20
{
    present-value: 2.000000
}
analog-value #21
{
    present-value: 2.000000
}

[2018-01-30 11:20:13,606] SDC_ReadServer INFO:Read success!
[2018-01-30 11:20:13,686] SDC_ReadServer INFO:Got connection from 127.0.0.1:41186
[2018-01-30 11:20:13,686] SDC_ReadServer INFO:Recived GETAMV request from 127.0.0.1:41186
[2018-01-30 11:20:13,912] SDC_ReadServer DEBUG:Raw return from BACnet stack is analog-value #7
{
    present-value: 2.000000
}
analog-value #8
{
    present-value: 2.000000
}
analog-value #9
{
    present-value: 2.000000
}
analog-value #10
{
    present-value: 2.000000
}
analog-value #11
{
    present-value: 2.000000
}
analog-value #12
{
    present-value: 2.000000
}
analog-value #13
{
    present-value: 2.000000
}
analog-value #14
{
    present-value: 2.000000
}
analog-value #15
{
    present-value: 2.000000
}
analog-value #16
{
    present-value: 2.000000
}
analog-value #17
{
    present-value: 2.000000
}
analog-value #18
{
    present-value: 2.000000
}
analog-value #19
{
    present-value: 2.000000
}
analog-value #20
{
    present-value: 2.000000
}
analog-value #21
{
    present-value: 2.000000
}

[2018-01-30 11:20:13,912] SDC_ReadServer INFO:Read success!
[2018-01-30 11:26:23,750] SDC_ReadServer INFO:Got connection from 127.0.0.1:41212
[2018-01-30 11:26:23,750] SDC_ReadServer INFO:Recived GETAMV request from 127.0.0.1:41212
[2018-01-30 11:26:23,875] SDC_ReadServer DEBUG:Raw return from BACnet stack is analog-value #7
{
    present-value: 2.000000
}
analog-value #8
{
    present-value: 2.000000
}
analog-value #9
{
    present-value: 2.000000
}
analog-value #10
{
    present-value: 2.000000
}
analog-value #11
{
    present-value: 2.000000
}
analog-value #12
{
    present-value: 2.000000
}
analog-value #13
{
    present-value: 2.000000
}
analog-value #14
{
    present-value: 2.000000
}
analog-value #15
{
    present-value: 2.000000
}
analog-value #16
{
    present-value: 2.000000
}
analog-value #17
{
    present-value: 2.000000
}
analog-value #18
{
    present-value: 2.000000
}
analog-value #19
{
    present-value: 2.000000
}
analog-value #20
{
    present-value: 2.000000
}
analog-value #21
{
    present-value: 2.000000
}

[2018-01-30 11:26:23,875] SDC_ReadServer INFO:Read success!
[2018-01-30 11:26:23,901] SDC_ReadServer INFO:Got connection from 127.0.0.1:41216
[2018-01-30 11:26:23,901] SDC_ReadServer INFO:Recived GETAMV request from 127.0.0.1:41216
[2018-01-30 11:26:24,004] SDC_ReadServer DEBUG:Raw return from BACnet stack is analog-value #7
{
    present-value: 2.000000
}
analog-value #8
{
    present-value: 2.000000
}
analog-value #9
{
    present-value: 2.000000
}
analog-value #10
{
    present-value: 2.000000
}
analog-value #11
{
    present-value: 2.000000
}
analog-value #12
{
    present-value: 2.000000
}
analog-value #13
{
    present-value: 2.000000
}
analog-value #14
{
    present-value: 2.000000
}
analog-value #15
{
    present-value: 2.000000
}
analog-value #16
{
    present-value: 2.000000
}
analog-value #17
{
    present-value: 2.000000
}
analog-value #18
{
    present-value: 2.000000
}
analog-value #19
{
    present-value: 2.000000
}
analog-value #20
{
    present-value: 2.000000
}
analog-value #21
{
    present-value: 2.000000
}

[2018-01-30 11:26:24,005] SDC_ReadServer INFO:Read success!
[2018-01-30 11:26:34,016] SDC_ReadServer INFO:Got connection from 127.0.0.1:41218
[2018-01-30 11:26:34,017] SDC_ReadServer INFO:Recived GETAMV request from 127.0.0.1:41218
[2018-01-30 11:26:34,119] SDC_ReadServer DEBUG:Raw return from BACnet stack is analog-value #7
{
    present-value: 2.000000
}
analog-value #8
{
    present-value: 2.000000
}
analog-value #9
{
    present-value: 2.000000
}
analog-value #10
{
    present-value: 2.000000
}
analog-value #11
{
    present-value: 2.000000
}
analog-value #12
{
    present-value: 2.000000
}
analog-value #13
{
    present-value: 2.000000
}
analog-value #14
{
    present-value: 2.000000
}
analog-value #15
{
    present-value: 2.000000
}
analog-value #16
{
    present-value: 2.000000
}
analog-value #17
{
    present-value: 2.000000
}
analog-value #18
{
    present-value: 2.000000
}
analog-value #19
{
    present-value: 2.000000
}
analog-value #20
{
    present-value: 2.000000
}
analog-value #21
{
    present-value: 2.000000
}

[2018-01-30 11:26:34,119] SDC_ReadServer INFO:Read success!
[2018-01-30 11:26:44,131] SDC_ReadServer INFO:Got connection from 127.0.0.1:41220
[2018-01-30 11:26:44,131] SDC_ReadServer INFO:Recived GETAMV request from 127.0.0.1:41220
[2018-01-30 11:26:44,299] SDC_ReadServer DEBUG:Raw return from BACnet stack is analog-value #7
{
    present-value: 2.000000
}
analog-value #8
{
    present-value: 2.000000
}
analog-value #9
{
    present-value: 2.000000
}
analog-value #10
{
    present-value: 2.000000
}
analog-value #11
{
    present-value: 2.000000
}
analog-value #12
{
    present-value: 2.000000
}
analog-value #13
{
    present-value: 2.000000
}
analog-value #14
{
    present-value: 2.000000
}
analog-value #15
{
    present-value: 2.000000
}
analog-value #16
{
    present-value: 2.000000
}
analog-value #17
{
    present-value: 2.000000
}
analog-value #18
{
    present-value: 2.000000
}
analog-value #19
{
    present-value: 2.000000
}
analog-value #20
{
    present-value: 2.000000
}
analog-value #21
{
    present-value: 2.000000
}

[2018-01-30 11:26:44,300] SDC_ReadServer INFO:Read success!
[2018-01-30 11:26:54,311] SDC_ReadServer INFO:Got connection from 127.0.0.1:41222
[2018-01-30 11:26:54,312] SDC_ReadServer INFO:Recived GETAMV request from 127.0.0.1:41222
[2018-01-30 11:26:54,423] SDC_ReadServer DEBUG:Raw return from BACnet stack is analog-value #7
{
    present-value: 2.000000
}
analog-value #8
{
    present-value: 2.000000
}
analog-value #9
{
    present-value: 2.000000
}
analog-value #10
{
    present-value: 2.000000
}
analog-value #11
{
    present-value: 2.000000
}
analog-value #12
{
    present-value: 2.000000
}
analog-value #13
{
    present-value: 2.000000
}
analog-value #14
{
    present-value: 2.000000
}
analog-value #15
{
    present-value: 2.000000
}
analog-value #16
{
    present-value: 2.000000
}
analog-value #17
{
    present-value: 2.000000
}
analog-value #18
{
    present-value: 2.000000
}
analog-value #19
{
    present-value: 2.000000
}
analog-value #20
{
    present-value: 2.000000
}
analog-value #21
{
    present-value: 2.000000
}

[2018-01-30 11:26:54,424] SDC_ReadServer INFO:Read success!
[2018-01-30 11:27:04,433] SDC_ReadServer INFO:Got connection from 127.0.0.1:41226
[2018-01-30 11:27:04,433] SDC_ReadServer INFO:Recived GETAMV request from 127.0.0.1:41226
[2018-01-30 11:27:04,558] SDC_ReadServer DEBUG:Raw return from BACnet stack is analog-value #7
{
    present-value: 2.000000
}
analog-value #8
{
    present-value: 2.000000
}
analog-value #9
{
    present-value: 2.000000
}
analog-value #10
{
    present-value: 2.000000
}
analog-value #11
{
    present-value: 2.000000
}
analog-value #12
{
    present-value: 2.000000
}
analog-value #13
{
    present-value: 2.000000
}
analog-value #14
{
    present-value: 2.000000
}
analog-value #15
{
    present-value: 2.000000
}
analog-value #16
{
    present-value: 2.000000
}
analog-value #17
{
    present-value: 2.000000
}
analog-value #18
{
    present-value: 2.000000
}
analog-value #19
{
    present-value: 2.000000
}
analog-value #20
{
    present-value: 2.000000
}
analog-value #21
{
    present-value: 2.000000
}

[2018-01-30 11:27:04,559] SDC_ReadServer INFO:Read success!
[2018-01-30 11:27:14,571] SDC_ReadServer INFO:Got connection from 127.0.0.1:41228
[2018-01-30 11:27:14,571] SDC_ReadServer INFO:Recived GETAMV request from 127.0.0.1:41228
[2018-01-30 11:27:14,723] SDC_ReadServer DEBUG:Raw return from BACnet stack is analog-value #7
{
    present-value: 2.000000
}
analog-value #8
{
    present-value: 2.000000
}
analog-value #9
{
    present-value: 2.000000
}
analog-value #10
{
    present-value: 2.000000
}
analog-value #11
{
    present-value: 2.000000
}
analog-value #12
{
    present-value: 2.000000
}
analog-value #13
{
    present-value: 2.000000
}
analog-value #14
{
    present-value: 2.000000
}
analog-value #15
{
    present-value: 2.000000
}
analog-value #16
{
    present-value: 2.000000
}
analog-value #17
{
    present-value: 2.000000
}
analog-value #18
{
    present-value: 2.000000
}
analog-value #19
{
    present-value: 2.000000
}
analog-value #20
{
    present-value: 2.000000
}
analog-value #21
{
    present-value: 2.000000
}

[2018-01-30 11:27:14,724] SDC_ReadServer INFO:Read success!
[2018-01-30 11:27:24,735] SDC_ReadServer INFO:Got connection from 127.0.0.1:41230
[2018-01-30 11:27:24,736] SDC_ReadServer INFO:Recived GETAMV request from 127.0.0.1:41230
[2018-01-30 11:27:24,888] SDC_ReadServer DEBUG:Raw return from BACnet stack is analog-value #7
{
    present-value: 2.000000
}
analog-value #8
{
    present-value: 2.000000
}
analog-value #9
{
    present-value: 2.000000
}
analog-value #10
{
    present-value: 2.000000
}
analog-value #11
{
    present-value: 2.000000
}
analog-value #12
{
    present-value: 2.000000
}
analog-value #13
{
    present-value: 2.000000
}
analog-value #14
{
    present-value: 2.000000
}
analog-value #15
{
    present-value: 2.000000
}
analog-value #16
{
    present-value: 2.000000
}
analog-value #17
{
    present-value: 2.000000
}
analog-value #18
{
    present-value: 2.000000
}
analog-value #19
{
    present-value: 2.000000
}
analog-value #20
{
    present-value: 2.000000
}
analog-value #21
{
    present-value: 2.000000
}

[2018-01-30 11:27:24,888] SDC_ReadServer INFO:Read success!
[2018-01-30 11:27:24,890] SDC_ReadServer INFO:Got connection from 127.0.0.1:41232
[2018-01-30 11:27:24,890] SDC_ReadServer INFO:Recived GETALL request from 127.0.0.1:41232
[2018-01-30 11:27:24,985] SDC_ReadServer DEBUG:Raw return from BACnet stack is analog-value #110
{
    present-value: 21.580000
}
analog-value #112
{
    present-value: 74.900002
}
analog-value #113
{
    present-value: 3.900000
}
analog-value #114
{
    present-value: 302.000000
}
analog-value #2
{
    present-value: 50.000000
}

[2018-01-30 11:27:25,085] SDC_ReadServer DEBUG:Raw return from BACnet stack is analog-value #4
{
    present-value: 140.000000
}

[2018-01-30 11:27:25,194] SDC_ReadServer DEBUG:Raw return from BACnet stack is analog-value #48
{
    present-value: 72.211983
}
analog-value #31
{
    present-value: 72.000000
}

[2018-01-30 11:27:25,344] SDC_ReadServer DEBUG:Raw return from BACnet stack is analog-value #22
{
    present-value: -7.416396
}

[2018-01-30 11:27:25,588] SDC_ReadServer DEBUG:Raw return from BACnet stack is analog-value #7
{
    present-value: 2.000000
}
analog-value #8
{
    present-value: 2.000000
}
analog-value #9
{
    present-value: 2.000000
}
analog-value #10
{
    present-value: 2.000000
}
analog-value #11
{
    present-value: 2.000000
}
analog-value #12
{
    present-value: 2.000000
}
analog-value #13
{
    present-value: 2.000000
}
analog-value #14
{
    present-value: 2.000000
}
analog-value #15
{
    present-value: 2.000000
}
analog-value #16
{
    present-value: 2.000000
}
analog-value #17
{
    present-value: 2.000000
}
analog-value #18
{
    present-value: 2.000000
}
analog-value #19
{
    present-value: 2.000000
}
analog-value #20
{
    present-value: 2.000000
}
analog-value #21
{
    present-value: 2.000000
}

[2018-01-30 11:27:25,589] SDC_ReadServer INFO:Read success!
[2018-01-30 11:27:35,600] SDC_ReadServer INFO:Got connection from 127.0.0.1:41234
[2018-01-30 11:27:35,601] SDC_ReadServer INFO:Recived GETAMV request from 127.0.0.1:41234
[2018-01-30 11:27:35,721] SDC_ReadServer DEBUG:Raw return from BACnet stack is analog-value #7
{
    present-value: 2.000000
}
analog-value #8
{
    present-value: 2.000000
}
analog-value #9
{
    present-value: 2.000000
}
analog-value #10
{
    present-value: 2.000000
}
analog-value #11
{
    present-value: 2.000000
}
analog-value #12
{
    present-value: 2.000000
}
analog-value #13
{
    present-value: 2.000000
}
analog-value #14
{
    present-value: 2.000000
}
analog-value #15
{
    present-value: 2.000000
}
analog-value #16
{
    present-value: 2.000000
}
analog-value #17
{
    present-value: 2.000000
}
analog-value #18
{
    present-value: 2.000000
}
analog-value #19
{
    present-value: 2.000000
}
analog-value #20
{
    present-value: 2.000000
}
analog-value #21
{
    present-value: 2.000000
}

[2018-01-30 11:27:35,721] SDC_ReadServer INFO:Read success!
[2018-01-30 11:27:45,733] SDC_ReadServer INFO:Got connection from 127.0.0.1:41236
[2018-01-30 11:27:45,733] SDC_ReadServer INFO:Recived GETAMV request from 127.0.0.1:41236
[2018-01-30 11:27:45,837] SDC_ReadServer DEBUG:Raw return from BACnet stack is analog-value #7
{
    present-value: 2.000000
}
analog-value #8
{
    present-value: 2.000000
}
analog-value #9
{
    present-value: 2.000000
}
analog-value #10
{
    present-value: 2.000000
}
analog-value #11
{
    present-value: 2.000000
}
analog-value #12
{
    present-value: 2.000000
}
analog-value #13
{
    present-value: 2.000000
}
analog-value #14
{
    present-value: 2.000000
}
analog-value #15
{
    present-value: 2.000000
}
analog-value #16
{
    present-value: 2.000000
}
analog-value #17
{
    present-value: 2.000000
}
analog-value #18
{
    present-value: 2.000000
}
analog-value #19
{
    present-value: 2.000000
}
analog-value #20
{
    present-value: 2.000000
}
analog-value #21
{
    present-value: 2.000000
}

[2018-01-30 11:27:45,838] SDC_ReadServer INFO:Read success!
[2018-01-30 11:27:55,849] SDC_ReadServer INFO:Got connection from 127.0.0.1:41240
[2018-01-30 11:27:55,850] SDC_ReadServer INFO:Recived GETAMV request from 127.0.0.1:41240
[2018-01-30 11:27:55,952] SDC_ReadServer DEBUG:Raw return from BACnet stack is analog-value #7
{
    present-value: 2.000000
}
analog-value #8
{
    present-value: 2.000000
}
analog-value #9
{
    present-value: 2.000000
}
analog-value #10
{
    present-value: 2.000000
}
analog-value #11
{
    present-value: 2.000000
}
analog-value #12
{
    present-value: 2.000000
}
analog-value #13
{
    present-value: 2.000000
}
analog-value #14
{
    present-value: 2.000000
}
analog-value #15
{
    present-value: 2.000000
}
analog-value #16
{
    present-value: 2.000000
}
analog-value #17
{
    present-value: 2.000000
}
analog-value #18
{
    present-value: 2.000000
}
analog-value #19
{
    present-value: 2.000000
}
analog-value #20
{
    present-value: 2.000000
}
analog-value #21
{
    present-value: 2.000000
}

[2018-01-30 11:27:55,953] SDC_ReadServer INFO:Read success!
[2018-01-30 11:28:05,964] SDC_ReadServer INFO:Got connection from 127.0.0.1:41242
[2018-01-30 11:28:05,965] SDC_ReadServer INFO:Recived GETAMV request from 127.0.0.1:41242
[2018-01-30 11:28:06,067] SDC_ReadServer DEBUG:Raw return from BACnet stack is analog-value #7
{
    present-value: 2.000000
}
analog-value #8
{
    present-value: 2.000000
}
analog-value #9
{
    present-value: 2.000000
}
analog-value #10
{
    present-value: 2.000000
}
analog-value #11
{
    present-value: 2.000000
}
analog-value #12
{
    present-value: 2.000000
}
analog-value #13
{
    present-value: 2.000000
}
analog-value #14
{
    present-value: 2.000000
}
analog-value #15
{
    present-value: 2.000000
}
analog-value #16
{
    present-value: 2.000000
}
analog-value #17
{
    present-value: 2.000000
}
analog-value #18
{
    present-value: 2.000000
}
analog-value #19
{
    present-value: 2.000000
}
analog-value #20
{
    present-value: 2.000000
}
analog-value #21
{
    present-value: 2.000000
}

[2018-01-30 11:28:06,068] SDC_ReadServer INFO:Read success!
[2018-01-30 11:28:16,070] SDC_ReadServer INFO:Got connection from 127.0.0.1:41244
[2018-01-30 11:28:16,070] SDC_ReadServer INFO:Recived GETAMV request from 127.0.0.1:41244
[2018-01-30 11:28:16,172] SDC_ReadServer DEBUG:Raw return from BACnet stack is analog-value #7
{
    present-value: 2.000000
}
analog-value #8
{
    present-value: 2.000000
}
analog-value #9
{
    present-value: 2.000000
}
analog-value #10
{
    present-value: 2.000000
}
analog-value #11
{
    present-value: 2.000000
}
analog-value #12
{
    present-value: 2.000000
}
analog-value #13
{
    present-value: 2.000000
}
analog-value #14
{
    present-value: 2.000000
}
analog-value #15
{
    present-value: 2.000000
}
analog-value #16
{
    present-value: 2.000000
}
analog-value #17
{
    present-value: 2.000000
}
analog-value #18
{
    present-value: 2.000000
}
analog-value #19
{
    present-value: 2.000000
}
analog-value #20
{
    present-value: 2.000000
}
analog-value #21
{
    present-value: 2.000000
}

[2018-01-30 11:28:16,173] SDC_ReadServer INFO:Read success!
[2018-01-30 11:28:26,184] SDC_ReadServer INFO:Got connection from 127.0.0.1:41246
[2018-01-30 11:28:26,185] SDC_ReadServer INFO:Recived GETAMV request from 127.0.0.1:41246
[2018-01-30 11:28:26,294] SDC_ReadServer DEBUG:Raw return from BACnet stack is analog-value #7
{
    present-value: 2.000000
}
analog-value #8
{
    present-value: 2.000000
}
analog-value #9
{
    present-value: 2.000000
}
analog-value #10
{
    present-value: 2.000000
}
analog-value #11
{
    present-value: 2.000000
}
analog-value #12
{
    present-value: 2.000000
}
analog-value #13
{
    present-value: 2.000000
}
analog-value #14
{
    present-value: 2.000000
}
analog-value #15
{
    present-value: 2.000000
}
analog-value #16
{
    present-value: 2.000000
}
analog-value #17
{
    present-value: 2.000000
}
analog-value #18
{
    present-value: 2.000000
}
analog-value #19
{
    present-value: 2.000000
}
analog-value #20
{
    present-value: 2.000000
}
analog-value #21
{
    present-value: 2.000000
}

[2018-01-30 11:28:26,295] SDC_ReadServer INFO:Read success!
[2018-01-30 11:28:26,296] SDC_ReadServer INFO:Got connection from 127.0.0.1:41248
[2018-01-30 11:28:26,296] SDC_ReadServer INFO:Recived GETALL request from 127.0.0.1:41248
[2018-01-30 11:28:26,394] SDC_ReadServer DEBUG:Raw return from BACnet stack is analog-value #110
{
    present-value: 21.580000
}
analog-value #112
{
    present-value: 74.900002
}
analog-value #113
{
    present-value: 3.900000
}
analog-value #114
{
    present-value: 302.000000
}
analog-value #2
{
    present-value: 50.000000
}

[2018-01-30 11:28:26,493] SDC_ReadServer DEBUG:Raw return from BACnet stack is analog-value #4
{
    present-value: 140.000000
}

[2018-01-30 11:28:26,598] SDC_ReadServer DEBUG:Raw return from BACnet stack is analog-value #48
{
    present-value: 72.240784
}
analog-value #31
{
    present-value: 72.000000
}

[2018-01-30 11:28:26,697] SDC_ReadServer DEBUG:Raw return from BACnet stack is analog-value #22
{
    present-value: 119.701065
}

[2018-01-30 11:28:26,801] SDC_ReadServer DEBUG:Raw return from BACnet stack is analog-value #7
{
    present-value: 2.000000
}
analog-value #8
{
    present-value: 2.000000
}
analog-value #9
{
    present-value: 2.000000
}
analog-value #10
{
    present-value: 2.000000
}
analog-value #11
{
    present-value: 2.000000
}
analog-value #12
{
    present-value: 2.000000
}
analog-value #13
{
    present-value: 2.000000
}
analog-value #14
{
    present-value: 2.000000
}
analog-value #15
{
    present-value: 2.000000
}
analog-value #16
{
    present-value: 2.000000
}
analog-value #17
{
    present-value: 2.000000
}
analog-value #18
{
    present-value: 2.000000
}
analog-value #19
{
    present-value: 2.000000
}
analog-value #20
{
    present-value: 2.000000
}
analog-value #21
{
    present-value: 2.000000
}

[2018-01-30 11:28:26,802] SDC_ReadServer INFO:Read success!
[2018-01-30 11:28:36,814] SDC_ReadServer INFO:Got connection from 127.0.0.1:41250
[2018-01-30 11:28:36,814] SDC_ReadServer INFO:Recived GETAMV request from 127.0.0.1:41250
[2018-01-30 11:28:36,926] SDC_ReadServer DEBUG:Raw return from BACnet stack is analog-value #7
{
    present-value: 2.000000
}
analog-value #8
{
    present-value: 2.000000
}
analog-value #9
{
    present-value: 2.000000
}
analog-value #10
{
    present-value: 2.000000
}
analog-value #11
{
    present-value: 2.000000
}
analog-value #12
{
    present-value: 2.000000
}
analog-value #13
{
    present-value: 2.000000
}
analog-value #14
{
    present-value: 2.000000
}
analog-value #15
{
    present-value: 2.000000
}
analog-value #16
{
    present-value: 2.000000
}
analog-value #17
{
    present-value: 2.000000
}
analog-value #18
{
    present-value: 2.000000
}
analog-value #19
{
    present-value: 2.000000
}
analog-value #20
{
    present-value: 2.000000
}
analog-value #21
{
    present-value: 2.000000
}

[2018-01-30 11:28:36,927] SDC_ReadServer INFO:Read success!
[2018-01-30 11:28:46,938] SDC_ReadServer INFO:Got connection from 127.0.0.1:41252
[2018-01-30 11:28:46,939] SDC_ReadServer INFO:Recived GETAMV request from 127.0.0.1:41252
[2018-01-30 11:28:47,071] SDC_ReadServer DEBUG:Raw return from BACnet stack is analog-value #7
{
    present-value: 2.000000
}
analog-value #8
{
    present-value: 2.000000
}
analog-value #9
{
    present-value: 2.000000
}
analog-value #10
{
    present-value: 2.000000
}
analog-value #11
{
    present-value: 2.000000
}
analog-value #12
{
    present-value: 2.000000
}
analog-value #13
{
    present-value: 2.000000
}
analog-value #14
{
    present-value: 2.000000
}
analog-value #15
{
    present-value: 2.000000
}
analog-value #16
{
    present-value: 2.000000
}
analog-value #17
{
    present-value: 2.000000
}
analog-value #18
{
    present-value: 2.000000
}
analog-value #19
{
    present-value: 2.000000
}
analog-value #20
{
    present-value: 2.000000
}
analog-value #21
{
    present-value: 2.000000
}

[2018-01-30 11:28:47,072] SDC_ReadServer INFO:Read success!
[2018-01-30 11:28:57,079] SDC_ReadServer INFO:Got connection from 127.0.0.1:41254
[2018-01-30 11:28:57,079] SDC_ReadServer INFO:Recived GETAMV request from 127.0.0.1:41254
[2018-01-30 11:28:57,311] SDC_ReadServer DEBUG:Raw return from BACnet stack is analog-value #7
{
    present-value: 2.000000
}
analog-value #8
{
    present-value: 2.000000
}
analog-value #9
{
    present-value: 2.000000
}
analog-value #10
{
    present-value: 2.000000
}
analog-value #11
{
    present-value: 2.000000
}
analog-value #12
{
    present-value: 2.000000
}
analog-value #13
{
    present-value: 2.000000
}
analog-value #14
{
    present-value: 2.000000
}
analog-value #15
{
    present-value: 2.000000
}
analog-value #16
{
    present-value: 2.000000
}
analog-value #17
{
    present-value: 2.000000
}
analog-value #18
{
    present-value: 2.000000
}
analog-value #19
{
    present-value: 2.000000
}
analog-value #20
{
    present-value: 2.000000
}
analog-value #21
{
    present-value: 2.000000
}

[2018-01-30 11:28:57,312] SDC_ReadServer INFO:Read success!
[2018-01-30 11:29:07,324] SDC_ReadServer INFO:Got connection from 127.0.0.1:41260
[2018-01-30 11:29:07,324] SDC_ReadServer INFO:Recived GETAMV request from 127.0.0.1:41260
[2018-01-30 11:29:07,471] SDC_ReadServer DEBUG:Raw return from BACnet stack is analog-value #7
{
    present-value: 2.000000
}
analog-value #8
{
    present-value: 2.000000
}
analog-value #9
{
    present-value: 2.000000
}
analog-value #10
{
    present-value: 2.000000
}
analog-value #11
{
    present-value: 2.000000
}
analog-value #12
{
    present-value: 2.000000
}
analog-value #13
{
    present-value: 2.000000
}
analog-value #14
{
    present-value: 2.000000
}
analog-value #15
{
    present-value: 2.000000
}
analog-value #16
{
    present-value: 2.000000
}
analog-value #17
{
    present-value: 2.000000
}
analog-value #18
{
    present-value: 2.000000
}
analog-value #19
{
    present-value: 2.000000
}
analog-value #20
{
    present-value: 2.000000
}
analog-value #21
{
    present-value: 2.000000
}

[2018-01-30 11:29:07,471] SDC_ReadServer INFO:Read success!
[2018-01-30 11:29:17,483] SDC_ReadServer INFO:Got connection from 127.0.0.1:41262
[2018-01-30 11:29:17,484] SDC_ReadServer INFO:Recived GETAMV request from 127.0.0.1:41262
[2018-01-30 11:29:17,586] SDC_ReadServer DEBUG:Raw return from BACnet stack is analog-value #7
{
    present-value: 2.000000
}
analog-value #8
{
    present-value: 2.000000
}
analog-value #9
{
    present-value: 2.000000
}
analog-value #10
{
    present-value: 2.000000
}
analog-value #11
{
    present-value: 2.000000
}
analog-value #12
{
    present-value: 2.000000
}
analog-value #13
{
    present-value: 2.000000
}
analog-value #14
{
    present-value: 2.000000
}
analog-value #15
{
    present-value: 2.000000
}
analog-value #16
{
    present-value: 2.000000
}
analog-value #17
{
    present-value: 2.000000
}
analog-value #18
{
    present-value: 2.000000
}
analog-value #19
{
    present-value: 2.000000
}
analog-value #20
{
    present-value: 2.000000
}
analog-value #21
{
    present-value: 2.000000
}

[2018-01-30 11:29:17,586] SDC_ReadServer INFO:Read success!
[2018-01-30 11:29:27,598] SDC_ReadServer INFO:Got connection from 127.0.0.1:41264
[2018-01-30 11:29:27,598] SDC_ReadServer INFO:Recived GETAMV request from 127.0.0.1:41264
[2018-01-30 11:29:27,726] SDC_ReadServer DEBUG:Raw return from BACnet stack is analog-value #7
{
    present-value: 2.000000
}
analog-value #8
{
    present-value: 2.000000
}
analog-value #9
{
    present-value: 2.000000
}
analog-value #10
{
    present-value: 2.000000
}
analog-value #11
{
    present-value: 2.000000
}
analog-value #12
{
    present-value: 2.000000
}
analog-value #13
{
    present-value: 2.000000
}
analog-value #14
{
    present-value: 2.000000
}
analog-value #15
{
    present-value: 2.000000
}
analog-value #16
{
    present-value: 2.000000
}
analog-value #17
{
    present-value: 2.000000
}
analog-value #18
{
    present-value: 2.000000
}
analog-value #19
{
    present-value: 2.000000
}
analog-value #20
{
    present-value: 2.000000
}
analog-value #21
{
    present-value: 2.000000
}

[2018-01-30 11:29:27,726] SDC_ReadServer INFO:Read success!
[2018-01-30 11:29:27,728] SDC_ReadServer INFO:Got connection from 127.0.0.1:41266
[2018-01-30 11:29:27,728] SDC_ReadServer INFO:Recived GETALL request from 127.0.0.1:41266
[2018-01-30 11:29:27,847] SDC_ReadServer DEBUG:Raw return from BACnet stack is analog-value #110
{
    present-value: 21.580000
}
analog-value #112
{
    present-value: 74.900002
}
analog-value #113
{
    present-value: 3.900000
}
analog-value #114
{
    present-value: 302.000000
}
analog-value #2
{
    present-value: 50.000000
}

[2018-01-30 11:29:27,982] SDC_ReadServer DEBUG:Raw return from BACnet stack is analog-value #4
{
    present-value: 140.000000
}

[2018-01-30 11:29:28,085] SDC_ReadServer DEBUG:Raw return from BACnet stack is analog-value #48
{
    present-value: 72.262390
}
analog-value #31
{
    present-value: 72.000000
}

[2018-01-30 11:29:28,186] SDC_ReadServer DEBUG:Raw return from BACnet stack is analog-value #22
{
    present-value: 129.205688
}

[2018-01-30 11:29:28,351] SDC_ReadServer DEBUG:Raw return from BACnet stack is analog-value #7
{
    present-value: 2.000000
}
analog-value #8
{
    present-value: 2.000000
}
analog-value #9
{
    present-value: 2.000000
}
analog-value #10
{
    present-value: 2.000000
}
analog-value #11
{
    present-value: 2.000000
}
analog-value #12
{
    present-value: 2.000000
}
analog-value #13
{
    present-value: 2.000000
}
analog-value #14
{
    present-value: 2.000000
}
analog-value #15
{
    present-value: 2.000000
}
analog-value #16
{
    present-value: 2.000000
}
analog-value #17
{
    present-value: 2.000000
}
analog-value #18
{
    present-value: 2.000000
}
analog-value #19
{
    present-value: 2.000000
}
analog-value #20
{
    present-value: 2.000000
}
analog-value #21
{
    present-value: 2.000000
}

[2018-01-30 11:29:28,351] SDC_ReadServer INFO:Read success!
[2018-01-30 11:29:38,361] SDC_ReadServer INFO:Got connection from 127.0.0.1:41268
[2018-01-30 11:29:38,361] SDC_ReadServer INFO:Recived GETAMV request from 127.0.0.1:41268
[2018-01-30 11:29:38,471] SDC_ReadServer DEBUG:Raw return from BACnet stack is analog-value #7
{
    present-value: 2.000000
}
analog-value #8
{
    present-value: 2.000000
}
analog-value #9
{
    present-value: 2.000000
}
analog-value #10
{
    present-value: 2.000000
}
analog-value #11
{
    present-value: 2.000000
}
analog-value #12
{
    present-value: 2.000000
}
analog-value #13
{
    present-value: 2.000000
}
analog-value #14
{
    present-value: 2.000000
}
analog-value #15
{
    present-value: 2.000000
}
analog-value #16
{
    present-value: 2.000000
}
analog-value #17
{
    present-value: 2.000000
}
analog-value #18
{
    present-value: 2.000000
}
analog-value #19
{
    present-value: 2.000000
}
analog-value #20
{
    present-value: 2.000000
}
analog-value #21
{
    present-value: 2.000000
}

[2018-01-30 11:29:38,471] SDC_ReadServer INFO:Read success!
[2018-01-30 11:29:48,475] SDC_ReadServer INFO:Got connection from 127.0.0.1:41270
[2018-01-30 11:29:48,475] SDC_ReadServer INFO:Recived GETAMV request from 127.0.0.1:41270
[2018-01-30 11:29:48,611] SDC_ReadServer DEBUG:Raw return from BACnet stack is analog-value #7
{
    present-value: 2.000000
}
analog-value #8
{
    present-value: 2.000000
}
analog-value #9
{
    present-value: 2.000000
}
analog-value #10
{
    present-value: 2.000000
}
analog-value #11
{
    present-value: 2.000000
}
analog-value #12
{
    present-value: 2.000000
}
analog-value #13
{
    present-value: 2.000000
}
analog-value #14
{
    present-value: 2.000000
}
analog-value #15
{
    present-value: 2.000000
}
analog-value #16
{
    present-value: 2.000000
}
analog-value #17
{
    present-value: 2.000000
}
analog-value #18
{
    present-value: 2.000000
}
analog-value #19
{
    present-value: 2.000000
}
analog-value #20
{
    present-value: 2.000000
}
analog-value #21
{
    present-value: 2.000000
}

[2018-01-30 11:29:48,611] SDC_ReadServer INFO:Read success!
[2018-01-30 11:29:58,621] SDC_ReadServer INFO:Got connection from 127.0.0.1:41272
[2018-01-30 11:29:58,622] SDC_ReadServer INFO:Recived GETAMV request from 127.0.0.1:41272
[2018-01-30 11:29:58,777] SDC_ReadServer DEBUG:Raw return from BACnet stack is analog-value #7
{
    present-value: 2.000000
}
analog-value #8
{
    present-value: 2.000000
}
analog-value #9
{
    present-value: 2.000000
}
analog-value #10
{
    present-value: 2.000000
}
analog-value #11
{
    present-value: 2.000000
}
analog-value #12
{
    present-value: 2.000000
}
analog-value #13
{
    present-value: 2.000000
}
analog-value #14
{
    present-value: 2.000000
}
analog-value #15
{
    present-value: 2.000000
}
analog-value #16
{
    present-value: 2.000000
}
analog-value #17
{
    present-value: 2.000000
}
analog-value #18
{
    present-value: 2.000000
}
analog-value #19
{
    present-value: 2.000000
}
analog-value #20
{
    present-value: 2.000000
}
analog-value #21
{
    present-value: 2.000000
}

[2018-01-30 11:29:58,777] SDC_ReadServer INFO:Read success!
[2018-01-30 11:30:08,789] SDC_ReadServer INFO:Got connection from 127.0.0.1:41274
[2018-01-30 11:30:08,789] SDC_ReadServer INFO:Recived GETAMV request from 127.0.0.1:41274
[2018-01-30 11:30:08,910] SDC_ReadServer DEBUG:Raw return from BACnet stack is analog-value #7
{
    present-value: 2.000000
}
analog-value #8
{
    present-value: 2.000000
}
analog-value #9
{
    present-value: 2.000000
}
analog-value #10
{
    present-value: 2.000000
}
analog-value #11
{
    present-value: 2.000000
}
analog-value #12
{
    present-value: 2.000000
}
analog-value #13
{
    present-value: 2.000000
}
analog-value #14
{
    present-value: 2.000000
}
analog-value #15
{
    present-value: 2.000000
}
analog-value #16
{
    present-value: 2.000000
}
analog-value #17
{
    present-value: 2.000000
}
analog-value #18
{
    present-value: 2.000000
}
analog-value #19
{
    present-value: 2.000000
}
analog-value #20
{
    present-value: 2.000000
}
analog-value #21
{
    present-value: 2.000000
}

[2018-01-30 11:30:08,911] SDC_ReadServer INFO:Read success!
[2018-01-30 11:30:46,813] SDC_ReadServer INFO:Got connection from 127.0.0.1:41276
[2018-01-30 11:30:46,813] SDC_ReadServer INFO:Recived GETALL request from 127.0.0.1:41276
[2018-01-30 11:30:46,907] SDC_ReadServer DEBUG:Raw return from BACnet stack is analog-value #110
{
    present-value: 21.580000
}
analog-value #112
{
    present-value: 74.900002
}
analog-value #113
{
    present-value: 3.900000
}
analog-value #114
{
    present-value: 302.000000
}
analog-value #2
{
    present-value: 50.000000
}

[2018-01-30 11:30:47,021] SDC_ReadServer DEBUG:Raw return from BACnet stack is analog-value #4
{
    present-value: 140.000000
}

[2018-01-30 11:30:47,126] SDC_ReadServer DEBUG:Raw return from BACnet stack is analog-value #48
{
    present-value: 72.298386
}
analog-value #31
{
    present-value: 72.000000
}

[2018-01-30 11:30:47,250] SDC_ReadServer DEBUG:Raw return from BACnet stack is analog-value #22
{
    present-value: 18.351940
}

[2018-01-30 11:30:47,414] SDC_ReadServer DEBUG:Raw return from BACnet stack is analog-value #7
{
    present-value: 2.000000
}
analog-value #8
{
    present-value: 2.000000
}
analog-value #9
{
    present-value: 2.000000
}
analog-value #10
{
    present-value: 2.000000
}
analog-value #11
{
    present-value: 2.000000
}
analog-value #12
{
    present-value: 2.000000
}
analog-value #13
{
    present-value: 2.000000
}
analog-value #14
{
    present-value: 2.000000
}
analog-value #15
{
    present-value: 2.000000
}
analog-value #16
{
    present-value: 2.000000
}
analog-value #17
{
    present-value: 2.000000
}
analog-value #18
{
    present-value: 2.000000
}
analog-value #19
{
    present-value: 2.000000
}
analog-value #20
{
    present-value: 2.000000
}
analog-value #21
{
    present-value: 2.000000
}

[2018-01-30 11:30:47,415] SDC_ReadServer INFO:Read success!
[2018-01-30 11:31:25,157] SDC_ReadServer INFO:Got connection from 127.0.0.1:41284
[2018-01-30 11:31:25,157] SDC_ReadServer INFO:Recived GETAMV request from 127.0.0.1:41284
[2018-01-30 11:31:25,264] SDC_ReadServer DEBUG:Raw return from BACnet stack is analog-value #7
{
    present-value: 2.000000
}
analog-value #8
{
    present-value: 2.000000
}
analog-value #9
{
    present-value: 2.000000
}
analog-value #10
{
    present-value: 2.000000
}
analog-value #11
{
    present-value: 2.000000
}
analog-value #12
{
    present-value: 2.000000
}
analog-value #13
{
    present-value: 2.000000
}
analog-value #14
{
    present-value: 2.000000
}
analog-value #15
{
    present-value: 2.000000
}
analog-value #16
{
    present-value: 2.000000
}
analog-value #17
{
    present-value: 2.000000
}
analog-value #18
{
    present-value: 2.000000
}
analog-value #19
{
    present-value: 2.000000
}
analog-value #20
{
    present-value: 2.000000
}
analog-value #21
{
    present-value: 2.000000
}

[2018-01-30 11:31:25,265] SDC_ReadServer INFO:Read success!
[2018-01-30 11:31:25,290] SDC_ReadServer INFO:Got connection from 127.0.0.1:41288
[2018-01-30 11:31:25,290] SDC_ReadServer INFO:Recived GETAMV request from 127.0.0.1:41288
[2018-01-30 11:31:25,393] SDC_ReadServer DEBUG:Raw return from BACnet stack is analog-value #7
{
    present-value: 2.000000
}
analog-value #8
{
    present-value: 2.000000
}
analog-value #9
{
    present-value: 2.000000
}
analog-value #10
{
    present-value: 2.000000
}
analog-value #11
{
    present-value: 2.000000
}
analog-value #12
{
    present-value: 2.000000
}
analog-value #13
{
    present-value: 2.000000
}
analog-value #14
{
    present-value: 2.000000
}
analog-value #15
{
    present-value: 2.000000
}
analog-value #16
{
    present-value: 2.000000
}
analog-value #17
{
    present-value: 2.000000
}
analog-value #18
{
    present-value: 2.000000
}
analog-value #19
{
    present-value: 2.000000
}
analog-value #20
{
    present-value: 2.000000
}
analog-value #21
{
    present-value: 2.000000
}

[2018-01-30 11:31:25,394] SDC_ReadServer INFO:Read success!
[2018-01-30 11:31:35,405] SDC_ReadServer INFO:Got connection from 127.0.0.1:41290
[2018-01-30 11:31:35,406] SDC_ReadServer INFO:Recived GETAMV request from 127.0.0.1:41290
[2018-01-30 11:31:35,558] SDC_ReadServer DEBUG:Raw return from BACnet stack is analog-value #7
{
    present-value: 2.000000
}
analog-value #8
{
    present-value: 2.000000
}
analog-value #9
{
    present-value: 2.000000
}
analog-value #10
{
    present-value: 2.000000
}
analog-value #11
{
    present-value: 2.000000
}
analog-value #12
{
    present-value: 2.000000
}
analog-value #13
{
    present-value: 2.000000
}
analog-value #14
{
    present-value: 2.000000
}
analog-value #15
{
    present-value: 2.000000
}
analog-value #16
{
    present-value: 2.000000
}
analog-value #17
{
    present-value: 2.000000
}
analog-value #18
{
    present-value: 2.000000
}
analog-value #19
{
    present-value: 2.000000
}
analog-value #20
{
    present-value: 2.000000
}
analog-value #21
{
    present-value: 2.000000
}

[2018-01-30 11:31:35,559] SDC_ReadServer INFO:Read success!
[2018-01-30 11:31:45,570] SDC_ReadServer INFO:Got connection from 127.0.0.1:41294
[2018-01-30 11:31:45,571] SDC_ReadServer INFO:Recived GETAMV request from 127.0.0.1:41294
[2018-01-30 11:31:45,673] SDC_ReadServer DEBUG:Raw return from BACnet stack is analog-value #7
{
    present-value: 2.000000
}
analog-value #8
{
    present-value: 2.000000
}
analog-value #9
{
    present-value: 2.000000
}
analog-value #10
{
    present-value: 2.000000
}
analog-value #11
{
    present-value: 2.000000
}
analog-value #12
{
    present-value: 2.000000
}
analog-value #13
{
    present-value: 2.000000
}
analog-value #14
{
    present-value: 2.000000
}
analog-value #15
{
    present-value: 2.000000
}
analog-value #16
{
    present-value: 2.000000
}
analog-value #17
{
    present-value: 2.000000
}
analog-value #18
{
    present-value: 2.000000
}
analog-value #19
{
    present-value: 2.000000
}
analog-value #20
{
    present-value: 2.000000
}
analog-value #21
{
    present-value: 2.000000
}

[2018-01-30 11:31:45,674] SDC_ReadServer INFO:Read success!
[2018-01-30 11:31:55,685] SDC_ReadServer INFO:Got connection from 127.0.0.1:41298
[2018-01-30 11:31:55,685] SDC_ReadServer INFO:Recived GETAMV request from 127.0.0.1:41298
[2018-01-30 11:31:55,848] SDC_ReadServer DEBUG:Raw return from BACnet stack is analog-value #7
{
    present-value: 2.000000
}
analog-value #8
{
    present-value: 2.000000
}
analog-value #9
{
    present-value: 2.000000
}
analog-value #10
{
    present-value: 2.000000
}
analog-value #11
{
    present-value: 2.000000
}
analog-value #12
{
    present-value: 2.000000
}
analog-value #13
{
    present-value: 2.000000
}
analog-value #14
{
    present-value: 2.000000
}
analog-value #15
{
    present-value: 2.000000
}
analog-value #16
{
    present-value: 2.000000
}
analog-value #17
{
    present-value: 2.000000
}
analog-value #18
{
    present-value: 2.000000
}
analog-value #19
{
    present-value: 2.000000
}
analog-value #20
{
    present-value: 2.000000
}
analog-value #21
{
    present-value: 2.000000
}

[2018-01-30 11:31:55,848] SDC_ReadServer INFO:Read success!
[2018-01-30 11:32:05,860] SDC_ReadServer INFO:Got connection from 127.0.0.1:41302
[2018-01-30 11:32:05,860] SDC_ReadServer INFO:Recived GETAMV request from 127.0.0.1:41302
[2018-01-30 11:32:05,973] SDC_ReadServer DEBUG:Raw return from BACnet stack is analog-value #7
{
    present-value: 2.000000
}
analog-value #8
{
    present-value: 2.000000
}
analog-value #9
{
    present-value: 2.000000
}
analog-value #10
{
    present-value: 2.000000
}
analog-value #11
{
    present-value: 2.000000
}
analog-value #12
{
    present-value: 2.000000
}
analog-value #13
{
    present-value: 2.000000
}
analog-value #14
{
    present-value: 2.000000
}
analog-value #15
{
    present-value: 2.000000
}
analog-value #16
{
    present-value: 2.000000
}
analog-value #17
{
    present-value: 2.000000
}
analog-value #18
{
    present-value: 2.000000
}
analog-value #19
{
    present-value: 2.000000
}
analog-value #20
{
    present-value: 2.000000
}
analog-value #21
{
    present-value: 2.000000
}

[2018-01-30 11:32:05,974] SDC_ReadServer INFO:Read success!
[2018-01-30 11:32:15,983] SDC_ReadServer INFO:Got connection from 127.0.0.1:41304
[2018-01-30 11:32:15,984] SDC_ReadServer INFO:Recived GETAMV request from 127.0.0.1:41304
[2018-01-30 11:32:16,087] SDC_ReadServer DEBUG:Raw return from BACnet stack is analog-value #7
{
    present-value: 2.000000
}
analog-value #8
{
    present-value: 2.000000
}
analog-value #9
{
    present-value: 2.000000
}
analog-value #10
{
    present-value: 2.000000
}
analog-value #11
{
    present-value: 2.000000
}
analog-value #12
{
    present-value: 2.000000
}
analog-value #13
{
    present-value: 2.000000
}
analog-value #14
{
    present-value: 2.000000
}
analog-value #15
{
    present-value: 2.000000
}
analog-value #16
{
    present-value: 2.000000
}
analog-value #17
{
    present-value: 2.000000
}
analog-value #18
{
    present-value: 2.000000
}
analog-value #19
{
    present-value: 2.000000
}
analog-value #20
{
    present-value: 2.000000
}
analog-value #21
{
    present-value: 2.000000
}

[2018-01-30 11:32:16,088] SDC_ReadServer INFO:Read success!
[2018-01-30 11:32:26,100] SDC_ReadServer INFO:Got connection from 127.0.0.1:41306
[2018-01-30 11:32:26,100] SDC_ReadServer INFO:Recived GETAMV request from 127.0.0.1:41306
[2018-01-30 11:32:26,212] SDC_ReadServer DEBUG:Raw return from BACnet stack is analog-value #7
{
    present-value: 2.000000
}
analog-value #8
{
    present-value: 2.000000
}
analog-value #9
{
    present-value: 2.000000
}
analog-value #10
{
    present-value: 2.000000
}
analog-value #11
{
    present-value: 2.000000
}
analog-value #12
{
    present-value: 2.000000
}
analog-value #13
{
    present-value: 2.000000
}
analog-value #14
{
    present-value: 2.000000
}
analog-value #15
{
    present-value: 2.000000
}
analog-value #16
{
    present-value: 2.000000
}
analog-value #17
{
    present-value: 2.000000
}
analog-value #18
{
    present-value: 2.000000
}
analog-value #19
{
    present-value: 2.000000
}
analog-value #20
{
    present-value: 2.000000
}
analog-value #21
{
    present-value: 2.000000
}

[2018-01-30 11:32:26,212] SDC_ReadServer INFO:Read success!
[2018-01-30 11:32:26,213] SDC_ReadServer INFO:Got connection from 127.0.0.1:41308
[2018-01-30 11:32:26,214] SDC_ReadServer INFO:Recived GETALL request from 127.0.0.1:41308
[2018-01-30 11:32:26,310] SDC_ReadServer DEBUG:Raw return from BACnet stack is analog-value #110
{
    present-value: 21.580000
}
analog-value #112
{
    present-value: 74.900002
}
analog-value #113
{
    present-value: 3.900000
}
analog-value #114
{
    present-value: 302.000000
}
analog-value #2
{
    present-value: 50.000000
}

[2018-01-30 11:32:26,408] SDC_ReadServer DEBUG:Raw return from BACnet stack is analog-value #4
{
    present-value: 140.000000
}

[2018-01-30 11:32:26,516] SDC_ReadServer DEBUG:Raw return from BACnet stack is analog-value #48
{
    present-value: 72.269592
}
analog-value #31
{
    present-value: 72.000000
}

[2018-01-30 11:32:26,613] SDC_ReadServer DEBUG:Raw return from BACnet stack is analog-value #22
{
    present-value: 111.264229
}

[2018-01-30 11:32:26,777] SDC_ReadServer DEBUG:Raw return from BACnet stack is analog-value #7
{
    present-value: 2.000000
}
analog-value #8
{
    present-value: 2.000000
}
analog-value #9
{
    present-value: 2.000000
}
analog-value #10
{
    present-value: 2.000000
}
analog-value #11
{
    present-value: 2.000000
}
analog-value #12
{
    present-value: 2.000000
}
analog-value #13
{
    present-value: 2.000000
}
analog-value #14
{
    present-value: 2.000000
}
analog-value #15
{
    present-value: 2.000000
}
analog-value #16
{
    present-value: 2.000000
}
analog-value #17
{
    present-value: 2.000000
}
analog-value #18
{
    present-value: 2.000000
}
analog-value #19
{
    present-value: 2.000000
}
analog-value #20
{
    present-value: 2.000000
}
analog-value #21
{
    present-value: 2.000000
}

[2018-01-30 11:32:26,778] SDC_ReadServer INFO:Read success!
[2018-01-30 11:32:36,786] SDC_ReadServer INFO:Got connection from 127.0.0.1:41310
[2018-01-30 11:32:36,787] SDC_ReadServer INFO:Recived GETAMV request from 127.0.0.1:41310
[2018-01-30 11:32:36,903] SDC_ReadServer DEBUG:Raw return from BACnet stack is analog-value #7
{
    present-value: 2.000000
}
analog-value #8
{
    present-value: 2.000000
}
analog-value #9
{
    present-value: 2.000000
}
analog-value #10
{
    present-value: 2.000000
}
analog-value #11
{
    present-value: 2.000000
}
analog-value #12
{
    present-value: 2.000000
}
analog-value #13
{
    present-value: 2.000000
}
analog-value #14
{
    present-value: 2.000000
}
analog-value #15
{
    present-value: 2.000000
}
analog-value #16
{
    present-value: 2.000000
}
analog-value #17
{
    present-value: 2.000000
}
analog-value #18
{
    present-value: 2.000000
}
analog-value #19
{
    present-value: 2.000000
}
analog-value #20
{
    present-value: 2.000000
}
analog-value #21
{
    present-value: 2.000000
}

[2018-01-30 11:32:36,903] SDC_ReadServer INFO:Read success!
[2018-01-30 11:32:46,915] SDC_ReadServer INFO:Got connection from 127.0.0.1:41314
[2018-01-30 11:32:46,915] SDC_ReadServer INFO:Recived GETAMV request from 127.0.0.1:41314
[2018-01-30 11:32:47,053] SDC_ReadServer DEBUG:Raw return from BACnet stack is analog-value #7
{
    present-value: 2.000000
}
analog-value #8
{
    present-value: 2.000000
}
analog-value #9
{
    present-value: 2.000000
}
analog-value #10
{
    present-value: 2.000000
}
analog-value #11
{
    present-value: 2.000000
}
analog-value #12
{
    present-value: 2.000000
}
analog-value #13
{
    present-value: 2.000000
}
analog-value #14
{
    present-value: 2.000000
}
analog-value #15
{
    present-value: 2.000000
}
analog-value #16
{
    present-value: 2.000000
}
analog-value #17
{
    present-value: 2.000000
}
analog-value #18
{
    present-value: 2.000000
}
analog-value #19
{
    present-value: 2.000000
}
analog-value #20
{
    present-value: 2.000000
}
analog-value #21
{
    present-value: 2.000000
}

[2018-01-30 11:32:47,053] SDC_ReadServer INFO:Read success!
[2018-01-30 11:32:57,065] SDC_ReadServer INFO:Got connection from 127.0.0.1:41316
[2018-01-30 11:32:57,065] SDC_ReadServer INFO:Recived GETAMV request from 127.0.0.1:41316
[2018-01-30 11:32:57,231] SDC_ReadServer DEBUG:Raw return from BACnet stack is analog-value #7
{
    present-value: 2.000000
}
analog-value #8
{
    present-value: 2.000000
}
analog-value #9
{
    present-value: 2.000000
}
analog-value #10
{
    present-value: 2.000000
}
analog-value #11
{
    present-value: 2.000000
}
analog-value #12
{
    present-value: 2.000000
}
analog-value #13
{
    present-value: 2.000000
}
analog-value #14
{
    present-value: 2.000000
}
analog-value #15
{
    present-value: 2.000000
}
analog-value #16
{
    present-value: 2.000000
}
analog-value #17
{
    present-value: 2.000000
}
analog-value #18
{
    present-value: 2.000000
}
analog-value #19
{
    present-value: 2.000000
}
analog-value #20
{
    present-value: 2.000000
}
analog-value #21
{
    present-value: 2.000000
}

[2018-01-30 11:32:57,232] SDC_ReadServer INFO:Read success!
[2018-01-30 11:33:07,237] SDC_ReadServer INFO:Got connection from 127.0.0.1:41322
[2018-01-30 11:33:07,237] SDC_ReadServer INFO:Recived GETAMV request from 127.0.0.1:41322
[2018-01-30 11:33:07,427] SDC_ReadServer DEBUG:Raw return from BACnet stack is analog-value #7
{
    present-value: 2.000000
}
analog-value #8
{
    present-value: 2.000000
}
analog-value #9
{
    present-value: 2.000000
}
analog-value #10
{
    present-value: 2.000000
}
analog-value #11
{
    present-value: 2.000000
}
analog-value #12
{
    present-value: 2.000000
}
analog-value #13
{
    present-value: 2.000000
}
analog-value #14
{
    present-value: 2.000000
}
analog-value #15
{
    present-value: 2.000000
}
analog-value #16
{
    present-value: 2.000000
}
analog-value #17
{
    present-value: 2.000000
}
analog-value #18
{
    present-value: 2.000000
}
analog-value #19
{
    present-value: 2.000000
}
analog-value #20
{
    present-value: 2.000000
}
analog-value #21
{
    present-value: 2.000000
}

[2018-01-30 11:33:07,427] SDC_ReadServer INFO:Read success!
[2018-01-30 11:33:17,439] SDC_ReadServer INFO:Got connection from 127.0.0.1:41324
[2018-01-30 11:33:17,439] SDC_ReadServer INFO:Recived GETAMV request from 127.0.0.1:41324
[2018-01-30 11:33:17,541] SDC_ReadServer DEBUG:Raw return from BACnet stack is analog-value #7
{
    present-value: 2.000000
}
analog-value #8
{
    present-value: 2.000000
}
analog-value #9
{
    present-value: 2.000000
}
analog-value #10
{
    present-value: 2.000000
}
analog-value #11
{
    present-value: 2.000000
}
analog-value #12
{
    present-value: 2.000000
}
analog-value #13
{
    present-value: 2.000000
}
analog-value #14
{
    present-value: 2.000000
}
analog-value #15
{
    present-value: 2.000000
}
analog-value #16
{
    present-value: 2.000000
}
analog-value #17
{
    present-value: 2.000000
}
analog-value #18
{
    present-value: 2.000000
}
analog-value #19
{
    present-value: 2.000000
}
analog-value #20
{
    present-value: 2.000000
}
analog-value #21
{
    present-value: 2.000000
}

[2018-01-30 11:33:17,542] SDC_ReadServer INFO:Read success!
[2018-01-30 11:33:27,553] SDC_ReadServer INFO:Got connection from 127.0.0.1:41326
[2018-01-30 11:33:27,554] SDC_ReadServer INFO:Recived GETAMV request from 127.0.0.1:41326
[2018-01-30 11:33:27,657] SDC_ReadServer DEBUG:Raw return from BACnet stack is analog-value #7
{
    present-value: 2.000000
}
analog-value #8
{
    present-value: 2.000000
}
analog-value #9
{
    present-value: 2.000000
}
analog-value #10
{
    present-value: 2.000000
}
analog-value #11
{
    present-value: 2.000000
}
analog-value #12
{
    present-value: 2.000000
}
analog-value #13
{
    present-value: 2.000000
}
analog-value #14
{
    present-value: 2.000000
}
analog-value #15
{
    present-value: 2.000000
}
analog-value #16
{
    present-value: 2.000000
}
analog-value #17
{
    present-value: 2.000000
}
analog-value #18
{
    present-value: 2.000000
}
analog-value #19
{
    present-value: 2.000000
}
analog-value #20
{
    present-value: 2.000000
}
analog-value #21
{
    present-value: 2.000000
}

[2018-01-30 11:33:27,658] SDC_ReadServer INFO:Read success!
[2018-01-30 11:33:27,659] SDC_ReadServer INFO:Got connection from 127.0.0.1:41328
[2018-01-30 11:33:27,659] SDC_ReadServer INFO:Recived GETALL request from 127.0.0.1:41328
[2018-01-30 11:33:27,754] SDC_ReadServer DEBUG:Raw return from BACnet stack is analog-value #110
{
    present-value: 21.580000
}
analog-value #112
{
    present-value: 74.900002
}
analog-value #113
{
    present-value: 3.900000
}
analog-value #114
{
    present-value: 302.000000
}
analog-value #2
{
    present-value: 50.000000
}

[2018-01-30 11:33:27,852] SDC_ReadServer DEBUG:Raw return from BACnet stack is analog-value #4
{
    present-value: 140.000000
}

[2018-01-30 11:33:27,956] SDC_ReadServer DEBUG:Raw return from BACnet stack is analog-value #48
{
    present-value: 72.312790
}
analog-value #31
{
    present-value: 72.000000
}

[2018-01-30 11:33:28,058] SDC_ReadServer DEBUG:Raw return from BACnet stack is analog-value #22
{
    present-value: 116.264755
}

[2018-01-30 11:33:28,162] SDC_ReadServer DEBUG:Raw return from BACnet stack is analog-value #7
{
    present-value: 2.000000
}
analog-value #8
{
    present-value: 2.000000
}
analog-value #9
{
    present-value: 2.000000
}
analog-value #10
{
    present-value: 2.000000
}
analog-value #11
{
    present-value: 2.000000
}
analog-value #12
{
    present-value: 2.000000
}
analog-value #13
{
    present-value: 2.000000
}
analog-value #14
{
    present-value: 2.000000
}
analog-value #15
{
    present-value: 2.000000
}
analog-value #16
{
    present-value: 2.000000
}
analog-value #17
{
    present-value: 2.000000
}
analog-value #18
{
    present-value: 2.000000
}
analog-value #19
{
    present-value: 2.000000
}
analog-value #20
{
    present-value: 2.000000
}
analog-value #21
{
    present-value: 2.000000
}

[2018-01-30 11:33:28,162] SDC_ReadServer INFO:Read success!
[2018-01-30 11:33:38,174] SDC_ReadServer INFO:Got connection from 127.0.0.1:41332
[2018-01-30 11:33:38,174] SDC_ReadServer INFO:Recived GETAMV request from 127.0.0.1:41332
[2018-01-30 11:33:38,276] SDC_ReadServer DEBUG:Raw return from BACnet stack is analog-value #7
{
    present-value: 2.000000
}
analog-value #8
{
    present-value: 2.000000
}
analog-value #9
{
    present-value: 2.000000
}
analog-value #10
{
    present-value: 2.000000
}
analog-value #11
{
    present-value: 2.000000
}
analog-value #12
{
    present-value: 2.000000
}
analog-value #13
{
    present-value: 2.000000
}
analog-value #14
{
    present-value: 2.000000
}
analog-value #15
{
    present-value: 2.000000
}
analog-value #16
{
    present-value: 2.000000
}
analog-value #17
{
    present-value: 2.000000
}
analog-value #18
{
    present-value: 2.000000
}
analog-value #19
{
    present-value: 2.000000
}
analog-value #20
{
    present-value: 2.000000
}
analog-value #21
{
    present-value: 2.000000
}

[2018-01-30 11:33:38,277] SDC_ReadServer INFO:Read success!
[2018-01-30 11:33:48,288] SDC_ReadServer INFO:Got connection from 127.0.0.1:41334
[2018-01-30 11:33:48,289] SDC_ReadServer INFO:Recived GETAMV request from 127.0.0.1:41334
[2018-01-30 11:33:48,471] SDC_ReadServer DEBUG:Raw return from BACnet stack is analog-value #7
{
    present-value: 2.000000
}
analog-value #8
{
    present-value: 2.000000
}
analog-value #9
{
    present-value: 2.000000
}
analog-value #10
{
    present-value: 2.000000
}
analog-value #11
{
    present-value: 2.000000
}
analog-value #12
{
    present-value: 2.000000
}
analog-value #13
{
    present-value: 2.000000
}
analog-value #14
{
    present-value: 2.000000
}
analog-value #15
{
    present-value: 2.000000
}
analog-value #16
{
    present-value: 2.000000
}
analog-value #17
{
    present-value: 2.000000
}
analog-value #18
{
    present-value: 2.000000
}
analog-value #19
{
    present-value: 2.000000
}
analog-value #20
{
    present-value: 2.000000
}
analog-value #21
{
    present-value: 2.000000
}

[2018-01-30 11:33:48,472] SDC_ReadServer INFO:Read success!
[2018-01-30 11:33:58,474] SDC_ReadServer INFO:Got connection from 127.0.0.1:41336
[2018-01-30 11:33:58,474] SDC_ReadServer INFO:Recived GETAMV request from 127.0.0.1:41336
[2018-01-30 11:33:58,631] SDC_ReadServer DEBUG:Raw return from BACnet stack is analog-value #7
{
    present-value: 2.000000
}
analog-value #8
{
    present-value: 2.000000
}
analog-value #9
{
    present-value: 2.000000
}
analog-value #10
{
    present-value: 2.000000
}
analog-value #11
{
    present-value: 2.000000
}
analog-value #12
{
    present-value: 2.000000
}
analog-value #13
{
    present-value: 2.000000
}
analog-value #14
{
    present-value: 2.000000
}
analog-value #15
{
    present-value: 2.000000
}
analog-value #16
{
    present-value: 2.000000
}
analog-value #17
{
    present-value: 2.000000
}
analog-value #18
{
    present-value: 2.000000
}
analog-value #19
{
    present-value: 2.000000
}
analog-value #20
{
    present-value: 2.000000
}
analog-value #21
{
    present-value: 2.000000
}

[2018-01-30 11:33:58,631] SDC_ReadServer INFO:Read success!
[2018-01-30 11:34:08,642] SDC_ReadServer INFO:Got connection from 127.0.0.1:41338
[2018-01-30 11:34:08,643] SDC_ReadServer INFO:Recived GETAMV request from 127.0.0.1:41338
[2018-01-30 11:34:08,819] SDC_ReadServer DEBUG:Raw return from BACnet stack is analog-value #7
{
    present-value: 2.000000
}
analog-value #8
{
    present-value: 2.000000
}
analog-value #9
{
    present-value: 2.000000
}
analog-value #10
{
    present-value: 2.000000
}
analog-value #11
{
    present-value: 2.000000
}
analog-value #12
{
    present-value: 2.000000
}
analog-value #13
{
    present-value: 2.000000
}
analog-value #14
{
    present-value: 2.000000
}
analog-value #15
{
    present-value: 2.000000
}
analog-value #16
{
    present-value: 2.000000
}
analog-value #17
{
    present-value: 2.000000
}
analog-value #18
{
    present-value: 2.000000
}
analog-value #19
{
    present-value: 2.000000
}
analog-value #20
{
    present-value: 2.000000
}
analog-value #21
{
    present-value: 2.000000
}

[2018-01-30 11:34:08,819] SDC_ReadServer INFO:Read success!
[2018-01-30 11:34:18,831] SDC_ReadServer INFO:Got connection from 127.0.0.1:41340
[2018-01-30 11:34:18,831] SDC_ReadServer INFO:Recived GETAMV request from 127.0.0.1:41340
[2018-01-30 11:34:18,935] SDC_ReadServer DEBUG:Raw return from BACnet stack is analog-value #7
{
    present-value: 2.000000
}
analog-value #8
{
    present-value: 2.000000
}
analog-value #9
{
    present-value: 2.000000
}
analog-value #10
{
    present-value: 2.000000
}
analog-value #11
{
    present-value: 2.000000
}
analog-value #12
{
    present-value: 2.000000
}
analog-value #13
{
    present-value: 2.000000
}
analog-value #14
{
    present-value: 2.000000
}
analog-value #15
{
    present-value: 2.000000
}
analog-value #16
{
    present-value: 2.000000
}
analog-value #17
{
    present-value: 2.000000
}
analog-value #18
{
    present-value: 2.000000
}
analog-value #19
{
    present-value: 2.000000
}
analog-value #20
{
    present-value: 2.000000
}
analog-value #21
{
    present-value: 2.000000
}

[2018-01-30 11:34:18,936] SDC_ReadServer INFO:Read success!
[2018-01-30 11:34:28,947] SDC_ReadServer INFO:Got connection from 127.0.0.1:41342
[2018-01-30 11:34:28,948] SDC_ReadServer INFO:Recived GETAMV request from 127.0.0.1:41342
[2018-01-30 11:34:29,050] SDC_ReadServer DEBUG:Raw return from BACnet stack is analog-value #7
{
    present-value: 2.000000
}
analog-value #8
{
    present-value: 2.000000
}
analog-value #9
{
    present-value: 2.000000
}
analog-value #10
{
    present-value: 2.000000
}
analog-value #11
{
    present-value: 2.000000
}
analog-value #12
{
    present-value: 2.000000
}
analog-value #13
{
    present-value: 2.000000
}
analog-value #14
{
    present-value: 2.000000
}
analog-value #15
{
    present-value: 2.000000
}
analog-value #16
{
    present-value: 2.000000
}
analog-value #17
{
    present-value: 2.000000
}
analog-value #18
{
    present-value: 2.000000
}
analog-value #19
{
    present-value: 2.000000
}
analog-value #20
{
    present-value: 2.000000
}
analog-value #21
{
    present-value: 2.000000
}

[2018-01-30 11:34:29,051] SDC_ReadServer INFO:Read success!
[2018-01-30 11:34:29,052] SDC_ReadServer INFO:Got connection from 127.0.0.1:41344
[2018-01-30 11:34:29,052] SDC_ReadServer INFO:Recived GETALL request from 127.0.0.1:41344
[2018-01-30 11:34:29,204] SDC_ReadServer DEBUG:Raw return from BACnet stack is analog-value #110
{
    present-value: 21.580000
}
analog-value #112
{
    present-value: 74.900002
}
analog-value #113
{
    present-value: 3.900000
}
analog-value #114
{
    present-value: 302.000000
}
analog-value #2
{
    present-value: 50.000000
}

[2018-01-30 11:34:29,375] SDC_ReadServer DEBUG:Raw return from BACnet stack is analog-value #4
{
    present-value: 140.000000
}

[2018-01-30 11:34:29,474] SDC_ReadServer DEBUG:Raw return from BACnet stack is analog-value #48
{
    present-value: 72.327187
}
analog-value #31
{
    present-value: 72.000000
}

[2018-01-30 11:34:29,656] SDC_ReadServer DEBUG:Raw return from BACnet stack is analog-value #22
{
    present-value: 29.558331
}

[2018-01-30 11:34:29,820] SDC_ReadServer DEBUG:Raw return from BACnet stack is analog-value #7
{
    present-value: 2.000000
}
analog-value #8
{
    present-value: 2.000000
}
analog-value #9
{
    present-value: 2.000000
}
analog-value #10
{
    present-value: 2.000000
}
analog-value #11
{
    present-value: 2.000000
}
analog-value #12
{
    present-value: 2.000000
}
analog-value #13
{
    present-value: 2.000000
}
analog-value #14
{
    present-value: 2.000000
}
analog-value #15
{
    present-value: 2.000000
}
analog-value #16
{
    present-value: 2.000000
}
analog-value #17
{
    present-value: 2.000000
}
analog-value #18
{
    present-value: 2.000000
}
analog-value #19
{
    present-value: 2.000000
}
analog-value #20
{
    present-value: 2.000000
}
analog-value #21
{
    present-value: 2.000000
}

[2018-01-30 11:34:29,821] SDC_ReadServer INFO:Read success!
[2018-01-30 11:34:39,832] SDC_ReadServer INFO:Got connection from 127.0.0.1:41348
[2018-01-30 11:34:39,833] SDC_ReadServer INFO:Recived GETAMV request from 127.0.0.1:41348
[2018-01-30 11:34:39,985] SDC_ReadServer DEBUG:Raw return from BACnet stack is analog-value #7
{
    present-value: 2.000000
}
analog-value #8
{
    present-value: 2.000000
}
analog-value #9
{
    present-value: 2.000000
}
analog-value #10
{
    present-value: 2.000000
}
analog-value #11
{
    present-value: 2.000000
}
analog-value #12
{
    present-value: 2.000000
}
analog-value #13
{
    present-value: 2.000000
}
analog-value #14
{
    present-value: 2.000000
}
analog-value #15
{
    present-value: 2.000000
}
analog-value #16
{
    present-value: 2.000000
}
analog-value #17
{
    present-value: 2.000000
}
analog-value #18
{
    present-value: 2.000000
}
analog-value #19
{
    present-value: 2.000000
}
analog-value #20
{
    present-value: 2.000000
}
analog-value #21
{
    present-value: 2.000000
}

[2018-01-30 11:34:39,985] SDC_ReadServer INFO:Read success!
[2018-01-30 11:34:49,997] SDC_ReadServer INFO:Got connection from 127.0.0.1:41350
[2018-01-30 11:34:49,997] SDC_ReadServer INFO:Recived GETAMV request from 127.0.0.1:41350
[2018-01-30 11:34:50,190] SDC_ReadServer DEBUG:Raw return from BACnet stack is analog-value #7
{
    present-value: 2.000000
}
analog-value #8
{
    present-value: 2.000000
}
analog-value #9
{
    present-value: 2.000000
}
analog-value #10
{
    present-value: 2.000000
}
analog-value #11
{
    present-value: 2.000000
}
analog-value #12
{
    present-value: 2.000000
}
analog-value #13
{
    present-value: 2.000000
}
analog-value #14
{
    present-value: 2.000000
}
analog-value #15
{
    present-value: 2.000000
}
analog-value #16
{
    present-value: 2.000000
}
analog-value #17
{
    present-value: 2.000000
}
analog-value #18
{
    present-value: 2.000000
}
analog-value #19
{
    present-value: 2.000000
}
analog-value #20
{
    present-value: 2.000000
}
analog-value #21
{
    present-value: 2.000000
}

[2018-01-30 11:34:50,190] SDC_ReadServer INFO:Read success!
[2018-01-30 11:35:00,202] SDC_ReadServer INFO:Got connection from 127.0.0.1:41352
[2018-01-30 11:35:00,202] SDC_ReadServer INFO:Recived GETAMV request from 127.0.0.1:41352
[2018-01-30 11:35:00,325] SDC_ReadServer DEBUG:Raw return from BACnet stack is analog-value #7
{
    present-value: 2.000000
}
analog-value #8
{
    present-value: 2.000000
}
analog-value #9
{
    present-value: 2.000000
}
analog-value #10
{
    present-value: 2.000000
}
analog-value #11
{
    present-value: 2.000000
}
analog-value #12
{
    present-value: 2.000000
}
analog-value #13
{
    present-value: 2.000000
}
analog-value #14
{
    present-value: 2.000000
}
analog-value #15
{
    present-value: 2.000000
}
analog-value #16
{
    present-value: 2.000000
}
analog-value #17
{
    present-value: 2.000000
}
analog-value #18
{
    present-value: 2.000000
}
analog-value #19
{
    present-value: 2.000000
}
analog-value #20
{
    present-value: 2.000000
}
analog-value #21
{
    present-value: 2.000000
}

[2018-01-30 11:35:00,325] SDC_ReadServer INFO:Read success!
[2018-01-30 11:35:10,331] SDC_ReadServer INFO:Got connection from 127.0.0.1:41356
[2018-01-30 11:35:10,331] SDC_ReadServer INFO:Recived GETAMV request from 127.0.0.1:41356
[2018-01-30 11:35:10,434] SDC_ReadServer DEBUG:Raw return from BACnet stack is analog-value #7
{
    present-value: 2.000000
}
analog-value #8
{
    present-value: 2.000000
}
analog-value #9
{
    present-value: 2.000000
}
analog-value #10
{
    present-value: 2.000000
}
analog-value #11
{
    present-value: 2.000000
}
analog-value #12
{
    present-value: 2.000000
}
analog-value #13
{
    present-value: 2.000000
}
analog-value #14
{
    present-value: 2.000000
}
analog-value #15
{
    present-value: 2.000000
}
analog-value #16
{
    present-value: 2.000000
}
analog-value #17
{
    present-value: 2.000000
}
analog-value #18
{
    present-value: 2.000000
}
analog-value #19
{
    present-value: 2.000000
}
analog-value #20
{
    present-value: 2.000000
}
analog-value #21
{
    present-value: 2.000000
}

[2018-01-30 11:35:10,435] SDC_ReadServer INFO:Read success!
[2018-01-30 11:35:20,446] SDC_ReadServer INFO:Got connection from 127.0.0.1:41358
[2018-01-30 11:35:20,447] SDC_ReadServer INFO:Recived GETAMV request from 127.0.0.1:41358
[2018-01-30 11:35:20,574] SDC_ReadServer DEBUG:Raw return from BACnet stack is analog-value #7
{
    present-value: 2.000000
}
analog-value #8
{
    present-value: 2.000000
}
analog-value #9
{
    present-value: 2.000000
}
analog-value #10
{
    present-value: 2.000000
}
analog-value #11
{
    present-value: 2.000000
}
analog-value #12
{
    present-value: 2.000000
}
analog-value #13
{
    present-value: 2.000000
}
analog-value #14
{
    present-value: 2.000000
}
analog-value #15
{
    present-value: 2.000000
}
analog-value #16
{
    present-value: 2.000000
}
analog-value #17
{
    present-value: 2.000000
}
analog-value #18
{
    present-value: 2.000000
}
analog-value #19
{
    present-value: 2.000000
}
analog-value #20
{
    present-value: 2.000000
}
analog-value #21
{
    present-value: 2.000000
}

[2018-01-30 11:35:20,575] SDC_ReadServer INFO:Read success!
[2018-01-30 11:35:30,586] SDC_ReadServer INFO:Got connection from 127.0.0.1:41360
[2018-01-30 11:35:30,587] SDC_ReadServer INFO:Recived GETAMV request from 127.0.0.1:41360
[2018-01-30 11:35:30,689] SDC_ReadServer DEBUG:Raw return from BACnet stack is analog-value #7
{
    present-value: 2.000000
}
analog-value #8
{
    present-value: 2.000000
}
analog-value #9
{
    present-value: 2.000000
}
analog-value #10
{
    present-value: 2.000000
}
analog-value #11
{
    present-value: 2.000000
}
analog-value #12
{
    present-value: 2.000000
}
analog-value #13
{
    present-value: 2.000000
}
analog-value #14
{
    present-value: 2.000000
}
analog-value #15
{
    present-value: 2.000000
}
analog-value #16
{
    present-value: 2.000000
}
analog-value #17
{
    present-value: 2.000000
}
analog-value #18
{
    present-value: 2.000000
}
analog-value #19
{
    present-value: 2.000000
}
analog-value #20
{
    present-value: 2.000000
}
analog-value #21
{
    present-value: 2.000000
}

[2018-01-30 11:35:30,690] SDC_ReadServer INFO:Read success!
[2018-01-30 11:35:30,691] SDC_ReadServer INFO:Got connection from 127.0.0.1:41362
[2018-01-30 11:35:30,691] SDC_ReadServer INFO:Recived GETALL request from 127.0.0.1:41362
[2018-01-30 11:35:30,843] SDC_ReadServer DEBUG:Raw return from BACnet stack is analog-value #110
{
    present-value: 21.580000
}
analog-value #112
{
    present-value: 74.900002
}
analog-value #113
{
    present-value: 3.900000
}
analog-value #114
{
    present-value: 302.000000
}
analog-value #2
{
    present-value: 50.000000
}

[2018-01-30 11:35:31,025] SDC_ReadServer DEBUG:Raw return from BACnet stack is analog-value #4
{
    present-value: 140.000000
}

[2018-01-30 11:35:31,144] SDC_ReadServer DEBUG:Raw return from BACnet stack is analog-value #48
{
    present-value: 72.319984
}
analog-value #31
{
    present-value: 72.000000
}

[2018-01-30 11:35:31,305] SDC_ReadServer DEBUG:Raw return from BACnet stack is analog-value #22
{
    present-value: 23.720032
}

[2018-01-30 11:35:31,409] SDC_ReadServer DEBUG:Raw return from BACnet stack is analog-value #7
{
    present-value: 2.000000
}
analog-value #8
{
    present-value: 2.000000
}
analog-value #9
{
    present-value: 2.000000
}
analog-value #10
{
    present-value: 2.000000
}
analog-value #11
{
    present-value: 2.000000
}
analog-value #12
{
    present-value: 2.000000
}
analog-value #13
{
    present-value: 2.000000
}
analog-value #14
{
    present-value: 2.000000
}
analog-value #15
{
    present-value: 2.000000
}
analog-value #16
{
    present-value: 2.000000
}
analog-value #17
{
    present-value: 2.000000
}
analog-value #18
{
    present-value: 2.000000
}
analog-value #19
{
    present-value: 2.000000
}
analog-value #20
{
    present-value: 2.000000
}
analog-value #21
{
    present-value: 2.000000
}

[2018-01-30 11:35:31,410] SDC_ReadServer INFO:Read success!
[2018-01-30 11:35:41,422] SDC_ReadServer INFO:Got connection from 127.0.0.1:41364
[2018-01-30 11:35:41,422] SDC_ReadServer INFO:Recived GETAMV request from 127.0.0.1:41364
[2018-01-30 11:35:41,624] SDC_ReadServer DEBUG:Raw return from BACnet stack is analog-value #7
{
    present-value: 2.000000
}
analog-value #8
{
    present-value: 2.000000
}
analog-value #9
{
    present-value: 2.000000
}
analog-value #10
{
    present-value: 2.000000
}
analog-value #11
{
    present-value: 2.000000
}
analog-value #12
{
    present-value: 2.000000
}
analog-value #13
{
    present-value: 2.000000
}
analog-value #14
{
    present-value: 2.000000
}
analog-value #15
{
    present-value: 2.000000
}
analog-value #16
{
    present-value: 2.000000
}
analog-value #17
{
    present-value: 2.000000
}
analog-value #18
{
    present-value: 2.000000
}
analog-value #19
{
    present-value: 2.000000
}
analog-value #20
{
    present-value: 2.000000
}
analog-value #21
{
    present-value: 2.000000
}

[2018-01-30 11:35:41,624] SDC_ReadServer INFO:Read success!
[2018-01-30 11:35:51,636] SDC_ReadServer INFO:Got connection from 127.0.0.1:41366
[2018-01-30 11:35:51,636] SDC_ReadServer INFO:Recived GETAMV request from 127.0.0.1:41366
[2018-01-30 11:35:51,754] SDC_ReadServer DEBUG:Raw return from BACnet stack is analog-value #7
{
    present-value: 2.000000
}
analog-value #8
{
    present-value: 2.000000
}
analog-value #9
{
    present-value: 2.000000
}
analog-value #10
{
    present-value: 2.000000
}
analog-value #11
{
    present-value: 2.000000
}
analog-value #12
{
    present-value: 2.000000
}
analog-value #13
{
    present-value: 2.000000
}
analog-value #14
{
    present-value: 2.000000
}
analog-value #15
{
    present-value: 2.000000
}
analog-value #16
{
    present-value: 2.000000
}
analog-value #17
{
    present-value: 2.000000
}
analog-value #18
{
    present-value: 2.000000
}
analog-value #19
{
    present-value: 2.000000
}
analog-value #20
{
    present-value: 2.000000
}
analog-value #21
{
    present-value: 2.000000
}

[2018-01-30 11:35:51,754] SDC_ReadServer INFO:Read success!
[2018-01-30 11:36:01,766] SDC_ReadServer INFO:Got connection from 127.0.0.1:41368
[2018-01-30 11:36:01,766] SDC_ReadServer INFO:Recived GETAMV request from 127.0.0.1:41368
[2018-01-30 11:36:01,898] SDC_ReadServer DEBUG:Raw return from BACnet stack is analog-value #7
{
    present-value: 2.000000
}
analog-value #8
{
    present-value: 2.000000
}
analog-value #9
{
    present-value: 2.000000
}
analog-value #10
{
    present-value: 2.000000
}
analog-value #11
{
    present-value: 2.000000
}
analog-value #12
{
    present-value: 2.000000
}
analog-value #13
{
    present-value: 2.000000
}
analog-value #14
{
    present-value: 2.000000
}
analog-value #15
{
    present-value: 2.000000
}
analog-value #16
{
    present-value: 2.000000
}
analog-value #17
{
    present-value: 2.000000
}
analog-value #18
{
    present-value: 2.000000
}
analog-value #19
{
    present-value: 2.000000
}
analog-value #20
{
    present-value: 2.000000
}
analog-value #21
{
    present-value: 2.000000
}

[2018-01-30 11:36:01,899] SDC_ReadServer INFO:Read success!
[2018-01-30 11:36:11,910] SDC_ReadServer INFO:Got connection from 127.0.0.1:41370
[2018-01-30 11:36:11,911] SDC_ReadServer INFO:Recived GETAMV request from 127.0.0.1:41370
[2018-01-30 11:36:12,134] SDC_ReadServer DEBUG:Raw return from BACnet stack is analog-value #7
{
    present-value: 2.000000
}
analog-value #8
{
    present-value: 2.000000
}
analog-value #9
{
    present-value: 2.000000
}
analog-value #10
{
    present-value: 2.000000
}
analog-value #11
{
    present-value: 2.000000
}
analog-value #12
{
    present-value: 2.000000
}
analog-value #13
{
    present-value: 2.000000
}
analog-value #14
{
    present-value: 2.000000
}
analog-value #15
{
    present-value: 2.000000
}
analog-value #16
{
    present-value: 2.000000
}
analog-value #17
{
    present-value: 2.000000
}
analog-value #18
{
    present-value: 2.000000
}
analog-value #19
{
    present-value: 2.000000
}
analog-value #20
{
    present-value: 2.000000
}
analog-value #21
{
    present-value: 2.000000
}

[2018-01-30 11:36:12,134] SDC_ReadServer INFO:Read success!
[2018-01-30 11:36:22,146] SDC_ReadServer INFO:Got connection from 127.0.0.1:41372
[2018-01-30 11:36:22,146] SDC_ReadServer INFO:Recived GETAMV request from 127.0.0.1:41372
[2018-01-30 11:36:22,248] SDC_ReadServer DEBUG:Raw return from BACnet stack is analog-value #7
{
    present-value: 2.000000
}
analog-value #8
{
    present-value: 2.000000
}
analog-value #9
{
    present-value: 2.000000
}
analog-value #10
{
    present-value: 2.000000
}
analog-value #11
{
    present-value: 2.000000
}
analog-value #12
{
    present-value: 2.000000
}
analog-value #13
{
    present-value: 2.000000
}
analog-value #14
{
    present-value: 2.000000
}
analog-value #15
{
    present-value: 2.000000
}
analog-value #16
{
    present-value: 2.000000
}
analog-value #17
{
    present-value: 2.000000
}
analog-value #18
{
    present-value: 2.000000
}
analog-value #19
{
    present-value: 2.000000
}
analog-value #20
{
    present-value: 2.000000
}
analog-value #21
{
    present-value: 2.000000
}

[2018-01-30 11:36:22,249] SDC_ReadServer INFO:Read success!
[2018-01-30 11:36:32,260] SDC_ReadServer INFO:Got connection from 127.0.0.1:41374
[2018-01-30 11:36:32,261] SDC_ReadServer INFO:Recived GETALL request from 127.0.0.1:41374
[2018-01-30 11:36:32,357] SDC_ReadServer DEBUG:Raw return from BACnet stack is analog-value #110
{
    present-value: 21.580000
}
analog-value #112
{
    present-value: 74.900002
}
analog-value #113
{
    present-value: 3.900000
}
analog-value #114
{
    present-value: 302.000000
}
analog-value #2
{
    present-value: 50.000000
}

[2018-01-30 11:36:32,515] SDC_ReadServer DEBUG:Raw return from BACnet stack is analog-value #4
{
    present-value: 140.000000
}

[2018-01-30 11:36:32,676] SDC_ReadServer DEBUG:Raw return from BACnet stack is analog-value #48
{
    present-value: 72.319984
}
analog-value #31
{
    present-value: 72.000000
}

[2018-01-30 11:36:32,823] SDC_ReadServer DEBUG:Raw return from BACnet stack is analog-value #22
{
    present-value: 73.086380
}

[2018-01-30 11:36:32,928] SDC_ReadServer DEBUG:Raw return from BACnet stack is analog-value #7
{
    present-value: 2.000000
}
analog-value #8
{
    present-value: 2.000000
}
analog-value #9
{
    present-value: 2.000000
}
analog-value #10
{
    present-value: 2.000000
}
analog-value #11
{
    present-value: 2.000000
}
analog-value #12
{
    present-value: 2.000000
}
analog-value #13
{
    present-value: 2.000000
}
analog-value #14
{
    present-value: 2.000000
}
analog-value #15
{
    present-value: 2.000000
}
analog-value #16
{
    present-value: 2.000000
}
analog-value #17
{
    present-value: 2.000000
}
analog-value #18
{
    present-value: 2.000000
}
analog-value #19
{
    present-value: 2.000000
}
analog-value #20
{
    present-value: 2.000000
}
analog-value #21
{
    present-value: 2.000000
}

[2018-01-30 11:36:32,928] SDC_ReadServer INFO:Read success!
