[2018-02-01 14:15:34,840] SDC_ReadServer DEBUG:rpCmds:[['./SDCServer/bacnet/bacnet-stack-0.8.5/bin/bacrpm', '701101', '2', '110', '85', '2', '112', '85', '2', '113', '85', '2', '114', '85', '2', '2', '85'], ['./SDCServer/bacnet/bacnet-stack-0.8.5/bin/bacrpm', '701102', '2', '4', '85'], ['./SDCServer/bacnet/bacnet-stack-0.8.5/bin/bacrpm', '701104', '2', '48', '85', '2', '31', '85'], ['./SDCServer/bacnet/bacnet-stack-0.8.5/bin/bacrpm', '701105', '2', '22', '85'], ['./SDCServer/bacnet/bacnet-stack-0.8.5/bin/bacrpm', '701105', '2', '7', '85', '2', '8', '85', '2', '9', '85', '2', '10', '85', '2', '11', '85', '2', '12', '85', '2', '13', '85', '2', '14', '85', '2', '15', '85', '2', '16', '85', '2', '17', '85', '2', '18', '85', '2', '19', '85', '2', '20', '85', '2', '21', '85']]
[2018-02-01 14:15:34,841] SDC_ReadServer INFO:Server starts at 0.0.0.0:61221
[2018-02-01 14:16:12,593] SDC_ReadServer INFO:Got connection from 127.0.0.1:54390
[2018-02-01 14:16:25,072] SDC_ReadServer INFO:Recived GETALL request from 127.0.0.1:54390
[2018-02-01 14:16:25,173] SDC_ReadServer DEBUG:Raw return from BACnet stack is analog-value #110
{
    present-value: 43.720001
}
analog-value #112
{
    present-value: 78.000000
}
analog-value #113
{
    present-value: 4.500000
}
analog-value #114
{
    present-value: 246.000000
}
analog-value #2
{
    present-value: 50.000000
}

