[2018-01-30 12:02:28,812] SDC_ReadServer DEBUG:rpCmds:[['./SDCServer/bacnet/bacnet-stack-0.8.5/bin/bacrpm', '701101', '2', '110', '85', '2', '112', '85', '2', '113', '85', '2', '114', '85', '2', '2', '85'], ['./SDCServer/bacnet/bacnet-stack-0.8.5/bin/bacrpm', '701102', '2', '4', '85'], ['./SDCServer/bacnet/bacnet-stack-0.8.5/bin/bacrpm', '701104', '2', '48', '85', '2', '31', '85'], ['./SDCServer/bacnet/bacnet-stack-0.8.5/bin/bacrpm', '701105', '2', '22', '85'], ['./SDCServer/bacnet/bacnet-stack-0.8.5/bin/bacrpm', '701105', '2', '7', '85', '2', '8', '85', '2', '9', '85', '2', '10', '85', '2', '11', '85', '2', '12', '85', '2', '13', '85', '2', '14', '85', '2', '15', '85', '2', '16', '85', '2', '17', '85', '2', '18', '85', '2', '19', '85', '2', '20', '85', '2', '21', '85']]
[2018-01-30 12:02:28,813] SDC_ReadServer INFO:Server starts at 0.0.0.0:61221
[2018-01-30 12:03:03,541] SDC_ReadServer INFO:Got connection from 127.0.0.1:41620
[2018-01-30 12:03:13,565] SDC_ReadServer INFO:Recived GETAMV request from 127.0.0.1:41620
[2018-01-30 12:03:13,698] SDC_ReadServer DEBUG:Raw return from BACnet stack is analog-value #7
{
    present-value: 2.000000
}
analog-value #8
{
    present-value: 2.000000
}
analog-value #9
{
    present-value: 2.000000
}
analog-value #10
{
    present-value: 2.000000
}
analog-value #11
{
    present-value: 2.000000
}
analog-value #12
{
    present-value: 2.000000
}
analog-value #13
{
    present-value: 2.000000
}
analog-value #14
{
    present-value: 2.000000
}
analog-value #15
{
    present-value: 2.000000
}
analog-value #16
{
    present-value: 2.000000
}
analog-value #17
{
    present-value: 2.000000
}
analog-value #18
{
    present-value: 2.000000
}
analog-value #19
{
    present-value: 2.000000
}
analog-value #20
{
    present-value: 2.000000
}
analog-value #21
{
    present-value: 2.000000
}

[2018-01-30 12:03:13,698] SDC_ReadServer INFO:Read success!
[2018-01-30 12:03:41,765] SDC_ReadServer INFO:Got connection from 127.0.0.1:41624
[2018-01-30 12:03:44,805] SDC_ReadServer INFO:Recieved GETENERGY request from 127.0.0.1:41624
[2018-01-30 12:03:44,903] SDC_ReadServer DEBUG:Raw return from BACnet stack is analog-value #22
{
    present-value: 5.329733
}

[2018-01-30 12:03:44,903] SDC_ReadServer INFO:Read success!
[2018-01-30 12:03:55,509] SDC_ReadServer INFO:Got connection from 127.0.0.1:41626
[2018-01-30 12:04:01,149] SDC_ReadServer INFO:Recived GETAMV request from 127.0.0.1:41626
[2018-01-30 12:04:01,263] SDC_ReadServer DEBUG:Raw return from BACnet stack is analog-value #7
{
    present-value: 2.000000
}
analog-value #8
{
    present-value: 2.000000
}
analog-value #9
{
    present-value: 2.000000
}
analog-value #10
{
    present-value: 2.000000
}
analog-value #11
{
    present-value: 2.000000
}
analog-value #12
{
    present-value: 2.000000
}
analog-value #13
{
    present-value: 2.000000
}
analog-value #14
{
    present-value: 2.000000
}
analog-value #15
{
    present-value: 2.000000
}
analog-value #16
{
    present-value: 2.000000
}
analog-value #17
{
    present-value: 2.000000
}
analog-value #18
{
    present-value: 2.000000
}
analog-value #19
{
    present-value: 2.000000
}
analog-value #20
{
    present-value: 2.000000
}
analog-value #21
{
    present-value: 2.000000
}

[2018-01-30 12:04:01,264] SDC_ReadServer WARNING:Should read 1 values, but gets 15 values, the raw output from the BACnet stack is: ['analog-value #7\r\n{\r\n    present-value: 2.000000\r\n}\r\nanalog-value #8\r\n{\r\n    present-value: 2.000000\r\n}\r\nanalog-value #9\r\n{\r\n    present-value: 2.000000\r\n}\r\nanalog-value #10\r\n{\r\n    present-value: 2.000000\r\n}\r\nanalog-value #11\r\n{\r\n    present-value: 2.000000\r\n}\r\nanalog-value #12\r\n{\r\n    present-value: 2.000000\r\n}\r\nanalog-value #13\r\n{\r\n    present-value: 2.000000\r\n}\r\nanalog-value #14\r\n{\r\n    present-value: 2.000000\r\n}\r\nanalog-value #15\r\n{\r\n    present-value: 2.000000\r\n}\r\nanalog-value #16\r\n{\r\n    present-value: 2.000000\r\n}\r\nanalog-value #17\r\n{\r\n    present-value: 2.000000\r\n}\r\nanalog-value #18\r\n{\r\n    present-value: 2.000000\r\n}\r\nanalog-value #19\r\n{\r\n    present-value: 2.000000\r\n}\r\nanalog-value #20\r\n{\r\n    present-value: 2.000000\r\n}\r\nanalog-value #21\r\n{\r\n    present-value: 2.000000\r\n}\r\n']
[2018-01-30 12:04:01,264] SDC_ReadServer WARNING:The BACnet stack raw return is: ['analog-value #7\r\n{\r\n    present-value: 2.000000\r\n}\r\nanalog-value #8\r\n{\r\n    present-value: 2.000000\r\n}\r\nanalog-value #9\r\n{\r\n    present-value: 2.000000\r\n}\r\nanalog-value #10\r\n{\r\n    present-value: 2.000000\r\n}\r\nanalog-value #11\r\n{\r\n    present-value: 2.000000\r\n}\r\nanalog-value #12\r\n{\r\n    present-value: 2.000000\r\n}\r\nanalog-value #13\r\n{\r\n    present-value: 2.000000\r\n}\r\nanalog-value #14\r\n{\r\n    present-value: 2.000000\r\n}\r\nanalog-value #15\r\n{\r\n    present-value: 2.000000\r\n}\r\nanalog-value #16\r\n{\r\n    present-value: 2.000000\r\n}\r\nanalog-value #17\r\n{\r\n    present-value: 2.000000\r\n}\r\nanalog-value #18\r\n{\r\n    present-value: 2.000000\r\n}\r\nanalog-value #19\r\n{\r\n    present-value: 2.000000\r\n}\r\nanalog-value #20\r\n{\r\n    present-value: 2.000000\r\n}\r\nanalog-value #21\r\n{\r\n    present-value: 2.000000\r\n}\r\n']
