[2018-02-01 14:31:07,821] SDC_ReadServer DEBUG:rpCmds:[['./SDCServer/bacnet/bacnet-stack-0.8.5/bin/bacrpm', '701101', '2', '110', '85', '2', '112', '85', '2', '113', '85', '2', '114', '85', '2', '2', '85'], ['./SDCServer/bacnet/bacnet-stack-0.8.5/bin/bacrpm', '701102', '2', '4', '85'], ['./SDCServer/bacnet/bacnet-stack-0.8.5/bin/bacrpm', '701104', '2', '48', '85', '2', '31', '85'], ['./SDCServer/bacnet/bacnet-stack-0.8.5/bin/bacrpm', '701105', '2', '22', '85'], ['./SDCServer/bacnet/bacnet-stack-0.8.5/bin/bacrpm', '701105', '2', '7', '85', '2', '8', '85', '2', '9', '85', '2', '10', '85', '2', '11', '85', '2', '12', '85', '2', '13', '85', '2', '14', '85', '2', '15', '85', '2', '16', '85', '2', '17', '85', '2', '18', '85', '2', '19', '85', '2', '20', '85', '2', '21', '85']]
[2018-02-01 14:31:07,822] SDC_ReadServer INFO:Server starts at 0.0.0.0:61221
[2018-02-01 14:31:13,949] SDC_ReadServer INFO:Got connection from 127.0.0.1:54572
[2018-02-01 14:31:16,597] SDC_ReadServer INFO:Recived GETALL request from 127.0.0.1:54572
[2018-02-01 14:31:16,692] SDC_ReadServer DEBUG:Raw return from BACnet stack is analog-value #110
{
    present-value: 43.349998
}
analog-value #112
{
    present-value: 81.599998
}
analog-value #113
{
    present-value: 1.100000
}
analog-value #114
{
    present-value: 253.000000
}
analog-value #2
{
    present-value: 50.000000
}

[2018-02-01 14:31:16,802] SDC_ReadServer DEBUG:Raw return from BACnet stack is analog-value #4
{
    present-value: 83.521408
}

[2018-02-01 14:31:16,922] SDC_ReadServer DEBUG:Raw return from BACnet stack is analog-value #48
{
    present-value: 74.055183
}
analog-value #31
{
    present-value: 72.000000
}

[2018-02-01 14:31:17,020] SDC_ReadServer DEBUG:Raw return from BACnet stack is analog-value #22
{
    present-value: 3.164880
}

[2018-02-01 14:31:17,124] SDC_ReadServer DEBUG:Raw return from BACnet stack is analog-value #7
{
    present-value: 2.000000
}
analog-value #8
{
    present-value: 2.000000
}
analog-value #9
{
    present-value: 2.000000
}
analog-value #10
{
    present-value: 2.000000
}
analog-value #11
{
    present-value: 2.000000
}
analog-value #12
{
    present-value: 2.000000
}
analog-value #13
{
    present-value: 2.000000
}
analog-value #14
{
    present-value: 2.000000
}
analog-value #15
{
    present-value: 2.000000
}
analog-value #16
{
    present-value: 2.000000
}
analog-value #17
{
    present-value: 2.000000
}
analog-value #18
{
    present-value: 2.000000
}
analog-value #19
{
    present-value: 2.000000
}
analog-value #20
{
    present-value: 2.000000
}
analog-value #21
{
    present-value: 2.000000
}

[2018-02-01 14:31:17,124] SDC_ReadServer INFO:Read success!
