Using TensorFlow backend.
[2019-03-26 09:44:34,535] A3C_AGENT_MAIN INFO:Namespace(action_repeat_n=1, action_space='part3_v1', activation='linear', agent_num=5, check_args_only=False, clip_norm=5.0, debug_log_prob=0.0005, decay_steps=1000000, dropout_prob=0.0, end_e=0.0, env='Part3-NA-Shg-Train-v1', eval_act_func='part3_shg_det_v1', eval_env_res_max_keep=50, eval_epi_num=1, eval_freq=25000, forecast_dim=0, gamma=0.99, h_decay_bounds=[], h_regu_frac=[0.0], init_e=0.0, isNoisyNet=True, isNoisyNetEval_rmNoise=True, is_greedy_policy=False, is_learning_rate_decay_staircase=False, is_warm_start=False, job_mode='Train', learning_rate=0.0005, learning_rate_decay_rate=1.0, learning_rate_decay_steps=100000, max_interactions=2500000, metric_func='part3_v1', model_dir='None', model_param=[19, 1], model_type='nn', num_threads=16, output='./Part3-NA-Shg-Train-v1-res1', p_loss_frac=1.0, raw_state_prcs_func='cslDx_1', reward_func='part3_v3', rmsprop_decay=0.99, rmsprop_epsil=1e-10, rmsprop_momet=0.0, rwd_e_para=1.0, rwd_p_para=1.0, save_freq=500000, save_max_to_keep=5, save_scope='all', sharedNet_type='Dense', state_dim=17, test_env=['Part3-NA-Shg-Test-v1', 'Part3-NA-Shg-Test-v2', 'Part3-NA-Shg-Test-v3', 'Part3-NA-Shg-Test-v4'], test_mode='Multiple', train_act_func='part3_shg_sto_v1', train_freq=5, v_loss_frac=0.5, violation_penalty_scl=50.0, weight_initer='glorot_uniform', window_len=29)
[2019-03-26 09:44:34,536] A3C_AGENT_MAIN INFO:Start compiling...
2019-03-26 09:44:34.567662: I tensorflow/core/platform/cpu_feature_guard.cc:137] Your CPU supports instructions that this TensorFlow binary was not compiled to use: SSE4.1 SSE4.2 AVX AVX2 FMA
[2019-03-26 09:44:50,752] A3C_AGENT_MAIN INFO:Start the learning...
[2019-03-26 09:44:50,752] A3C_AGENT_MAIN INFO:Prepare the evaluation environments ['Part3-NA-Shg-Train-v1', 'Part3-NA-Shg-Test-v1', 'Part3-NA-Shg-Test-v2', 'Part3-NA-Shg-Test-v3', 'Part3-NA-Shg-Test-v4'] ...
[2019-03-26 09:44:50,761] A3C_EVAL-Part3-NA-Shg-Train-v1 INFO:Evaluation worker starts!
[2019-03-26 09:44:50,766] A3C_EVAL-Part3-NA-Shg-Test-v1 INFO:Evaluation worker starts!
[2019-03-26 09:44:50,770] A3C_EVAL-Part3-NA-Shg-Test-v2 INFO:Evaluation worker starts!
[2019-03-26 09:44:50,775] A3C_EVAL-Part3-NA-Shg-Test-v3 INFO:Evaluation worker starts!
[2019-03-26 09:44:50,778] A3C_EVAL-Part3-NA-Shg-Test-v4 INFO:Evaluation worker starts!
[2019-03-26 09:44:50,778] A3C_AGENT_MAIN INFO:Prepare the local workers ...
[2019-03-26 09:44:50,779] A3C_AGENT_WORKER-Thread-2 INFO:Local worker starts!
[2019-03-26 09:44:50,829] EPLUS_ENV_Part3-NA-Shg-Train-v1_Thread-2_ROOT INFO:Creating EnergyPlus simulation environment...
[2019-03-26 09:44:50,830] EPLUS_ENV_Part3-NA-Shg-Train-v1_Thread-2_ROOT INFO:EnergyPlus working directory is in /home/zhiangz/Documents/HVAC-RL-Control/src/runs/rl_parametric_part3_shg_na/2/Eplus-env-Part3-NA-Shg-Train-v1-res2/Eplus-env-sub_run1
[2019-03-26 09:44:51,780] A3C_AGENT_MAIN INFO:Prepare the local workers ...
[2019-03-26 09:44:51,781] A3C_AGENT_WORKER-Thread-3 INFO:Local worker starts!
[2019-03-26 09:44:51,849] EPLUS_ENV_Part3-NA-Shg-Train-v1_Thread-3_ROOT INFO:Creating EnergyPlus simulation environment...
[2019-03-26 09:44:51,849] EPLUS_ENV_Part3-NA-Shg-Train-v1_Thread-3_ROOT INFO:EnergyPlus working directory is in /home/zhiangz/Documents/HVAC-RL-Control/src/runs/rl_parametric_part3_shg_na/2/Eplus-env-Part3-NA-Shg-Train-v1-res3/Eplus-env-sub_run1
[2019-03-26 09:44:51,945] A3C_AGENT_WORKER-Thread-2 INFO:Evaluating...
[2019-03-26 09:44:51,946] A3C_EVAL-Part3-NA-Shg-Train-v1 INFO:Evaluation job starts!
[2019-03-26 09:44:51,946] A3C_EVAL-Part3-NA-Shg-Test-v1 INFO:Evaluation job starts!
[2019-03-26 09:44:51,946] EPLUS_ENV_Part3-NA-Shg-Train-v1_MainThread_ROOT INFO:Creating EnergyPlus simulation environment...
[2019-03-26 09:44:51,947] A3C_EVAL-Part3-NA-Shg-Test-v2 INFO:Evaluation job starts!
[2019-03-26 09:44:51,947] A3C_EVAL-Part3-NA-Shg-Test-v3 INFO:Evaluation job starts!
[2019-03-26 09:44:51,947] A3C_EVAL-Part3-NA-Shg-Test-v4 INFO:Evaluation job starts!
[2019-03-26 09:44:51,947] EPLUS_ENV_Part3-NA-Shg-Test-v2_MainThread_ROOT INFO:Creating EnergyPlus simulation environment...
[2019-03-26 09:44:51,947] EPLUS_ENV_Part3-NA-Shg-Test-v1_MainThread_ROOT INFO:Creating EnergyPlus simulation environment...
[2019-03-26 09:44:51,948] EPLUS_ENV_Part3-NA-Shg-Test-v4_MainThread_ROOT INFO:Creating EnergyPlus simulation environment...
[2019-03-26 09:44:51,948] EPLUS_ENV_Part3-NA-Shg-Test-v3_MainThread_ROOT INFO:Creating EnergyPlus simulation environment...
[2019-03-26 09:44:51,951] EPLUS_ENV_Part3-NA-Shg-Test-v4_MainThread_ROOT INFO:EnergyPlus working directory is in /home/zhiangz/Documents/HVAC-RL-Control/src/runs/rl_parametric_part3_shg_na/2/Eplus-env-Part3-NA-Shg-Test-v4-res1/Eplus-env-sub_run1
[2019-03-26 09:44:51,958] EPLUS_ENV_Part3-NA-Shg-Test-v3_MainThread_ROOT INFO:EnergyPlus working directory is in /home/zhiangz/Documents/HVAC-RL-Control/src/runs/rl_parametric_part3_shg_na/2/Eplus-env-Part3-NA-Shg-Test-v3-res1/Eplus-env-sub_run1
[2019-03-26 09:44:51,959] EPLUS_ENV_Part3-NA-Shg-Train-v1_MainThread_ROOT INFO:EnergyPlus working directory is in /home/zhiangz/Documents/HVAC-RL-Control/src/runs/rl_parametric_part3_shg_na/2/Eplus-env-Part3-NA-Shg-Train-v1-res1/Eplus-env-sub_run1
[2019-03-26 09:44:51,964] EPLUS_ENV_Part3-NA-Shg-Test-v1_MainThread_ROOT INFO:EnergyPlus working directory is in /home/zhiangz/Documents/HVAC-RL-Control/src/runs/rl_parametric_part3_shg_na/2/Eplus-env-Part3-NA-Shg-Test-v1-res1/Eplus-env-sub_run1
[2019-03-26 09:44:51,984] EPLUS_ENV_Part3-NA-Shg-Test-v2_MainThread_ROOT INFO:EnergyPlus working directory is in /home/zhiangz/Documents/HVAC-RL-Control/src/runs/rl_parametric_part3_shg_na/2/Eplus-env-Part3-NA-Shg-Test-v2-res1/Eplus-env-sub_run1
[2019-03-26 09:44:52,782] A3C_AGENT_MAIN INFO:Prepare the local workers ...
[2019-03-26 09:44:52,783] A3C_AGENT_WORKER-Thread-9 INFO:Local worker starts!
[2019-03-26 09:44:52,871] EPLUS_ENV_Part3-NA-Shg-Train-v1_Thread-9_ROOT INFO:Creating EnergyPlus simulation environment...
[2019-03-26 09:44:52,872] EPLUS_ENV_Part3-NA-Shg-Train-v1_Thread-9_ROOT INFO:EnergyPlus working directory is in /home/zhiangz/Documents/HVAC-RL-Control/src/runs/rl_parametric_part3_shg_na/2/Eplus-env-Part3-NA-Shg-Train-v1-res4/Eplus-env-sub_run1
[2019-03-26 09:44:53,784] A3C_AGENT_MAIN INFO:Prepare the local workers ...
[2019-03-26 09:44:53,785] A3C_AGENT_WORKER-Thread-10 INFO:Local worker starts!
[2019-03-26 09:44:53,844] EPLUS_ENV_Part3-NA-Shg-Train-v1_Thread-10_ROOT INFO:Creating EnergyPlus simulation environment...
[2019-03-26 09:44:53,845] EPLUS_ENV_Part3-NA-Shg-Train-v1_Thread-10_ROOT INFO:EnergyPlus working directory is in /home/zhiangz/Documents/HVAC-RL-Control/src/runs/rl_parametric_part3_shg_na/2/Eplus-env-Part3-NA-Shg-Train-v1-res5/Eplus-env-sub_run1
[2019-03-26 09:44:54,786] A3C_AGENT_MAIN INFO:Prepare the local workers ...
[2019-03-26 09:44:54,787] A3C_AGENT_WORKER-Thread-11 INFO:Local worker starts!
[2019-03-26 09:44:54,864] EPLUS_ENV_Part3-NA-Shg-Train-v1_Thread-11_ROOT INFO:Creating EnergyPlus simulation environment...
[2019-03-26 09:44:54,866] EPLUS_ENV_Part3-NA-Shg-Train-v1_Thread-11_ROOT INFO:EnergyPlus working directory is in /home/zhiangz/Documents/HVAC-RL-Control/src/runs/rl_parametric_part3_shg_na/2/Eplus-env-Part3-NA-Shg-Train-v1-res6/Eplus-env-sub_run1
[2019-03-26 09:44:55,788] A3C_AGENT_MAIN INFO:Prepare the local workers ...
[2019-03-26 09:44:55,797] A3C_AGENT_WORKER-Thread-12 INFO:Local worker starts!
[2019-03-26 09:44:55,851] EPLUS_ENV_Part3-NA-Shg-Train-v1_Thread-12_ROOT INFO:Creating EnergyPlus simulation environment...
[2019-03-26 09:44:55,852] EPLUS_ENV_Part3-NA-Shg-Train-v1_Thread-12_ROOT INFO:EnergyPlus working directory is in /home/zhiangz/Documents/HVAC-RL-Control/src/runs/rl_parametric_part3_shg_na/2/Eplus-env-Part3-NA-Shg-Train-v1-res7/Eplus-env-sub_run1
[2019-03-26 09:44:56,796] A3C_AGENT_MAIN INFO:Prepare the local workers ...
[2019-03-26 09:44:56,799] A3C_AGENT_WORKER-Thread-13 INFO:Local worker starts!
[2019-03-26 09:44:56,873] EPLUS_ENV_Part3-NA-Shg-Train-v1_Thread-13_ROOT INFO:Creating EnergyPlus simulation environment...
[2019-03-26 09:44:56,873] EPLUS_ENV_Part3-NA-Shg-Train-v1_Thread-13_ROOT INFO:EnergyPlus working directory is in /home/zhiangz/Documents/HVAC-RL-Control/src/runs/rl_parametric_part3_shg_na/2/Eplus-env-Part3-NA-Shg-Train-v1-res8/Eplus-env-sub_run1
[2019-03-26 09:44:57,799] A3C_AGENT_MAIN INFO:Prepare the local workers ...
[2019-03-26 09:44:57,804] A3C_AGENT_WORKER-Thread-14 INFO:Local worker starts!
[2019-03-26 09:44:57,857] EPLUS_ENV_Part3-NA-Shg-Train-v1_Thread-14_ROOT INFO:Creating EnergyPlus simulation environment...
[2019-03-26 09:44:57,858] EPLUS_ENV_Part3-NA-Shg-Train-v1_Thread-14_ROOT INFO:EnergyPlus working directory is in /home/zhiangz/Documents/HVAC-RL-Control/src/runs/rl_parametric_part3_shg_na/2/Eplus-env-Part3-NA-Shg-Train-v1-res9/Eplus-env-sub_run1
[2019-03-26 09:44:58,804] A3C_AGENT_MAIN INFO:Prepare the local workers ...
[2019-03-26 09:44:58,807] A3C_AGENT_WORKER-Thread-15 INFO:Local worker starts!
[2019-03-26 09:44:58,863] EPLUS_ENV_Part3-NA-Shg-Train-v1_Thread-15_ROOT INFO:Creating EnergyPlus simulation environment...
[2019-03-26 09:44:58,864] EPLUS_ENV_Part3-NA-Shg-Train-v1_Thread-15_ROOT INFO:EnergyPlus working directory is in /home/zhiangz/Documents/HVAC-RL-Control/src/runs/rl_parametric_part3_shg_na/2/Eplus-env-Part3-NA-Shg-Train-v1-res10/Eplus-env-sub_run1
[2019-03-26 09:44:59,807] A3C_AGENT_MAIN INFO:Prepare the local workers ...
[2019-03-26 09:44:59,810] A3C_AGENT_WORKER-Thread-16 INFO:Local worker starts!
[2019-03-26 09:44:59,864] EPLUS_ENV_Part3-NA-Shg-Train-v1_Thread-16_ROOT INFO:Creating EnergyPlus simulation environment...
[2019-03-26 09:44:59,865] EPLUS_ENV_Part3-NA-Shg-Train-v1_Thread-16_ROOT INFO:EnergyPlus working directory is in /home/zhiangz/Documents/HVAC-RL-Control/src/runs/rl_parametric_part3_shg_na/2/Eplus-env-Part3-NA-Shg-Train-v1-res11/Eplus-env-sub_run1
[2019-03-26 09:45:00,810] A3C_AGENT_MAIN INFO:Prepare the local workers ...
[2019-03-26 09:45:00,814] A3C_AGENT_WORKER-Thread-17 INFO:Local worker starts!
[2019-03-26 09:45:00,865] EPLUS_ENV_Part3-NA-Shg-Train-v1_Thread-17_ROOT INFO:Creating EnergyPlus simulation environment...
[2019-03-26 09:45:00,866] EPLUS_ENV_Part3-NA-Shg-Train-v1_Thread-17_ROOT INFO:EnergyPlus working directory is in /home/zhiangz/Documents/HVAC-RL-Control/src/runs/rl_parametric_part3_shg_na/2/Eplus-env-Part3-NA-Shg-Train-v1-res12/Eplus-env-sub_run1
[2019-03-26 09:45:01,813] A3C_AGENT_MAIN INFO:Prepare the local workers ...
[2019-03-26 09:45:01,813] A3C_AGENT_WORKER-Thread-18 INFO:Local worker starts!
[2019-03-26 09:45:01,918] EPLUS_ENV_Part3-NA-Shg-Train-v1_Thread-18_ROOT INFO:Creating EnergyPlus simulation environment...
[2019-03-26 09:45:01,919] EPLUS_ENV_Part3-NA-Shg-Train-v1_Thread-18_ROOT INFO:EnergyPlus working directory is in /home/zhiangz/Documents/HVAC-RL-Control/src/runs/rl_parametric_part3_shg_na/2/Eplus-env-Part3-NA-Shg-Train-v1-res13/Eplus-env-sub_run1
[2019-03-26 09:45:02,816] A3C_AGENT_MAIN INFO:Prepare the local workers ...
[2019-03-26 09:45:02,823] A3C_AGENT_WORKER-Thread-19 INFO:Local worker starts!
[2019-03-26 09:45:02,899] EPLUS_ENV_Part3-NA-Shg-Train-v1_Thread-19_ROOT INFO:Creating EnergyPlus simulation environment...
[2019-03-26 09:45:02,907] EPLUS_ENV_Part3-NA-Shg-Train-v1_Thread-19_ROOT INFO:EnergyPlus working directory is in /home/zhiangz/Documents/HVAC-RL-Control/src/runs/rl_parametric_part3_shg_na/2/Eplus-env-Part3-NA-Shg-Train-v1-res14/Eplus-env-sub_run1
[2019-03-26 09:45:03,822] A3C_AGENT_MAIN INFO:Prepare the local workers ...
[2019-03-26 09:45:03,825] A3C_AGENT_WORKER-Thread-20 INFO:Local worker starts!
[2019-03-26 09:45:03,882] EPLUS_ENV_Part3-NA-Shg-Train-v1_Thread-20_ROOT INFO:Creating EnergyPlus simulation environment...
[2019-03-26 09:45:03,883] EPLUS_ENV_Part3-NA-Shg-Train-v1_Thread-20_ROOT INFO:EnergyPlus working directory is in /home/zhiangz/Documents/HVAC-RL-Control/src/runs/rl_parametric_part3_shg_na/2/Eplus-env-Part3-NA-Shg-Train-v1-res15/Eplus-env-sub_run1
[2019-03-26 09:45:04,825] A3C_AGENT_MAIN INFO:Prepare the local workers ...
[2019-03-26 09:45:04,829] A3C_AGENT_WORKER-Thread-21 INFO:Local worker starts!
[2019-03-26 09:45:04,883] EPLUS_ENV_Part3-NA-Shg-Train-v1_Thread-21_ROOT INFO:Creating EnergyPlus simulation environment...
[2019-03-26 09:45:04,883] EPLUS_ENV_Part3-NA-Shg-Train-v1_Thread-21_ROOT INFO:EnergyPlus working directory is in /home/zhiangz/Documents/HVAC-RL-Control/src/runs/rl_parametric_part3_shg_na/2/Eplus-env-Part3-NA-Shg-Train-v1-res16/Eplus-env-sub_run1
[2019-03-26 09:45:05,827] A3C_AGENT_MAIN INFO:Prepare the local workers ...
[2019-03-26 09:45:05,828] A3C_AGENT_WORKER-Thread-22 INFO:Local worker starts!
[2019-03-26 09:45:05,931] EPLUS_ENV_Part3-NA-Shg-Train-v1_Thread-22_ROOT INFO:Creating EnergyPlus simulation environment...
[2019-03-26 09:45:05,932] EPLUS_ENV_Part3-NA-Shg-Train-v1_Thread-22_ROOT INFO:EnergyPlus working directory is in /home/zhiangz/Documents/HVAC-RL-Control/src/runs/rl_parametric_part3_shg_na/2/Eplus-env-Part3-NA-Shg-Train-v1-res17/Eplus-env-sub_run1
[2019-03-26 09:45:16,055] A3C_EVAL-Part3-NA-Shg-Test-v1 DEBUG:NoisyNet noise sample: [array([0.], dtype=float32), 0.0]
[2019-03-26 09:45:16,057] A3C_EVAL-Part3-NA-Shg-Test-v1 DEBUG:Observation this: [24.13333333333334, 86.33333333333334, 1.0, 1.0, 0.17, 1.0, 1.0, 0.17, 1.0, 2.0, 0.250408988893335, 6.9112, 6.9112, 178.6582176852504, 639429.5955889239, 639429.5955889239, 252801.4314873759]
[2019-03-26 09:45:16,058] A3C_EVAL-Part3-NA-Shg-Test-v1 DEBUG:Observation forecast: []
[2019-03-26 09:45:16,065] A3C_EVAL-Part3-NA-Shg-Test-v1 INFO:Softmax [0.0535947  0.14347851 0.39987195 0.01719494 0.38585994], sampled 0.23610746222774603
[2019-03-26 09:45:32,263] A3C_EVAL-Part3-NA-Shg-Test-v4 DEBUG:NoisyNet noise sample: [array([0.], dtype=float32), 0.0]
[2019-03-26 09:45:32,264] A3C_EVAL-Part3-NA-Shg-Test-v4 DEBUG:Observation this: [22.11527162166666, 94.99084746999999, 1.0, 2.0, 0.1821854517180591, 1.0, 1.0, 0.1821854517180591, 0.0, 2.0, 0.0, 6.9112, 6.9112, 171.5212843490159, 556576.1197687534, 556576.1197687534, 239538.2842379324]
[2019-03-26 09:45:32,265] A3C_EVAL-Part3-NA-Shg-Test-v4 DEBUG:Observation forecast: []
[2019-03-26 09:45:32,272] A3C_EVAL-Part3-NA-Shg-Test-v4 INFO:Softmax [0.06101233 0.16453105 0.4315959  0.02605807 0.3168027 ], sampled 0.7420845780752665
[2019-03-26 09:45:34,816] A3C_EVAL-Part3-NA-Shg-Test-v3 DEBUG:NoisyNet noise sample: [array([0.], dtype=float32), 0.0]
[2019-03-26 09:45:34,818] A3C_EVAL-Part3-NA-Shg-Test-v3 DEBUG:Observation this: [30.95, 60.0, 1.0, 2.0, 0.3730536691753646, 0.0, 1.0, 0.0, 1.0, 2.0, 0.6291586966774065, 6.9112, 6.9112, 168.912956510431, 1042737.898484675, 1042737.898484675, 245842.8902953125]
[2019-03-26 09:45:34,818] A3C_EVAL-Part3-NA-Shg-Test-v3 DEBUG:Observation forecast: []
[2019-03-26 09:45:34,821] A3C_EVAL-Part3-NA-Shg-Test-v3 INFO:Softmax [0.07842515 0.25617522 0.3056768  0.01799875 0.3417241 ], sampled 0.8160393240800407
[2019-03-26 09:45:37,252] A3C_EVAL-Part3-NA-Shg-Test-v2 DEBUG:NoisyNet noise sample: [array([0.], dtype=float32), 0.0]
[2019-03-26 09:45:37,253] A3C_EVAL-Part3-NA-Shg-Test-v2 DEBUG:Observation this: [17.49870068333333, 100.0, 1.0, 1.0, 0.4353724731848373, 0.0, 2.0, 0.0, 0.0, 1.0, 0.0, 6.911199999999999, 6.9112, 149.0743665178227, 721860.0099612137, 721860.0099612141, 182562.2140968803]
[2019-03-26 09:45:37,256] A3C_EVAL-Part3-NA-Shg-Test-v2 DEBUG:Observation forecast: []
[2019-03-26 09:45:37,260] A3C_EVAL-Part3-NA-Shg-Test-v2 INFO:Softmax [0.07066834 0.20412642 0.43911436 0.02954604 0.2565449 ], sampled 0.9116656339240261
