Using TensorFlow backend.
[2017-12-08 16:23:34,593] A3C_AGENT_MAIN INFO:Namespace(act_func='6', action_space='iw_af5_1', agent_num=5, clip_norm=5.0, decay_steps=1000000, dropout_prob=0.0, end_e=0.0, env='IW-tmy3Weather-v9606', err_penalty_scl=0.15, eval_epi_num=1, eval_freq=250000, forecast_dim=0, gamma=0.99, h_decay_bounds=[2000000, 4000000, 6000000], h_regu_frac=[1.0, 0.5, 0.1, 0.05], init_e=0.0, is_warm_start=False, job_mode='Train', learning_rate=0.0001, max_interactions=10000000, model_dir='None', num_threads=16, output='a3c-res-v0.1/IW-tmy3Weather-v9606-run1', p_loss_frac=1.0, reward_func='11', rmsprop_decay=0.99, rmsprop_epsil=1e-10, rmsprop_momet=0.0, rwd_e_para=0.5, rwd_p_para=0.5, save_freq=500000, save_scope='all', state_dim=13, test_env='IW-realWeather-v9606', test_mode='Multiple', train_freq=5, v_loss_frac=0.5, window_len=24)
[2017-12-08 16:23:34,593] A3C_AGENT_MAIN INFO:Start compiling...
2017-12-08 16:23:38.412054: W tensorflow/core/platform/cpu_feature_guard.cc:45] The TensorFlow library wasn't compiled to use SSE4.1 instructions, but these are available on your machine and could speed up CPU computations.
2017-12-08 16:23:38.412075: W tensorflow/core/platform/cpu_feature_guard.cc:45] The TensorFlow library wasn't compiled to use SSE4.2 instructions, but these are available on your machine and could speed up CPU computations.
2017-12-08 16:23:38.412079: W tensorflow/core/platform/cpu_feature_guard.cc:45] The TensorFlow library wasn't compiled to use AVX instructions, but these are available on your machine and could speed up CPU computations.
2017-12-08 16:23:38.412082: W tensorflow/core/platform/cpu_feature_guard.cc:45] The TensorFlow library wasn't compiled to use AVX2 instructions, but these are available on your machine and could speed up CPU computations.
2017-12-08 16:23:38.412085: W tensorflow/core/platform/cpu_feature_guard.cc:45] The TensorFlow library wasn't compiled to use FMA instructions, but these are available on your machine and could speed up CPU computations.
[2017-12-08 16:23:40,002] A3C_AGENT_MAIN INFO:Start the learning...
[2017-12-08 16:23:40,003] A3C_AGENT_MAIN INFO:Prepare the evaluation environments ['IW-tmy3Weather-v9606', 'IW-realWeather-v9606'] ...
[2017-12-08 16:23:40,003] Making new env: IW-tmy3Weather-v9606
[2017-12-08 16:23:40,022] Making new env: IW-realWeather-v9606
[2017-12-08 16:23:40,029] A3C_AGENT_MAIN INFO:Prepare the local workers ...
[2017-12-08 16:23:40,030] A3C_AGENT_WORKER-Thread-2 INFO:Local worker starts!
[2017-12-08 16:23:40,057] Making new env: IW-tmy3Weather-v9606
[2017-12-08 16:23:40,065] EPLUS_ENV_IW-tmy3Weather-v9606_Thread-2_ROOT INFO:Creating EnergyPlus simulation environment...
[2017-12-08 16:23:40,066] EPLUS_ENV_IW-tmy3Weather-v9606_Thread-2_ROOT INFO:EnergyPlus working directory is in /home/zhiangz/Documents/HVAC-RL-Control/src/iw_ctrl_runs_v2/25/Eplus-env-IW-tmy3Weather-v9606-res2/Eplus-env-sub_run1
[2017-12-08 16:23:41,031] A3C_AGENT_MAIN INFO:Prepare the local workers ...
[2017-12-08 16:23:41,032] A3C_AGENT_WORKER-Thread-3 INFO:Local worker starts!
[2017-12-08 16:23:41,068] Making new env: IW-tmy3Weather-v9606
[2017-12-08 16:23:41,076] EPLUS_ENV_IW-tmy3Weather-v9606_Thread-3_ROOT INFO:Creating EnergyPlus simulation environment...
[2017-12-08 16:23:41,078] EPLUS_ENV_IW-tmy3Weather-v9606_Thread-3_ROOT INFO:EnergyPlus working directory is in /home/zhiangz/Documents/HVAC-RL-Control/src/iw_ctrl_runs_v2/25/Eplus-env-IW-tmy3Weather-v9606-res3/Eplus-env-sub_run1
[2017-12-08 16:23:42,033] A3C_AGENT_MAIN INFO:Prepare the local workers ...
[2017-12-08 16:23:42,034] A3C_AGENT_WORKER-Thread-4 INFO:Local worker starts!
[2017-12-08 16:23:42,057] Making new env: IW-tmy3Weather-v9606
[2017-12-08 16:23:42,063] EPLUS_ENV_IW-tmy3Weather-v9606_Thread-4_ROOT INFO:Creating EnergyPlus simulation environment...
[2017-12-08 16:23:42,064] EPLUS_ENV_IW-tmy3Weather-v9606_Thread-4_ROOT INFO:EnergyPlus working directory is in /home/zhiangz/Documents/HVAC-RL-Control/src/iw_ctrl_runs_v2/25/Eplus-env-IW-tmy3Weather-v9606-res4/Eplus-env-sub_run1
[2017-12-08 16:23:43,035] A3C_AGENT_MAIN INFO:Prepare the local workers ...
[2017-12-08 16:23:43,036] A3C_AGENT_WORKER-Thread-5 INFO:Local worker starts!
[2017-12-08 16:23:43,076] Making new env: IW-tmy3Weather-v9606
[2017-12-08 16:23:43,085] EPLUS_ENV_IW-tmy3Weather-v9606_Thread-5_ROOT INFO:Creating EnergyPlus simulation environment...
[2017-12-08 16:23:43,087] EPLUS_ENV_IW-tmy3Weather-v9606_Thread-5_ROOT INFO:EnergyPlus working directory is in /home/zhiangz/Documents/HVAC-RL-Control/src/iw_ctrl_runs_v2/25/Eplus-env-IW-tmy3Weather-v9606-res5/Eplus-env-sub_run1
[2017-12-08 16:23:44,037] A3C_AGENT_MAIN INFO:Prepare the local workers ...
[2017-12-08 16:23:44,038] A3C_AGENT_WORKER-Thread-6 INFO:Local worker starts!
[2017-12-08 16:23:44,075] Making new env: IW-tmy3Weather-v9606
[2017-12-08 16:23:44,082] EPLUS_ENV_IW-tmy3Weather-v9606_Thread-6_ROOT INFO:Creating EnergyPlus simulation environment...
[2017-12-08 16:23:44,084] EPLUS_ENV_IW-tmy3Weather-v9606_Thread-6_ROOT INFO:EnergyPlus working directory is in /home/zhiangz/Documents/HVAC-RL-Control/src/iw_ctrl_runs_v2/25/Eplus-env-IW-tmy3Weather-v9606-res6/Eplus-env-sub_run1
[2017-12-08 16:23:45,039] A3C_AGENT_MAIN INFO:Prepare the local workers ...
[2017-12-08 16:23:45,039] A3C_AGENT_WORKER-Thread-7 INFO:Local worker starts!
[2017-12-08 16:23:45,064] Making new env: IW-tmy3Weather-v9606
[2017-12-08 16:23:45,070] EPLUS_ENV_IW-tmy3Weather-v9606_Thread-7_ROOT INFO:Creating EnergyPlus simulation environment...
[2017-12-08 16:23:45,071] EPLUS_ENV_IW-tmy3Weather-v9606_Thread-7_ROOT INFO:EnergyPlus working directory is in /home/zhiangz/Documents/HVAC-RL-Control/src/iw_ctrl_runs_v2/25/Eplus-env-IW-tmy3Weather-v9606-res7/Eplus-env-sub_run1
[2017-12-08 16:23:46,040] A3C_AGENT_MAIN INFO:Prepare the local workers ...
[2017-12-08 16:23:46,041] A3C_AGENT_WORKER-Thread-8 INFO:Local worker starts!
[2017-12-08 16:23:46,073] Making new env: IW-tmy3Weather-v9606
[2017-12-08 16:23:46,082] EPLUS_ENV_IW-tmy3Weather-v9606_Thread-8_ROOT INFO:Creating EnergyPlus simulation environment...
[2017-12-08 16:23:46,084] EPLUS_ENV_IW-tmy3Weather-v9606_Thread-8_ROOT INFO:EnergyPlus working directory is in /home/zhiangz/Documents/HVAC-RL-Control/src/iw_ctrl_runs_v2/25/Eplus-env-IW-tmy3Weather-v9606-res8/Eplus-env-sub_run1
[2017-12-08 16:23:47,042] A3C_AGENT_MAIN INFO:Prepare the local workers ...
[2017-12-08 16:23:47,043] A3C_AGENT_WORKER-Thread-9 INFO:Local worker starts!
[2017-12-08 16:23:47,074] Making new env: IW-tmy3Weather-v9606
[2017-12-08 16:23:47,083] EPLUS_ENV_IW-tmy3Weather-v9606_Thread-9_ROOT INFO:Creating EnergyPlus simulation environment...
[2017-12-08 16:23:47,085] EPLUS_ENV_IW-tmy3Weather-v9606_Thread-9_ROOT INFO:EnergyPlus working directory is in /home/zhiangz/Documents/HVAC-RL-Control/src/iw_ctrl_runs_v2/25/Eplus-env-IW-tmy3Weather-v9606-res9/Eplus-env-sub_run1
[2017-12-08 16:23:47,346] A3C_AGENT_WORKER-Thread-2 INFO:Evaluating...
[2017-12-08 16:23:47,346] EPLUS_ENV_IW-tmy3Weather-v9606_MainThread_ROOT INFO:Creating EnergyPlus simulation environment...
[2017-12-08 16:23:47,348] EPLUS_ENV_IW-tmy3Weather-v9606_MainThread_ROOT INFO:EnergyPlus working directory is in /home/zhiangz/Documents/HVAC-RL-Control/src/iw_ctrl_runs_v2/25/Eplus-env-IW-tmy3Weather-v9606-res1/Eplus-env-sub_run1
[2017-12-08 16:23:48,044] A3C_AGENT_MAIN INFO:Prepare the local workers ...
[2017-12-08 16:23:48,045] A3C_AGENT_WORKER-Thread-10 INFO:Local worker starts!
[2017-12-08 16:23:48,081] Making new env: IW-tmy3Weather-v9606
[2017-12-08 16:23:48,090] EPLUS_ENV_IW-tmy3Weather-v9606_Thread-10_ROOT INFO:Creating EnergyPlus simulation environment...
[2017-12-08 16:23:48,092] EPLUS_ENV_IW-tmy3Weather-v9606_Thread-10_ROOT INFO:EnergyPlus working directory is in /home/zhiangz/Documents/HVAC-RL-Control/src/iw_ctrl_runs_v2/25/Eplus-env-IW-tmy3Weather-v9606-res10/Eplus-env-sub_run1
[2017-12-08 16:23:49,046] A3C_AGENT_MAIN INFO:Prepare the local workers ...
[2017-12-08 16:23:49,046] A3C_AGENT_WORKER-Thread-11 INFO:Local worker starts!
[2017-12-08 16:23:49,081] Making new env: IW-tmy3Weather-v9606
[2017-12-08 16:23:49,090] EPLUS_ENV_IW-tmy3Weather-v9606_Thread-11_ROOT INFO:Creating EnergyPlus simulation environment...
[2017-12-08 16:23:49,091] EPLUS_ENV_IW-tmy3Weather-v9606_Thread-11_ROOT INFO:EnergyPlus working directory is in /home/zhiangz/Documents/HVAC-RL-Control/src/iw_ctrl_runs_v2/25/Eplus-env-IW-tmy3Weather-v9606-res11/Eplus-env-sub_run1
[2017-12-08 16:23:50,047] A3C_AGENT_MAIN INFO:Prepare the local workers ...
[2017-12-08 16:23:50,048] A3C_AGENT_WORKER-Thread-12 INFO:Local worker starts!
[2017-12-08 16:23:50,072] Making new env: IW-tmy3Weather-v9606
[2017-12-08 16:23:50,081] EPLUS_ENV_IW-tmy3Weather-v9606_Thread-12_ROOT INFO:Creating EnergyPlus simulation environment...
[2017-12-08 16:23:50,083] EPLUS_ENV_IW-tmy3Weather-v9606_Thread-12_ROOT INFO:EnergyPlus working directory is in /home/zhiangz/Documents/HVAC-RL-Control/src/iw_ctrl_runs_v2/25/Eplus-env-IW-tmy3Weather-v9606-res12/Eplus-env-sub_run1
[2017-12-08 16:23:51,049] A3C_AGENT_MAIN INFO:Prepare the local workers ...
[2017-12-08 16:23:51,050] A3C_AGENT_WORKER-Thread-13 INFO:Local worker starts!
[2017-12-08 16:23:51,079] Making new env: IW-tmy3Weather-v9606
[2017-12-08 16:23:51,088] EPLUS_ENV_IW-tmy3Weather-v9606_Thread-13_ROOT INFO:Creating EnergyPlus simulation environment...
[2017-12-08 16:23:51,090] EPLUS_ENV_IW-tmy3Weather-v9606_Thread-13_ROOT INFO:EnergyPlus working directory is in /home/zhiangz/Documents/HVAC-RL-Control/src/iw_ctrl_runs_v2/25/Eplus-env-IW-tmy3Weather-v9606-res13/Eplus-env-sub_run1
[2017-12-08 16:23:52,066] A3C_AGENT_MAIN INFO:Prepare the local workers ...
[2017-12-08 16:23:52,066] A3C_AGENT_WORKER-Thread-14 INFO:Local worker starts!
[2017-12-08 16:23:52,094] Making new env: IW-tmy3Weather-v9606
[2017-12-08 16:23:52,102] EPLUS_ENV_IW-tmy3Weather-v9606_Thread-14_ROOT INFO:Creating EnergyPlus simulation environment...
[2017-12-08 16:23:52,103] EPLUS_ENV_IW-tmy3Weather-v9606_Thread-14_ROOT INFO:EnergyPlus working directory is in /home/zhiangz/Documents/HVAC-RL-Control/src/iw_ctrl_runs_v2/25/Eplus-env-IW-tmy3Weather-v9606-res14/Eplus-env-sub_run1
[2017-12-08 16:23:53,067] A3C_AGENT_MAIN INFO:Prepare the local workers ...
[2017-12-08 16:23:53,068] A3C_AGENT_WORKER-Thread-15 INFO:Local worker starts!
[2017-12-08 16:23:53,088] Making new env: IW-tmy3Weather-v9606
[2017-12-08 16:23:53,094] EPLUS_ENV_IW-tmy3Weather-v9606_Thread-15_ROOT INFO:Creating EnergyPlus simulation environment...
[2017-12-08 16:23:53,095] EPLUS_ENV_IW-tmy3Weather-v9606_Thread-15_ROOT INFO:EnergyPlus working directory is in /home/zhiangz/Documents/HVAC-RL-Control/src/iw_ctrl_runs_v2/25/Eplus-env-IW-tmy3Weather-v9606-res15/Eplus-env-sub_run1
[2017-12-08 16:23:54,069] A3C_AGENT_MAIN INFO:Prepare the local workers ...
[2017-12-08 16:23:54,070] A3C_AGENT_WORKER-Thread-16 INFO:Local worker starts!
[2017-12-08 16:23:54,100] Making new env: IW-tmy3Weather-v9606
[2017-12-08 16:23:54,112] EPLUS_ENV_IW-tmy3Weather-v9606_Thread-16_ROOT INFO:Creating EnergyPlus simulation environment...
[2017-12-08 16:23:54,114] EPLUS_ENV_IW-tmy3Weather-v9606_Thread-16_ROOT INFO:EnergyPlus working directory is in /home/zhiangz/Documents/HVAC-RL-Control/src/iw_ctrl_runs_v2/25/Eplus-env-IW-tmy3Weather-v9606-res16/Eplus-env-sub_run1
[2017-12-08 16:23:55,070] A3C_AGENT_MAIN INFO:Prepare the local workers ...
[2017-12-08 16:23:55,071] A3C_AGENT_WORKER-Thread-17 INFO:Local worker starts!
[2017-12-08 16:23:55,105] Making new env: IW-tmy3Weather-v9606
[2017-12-08 16:23:55,114] EPLUS_ENV_IW-tmy3Weather-v9606_Thread-17_ROOT INFO:Creating EnergyPlus simulation environment...
[2017-12-08 16:23:55,116] EPLUS_ENV_IW-tmy3Weather-v9606_Thread-17_ROOT INFO:EnergyPlus working directory is in /home/zhiangz/Documents/HVAC-RL-Control/src/iw_ctrl_runs_v2/25/Eplus-env-IW-tmy3Weather-v9606-res17/Eplus-env-sub_run1
[2017-12-08 16:23:58,007] A3C_AGENT_WORKER-Thread-2 DEBUG:Observation this: [7.2, 96.0, 4.766666666666666, 210.0, 0.0, 0.0, 12.2, 24.06938922767644, 20.0, 19.67680981588008, 21.5, 0.0, 33.64462533617135]
[2017-12-08 16:23:58,008] A3C_AGENT_WORKER-Thread-2 DEBUG:Observation forecast: []
[2017-12-08 16:23:58,010] A3C_AGENT_WORKER-Thread-2 INFO:Softmax [ 0.12049196  0.07689258  0.11933776  0.10978971  0.13154308  0.1138303
  0.12293664  0.08944959  0.11572842]
[2017-12-08 16:23:58,203] A3C_AGENT_WORKER-Thread-2 DEBUG:Observation this: [7.7, 93.0, 5.1, 240.0, 0.0, 0.0, 12.7, 21.0155529574553, 24.5, 19.99369163107727, 21.5, 0.0, 37.82286990907931]
[2017-12-08 16:23:58,203] A3C_AGENT_WORKER-Thread-2 DEBUG:Observation forecast: []
[2017-12-08 16:23:58,204] A3C_AGENT_WORKER-Thread-2 INFO:Softmax [ 0.11209194  0.08575415  0.11304631  0.11725337  0.12731783  0.11075934
  0.12242879  0.08309048  0.12825777]
[2017-12-08 16:24:02,298] A3C_AGENT_WORKER-Thread-2 DEBUG:Observation this: [1.508333333333334, 85.91666666666666, 4.516666666666666, 279.1666666666666, 0.0, 0.0, -3.4, 9.37107130049459, 18.0, 21.93029854684728, 21.5, 0.0, 0.0]
[2017-12-08 16:24:02,298] A3C_AGENT_WORKER-Thread-2 DEBUG:Observation forecast: []
[2017-12-08 16:24:02,299] A3C_AGENT_WORKER-Thread-2 INFO:Softmax [ 0.12101444  0.08930432  0.11705304  0.11050064  0.13109648  0.10552716
  0.11620122  0.09231117  0.11699145]
[2017-12-08 16:24:02,539] A3C_AGENT_WORKER-Thread-2 DEBUG:Observation this: [-3.25, 81.0, 6.874999999999999, 267.5, 0.0, 0.0, 1.8, 13.97205815160822, 25.0, 20.98562467508693, 21.5, 0.0, 45.27025184297474]
[2017-12-08 16:24:02,540] A3C_AGENT_WORKER-Thread-2 DEBUG:Observation forecast: []
[2017-12-08 16:24:02,541] A3C_AGENT_WORKER-Thread-2 INFO:Softmax [ 0.11387772  0.08145122  0.12751031  0.11388763  0.13018048  0.11452156
  0.11764994  0.0944903   0.10643079]
[2017-12-08 16:24:03,321] A3C_AGENT_WORKER-Thread-2 DEBUG:Observation this: [-7.633333333333333, 63.33333333333333, 9.033333333333333, 263.3333333333333, 38.33333333333334, 7.5, -12.59166666666667, 12.8033991989864, 18.0, 21.95238384391187, 22.7, 1.0, 0.0]
[2017-12-08 16:24:03,321] A3C_AGENT_WORKER-Thread-2 DEBUG:Observation forecast: []
[2017-12-08 16:24:03,323] A3C_AGENT_WORKER-Thread-2 INFO:Softmax [ 0.11246569  0.08067846  0.12976506  0.11469796  0.11476153  0.11565851
  0.13319372  0.09069526  0.10808376]
[2017-12-08 16:24:06,902] A3C_AGENT_WORKER-Thread-2 DEBUG:Observation this: [-8.2, 66.66666666666666, 5.133333333333333, 266.6666666666667, 0.0, 0.0, -3.15, 13.8395312247017, 24.0, 21.3363109086746, 22.7, 1.0, 96.1229107610293]
[2017-12-08 16:24:06,903] A3C_AGENT_WORKER-Thread-2 DEBUG:Observation forecast: []
[2017-12-08 16:24:06,905] A3C_AGENT_WORKER-Thread-2 INFO:Softmax [ 0.11905558  0.08623713  0.12851651  0.1245221   0.12185476  0.10326213
  0.12827215  0.08666407  0.10161563]
[2017-12-08 16:24:07,275] A3C_AGENT_WORKER-Thread-2 DEBUG:Observation this: [-8.4, 68.0, 5.1, 260.0, 0.0, 0.0, -13.4, 16.93439667213102, 18.0, 21.16158964507365, 21.5, 0.0, 0.0]
[2017-12-08 16:24:07,275] A3C_AGENT_WORKER-Thread-2 DEBUG:Observation forecast: []
[2017-12-08 16:24:07,277] A3C_AGENT_WORKER-Thread-2 INFO:Softmax [ 0.11914038  0.0879502   0.12873918  0.11105445  0.12219316  0.11486583
  0.12710834  0.08649642  0.102452  ]
[2017-12-08 16:24:11,623] A3C_AGENT_WORKER-Thread-2 DEBUG:Observation this: [-3.4, 65.0, 6.35, 220.0, 0.0, 0.0, 1.6, 18.01018209511979, 24.0, 21.34219942337538, 22.7, 1.0, 72.13331207634047]
[2017-12-08 16:24:11,624] A3C_AGENT_WORKER-Thread-2 DEBUG:Observation forecast: []
[2017-12-08 16:24:11,626] A3C_AGENT_WORKER-Thread-2 INFO:Softmax [ 0.11519784  0.07970276  0.13138919  0.12130876  0.12745017  0.10324265
  0.12936504  0.08503637  0.10730718]
[2017-12-08 16:24:11,881] A3C_AGENT_WORKER-Thread-2 DEBUG:Observation this: [-3.4, 65.0, 5.516666666666667, 218.3333333333333, 0.0, 0.0, -8.399999999999999, 23.64432902943397, 18.0, 20.79679993958623, 22.7, 1.0, 0.0]
[2017-12-08 16:24:11,881] A3C_AGENT_WORKER-Thread-2 DEBUG:Observation forecast: []
[2017-12-08 16:24:11,883] A3C_AGENT_WORKER-Thread-2 INFO:Softmax [ 0.10729226  0.09586629  0.12456796  0.12379277  0.12230572  0.10838009
  0.12676983  0.08556598  0.10545909]
[2017-12-08 16:24:12,975] A3C_AGENT_WORKER-Thread-2 DEBUG:Observation this: [-10.50833333333333, 67.25, 7.241666666666666, 263.3333333333333, 0.0, 0.0, -5.41666666666667, 43.79904947463012, 23.0, 18.36140613238731, 21.5, 0.0, 64.37010494453588]
[2017-12-08 16:24:12,975] A3C_AGENT_WORKER-Thread-2 DEBUG:Observation forecast: []
[2017-12-08 16:24:12,978] A3C_AGENT_WORKER-Thread-2 INFO:Softmax [ 0.11315081  0.08762154  0.12294186  0.11293209  0.12760189  0.11748761
  0.11358236  0.09751026  0.10717147]
[2017-12-08 16:24:14,988] A3C_AGENT_WORKER-Thread-2 DEBUG:Observation this: [-9.683333333333334, 44.83333333333334, 7.783333333333333, 278.3333333333333, 87.0, 715.6666666666666, -4.775, 22.93392426411949, 20.5, 20.66241149354641, 22.7, 1.0, 38.31518637339087]
[2017-12-08 16:24:14,989] A3C_AGENT_WORKER-Thread-2 DEBUG:Observation forecast: []
[2017-12-08 16:24:14,990] A3C_AGENT_WORKER-Thread-2 INFO:Softmax [ 0.11706649  0.07715931  0.12170944  0.11633066  0.13385908  0.10666021
  0.12881267  0.08665342  0.11174864]
[2017-12-08 16:24:15,156] A3C_AGENT_WORKER-Thread-2 DEBUG:Observation this: [-9.5, 44.0, 7.7, 280.0, 95.0, 631.0, -4.5, 22.815081788409, 25.0, 20.47958742006694, 22.7, 1.0, 98.73699955826524]
[2017-12-08 16:24:15,156] A3C_AGENT_WORKER-Thread-2 DEBUG:Observation forecast: []
[2017-12-08 16:24:15,158] A3C_AGENT_WORKER-Thread-2 INFO:Softmax [ 0.11050276  0.07819919  0.13147952  0.113322    0.13946128  0.11512337
  0.12238293  0.0887417   0.10078724]
[2017-12-08 16:24:16,983] A3C_AGENT_WORKER-Thread-2 DEBUG:Observation this: [-12.25, 62.5, 5.1, 279.1666666666666, 0.0, 0.0, -7.199999999999999, 22.33621741250884, 25.0, 20.66407100984246, 22.7, 1.0, 77.47911543807592]
[2017-12-08 16:24:16,983] A3C_AGENT_WORKER-Thread-2 DEBUG:Observation forecast: []
[2017-12-08 16:24:16,985] A3C_AGENT_WORKER-Thread-2 INFO:Softmax [ 0.11644009  0.08575704  0.11944147  0.11431107  0.14012931  0.09807619
  0.12517692  0.08708519  0.11358272]
[2017-12-08 16:24:17,760] A3C_AGENT_WORKER-Thread-2 DEBUG:Observation this: [-14.15, 67.25, 5.1, 265.8333333333333, 0.0, 0.0, -9.1, 35.66845215172736, 23.5, 19.29450535023011, 21.5, 0.0, 38.26737145530925]
[2017-12-08 16:24:17,760] A3C_AGENT_WORKER-Thread-2 DEBUG:Observation forecast: []
[2017-12-08 16:24:17,762] A3C_AGENT_WORKER-Thread-2 INFO:Softmax [ 0.11805596  0.08643183  0.12228256  0.11420595  0.12855674  0.11824664
  0.11110494  0.09368681  0.10742855]
[2017-12-08 16:24:17,795] A3C_AGENT_WORKER-Thread-2 DEBUG:Observation this: [-14.5, 69.0, 5.1, 260.0, 0.0, 0.0, -9.45, 36.97855544979698, 19.0, 19.13947939000853, 21.5, 0.0, 45.72494290025538]
[2017-12-08 16:24:17,795] A3C_AGENT_WORKER-Thread-2 DEBUG:Observation forecast: []
[2017-12-08 16:24:17,797] A3C_AGENT_WORKER-Thread-2 INFO:Softmax [ 0.11470882  0.09365684  0.11869483  0.11590654  0.12862113  0.11206418
  0.11862642  0.09723999  0.10048129]
[2017-12-08 16:24:18,298] A3C_AGENT_WORKER-Thread-2 DEBUG:Observation this: [-16.36666666666667, 79.0, 5.433333333333334, 260.0, 0.0, 0.0, -11.325, 49.22374132741324, 23.0, 17.99812961244232, 22.7, 1.0, 88.36841516301739]
[2017-12-08 16:24:18,298] A3C_AGENT_WORKER-Thread-2 DEBUG:Observation forecast: []
[2017-12-08 16:24:18,300] A3C_AGENT_WORKER-Thread-2 INFO:Softmax [ 0.12295263  0.08923949  0.11108782  0.11109231  0.13101308  0.11488952
  0.11507431  0.09407411  0.1105768 ]
[2017-12-08 16:24:21,060] A3C_AGENT_WORKER-Thread-2 DEBUG:Observation this: [-9.583333333333332, 40.5, 6.124999999999999, 239.1666666666667, 43.41666666666666, 779.9166666666667, -4.666666666666666, 16.40698981199762, 25.0, 21.83289518921014, 22.7, 1.0, 55.0583685650118]
[2017-12-08 16:24:21,060] A3C_AGENT_WORKER-Thread-2 DEBUG:Observation forecast: []
[2017-12-08 16:24:21,063] A3C_AGENT_WORKER-Thread-2 INFO:Softmax [ 0.11904947  0.07812692  0.12783764  0.12027153  0.13315718  0.1044971
  0.1258692   0.08200792  0.10918308]
[2017-12-08 16:24:21,885] A3C_AGENT_WORKER-Thread-2 DEBUG:Observation this: [-9.499999999999998, 40.0, 6.058333333333333, 220.0, 0.0, 0.0, -14.5, 24.63616267510051, 18.0, 20.6909666877919, 22.7, 1.0, 0.0]
[2017-12-08 16:24:21,885] A3C_AGENT_WORKER-Thread-2 DEBUG:Observation forecast: []
[2017-12-08 16:24:21,887] A3C_AGENT_WORKER-Thread-2 INFO:Softmax [ 0.11293457  0.09241068  0.12281671  0.11444794  0.1404085   0.10567759
  0.11968905  0.08592252  0.10569239]
[2017-12-08 16:24:22,713] A3C_AGENT_WORKER-Thread-2 DEBUG:Observation this: [-11.60833333333333, 53.58333333333334, 3.55, 190.8333333333333, 0.0, 0.0, -6.516666666666669, 27.91116446954534, 24.5, 20.13620520053471, 21.5, 0.0, 42.80103212319454]
[2017-12-08 16:24:22,713] A3C_AGENT_WORKER-Thread-2 DEBUG:Observation forecast: []
[2017-12-08 16:24:22,715] A3C_AGENT_WORKER-Thread-2 INFO:Softmax [ 0.12273855  0.09496827  0.11952343  0.11467174  0.12701435  0.11253008
  0.10508422  0.08541044  0.11805898]
[2017-12-08 16:24:23,088] A3C_AGENT_WORKER-Thread-2 DEBUG:Observation this: [-11.1, 51.5, 5.433333333333334, 163.3333333333333, 0.0, 0.0, -6.050000000000001, 37.98903985942238, 23.5, 19.1128590044136, 21.5, 0.0, 44.44666836753615]
[2017-12-08 16:24:23,088] A3C_AGENT_WORKER-Thread-2 DEBUG:Observation forecast: []
[2017-12-08 16:24:23,090] A3C_AGENT_WORKER-Thread-2 INFO:Softmax [ 0.11035167  0.09481251  0.11171156  0.11409869  0.1333409   0.11427181
  0.11437232  0.09809544  0.1089451 ]
[2017-12-08 16:24:23,227] A3C_AGENT_WORKER-Thread-2 DEBUG:Observation this: [-9.591666666666665, 44.66666666666666, 4.641666666666666, 160.8333333333333, 0.0, 0.0, -14.68333333333333, 46.61408620833987, 18.0, 18.3639621312397, 21.5, 0.0, 0.0]
[2017-12-08 16:24:23,228] A3C_AGENT_WORKER-Thread-2 DEBUG:Observation forecast: []
[2017-12-08 16:24:23,230] A3C_AGENT_WORKER-Thread-2 INFO:Softmax [ 0.11479796  0.0944887   0.11172051  0.11421606  0.12597372  0.11714461
  0.11527364  0.09594919  0.11043555]
[2017-12-08 16:24:27,525] A3C_AGENT_WORKER-Thread-2 DEBUG:Observation this: [0.4583333333333333, 91.91666666666666, 5.225, 291.6666666666666, 20.25, 62.75000000000001, 5.5, 26.0943998136528, 25.0, 19.5653916498979, 22.7, 1.0, 103.4494725346787]
[2017-12-08 16:24:27,525] A3C_AGENT_WORKER-Thread-2 DEBUG:Observation forecast: []
[2017-12-08 16:24:27,528] A3C_AGENT_WORKER-Thread-2 INFO:Softmax [ 0.11400403  0.08173393  0.11415967  0.1108209   0.13043588  0.11485451
  0.11963813  0.08734323  0.12700963]
[2017-12-08 16:24:28,968] A3C_AGENT_WORKER-Thread-2 DEBUG:Observation this: [-0.9666666666666666, 80.58333333333333, 6.558333333333333, 330.0, 126.5833333333333, 374.25, -5.933333333333334, 18.01209067113776, 18.0, 20.81220663312602, 22.7, 1.0, 0.0]
[2017-12-08 16:24:28,968] A3C_AGENT_WORKER-Thread-2 DEBUG:Observation forecast: []
[2017-12-08 16:24:28,969] A3C_AGENT_WORKER-Thread-2 INFO:Softmax [ 0.10535394  0.0855413   0.12527372  0.10745385  0.14016217  0.10465914
  0.12871285  0.09021078  0.11263229]
[2017-12-08 16:24:31,358] A3C_AGENT_WORKER-Thread-2 DEBUG:Observation this: [-4.5, 77.16666666666667, 5.683333333333334, 240.0, 6.333333333333332, 0.0, -9.5, 31.37575639286875, 18.0, 19.3937090380505, 21.5, 0.0, 0.0]
[2017-12-08 16:24:31,358] A3C_AGENT_WORKER-Thread-2 DEBUG:Observation forecast: []
[2017-12-08 16:24:31,360] A3C_AGENT_WORKER-Thread-2 INFO:Softmax [ 0.10709578  0.09461054  0.10654408  0.1165871   0.13371578  0.11960161
  0.11416197  0.0916485   0.11603469]
[2017-12-08 16:24:32,203] A3C_AGENT_WORKER-Thread-2 DEBUG:Observation this: [-3.858333333333333, 65.0, 9.158333333333331, 249.1666666666667, 114.5833333333333, 21.25, 1.1, 18.90728218399634, 25.0, 20.99563771780769, 22.7, 1.0, 72.65217965392273]
[2017-12-08 16:24:32,203] A3C_AGENT_WORKER-Thread-2 DEBUG:Observation forecast: []
[2017-12-08 16:24:32,205] A3C_AGENT_WORKER-Thread-2 INFO:Softmax [ 0.11391737  0.08620917  0.13554631  0.10778925  0.12741293  0.10494347
  0.12488369  0.08418033  0.11511746]
[2017-12-08 16:24:33,401] A3C_AGENT_WORKER-Thread-2 DEBUG:Observation this: [-1.566666666666667, 59.66666666666667, 7.0, 256.6666666666666, 165.1666666666667, 86.83333333333333, 3.341666666666667, 15.8533853172266, 22.5, 21.44087640636515, 22.7, 1.0, 64.167015888814]
[2017-12-08 16:24:33,401] A3C_AGENT_WORKER-Thread-2 DEBUG:Observation forecast: []
[2017-12-08 16:24:33,403] A3C_AGENT_WORKER-Thread-2 INFO:Softmax [ 0.11317622  0.09178472  0.12996708  0.10123225  0.13819063  0.10725023
  0.11655598  0.0861704   0.1156725 ]
[2017-12-08 16:24:36,036] A3C_AGENT_WORKER-Thread-2 DEBUG:Observation this: [-3.9, 71.0, 2.916666666666667, 231.6666666666667, 0.0, 0.0, 1.100000000000001, 16.30786243622861, 24.5, 21.25893314887119, 21.5, 0.0, 39.74438589030151]
[2017-12-08 16:24:36,037] A3C_AGENT_WORKER-Thread-2 DEBUG:Observation forecast: []
[2017-12-08 16:24:36,038] A3C_AGENT_WORKER-Thread-2 INFO:Softmax [ 0.12122605  0.09059922  0.11893984  0.10586447  0.13814643  0.10673021
  0.10907247  0.08513848  0.12428281]
[2017-12-08 16:24:36,044] A3C_AGENT_WORKER-Thread-2 DEBUG:Observation this: [-3.9, 71.0, 2.875, 232.5, 0.0, 0.0, 1.1, 16.35660923775238, 19.5, 21.24918726701348, 21.5, 0.0, 39.66965081868614]
[2017-12-08 16:24:36,044] A3C_AGENT_WORKER-Thread-2 DEBUG:Observation forecast: []
[2017-12-08 16:24:36,045] A3C_AGENT_WORKER-Thread-2 INFO:Softmax [ 0.11557642  0.09193912  0.11698018  0.1106933   0.13148265  0.11496347
  0.10920122  0.08971591  0.11944775]
[2017-12-08 16:24:36,433] A3C_AGENT_WORKER-Thread-2 DEBUG:Observation this: [-2.383333333333333, 75.83333333333333, 4.516666666666666, 258.3333333333334, 0.0, 0.0, 2.575, 23.30855532894696, 19.0, 20.34051824543175, 21.5, 0.0, 32.44127155287212]
[2017-12-08 16:24:36,433] A3C_AGENT_WORKER-Thread-2 DEBUG:Observation forecast: []
[2017-12-08 16:24:36,435] A3C_AGENT_WORKER-Thread-2 INFO:Softmax [ 0.11088876  0.09127022  0.11898391  0.11922952  0.11939149  0.11600239
  0.11979824  0.09271543  0.11172008]
[2017-12-08 16:24:40,182] A3C_AGENT_WORKER-Thread-2 DEBUG:Observation this: [-7.799999999999999, 72.75, 1.708333333333333, 70.0, 0.0, 0.0, -2.8, 27.05106318637839, 24.0, 19.73745827152759, 21.5, 0.0, 43.04741989270977]
[2017-12-08 16:24:40,182] A3C_AGENT_WORKER-Thread-2 DEBUG:Observation forecast: []
[2017-12-08 16:24:40,185] A3C_AGENT_WORKER-Thread-2 INFO:Softmax [ 0.118214    0.09430243  0.11392132  0.1186232   0.12634006  0.10573649
  0.12087993  0.09091882  0.11106371]
[2017-12-08 16:24:43,374] A3C_AGENT_WORKER-Thread-2 DEBUG:Observation this: [-3.9, 84.25, 3.325, 82.5, 56.5, 0.0, 1.100000000000001, 12.88663600323216, 19.5, 22.24649063299908, 22.7, 1.0, 37.11326599373464]
[2017-12-08 16:24:43,374] A3C_AGENT_WORKER-Thread-2 DEBUG:Observation forecast: []
[2017-12-08 16:24:43,376] A3C_AGENT_WORKER-Thread-2 INFO:Softmax [ 0.11231454  0.09655472  0.12804033  0.11240069  0.12917852  0.10916863
  0.12673841  0.08680811  0.09879613]
[2017-12-08 16:24:46,533] A3C_AGENT_WORKER-Thread-2 DEBUG:Observation this: [0.0, 72.0, 2.708333333333333, 102.5, 0.0, 0.0, 5.0, 19.81021092156228, 24.5, 20.90489564209261, 22.7, 1.0, 76.3224328048574]
[2017-12-08 16:24:46,534] A3C_AGENT_WORKER-Thread-2 DEBUG:Observation forecast: []
[2017-12-08 16:24:46,536] A3C_AGENT_WORKER-Thread-2 INFO:Softmax [ 0.11842902  0.09334221  0.11966729  0.11497055  0.12217794  0.11159875
  0.11759484  0.08719857  0.11502082]
[2017-12-08 16:24:50,471] A3C_AGENT_WORKER-Thread-2 DEBUG:Observation this: [5.333333333333334, 91.33333333333333, 4.766666666666666, 146.6666666666667, 0.0, 0.0, 0.2916666666666661, 11.69779344732776, 18.0, 21.78378713835376, 21.5, 0.0, 0.0]
[2017-12-08 16:24:50,472] A3C_AGENT_WORKER-Thread-2 DEBUG:Observation forecast: []
[2017-12-08 16:24:50,473] A3C_AGENT_WORKER-Thread-2 INFO:Softmax [ 0.11171048  0.08548254  0.12644187  0.11490536  0.12123904  0.11798399
  0.11911361  0.09051213  0.11261097]
[2017-12-08 16:24:51,384] A3C_AGENT_WORKER-Thread-2 DEBUG:Observation this: [10.04166666666667, 92.08333333333333, 5.558333333333333, 198.3333333333333, 46.25, 0.0, 15.0, 5.713455671527098, 21.5, 23.91447496025592, 22.7, 1.0, 35.34326227517621]
[2017-12-08 16:24:51,384] A3C_AGENT_WORKER-Thread-2 DEBUG:Observation forecast: []
[2017-12-08 16:24:51,386] A3C_AGENT_WORKER-Thread-2 INFO:Softmax [ 0.11076136  0.08604199  0.1272382   0.1190224   0.12482171  0.10229111
  0.1376446   0.08250444  0.10967429]
[2017-12-08 16:24:51,465] A3C_AGENT_WORKER-Thread-2 DEBUG:Observation this: [10.20833333333333, 92.41666666666666, 5.391666666666666, 191.6666666666667, 57.25, 0.0, 15.16666666666667, 5.783709295851956, 21.5, 23.88980307491753, 22.7, 1.0, 25.60052981331137]
[2017-12-08 16:24:51,465] A3C_AGENT_WORKER-Thread-2 DEBUG:Observation forecast: []
[2017-12-08 16:24:51,468] A3C_AGENT_WORKER-Thread-2 INFO:Softmax [ 0.11206914  0.08828042  0.13301921  0.12006274  0.12285113  0.10023177
  0.13338062  0.08168229  0.10842262]
[2017-12-08 16:24:52,140] A3C_AGENT_WORKER-Thread-2 DEBUG:Observation this: [12.36666666666667, 86.0, 6.133333333333333, 203.3333333333334, 126.6666666666667, 0.0, 17.325, 5.873439900958718, 23.0, 24.31353570587378, 22.7, 1.0, 15.58935515196602]
[2017-12-08 16:24:52,140] A3C_AGENT_WORKER-Thread-2 DEBUG:Observation forecast: []
[2017-12-08 16:24:52,142] A3C_AGENT_WORKER-Thread-2 INFO:Softmax [ 0.11892556  0.08829991  0.13305101  0.11272949  0.123758    0.09966656
  0.12963262  0.08667056  0.10726631]
[2017-12-08 16:24:52,379] A3C_AGENT_WORKER-Thread-2 DEBUG:Observation this: [13.55, 83.5, 6.65, 205.0, 119.0, 0.0, 18.40833333333333, 6.269025432059391, 22.0, 24.67256777460548, 22.7, 1.0, 15.66586337622475]
[2017-12-08 16:24:52,379] A3C_AGENT_WORKER-Thread-2 DEBUG:Observation forecast: []
[2017-12-08 16:24:52,382] A3C_AGENT_WORKER-Thread-2 INFO:Softmax [ 0.12022593  0.08870378  0.13855442  0.11203229  0.12475848  0.09619556
  0.12391568  0.08368736  0.11192657]
[2017-12-08 16:24:52,646] A3C_AGENT_WORKER-Thread-2 DEBUG:Observation this: [15.5, 77.0, 6.466666666666667, 196.6666666666667, 20.83333333333334, 0.0, 10.5, 6.413219301925835, 18.0, 24.63393926892828, 22.7, 1.0, 0.0]
[2017-12-08 16:24:52,646] A3C_AGENT_WORKER-Thread-2 DEBUG:Observation forecast: []
[2017-12-08 16:24:52,649] A3C_AGENT_WORKER-Thread-2 INFO:Softmax [ 0.11900157  0.08642988  0.14230272  0.11227351  0.1232346   0.09831011
  0.12774612  0.08094163  0.10975988]
[2017-12-08 16:24:53,212] A3C_AGENT_WORKER-Thread-2 DEBUG:Observation this: [14.4, 75.0, 4.1, 190.0, 0.0, 0.0, 9.4, 5.904430845733728, 18.0, 23.90538705602829, 21.5, 0.0, 0.0]
[2017-12-08 16:24:53,213] A3C_AGENT_WORKER-Thread-2 DEBUG:Observation forecast: []
[2017-12-08 16:24:53,215] A3C_AGENT_WORKER-Thread-2 INFO:Softmax [ 0.11536627  0.0916701   0.1275472   0.11426243  0.12471227  0.10331797
  0.11736506  0.08864782  0.1171109 ]
[2017-12-08 16:24:53,374] A3C_AGENT_WORKER-Thread-2 DEBUG:Observation this: [14.35, 77.08333333333333, 5.475, 209.1666666666667, 0.0, 0.0, 19.4, 5.707001995187876, 20.5, 23.72608296843597, 21.5, 0.0, 20.66192832349013]
[2017-12-08 16:24:53,375] A3C_AGENT_WORKER-Thread-2 DEBUG:Observation forecast: []
[2017-12-08 16:24:53,376] A3C_AGENT_WORKER-Thread-2 INFO:Softmax [ 0.1127747   0.08535818  0.1261474   0.11528772  0.12555796  0.10859504
  0.11955066  0.08844593  0.11828241]
[2017-12-08 16:24:55,745] A3C_AGENT_WORKER-Thread-2 DEBUG:Observation this: [18.63333333333333, 63.66666666666667, 9.533333333333333, 153.3333333333333, 161.8333333333333, 0.0, 23.59166666666667, 6.904889178204091, 25.0, 24.54289143355342, 22.7, 1.0, 17.10934317620684]
[2017-12-08 16:24:55,746] A3C_AGENT_WORKER-Thread-2 DEBUG:Observation forecast: []
[2017-12-08 16:24:55,748] A3C_AGENT_WORKER-Thread-2 INFO:Softmax [ 0.11839844  0.09125346  0.13138521  0.11624221  0.127509    0.09703331
  0.12643196  0.0808957   0.11085071]
[2017-12-08 16:24:56,191] A3C_AGENT_WORKER-Thread-2 DEBUG:Observation this: [18.675, 63.5, 8.575, 147.5, 67.25, 0.0, 23.63333333333333, 7.99883706512816, 19.0, 24.82069835442073, 22.7, 1.0, 4.561092802913229]
[2017-12-08 16:24:56,192] A3C_AGENT_WORKER-Thread-2 DEBUG:Observation forecast: []
[2017-12-08 16:24:56,194] A3C_AGENT_WORKER-Thread-2 INFO:Softmax [ 0.1211134   0.09294157  0.13105421  0.1102699   0.12684676  0.10045199
  0.12382152  0.08316179  0.1103389 ]
[2017-12-08 16:24:58,377] A3C_AGENT_WORKER-Thread-2 DEBUG:Observation this: [4.25, 95.25, 6.800000000000001, 250.0, 0.0, 0.0, -0.6999999999999993, 5.94437369097172, 18.0, 23.50460327107498, 21.5, 0.0, 0.0]
[2017-12-08 16:24:58,377] A3C_AGENT_WORKER-Thread-2 DEBUG:Observation forecast: []
[2017-12-08 16:24:58,379] A3C_AGENT_WORKER-Thread-2 INFO:Softmax [ 0.10741371  0.08822814  0.12293577  0.11394227  0.14439157  0.10931136
  0.1162938   0.08743887  0.11004449]
[2017-12-08 16:24:59,544] A3C_AGENT_WORKER-Thread-2 DEBUG:Observation this: [0.75, 92.0, 5.058333333333333, 284.1666666666666, 97.25, 0.0, 5.7, 5.587331722459242, 23.5, 23.7575760253904, 22.7, 1.0, 11.64989981586412]
[2017-12-08 16:24:59,544] A3C_AGENT_WORKER-Thread-2 DEBUG:Observation forecast: []
[2017-12-08 16:24:59,547] A3C_AGENT_WORKER-Thread-2 INFO:Softmax [ 0.12167194  0.08120845  0.13710164  0.1137984   0.11994502  0.10006152
  0.13039857  0.09050826  0.10530624]
[2017-12-08 16:24:59,840] A3C_AGENT_WORKER-Thread-2 DEBUG:Observation this: [1.1, 92.58333333333333, 6.558333333333334, 290.0, 41.83333333333333, 0.0, -3.9, 6.004122240498539, 18.0, 22.84958687035681, 22.7, 1.0, 0.0]
[2017-12-08 16:24:59,840] A3C_AGENT_WORKER-Thread-2 DEBUG:Observation forecast: []
[2017-12-08 16:24:59,842] A3C_AGENT_WORKER-Thread-2 INFO:Softmax [ 0.12034418  0.08446725  0.14701016  0.10345041  0.12729122  0.10120887
  0.12686832  0.08979592  0.09956366]
[2017-12-08 16:25:00,619] A3C_AGENT_WORKER-Thread-2 DEBUG:Observation this: [0.5, 96.0, 6.35, 295.0, 0.0, 0.0, 5.5, 5.576036670433164, 21.5, 23.37679380843576, 22.7, 1.0, 33.80799006436816]
[2017-12-08 16:25:00,619] A3C_AGENT_WORKER-Thread-2 DEBUG:Observation forecast: []
[2017-12-08 16:25:00,621] A3C_AGENT_WORKER-Thread-2 INFO:Softmax [ 0.12065056  0.08397055  0.13016194  0.11576293  0.12294638  0.1037778
  0.13022393  0.08694296  0.10556296]
[2017-12-08 16:25:01,235] A3C_AGENT_WORKER-Thread-2 DEBUG:Observation this: [0.5, 96.0, 5.266666666666666, 283.3333333333333, 0.0, 0.0, 5.5, 5.561069243520592, 24.5, 23.40409258991419, 21.5, 0.0, 22.01098759612849]
[2017-12-08 16:25:01,235] A3C_AGENT_WORKER-Thread-2 DEBUG:Observation forecast: []
[2017-12-08 16:25:01,237] A3C_AGENT_WORKER-Thread-2 INFO:Softmax [ 0.12375677  0.07965634  0.13495374  0.1198658   0.12784247  0.10560884
  0.13057715  0.08163176  0.09610708]
[2017-12-08 16:25:01,445] A3C_AGENT_WORKER-Thread-2 DEBUG:Observation this: [0.2083333333333333, 95.41666666666667, 4.933333333333333, 297.5, 0.0, 0.0, 5.25, 5.679066187440237, 25.0, 23.00219304795802, 21.5, 0.0, 36.12739541669788]
[2017-12-08 16:25:01,445] A3C_AGENT_WORKER-Thread-2 DEBUG:Observation forecast: []
[2017-12-08 16:25:01,447] A3C_AGENT_WORKER-Thread-2 INFO:Softmax [ 0.12712236  0.08512899  0.13026386  0.10903028  0.12855516  0.10420166
  0.1203382   0.08673971  0.10861974]
[2017-12-08 16:25:01,945] A3C_AGENT_WORKER-Thread-2 DEBUG:Observation this: [-0.6, 100.0, 3.475, 340.0, 0.0, 0.0, 4.4, 7.55136147705965, 25.0, 22.09733872297245, 21.5, 0.0, 39.5836753487439]
[2017-12-08 16:25:01,945] A3C_AGENT_WORKER-Thread-2 DEBUG:Observation forecast: []
[2017-12-08 16:25:01,947] A3C_AGENT_WORKER-Thread-2 INFO:Softmax [ 0.11976882  0.08400043  0.1238497   0.111036    0.12704204  0.10749358
  0.12146149  0.09073279  0.11461526]
[2017-12-08 16:25:02,068] A3C_AGENT_WORKER-Thread-2 DEBUG:Observation this: [-0.6, 100.0, 3.325, 345.0, 0.0, 0.0, 4.4, 6.712376485470844, 23.0, 22.42634029884202, 22.7, 1.0, 50.59475728288277]
[2017-12-08 16:25:02,068] A3C_AGENT_WORKER-Thread-2 DEBUG:Observation forecast: []
[2017-12-08 16:25:02,070] A3C_AGENT_WORKER-Thread-2 INFO:Softmax [ 0.11791902  0.08348923  0.12727109  0.11515844  0.11999644  0.1108158
  0.12386218  0.08465778  0.11683009]
[2017-12-08 16:25:06,137] A3C_AGENT_WORKER-Thread-2 DEBUG:Observation this: [1.141666666666667, 91.75, 4.383333333333333, 88.33333333333333, 0.0, 0.0, -3.9, 5.808326981104256, 18.0, 23.80130675923583, 22.7, 1.0, 0.0]
[2017-12-08 16:25:06,137] A3C_AGENT_WORKER-Thread-2 DEBUG:Observation forecast: []
[2017-12-08 16:25:06,139] A3C_AGENT_WORKER-Thread-2 INFO:Softmax [ 0.11473061  0.09507047  0.12352869  0.11670846  0.1327969   0.10531097
  0.12080153  0.0860746   0.10497773]
[2017-12-08 16:25:06,441] A3C_AGENT_WORKER-Thread-2 DEBUG:Observation this: [1.6, 92.0, 0.0, 0.0, 0.0, 0.0, 6.6, 5.85339208940439, 21.5, 23.22865761444815, 21.5, 0.0, 14.33582234170312]
[2017-12-08 16:25:06,441] A3C_AGENT_WORKER-Thread-2 DEBUG:Observation forecast: []
[2017-12-08 16:25:06,443] A3C_AGENT_WORKER-Thread-2 INFO:Softmax [ 0.11983765  0.08696582  0.11752476  0.11720344  0.1259988   0.11287048
  0.12725982  0.08830208  0.10403714]
[2017-12-08 16:25:06,578] A3C_AGENT_WORKER-Thread-2 DEBUG:Observation this: [1.75, 92.0, 1.875, 210.0, 0.0, 0.0, -3.3, 5.888195199111, 18.0, 23.20346971096405, 21.5, 0.0, 0.0]
[2017-12-08 16:25:06,578] A3C_AGENT_WORKER-Thread-2 DEBUG:Observation forecast: []
[2017-12-08 16:25:06,579] A3C_AGENT_WORKER-Thread-2 INFO:Softmax [ 0.11109985  0.09453516  0.12927823  0.1148337   0.1228394   0.10883594
  0.11423256  0.0933604   0.11098479]
[2017-12-08 16:25:10,654] A3C_AGENT_WORKER-Thread-2 DEBUG:Observation this: [8.833333333333334, 63.33333333333333, 5.1, 113.3333333333333, 202.6666666666667, 114.8333333333333, 13.69166666666667, 5.99478597828108, 21.0, 24.53985114605882, 22.7, 1.0, 18.42306402022493]
[2017-12-08 16:25:10,655] A3C_AGENT_WORKER-Thread-2 DEBUG:Observation forecast: []
[2017-12-08 16:25:10,656] A3C_AGENT_WORKER-Thread-2 INFO:Softmax [ 0.12294584  0.09272243  0.1244057   0.11670743  0.12089963  0.10486526
  0.1276678   0.07942891  0.11035705]
[2017-12-08 16:25:12,053] A3C_AGENT_WORKER-Thread-2 DEBUG:Observation this: [6.749999999999999, 85.0, 7.45, 110.0, 0.0, 0.0, 11.7, 5.768522520123803, 25.0, 23.81740427922084, 21.5, 0.0, 22.20407516030034]
[2017-12-08 16:25:12,053] A3C_AGENT_WORKER-Thread-2 DEBUG:Observation forecast: []
[2017-12-08 16:25:12,054] A3C_AGENT_WORKER-Thread-2 INFO:Softmax [ 0.12302447  0.08776653  0.11787226  0.11719843  0.1301138   0.10791672
  0.11391252  0.08811792  0.11407733]
[2017-12-08 16:25:12,515] A3C_AGENT_WORKER-Thread-2 DEBUG:Observation this: [5.125, 93.25, 7.300000000000001, 250.0, 0.0, 0.0, 10.16666666666667, 5.494880514785808, 20.5, 23.01118548143029, 21.5, 0.0, 29.15287734633953]
[2017-12-08 16:25:12,515] A3C_AGENT_WORKER-Thread-2 DEBUG:Observation forecast: []
[2017-12-08 16:25:12,517] A3C_AGENT_WORKER-Thread-2 INFO:Softmax [ 0.11130799  0.08374111  0.12226076  0.11035322  0.13147698  0.11214311
  0.12455617  0.08885471  0.11530583]
[2017-12-08 16:25:14,423] A3C_AGENT_WORKER-Thread-2 DEBUG:Observation this: [1.1, 88.00000000000001, 6.183333333333333, 231.6666666666667, 102.3333333333333, 0.0, 6.1, 6.027265482442552, 20.0, 24.14086722656482, 22.7, 1.0, 57.94988122425537]
[2017-12-08 16:25:14,423] A3C_AGENT_WORKER-Thread-2 DEBUG:Observation forecast: []
[2017-12-08 16:25:14,425] A3C_AGENT_WORKER-Thread-2 INFO:Softmax [ 0.11560176  0.09300748  0.13279215  0.11026096  0.12810123  0.10113692
  0.12342194  0.08350427  0.11217331]
[2017-12-08 16:25:15,118] A3C_AGENT_WORKER-Thread-2 DEBUG:Observation this: [1.516666666666667, 82.16666666666666, 6.699999999999999, 211.6666666666667, 45.33333333333334, 0.0, 6.475, 5.891890752482801, 20.5, 24.15813775325682, 22.7, 1.0, 12.35870884022224]
[2017-12-08 16:25:15,118] A3C_AGENT_WORKER-Thread-2 DEBUG:Observation forecast: []
[2017-12-08 16:25:15,120] A3C_AGENT_WORKER-Thread-2 INFO:Softmax [ 0.11855292  0.08921444  0.126678    0.10952283  0.13171083  0.09996878
  0.1259568   0.08845588  0.10993953]
[2017-12-08 16:25:16,863] A3C_AGENT_WORKER-Thread-2 DEBUG:Observation this: [-0.05, 90.66666666666666, 9.2, 240.8333333333333, 0.0, 0.0, 5.0, 6.306139779665803, 24.5, 22.6951417246251, 21.5, 0.0, 41.86940900892618]
[2017-12-08 16:25:16,863] A3C_AGENT_WORKER-Thread-2 DEBUG:Observation forecast: []
[2017-12-08 16:25:16,865] A3C_AGENT_WORKER-Thread-2 INFO:Softmax [ 0.10868559  0.08567192  0.11716399  0.1202392   0.13764882  0.1100605
  0.1199435   0.08823171  0.11235486]
[2017-12-08 16:25:17,921] A3C_AGENT_WORKER-Thread-2 DEBUG:Observation this: [-2.3, 87.0, 9.491666666666665, 255.8333333333333, 98.83333333333333, 0.0, 2.7, 8.666773553230719, 19.5, 22.11963704715737, 22.7, 1.0, 18.20631039374677]
[2017-12-08 16:25:17,921] A3C_AGENT_WORKER-Thread-2 DEBUG:Observation forecast: []
[2017-12-08 16:25:17,923] A3C_AGENT_WORKER-Thread-2 INFO:Softmax [ 0.10910757  0.0909581   0.13149957  0.10551266  0.12970836  0.10276742
  0.12879457  0.08746056  0.11419117]
[2017-12-08 16:25:26,981] A3C_AGENT_WORKER-Thread-2 DEBUG:Observation this: [-9.100000000000001, 87.66666666666666, 3.766666666666667, 220.0, 41.66666666666666, 109.0, -4.15, 18.10917191662964, 23.5, 21.20977617537046, 22.7, 1.0, 76.11080787942247]
[2017-12-08 16:25:26,981] A3C_AGENT_WORKER-Thread-2 DEBUG:Observation forecast: []
[2017-12-08 16:25:26,984] A3C_AGENT_WORKER-Thread-2 INFO:Softmax [ 0.12065871  0.07968501  0.12902729  0.11652053  0.11890116  0.10716564
  0.12915583  0.09214437  0.10674147]
[2017-12-08 16:25:27,208] A3C_AGENT_WORKER-Thread-2 DEBUG:Observation this: [-8.366666666666667, 83.66666666666667, 3.766666666666667, 216.6666666666667, 76.33333333333334, 461.0, -13.5, 19.2086003206471, 18.0, 21.12750270832989, 22.7, 1.0, 0.0]
[2017-12-08 16:25:27,208] A3C_AGENT_WORKER-Thread-2 DEBUG:Observation forecast: []
[2017-12-08 16:25:27,210] A3C_AGENT_WORKER-Thread-2 INFO:Softmax [ 0.11254646  0.08590391  0.13649808  0.11282355  0.11625251  0.11517802
  0.12395767  0.09025776  0.10658205]
[2017-12-08 16:25:30,429] A3C_AGENT_WORKER-Thread-2 DEBUG:Observation this: [-6.2, 87.0, 2.583333333333333, 260.0, 0.0, 0.0, -1.2, 24.39656488215175, 25.0, 19.88887817097922, 21.5, 0.0, 40.49412587854945]
[2017-12-08 16:25:30,429] A3C_AGENT_WORKER-Thread-2 DEBUG:Observation forecast: []
[2017-12-08 16:25:30,431] A3C_AGENT_WORKER-Thread-2 INFO:Softmax [ 0.11385938  0.08654478  0.11811757  0.11843117  0.12330458  0.11433882
  0.11813635  0.0911514   0.11611591]
[2017-12-08 16:25:30,548] A3C_AGENT_WORKER-Thread-2 DEBUG:Observation this: [-6.2, 87.0, 2.25, 252.5, 0.0, 0.0, -11.2, 31.85463806185308, 18.0, 19.20712370626877, 21.5, 0.0, 0.0]
[2017-12-08 16:25:30,549] A3C_AGENT_WORKER-Thread-2 DEBUG:Observation forecast: []
[2017-12-08 16:25:30,551] A3C_AGENT_WORKER-Thread-2 INFO:Softmax [ 0.11324921  0.08963285  0.11597089  0.11626392  0.11954083  0.11832859
  0.11933002  0.09662973  0.111054  ]
[2017-12-08 16:25:31,535] A3C_AGENT_WORKER-Thread-2 DEBUG:Observation this: [-6.016666666666667, 86.08333333333333, 5.058333333333334, 240.0, 45.66666666666666, 0.0, -1.033333333333333, 16.21029729001113, 23.0, 21.31880138044312, 22.7, 1.0, 71.00446023861141]
[2017-12-08 16:25:31,535] A3C_AGENT_WORKER-Thread-2 DEBUG:Observation forecast: []
[2017-12-08 16:25:31,538] A3C_AGENT_WORKER-Thread-2 INFO:Softmax [ 0.11716904  0.08202644  0.1317808   0.11060055  0.12929602  0.10534145
  0.12911534  0.08819384  0.10647652]
[2017-12-08 16:25:31,841] A3C_AGENT_WORKER-Thread-2 DEBUG:Observation this: [-5.666666666666667, 83.5, 5.516666666666667, 240.0, 80.0, 0.0, -10.7, 16.19307900536662, 18.0, 21.56840352540833, 22.7, 1.0, 0.0]
[2017-12-08 16:25:31,841] A3C_AGENT_WORKER-Thread-2 DEBUG:Observation forecast: []
[2017-12-08 16:25:31,843] A3C_AGENT_WORKER-Thread-2 INFO:Softmax [ 0.10909173  0.08803807  0.12774436  0.11490475  0.12061798  0.11110821
  0.13128287  0.09164491  0.10556713]
[2017-12-08 16:25:33,823] A3C_AGENT_WORKER-Thread-2 DEBUG:Observation this: [-3.899999999999999, 81.99999999999999, 6.016666666666666, 268.3333333333333, 48.25, 0.0, 1.1, 8.799523663186127, 18.5, 22.8533141514099, 22.7, 1.0, 58.50019962740416]
[2017-12-08 16:25:33,824] A3C_AGENT_WORKER-Thread-2 DEBUG:Observation forecast: []
[2017-12-08 16:25:33,826] A3C_AGENT_WORKER-Thread-2 INFO:Softmax [ 0.11950216  0.08595888  0.13258336  0.11107913  0.1263988   0.10774051
  0.13081318  0.08617278  0.09975118]
[2017-12-08 16:25:33,880] A3C_AGENT_WORKER-Thread-2 DEBUG:Observation this: [-3.9, 82.0, 5.766666666666667, 263.3333333333334, 38.5, 0.0, -8.9, 10.66698477317851, 18.0, 22.53592537878538, 22.7, 1.0, 0.0]
[2017-12-08 16:25:33,880] A3C_AGENT_WORKER-Thread-2 DEBUG:Observation forecast: []
[2017-12-08 16:25:33,883] A3C_AGENT_WORKER-Thread-2 INFO:Softmax [ 0.11742298  0.08503249  0.12818784  0.11639717  0.12077715  0.10739201
  0.13223937  0.09099046  0.10156059]
[2017-12-08 16:25:34,323] A3C_AGENT_WORKER-Thread-2 DEBUG:Observation this: [-3.899999999999999, 82.0, 5.225, 254.1666666666667, 0.0, 0.0, -8.9, 14.51670673117052, 18.0, 21.11302799829196, 22.7, 1.0, 0.0]
[2017-12-08 16:25:34,324] A3C_AGENT_WORKER-Thread-2 DEBUG:Observation forecast: []
[2017-12-08 16:25:34,325] A3C_AGENT_WORKER-Thread-2 INFO:Softmax [ 0.11952547  0.08737623  0.13321348  0.11716235  0.12464274  0.09964132
  0.12804544  0.08729836  0.10309459]
[2017-12-08 16:25:34,720] A3C_AGENT_WORKER-Thread-2 DEBUG:Observation this: [-3.9, 86.0, 3.683333333333333, 261.6666666666667, 0.0, 0.0, -8.9, 13.91036251857266, 18.0, 21.28125434478441, 21.5, 0.0, 0.0]
[2017-12-08 16:25:34,720] A3C_AGENT_WORKER-Thread-2 DEBUG:Observation forecast: []
[2017-12-08 16:25:34,722] A3C_AGENT_WORKER-Thread-2 INFO:Softmax [ 0.11561344  0.08884442  0.13227269  0.11492375  0.12832996  0.10518865
  0.12705433  0.08612422  0.10164858]
[2017-12-08 16:25:35,444] A3C_AGENT_WORKER-Thread-2 DEBUG:Observation this: [-6.7, 80.08333333333333, 3.875, 244.1666666666667, 0.0, 0.0, -1.7, 28.32950879922434, 25.0, 19.30118072023547, 21.5, 0.0, 46.88982894174395]
[2017-12-08 16:25:35,444] A3C_AGENT_WORKER-Thread-2 DEBUG:Observation forecast: []
[2017-12-08 16:25:35,446] A3C_AGENT_WORKER-Thread-2 INFO:Softmax [ 0.12110799  0.08243978  0.12794679  0.11352367  0.13349201  0.10307466
  0.11340684  0.09821542  0.10679277]
[2017-12-08 16:25:39,685] A3C_AGENT_WORKER-Thread-2 DEBUG:Observation this: [-6.050000000000001, 78.0, 3.15, 265.0, 0.0, 0.0, -1.100000000000001, 25.10268910175169, 22.0, 19.85495930880989, 21.5, 0.0, 34.34257285355395]
[2017-12-08 16:25:39,685] A3C_AGENT_WORKER-Thread-2 DEBUG:Observation forecast: []
[2017-12-08 16:25:39,687] A3C_AGENT_WORKER-Thread-2 INFO:Softmax [ 0.10956186  0.09265224  0.11505457  0.11653159  0.12904757  0.11566609
  0.11808475  0.08819173  0.11520963]
[2017-12-08 16:25:44,094] A3C_AGENT_WORKER-Thread-2 DEBUG:Observation this: [-5.749999999999999, 72.0, 4.975, 270.0, 0.0, 0.0, -0.7000000000000002, 17.81545182720173, 21.5, 20.54858556853171, 21.5, 0.0, 49.46129949036569]
[2017-12-08 16:25:44,095] A3C_AGENT_WORKER-Thread-2 DEBUG:Observation forecast: []
[2017-12-08 16:25:44,097] A3C_AGENT_WORKER-Thread-2 INFO:Softmax [ 0.12595558  0.08759616  0.12029979  0.1187415   0.12658188  0.10641999
  0.11068115  0.09010782  0.11361618]
[2017-12-08 16:25:49,345] A3C_AGENT_WORKER-Thread-2 DEBUG:Observation this: [-2.3, 60.0, 2.0, 301.6666666666667, 0.0, 0.0, 2.7, 9.300259101907388, 24.0, 22.21397096727016, 21.5, 0.0, 21.8004683158815]
[2017-12-08 16:25:49,345] A3C_AGENT_WORKER-Thread-2 DEBUG:Observation forecast: []
[2017-12-08 16:25:49,347] A3C_AGENT_WORKER-Thread-2 INFO:Softmax [ 0.11924814  0.09156621  0.1111697   0.11235673  0.13193648  0.11139951
  0.1176732   0.08713296  0.11751696]
[2017-12-08 16:25:49,384] A3C_AGENT_WORKER-Thread-2 DEBUG:Observation this: [-2.3, 63.5, 2.0, 97.5, 0.0, 0.0, 2.7, 9.094247499492676, 24.0, 22.22346203276247, 21.5, 0.0, 36.80723947398116]
[2017-12-08 16:25:49,384] A3C_AGENT_WORKER-Thread-2 DEBUG:Observation forecast: []
[2017-12-08 16:25:49,386] A3C_AGENT_WORKER-Thread-2 INFO:Softmax [ 0.11794589  0.0936863   0.11415094  0.11435165  0.13653724  0.10698129
  0.11629122  0.08363482  0.1164207 ]
[2017-12-08 16:25:49,391] A3C_AGENT_WORKER-Thread-2 DEBUG:Observation this: [-2.3, 64.0, 2.0, 68.33333333333331, 0.0, 0.0, 2.7, 9.18491325620562, 22.0, 22.22631728520752, 21.5, 0.0, 32.03886062372945]
[2017-12-08 16:25:49,391] A3C_AGENT_WORKER-Thread-2 DEBUG:Observation forecast: []
[2017-12-08 16:25:49,392] A3C_AGENT_WORKER-Thread-2 INFO:Softmax [ 0.11924561  0.0943622   0.11292866  0.11380843  0.13575815  0.10800822
  0.11381272  0.08711804  0.11495788]
[2017-12-08 16:25:49,534] A3C_AGENT_WORKER-Thread-2 DEBUG:Observation this: [-2.3, 62.0, 3.85, 80.0, 0.0, 0.0, 2.7, 12.74687011287895, 19.0, 21.54887893103542, 21.5, 0.0, 47.53832681440267]
[2017-12-08 16:25:49,534] A3C_AGENT_WORKER-Thread-2 DEBUG:Observation forecast: []
[2017-12-08 16:25:49,535] A3C_AGENT_WORKER-Thread-2 INFO:Softmax [ 0.10985525  0.097144    0.106087    0.11238842  0.13795355  0.11274572
  0.11460746  0.09321667  0.11600196]
[2017-12-08 16:25:50,987] A3C_AGENT_WORKER-Thread-2 DEBUG:Observation this: [-1.841666666666666, 55.75, 6.1, 44.16666666666666, 164.6666666666667, 318.0, 3.066666666666667, 12.43541316587665, 20.0, 21.696549309122, 22.7, 1.0, 28.62119648639578]
[2017-12-08 16:25:50,988] A3C_AGENT_WORKER-Thread-2 DEBUG:Observation forecast: []
[2017-12-08 16:25:50,989] A3C_AGENT_WORKER-Thread-2 INFO:Softmax [ 0.10910413  0.09235091  0.1252593   0.10900547  0.13423938  0.10315865
  0.12398229  0.0874695   0.11543037]
[2017-12-08 16:25:51,394] A3C_AGENT_WORKER-Thread-2 DEBUG:Observation this: [-0.45, 53.5, 6.1, 72.5, 206.25, 106.0, -5.5, 12.59576725327366, 18.0, 21.55352311979314, 22.7, 1.0, 0.0]
[2017-12-08 16:25:51,394] A3C_AGENT_WORKER-Thread-2 DEBUG:Observation forecast: []
[2017-12-08 16:25:51,396] A3C_AGENT_WORKER-Thread-2 INFO:Softmax [ 0.11293253  0.09413517  0.12716451  0.10834003  0.13531598  0.10400843
  0.11736719  0.08547416  0.11526201]
[2017-12-08 16:25:52,830] A3C_AGENT_WORKER-Thread-2 DEBUG:Observation this: [-1.933333333333334, 43.66666666666667, 5.266666666666667, 70.0, 0.0, 0.0, 3.125, 8.027100637242674, 19.0, 23.02658596808175, 22.7, 1.0, 68.82137116550919]
[2017-12-08 16:25:52,831] A3C_AGENT_WORKER-Thread-2 DEBUG:Observation forecast: []
[2017-12-08 16:25:52,833] A3C_AGENT_WORKER-Thread-2 INFO:Softmax [ 0.10913078  0.09838277  0.1237763   0.11519317  0.13348597  0.10592978
  0.12542185  0.08177261  0.10690667]
[2017-12-08 16:25:52,896] A3C_AGENT_WORKER-Thread-2 DEBUG:Observation this: [-2.05, 43.5, 5.35, 70.0, 0.0, 0.0, 3.008333333333334, 8.504929002273832, 19.0, 22.99570107644063, 22.7, 1.0, 61.9976117958662]
[2017-12-08 16:25:52,897] A3C_AGENT_WORKER-Thread-2 DEBUG:Observation forecast: []
[2017-12-08 16:25:52,899] A3C_AGENT_WORKER-Thread-2 INFO:Softmax [ 0.1067078   0.10028768  0.11668024  0.1170307   0.13200137  0.11050136
  0.12964673  0.0847661   0.10237799]
[2017-12-08 16:25:56,558] A3C_AGENT_WORKER-Thread-2 DEBUG:Observation this: [0.7333333333333335, 28.66666666666667, 3.233333333333333, 93.33333333333334, 0.0, 0.0, 5.825, 8.687921273931407, 25.0, 22.5177441110346, 22.7, 1.0, 81.15902092453192]
[2017-12-08 16:25:56,558] A3C_AGENT_WORKER-Thread-2 DEBUG:Observation forecast: []
[2017-12-08 16:25:56,560] A3C_AGENT_WORKER-Thread-2 INFO:Softmax [ 0.11605664  0.08987182  0.12499614  0.10446508  0.13416596  0.10271518
  0.12455641  0.08661174  0.11656104]
[2017-12-08 16:25:57,185] A3C_AGENT_WORKER-Thread-2 DEBUG:Observation this: [-0.7, 29.0, 2.5, 150.0, 0.0, 0.0, 4.358333333333333, 9.580812322071814, 23.0, 22.64686282368919, 21.5, 0.0, 50.83743137166342]
[2017-12-08 16:25:57,185] A3C_AGENT_WORKER-Thread-2 DEBUG:Observation forecast: []
[2017-12-08 16:25:57,188] A3C_AGENT_WORKER-Thread-2 INFO:Softmax [ 0.10802694  0.10208012  0.10775111  0.12308992  0.1462909   0.10207934
  0.12167477  0.07722607  0.11178091]
[2017-12-08 16:25:57,251] A3C_AGENT_WORKER-Thread-2 DEBUG:Observation this: [-1.116666666666667, 35.66666666666667, 3.833333333333333, 66.66666666666666, 0.0, 0.0, 3.925, 10.40526055288062, 23.0, 22.40035973999117, 21.5, 0.0, 59.3081503389972]
[2017-12-08 16:25:57,252] A3C_AGENT_WORKER-Thread-2 DEBUG:Observation forecast: []
[2017-12-08 16:25:57,254] A3C_AGENT_WORKER-Thread-2 INFO:Softmax [ 0.11734696  0.09913474  0.10440713  0.1195576   0.13603124  0.11514936
  0.11307722  0.08329578  0.11199994]
[2017-12-08 16:25:57,716] A3C_AGENT_WORKER-Thread-2 DEBUG:Observation this: [-1.9, 51.66666666666667, 2.0, 70.0, 0.0, 0.0, -6.85, 19.73838623886515, 18.0, 20.82738846425277, 21.5, 0.0, 0.0]
[2017-12-08 16:25:57,717] A3C_AGENT_WORKER-Thread-2 DEBUG:Observation forecast: []
[2017-12-08 16:25:57,718] A3C_AGENT_WORKER-Thread-2 INFO:Softmax [ 0.11399715  0.09142304  0.12297231  0.11314293  0.12571232  0.10876695
  0.11531682  0.09900454  0.10966387]
[2017-12-08 16:25:57,817] A3C_AGENT_WORKER-Thread-2 DEBUG:Observation this: [-2.3, 57.0, 2.666666666666667, 83.33333333333334, 0.0, 0.0, 2.7, 17.59293237382688, 24.0, 21.02988583182199, 21.5, 0.0, 39.71969224450007]
[2017-12-08 16:25:57,818] A3C_AGENT_WORKER-Thread-2 DEBUG:Observation forecast: []
[2017-12-08 16:25:57,819] A3C_AGENT_WORKER-Thread-2 INFO:Softmax [ 0.11957866  0.09021479  0.12667672  0.11237939  0.11885825  0.10990481
  0.11801124  0.09658046  0.10779567]
[2017-12-08 16:25:58,493] A3C_AGENT_WORKER-Thread-2 DEBUG:Observation this: [-2.8, 55.0, 2.0, 25.0, 51.0, 18.0, -7.8, 13.5586138575546, 18.0, 22.16498051621954, 22.7, 1.0, 0.0]
[2017-12-08 16:25:58,493] A3C_AGENT_WORKER-Thread-2 DEBUG:Observation forecast: []
[2017-12-08 16:25:58,495] A3C_AGENT_WORKER-Thread-2 INFO:Softmax [ 0.11402161  0.09845696  0.11945639  0.11638913  0.12073507  0.11348289
  0.12381307  0.08785983  0.10578502]
[2017-12-08 16:26:01,827] A3C_AGENT_WORKER-Thread-2 DEBUG:Observation this: [-2.616666666666667, 54.0, 4.016666666666667, 305.0, 0.0, 0.0, 2.475000000000001, 6.54529214782098, 25.0, 22.91288888609212, 21.5, 0.0, 39.16556330571644]
[2017-12-08 16:26:01,828] A3C_AGENT_WORKER-Thread-2 DEBUG:Observation forecast: []
[2017-12-08 16:26:01,829] A3C_AGENT_WORKER-Thread-2 INFO:Softmax [ 0.12679406  0.08304213  0.13580759  0.11120258  0.12342408  0.09809299
  0.12059875  0.08662432  0.11441351]
[2017-12-08 16:26:01,904] A3C_AGENT_WORKER-Thread-2 DEBUG:Observation this: [-2.8, 56.0, 3.808333333333333, 294.1666666666667, 0.0, 0.0, 2.2, 6.61704885094522, 22.5, 22.97243676872213, 21.5, 0.0, 21.08579473766237]
[2017-12-08 16:26:01,904] A3C_AGENT_WORKER-Thread-2 DEBUG:Observation forecast: []
[2017-12-08 16:26:01,906] A3C_AGENT_WORKER-Thread-2 INFO:Softmax [ 0.12542537  0.08924185  0.12291058  0.1074954   0.12737104  0.11489271
  0.11074594  0.09472685  0.1071903 ]
[2017-12-08 16:26:02,031] A3C_AGENT_WORKER-Thread-2 DEBUG:Observation this: [-4.3, 61.0, 4.1, 273.3333333333334, 0.0, 0.0, -9.25, 10.21265720398125, 18.0, 22.03130244201542, 21.5, 0.0, 0.0]
[2017-12-08 16:26:02,031] A3C_AGENT_WORKER-Thread-2 DEBUG:Observation forecast: []
[2017-12-08 16:26:02,033] A3C_AGENT_WORKER-Thread-2 INFO:Softmax [ 0.12178924  0.08985084  0.12110842  0.11715298  0.12134773  0.11573803
  0.11595327  0.09082845  0.10623105]
[2017-12-08 16:26:02,041] A3C_AGENT_WORKER-Thread-2 DEBUG:Observation this: [-4.45, 61.75, 4.1, 270.8333333333334, 0.0, 0.0, -9.399999999999999, 11.03087824147813, 18.0, 21.90210877636187, 21.5, 0.0, 0.0]
[2017-12-08 16:26:02,041] A3C_AGENT_WORKER-Thread-2 DEBUG:Observation forecast: []
[2017-12-08 16:26:02,043] A3C_AGENT_WORKER-Thread-2 INFO:Softmax [ 0.12934561  0.08627889  0.1249336   0.11220664  0.1211979   0.11133225
  0.11226477  0.09056973  0.11187056]
[2017-12-08 16:26:02,153] A3C_AGENT_WORKER-Thread-2 DEBUG:Observation this: [-5.0, 74.0, 3.6, 260.0, 0.0, 0.0, 0.0, 12.21508924472138, 24.5, 21.51282392333366, 21.5, 0.0, 46.44216585986393]
[2017-12-08 16:26:02,153] A3C_AGENT_WORKER-Thread-2 DEBUG:Observation forecast: []
[2017-12-08 16:26:02,155] A3C_AGENT_WORKER-Thread-2 INFO:Softmax [ 0.1139529   0.08857862  0.12586984  0.1143885   0.12579025  0.11053608
  0.11505464  0.09121362  0.11461546]
[2017-12-08 16:26:02,237] A3C_AGENT_WORKER-Thread-2 DEBUG:Observation this: [-5.2, 75.33333333333334, 4.766666666666667, 260.0, 0.0, 0.0, -0.1500000000000004, 12.39495183798996, 20.0, 21.58436551319982, 21.5, 0.0, 47.78320901261775]
[2017-12-08 16:26:02,237] A3C_AGENT_WORKER-Thread-2 DEBUG:Observation forecast: []
[2017-12-08 16:26:02,239] A3C_AGENT_WORKER-Thread-2 INFO:Softmax [ 0.10718113  0.0906786   0.12337367  0.11627661  0.12469141  0.12059391
  0.11424213  0.09351978  0.10944267]
[2017-12-08 16:26:02,390] A3C_AGENT_WORKER-Thread-2 DEBUG:Observation this: [-6.616666666666667, 78.83333333333333, 6.85, 256.6666666666667, 0.0, 0.0, -1.575, 18.46845630222833, 20.5, 20.55437733204014, 21.5, 0.0, 43.69599339488383]
[2017-12-08 16:26:02,390] A3C_AGENT_WORKER-Thread-2 DEBUG:Observation forecast: []
[2017-12-08 16:26:02,391] A3C_AGENT_WORKER-Thread-2 INFO:Softmax [ 0.11674624  0.08672481  0.12475874  0.11712553  0.12165637  0.11159663
  0.12187684  0.09155004  0.10796482]
[2017-12-08 16:26:06,447] A3C_AGENT_WORKER-Thread-2 DEBUG:Observation this: [-1.2, 63.66666666666667, 8.533333333333333, 236.6666666666667, 0.0, 0.0, 3.8, 7.819282079704633, 23.5, 22.54419026804237, 21.5, 0.0, 22.44491999957654]
[2017-12-08 16:26:06,447] A3C_AGENT_WORKER-Thread-2 DEBUG:Observation forecast: []
[2017-12-08 16:26:06,449] A3C_AGENT_WORKER-Thread-2 INFO:Softmax [ 0.11500347  0.089789    0.12672727  0.1222089   0.1248872   0.10745644
  0.12480983  0.08700176  0.10211614]
[2017-12-08 16:26:09,462] A3C_AGENT_WORKER-Thread-2 DEBUG:Observation this: [-6.166666666666667, 59.41666666666666, 1.55, 51.66666666666666, 111.3333333333333, 794.4166666666667, -11.33333333333333, 8.894571040487692, 18.0, 22.5614717183763, 22.7, 1.0, 0.0]
[2017-12-08 16:26:09,463] A3C_AGENT_WORKER-Thread-2 DEBUG:Observation forecast: []
[2017-12-08 16:26:09,464] A3C_AGENT_WORKER-Thread-2 INFO:Softmax [ 0.12096334  0.08372819  0.11927134  0.11333871  0.13589866  0.10053413
  0.13035095  0.08969676  0.10621794]
[2017-12-08 16:26:11,496] A3C_AGENT_WORKER-Thread-2 DEBUG:Observation this: [-6.0, 59.0, 3.1, 60.0, 0.0, 0.0, -1.0, 10.45272402543512, 23.5, 21.91343783345226, 21.5, 0.0, 45.69751944080403]
[2017-12-08 16:26:11,496] A3C_AGENT_WORKER-Thread-2 DEBUG:Observation forecast: []
[2017-12-08 16:26:11,498] A3C_AGENT_WORKER-Thread-2 INFO:Softmax [ 0.12036633  0.09159286  0.1128689   0.11922154  0.13339348  0.10987151
  0.11842061  0.08536869  0.10889608]
[2017-12-08 16:26:11,596] A3C_AGENT_WORKER-Thread-2 DEBUG:Observation this: [-6.0, 59.0, 2.308333333333334, 70.0, 0.0, 0.0, -1.0, 12.450382797737, 24.0, 21.4888935179529, 21.5, 0.0, 48.47537115917866]
[2017-12-08 16:26:11,596] A3C_AGENT_WORKER-Thread-2 DEBUG:Observation forecast: []
[2017-12-08 16:26:11,597] A3C_AGENT_WORKER-Thread-2 INFO:Softmax [ 0.11113431  0.09302938  0.11698914  0.12279716  0.12587067  0.11617899
  0.11567791  0.08825457  0.1100679 ]
[2017-12-08 16:26:14,147] A3C_AGENT_WORKER-Thread-2 DEBUG:Observation this: [5.0, 32.5, 4.1, 115.0, 249.0, 173.0, -0.166666666666667, 8.309960429650618, 18.0, 23.03816185406385, 22.7, 1.0, 0.0]
[2017-12-08 16:26:14,147] A3C_AGENT_WORKER-Thread-2 DEBUG:Observation forecast: []
[2017-12-08 16:26:14,149] A3C_AGENT_WORKER-Thread-2 INFO:Softmax [ 0.11452148  0.08047555  0.1275606   0.11322346  0.13078684  0.10433686
  0.13185205  0.08293994  0.11430327]
[2017-12-08 16:26:16,422] A3C_AGENT_WORKER-Thread-2 DEBUG:Observation this: [2.0, 44.0, 4.391666666666666, 115.8333333333333, 0.0, 0.0, 7.0, 9.042222874293236, 23.5, 22.17414386371613, 21.5, 0.0, 25.30210118370831]
[2017-12-08 16:26:16,422] A3C_AGENT_WORKER-Thread-2 DEBUG:Observation forecast: []
[2017-12-08 16:26:16,425] A3C_AGENT_WORKER-Thread-2 INFO:Softmax [ 0.12170377  0.09463315  0.11486068  0.11857859  0.1344438   0.10568298
  0.1168216   0.0838787   0.10939675]
[2017-12-08 16:26:16,483] A3C_AGENT_WORKER-Thread-2 DEBUG:Observation this: [2.0, 59.0, 3.766666666666667, 145.0, 0.0, 0.0, 7.0, 10.80471730035279, 23.0, 21.94800882880151, 21.5, 0.0, 12.18927565430129]
[2017-12-08 16:26:16,483] A3C_AGENT_WORKER-Thread-2 DEBUG:Observation forecast: []
[2017-12-08 16:26:16,485] A3C_AGENT_WORKER-Thread-2 INFO:Softmax [ 0.11563469  0.09378061  0.11805559  0.11882962  0.12871017  0.10990392
  0.11315728  0.08938806  0.11254009]
[2017-12-08 16:26:19,869] A3C_AGENT_WORKER-Thread-2 DEBUG:Observation this: [0.3333333333333334, 92.66666666666667, 9.066666666666666, 250.0, 0.0, 0.0, -4.5, 8.100343045600246, 18.0, 22.05998135633223, 22.7, 1.0, 0.0]
[2017-12-08 16:26:19,869] A3C_AGENT_WORKER-Thread-2 DEBUG:Observation forecast: []
[2017-12-08 16:26:19,871] A3C_AGENT_WORKER-Thread-2 INFO:Softmax [ 0.11766791  0.0881886   0.14584346  0.10489179  0.12556733  0.09853962
  0.12334283  0.08363987  0.11231857]
[2017-12-08 16:26:21,137] A3C_AGENT_WORKER-Thread-2 DEBUG:Observation this: [-4.0, 71.0, 5.833333333333334, 280.0, 142.3333333333333, 118.1666666666667, 1.0, 14.14971515359211, 24.0, 21.10035244389568, 22.7, 1.0, 84.50950821081936]
[2017-12-08 16:26:21,137] A3C_AGENT_WORKER-Thread-2 DEBUG:Observation forecast: []
[2017-12-08 16:26:21,139] A3C_AGENT_WORKER-Thread-2 INFO:Softmax [ 0.12286567  0.07429896  0.12743483  0.10569631  0.13212042  0.10587958
  0.12708125  0.0955531   0.10906994]
[2017-12-08 16:26:21,291] A3C_AGENT_WORKER-Thread-2 DEBUG:Observation this: [-4.0, 71.0, 5.466666666666667, 280.0, 158.0, 114.0, 1.0, 12.44334907189754, 25.0, 21.59933927839253, 22.7, 1.0, 78.31366443746778]
[2017-12-08 16:26:21,291] A3C_AGENT_WORKER-Thread-2 DEBUG:Observation forecast: []
[2017-12-08 16:26:21,293] A3C_AGENT_WORKER-Thread-2 INFO:Softmax [ 0.11528514  0.07933129  0.13725072  0.10250332  0.1299791   0.11175469
  0.12721863  0.08624704  0.11043002]
[2017-12-08 16:26:23,000] A3C_AGENT_WORKER-Thread-2 DEBUG:Observation this: [-2.0, 60.0, 3.558333333333333, 229.1666666666667, 104.75, 771.4166666666667, -7.0, 8.701706607767044, 18.0, 22.55163718712986, 22.7, 1.0, 0.0]
[2017-12-08 16:26:23,000] A3C_AGENT_WORKER-Thread-2 DEBUG:Observation forecast: []
[2017-12-08 16:26:23,002] A3C_AGENT_WORKER-Thread-2 INFO:Softmax [ 0.11059269  0.08893102  0.12372336  0.11120261  0.13319047  0.10970671
  0.12655264  0.08515117  0.11094937]
[2017-12-08 16:26:23,022] A3C_AGENT_WORKER-Thread-2 DEBUG:Observation this: [-2.0, 60.0, 3.516666666666667, 228.3333333333333, 104.0, 767.3333333333334, 3.0, 8.443790188931581, 20.0, 22.44588604988385, 22.7, 1.0, 53.94003504139529]
[2017-12-08 16:26:23,022] A3C_AGENT_WORKER-Thread-2 DEBUG:Observation forecast: []
[2017-12-08 16:26:23,025] A3C_AGENT_WORKER-Thread-2 INFO:Softmax [ 0.11482716  0.09023747  0.12426297  0.11009155  0.13438384  0.10677763
  0.12311459  0.08476219  0.1115426 ]
[2017-12-08 16:26:23,385] A3C_AGENT_WORKER-Thread-2 DEBUG:Observation this: [-2.0, 60.0, 3.1, 220.0, 92.0, 709.0, 3.0, 6.26528244077424, 24.5, 23.47772140242144, 22.7, 1.0, 38.19071134045807]
[2017-12-08 16:26:23,385] A3C_AGENT_WORKER-Thread-2 DEBUG:Observation forecast: []
[2017-12-08 16:26:23,387] A3C_AGENT_WORKER-Thread-2 INFO:Softmax [ 0.10600658  0.08026144  0.14047046  0.10612872  0.13872261  0.10416026
  0.11861234  0.08178414  0.12385345]
[2017-12-08 16:26:25,092] A3C_AGENT_WORKER-Thread-2 DEBUG:Observation this: [-6.0, 62.33333333333334, 2.066666666666667, 40.00000000000001, 69.33333333333334, 310.8333333333334, -1.0, 23.06798762411779, 18.5, 20.13042415324983, 22.7, 1.0, 36.30516147500754]
[2017-12-08 16:26:25,092] A3C_AGENT_WORKER-Thread-2 DEBUG:Observation forecast: []
[2017-12-08 16:26:25,094] A3C_AGENT_WORKER-Thread-2 INFO:Softmax [ 0.11258165  0.09075115  0.11782717  0.11270448  0.126531    0.11100416
  0.1206196   0.09420495  0.11377586]
[2017-12-08 16:26:25,323] A3C_AGENT_WORKER-Thread-2 DEBUG:Observation this: [-6.0, 59.41666666666666, 0.2583333333333335, 5.000000000000002, 89.66666666666666, 474.0, -1.0, 14.93088845613442, 25.0, 21.36257719606787, 22.7, 1.0, 75.27480242718697]
[2017-12-08 16:26:25,324] A3C_AGENT_WORKER-Thread-2 DEBUG:Observation forecast: []
[2017-12-08 16:26:25,326] A3C_AGENT_WORKER-Thread-2 INFO:Softmax [ 0.10838103  0.09231987  0.12483637  0.11184861  0.13112998  0.10500226
  0.11761129  0.0996663   0.10920438]
[2017-12-08 16:26:27,585] A3C_AGENT_WORKER-Thread-2 DEBUG:Observation this: [0.0, 72.0, 7.7, 130.0, 32.0, 287.0, 5.083333333333333, 6.874572586165669, 22.5, 23.24756816235568, 22.7, 1.0, 23.30081738238059]
[2017-12-08 16:26:27,585] A3C_AGENT_WORKER-Thread-2 DEBUG:Observation forecast: []
[2017-12-08 16:26:27,586] A3C_AGENT_WORKER-Thread-2 INFO:Softmax [ 0.1165766   0.09080357  0.12659962  0.10808227  0.13818021  0.10266904
  0.11710133  0.08068718  0.11930015]
[2017-12-08 16:26:28,350] A3C_AGENT_WORKER-Thread-2 DEBUG:Observation this: [-0.6666666666666667, 100.0, 3.600000000000001, 90.0, 0.0, 0.0, 4.25, 8.387661942565165, 23.0, 22.60426892700896, 21.5, 0.0, 32.4446309700247]
[2017-12-08 16:26:28,351] A3C_AGENT_WORKER-Thread-2 DEBUG:Observation forecast: []
[2017-12-08 16:26:28,353] A3C_AGENT_WORKER-Thread-2 INFO:Softmax [ 0.12065575  0.08853249  0.11897617  0.10728769  0.13554502  0.11024336
  0.11611447  0.08704121  0.11560383]
[2017-12-08 16:26:28,738] A3C_AGENT_WORKER-Thread-2 DEBUG:Observation this: [3.583333333333333, 100.0, 3.975, 150.0, 0.0, 0.0, 8.5, 12.19851194054887, 19.0, 21.50801964570119, 21.5, 0.0, 28.30193117970378]
[2017-12-08 16:26:28,739] A3C_AGENT_WORKER-Thread-2 DEBUG:Observation forecast: []
[2017-12-08 16:26:28,740] A3C_AGENT_WORKER-Thread-2 INFO:Softmax [ 0.11710381  0.08569527  0.12704585  0.12171215  0.12255676  0.10311186
  0.12034573  0.09269553  0.10973299]
[2017-12-08 16:26:30,230] A3C_AGENT_WORKER-Thread-2 DEBUG:Observation this: [7.0, 100.0, 3.975, 200.0, 112.25, 810.25, 2.0, 5.636465055652711, 18.0, 23.84262345489483, 22.7, 1.0, 0.0]
[2017-12-08 16:26:30,230] A3C_AGENT_WORKER-Thread-2 DEBUG:Observation forecast: []
[2017-12-08 16:26:30,232] A3C_AGENT_WORKER-Thread-2 INFO:Softmax [ 0.12870359  0.07373825  0.14275028  0.11002091  0.13268356  0.09893715
  0.12828313  0.08065224  0.10423093]
[2017-12-08 16:26:30,321] A3C_AGENT_WORKER-Thread-2 DEBUG:Observation this: [7.0, 100.0, 3.6, 200.0, 98.16666666666667, 749.0, 2.0, 6.182333823399908, 18.0, 24.27696947669707, 22.7, 1.0, 0.0]
[2017-12-08 16:26:30,321] A3C_AGENT_WORKER-Thread-2 DEBUG:Observation forecast: []
[2017-12-08 16:26:30,323] A3C_AGENT_WORKER-Thread-2 INFO:Softmax [ 0.12453911  0.07731902  0.14368325  0.10472253  0.13188007  0.09822667
  0.13368738  0.08278867  0.10315335]
[2017-12-08 16:26:31,209] A3C_AGENT_WORKER-Thread-2 DEBUG:Observation this: [0.6666666666666667, 100.0, 4.1, 310.0, 0.0, 0.0, -4.25, 6.171258967633011, 18.0, 22.79757319909506, 20.8, 0.0, 0.0]
[2017-12-08 16:26:31,209] A3C_AGENT_WORKER-Thread-2 DEBUG:Observation forecast: []
[2017-12-08 16:26:31,211] A3C_AGENT_WORKER-Thread-2 INFO:Softmax [ 0.11239336  0.09070586  0.13015142  0.11333872  0.11855091  0.11841144
  0.11150649  0.09602241  0.10891941]
[2017-12-08 16:26:31,519] A3C_AGENT_WORKER-Thread-2 DEBUG:Observation this: [-3.0, 96.0, 5.1, 270.0, 0.0, 0.0, 2.0, 7.44474945290887, 19.0, 22.07919704883185, 20.8, 0.0, 33.85345136505674]
[2017-12-08 16:26:31,519] A3C_AGENT_WORKER-Thread-2 DEBUG:Observation forecast: []
[2017-12-08 16:26:31,521] A3C_AGENT_WORKER-Thread-2 INFO:Softmax [ 0.11341188  0.08525282  0.12405632  0.11300606  0.12592012  0.11190534
  0.12477881  0.09025259  0.11141605]
[2017-12-08 16:26:31,996] A3C_AGENT_WORKER-Thread-2 DEBUG:Observation this: [-3.0, 92.0, 5.35, 260.0, 77.99999999999999, 345.9999999999999, -8.0, 6.131112087026534, 18.0, 22.99795170042248, 22.0, 1.0, 0.0]
[2017-12-08 16:26:31,996] A3C_AGENT_WORKER-Thread-2 DEBUG:Observation forecast: []
[2017-12-08 16:26:31,999] A3C_AGENT_WORKER-Thread-2 INFO:Softmax [ 0.11650721  0.08067     0.1320437   0.11215469  0.12230438  0.10199543
  0.13989124  0.08654393  0.10788951]
[2017-12-08 16:26:35,199] A3C_AGENT_WORKER-Thread-2 DEBUG:Observation this: [-8.675, 77.0, 4.35, 320.0, 0.0, 0.0, -3.600000000000001, 14.42664501445523, 20.5, 20.9990435281169, 20.8, 0.0, 22.28149743942109]
[2017-12-08 16:26:35,199] A3C_AGENT_WORKER-Thread-2 DEBUG:Observation forecast: []
[2017-12-08 16:26:35,201] A3C_AGENT_WORKER-Thread-2 INFO:Softmax [ 0.11171491  0.0880615   0.12403882  0.11054543  0.1278778   0.11653054
  0.11432325  0.09607223  0.11083554]
