Using TensorFlow backend.
[2019-03-20 15:31:55,756] A3C_AGENT_MAIN INFO:Namespace(action_repeat_n=1, action_space='part3_v1', activation='linear', agent_num=5, check_args_only=False, clip_norm=5.0, debug_log_prob=0.0005, decay_steps=1000000, dropout_prob=0.0, end_e=0.0, env='Part3-NA-Pit-Train-v1', eval_act_func='part3_pit_det_v1', eval_env_res_max_keep=50, eval_epi_num=1, eval_freq=25000, forecast_dim=0, gamma=0.99, h_decay_bounds=[], h_regu_frac=[0.0], init_e=0.0, isNoisyNet=True, isNoisyNetEval_rmNoise=True, is_greedy_policy=False, is_learning_rate_decay_staircase=False, is_warm_start=False, job_mode='Train', learning_rate=0.0005, learning_rate_decay_rate=1.0, learning_rate_decay_steps=100000, max_interactions=2500000, metric_func='part3_v1', model_dir='None', model_param=[19, 1], model_type='nn', num_threads=16, output='./Part3-NA-Pit-Train-v1-res1', p_loss_frac=1.0, raw_state_prcs_func='cslDx_1', reward_func='part3_v3', rmsprop_decay=0.99, rmsprop_epsil=1e-10, rmsprop_momet=0.0, rwd_e_para=1.0, rwd_p_para=1.0, save_freq=500000, save_max_to_keep=5, save_scope='all', sharedNet_type='Dense', state_dim=17, test_env=['Part3-NA-Pit-Test-v1', 'Part3-NA-Pit-Test-v2', 'Part3-NA-Pit-Test-v3', 'Part3-NA-Pit-Test-v4'], test_mode='Multiple', train_act_func='part3_pit_sto_v1', train_freq=5, v_loss_frac=0.5, violation_penalty_scl=50.0, weight_initer='glorot_uniform', window_len=21)
[2019-03-20 15:31:55,756] A3C_AGENT_MAIN INFO:Start compiling...
2019-03-20 15:31:55.791879: I tensorflow/core/platform/cpu_feature_guard.cc:137] Your CPU supports instructions that this TensorFlow binary was not compiled to use: SSE4.1 SSE4.2 AVX AVX2 FMA
[2019-03-20 15:32:13,345] A3C_AGENT_MAIN INFO:Start the learning...
[2019-03-20 15:32:13,345] A3C_AGENT_MAIN INFO:Prepare the evaluation environments ['Part3-NA-Pit-Train-v1', 'Part3-NA-Pit-Test-v1', 'Part3-NA-Pit-Test-v2', 'Part3-NA-Pit-Test-v3', 'Part3-NA-Pit-Test-v4'] ...
[2019-03-20 15:32:13,356] A3C_EVAL-Part3-NA-Pit-Train-v1 INFO:Evaluation worker starts!
[2019-03-20 15:32:13,358] A3C_EVAL-Part3-NA-Pit-Test-v1 INFO:Evaluation worker starts!
[2019-03-20 15:32:13,360] A3C_EVAL-Part3-NA-Pit-Test-v2 INFO:Evaluation worker starts!
[2019-03-20 15:32:13,365] A3C_EVAL-Part3-NA-Pit-Test-v3 INFO:Evaluation worker starts!
[2019-03-20 15:32:13,369] A3C_EVAL-Part3-NA-Pit-Test-v4 INFO:Evaluation worker starts!
[2019-03-20 15:32:13,369] A3C_AGENT_MAIN INFO:Prepare the local workers ...
[2019-03-20 15:32:13,369] A3C_AGENT_WORKER-Thread-2 INFO:Local worker starts!
[2019-03-20 15:32:13,428] EPLUS_ENV_Part3-NA-Pit-Train-v1_Thread-2_ROOT INFO:Creating EnergyPlus simulation environment...
[2019-03-20 15:32:13,430] EPLUS_ENV_Part3-NA-Pit-Train-v1_Thread-2_ROOT INFO:EnergyPlus working directory is in /home/zhiangz/Documents/HVAC-RL-Control/src/runs/rl_parametric_part3_pit_na/2/Eplus-env-Part3-NA-Pit-Train-v1-res2/Eplus-env-sub_run1
[2019-03-20 15:32:14,370] A3C_AGENT_MAIN INFO:Prepare the local workers ...
[2019-03-20 15:32:14,372] A3C_AGENT_WORKER-Thread-3 INFO:Local worker starts!
[2019-03-20 15:32:14,455] EPLUS_ENV_Part3-NA-Pit-Train-v1_Thread-3_ROOT INFO:Creating EnergyPlus simulation environment...
[2019-03-20 15:32:14,455] EPLUS_ENV_Part3-NA-Pit-Train-v1_Thread-3_ROOT INFO:EnergyPlus working directory is in /home/zhiangz/Documents/HVAC-RL-Control/src/runs/rl_parametric_part3_pit_na/2/Eplus-env-Part3-NA-Pit-Train-v1-res3/Eplus-env-sub_run1
[2019-03-20 15:32:14,659] A3C_AGENT_WORKER-Thread-2 INFO:Evaluating...
[2019-03-20 15:32:14,660] A3C_EVAL-Part3-NA-Pit-Train-v1 INFO:Evaluation job starts!
[2019-03-20 15:32:14,660] A3C_EVAL-Part3-NA-Pit-Test-v1 INFO:Evaluation job starts!
[2019-03-20 15:32:14,660] EPLUS_ENV_Part3-NA-Pit-Train-v1_MainThread_ROOT INFO:Creating EnergyPlus simulation environment...
[2019-03-20 15:32:14,661] A3C_EVAL-Part3-NA-Pit-Test-v2 INFO:Evaluation job starts!
[2019-03-20 15:32:14,661] A3C_EVAL-Part3-NA-Pit-Test-v3 INFO:Evaluation job starts!
[2019-03-20 15:32:14,662] A3C_EVAL-Part3-NA-Pit-Test-v4 INFO:Evaluation job starts!
[2019-03-20 15:32:14,662] EPLUS_ENV_Part3-NA-Pit-Test-v2_MainThread_ROOT INFO:Creating EnergyPlus simulation environment...
[2019-03-20 15:32:14,662] EPLUS_ENV_Part3-NA-Pit-Test-v3_MainThread_ROOT INFO:Creating EnergyPlus simulation environment...
[2019-03-20 15:32:14,661] EPLUS_ENV_Part3-NA-Pit-Test-v1_MainThread_ROOT INFO:Creating EnergyPlus simulation environment...
[2019-03-20 15:32:14,662] EPLUS_ENV_Part3-NA-Pit-Test-v4_MainThread_ROOT INFO:Creating EnergyPlus simulation environment...
[2019-03-20 15:32:14,666] EPLUS_ENV_Part3-NA-Pit-Test-v3_MainThread_ROOT INFO:EnergyPlus working directory is in /home/zhiangz/Documents/HVAC-RL-Control/src/runs/rl_parametric_part3_pit_na/2/Eplus-env-Part3-NA-Pit-Test-v3-res1/Eplus-env-sub_run1
[2019-03-20 15:32:14,666] EPLUS_ENV_Part3-NA-Pit-Train-v1_MainThread_ROOT INFO:EnergyPlus working directory is in /home/zhiangz/Documents/HVAC-RL-Control/src/runs/rl_parametric_part3_pit_na/2/Eplus-env-Part3-NA-Pit-Train-v1-res1/Eplus-env-sub_run1
[2019-03-20 15:32:14,667] EPLUS_ENV_Part3-NA-Pit-Test-v1_MainThread_ROOT INFO:EnergyPlus working directory is in /home/zhiangz/Documents/HVAC-RL-Control/src/runs/rl_parametric_part3_pit_na/2/Eplus-env-Part3-NA-Pit-Test-v1-res1/Eplus-env-sub_run1
[2019-03-20 15:32:14,687] EPLUS_ENV_Part3-NA-Pit-Test-v4_MainThread_ROOT INFO:EnergyPlus working directory is in /home/zhiangz/Documents/HVAC-RL-Control/src/runs/rl_parametric_part3_pit_na/2/Eplus-env-Part3-NA-Pit-Test-v4-res1/Eplus-env-sub_run1
[2019-03-20 15:32:14,696] EPLUS_ENV_Part3-NA-Pit-Test-v2_MainThread_ROOT INFO:EnergyPlus working directory is in /home/zhiangz/Documents/HVAC-RL-Control/src/runs/rl_parametric_part3_pit_na/2/Eplus-env-Part3-NA-Pit-Test-v2-res1/Eplus-env-sub_run1
[2019-03-20 15:32:15,373] A3C_AGENT_MAIN INFO:Prepare the local workers ...
[2019-03-20 15:32:15,374] A3C_AGENT_WORKER-Thread-9 INFO:Local worker starts!
[2019-03-20 15:32:15,442] EPLUS_ENV_Part3-NA-Pit-Train-v1_Thread-9_ROOT INFO:Creating EnergyPlus simulation environment...
[2019-03-20 15:32:15,443] EPLUS_ENV_Part3-NA-Pit-Train-v1_Thread-9_ROOT INFO:EnergyPlus working directory is in /home/zhiangz/Documents/HVAC-RL-Control/src/runs/rl_parametric_part3_pit_na/2/Eplus-env-Part3-NA-Pit-Train-v1-res4/Eplus-env-sub_run1
[2019-03-20 15:32:16,375] A3C_AGENT_MAIN INFO:Prepare the local workers ...
[2019-03-20 15:32:16,379] A3C_AGENT_WORKER-Thread-10 INFO:Local worker starts!
[2019-03-20 15:32:16,438] EPLUS_ENV_Part3-NA-Pit-Train-v1_Thread-10_ROOT INFO:Creating EnergyPlus simulation environment...
[2019-03-20 15:32:16,438] EPLUS_ENV_Part3-NA-Pit-Train-v1_Thread-10_ROOT INFO:EnergyPlus working directory is in /home/zhiangz/Documents/HVAC-RL-Control/src/runs/rl_parametric_part3_pit_na/2/Eplus-env-Part3-NA-Pit-Train-v1-res5/Eplus-env-sub_run1
[2019-03-20 15:32:17,380] A3C_AGENT_MAIN INFO:Prepare the local workers ...
[2019-03-20 15:32:17,384] A3C_AGENT_WORKER-Thread-11 INFO:Local worker starts!
[2019-03-20 15:32:17,447] EPLUS_ENV_Part3-NA-Pit-Train-v1_Thread-11_ROOT INFO:Creating EnergyPlus simulation environment...
[2019-03-20 15:32:17,449] EPLUS_ENV_Part3-NA-Pit-Train-v1_Thread-11_ROOT INFO:EnergyPlus working directory is in /home/zhiangz/Documents/HVAC-RL-Control/src/runs/rl_parametric_part3_pit_na/2/Eplus-env-Part3-NA-Pit-Train-v1-res6/Eplus-env-sub_run1
[2019-03-20 15:32:18,230] A3C_EVAL-Part3-NA-Pit-Test-v1 DEBUG:NoisyNet noise sample: [array([0.], dtype=float32), 0.0]
[2019-03-20 15:32:18,233] A3C_EVAL-Part3-NA-Pit-Test-v1 DEBUG:Observation this: [13.4, 64.0, 1.0, 2.0, 0.6761700337664368, 0.0, 2.0, 0.0, 0.0, 2.0, 0.0, 6.911200000000001, 6.9112, 95.55338769695034, 734423.5258892237, 734423.5258892233, 122677.7118928103]
[2019-03-20 15:32:18,234] A3C_EVAL-Part3-NA-Pit-Test-v1 DEBUG:Observation forecast: []
[2019-03-20 15:32:18,236] A3C_EVAL-Part3-NA-Pit-Test-v1 INFO:Softmax [0.15790457 0.15411374 0.11624487 0.4952855  0.07645141], sampled 0.9520688208388777
[2019-03-20 15:32:18,383] A3C_AGENT_MAIN INFO:Prepare the local workers ...
[2019-03-20 15:32:18,386] A3C_AGENT_WORKER-Thread-12 INFO:Local worker starts!
[2019-03-20 15:32:18,470] EPLUS_ENV_Part3-NA-Pit-Train-v1_Thread-12_ROOT INFO:Creating EnergyPlus simulation environment...
[2019-03-20 15:32:18,474] EPLUS_ENV_Part3-NA-Pit-Train-v1_Thread-12_ROOT INFO:EnergyPlus working directory is in /home/zhiangz/Documents/HVAC-RL-Control/src/runs/rl_parametric_part3_pit_na/2/Eplus-env-Part3-NA-Pit-Train-v1-res7/Eplus-env-sub_run1
[2019-03-20 15:32:19,389] A3C_AGENT_MAIN INFO:Prepare the local workers ...
[2019-03-20 15:32:19,392] A3C_AGENT_WORKER-Thread-13 INFO:Local worker starts!
[2019-03-20 15:32:19,454] EPLUS_ENV_Part3-NA-Pit-Train-v1_Thread-13_ROOT INFO:Creating EnergyPlus simulation environment...
[2019-03-20 15:32:19,455] EPLUS_ENV_Part3-NA-Pit-Train-v1_Thread-13_ROOT INFO:EnergyPlus working directory is in /home/zhiangz/Documents/HVAC-RL-Control/src/runs/rl_parametric_part3_pit_na/2/Eplus-env-Part3-NA-Pit-Train-v1-res8/Eplus-env-sub_run1
[2019-03-20 15:32:20,392] A3C_AGENT_MAIN INFO:Prepare the local workers ...
[2019-03-20 15:32:20,397] A3C_AGENT_WORKER-Thread-14 INFO:Local worker starts!
[2019-03-20 15:32:20,456] EPLUS_ENV_Part3-NA-Pit-Train-v1_Thread-14_ROOT INFO:Creating EnergyPlus simulation environment...
[2019-03-20 15:32:20,457] EPLUS_ENV_Part3-NA-Pit-Train-v1_Thread-14_ROOT INFO:EnergyPlus working directory is in /home/zhiangz/Documents/HVAC-RL-Control/src/runs/rl_parametric_part3_pit_na/2/Eplus-env-Part3-NA-Pit-Train-v1-res9/Eplus-env-sub_run1
[2019-03-20 15:32:21,397] A3C_AGENT_MAIN INFO:Prepare the local workers ...
[2019-03-20 15:32:21,400] A3C_AGENT_WORKER-Thread-15 INFO:Local worker starts!
[2019-03-20 15:32:21,462] EPLUS_ENV_Part3-NA-Pit-Train-v1_Thread-15_ROOT INFO:Creating EnergyPlus simulation environment...
[2019-03-20 15:32:21,463] EPLUS_ENV_Part3-NA-Pit-Train-v1_Thread-15_ROOT INFO:EnergyPlus working directory is in /home/zhiangz/Documents/HVAC-RL-Control/src/runs/rl_parametric_part3_pit_na/2/Eplus-env-Part3-NA-Pit-Train-v1-res10/Eplus-env-sub_run1
[2019-03-20 15:32:22,400] A3C_AGENT_MAIN INFO:Prepare the local workers ...
[2019-03-20 15:32:22,407] A3C_AGENT_WORKER-Thread-16 INFO:Local worker starts!
[2019-03-20 15:32:22,464] EPLUS_ENV_Part3-NA-Pit-Train-v1_Thread-16_ROOT INFO:Creating EnergyPlus simulation environment...
[2019-03-20 15:32:22,465] EPLUS_ENV_Part3-NA-Pit-Train-v1_Thread-16_ROOT INFO:EnergyPlus working directory is in /home/zhiangz/Documents/HVAC-RL-Control/src/runs/rl_parametric_part3_pit_na/2/Eplus-env-Part3-NA-Pit-Train-v1-res11/Eplus-env-sub_run1
[2019-03-20 15:32:23,407] A3C_AGENT_MAIN INFO:Prepare the local workers ...
[2019-03-20 15:32:23,414] A3C_AGENT_WORKER-Thread-17 INFO:Local worker starts!
[2019-03-20 15:32:23,475] EPLUS_ENV_Part3-NA-Pit-Train-v1_Thread-17_ROOT INFO:Creating EnergyPlus simulation environment...
[2019-03-20 15:32:23,476] EPLUS_ENV_Part3-NA-Pit-Train-v1_Thread-17_ROOT INFO:EnergyPlus working directory is in /home/zhiangz/Documents/HVAC-RL-Control/src/runs/rl_parametric_part3_pit_na/2/Eplus-env-Part3-NA-Pit-Train-v1-res12/Eplus-env-sub_run1
[2019-03-20 15:32:24,411] A3C_AGENT_MAIN INFO:Prepare the local workers ...
[2019-03-20 15:32:24,414] A3C_AGENT_WORKER-Thread-18 INFO:Local worker starts!
[2019-03-20 15:32:24,473] EPLUS_ENV_Part3-NA-Pit-Train-v1_Thread-18_ROOT INFO:Creating EnergyPlus simulation environment...
[2019-03-20 15:32:24,473] EPLUS_ENV_Part3-NA-Pit-Train-v1_Thread-18_ROOT INFO:EnergyPlus working directory is in /home/zhiangz/Documents/HVAC-RL-Control/src/runs/rl_parametric_part3_pit_na/2/Eplus-env-Part3-NA-Pit-Train-v1-res13/Eplus-env-sub_run1
[2019-03-20 15:32:25,416] A3C_AGENT_MAIN INFO:Prepare the local workers ...
[2019-03-20 15:32:25,419] A3C_AGENT_WORKER-Thread-19 INFO:Local worker starts!
[2019-03-20 15:32:25,477] EPLUS_ENV_Part3-NA-Pit-Train-v1_Thread-19_ROOT INFO:Creating EnergyPlus simulation environment...
[2019-03-20 15:32:25,478] EPLUS_ENV_Part3-NA-Pit-Train-v1_Thread-19_ROOT INFO:EnergyPlus working directory is in /home/zhiangz/Documents/HVAC-RL-Control/src/runs/rl_parametric_part3_pit_na/2/Eplus-env-Part3-NA-Pit-Train-v1-res14/Eplus-env-sub_run1
[2019-03-20 15:32:26,420] A3C_AGENT_MAIN INFO:Prepare the local workers ...
[2019-03-20 15:32:26,423] A3C_AGENT_WORKER-Thread-20 INFO:Local worker starts!
[2019-03-20 15:32:26,486] EPLUS_ENV_Part3-NA-Pit-Train-v1_Thread-20_ROOT INFO:Creating EnergyPlus simulation environment...
[2019-03-20 15:32:26,487] EPLUS_ENV_Part3-NA-Pit-Train-v1_Thread-20_ROOT INFO:EnergyPlus working directory is in /home/zhiangz/Documents/HVAC-RL-Control/src/runs/rl_parametric_part3_pit_na/2/Eplus-env-Part3-NA-Pit-Train-v1-res15/Eplus-env-sub_run1
