Using TensorFlow backend.
[2019-04-02 10:11:22,234] A3C_AGENT_MAIN INFO:Namespace(action_repeat_n=1, action_space='part4_v1', activation='linear', agent_num=5, check_args_only=False, clip_norm=5.0, debug_log_prob=0.0005, decay_steps=1000000, dropout_prob=0.0, end_e=0.0, env='Part4-Light-Pit-Train-v1', eval_act_func='part4_v1', eval_env_res_max_keep=50, eval_epi_num=1, eval_freq=100000, forecast_dim=0, gamma=0.99, h_decay_bounds=[], h_regu_frac=[0.0], init_e=0.0, isNoisyNet=True, isNoisyNetEval_rmNoise=True, is_greedy_policy=False, is_learning_rate_decay_staircase=False, is_warm_start=False, job_mode='Train', learning_rate=0.0005, learning_rate_decay_rate=1.0, learning_rate_decay_steps=100000, max_interactions=5000000, metric_func='part4_v1', model_dir='None', model_param=[12, 1], model_type='nn', num_threads=16, output='./Part4-Light-Pit-Train-v1-res1', p_loss_frac=1.0, raw_state_prcs_func='cslDx_1', reward_func='part4_v1', rmsprop_decay=0.99, rmsprop_epsil=1e-10, rmsprop_momet=0.0, rwd_e_para=1.0, rwd_p_para=1.0, save_freq=500000, save_max_to_keep=5, save_scope='all', sharedNet_type='Dense', state_dim=10, test_env=['Part4-Light-Pit-Test-v1', 'Part4-Light-Pit-Test-v2'], test_mode='Multiple', train_act_func='part4_v1', train_freq=5, v_loss_frac=0.5, violation_penalty_scl=40.0, weight_initer='glorot_uniform', window_len=20)
[2019-04-02 10:11:22,235] A3C_AGENT_MAIN INFO:Start compiling...
2019-04-02 10:11:22.266265: I tensorflow/core/platform/cpu_feature_guard.cc:137] Your CPU supports instructions that this TensorFlow binary was not compiled to use: SSE4.1 SSE4.2 AVX AVX2 FMA
[2019-04-02 10:11:37,173] A3C_AGENT_MAIN INFO:Start the learning...
[2019-04-02 10:11:37,173] A3C_AGENT_MAIN INFO:Prepare the evaluation environments ['Part4-Light-Pit-Train-v1', 'Part4-Light-Pit-Test-v1', 'Part4-Light-Pit-Test-v2'] ...
[2019-04-02 10:11:37,202] A3C_EVAL-Part4-Light-Pit-Train-v1 INFO:Evaluation worker starts!
[2019-04-02 10:11:37,217] A3C_EVAL-Part4-Light-Pit-Test-v1 INFO:Evaluation worker starts!
[2019-04-02 10:11:37,232] A3C_EVAL-Part4-Light-Pit-Test-v2 INFO:Evaluation worker starts!
[2019-04-02 10:11:37,232] A3C_AGENT_MAIN INFO:Prepare the local workers ...
[2019-04-02 10:11:37,232] A3C_AGENT_WORKER-Thread-2 INFO:Local worker starts!
[2019-04-02 10:11:37,298] EPLUS_ENV_Part4-Light-Pit-Train-v1_Thread-2_ROOT INFO:Creating EnergyPlus simulation environment...
[2019-04-02 10:11:37,299] EPLUS_ENV_Part4-Light-Pit-Train-v1_Thread-2_ROOT INFO:EnergyPlus working directory is in /home/zhiangz/Documents/HVAC-RL-Control/src/runs/rl_parametric_part4_pit_light/2/Eplus-env-Part4-Light-Pit-Train-v1-res2/Eplus-env-sub_run1
[2019-04-02 10:11:38,233] A3C_AGENT_MAIN INFO:Prepare the local workers ...
[2019-04-02 10:11:38,235] A3C_AGENT_WORKER-Thread-3 INFO:Local worker starts!
[2019-04-02 10:11:38,315] EPLUS_ENV_Part4-Light-Pit-Train-v1_Thread-3_ROOT INFO:Creating EnergyPlus simulation environment...
[2019-04-02 10:11:38,316] EPLUS_ENV_Part4-Light-Pit-Train-v1_Thread-3_ROOT INFO:EnergyPlus working directory is in /home/zhiangz/Documents/HVAC-RL-Control/src/runs/rl_parametric_part4_pit_light/2/Eplus-env-Part4-Light-Pit-Train-v1-res3/Eplus-env-sub_run1
[2019-04-02 10:11:39,236] A3C_AGENT_MAIN INFO:Prepare the local workers ...
[2019-04-02 10:11:39,237] A3C_AGENT_WORKER-Thread-4 INFO:Local worker starts!
[2019-04-02 10:11:39,319] EPLUS_ENV_Part4-Light-Pit-Train-v1_Thread-4_ROOT INFO:Creating EnergyPlus simulation environment...
[2019-04-02 10:11:39,320] EPLUS_ENV_Part4-Light-Pit-Train-v1_Thread-4_ROOT INFO:EnergyPlus working directory is in /home/zhiangz/Documents/HVAC-RL-Control/src/runs/rl_parametric_part4_pit_light/2/Eplus-env-Part4-Light-Pit-Train-v1-res4/Eplus-env-sub_run1
[2019-04-02 10:11:40,238] A3C_AGENT_MAIN INFO:Prepare the local workers ...
[2019-04-02 10:11:40,239] A3C_AGENT_WORKER-Thread-5 INFO:Local worker starts!
[2019-04-02 10:11:40,320] EPLUS_ENV_Part4-Light-Pit-Train-v1_Thread-5_ROOT INFO:Creating EnergyPlus simulation environment...
[2019-04-02 10:11:40,321] EPLUS_ENV_Part4-Light-Pit-Train-v1_Thread-5_ROOT INFO:EnergyPlus working directory is in /home/zhiangz/Documents/HVAC-RL-Control/src/runs/rl_parametric_part4_pit_light/2/Eplus-env-Part4-Light-Pit-Train-v1-res5/Eplus-env-sub_run1
[2019-04-02 10:11:41,218] A3C_AGENT_WORKER-Thread-2 INFO:Evaluating...
[2019-04-02 10:11:41,218] A3C_EVAL-Part4-Light-Pit-Train-v1 INFO:Evaluation job starts!
[2019-04-02 10:11:41,219] A3C_EVAL-Part4-Light-Pit-Test-v1 INFO:Evaluation job starts!
[2019-04-02 10:11:41,219] EPLUS_ENV_Part4-Light-Pit-Train-v1_MainThread_ROOT INFO:Creating EnergyPlus simulation environment...
[2019-04-02 10:11:41,219] A3C_EVAL-Part4-Light-Pit-Test-v2 INFO:Evaluation job starts!
[2019-04-02 10:11:41,219] EPLUS_ENV_Part4-Light-Pit-Test-v1_MainThread_ROOT INFO:Creating EnergyPlus simulation environment...
[2019-04-02 10:11:41,219] EPLUS_ENV_Part4-Light-Pit-Test-v2_MainThread_ROOT INFO:Creating EnergyPlus simulation environment...
[2019-04-02 10:11:41,222] EPLUS_ENV_Part4-Light-Pit-Test-v2_MainThread_ROOT INFO:EnergyPlus working directory is in /home/zhiangz/Documents/HVAC-RL-Control/src/runs/rl_parametric_part4_pit_light/2/Eplus-env-Part4-Light-Pit-Test-v2-res1/Eplus-env-sub_run1
[2019-04-02 10:11:41,222] EPLUS_ENV_Part4-Light-Pit-Train-v1_MainThread_ROOT INFO:EnergyPlus working directory is in /home/zhiangz/Documents/HVAC-RL-Control/src/runs/rl_parametric_part4_pit_light/2/Eplus-env-Part4-Light-Pit-Train-v1-res1/Eplus-env-sub_run1
[2019-04-02 10:11:41,229] EPLUS_ENV_Part4-Light-Pit-Test-v1_MainThread_ROOT INFO:EnergyPlus working directory is in /home/zhiangz/Documents/HVAC-RL-Control/src/runs/rl_parametric_part4_pit_light/2/Eplus-env-Part4-Light-Pit-Test-v1-res1/Eplus-env-sub_run1
[2019-04-02 10:11:41,246] A3C_AGENT_MAIN INFO:Prepare the local workers ...
[2019-04-02 10:11:41,248] A3C_AGENT_WORKER-Thread-9 INFO:Local worker starts!
[2019-04-02 10:11:41,346] EPLUS_ENV_Part4-Light-Pit-Train-v1_Thread-9_ROOT INFO:Creating EnergyPlus simulation environment...
[2019-04-02 10:11:41,348] EPLUS_ENV_Part4-Light-Pit-Train-v1_Thread-9_ROOT INFO:EnergyPlus working directory is in /home/zhiangz/Documents/HVAC-RL-Control/src/runs/rl_parametric_part4_pit_light/2/Eplus-env-Part4-Light-Pit-Train-v1-res6/Eplus-env-sub_run1
[2019-04-02 10:11:42,249] A3C_AGENT_MAIN INFO:Prepare the local workers ...
[2019-04-02 10:11:42,250] A3C_AGENT_WORKER-Thread-10 INFO:Local worker starts!
[2019-04-02 10:11:42,368] EPLUS_ENV_Part4-Light-Pit-Train-v1_Thread-10_ROOT INFO:Creating EnergyPlus simulation environment...
[2019-04-02 10:11:42,369] EPLUS_ENV_Part4-Light-Pit-Train-v1_Thread-10_ROOT INFO:EnergyPlus working directory is in /home/zhiangz/Documents/HVAC-RL-Control/src/runs/rl_parametric_part4_pit_light/2/Eplus-env-Part4-Light-Pit-Train-v1-res7/Eplus-env-sub_run1
[2019-04-02 10:11:43,251] A3C_AGENT_MAIN INFO:Prepare the local workers ...
[2019-04-02 10:11:43,252] A3C_AGENT_WORKER-Thread-11 INFO:Local worker starts!
[2019-04-02 10:11:43,342] EPLUS_ENV_Part4-Light-Pit-Train-v1_Thread-11_ROOT INFO:Creating EnergyPlus simulation environment...
[2019-04-02 10:11:43,344] EPLUS_ENV_Part4-Light-Pit-Train-v1_Thread-11_ROOT INFO:EnergyPlus working directory is in /home/zhiangz/Documents/HVAC-RL-Control/src/runs/rl_parametric_part4_pit_light/2/Eplus-env-Part4-Light-Pit-Train-v1-res8/Eplus-env-sub_run1
[2019-04-02 10:11:44,252] A3C_AGENT_MAIN INFO:Prepare the local workers ...
[2019-04-02 10:11:44,253] A3C_AGENT_WORKER-Thread-12 INFO:Local worker starts!
[2019-04-02 10:11:44,373] EPLUS_ENV_Part4-Light-Pit-Train-v1_Thread-12_ROOT INFO:Creating EnergyPlus simulation environment...
[2019-04-02 10:11:44,375] EPLUS_ENV_Part4-Light-Pit-Train-v1_Thread-12_ROOT INFO:EnergyPlus working directory is in /home/zhiangz/Documents/HVAC-RL-Control/src/runs/rl_parametric_part4_pit_light/2/Eplus-env-Part4-Light-Pit-Train-v1-res9/Eplus-env-sub_run1
[2019-04-02 10:11:45,254] A3C_AGENT_MAIN INFO:Prepare the local workers ...
[2019-04-02 10:11:45,257] A3C_AGENT_WORKER-Thread-13 INFO:Local worker starts!
[2019-04-02 10:11:45,374] EPLUS_ENV_Part4-Light-Pit-Train-v1_Thread-13_ROOT INFO:Creating EnergyPlus simulation environment...
[2019-04-02 10:11:45,376] EPLUS_ENV_Part4-Light-Pit-Train-v1_Thread-13_ROOT INFO:EnergyPlus working directory is in /home/zhiangz/Documents/HVAC-RL-Control/src/runs/rl_parametric_part4_pit_light/2/Eplus-env-Part4-Light-Pit-Train-v1-res10/Eplus-env-sub_run1
[2019-04-02 10:11:46,256] A3C_AGENT_MAIN INFO:Prepare the local workers ...
[2019-04-02 10:11:46,257] A3C_AGENT_WORKER-Thread-14 INFO:Local worker starts!
[2019-04-02 10:11:46,381] EPLUS_ENV_Part4-Light-Pit-Train-v1_Thread-14_ROOT INFO:Creating EnergyPlus simulation environment...
[2019-04-02 10:11:46,383] EPLUS_ENV_Part4-Light-Pit-Train-v1_Thread-14_ROOT INFO:EnergyPlus working directory is in /home/zhiangz/Documents/HVAC-RL-Control/src/runs/rl_parametric_part4_pit_light/2/Eplus-env-Part4-Light-Pit-Train-v1-res11/Eplus-env-sub_run1
[2019-04-02 10:11:47,258] A3C_AGENT_MAIN INFO:Prepare the local workers ...
[2019-04-02 10:11:47,259] A3C_AGENT_WORKER-Thread-15 INFO:Local worker starts!
[2019-04-02 10:11:47,354] EPLUS_ENV_Part4-Light-Pit-Train-v1_Thread-15_ROOT INFO:Creating EnergyPlus simulation environment...
[2019-04-02 10:11:47,357] EPLUS_ENV_Part4-Light-Pit-Train-v1_Thread-15_ROOT INFO:EnergyPlus working directory is in /home/zhiangz/Documents/HVAC-RL-Control/src/runs/rl_parametric_part4_pit_light/2/Eplus-env-Part4-Light-Pit-Train-v1-res12/Eplus-env-sub_run1
[2019-04-02 10:11:48,259] A3C_AGENT_MAIN INFO:Prepare the local workers ...
[2019-04-02 10:11:48,260] A3C_AGENT_WORKER-Thread-16 INFO:Local worker starts!
[2019-04-02 10:11:48,364] EPLUS_ENV_Part4-Light-Pit-Train-v1_Thread-16_ROOT INFO:Creating EnergyPlus simulation environment...
[2019-04-02 10:11:48,365] EPLUS_ENV_Part4-Light-Pit-Train-v1_Thread-16_ROOT INFO:EnergyPlus working directory is in /home/zhiangz/Documents/HVAC-RL-Control/src/runs/rl_parametric_part4_pit_light/2/Eplus-env-Part4-Light-Pit-Train-v1-res13/Eplus-env-sub_run1
[2019-04-02 10:11:49,261] A3C_AGENT_MAIN INFO:Prepare the local workers ...
[2019-04-02 10:11:49,262] A3C_AGENT_WORKER-Thread-17 INFO:Local worker starts!
[2019-04-02 10:11:49,360] EPLUS_ENV_Part4-Light-Pit-Train-v1_Thread-17_ROOT INFO:Creating EnergyPlus simulation environment...
[2019-04-02 10:11:49,363] EPLUS_ENV_Part4-Light-Pit-Train-v1_Thread-17_ROOT INFO:EnergyPlus working directory is in /home/zhiangz/Documents/HVAC-RL-Control/src/runs/rl_parametric_part4_pit_light/2/Eplus-env-Part4-Light-Pit-Train-v1-res14/Eplus-env-sub_run1
[2019-04-02 10:11:50,263] A3C_AGENT_MAIN INFO:Prepare the local workers ...
[2019-04-02 10:11:50,264] A3C_AGENT_WORKER-Thread-18 INFO:Local worker starts!
[2019-04-02 10:11:50,428] EPLUS_ENV_Part4-Light-Pit-Train-v1_Thread-18_ROOT INFO:Creating EnergyPlus simulation environment...
[2019-04-02 10:11:50,430] EPLUS_ENV_Part4-Light-Pit-Train-v1_Thread-18_ROOT INFO:EnergyPlus working directory is in /home/zhiangz/Documents/HVAC-RL-Control/src/runs/rl_parametric_part4_pit_light/2/Eplus-env-Part4-Light-Pit-Train-v1-res15/Eplus-env-sub_run1
[2019-04-02 10:11:51,264] A3C_AGENT_MAIN INFO:Prepare the local workers ...
[2019-04-02 10:11:51,265] A3C_AGENT_WORKER-Thread-19 INFO:Local worker starts!
[2019-04-02 10:11:51,368] EPLUS_ENV_Part4-Light-Pit-Train-v1_Thread-19_ROOT INFO:Creating EnergyPlus simulation environment...
[2019-04-02 10:11:51,372] EPLUS_ENV_Part4-Light-Pit-Train-v1_Thread-19_ROOT INFO:EnergyPlus working directory is in /home/zhiangz/Documents/HVAC-RL-Control/src/runs/rl_parametric_part4_pit_light/2/Eplus-env-Part4-Light-Pit-Train-v1-res16/Eplus-env-sub_run1
[2019-04-02 10:11:52,266] A3C_AGENT_MAIN INFO:Prepare the local workers ...
[2019-04-02 10:11:52,267] A3C_AGENT_WORKER-Thread-20 INFO:Local worker starts!
[2019-04-02 10:11:52,365] EPLUS_ENV_Part4-Light-Pit-Train-v1_Thread-20_ROOT INFO:Creating EnergyPlus simulation environment...
[2019-04-02 10:11:52,366] EPLUS_ENV_Part4-Light-Pit-Train-v1_Thread-20_ROOT INFO:EnergyPlus working directory is in /home/zhiangz/Documents/HVAC-RL-Control/src/runs/rl_parametric_part4_pit_light/2/Eplus-env-Part4-Light-Pit-Train-v1-res17/Eplus-env-sub_run1
