Using TensorFlow backend.
[2019-03-20 15:22:19,021] A3C_AGENT_MAIN INFO:Namespace(action_repeat_n=1, action_space='part3_v1', activation='linear', agent_num=5, check_args_only=False, clip_norm=5.0, debug_log_prob=0.0005, decay_steps=1000000, dropout_prob=0.0, end_e=0.0, env='Part3-NA-Pit-Train-v1', eval_act_func='part3_pit_det_v1', eval_env_res_max_keep=50, eval_epi_num=1, eval_freq=25000, forecast_dim=0, gamma=0.99, h_decay_bounds=[], h_regu_frac=[0.0], init_e=0.0, isNoisyNet=True, isNoisyNetEval_rmNoise=True, is_greedy_policy=False, is_learning_rate_decay_staircase=False, is_warm_start=False, job_mode='Train', learning_rate=0.001, learning_rate_decay_rate=1.0, learning_rate_decay_steps=100000, max_interactions=2500000, metric_func='part3_v1', model_dir='None', model_param=[19, 1], model_type='nn', num_threads=16, output='./Part3-NA-Pit-Train-v1-res1', p_loss_frac=1.0, raw_state_prcs_func='cslDx_1', reward_func='part3_v3', rmsprop_decay=0.99, rmsprop_epsil=1e-10, rmsprop_momet=0.0, rwd_e_para=1.0, rwd_p_para=1.0, save_freq=500000, save_max_to_keep=5, save_scope='all', sharedNet_type='Dense', state_dim=17, test_env=['Part3-NA-Pit-Test-v1', 'Part3-NA-Pit-Test-v2', 'Part3-NA-Pit-Test-v3', 'Part3-NA-Pit-Test-v4'], test_mode='Multiple', train_act_func='part3_pit_sto_v1', train_freq=5, v_loss_frac=0.5, violation_penalty_scl=50.0, weight_initer='glorot_uniform', window_len=21)
[2019-03-20 15:22:19,021] A3C_AGENT_MAIN INFO:Start compiling...
2019-03-20 15:22:19.053110: I tensorflow/core/platform/cpu_feature_guard.cc:137] Your CPU supports instructions that this TensorFlow binary was not compiled to use: SSE4.1 SSE4.2 AVX AVX2 FMA
[2019-03-20 15:22:33,687] A3C_AGENT_MAIN INFO:Start the learning...
[2019-03-20 15:22:33,687] A3C_AGENT_MAIN INFO:Prepare the evaluation environments ['Part3-NA-Pit-Train-v1', 'Part3-NA-Pit-Test-v1', 'Part3-NA-Pit-Test-v2', 'Part3-NA-Pit-Test-v3', 'Part3-NA-Pit-Test-v4'] ...
[2019-03-20 15:22:33,697] A3C_EVAL-Part3-NA-Pit-Train-v1 INFO:Evaluation worker starts!
[2019-03-20 15:22:33,699] A3C_EVAL-Part3-NA-Pit-Test-v1 INFO:Evaluation worker starts!
[2019-03-20 15:22:33,701] A3C_EVAL-Part3-NA-Pit-Test-v2 INFO:Evaluation worker starts!
[2019-03-20 15:22:33,706] A3C_EVAL-Part3-NA-Pit-Test-v3 INFO:Evaluation worker starts!
[2019-03-20 15:22:33,709] A3C_EVAL-Part3-NA-Pit-Test-v4 INFO:Evaluation worker starts!
[2019-03-20 15:22:33,710] A3C_AGENT_MAIN INFO:Prepare the local workers ...
[2019-03-20 15:22:33,710] A3C_AGENT_WORKER-Thread-2 INFO:Local worker starts!
[2019-03-20 15:22:33,764] EPLUS_ENV_Part3-NA-Pit-Train-v1_Thread-2_ROOT INFO:Creating EnergyPlus simulation environment...
[2019-03-20 15:22:33,764] EPLUS_ENV_Part3-NA-Pit-Train-v1_Thread-2_ROOT INFO:EnergyPlus working directory is in /home/zhiangz/Documents/HVAC-RL-Control/src/runs/rl_parametric_part3_pit_na/1/Eplus-env-Part3-NA-Pit-Train-v1-res2/Eplus-env-sub_run1
[2019-03-20 15:22:34,711] A3C_AGENT_MAIN INFO:Prepare the local workers ...
[2019-03-20 15:22:34,713] A3C_AGENT_WORKER-Thread-3 INFO:Local worker starts!
[2019-03-20 15:22:34,804] EPLUS_ENV_Part3-NA-Pit-Train-v1_Thread-3_ROOT INFO:Creating EnergyPlus simulation environment...
[2019-03-20 15:22:34,805] EPLUS_ENV_Part3-NA-Pit-Train-v1_Thread-3_ROOT INFO:EnergyPlus working directory is in /home/zhiangz/Documents/HVAC-RL-Control/src/runs/rl_parametric_part3_pit_na/1/Eplus-env-Part3-NA-Pit-Train-v1-res3/Eplus-env-sub_run1
[2019-03-20 15:22:34,901] A3C_AGENT_WORKER-Thread-2 INFO:Evaluating...
[2019-03-20 15:22:34,902] A3C_EVAL-Part3-NA-Pit-Train-v1 INFO:Evaluation job starts!
[2019-03-20 15:22:34,903] A3C_EVAL-Part3-NA-Pit-Test-v1 INFO:Evaluation job starts!
[2019-03-20 15:22:34,903] EPLUS_ENV_Part3-NA-Pit-Test-v1_MainThread_ROOT INFO:Creating EnergyPlus simulation environment...
[2019-03-20 15:22:34,903] EPLUS_ENV_Part3-NA-Pit-Train-v1_MainThread_ROOT INFO:Creating EnergyPlus simulation environment...
[2019-03-20 15:22:34,903] A3C_EVAL-Part3-NA-Pit-Test-v2 INFO:Evaluation job starts!
[2019-03-20 15:22:34,904] A3C_EVAL-Part3-NA-Pit-Test-v3 INFO:Evaluation job starts!
[2019-03-20 15:22:34,904] EPLUS_ENV_Part3-NA-Pit-Test-v2_MainThread_ROOT INFO:Creating EnergyPlus simulation environment...
[2019-03-20 15:22:34,904] A3C_EVAL-Part3-NA-Pit-Test-v4 INFO:Evaluation job starts!
[2019-03-20 15:22:34,905] EPLUS_ENV_Part3-NA-Pit-Test-v3_MainThread_ROOT INFO:Creating EnergyPlus simulation environment...
[2019-03-20 15:22:34,905] EPLUS_ENV_Part3-NA-Pit-Test-v4_MainThread_ROOT INFO:Creating EnergyPlus simulation environment...
[2019-03-20 15:22:34,908] EPLUS_ENV_Part3-NA-Pit-Test-v4_MainThread_ROOT INFO:EnergyPlus working directory is in /home/zhiangz/Documents/HVAC-RL-Control/src/runs/rl_parametric_part3_pit_na/1/Eplus-env-Part3-NA-Pit-Test-v4-res1/Eplus-env-sub_run1
[2019-03-20 15:22:34,909] EPLUS_ENV_Part3-NA-Pit-Test-v1_MainThread_ROOT INFO:EnergyPlus working directory is in /home/zhiangz/Documents/HVAC-RL-Control/src/runs/rl_parametric_part3_pit_na/1/Eplus-env-Part3-NA-Pit-Test-v1-res1/Eplus-env-sub_run1
[2019-03-20 15:22:34,926] EPLUS_ENV_Part3-NA-Pit-Test-v2_MainThread_ROOT INFO:EnergyPlus working directory is in /home/zhiangz/Documents/HVAC-RL-Control/src/runs/rl_parametric_part3_pit_na/1/Eplus-env-Part3-NA-Pit-Test-v2-res1/Eplus-env-sub_run1
[2019-03-20 15:22:34,927] EPLUS_ENV_Part3-NA-Pit-Train-v1_MainThread_ROOT INFO:EnergyPlus working directory is in /home/zhiangz/Documents/HVAC-RL-Control/src/runs/rl_parametric_part3_pit_na/1/Eplus-env-Part3-NA-Pit-Train-v1-res1/Eplus-env-sub_run1
[2019-03-20 15:22:34,942] EPLUS_ENV_Part3-NA-Pit-Test-v3_MainThread_ROOT INFO:EnergyPlus working directory is in /home/zhiangz/Documents/HVAC-RL-Control/src/runs/rl_parametric_part3_pit_na/1/Eplus-env-Part3-NA-Pit-Test-v3-res1/Eplus-env-sub_run1
[2019-03-20 15:22:35,713] A3C_AGENT_MAIN INFO:Prepare the local workers ...
[2019-03-20 15:22:35,714] A3C_AGENT_WORKER-Thread-9 INFO:Local worker starts!
[2019-03-20 15:22:35,798] EPLUS_ENV_Part3-NA-Pit-Train-v1_Thread-9_ROOT INFO:Creating EnergyPlus simulation environment...
[2019-03-20 15:22:35,799] EPLUS_ENV_Part3-NA-Pit-Train-v1_Thread-9_ROOT INFO:EnergyPlus working directory is in /home/zhiangz/Documents/HVAC-RL-Control/src/runs/rl_parametric_part3_pit_na/1/Eplus-env-Part3-NA-Pit-Train-v1-res4/Eplus-env-sub_run1
[2019-03-20 15:22:36,715] A3C_AGENT_MAIN INFO:Prepare the local workers ...
[2019-03-20 15:22:36,716] A3C_AGENT_WORKER-Thread-10 INFO:Local worker starts!
[2019-03-20 15:22:36,773] EPLUS_ENV_Part3-NA-Pit-Train-v1_Thread-10_ROOT INFO:Creating EnergyPlus simulation environment...
[2019-03-20 15:22:36,774] EPLUS_ENV_Part3-NA-Pit-Train-v1_Thread-10_ROOT INFO:EnergyPlus working directory is in /home/zhiangz/Documents/HVAC-RL-Control/src/runs/rl_parametric_part3_pit_na/1/Eplus-env-Part3-NA-Pit-Train-v1-res5/Eplus-env-sub_run1
[2019-03-20 15:22:37,717] A3C_AGENT_MAIN INFO:Prepare the local workers ...
[2019-03-20 15:22:37,718] A3C_AGENT_WORKER-Thread-11 INFO:Local worker starts!
[2019-03-20 15:22:37,783] EPLUS_ENV_Part3-NA-Pit-Train-v1_Thread-11_ROOT INFO:Creating EnergyPlus simulation environment...
[2019-03-20 15:22:37,784] EPLUS_ENV_Part3-NA-Pit-Train-v1_Thread-11_ROOT INFO:EnergyPlus working directory is in /home/zhiangz/Documents/HVAC-RL-Control/src/runs/rl_parametric_part3_pit_na/1/Eplus-env-Part3-NA-Pit-Train-v1-res6/Eplus-env-sub_run1
[2019-03-20 15:22:38,719] A3C_AGENT_MAIN INFO:Prepare the local workers ...
[2019-03-20 15:22:38,720] A3C_AGENT_WORKER-Thread-12 INFO:Local worker starts!
[2019-03-20 15:22:38,791] EPLUS_ENV_Part3-NA-Pit-Train-v1_Thread-12_ROOT INFO:Creating EnergyPlus simulation environment...
[2019-03-20 15:22:38,792] EPLUS_ENV_Part3-NA-Pit-Train-v1_Thread-12_ROOT INFO:EnergyPlus working directory is in /home/zhiangz/Documents/HVAC-RL-Control/src/runs/rl_parametric_part3_pit_na/1/Eplus-env-Part3-NA-Pit-Train-v1-res7/Eplus-env-sub_run1
[2019-03-20 15:22:39,721] A3C_AGENT_MAIN INFO:Prepare the local workers ...
[2019-03-20 15:22:39,722] A3C_AGENT_WORKER-Thread-13 INFO:Local worker starts!
[2019-03-20 15:22:39,798] EPLUS_ENV_Part3-NA-Pit-Train-v1_Thread-13_ROOT INFO:Creating EnergyPlus simulation environment...
[2019-03-20 15:22:39,799] EPLUS_ENV_Part3-NA-Pit-Train-v1_Thread-13_ROOT INFO:EnergyPlus working directory is in /home/zhiangz/Documents/HVAC-RL-Control/src/runs/rl_parametric_part3_pit_na/1/Eplus-env-Part3-NA-Pit-Train-v1-res8/Eplus-env-sub_run1
[2019-03-20 15:22:40,723] A3C_AGENT_MAIN INFO:Prepare the local workers ...
[2019-03-20 15:22:40,724] A3C_AGENT_WORKER-Thread-14 INFO:Local worker starts!
[2019-03-20 15:22:40,804] EPLUS_ENV_Part3-NA-Pit-Train-v1_Thread-14_ROOT INFO:Creating EnergyPlus simulation environment...
[2019-03-20 15:22:40,805] EPLUS_ENV_Part3-NA-Pit-Train-v1_Thread-14_ROOT INFO:EnergyPlus working directory is in /home/zhiangz/Documents/HVAC-RL-Control/src/runs/rl_parametric_part3_pit_na/1/Eplus-env-Part3-NA-Pit-Train-v1-res9/Eplus-env-sub_run1
[2019-03-20 15:22:41,726] A3C_AGENT_MAIN INFO:Prepare the local workers ...
[2019-03-20 15:22:41,733] A3C_AGENT_WORKER-Thread-15 INFO:Local worker starts!
[2019-03-20 15:22:41,790] EPLUS_ENV_Part3-NA-Pit-Train-v1_Thread-15_ROOT INFO:Creating EnergyPlus simulation environment...
[2019-03-20 15:22:41,791] EPLUS_ENV_Part3-NA-Pit-Train-v1_Thread-15_ROOT INFO:EnergyPlus working directory is in /home/zhiangz/Documents/HVAC-RL-Control/src/runs/rl_parametric_part3_pit_na/1/Eplus-env-Part3-NA-Pit-Train-v1-res10/Eplus-env-sub_run1
[2019-03-20 15:22:42,729] A3C_AGENT_MAIN INFO:Prepare the local workers ...
[2019-03-20 15:22:42,731] A3C_AGENT_WORKER-Thread-16 INFO:Local worker starts!
[2019-03-20 15:22:42,802] EPLUS_ENV_Part3-NA-Pit-Train-v1_Thread-16_ROOT INFO:Creating EnergyPlus simulation environment...
[2019-03-20 15:22:42,802] EPLUS_ENV_Part3-NA-Pit-Train-v1_Thread-16_ROOT INFO:EnergyPlus working directory is in /home/zhiangz/Documents/HVAC-RL-Control/src/runs/rl_parametric_part3_pit_na/1/Eplus-env-Part3-NA-Pit-Train-v1-res11/Eplus-env-sub_run1
[2019-03-20 15:22:43,731] A3C_AGENT_MAIN INFO:Prepare the local workers ...
[2019-03-20 15:22:43,732] A3C_AGENT_WORKER-Thread-17 INFO:Local worker starts!
[2019-03-20 15:22:43,817] EPLUS_ENV_Part3-NA-Pit-Train-v1_Thread-17_ROOT INFO:Creating EnergyPlus simulation environment...
[2019-03-20 15:22:43,817] EPLUS_ENV_Part3-NA-Pit-Train-v1_Thread-17_ROOT INFO:EnergyPlus working directory is in /home/zhiangz/Documents/HVAC-RL-Control/src/runs/rl_parametric_part3_pit_na/1/Eplus-env-Part3-NA-Pit-Train-v1-res12/Eplus-env-sub_run1
[2019-03-20 15:22:44,733] A3C_AGENT_MAIN INFO:Prepare the local workers ...
[2019-03-20 15:22:44,737] A3C_AGENT_WORKER-Thread-18 INFO:Local worker starts!
[2019-03-20 15:22:44,838] EPLUS_ENV_Part3-NA-Pit-Train-v1_Thread-18_ROOT INFO:Creating EnergyPlus simulation environment...
[2019-03-20 15:22:44,839] EPLUS_ENV_Part3-NA-Pit-Train-v1_Thread-18_ROOT INFO:EnergyPlus working directory is in /home/zhiangz/Documents/HVAC-RL-Control/src/runs/rl_parametric_part3_pit_na/1/Eplus-env-Part3-NA-Pit-Train-v1-res13/Eplus-env-sub_run1
[2019-03-20 15:22:45,737] A3C_AGENT_MAIN INFO:Prepare the local workers ...
[2019-03-20 15:22:45,741] A3C_AGENT_WORKER-Thread-19 INFO:Local worker starts!
[2019-03-20 15:22:45,795] EPLUS_ENV_Part3-NA-Pit-Train-v1_Thread-19_ROOT INFO:Creating EnergyPlus simulation environment...
[2019-03-20 15:22:45,795] EPLUS_ENV_Part3-NA-Pit-Train-v1_Thread-19_ROOT INFO:EnergyPlus working directory is in /home/zhiangz/Documents/HVAC-RL-Control/src/runs/rl_parametric_part3_pit_na/1/Eplus-env-Part3-NA-Pit-Train-v1-res14/Eplus-env-sub_run1
[2019-03-20 15:22:46,384] A3C_EVAL-Part3-NA-Pit-Test-v1 DEBUG:NoisyNet noise sample: [array([0.], dtype=float32), 0.0]
[2019-03-20 15:22:46,387] A3C_EVAL-Part3-NA-Pit-Test-v1 DEBUG:Observation this: [16.83333333333334, 63.66666666666667, 1.0, 2.0, 0.6004921029942099, 0.0, 2.0, 0.0, 1.0, 2.0, 0.8754997801592208, 7.007084401722323, 6.9112, 95.55302303765883, 1200550.490965085, 1162069.904288839, 220418.2326103964]
[2019-03-20 15:22:46,388] A3C_EVAL-Part3-NA-Pit-Test-v1 DEBUG:Observation forecast: []
[2019-03-20 15:22:46,390] A3C_EVAL-Part3-NA-Pit-Test-v1 INFO:Softmax [0.13001792 0.12290455 0.2827227  0.38728783 0.077067  ], sampled 0.7786292906327107
[2019-03-20 15:22:46,740] A3C_AGENT_MAIN INFO:Prepare the local workers ...
[2019-03-20 15:22:46,741] A3C_AGENT_WORKER-Thread-20 INFO:Local worker starts!
[2019-03-20 15:22:46,835] EPLUS_ENV_Part3-NA-Pit-Train-v1_Thread-20_ROOT INFO:Creating EnergyPlus simulation environment...
[2019-03-20 15:22:46,836] EPLUS_ENV_Part3-NA-Pit-Train-v1_Thread-20_ROOT INFO:EnergyPlus working directory is in /home/zhiangz/Documents/HVAC-RL-Control/src/runs/rl_parametric_part3_pit_na/1/Eplus-env-Part3-NA-Pit-Train-v1-res15/Eplus-env-sub_run1
[2019-03-20 15:22:47,742] A3C_AGENT_MAIN INFO:Prepare the local workers ...
[2019-03-20 15:22:47,743] A3C_AGENT_WORKER-Thread-21 INFO:Local worker starts!
[2019-03-20 15:22:47,819] EPLUS_ENV_Part3-NA-Pit-Train-v1_Thread-21_ROOT INFO:Creating EnergyPlus simulation environment...
[2019-03-20 15:22:47,819] EPLUS_ENV_Part3-NA-Pit-Train-v1_Thread-21_ROOT INFO:EnergyPlus working directory is in /home/zhiangz/Documents/HVAC-RL-Control/src/runs/rl_parametric_part3_pit_na/1/Eplus-env-Part3-NA-Pit-Train-v1-res16/Eplus-env-sub_run1
[2019-03-20 15:22:48,744] A3C_AGENT_MAIN INFO:Prepare the local workers ...
[2019-03-20 15:22:48,747] A3C_AGENT_WORKER-Thread-22 INFO:Local worker starts!
[2019-03-20 15:22:48,808] EPLUS_ENV_Part3-NA-Pit-Train-v1_Thread-22_ROOT INFO:Creating EnergyPlus simulation environment...
[2019-03-20 15:22:48,810] EPLUS_ENV_Part3-NA-Pit-Train-v1_Thread-22_ROOT INFO:EnergyPlus working directory is in /home/zhiangz/Documents/HVAC-RL-Control/src/runs/rl_parametric_part3_pit_na/1/Eplus-env-Part3-NA-Pit-Train-v1-res17/Eplus-env-sub_run1
[2019-03-20 15:22:49,372] A3C_EVAL-Part3-NA-Pit-Test-v4 DEBUG:NoisyNet noise sample: [array([0.], dtype=float32), 0.0]
[2019-03-20 15:22:49,373] A3C_EVAL-Part3-NA-Pit-Test-v4 DEBUG:Observation this: [26.6824932, 56.4743322, 1.0, 2.0, 0.7512161152951998, 1.0, 2.0, 0.7512161152951998, 0.0, 2.0, 0.0, 6.911199999999999, 6.9112, 109.1877214233161, 1707337.613475959, 1707337.61347596, 309410.9100185442]
[2019-03-20 15:22:49,376] A3C_EVAL-Part3-NA-Pit-Test-v4 DEBUG:Observation forecast: []
[2019-03-20 15:22:49,380] A3C_EVAL-Part3-NA-Pit-Test-v4 INFO:Softmax [0.08492874 0.06234941 0.16444257 0.6285265  0.05975271], sampled 0.6177468447709519
[2019-03-20 15:23:15,630] A3C_EVAL-Part3-NA-Pit-Test-v3 DEBUG:NoisyNet noise sample: [array([0.], dtype=float32), 0.0]
[2019-03-20 15:23:15,631] A3C_EVAL-Part3-NA-Pit-Test-v3 DEBUG:Observation this: [25.35, 54.5, 1.0, 2.0, 0.6063996029408275, 1.0, 1.0, 0.6063996029408275, 0.0, 1.0, 0.0, 6.9112, 6.9112, 107.7941816969677, 1383833.865034579, 1383833.865034579, 256511.3589356122]
[2019-03-20 15:23:15,631] A3C_EVAL-Part3-NA-Pit-Test-v3 DEBUG:Observation forecast: []
[2019-03-20 15:23:15,633] A3C_EVAL-Part3-NA-Pit-Test-v3 INFO:Softmax [0.05603015 0.08616915 0.30137807 0.4786834  0.07773921], sampled 0.8067502347583617
[2019-03-20 15:23:33,064] A3C_EVAL-Part3-NA-Pit-Test-v1 DEBUG:NoisyNet noise sample: [array([0.], dtype=float32), 0.0]
[2019-03-20 15:23:33,065] A3C_EVAL-Part3-NA-Pit-Test-v1 DEBUG:Observation this: [21.11666666666667, 87.33333333333333, 1.0, 2.0, 0.6653583794547927, 1.0, 2.0, 0.6653583794547927, 0.0, 2.0, 0.0, 6.911200000000001, 6.9112, 113.5264587350623, 1518422.664914983, 1518422.664914983, 278417.7941522115]
[2019-03-20 15:23:33,066] A3C_EVAL-Part3-NA-Pit-Test-v1 DEBUG:Observation forecast: []
[2019-03-20 15:23:33,069] A3C_EVAL-Part3-NA-Pit-Test-v1 INFO:Softmax [0.11418476 0.07907891 0.16593868 0.5079985  0.1327992 ], sampled 0.7540098317283206
[2019-03-20 15:23:38,063] A3C_EVAL-Part3-NA-Pit-Test-v3 DEBUG:NoisyNet noise sample: [array([0.], dtype=float32), 0.0]
[2019-03-20 15:23:38,064] A3C_EVAL-Part3-NA-Pit-Test-v3 DEBUG:Observation this: [24.03333333333333, 59.33333333333334, 1.0, 2.0, 0.7931172980515666, 1.0, 2.0, 0.7931172980515666, 0.0, 2.0, 0.0, 6.911200000000001, 6.9112, 129.0347623584304, 1810868.992089262, 1810868.992089262, 314048.704916532]
[2019-03-20 15:23:38,066] A3C_EVAL-Part3-NA-Pit-Test-v3 DEBUG:Observation forecast: []
[2019-03-20 15:23:38,072] A3C_EVAL-Part3-NA-Pit-Test-v3 INFO:Softmax [0.11697041 0.08482211 0.18788944 0.5483128  0.06200524], sampled 0.7552246134089654
[2019-03-20 15:23:39,970] A3C_EVAL-Part3-NA-Pit-Train-v1 DEBUG:NoisyNet noise sample: [array([0.], dtype=float32), 0.0]
[2019-03-20 15:23:39,971] A3C_EVAL-Part3-NA-Pit-Train-v1 DEBUG:Observation this: [16.33333333333333, 90.0, 1.0, 2.0, 0.2, 0.0, 1.0, 0.0, 1.0, 1.0, 0.3, 6.911199999999999, 6.9112, 77.32846344354104, 298168.9550209939, 298168.9550209942, 126784.0122569729]
[2019-03-20 15:23:39,972] A3C_EVAL-Part3-NA-Pit-Train-v1 DEBUG:Observation forecast: []
[2019-03-20 15:23:39,977] A3C_EVAL-Part3-NA-Pit-Train-v1 INFO:Softmax [0.04010346 0.06004069 0.17900768 0.64526296 0.07558523], sampled 0.41204392989599203
[2019-03-20 15:23:44,085] A3C_EVAL-Part3-NA-Pit-Test-v1 DEBUG:NoisyNet noise sample: [array([0.], dtype=float32), 0.0]
[2019-03-20 15:23:44,086] A3C_EVAL-Part3-NA-Pit-Test-v1 DEBUG:Observation this: [28.1, 57.0, 1.0, 2.0, 0.5725613926076493, 1.0, 2.0, 0.5300691332454318, 1.0, 1.0, 0.9850007160732566, 6.911199999999999, 6.9112, 109.8286054858923, 1787969.262415776, 1787969.262415777, 379917.4776963789]
[2019-03-20 15:23:44,087] A3C_EVAL-Part3-NA-Pit-Test-v1 DEBUG:Observation forecast: []
[2019-03-20 15:23:44,094] A3C_EVAL-Part3-NA-Pit-Test-v1 INFO:Softmax [0.0901784  0.10376649 0.29228622 0.47324574 0.04052307], sampled 0.22522508790683982
[2019-03-20 15:23:44,096] A3C_EVAL-Part3-NA-Pit-Test-v1 DEBUG:Action function: raw action [0, 0, 1, 0, 0] has been changed to [0, 0, 0, 1, 0] for the demand 1787969.262415776 W.
[2019-03-20 15:23:48,994] A3C_EVAL-Part3-NA-Pit-Test-v4 DEBUG:NoisyNet noise sample: [array([0.], dtype=float32), 0.0]
[2019-03-20 15:23:48,996] A3C_EVAL-Part3-NA-Pit-Test-v4 DEBUG:Observation this: [16.65766898, 94.73283677500001, 1.0, 2.0, 0.5317776536355882, 1.0, 1.0, 0.5317776536355882, 0.0, 1.0, 0.0, 6.9112, 6.9112, 107.6054666978985, 1187125.859150918, 1187125.859150918, 221803.6792541581]
[2019-03-20 15:23:48,998] A3C_EVAL-Part3-NA-Pit-Test-v4 DEBUG:Observation forecast: []
[2019-03-20 15:23:49,001] A3C_EVAL-Part3-NA-Pit-Test-v4 INFO:Softmax [0.17639834 0.15095647 0.19286983 0.36896753 0.11080789], sampled 0.07732937209609936
[2019-03-20 15:23:49,002] A3C_EVAL-Part3-NA-Pit-Test-v4 DEBUG:Action function: raw action [1, 0, 0, 0, 0] has been changed to [0, 0, 1, 0, 0] for the demand 1187125.859150918 W.
[2019-03-20 15:23:52,239] A3C_EVAL-Part3-NA-Pit-Test-v3 DEBUG:NoisyNet noise sample: [array([0.], dtype=float32), 0.0]
[2019-03-20 15:23:52,239] A3C_EVAL-Part3-NA-Pit-Test-v3 DEBUG:Observation this: [20.73333333333333, 82.33333333333333, 1.0, 2.0, 0.4615366923271759, 1.0, 2.0, 0.4615366923271759, 0.0, 2.0, 0.0, 6.911200000000001, 6.9112, 95.55338754940475, 1051724.527500873, 1051724.527500873, 219306.5831848768]
[2019-03-20 15:23:52,239] A3C_EVAL-Part3-NA-Pit-Test-v3 DEBUG:Observation forecast: []
[2019-03-20 15:23:52,240] A3C_EVAL-Part3-NA-Pit-Test-v3 INFO:Softmax [0.03939613 0.11537248 0.21286196 0.49377167 0.13859774], sampled 0.6421778327886204
[2019-03-20 15:24:39,708] A3C_EVAL-Part3-NA-Pit-Test-v3 INFO:Evaluation: average rewards by now are 2552.1781 3709837176.2748 2388.0000
[2019-03-20 15:24:40,133] A3C_EVAL-Part3-NA-Pit-Test-v4 INFO:Evaluation: average rewards by now are 2433.0693 3794947911.1352 2474.0000
[2019-03-20 15:24:40,403] A3C_EVAL-Part3-NA-Pit-Test-v2 INFO:Evaluation: average rewards by now are 2365.6677 3864632949.9219 2472.0000
[2019-03-20 15:24:40,438] A3C_EVAL-Part3-NA-Pit-Test-v1 INFO:Evaluation: average rewards by now are 2596.6418 3671908653.8502 2633.0000
[2019-03-20 15:24:40,452] A3C_EVAL-Part3-NA-Pit-Train-v1 INFO:Evaluation: average rewards by now are 2634.1175 2120534118.3021 345.0000
[2019-03-20 15:24:41,466] A3C_AGENT_WORKER-Thread-2 INFO:Global step: 0, evaluation results [0.0, 2634.117471681138, 2120534118.3020942, 345.0, 2596.6418030512305, 3671908653.850196, 2633.0, 2365.6676627805314, 3864632949.9219484, 2472.0, 2552.1781110877837, 3709837176.2747974, 2388.0, 2433.069305159674, 3794947911.1352453, 2474.0]
[2019-03-20 15:24:53,386] A3C_AGENT_WORKER-Thread-13 DEBUG:Policy network output: [1.0000000e+00 2.6554297e-11 4.8358600e-12 9.9023634e-09 2.7485609e-12], sum to 1.0000
[2019-03-20 15:24:53,396] A3C_AGENT_WORKER-Thread-13 DEBUG:Softmax action selection sampled number: 0.2121
[2019-03-20 15:24:53,482] A3C_AGENT_WORKER-Thread-13 DEBUG:TRAINING DEBUG INFO ======>>>>>>>>>>>>>>>>>>>>>>>>>>>>>>>>>>>>>>>>>>>>>>>>Current H regulation is 0.0000, 
Environment debug: raw action idx is 0, 
current raw observation is [22.0, 43.0, 0.0, 2.0, 0.0, 0.0, 2.0, 0.0, 1.0, 2.0, 0.5613123417530592, 6.911199999999998, 6.9112, 77.32846344354104, 326499.3487163366, 326499.3487163372, 91918.96135634022], 
current ob forecast is [], 
actual action is [1, 0, 0, 0, 0], 
sim time this is 149400.0000, 
sim time next is 150000.0000, 
raw observation next is [22.0, 43.0, 0.0, 2.0, 0.0, 0.0, 2.0, 0.0, 1.0, 2.0, 0.5622912518444846, 6.911199999999998, 6.9112, 77.32846344354104, 327068.9442233418, 327068.9442233424, 93001.94854653564], 
processed observation next is [1.0, 0.7391304347826086, 0.6363636363636364, 0.43, 0.0, 1.0, -0.25, 0.0, 1.0, -0.25, 1.0, 1.0, 0.3747017883492637, -1.7763568394002506e-16, 0.0, 0.5084288129206541, 0.12113664600864511, 0.12113664600864534, 0.22683402084520887], 
reward next is 0.7732, 
noisyNet noise sample is [array([-1.677911], dtype=float32), -0.2131135]. 
=============================================
[2019-03-20 15:24:53,497] A3C_AGENT_WORKER-Thread-13 DEBUG:Value prediction is [[40.053513]
 [39.529053]
 [39.735756]
 [40.17994 ]
 [40.34251 ]], R is [[40.44189453]
 [40.81328201]
 [41.18755341]
 [41.51646805]
 [41.1013031 ]].
[2019-03-20 15:25:03,116] A3C_AGENT_WORKER-Thread-17 INFO:Local step 500, global step 7924: loss 0.2019
[2019-03-20 15:25:03,168] A3C_AGENT_WORKER-Thread-17 DEBUG:Local step 500, global step 7925: learning rate 0.0010
[2019-03-20 15:25:03,198] A3C_AGENT_WORKER-Thread-15 INFO:Local step 500, global step 7943: loss 0.4130
[2019-03-20 15:25:03,201] A3C_AGENT_WORKER-Thread-15 DEBUG:Local step 500, global step 7943: learning rate 0.0010
[2019-03-20 15:25:03,236] A3C_AGENT_WORKER-Thread-16 INFO:Local step 500, global step 7958: loss 0.3422
[2019-03-20 15:25:03,238] A3C_AGENT_WORKER-Thread-16 DEBUG:Local step 500, global step 7958: learning rate 0.0010
[2019-03-20 15:25:03,253] A3C_AGENT_WORKER-Thread-2 INFO:Local step 500, global step 7965: loss 0.5013
[2019-03-20 15:25:03,255] A3C_AGENT_WORKER-Thread-2 DEBUG:Local step 500, global step 7965: learning rate 0.0010
[2019-03-20 15:25:03,265] A3C_AGENT_WORKER-Thread-11 INFO:Local step 500, global step 7967: loss 0.5485
[2019-03-20 15:25:03,269] A3C_AGENT_WORKER-Thread-11 DEBUG:Local step 500, global step 7968: learning rate 0.0010
[2019-03-20 15:25:03,271] A3C_AGENT_WORKER-Thread-19 INFO:Local step 500, global step 7970: loss 0.3731
[2019-03-20 15:25:03,275] A3C_AGENT_WORKER-Thread-19 DEBUG:Local step 500, global step 7970: learning rate 0.0010
[2019-03-20 15:25:03,297] A3C_AGENT_WORKER-Thread-22 INFO:Local step 500, global step 7977: loss 0.3350
[2019-03-20 15:25:03,297] A3C_AGENT_WORKER-Thread-18 INFO:Local step 500, global step 7977: loss 0.1769
[2019-03-20 15:25:03,301] A3C_AGENT_WORKER-Thread-18 DEBUG:Local step 500, global step 7977: learning rate 0.0010
[2019-03-20 15:25:03,301] A3C_AGENT_WORKER-Thread-22 DEBUG:Local step 500, global step 7977: learning rate 0.0010
[2019-03-20 15:25:03,343] A3C_AGENT_WORKER-Thread-20 INFO:Local step 500, global step 7996: loss 0.1493
[2019-03-20 15:25:03,346] A3C_AGENT_WORKER-Thread-20 DEBUG:Local step 500, global step 7996: learning rate 0.0010
[2019-03-20 15:25:03,350] A3C_AGENT_WORKER-Thread-10 INFO:Local step 500, global step 8000: loss 0.2619
[2019-03-20 15:25:03,352] A3C_AGENT_WORKER-Thread-10 DEBUG:Local step 500, global step 8000: learning rate 0.0010
[2019-03-20 15:25:03,356] A3C_AGENT_WORKER-Thread-14 INFO:Local step 500, global step 8000: loss 0.1791
[2019-03-20 15:25:03,357] A3C_AGENT_WORKER-Thread-14 DEBUG:Local step 500, global step 8000: learning rate 0.0010
[2019-03-20 15:25:03,386] A3C_AGENT_WORKER-Thread-3 INFO:Local step 500, global step 8010: loss 0.1201
[2019-03-20 15:25:03,391] A3C_AGENT_WORKER-Thread-3 DEBUG:Local step 500, global step 8012: learning rate 0.0010
[2019-03-20 15:25:03,408] A3C_AGENT_WORKER-Thread-12 INFO:Local step 500, global step 8019: loss 0.1011
[2019-03-20 15:25:03,409] A3C_AGENT_WORKER-Thread-12 DEBUG:Local step 500, global step 8019: learning rate 0.0010
[2019-03-20 15:25:03,419] A3C_AGENT_WORKER-Thread-9 INFO:Local step 500, global step 8021: loss 0.0355
[2019-03-20 15:25:03,421] A3C_AGENT_WORKER-Thread-9 DEBUG:Local step 500, global step 8021: learning rate 0.0010
[2019-03-20 15:25:03,447] A3C_AGENT_WORKER-Thread-13 INFO:Local step 500, global step 8033: loss 0.0090
[2019-03-20 15:25:03,449] A3C_AGENT_WORKER-Thread-13 DEBUG:Local step 500, global step 8033: learning rate 0.0010
[2019-03-20 15:25:03,450] A3C_AGENT_WORKER-Thread-21 INFO:Local step 500, global step 8033: loss 0.0168
[2019-03-20 15:25:03,456] A3C_AGENT_WORKER-Thread-21 DEBUG:Local step 500, global step 8035: learning rate 0.0010
[2019-03-20 15:25:04,423] A3C_AGENT_WORKER-Thread-13 DEBUG:Policy network output: [1.0000000e+00 1.9090149e-15 2.1521997e-16 3.4641886e-13 5.0311313e-18], sum to 1.0000
[2019-03-20 15:25:04,433] A3C_AGENT_WORKER-Thread-13 DEBUG:Softmax action selection sampled number: 0.4546
[2019-03-20 15:25:04,440] A3C_AGENT_WORKER-Thread-13 DEBUG:TRAINING DEBUG INFO ======>>>>>>>>>>>>>>>>>>>>>>>>>>>>>>>>>>>>>>>>>>>>>>>>Current H regulation is 0.0000, 
Environment debug: raw action idx is 0, 
current raw observation is [22.16666666666667, 42.66666666666667, 0.0, 2.0, 0.0, 0.0, 2.0, 0.0, 1.0, 2.0, 0.4984436115743925, 6.911200000000001, 6.9112, 77.32846344354104, 289919.5046458542, 289919.5046458539, 88365.59358972416], 
current ob forecast is [], 
actual action is [1, 0, 0, 0, 0], 
sim time this is 313800.0000, 
sim time next is 314400.0000, 
raw observation next is [22.33333333333334, 42.33333333333334, 0.0, 2.0, 0.0, 0.0, 2.0, 0.0, 1.0, 2.0, 0.5020351264329834, 6.911199999999999, 6.9112, 77.32846344354104, 292009.1348101645, 292009.1348101647, 89279.27382729974], 
processed observation next is [0.0, 0.6521739130434783, 0.6515151515151518, 0.42333333333333345, 0.0, 1.0, -0.25, 0.0, 1.0, -0.25, 1.0, 1.0, 0.28862160918997637, -8.881784197001253e-17, 0.0, 0.5084288129206541, 0.10815153141117204, 0.1081515314111721, 0.21775432640804815], 
reward next is 0.7822, 
noisyNet noise sample is [array([-0.87159264], dtype=float32), -0.472651]. 
=============================================
[2019-03-20 15:25:04,906] A3C_AGENT_WORKER-Thread-10 DEBUG:Policy network output: [1.0000000e+00 7.8033288e-22 5.9561289e-21 6.9927156e-17 1.7062113e-22], sum to 1.0000
[2019-03-20 15:25:04,915] A3C_AGENT_WORKER-Thread-10 DEBUG:Softmax action selection sampled number: 0.5140
[2019-03-20 15:25:04,970] A3C_AGENT_WORKER-Thread-22 DEBUG:Policy network output: [1.0000000e+00 2.0647206e-22 2.9097144e-21 1.7526319e-16 5.8362442e-23], sum to 1.0000
[2019-03-20 15:25:04,976] A3C_AGENT_WORKER-Thread-22 DEBUG:Softmax action selection sampled number: 0.1601
[2019-03-20 15:25:05,009] A3C_AGENT_WORKER-Thread-10 DEBUG:TRAINING DEBUG INFO ======>>>>>>>>>>>>>>>>>>>>>>>>>>>>>>>>>>>>>>>>>>>>>>>>Current H regulation is 0.0000, 
Environment debug: raw action idx is 0, 
current raw observation is [21.0, 43.0, 0.0, 2.0, 0.0, 0.0, 2.0, 0.0, 1.0, 2.0, 0.4788734550837279, 6.911199999999999, 6.9112, 77.32846344354104, 278533.2722701731, 278533.2722701734, 80884.95914199819], 
current ob forecast is [], 
actual action is [1, 0, 0, 0, 0], 
sim time this is 322200.0000, 
sim time next is 322800.0000, 
raw observation next is [21.0, 43.0, 0.0, 2.0, 0.0, 0.0, 2.0, 0.0, 1.0, 2.0, 0.4789699623406714, 6.9112, 6.9112, 77.32846344354104, 278589.4210932265, 278589.4210932265, 80869.76952808736], 
processed observation next is [0.0, 0.7391304347826086, 0.5909090909090909, 0.43, 0.0, 1.0, -0.25, 0.0, 1.0, -0.25, 1.0, 1.0, 0.25567137477238777, 0.0, 0.0, 0.5084288129206541, 0.10318126707156539, 0.10318126707156539, 0.1972433403124082], 
reward next is 0.8028, 
noisyNet noise sample is [array([0.41040254], dtype=float32), -0.28485125]. 
=============================================
[2019-03-20 15:25:05,089] A3C_AGENT_WORKER-Thread-22 DEBUG:TRAINING DEBUG INFO ======>>>>>>>>>>>>>>>>>>>>>>>>>>>>>>>>>>>>>>>>>>>>>>>>Current H regulation is 0.0000, 
Environment debug: raw action idx is 0, 
current raw observation is [21.0, 43.0, 0.0, 2.0, 0.0, 0.0, 2.0, 0.0, 1.0, 2.0, 0.4797918007326312, 6.9112, 6.9112, 77.32846344354104, 279067.5746047622, 279067.5746047622, 80921.26349630016], 
current ob forecast is [], 
actual action is [1, 0, 0, 0, 0], 
sim time this is 323400.0000, 
sim time next is 324000.0000, 
raw observation next is [21.0, 43.0, 0.0, 2.0, 0.0, 0.0, 2.0, 0.0, 1.0, 2.0, 0.4808319267463147, 6.9112, 6.9112, 77.32846344354104, 279672.7306362218, 279672.7306362218, 81001.76537359653], 
processed observation next is [0.0, 0.782608695652174, 0.5909090909090909, 0.43, 0.0, 1.0, -0.25, 0.0, 1.0, -0.25, 1.0, 1.0, 0.25833132392330677, 0.0, 0.0, 0.5084288129206541, 0.1035824928282303, 0.1035824928282303, 0.1975652813990159], 
reward next is 0.8024, 
noisyNet noise sample is [array([0.6165192], dtype=float32), -0.16569786]. 
=============================================
[2019-03-20 15:25:05,109] A3C_AGENT_WORKER-Thread-22 DEBUG:Value prediction is [[91.305405]
 [91.29419 ]
 [91.26524 ]
 [91.226814]
 [91.17579 ]], R is [[91.22978973]
 [91.12011719]
 [91.01167297]
 [90.90427399]
 [90.79776764]].
[2019-03-20 15:25:08,008] A3C_AGENT_WORKER-Thread-12 DEBUG:Policy network output: [1.0000000e+00 6.0499730e-09 7.4776905e-09 3.7854726e-08 1.9747361e-12], sum to 1.0000
[2019-03-20 15:25:08,015] A3C_AGENT_WORKER-Thread-12 DEBUG:Softmax action selection sampled number: 0.8133
[2019-03-20 15:25:08,025] A3C_AGENT_WORKER-Thread-12 DEBUG:Action function: raw action 0 has been changed to 4 for the demand 549095.3387972307 W.
[2019-03-20 15:25:08,119] A3C_AGENT_WORKER-Thread-12 DEBUG:TRAINING DEBUG INFO ======>>>>>>>>>>>>>>>>>>>>>>>>>>>>>>>>>>>>>>>>>>>>>>>>Current H regulation is 0.0000, 
Environment debug: raw action idx is 4, 
current raw observation is [12.0, 76.0, 1.0, 1.0, 0.2527826741014213, 0.0, 2.0, 0.0, 1.0, 2.0, 0.4718898725525822, 6.9112, 6.9112, 77.32792670606976, 549095.3387972307, 549095.3387972307, 136240.9399609108], 
current ob forecast is [], 
actual action is [0, 0, 0, 0, 1], 
sim time this is 364800.0000, 
sim time next is 365400.0000, 
raw observation next is [12.0, 76.0, 1.0, 2.0, 0.2, 1.0, 1.0, 0.2, 1.0, 2.0, 0.3, 6.911199999999999, 6.9112, 77.3421103, 450118.9585832153, 450118.9585832156, 148345.3678605917], 
processed observation next is [1.0, 0.21739130434782608, 0.18181818181818182, 0.76, 1.0, 1.0, 0.0, 1.0, 0.5, 0.0, 1.0, 1.0, 0.0, -8.881784197001253e-17, 0.0, 0.5085185399722538, 0.16671072540119086, 0.16671072540119097, 0.3618179703916871], 
reward next is 0.0000, 
noisyNet noise sample is [array([1.9025924], dtype=float32), 1.0964439]. 
=============================================
[2019-03-20 15:25:10,324] A3C_AGENT_WORKER-Thread-13 DEBUG:Policy network output: [1.0000000e+00 4.4729885e-33 8.1209535e-31 7.8546612e-31 7.1210191e-30], sum to 1.0000
[2019-03-20 15:25:10,332] A3C_AGENT_WORKER-Thread-13 DEBUG:Softmax action selection sampled number: 0.4628
[2019-03-20 15:25:10,340] A3C_AGENT_WORKER-Thread-13 DEBUG:TRAINING DEBUG INFO ======>>>>>>>>>>>>>>>>>>>>>>>>>>>>>>>>>>>>>>>>>>>>>>>>Current H regulation is 0.0000, 
Environment debug: raw action idx is 0, 
current raw observation is [19.5, 54.5, 0.0, 2.0, 0.0, 0.0, 2.0, 0.0, 1.0, 2.0, 0.706191251315343, 6.91202018229454, 6.9112, 77.32836746582775, 411073.3589234755, 410806.9808204586, 106513.3531633677], 
current ob forecast is [], 
actual action is [1, 0, 0, 0, 0], 
sim time this is 397800.0000, 
sim time next is 398400.0000, 
raw observation next is [19.33333333333334, 55.0, 0.0, 2.0, 0.0, 0.0, 2.0, 0.0, 1.0, 2.0, 0.7061313007234581, 6.911517880316283, 6.9112, 77.328415864109, 410875.2634519244, 410772.0224904957, 106042.5900616679], 
processed observation next is [1.0, 0.6086956521739131, 0.5151515151515155, 0.55, 0.0, 1.0, -0.25, 0.0, 1.0, -0.25, 1.0, 1.0, 0.5801875724620831, 3.178803162828814e-05, 0.0, 0.5084285000894783, 0.15217602350071274, 0.152137786107591, 0.25864046356504367], 
reward next is 0.7398, 
noisyNet noise sample is [array([0.72533345], dtype=float32), 0.030911744]. 
=============================================
[2019-03-20 15:25:20,060] A3C_AGENT_WORKER-Thread-21 DEBUG:Policy network output: [1.0000000e+00 2.0246874e-27 5.3294216e-26 1.2340331e-25 3.1779604e-28], sum to 1.0000
[2019-03-20 15:25:20,075] A3C_AGENT_WORKER-Thread-21 DEBUG:Softmax action selection sampled number: 0.5000
[2019-03-20 15:25:20,089] A3C_AGENT_WORKER-Thread-21 DEBUG:Action function: raw action 0 has been changed to 1 for the demand 552296.7883438878 W.
[2019-03-20 15:25:20,180] A3C_AGENT_WORKER-Thread-21 DEBUG:TRAINING DEBUG INFO ======>>>>>>>>>>>>>>>>>>>>>>>>>>>>>>>>>>>>>>>>>>>>>>>>Current H regulation is 0.0000, 
Environment debug: raw action idx is 1, 
current raw observation is [14.0, 94.00000000000001, 1.0, 2.0, 0.2, 1.0, 1.0, 0.2, 1.0, 2.0, 0.316426447592557, 6.911199999999999, 6.9112, 77.3421103, 552296.7883438878, 552296.788343888, 176640.9674562615], 
current ob forecast is [], 
actual action is [0, 1, 0, 0, 0], 
sim time this is 540600.0000, 
sim time next is 541200.0000, 
raw observation next is [14.0, 94.0, 1.0, 2.0, 0.435395196058302, 0.0, 1.0, 0.0, 0.0, 1.0, 0.0, 6.911200000000001, 6.9112, 77.32846344354104, 472846.3559356111, 472846.3559356108, 98926.44373979568], 
processed observation next is [1.0, 0.2608695652173913, 0.2727272727272727, 0.94, 1.0, 1.0, 0.29424399507287746, 0.0, 0.5, -0.25, 0.0, 0.5, -0.4285714285714286, 8.881784197001253e-17, 0.0, 0.5084288129206541, 0.17512827997615227, 0.17512827997615213, 0.24128400912145287], 
reward next is 0.0000, 
noisyNet noise sample is [array([1.6388018], dtype=float32), 0.47555643]. 
=============================================
[2019-03-20 15:25:23,629] A3C_AGENT_WORKER-Thread-17 INFO:Local step 1000, global step 15849: loss 0.0041
[2019-03-20 15:25:23,630] A3C_AGENT_WORKER-Thread-17 DEBUG:Local step 1000, global step 15849: learning rate 0.0010
[2019-03-20 15:25:23,822] A3C_AGENT_WORKER-Thread-2 INFO:Local step 1000, global step 15922: loss 0.3273
[2019-03-20 15:25:23,824] A3C_AGENT_WORKER-Thread-2 DEBUG:Local step 1000, global step 15922: learning rate 0.0010
[2019-03-20 15:25:23,910] A3C_AGENT_WORKER-Thread-16 INFO:Local step 1000, global step 15958: loss 0.2150
[2019-03-20 15:25:23,913] A3C_AGENT_WORKER-Thread-16 DEBUG:Local step 1000, global step 15959: learning rate 0.0010
[2019-03-20 15:25:23,922] A3C_AGENT_WORKER-Thread-19 INFO:Local step 1000, global step 15963: loss 0.2921
[2019-03-20 15:25:23,925] A3C_AGENT_WORKER-Thread-19 DEBUG:Local step 1000, global step 15965: learning rate 0.0010
[2019-03-20 15:25:23,933] A3C_AGENT_WORKER-Thread-15 INFO:Local step 1000, global step 15967: loss 0.2848
[2019-03-20 15:25:23,936] A3C_AGENT_WORKER-Thread-15 DEBUG:Local step 1000, global step 15967: learning rate 0.0010
[2019-03-20 15:25:23,956] A3C_AGENT_WORKER-Thread-14 INFO:Local step 1000, global step 15976: loss 0.1844
[2019-03-20 15:25:23,959] A3C_AGENT_WORKER-Thread-14 DEBUG:Local step 1000, global step 15977: learning rate 0.0010
[2019-03-20 15:25:23,965] A3C_AGENT_WORKER-Thread-18 INFO:Local step 1000, global step 15978: loss 0.1377
[2019-03-20 15:25:23,967] A3C_AGENT_WORKER-Thread-18 DEBUG:Local step 1000, global step 15978: learning rate 0.0010
[2019-03-20 15:25:23,986] A3C_AGENT_WORKER-Thread-22 INFO:Local step 1000, global step 15984: loss 0.2191
[2019-03-20 15:25:23,991] A3C_AGENT_WORKER-Thread-22 DEBUG:Local step 1000, global step 15986: learning rate 0.0010
[2019-03-20 15:25:23,994] A3C_AGENT_WORKER-Thread-11 INFO:Local step 1000, global step 15987: loss 0.3401
[2019-03-20 15:25:23,996] A3C_AGENT_WORKER-Thread-11 DEBUG:Local step 1000, global step 15987: learning rate 0.0010
[2019-03-20 15:25:24,027] A3C_AGENT_WORKER-Thread-10 INFO:Local step 1000, global step 15997: loss 0.0884
[2019-03-20 15:25:24,029] A3C_AGENT_WORKER-Thread-10 DEBUG:Local step 1000, global step 15997: learning rate 0.0010
[2019-03-20 15:25:24,062] A3C_AGENT_WORKER-Thread-3 INFO:Local step 1000, global step 16012: loss 0.1053
[2019-03-20 15:25:24,072] A3C_AGENT_WORKER-Thread-3 DEBUG:Local step 1000, global step 16012: learning rate 0.0010
[2019-03-20 15:25:24,072] A3C_AGENT_WORKER-Thread-13 INFO:Local step 1000, global step 16012: loss 0.0100
[2019-03-20 15:25:24,078] A3C_AGENT_WORKER-Thread-13 DEBUG:Local step 1000, global step 16013: learning rate 0.0010
[2019-03-20 15:25:24,104] A3C_AGENT_WORKER-Thread-20 INFO:Local step 1000, global step 16023: loss 0.1000
[2019-03-20 15:25:24,109] A3C_AGENT_WORKER-Thread-20 DEBUG:Local step 1000, global step 16024: learning rate 0.0010
[2019-03-20 15:25:24,149] A3C_AGENT_WORKER-Thread-9 INFO:Local step 1000, global step 16045: loss 0.0359
[2019-03-20 15:25:24,154] A3C_AGENT_WORKER-Thread-9 DEBUG:Local step 1000, global step 16047: learning rate 0.0010
[2019-03-20 15:25:24,184] A3C_AGENT_WORKER-Thread-21 INFO:Local step 1000, global step 16061: loss 0.0178
[2019-03-20 15:25:24,189] A3C_AGENT_WORKER-Thread-21 DEBUG:Local step 1000, global step 16061: learning rate 0.0010
[2019-03-20 15:25:24,206] A3C_AGENT_WORKER-Thread-12 INFO:Local step 1000, global step 16070: loss 0.0648
[2019-03-20 15:25:24,209] A3C_AGENT_WORKER-Thread-12 DEBUG:Local step 1000, global step 16070: learning rate 0.0010
[2019-03-20 15:25:27,883] A3C_AGENT_WORKER-Thread-20 DEBUG:Policy network output: [1.0000000e+00 2.4805507e-17 7.1285639e-18 4.5535076e-11 7.9299876e-16], sum to 1.0000
[2019-03-20 15:25:27,893] A3C_AGENT_WORKER-Thread-20 DEBUG:Softmax action selection sampled number: 0.1814
[2019-03-20 15:25:27,901] A3C_AGENT_WORKER-Thread-20 DEBUG:Action function: raw action 0 has been changed to 2 for the demand 872814.2415929622 W.
[2019-03-20 15:25:28,008] A3C_AGENT_WORKER-Thread-20 DEBUG:TRAINING DEBUG INFO ======>>>>>>>>>>>>>>>>>>>>>>>>>>>>>>>>>>>>>>>>>>>>>>>>Current H regulation is 0.0000, 
Environment debug: raw action idx is 2, 
current raw observation is [24.0, 56.5, 1.0, 2.0, 0.774024612840296, 0.0, 1.0, 0.0, 0.0, 2.0, 0.0, 6.9112, 6.9112, 77.32846344354051, 872814.2415929622, 872814.2415929622, 167982.563811395], 
current ob forecast is [], 
actual action is [0, 0, 1, 0, 0], 
sim time this is 654600.0000, 
sim time next is 655200.0000, 
raw observation next is [24.0, 57.0, 1.0, 2.0, 0.3972332970737855, 0.0, 2.0, 0.0, 1.0, 1.0, 0.7821066718486274, 6.911199999999999, 6.9112, 77.32846344354104, 897092.1806033123, 897092.1806033126, 208783.3806295887], 
processed observation next is [1.0, 0.6086956521739131, 0.7272727272727273, 0.57, 1.0, 1.0, 0.24654162134223187, 0.0, 1.0, -0.25, 1.0, 0.5, 0.6887238169266106, -8.881784197001253e-17, 0.0, 0.5084288129206541, 0.332256363186412, 0.33225636318641205, 0.5092277576331432], 
reward next is 0.4908, 
noisyNet noise sample is [array([-1.183684], dtype=float32), 1.2465464]. 
=============================================
[2019-03-20 15:25:31,691] A3C_AGENT_WORKER-Thread-17 DEBUG:Policy network output: [1.0000000e+00 1.6560823e-24 7.5162948e-25 2.5734539e-20 4.4247855e-28], sum to 1.0000
[2019-03-20 15:25:31,693] A3C_AGENT_WORKER-Thread-17 DEBUG:Softmax action selection sampled number: 0.2413
[2019-03-20 15:25:31,697] A3C_AGENT_WORKER-Thread-17 DEBUG:Action function: raw action 0 has been changed to 1 for the demand 970739.16799879 W.
[2019-03-20 15:25:31,796] A3C_AGENT_WORKER-Thread-17 DEBUG:TRAINING DEBUG INFO ======>>>>>>>>>>>>>>>>>>>>>>>>>>>>>>>>>>>>>>>>>>>>>>>>Current H regulation is 0.0000, 
Environment debug: raw action idx is 1, 
current raw observation is [22.0, 71.0, 1.0, 2.0, 0.8573526377770861, 0.0, 1.0, 0.0, 0.0, 1.0, 0.0, 6.911200000000001, 6.9112, 77.32845919866426, 970739.16799879, 970739.1679987897, 182329.1899281426], 
current ob forecast is [], 
actual action is [0, 1, 0, 0, 0], 
sim time this is 721800.0000, 
sim time next is 722400.0000, 
raw observation next is [22.33333333333333, 70.33333333333334, 1.0, 2.0, 0.76629337136971, 0.0, 2.0, 0.0, 0.0, 2.0, 0.0, 6.911200000000001, 6.9112, 77.3284634172649, 866840.8100856363, 866840.8100856361, 168430.0266870464], 
processed observation next is [1.0, 0.34782608695652173, 0.6515151515151513, 0.7033333333333335, 1.0, 1.0, 0.7078667142121375, 0.0, 1.0, -0.25, 0.0, 1.0, -0.4285714285714286, 8.881784197001253e-17, 0.0, 0.5084288127478904, 0.321052151883569, 0.32105215188356895, 0.41080494313913757], 
reward next is 0.5892, 
noisyNet noise sample is [array([-2.5213497], dtype=float32), -0.357281]. 
=============================================
[2019-03-20 15:25:34,453] A3C_AGENT_WORKER-Thread-16 DEBUG:Policy network output: [2.3442823e-02 2.8531948e-09 2.0393090e-08 6.7538705e-05 9.7648960e-01], sum to 1.0000
[2019-03-20 15:25:34,468] A3C_AGENT_WORKER-Thread-16 DEBUG:Softmax action selection sampled number: 0.2230
[2019-03-20 15:25:34,559] A3C_AGENT_WORKER-Thread-16 DEBUG:TRAINING DEBUG INFO ======>>>>>>>>>>>>>>>>>>>>>>>>>>>>>>>>>>>>>>>>>>>>>>>>Current H regulation is 0.0000, 
Environment debug: raw action idx is 4, 
current raw observation is [27.0, 58.0, 0.0, 1.0, 0.0, 0.0, 1.0, 0.0, 1.0, 2.0, 0.812511280538632, 7.603096985360562, 6.9112, 77.32678765351673, 683538.7765251951, 458829.65721184, 144671.880953029], 
current ob forecast is [], 
actual action is [0, 0, 0, 0, 1], 
sim time this is 759000.0000, 
sim time next is 759600.0000, 
raw observation next is [27.0, 58.0, 1.0, 1.0, 0.2, 1.0, 1.0, 0.2, 1.0, 2.0, 0.3635551591138229, 6.911199999999999, 6.9112, 77.3421103, 615801.289992585, 615801.2899925852, 216033.3277786512], 
processed observation next is [1.0, 0.8260869565217391, 0.8636363636363636, 0.58, 1.0, 0.5, 0.0, 1.0, 0.5, 0.0, 1.0, 1.0, 0.09079308444831846, -8.881784197001253e-17, 0.0, 0.5085185399722538, 0.22807455184910555, 0.22807455184910563, 0.5269105555576858], 
reward next is 0.0000, 
noisyNet noise sample is [array([-0.60221165], dtype=float32), -0.5861428]. 
=============================================
[2019-03-20 15:25:35,809] A3C_AGENT_WORKER-Thread-20 DEBUG:Policy network output: [9.2220118e-20 5.4875190e-23 9.6649859e-21 5.9310933e-15 1.0000000e+00], sum to 1.0000
[2019-03-20 15:25:35,818] A3C_AGENT_WORKER-Thread-20 DEBUG:Softmax action selection sampled number: 0.3186
[2019-03-20 15:25:35,825] A3C_AGENT_WORKER-Thread-20 DEBUG:TRAINING DEBUG INFO ======>>>>>>>>>>>>>>>>>>>>>>>>>>>>>>>>>>>>>>>>>>>>>>>>Current H regulation is 0.0000, 
Environment debug: raw action idx is 4, 
current raw observation is [24.0, 69.0, 1.0, 2.0, 0.2, 1.0, 2.0, 0.2, 1.0, 2.0, 0.3, 6.911199999999999, 6.9112, 77.3421103, 508735.0783411052, 508735.0783411055, 200539.9196429019], 
current ob forecast is [], 
actual action is [0, 0, 0, 0, 1], 
sim time this is 771600.0000, 
sim time next is 772200.0000, 
raw observation next is [24.0, 69.0, 1.0, 2.0, 0.2, 1.0, 2.0, 0.2, 1.0, 2.0, 0.3, 6.911199999999999, 6.9112, 77.3421103, 507462.9195667208, 507462.9195667211, 200320.4600746629], 
processed observation next is [1.0, 0.9565217391304348, 0.7272727272727273, 0.69, 1.0, 1.0, 0.0, 1.0, 1.0, 0.0, 1.0, 1.0, 0.0, -8.881784197001253e-17, 0.0, 0.5085185399722538, 0.18794922946915585, 0.18794922946915596, 0.4885864879869827], 
reward next is 0.0000, 
noisyNet noise sample is [array([-0.05223126], dtype=float32), 2.379449]. 
=============================================
[2019-03-20 15:25:36,013] A3C_AGENT_WORKER-Thread-16 DEBUG:Policy network output: [6.5052628e-16 5.5780329e-18 1.6347467e-18 1.4353632e-11 1.0000000e+00], sum to 1.0000
[2019-03-20 15:25:36,023] A3C_AGENT_WORKER-Thread-16 DEBUG:Softmax action selection sampled number: 0.7959
[2019-03-20 15:25:36,030] A3C_AGENT_WORKER-Thread-16 DEBUG:TRAINING DEBUG INFO ======>>>>>>>>>>>>>>>>>>>>>>>>>>>>>>>>>>>>>>>>>>>>>>>>Current H regulation is 0.0000, 
Environment debug: raw action idx is 4, 
current raw observation is [21.66666666666667, 79.66666666666667, 1.0, 2.0, 0.2, 1.0, 2.0, 0.2, 1.0, 2.0, 0.3, 6.911199999999999, 6.9112, 77.3421103, 474624.7550374913, 474624.7550374916, 192713.5679955467], 
current ob forecast is [], 
actual action is [0, 0, 0, 0, 1], 
sim time this is 781800.0000, 
sim time next is 782400.0000, 
raw observation next is [21.33333333333334, 81.33333333333334, 1.0, 2.0, 0.2, 1.0, 2.0, 0.2, 1.0, 2.0, 0.3, 6.911199999999999, 6.9112, 77.3421103, 472015.9030509578, 472015.903050958, 191992.835246503], 
processed observation next is [0.0, 0.043478260869565216, 0.6060606060606063, 0.8133333333333335, 1.0, 1.0, 0.0, 1.0, 1.0, 0.0, 1.0, 1.0, 0.0, -8.881784197001253e-17, 0.0, 0.5085185399722538, 0.17482070483368806, 0.17482070483368814, 0.4682752079183], 
reward next is 0.0000, 
noisyNet noise sample is [array([-0.75107354], dtype=float32), 0.027548624]. 
=============================================
[2019-03-20 15:25:38,729] A3C_AGENT_WORKER-Thread-20 DEBUG:Policy network output: [1.0000000e+00 3.3210754e-19 4.0311065e-19 4.3759416e-19 1.3958527e-19], sum to 1.0000
[2019-03-20 15:25:38,738] A3C_AGENT_WORKER-Thread-20 DEBUG:Softmax action selection sampled number: 0.1496
[2019-03-20 15:25:38,747] A3C_AGENT_WORKER-Thread-20 DEBUG:Action function: raw action 0 has been changed to 1 for the demand 665109.8158566215 W.
[2019-03-20 15:25:38,751] A3C_AGENT_WORKER-Thread-20 DEBUG:TRAINING DEBUG INFO ======>>>>>>>>>>>>>>>>>>>>>>>>>>>>>>>>>>>>>>>>>>>>>>>>Current H regulation is 0.0000, 
Environment debug: raw action idx is 1, 
current raw observation is [26.5, 76.5, 1.0, 2.0, 0.2959415756227886, 1.0, 2.0, 0.2959415756227886, 0.0, 1.0, 0.0, 6.911199999999999, 6.9112, 77.32846344354104, 665109.8158566215, 665109.8158566217, 191602.1042424348], 
current ob forecast is [], 
actual action is [0, 1, 0, 0, 0], 
sim time this is 815400.0000, 
sim time next is 816000.0000, 
raw observation next is [26.66666666666667, 75.66666666666666, 1.0, 2.0, 0.5930055901825221, 0.0, 1.0, 0.0, 0.0, 2.0, 0.0, 6.9112, 6.9112, 77.32846344354104, 666773.649654016, 666773.649654016, 157840.6371194921], 
processed observation next is [0.0, 0.43478260869565216, 0.8484848484848487, 0.7566666666666666, 1.0, 1.0, 0.49125698772815257, 0.0, 0.5, -0.25, 0.0, 1.0, -0.4285714285714286, 0.0, 0.0, 0.5084288129206541, 0.2469532035755615, 0.2469532035755615, 0.3849771637060783], 
reward next is 0.6150, 
noisyNet noise sample is [array([-0.3565323], dtype=float32), -1.1034529]. 
=============================================
[2019-03-20 15:25:38,760] A3C_AGENT_WORKER-Thread-20 DEBUG:Value prediction is [[20.194597]
 [20.150536]
 [19.93001 ]
 [19.559856]
 [19.681356]], R is [[20.50021935]
 [20.82789612]
 [20.61961746]
 [20.9386673 ]
 [21.34918022]].
[2019-03-20 15:25:44,042] A3C_AGENT_WORKER-Thread-17 INFO:Local step 1500, global step 23888: loss 25.1287
[2019-03-20 15:25:44,044] A3C_AGENT_WORKER-Thread-17 DEBUG:Local step 1500, global step 23888: learning rate 0.0010
[2019-03-20 15:25:44,056] A3C_AGENT_WORKER-Thread-16 INFO:Local step 1500, global step 23892: loss 28.8024
[2019-03-20 15:25:44,058] A3C_AGENT_WORKER-Thread-16 DEBUG:Local step 1500, global step 23892: learning rate 0.0010
[2019-03-20 15:25:44,091] A3C_AGENT_WORKER-Thread-15 INFO:Local step 1500, global step 23905: loss -3.6600
[2019-03-20 15:25:44,095] A3C_AGENT_WORKER-Thread-15 DEBUG:Local step 1500, global step 23906: learning rate 0.0010
[2019-03-20 15:25:44,186] A3C_AGENT_WORKER-Thread-2 INFO:Local step 1500, global step 23942: loss -3.1077
[2019-03-20 15:25:44,188] A3C_AGENT_WORKER-Thread-2 DEBUG:Local step 1500, global step 23943: learning rate 0.0010
[2019-03-20 15:25:44,227] A3C_AGENT_WORKER-Thread-19 INFO:Local step 1500, global step 23956: loss 50.3458
[2019-03-20 15:25:44,229] A3C_AGENT_WORKER-Thread-19 DEBUG:Local step 1500, global step 23956: learning rate 0.0010
[2019-03-20 15:25:44,247] A3C_AGENT_WORKER-Thread-10 INFO:Local step 1500, global step 23964: loss -8.3554
[2019-03-20 15:25:44,249] A3C_AGENT_WORKER-Thread-10 DEBUG:Local step 1500, global step 23964: learning rate 0.0010
[2019-03-20 15:25:44,283] A3C_AGENT_WORKER-Thread-3 INFO:Local step 1500, global step 23975: loss 2.0903
[2019-03-20 15:25:44,284] A3C_AGENT_WORKER-Thread-3 DEBUG:Local step 1500, global step 23975: learning rate 0.0010
[2019-03-20 15:25:44,307] A3C_AGENT_WORKER-Thread-18 INFO:Local step 1500, global step 23986: loss 12.1689
[2019-03-20 15:25:44,311] A3C_AGENT_WORKER-Thread-18 DEBUG:Local step 1500, global step 23986: learning rate 0.0010
[2019-03-20 15:25:44,368] A3C_AGENT_WORKER-Thread-9 INFO:Local step 1500, global step 24009: loss 18.4932
[2019-03-20 15:25:44,370] A3C_AGENT_WORKER-Thread-9 DEBUG:Local step 1500, global step 24011: learning rate 0.0010
[2019-03-20 15:25:44,377] A3C_AGENT_WORKER-Thread-11 INFO:Local step 1500, global step 24014: loss -10.3431
[2019-03-20 15:25:44,380] A3C_AGENT_WORKER-Thread-11 DEBUG:Local step 1500, global step 24016: learning rate 0.0010
[2019-03-20 15:25:44,397] A3C_AGENT_WORKER-Thread-14 INFO:Local step 1500, global step 24023: loss 14.6915
[2019-03-20 15:25:44,398] A3C_AGENT_WORKER-Thread-14 DEBUG:Local step 1500, global step 24023: learning rate 0.0010
[2019-03-20 15:25:44,406] A3C_AGENT_WORKER-Thread-22 INFO:Local step 1500, global step 24026: loss 36.4237
[2019-03-20 15:25:44,408] A3C_AGENT_WORKER-Thread-22 DEBUG:Local step 1500, global step 24026: learning rate 0.0010
[2019-03-20 15:25:44,420] A3C_AGENT_WORKER-Thread-21 INFO:Local step 1500, global step 24032: loss -16.7766
[2019-03-20 15:25:44,422] A3C_AGENT_WORKER-Thread-21 DEBUG:Local step 1500, global step 24032: learning rate 0.0010
[2019-03-20 15:25:44,432] A3C_AGENT_WORKER-Thread-13 INFO:Local step 1500, global step 24037: loss -13.7469
[2019-03-20 15:25:44,435] A3C_AGENT_WORKER-Thread-13 DEBUG:Local step 1500, global step 24037: learning rate 0.0010
[2019-03-20 15:25:44,487] A3C_AGENT_WORKER-Thread-12 INFO:Local step 1500, global step 24060: loss -13.9633
[2019-03-20 15:25:44,491] A3C_AGENT_WORKER-Thread-12 DEBUG:Local step 1500, global step 24060: learning rate 0.0010
[2019-03-20 15:25:44,541] A3C_AGENT_WORKER-Thread-20 INFO:Local step 1500, global step 24079: loss 47.4038
[2019-03-20 15:25:44,545] A3C_AGENT_WORKER-Thread-20 DEBUG:Local step 1500, global step 24079: learning rate 0.0010
[2019-03-20 15:25:46,936] A3C_AGENT_WORKER-Thread-2 INFO:Evaluating...
[2019-03-20 15:25:46,938] A3C_EVAL-Part3-NA-Pit-Train-v1 INFO:Evaluation job starts!
[2019-03-20 15:25:46,938] A3C_EVAL-Part3-NA-Pit-Test-v1 INFO:Evaluation job starts!
[2019-03-20 15:25:46,940] EPLUS_ENV_Part3-NA-Pit-Test-v1_MainThread_ROOT INFO:Creating EnergyPlus simulation environment...
[2019-03-20 15:25:46,940] EPLUS_ENV_Part3-NA-Pit-Train-v1_MainThread_ROOT INFO:Creating EnergyPlus simulation environment...
[2019-03-20 15:25:46,940] A3C_EVAL-Part3-NA-Pit-Test-v2 INFO:Evaluation job starts!
[2019-03-20 15:25:46,943] A3C_EVAL-Part3-NA-Pit-Test-v3 INFO:Evaluation job starts!
[2019-03-20 15:25:46,945] A3C_EVAL-Part3-NA-Pit-Test-v4 INFO:Evaluation job starts!
[2019-03-20 15:25:46,946] EPLUS_ENV_Part3-NA-Pit-Test-v2_MainThread_ROOT INFO:Creating EnergyPlus simulation environment...
[2019-03-20 15:25:46,948] EPLUS_ENV_Part3-NA-Pit-Test-v4_MainThread_ROOT INFO:Creating EnergyPlus simulation environment...
[2019-03-20 15:25:46,947] EPLUS_ENV_Part3-NA-Pit-Test-v3_MainThread_ROOT INFO:Creating EnergyPlus simulation environment...
[2019-03-20 15:25:46,968] EPLUS_ENV_Part3-NA-Pit-Train-v1_MainThread_ROOT INFO:EnergyPlus working directory is in /home/zhiangz/Documents/HVAC-RL-Control/src/runs/rl_parametric_part3_pit_na/1/Eplus-env-Part3-NA-Pit-Train-v1-res1/Eplus-env-sub_run2
[2019-03-20 15:25:46,969] EPLUS_ENV_Part3-NA-Pit-Test-v3_MainThread_ROOT INFO:EnergyPlus working directory is in /home/zhiangz/Documents/HVAC-RL-Control/src/runs/rl_parametric_part3_pit_na/1/Eplus-env-Part3-NA-Pit-Test-v3-res1/Eplus-env-sub_run2
[2019-03-20 15:25:46,969] EPLUS_ENV_Part3-NA-Pit-Test-v2_MainThread_ROOT INFO:EnergyPlus working directory is in /home/zhiangz/Documents/HVAC-RL-Control/src/runs/rl_parametric_part3_pit_na/1/Eplus-env-Part3-NA-Pit-Test-v2-res1/Eplus-env-sub_run2
[2019-03-20 15:25:46,970] EPLUS_ENV_Part3-NA-Pit-Test-v1_MainThread_ROOT INFO:EnergyPlus working directory is in /home/zhiangz/Documents/HVAC-RL-Control/src/runs/rl_parametric_part3_pit_na/1/Eplus-env-Part3-NA-Pit-Test-v1-res1/Eplus-env-sub_run2
[2019-03-20 15:25:47,003] EPLUS_ENV_Part3-NA-Pit-Test-v4_MainThread_ROOT INFO:EnergyPlus working directory is in /home/zhiangz/Documents/HVAC-RL-Control/src/runs/rl_parametric_part3_pit_na/1/Eplus-env-Part3-NA-Pit-Test-v4-res1/Eplus-env-sub_run2
[2019-03-20 15:25:56,381] A3C_EVAL-Part3-NA-Pit-Test-v4 DEBUG:NoisyNet noise sample: [array([-0.22711577], dtype=float32), 0.10380775]
[2019-03-20 15:25:56,382] A3C_EVAL-Part3-NA-Pit-Test-v4 DEBUG:Observation this: [13.53944477666667, 81.4754362, 1.0, 2.0, 0.2321460920653244, 1.0, 2.0, 0.2321460920653244, 1.0, 2.0, 0.433365896244944, 6.911199999999999, 6.9112, 95.55338769695034, 756451.7848483009, 756451.7848483012, 193519.3725683541]
[2019-03-20 15:25:56,383] A3C_EVAL-Part3-NA-Pit-Test-v4 DEBUG:Observation forecast: []
[2019-03-20 15:25:56,387] A3C_EVAL-Part3-NA-Pit-Test-v4 INFO:Softmax [2.2818653e-11 5.4906621e-11 3.9786815e-12 3.7497561e-09 1.0000000e+00], sampled 0.4794191682160448
[2019-03-20 15:26:17,316] A3C_EVAL-Part3-NA-Pit-Test-v3 DEBUG:NoisyNet noise sample: [array([-0.22711577], dtype=float32), 0.10380775]
[2019-03-20 15:26:17,317] A3C_EVAL-Part3-NA-Pit-Test-v3 DEBUG:Observation this: [21.38333333333333, 89.5, 1.0, 2.0, 0.4125485161882719, 1.0, 2.0, 0.4125485161882719, 1.0, 2.0, 0.835416227144967, 6.9112, 6.9112, 109.896378789837, 1409446.756105979, 1409446.756105979, 314318.3657456841]
[2019-03-20 15:26:17,317] A3C_EVAL-Part3-NA-Pit-Test-v3 DEBUG:Observation forecast: []
[2019-03-20 15:26:17,319] A3C_EVAL-Part3-NA-Pit-Test-v3 INFO:Softmax [1.5645473e-17 2.2786230e-13 7.6926990e-15 5.4634901e-11 1.0000000e+00], sampled 0.5321070307524277
