Using TensorFlow backend.
[2018-01-10 20:15:15,127] A3C_AGENT_MAIN INFO:Namespace(action_space='iw_af4_3', agent_num=5, clip_norm=5.0, decay_steps=1000000, dropout_prob=0.0, end_e=0.0, env='IW-tmy3Weather-v9706', err_penalty_scl=0.15, eval_act_func='8', eval_epi_num=1, eval_freq=250000, forecast_dim=0, gamma=0.99, h_decay_bounds=[2000000, 4000000, 6000000], h_regu_frac=[1.0, 0.1, 0.05, 0.01], init_e=0.0, is_warm_start=False, job_mode='Train', learning_rate=0.0001, max_interactions=10000000, model_dir='None', num_threads=16, output='a3c-res-v0.1/IW-tmy3Weather-v9706-run1', p_loss_frac=1.0, reward_func='13', rmsprop_decay=0.9, rmsprop_epsil=1e-10, rmsprop_momet=0.0, rwd_e_para=2.0, rwd_p_para=1.0, save_freq=500000, save_scope='all', state_dim=13, test_env='IW-realWeather-v9706', test_mode='Multiple', train_act_func='9', train_freq=5, v_loss_frac=0.5, violation_penalty_scl=5.0, window_len=3)
[2018-01-10 20:15:15,127] A3C_AGENT_MAIN INFO:Start compiling...
2018-01-10 20:15:18.925216: W tensorflow/core/platform/cpu_feature_guard.cc:45] The TensorFlow library wasn't compiled to use SSE4.1 instructions, but these are available on your machine and could speed up CPU computations.
2018-01-10 20:15:18.925234: W tensorflow/core/platform/cpu_feature_guard.cc:45] The TensorFlow library wasn't compiled to use SSE4.2 instructions, but these are available on your machine and could speed up CPU computations.
2018-01-10 20:15:18.925238: W tensorflow/core/platform/cpu_feature_guard.cc:45] The TensorFlow library wasn't compiled to use AVX instructions, but these are available on your machine and could speed up CPU computations.
2018-01-10 20:15:18.925240: W tensorflow/core/platform/cpu_feature_guard.cc:45] The TensorFlow library wasn't compiled to use AVX2 instructions, but these are available on your machine and could speed up CPU computations.
2018-01-10 20:15:18.925243: W tensorflow/core/platform/cpu_feature_guard.cc:45] The TensorFlow library wasn't compiled to use FMA instructions, but these are available on your machine and could speed up CPU computations.
[2018-01-10 20:15:20,513] A3C_AGENT_MAIN INFO:Start the learning...
[2018-01-10 20:15:20,513] A3C_AGENT_MAIN INFO:Prepare the evaluation environments ['IW-tmy3Weather-v9706', 'IW-realWeather-v9706'] ...
[2018-01-10 20:15:20,514] Making new env: IW-tmy3Weather-v9706
[2018-01-10 20:15:20,524] Making new env: IW-realWeather-v9706
[2018-01-10 20:15:20,527] A3C_AGENT_MAIN INFO:Prepare the local workers ...
[2018-01-10 20:15:20,527] A3C_AGENT_WORKER-Thread-2 INFO:Local worker starts!
[2018-01-10 20:15:20,557] Making new env: IW-tmy3Weather-v9706
[2018-01-10 20:15:20,565] EPLUS_ENV_IW-tmy3Weather-v9606_Thread-2_ROOT INFO:Creating EnergyPlus simulation environment...
[2018-01-10 20:15:20,567] EPLUS_ENV_IW-tmy3Weather-v9606_Thread-2_ROOT INFO:EnergyPlus working directory is in /home/zhiangz/Documents/HVAC-RL-Control/src/iw_ctrl_runs_v2/78/Eplus-env-IW-tmy3Weather-v9606-res2/Eplus-env-sub_run1
[2018-01-10 20:15:21,528] A3C_AGENT_MAIN INFO:Prepare the local workers ...
[2018-01-10 20:15:21,529] A3C_AGENT_WORKER-Thread-3 INFO:Local worker starts!
[2018-01-10 20:15:21,552] Making new env: IW-tmy3Weather-v9706
[2018-01-10 20:15:21,557] EPLUS_ENV_IW-tmy3Weather-v9606_Thread-3_ROOT INFO:Creating EnergyPlus simulation environment...
[2018-01-10 20:15:21,558] EPLUS_ENV_IW-tmy3Weather-v9606_Thread-3_ROOT INFO:EnergyPlus working directory is in /home/zhiangz/Documents/HVAC-RL-Control/src/iw_ctrl_runs_v2/78/Eplus-env-IW-tmy3Weather-v9606-res3/Eplus-env-sub_run1
[2018-01-10 20:15:22,530] A3C_AGENT_MAIN INFO:Prepare the local workers ...
[2018-01-10 20:15:22,531] A3C_AGENT_WORKER-Thread-4 INFO:Local worker starts!
[2018-01-10 20:15:22,554] Making new env: IW-tmy3Weather-v9706
[2018-01-10 20:15:22,560] EPLUS_ENV_IW-tmy3Weather-v9606_Thread-4_ROOT INFO:Creating EnergyPlus simulation environment...
[2018-01-10 20:15:22,561] EPLUS_ENV_IW-tmy3Weather-v9606_Thread-4_ROOT INFO:EnergyPlus working directory is in /home/zhiangz/Documents/HVAC-RL-Control/src/iw_ctrl_runs_v2/78/Eplus-env-IW-tmy3Weather-v9606-res4/Eplus-env-sub_run1
[2018-01-10 20:15:23,532] A3C_AGENT_MAIN INFO:Prepare the local workers ...
[2018-01-10 20:15:23,533] A3C_AGENT_WORKER-Thread-5 INFO:Local worker starts!
[2018-01-10 20:15:23,553] Making new env: IW-tmy3Weather-v9706
[2018-01-10 20:15:23,561] EPLUS_ENV_IW-tmy3Weather-v9606_Thread-5_ROOT INFO:Creating EnergyPlus simulation environment...
[2018-01-10 20:15:23,563] EPLUS_ENV_IW-tmy3Weather-v9606_Thread-5_ROOT INFO:EnergyPlus working directory is in /home/zhiangz/Documents/HVAC-RL-Control/src/iw_ctrl_runs_v2/78/Eplus-env-IW-tmy3Weather-v9606-res5/Eplus-env-sub_run1
[2018-01-10 20:15:24,534] A3C_AGENT_MAIN INFO:Prepare the local workers ...
[2018-01-10 20:15:24,534] A3C_AGENT_WORKER-Thread-6 INFO:Local worker starts!
[2018-01-10 20:15:24,556] Making new env: IW-tmy3Weather-v9706
[2018-01-10 20:15:24,561] EPLUS_ENV_IW-tmy3Weather-v9606_Thread-6_ROOT INFO:Creating EnergyPlus simulation environment...
[2018-01-10 20:15:24,562] EPLUS_ENV_IW-tmy3Weather-v9606_Thread-6_ROOT INFO:EnergyPlus working directory is in /home/zhiangz/Documents/HVAC-RL-Control/src/iw_ctrl_runs_v2/78/Eplus-env-IW-tmy3Weather-v9606-res6/Eplus-env-sub_run1
[2018-01-10 20:15:25,535] A3C_AGENT_MAIN INFO:Prepare the local workers ...
[2018-01-10 20:15:25,536] A3C_AGENT_WORKER-Thread-7 INFO:Local worker starts!
[2018-01-10 20:15:25,570] Making new env: IW-tmy3Weather-v9706
[2018-01-10 20:15:25,578] EPLUS_ENV_IW-tmy3Weather-v9606_Thread-7_ROOT INFO:Creating EnergyPlus simulation environment...
[2018-01-10 20:15:25,580] EPLUS_ENV_IW-tmy3Weather-v9606_Thread-7_ROOT INFO:EnergyPlus working directory is in /home/zhiangz/Documents/HVAC-RL-Control/src/iw_ctrl_runs_v2/78/Eplus-env-IW-tmy3Weather-v9606-res7/Eplus-env-sub_run1
[2018-01-10 20:15:25,841] A3C_AGENT_WORKER-Thread-2 INFO:Evaluating...
[2018-01-10 20:15:25,841] EPLUS_ENV_IW-tmy3Weather-v9606_MainThread_ROOT INFO:Creating EnergyPlus simulation environment...
[2018-01-10 20:15:25,842] EPLUS_ENV_IW-tmy3Weather-v9606_MainThread_ROOT INFO:EnergyPlus working directory is in /home/zhiangz/Documents/HVAC-RL-Control/src/iw_ctrl_runs_v2/78/Eplus-env-IW-tmy3Weather-v9606-res1/Eplus-env-sub_run1
[2018-01-10 20:15:26,537] A3C_AGENT_MAIN INFO:Prepare the local workers ...
[2018-01-10 20:15:26,537] A3C_AGENT_WORKER-Thread-8 INFO:Local worker starts!
[2018-01-10 20:15:26,569] Making new env: IW-tmy3Weather-v9706
[2018-01-10 20:15:26,576] EPLUS_ENV_IW-tmy3Weather-v9606_Thread-8_ROOT INFO:Creating EnergyPlus simulation environment...
[2018-01-10 20:15:26,578] EPLUS_ENV_IW-tmy3Weather-v9606_Thread-8_ROOT INFO:EnergyPlus working directory is in /home/zhiangz/Documents/HVAC-RL-Control/src/iw_ctrl_runs_v2/78/Eplus-env-IW-tmy3Weather-v9606-res8/Eplus-env-sub_run1
[2018-01-10 20:15:27,539] A3C_AGENT_MAIN INFO:Prepare the local workers ...
[2018-01-10 20:15:27,540] A3C_AGENT_WORKER-Thread-9 INFO:Local worker starts!
[2018-01-10 20:15:27,571] Making new env: IW-tmy3Weather-v9706
[2018-01-10 20:15:27,578] EPLUS_ENV_IW-tmy3Weather-v9606_Thread-9_ROOT INFO:Creating EnergyPlus simulation environment...
[2018-01-10 20:15:27,580] EPLUS_ENV_IW-tmy3Weather-v9606_Thread-9_ROOT INFO:EnergyPlus working directory is in /home/zhiangz/Documents/HVAC-RL-Control/src/iw_ctrl_runs_v2/78/Eplus-env-IW-tmy3Weather-v9606-res9/Eplus-env-sub_run1
[2018-01-10 20:15:28,541] A3C_AGENT_MAIN INFO:Prepare the local workers ...
[2018-01-10 20:15:28,541] A3C_AGENT_WORKER-Thread-10 INFO:Local worker starts!
[2018-01-10 20:15:28,574] Making new env: IW-tmy3Weather-v9706
[2018-01-10 20:15:28,582] EPLUS_ENV_IW-tmy3Weather-v9606_Thread-10_ROOT INFO:Creating EnergyPlus simulation environment...
[2018-01-10 20:15:28,584] EPLUS_ENV_IW-tmy3Weather-v9606_Thread-10_ROOT INFO:EnergyPlus working directory is in /home/zhiangz/Documents/HVAC-RL-Control/src/iw_ctrl_runs_v2/78/Eplus-env-IW-tmy3Weather-v9606-res10/Eplus-env-sub_run1
[2018-01-10 20:15:29,542] A3C_AGENT_MAIN INFO:Prepare the local workers ...
[2018-01-10 20:15:29,543] A3C_AGENT_WORKER-Thread-11 INFO:Local worker starts!
[2018-01-10 20:15:29,572] Making new env: IW-tmy3Weather-v9706
[2018-01-10 20:15:29,580] EPLUS_ENV_IW-tmy3Weather-v9606_Thread-11_ROOT INFO:Creating EnergyPlus simulation environment...
[2018-01-10 20:15:29,582] EPLUS_ENV_IW-tmy3Weather-v9606_Thread-11_ROOT INFO:EnergyPlus working directory is in /home/zhiangz/Documents/HVAC-RL-Control/src/iw_ctrl_runs_v2/78/Eplus-env-IW-tmy3Weather-v9606-res11/Eplus-env-sub_run1
[2018-01-10 20:15:30,544] A3C_AGENT_MAIN INFO:Prepare the local workers ...
[2018-01-10 20:15:30,545] A3C_AGENT_WORKER-Thread-12 INFO:Local worker starts!
[2018-01-10 20:15:30,580] Making new env: IW-tmy3Weather-v9706
[2018-01-10 20:15:30,588] EPLUS_ENV_IW-tmy3Weather-v9606_Thread-12_ROOT INFO:Creating EnergyPlus simulation environment...
[2018-01-10 20:15:30,590] EPLUS_ENV_IW-tmy3Weather-v9606_Thread-12_ROOT INFO:EnergyPlus working directory is in /home/zhiangz/Documents/HVAC-RL-Control/src/iw_ctrl_runs_v2/78/Eplus-env-IW-tmy3Weather-v9606-res12/Eplus-env-sub_run1
[2018-01-10 20:15:31,546] A3C_AGENT_MAIN INFO:Prepare the local workers ...
[2018-01-10 20:15:31,547] A3C_AGENT_WORKER-Thread-13 INFO:Local worker starts!
[2018-01-10 20:15:31,578] Making new env: IW-tmy3Weather-v9706
[2018-01-10 20:15:31,583] EPLUS_ENV_IW-tmy3Weather-v9606_Thread-13_ROOT INFO:Creating EnergyPlus simulation environment...
[2018-01-10 20:15:31,585] EPLUS_ENV_IW-tmy3Weather-v9606_Thread-13_ROOT INFO:EnergyPlus working directory is in /home/zhiangz/Documents/HVAC-RL-Control/src/iw_ctrl_runs_v2/78/Eplus-env-IW-tmy3Weather-v9606-res13/Eplus-env-sub_run1
[2018-01-10 20:15:32,246] A3C_AGENT_WORKER-Thread-2 DEBUG:Observation this: [0.6, 95.08333333333333, 4.1, 281.6666666666666, 0.0, 0.0, 5.0, 85.24695419709214, 55.0, 13.7152372092816, 21.5, 0.0, 47.07022827484655]
[2018-01-10 20:15:32,246] A3C_AGENT_WORKER-Thread-2 DEBUG:Observation forecast: []
[2018-01-10 20:15:32,249] A3C_AGENT_WORKER-Thread-2 INFO:Softmax [ 0.08764862  0.08351458  0.08676539  0.09819333  0.09354962  0.08925628
  0.09328292  0.09150081  0.09072001  0.09640997  0.08915845]
[2018-01-10 20:15:32,267] A3C_AGENT_WORKER-Thread-2 DEBUG:Observation this: [1.8, 95.25, 4.1, 265.0, 0.0, 0.0, 6.2, 83.02241059635354, 35.0, 13.8768568061712, 21.5, 0.0, 45.18375307728116]
[2018-01-10 20:15:32,267] A3C_AGENT_WORKER-Thread-2 DEBUG:Observation forecast: []
[2018-01-10 20:15:32,269] A3C_AGENT_WORKER-Thread-2 INFO:Softmax [ 0.08727376  0.07871398  0.08679502  0.10185342  0.09768123  0.09359022
  0.09332899  0.09085941  0.08617968  0.09505922  0.08866504]
[2018-01-10 20:15:32,282] A3C_AGENT_WORKER-Thread-2 DEBUG:Observation this: [3.0, 95.41666666666666, 4.1, 248.3333333333333, 0.0, 0.0, 7.4, 80.59763416823108, 65.0, 14.32144697226828, 21.5, 0.0, 72.61577967459482]
[2018-01-10 20:15:32,283] A3C_AGENT_WORKER-Thread-2 DEBUG:Observation forecast: []
[2018-01-10 20:15:32,285] A3C_AGENT_WORKER-Thread-2 INFO:Softmax [ 0.08921463  0.0776995   0.08636878  0.10396724  0.09476656  0.09456526
  0.09385704  0.09076212  0.08647711  0.09507558  0.08724611]
[2018-01-10 20:15:32,513] A3C_AGENT_WORKER-Thread-2 DEBUG:Observation this: [7.366666666666667, 95.0, 4.766666666666667, 226.6666666666667, 0.0, 0.0, 12.325, 72.06694755005553, 45.0, 15.44666910553285, 21.5, 0.0, 38.11628502433771]
[2018-01-10 20:15:32,513] A3C_AGENT_WORKER-Thread-2 DEBUG:Observation forecast: []
[2018-01-10 20:15:32,515] A3C_AGENT_WORKER-Thread-2 INFO:Softmax [ 0.088443    0.07965899  0.08648866  0.10265304  0.09715809  0.09298714
  0.09423108  0.09087992  0.08449915  0.09522353  0.08777729]
[2018-01-10 20:15:32,548] A3C_AGENT_MAIN INFO:Prepare the local workers ...
[2018-01-10 20:15:32,549] A3C_AGENT_WORKER-Thread-14 INFO:Local worker starts!
[2018-01-10 20:15:32,579] Making new env: IW-tmy3Weather-v9706
[2018-01-10 20:15:32,585] EPLUS_ENV_IW-tmy3Weather-v9606_Thread-14_ROOT INFO:Creating EnergyPlus simulation environment...
[2018-01-10 20:15:32,587] EPLUS_ENV_IW-tmy3Weather-v9606_Thread-14_ROOT INFO:EnergyPlus working directory is in /home/zhiangz/Documents/HVAC-RL-Control/src/iw_ctrl_runs_v2/78/Eplus-env-IW-tmy3Weather-v9606-res14/Eplus-env-sub_run1
[2018-01-10 20:15:32,684] A3C_AGENT_WORKER-Thread-2 DEBUG:Observation this: [7.7, 93.0, 5.225, 240.0, 0.0, 0.0, 12.7, 67.66907297304097, 65.0, 15.74911947156399, 21.5, 0.0, 51.35133418486316]
[2018-01-10 20:15:32,684] A3C_AGENT_WORKER-Thread-2 DEBUG:Observation forecast: []
[2018-01-10 20:15:32,686] A3C_AGENT_WORKER-Thread-2 INFO:Softmax [ 0.0868802   0.07816393  0.08727272  0.10399345  0.09686755  0.09331246
  0.09647475  0.09112352  0.08272905  0.09498495  0.0881974 ]
[2018-01-10 20:15:32,802] A3C_AGENT_WORKER-Thread-2 DEBUG:Observation this: [7.7, 93.0, 5.725, 240.0, 0.0, 0.0, 12.7, 65.14306854925862, 60.0, 15.92456803338426, 21.5, 0.0, 59.46587141043894]
[2018-01-10 20:15:32,802] A3C_AGENT_WORKER-Thread-2 DEBUG:Observation forecast: []
[2018-01-10 20:15:32,804] A3C_AGENT_WORKER-Thread-2 INFO:Softmax [ 0.08893836  0.07814007  0.08572975  0.1045664   0.09461539  0.09490588
  0.09433508  0.09181157  0.08472351  0.09546705  0.0867669 ]
[2018-01-10 20:15:33,550] A3C_AGENT_MAIN INFO:Prepare the local workers ...
[2018-01-10 20:15:33,550] A3C_AGENT_WORKER-Thread-15 INFO:Local worker starts!
[2018-01-10 20:15:33,582] Making new env: IW-tmy3Weather-v9706
[2018-01-10 20:15:33,590] EPLUS_ENV_IW-tmy3Weather-v9606_Thread-15_ROOT INFO:Creating EnergyPlus simulation environment...
[2018-01-10 20:15:33,592] EPLUS_ENV_IW-tmy3Weather-v9606_Thread-15_ROOT INFO:EnergyPlus working directory is in /home/zhiangz/Documents/HVAC-RL-Control/src/iw_ctrl_runs_v2/78/Eplus-env-IW-tmy3Weather-v9606-res15/Eplus-env-sub_run1
[2018-01-10 20:15:33,748] A3C_AGENT_WORKER-Thread-2 DEBUG:Observation this: [7.7, 93.0, 6.475, 260.0, 54.5, 0.0, 12.7, 52.94688080427303, 25.0, 17.10354953837092, 22.7, 1.0, 28.59244738854779]
[2018-01-10 20:15:33,749] A3C_AGENT_WORKER-Thread-2 DEBUG:Observation forecast: []
[2018-01-10 20:15:33,751] A3C_AGENT_WORKER-Thread-2 INFO:Softmax [ 0.09012908  0.08081847  0.0883024   0.09819477  0.0950432   0.09226026
  0.09262837  0.09142786  0.08712526  0.09650858  0.08756175]
[2018-01-10 20:15:34,355] A3C_AGENT_WORKER-Thread-2 DEBUG:Observation this: [7.7, 93.0, 6.1, 255.0, 75.0, 0.0, 12.7, 46.85444188312798, 30.0, 17.6630671898779, 22.7, 1.0, 29.31966466843359]
[2018-01-10 20:15:34,355] A3C_AGENT_WORKER-Thread-2 DEBUG:Observation forecast: []
[2018-01-10 20:15:34,358] A3C_AGENT_WORKER-Thread-2 INFO:Softmax [ 0.08985583  0.08116757  0.08799922  0.09763903  0.0941946   0.0924422
  0.09337928  0.09151293  0.08703775  0.09647393  0.08829764]
[2018-01-10 20:15:34,551] A3C_AGENT_MAIN INFO:Prepare the local workers ...
[2018-01-10 20:15:34,552] A3C_AGENT_WORKER-Thread-16 INFO:Local worker starts!
[2018-01-10 20:15:34,583] Making new env: IW-tmy3Weather-v9706
[2018-01-10 20:15:34,594] EPLUS_ENV_IW-tmy3Weather-v9606_Thread-16_ROOT INFO:Creating EnergyPlus simulation environment...
[2018-01-10 20:15:34,595] EPLUS_ENV_IW-tmy3Weather-v9606_Thread-16_ROOT INFO:EnergyPlus working directory is in /home/zhiangz/Documents/HVAC-RL-Control/src/iw_ctrl_runs_v2/78/Eplus-env-IW-tmy3Weather-v9606-res16/Eplus-env-sub_run1
[2018-01-10 20:15:35,553] A3C_AGENT_MAIN INFO:Prepare the local workers ...
[2018-01-10 20:15:35,553] A3C_AGENT_WORKER-Thread-17 INFO:Local worker starts!
[2018-01-10 20:15:35,581] Making new env: IW-tmy3Weather-v9706
[2018-01-10 20:15:35,590] EPLUS_ENV_IW-tmy3Weather-v9606_Thread-17_ROOT INFO:Creating EnergyPlus simulation environment...
[2018-01-10 20:15:35,591] EPLUS_ENV_IW-tmy3Weather-v9606_Thread-17_ROOT INFO:EnergyPlus working directory is in /home/zhiangz/Documents/HVAC-RL-Control/src/iw_ctrl_runs_v2/78/Eplus-env-IW-tmy3Weather-v9606-res17/Eplus-env-sub_run1
[2018-01-10 20:15:37,662] A3C_AGENT_WORKER-Thread-2 DEBUG:Observation this: [3.616666666666667, 86.5, 6.016666666666667, 300.0, 0.0, 0.0, 8.708333333333332, 29.16897192809558, 60.0, 19.28603041580455, 21.5, 0.0, 55.313141299796]
[2018-01-10 20:15:37,663] A3C_AGENT_WORKER-Thread-2 DEBUG:Observation forecast: []
[2018-01-10 20:15:37,665] A3C_AGENT_WORKER-Thread-2 INFO:Softmax [ 0.0898577   0.07950789  0.08603139  0.10415367  0.09225511  0.09520746
  0.0940454   0.09024482  0.08567905  0.09461446  0.08840314]
[2018-01-10 20:15:38,843] A3C_AGENT_WORKER-Thread-2 DEBUG:Observation this: [-7.3, 68.0, 7.833333333333332, 263.3333333333334, 0.0, 0.0, -2.300000000000001, 41.92536416866793, 50.0, 18.00585144073396, 22.7, 1.0, 45.0397993571256]
[2018-01-10 20:15:38,843] A3C_AGENT_WORKER-Thread-2 DEBUG:Observation forecast: []
[2018-01-10 20:15:38,844] A3C_AGENT_WORKER-Thread-2 INFO:Softmax [ 0.08906261  0.08159466  0.08986337  0.09451742  0.09446365  0.08957005
  0.09207575  0.09438101  0.08852718  0.09754789  0.08839648]
[2018-01-10 20:15:42,006] A3C_AGENT_WORKER-Thread-2 DEBUG:Observation this: [-8.1, 66.0, 5.65, 265.0, 0.0, 0.0, -3.049999999999999, 32.78286147787583, 35.0, 19.32112847603329, 22.7, 1.0, 41.16340180841928]
[2018-01-10 20:15:42,006] A3C_AGENT_WORKER-Thread-2 DEBUG:Observation forecast: []
[2018-01-10 20:15:42,007] A3C_AGENT_WORKER-Thread-2 INFO:Softmax [ 0.08621702  0.08018688  0.09119409  0.09758628  0.09541722  0.09149629
  0.09606585  0.09448755  0.08645004  0.09524277  0.08565601]
[2018-01-10 20:15:46,092] A3C_AGENT_WORKER-Thread-2 DEBUG:Observation this: [-3.4, 65.0, 6.783333333333333, 220.0, 0.0, 0.0, 1.6, 33.40035522249362, 50.0, 19.56456594639923, 22.7, 1.0, 41.32846882215618]
[2018-01-10 20:15:46,092] A3C_AGENT_WORKER-Thread-2 DEBUG:Observation forecast: []
[2018-01-10 20:15:46,094] A3C_AGENT_WORKER-Thread-2 INFO:Softmax [ 0.08885453  0.08124409  0.08873869  0.095604    0.09375297  0.09027015
  0.09581035  0.0949395   0.0864856   0.09774634  0.08655383]
[2018-01-10 20:15:47,294] A3C_AGENT_WORKER-Thread-2 DEBUG:Observation this: [-12.05, 68.25, 5.683333333333334, 261.6666666666666, 0.0, 0.0, -7.0, 50.13793310783743, 25.0, 17.75679385709449, 21.5, 0.0, 41.50974431541694]
[2018-01-10 20:15:47,294] A3C_AGENT_WORKER-Thread-2 DEBUG:Observation forecast: []
[2018-01-10 20:15:47,295] A3C_AGENT_WORKER-Thread-2 INFO:Softmax [ 0.08863582  0.08157776  0.0878825   0.09959126  0.0954859   0.09072726
  0.09212542  0.09078975  0.08913038  0.09631069  0.08774324]
[2018-01-10 20:15:47,710] A3C_AGENT_WORKER-Thread-2 DEBUG:Observation this: [-12.675, 69.25, 5.225, 247.5, 22.5, 295.75, -7.71666666666667, 43.45747231822045, 30.0, 18.51032488773246, 22.7, 1.0, 52.01130155104153]
[2018-01-10 20:15:47,711] A3C_AGENT_WORKER-Thread-2 DEBUG:Observation forecast: []
[2018-01-10 20:15:47,712] A3C_AGENT_WORKER-Thread-2 INFO:Softmax [ 0.08806419  0.08312242  0.08944219  0.09958167  0.09378101  0.09116223
  0.09366468  0.09183603  0.08985739  0.09184874  0.08763953]
[2018-01-10 20:15:48,779] A3C_AGENT_WORKER-Thread-2 DEBUG:Observation this: [-10.41666666666667, 48.16666666666667, 8.116666666666667, 271.6666666666667, 90.66666666666667, 724.6666666666666, -5.508333333333329, 33.26885085670624, 50.0, 19.63906992587665, 22.7, 1.0, 64.07461596099621]
[2018-01-10 20:15:48,780] A3C_AGENT_WORKER-Thread-2 DEBUG:Observation forecast: []
[2018-01-10 20:15:48,781] A3C_AGENT_WORKER-Thread-2 INFO:Softmax [ 0.09208768  0.0821894   0.08743155  0.09491915  0.09225671  0.09051555
  0.09538691  0.09372422  0.08962016  0.09538586  0.08648277]
