2018-07-25 05:47:23.259354: I tensorflow/core/platform/cpu_feature_guard.cc:137] Your CPU supports instructions that this TensorFlow binary was not compiled to use: SSE4.1 SSE4.2 AVX AVX2 FMA
Using TensorFlow backend.
[2018-07-25 05:47:23,277] A3C_AGENT_MAIN INFO:Namespace(action_space='cslDxCool_1', activation='relu', agent_num=5, clip_norm=5.0, debug_log_prob=0.0005, decay_steps=1000000, dropout_prob=0.0, end_e=0.0, env='Model1-Cool-v1', eval_act_func='cslDxActCool_1', eval_epi_num=1, eval_freq=250000, forecast_dim=0, gamma=0.99, h_decay_bounds=[], h_regu_frac=[0.1], init_e=0.0, is_greedy_policy=False, is_learning_rate_decay_staircase=False, is_warm_start=False, job_mode='Train', learning_rate=0.001, learning_rate_decay_rate=0.96, learning_rate_decay_steps=100000, max_interactions=10000000, metric_func='cslDxCool_1', model_dir='None', model_param=[32, 4], model_type='nn', num_threads=16, output='a3c-res-v0.1/Model1-Cool-v1-run1', p_loss_frac=1.0, reward_func='cslDxCool_1', rmsprop_decay=0.99, rmsprop_epsil=1e-10, rmsprop_momet=0.0, rwd_e_para=1.0, rwd_p_para=1.0, save_freq=500000, save_max_to_keep=5, save_scope='all', state_dim=49, test_env='Model1-Test-Cool-v1', test_mode='Multiple', train_act_func='cslDxActCool_1', train_freq=5, v_loss_frac=0.5, violation_penalty_scl=10.0, window_len=3)
[2018-07-25 05:47:23,277] A3C_AGENT_MAIN INFO:Start compiling...
[2018-07-25 05:47:28,122] A3C_AGENT_MAIN INFO:Start the learning...
[2018-07-25 05:47:28,122] A3C_AGENT_MAIN INFO:Prepare the evaluation environments ['Model1-Cool-v1', 'Model1-Test-Cool-v1'] ...
[2018-07-25 05:47:28,144] A3C_AGENT_MAIN INFO:Prepare the local workers ...
[2018-07-25 05:47:28,145] A3C_AGENT_WORKER-Thread-2 INFO:Local worker starts!
[2018-07-25 05:47:28,211] EPLUS_ENV_Model1-Cool-v1_Thread-2_ROOT INFO:Creating EnergyPlus simulation environment...
[2018-07-25 05:47:28,213] EPLUS_ENV_Model1-Cool-v1_Thread-2_ROOT INFO:EnergyPlus working directory is in /home/zhiangz/Documents/HVAC-RL-Control/src/rl_parametric_runs_v1/18/Eplus-env-Model1-Cool-v1-res2/Eplus-env-sub_run1
[2018-07-25 05:47:29,146] A3C_AGENT_MAIN INFO:Prepare the local workers ...
[2018-07-25 05:47:29,148] A3C_AGENT_WORKER-Thread-3 INFO:Local worker starts!
[2018-07-25 05:47:29,208] EPLUS_ENV_Model1-Cool-v1_Thread-3_ROOT INFO:Creating EnergyPlus simulation environment...
[2018-07-25 05:47:29,210] EPLUS_ENV_Model1-Cool-v1_Thread-3_ROOT INFO:EnergyPlus working directory is in /home/zhiangz/Documents/HVAC-RL-Control/src/rl_parametric_runs_v1/18/Eplus-env-Model1-Cool-v1-res3/Eplus-env-sub_run1
[2018-07-25 05:47:30,149] A3C_AGENT_MAIN INFO:Prepare the local workers ...
[2018-07-25 05:47:30,150] A3C_AGENT_WORKER-Thread-4 INFO:Local worker starts!
[2018-07-25 05:47:30,211] EPLUS_ENV_Model1-Cool-v1_Thread-4_ROOT INFO:Creating EnergyPlus simulation environment...
[2018-07-25 05:47:30,213] EPLUS_ENV_Model1-Cool-v1_Thread-4_ROOT INFO:EnergyPlus working directory is in /home/zhiangz/Documents/HVAC-RL-Control/src/rl_parametric_runs_v1/18/Eplus-env-Model1-Cool-v1-res4/Eplus-env-sub_run1
[2018-07-25 05:47:31,151] A3C_AGENT_MAIN INFO:Prepare the local workers ...
[2018-07-25 05:47:31,152] A3C_AGENT_WORKER-Thread-5 INFO:Local worker starts!
[2018-07-25 05:47:31,222] EPLUS_ENV_Model1-Cool-v1_Thread-5_ROOT INFO:Creating EnergyPlus simulation environment...
[2018-07-25 05:47:31,225] EPLUS_ENV_Model1-Cool-v1_Thread-5_ROOT INFO:EnergyPlus working directory is in /home/zhiangz/Documents/HVAC-RL-Control/src/rl_parametric_runs_v1/18/Eplus-env-Model1-Cool-v1-res5/Eplus-env-sub_run1
[2018-07-25 05:47:32,153] A3C_AGENT_MAIN INFO:Prepare the local workers ...
[2018-07-25 05:47:32,154] A3C_AGENT_WORKER-Thread-6 INFO:Local worker starts!
[2018-07-25 05:47:32,246] EPLUS_ENV_Model1-Cool-v1_Thread-6_ROOT INFO:Creating EnergyPlus simulation environment...
[2018-07-25 05:47:32,249] EPLUS_ENV_Model1-Cool-v1_Thread-6_ROOT INFO:EnergyPlus working directory is in /home/zhiangz/Documents/HVAC-RL-Control/src/rl_parametric_runs_v1/18/Eplus-env-Model1-Cool-v1-res6/Eplus-env-sub_run1
[2018-07-25 05:47:33,155] A3C_AGENT_MAIN INFO:Prepare the local workers ...
[2018-07-25 05:47:33,156] A3C_AGENT_WORKER-Thread-7 INFO:Local worker starts!
[2018-07-25 05:47:33,236] EPLUS_ENV_Model1-Cool-v1_Thread-7_ROOT INFO:Creating EnergyPlus simulation environment...
[2018-07-25 05:47:33,240] EPLUS_ENV_Model1-Cool-v1_Thread-7_ROOT INFO:EnergyPlus working directory is in /home/zhiangz/Documents/HVAC-RL-Control/src/rl_parametric_runs_v1/18/Eplus-env-Model1-Cool-v1-res7/Eplus-env-sub_run1
[2018-07-25 05:47:34,157] A3C_AGENT_MAIN INFO:Prepare the local workers ...
[2018-07-25 05:47:34,158] A3C_AGENT_WORKER-Thread-8 INFO:Local worker starts!
[2018-07-25 05:47:34,231] EPLUS_ENV_Model1-Cool-v1_Thread-8_ROOT INFO:Creating EnergyPlus simulation environment...
[2018-07-25 05:47:34,233] EPLUS_ENV_Model1-Cool-v1_Thread-8_ROOT INFO:EnergyPlus working directory is in /home/zhiangz/Documents/HVAC-RL-Control/src/rl_parametric_runs_v1/18/Eplus-env-Model1-Cool-v1-res8/Eplus-env-sub_run1
[2018-07-25 05:47:35,159] A3C_AGENT_MAIN INFO:Prepare the local workers ...
[2018-07-25 05:47:35,160] A3C_AGENT_WORKER-Thread-9 INFO:Local worker starts!
[2018-07-25 05:47:35,254] EPLUS_ENV_Model1-Cool-v1_Thread-9_ROOT INFO:Creating EnergyPlus simulation environment...
[2018-07-25 05:47:35,258] EPLUS_ENV_Model1-Cool-v1_Thread-9_ROOT INFO:EnergyPlus working directory is in /home/zhiangz/Documents/HVAC-RL-Control/src/rl_parametric_runs_v1/18/Eplus-env-Model1-Cool-v1-res9/Eplus-env-sub_run1
[2018-07-25 05:47:36,161] A3C_AGENT_MAIN INFO:Prepare the local workers ...
[2018-07-25 05:47:36,161] A3C_AGENT_WORKER-Thread-10 INFO:Local worker starts!
[2018-07-25 05:47:36,254] EPLUS_ENV_Model1-Cool-v1_Thread-10_ROOT INFO:Creating EnergyPlus simulation environment...
[2018-07-25 05:47:36,257] EPLUS_ENV_Model1-Cool-v1_Thread-10_ROOT INFO:EnergyPlus working directory is in /home/zhiangz/Documents/HVAC-RL-Control/src/rl_parametric_runs_v1/18/Eplus-env-Model1-Cool-v1-res10/Eplus-env-sub_run1
[2018-07-25 05:47:37,162] A3C_AGENT_MAIN INFO:Prepare the local workers ...
[2018-07-25 05:47:37,163] A3C_AGENT_WORKER-Thread-11 INFO:Local worker starts!
[2018-07-25 05:47:37,256] EPLUS_ENV_Model1-Cool-v1_Thread-11_ROOT INFO:Creating EnergyPlus simulation environment...
[2018-07-25 05:47:37,259] EPLUS_ENV_Model1-Cool-v1_Thread-11_ROOT INFO:EnergyPlus working directory is in /home/zhiangz/Documents/HVAC-RL-Control/src/rl_parametric_runs_v1/18/Eplus-env-Model1-Cool-v1-res11/Eplus-env-sub_run1
[2018-07-25 05:47:38,164] A3C_AGENT_MAIN INFO:Prepare the local workers ...
[2018-07-25 05:47:38,165] A3C_AGENT_WORKER-Thread-12 INFO:Local worker starts!
[2018-07-25 05:47:38,263] EPLUS_ENV_Model1-Cool-v1_Thread-12_ROOT INFO:Creating EnergyPlus simulation environment...
[2018-07-25 05:47:38,267] EPLUS_ENV_Model1-Cool-v1_Thread-12_ROOT INFO:EnergyPlus working directory is in /home/zhiangz/Documents/HVAC-RL-Control/src/rl_parametric_runs_v1/18/Eplus-env-Model1-Cool-v1-res12/Eplus-env-sub_run1
[2018-07-25 05:47:39,166] A3C_AGENT_MAIN INFO:Prepare the local workers ...
[2018-07-25 05:47:39,167] A3C_AGENT_WORKER-Thread-13 INFO:Local worker starts!
[2018-07-25 05:47:39,363] EPLUS_ENV_Model1-Cool-v1_Thread-13_ROOT INFO:Creating EnergyPlus simulation environment...
[2018-07-25 05:47:39,366] EPLUS_ENV_Model1-Cool-v1_Thread-13_ROOT INFO:EnergyPlus working directory is in /home/zhiangz/Documents/HVAC-RL-Control/src/rl_parametric_runs_v1/18/Eplus-env-Model1-Cool-v1-res13/Eplus-env-sub_run1
[2018-07-25 05:47:40,167] A3C_AGENT_MAIN INFO:Prepare the local workers ...
[2018-07-25 05:47:40,168] A3C_AGENT_WORKER-Thread-14 INFO:Local worker starts!
[2018-07-25 05:47:40,270] EPLUS_ENV_Model1-Cool-v1_Thread-14_ROOT INFO:Creating EnergyPlus simulation environment...
[2018-07-25 05:47:40,274] EPLUS_ENV_Model1-Cool-v1_Thread-14_ROOT INFO:EnergyPlus working directory is in /home/zhiangz/Documents/HVAC-RL-Control/src/rl_parametric_runs_v1/18/Eplus-env-Model1-Cool-v1-res14/Eplus-env-sub_run1
[2018-07-25 05:47:41,169] A3C_AGENT_MAIN INFO:Prepare the local workers ...
[2018-07-25 05:47:41,170] A3C_AGENT_WORKER-Thread-15 INFO:Local worker starts!
[2018-07-25 05:47:41,314] EPLUS_ENV_Model1-Cool-v1_Thread-15_ROOT INFO:Creating EnergyPlus simulation environment...
[2018-07-25 05:47:41,318] EPLUS_ENV_Model1-Cool-v1_Thread-15_ROOT INFO:EnergyPlus working directory is in /home/zhiangz/Documents/HVAC-RL-Control/src/rl_parametric_runs_v1/18/Eplus-env-Model1-Cool-v1-res15/Eplus-env-sub_run1
[2018-07-25 05:47:42,171] A3C_AGENT_MAIN INFO:Prepare the local workers ...
[2018-07-25 05:47:42,173] A3C_AGENT_WORKER-Thread-16 INFO:Local worker starts!
[2018-07-25 05:47:42,441] EPLUS_ENV_Model1-Cool-v1_Thread-16_ROOT INFO:Creating EnergyPlus simulation environment...
[2018-07-25 05:47:42,461] EPLUS_ENV_Model1-Cool-v1_Thread-16_ROOT INFO:EnergyPlus working directory is in /home/zhiangz/Documents/HVAC-RL-Control/src/rl_parametric_runs_v1/18/Eplus-env-Model1-Cool-v1-res16/Eplus-env-sub_run1
[2018-07-25 05:47:43,173] A3C_AGENT_MAIN INFO:Prepare the local workers ...
[2018-07-25 05:47:43,174] A3C_AGENT_WORKER-Thread-17 INFO:Local worker starts!
[2018-07-25 05:47:43,366] EPLUS_ENV_Model1-Cool-v1_Thread-17_ROOT INFO:Creating EnergyPlus simulation environment...
[2018-07-25 05:47:43,370] EPLUS_ENV_Model1-Cool-v1_Thread-17_ROOT INFO:EnergyPlus working directory is in /home/zhiangz/Documents/HVAC-RL-Control/src/rl_parametric_runs_v1/18/Eplus-env-Model1-Cool-v1-res17/Eplus-env-sub_run1
[2018-07-25 05:49:09,510] A3C_AGENT_WORKER-Thread-2 INFO:Evaluating...
[2018-07-25 05:49:09,511] EPLUS_ENV_Model1-Cool-v1_MainThread_ROOT INFO:Creating EnergyPlus simulation environment...
[2018-07-25 05:49:09,514] EPLUS_ENV_Model1-Cool-v1_MainThread_ROOT INFO:EnergyPlus working directory is in /home/zhiangz/Documents/HVAC-RL-Control/src/rl_parametric_runs_v1/18/Eplus-env-Model1-Cool-v1-res1/Eplus-env-sub_run1
[2018-07-25 05:50:02,985] A3C_AGENT_WORKER-Thread-2 DEBUG:Observation this: [22.0, 43.0, 174.4166666666667, 177.75, 23.99935309659265, 23.99989968413848, 23.30242844109683, 24.00027819030873, 23.99826439359145, 23.99996022622437, 24.00025660399454, 24.00026888077722, 24.00021039175813, 23.99729502219503, 23.99814657872636, 24.00004468332268, 23.99820946598029, 23.99842206135872, 23.99793558088418, 23.99690826019766, 23.99486217120682, 23.99064381138735, 23.99983707432642, 24.00068989361532, 23.99841732444011, 23.99941344757354, 24.0, 24.0, 24.0, 24.0, 24.0, 24.0, 24.0, 24.0, 24.0, 24.0, 24.0, 24.0, 24.0, 24.0, 24.0, 24.0, 24.0, 24.0, 24.0, 24.0, 24.0, 24.0, 16141.80111201273]
[2018-07-25 05:50:02,985] A3C_AGENT_WORKER-Thread-2 DEBUG:Observation forecast: []
[2018-07-25 05:50:02,986] A3C_AGENT_WORKER-Thread-2 INFO:Softmax [ 0.0426039   0.04489043  0.04401606  0.03995344  0.04256559  0.03917041
  0.0420047   0.04451404  0.03722325  0.03937802  0.03215617  0.03809356
  0.04461037  0.05072151  0.04214887  0.03435446  0.03921152  0.0326318
  0.04169777  0.03678466  0.03959357  0.03853089  0.0380829   0.03521188
  0.03985026], sampled 0.7629869991986769
[2018-07-25 05:50:21,379] A3C_AGENT_WORKER-Thread-2 DEBUG:Observation this: [29.0, 55.0, 328.6666666666667, 513.6666666666667, 24.00007900739806, 24.00010787946221, 24.00091156641438, 24.00088678248028, 24.0008676694212, 24.00063021261991, 24.00095758723189, 24.00061190146729, 24.00042970186305, 23.99875197210581, 23.99601749053819, 23.99956362956207, 24.00043163121289, 23.99927080699972, 23.9986685664853, 24.00883715668684, 23.99677623941619, 23.99940858771443, 23.99969606189766, 24.00084328217188, 23.99779285165416, 24.00191923586775, 24.0, 24.0, 24.0, 24.0, 24.0, 24.0, 24.0, 24.0, 24.0, 24.0, 24.0, 24.0, 24.0, 24.0, 24.0, 24.0, 24.0, 24.0, 24.0, 24.0, 24.0, 24.0, 31733.41594674264]
[2018-07-25 05:50:21,379] A3C_AGENT_WORKER-Thread-2 DEBUG:Observation forecast: []
[2018-07-25 05:50:21,380] A3C_AGENT_WORKER-Thread-2 INFO:Softmax [ 0.04198875  0.04510366  0.04500846  0.04090114  0.04267265  0.03856064
  0.04152798  0.04477195  0.03656894  0.03949404  0.03128324  0.03748679
  0.04442595  0.05194762  0.04177745  0.03369388  0.03935534  0.03206659
  0.0419107   0.03680969  0.03970615  0.03869584  0.03825028  0.03577683
  0.04021552], sampled 0.4855948086180676
[2018-07-25 05:50:34,465] A3C_AGENT_WORKER-Thread-2 DEBUG:Observation this: [18.0, 100.0, 0.0, 0.0, 21.65942977105202, 21.94164763356109, 21.22874218143804, 21.36253891831112, 21.77719507017482, 21.60128688049804, 21.14307084573067, 21.37734458681199, 21.44192880138241, 22.39813858645917, 22.86467974915797, 21.43431841682089, 21.85389020980073, 21.91670272409247, 21.91153792736987, 21.80837252661183, 22.47617764670965, 22.46547086453538, 21.77161974123198, 21.1676740762787, 21.90765965889283, 21.7972909146911, 28.0, 28.0, 28.0, 28.0, 28.0, 28.0, 28.0, 28.0, 28.0, 28.0, 28.0, 28.0, 28.0, 28.0, 28.0, 28.0, 28.0, 28.0, 28.0, 28.0, 28.0, 28.0, 3233.073392176212]
[2018-07-25 05:50:34,466] A3C_AGENT_WORKER-Thread-2 DEBUG:Observation forecast: []
[2018-07-25 05:50:34,468] A3C_AGENT_WORKER-Thread-2 INFO:Softmax [ 0.04071632  0.04523711  0.04769425  0.04185442  0.04104226  0.0390581
  0.04309433  0.0426777   0.03846991  0.04057381  0.03134596  0.03621064
  0.04450611  0.05203964  0.03802661  0.03132465  0.04258108  0.03133344
  0.04216366  0.03471016  0.04025041  0.04018482  0.03720214  0.03601622
  0.04168623], sampled 0.7848173609689272
[2018-07-25 05:50:47,300] A3C_AGENT_WORKER-Thread-2 DEBUG:Observation this: [19.06666666666667, 40.66666666666667, 96.33333333333334, 0.0, 23.41182488106821, 23.81667666358897, 21.1778112566995, 23.20856434153824, 23.99681703189319, 23.16231424133654, 22.8818736124745, 23.63720273311176, 23.48769865278994, 24.00052037815282, 23.8038025852229, 22.78709549032817, 24.00002972766757, 23.9995100836927, 23.99949715192128, 23.99855250355373, 23.99839739452163, 23.99888129823894, 22.94035266666232, 22.09427761386797, 23.9994665533184, 23.37292656495479, 24.0, 24.0, 24.0, 24.0, 24.0, 24.0, 24.0, 24.0, 24.0, 24.0, 24.0, 24.0, 24.0, 24.0, 24.0, 24.0, 24.0, 24.0, 24.0, 24.0, 24.0, 24.0, 4363.343459425436]
[2018-07-25 05:50:47,300] A3C_AGENT_WORKER-Thread-2 DEBUG:Observation forecast: []
[2018-07-25 05:50:47,301] A3C_AGENT_WORKER-Thread-2 INFO:Softmax [ 0.04393694  0.04509071  0.04352838  0.03977419  0.04076963  0.03812582
  0.04143871  0.04327968  0.03702996  0.03926368  0.03330235  0.03843399
  0.04467507  0.04921203  0.04262035  0.03548427  0.04011108  0.03223003
  0.04116393  0.0376325   0.0410364   0.03849614  0.03721759  0.03528923
  0.04085736], sampled 0.45609102773815136
[2018-07-25 05:51:23,703] A3C_AGENT_WORKER-Thread-2 DEBUG:Observation this: [21.16666666666667, 77.25, 192.75, 711.75, 24.01303205972551, 23.99972934636835, 23.7960417977463, 23.63203215702039, 23.99827231864467, 24.01130275207104, 23.46737139512841, 24.00086000629368, 24.00073943656899, 24.00060569442964, 23.99814733095423, 23.69090663542577, 23.99934372789665, 23.99981344120347, 23.9998885001743, 24.00092293614909, 23.99869333344103, 23.99887991049499, 23.47874816970684, 22.89901836518504, 23.99970350584924, 23.99994003844212, 24.0, 24.0, 24.0, 24.0, 24.0, 24.0, 24.0, 24.0, 24.0, 24.0, 24.0, 24.0, 24.0, 24.0, 24.0, 24.0, 24.0, 24.0, 24.0, 24.0, 24.0, 24.0, 13938.39777218785]
[2018-07-25 05:51:23,703] A3C_AGENT_WORKER-Thread-2 DEBUG:Observation forecast: []
[2018-07-25 05:51:23,704] A3C_AGENT_WORKER-Thread-2 INFO:Softmax [ 0.0421235   0.04505375  0.04238397  0.04046385  0.03955211  0.0389635
  0.0421646   0.0432571   0.03716303  0.03882368  0.03427587  0.03839756
  0.04350555  0.04758345  0.0409667   0.03532319  0.0399702   0.03326476
  0.04054694  0.03830605  0.04213577  0.03955609  0.03816854  0.03727964
  0.04077058], sampled 0.6887077861229184
[2018-07-25 05:51:26,830] A3C_AGENT_WORKER-Thread-2 DEBUG:Observation this: [23.16666666666667, 77.33333333333333, 139.3333333333333, 354.6666666666667, 24.00134170230094, 24.00100718877091, 23.7970739687245, 24.0008971265454, 24.00171908399437, 24.00095761780119, 24.00068600585598, 24.00102959652149, 24.00093967126315, 24.07202174068467, 24.06801077430554, 24.02059222749021, 24.07566951466862, 24.07021868822226, 24.07044292014857, 24.15130234244338, 24.18684311624184, 24.30012322279162, 24.01573966199194, 24.21069300035261, 24.07239737060996, 24.03500721333381, 24.0, 24.0, 24.0, 24.0, 24.0, 24.0, 24.0, 24.0, 24.0, 24.0, 24.0, 24.0, 24.0, 24.0, 24.0, 24.0, 24.0, 24.0, 24.0, 24.0, 24.0, 24.0, 31933.91715912825]
[2018-07-25 05:51:26,830] A3C_AGENT_WORKER-Thread-2 DEBUG:Observation forecast: []
[2018-07-25 05:51:26,832] A3C_AGENT_WORKER-Thread-2 INFO:Softmax [ 0.04307453  0.04507529  0.04338248  0.04083541  0.04022366  0.03810909
  0.04226514  0.04399191  0.03619983  0.04025872  0.03376234  0.03903592
  0.04358668  0.04864323  0.04158916  0.03442691  0.04016231  0.03310974
  0.0408385   0.03753957  0.04036038  0.0383234   0.03747797  0.03675766
  0.0409702 ], sampled 0.46009815204254545
[2018-07-25 05:51:57,194] A3C_AGENT_WORKER-Thread-2 DEBUG:Observation this: [16.0, 97.0, 0.0, 0.0, 21.13724391967884, 21.44221072663537, 20.64594739133939, 20.81418573029566, 21.26400750950499, 21.07934353083337, 20.51191617459364, 20.77468186467637, 20.84799161523037, 21.83841510025979, 22.25371106853562, 20.72191514526569, 21.25434573249517, 21.31305089631693, 21.297443969676, 21.26227821813497, 22.03488270562546, 21.96741264009975, 21.12736657860419, 20.49084626129658, 21.29002410934066, 21.1354003858455, 28.0, 28.0, 28.0, 28.0, 28.0, 28.0, 28.0, 28.0, 28.0, 28.0, 28.0, 28.0, 28.0, 28.0, 28.0, 28.0, 28.0, 28.0, 28.0, 28.0, 28.0, 28.0, 29252.80672560951]
[2018-07-25 05:51:57,194] A3C_AGENT_WORKER-Thread-2 DEBUG:Observation forecast: []
[2018-07-25 05:51:57,197] A3C_AGENT_WORKER-Thread-2 INFO:Softmax [ 0.04086374  0.04544518  0.04860944  0.04202885  0.04106865  0.03874317
  0.04343472  0.04294949  0.03798809  0.04153541  0.03062608  0.03612644
  0.04471293  0.05318786  0.038366    0.03019033  0.0427805   0.0312203
  0.04215203  0.0341136   0.04022672  0.04037167  0.0363163   0.03570899
  0.04123343], sampled 0.06164250270498195
[2018-07-25 05:52:28,803] A3C_AGENT_WORKER-Thread-2 DEBUG:Observation this: [26.25, 53.25, 215.25, 700.0, 24.00032407140523, 24.00052639598924, 23.18547110521854, 24.00034850042001, 24.00126855815884, 24.00011980891842, 24.00034631159316, 24.00065110412357, 24.00047157890278, 23.99733938590746, 23.99860410195335, 23.99955343672884, 23.99555637955509, 23.9956258830909, 23.99755003021276, 23.99101987788701, 23.99753431625575, 23.99642456403955, 24.00000435735401, 23.99569617963949, 23.99500533678033, 23.99790644685049, 24.0, 24.0, 24.0, 24.0, 24.0, 24.0, 24.0, 24.0, 24.0, 24.0, 24.0, 24.0, 24.0, 24.0, 24.0, 24.0, 24.0, 24.0, 24.0, 24.0, 24.0, 24.0, 18082.06863249123]
[2018-07-25 05:52:28,803] A3C_AGENT_WORKER-Thread-2 DEBUG:Observation forecast: []
[2018-07-25 05:52:28,804] A3C_AGENT_WORKER-Thread-2 INFO:Softmax [ 0.04180269  0.04508099  0.04401292  0.04018101  0.04189875  0.03888833
  0.04148094  0.04445175  0.03723578  0.0389329   0.03208608  0.03713137
  0.0444526   0.05067559  0.04158734  0.03433508  0.03955286  0.03196901
  0.04178475  0.03731944  0.04118786  0.03962057  0.0380757   0.03606395
  0.04019165], sampled 0.5953821214701256
[2018-07-25 05:53:13,187] A3C_AGENT_WORKER-Thread-2 DEBUG:Observation this: [18.25, 73.16666666666666, 0.0, 0.0, 21.86205993213206, 22.17865068480726, 21.37558924129629, 21.83749644746725, 22.09621827510745, 21.94951156625287, 21.66415444814386, 21.74642030302724, 21.80437618434902, 23.42075801698989, 23.38384538512535, 22.59493182172164, 23.05314342633969, 23.11059353169889, 23.09027859718596, 22.99891597120908, 23.5547946647174, 23.63482825585515, 22.79173897553302, 22.2599647092623, 23.07752740694667, 22.89833721684371, 28.0, 28.0, 28.0, 28.0, 28.0, 28.0, 28.0, 28.0, 28.0, 28.0, 28.0, 28.0, 28.0, 28.0, 28.0, 28.0, 28.0, 28.0, 28.0, 28.0, 28.0, 28.0, 18287.77037830689]
[2018-07-25 05:53:13,187] A3C_AGENT_WORKER-Thread-2 DEBUG:Observation forecast: []
[2018-07-25 05:53:13,189] A3C_AGENT_WORKER-Thread-2 INFO:Softmax [ 0.04035811  0.04516589  0.04696815  0.04127072  0.0414221   0.04038373
  0.04258787  0.04201047  0.03883645  0.03918763  0.03187164  0.03549062
  0.04458617  0.05152345  0.03737565  0.03251364  0.0418799   0.03159592
  0.0425132   0.03564836  0.04010386  0.04046978  0.03867029  0.03613492
  0.04143148], sampled 0.8494458966794951
[2018-07-25 05:54:08,218] A3C_AGENT_WORKER-Thread-2 DEBUG:Observation this: [14.25, 78.75, 0.0, 0.0, 21.15256606427162, 21.44704634891201, 20.74588423716597, 20.70977575083121, 21.22989852917704, 21.1686597075622, 20.36265833464514, 20.71161515700639, 20.80306498670655, 21.62632563878578, 22.23963047527249, 20.26614400783782, 20.93485734731872, 21.00864795947845, 20.98855441664412, 20.92517254656287, 21.88300464424039, 21.8132603900096, 20.7496323142024, 20.32835178211693, 20.98076386801363, 20.77631119771018, 28.0, 28.0, 28.0, 28.0, 28.0, 28.0, 28.0, 28.0, 28.0, 28.0, 28.0, 28.0, 28.0, 28.0, 28.0, 28.0, 28.0, 28.0, 28.0, 28.0, 28.0, 28.0, 9620.692546400776]
[2018-07-25 05:54:08,219] A3C_AGENT_WORKER-Thread-2 DEBUG:Observation forecast: []
[2018-07-25 05:54:08,220] A3C_AGENT_WORKER-Thread-2 INFO:Softmax [ 0.04025191  0.04512629  0.04858069  0.04211529  0.04137759  0.03874127
  0.04317041  0.04297456  0.03871233  0.04108236  0.03058697  0.03576716
  0.04470314  0.0531076   0.03806662  0.03052613  0.04297278  0.03104167
  0.04247656  0.03407894  0.04018366  0.04053153  0.03661024  0.03578393
  0.04143038], sampled 0.23495040976658743
[2018-07-25 05:54:38,982] A3C_AGENT_WORKER-Thread-2 INFO:Evaluation: average rewards by now are 20045.0886 29876.5922 164.0000
[2018-07-25 05:54:38,983] EPLUS_ENV_Model1-Test-Cool-v1_MainThread_ROOT INFO:Creating EnergyPlus simulation environment...
[2018-07-25 05:54:38,986] EPLUS_ENV_Model1-Test-Cool-v1_MainThread_ROOT INFO:EnergyPlus working directory is in /home/zhiangz/Documents/HVAC-RL-Control/src/rl_parametric_runs_v1/18/Eplus-env-Model1-Test-Cool-v1-res1/Eplus-env-sub_run1
