Using TensorFlow backend.
[2017-11-29 10:42:39,899] A3C_AGENT_MAIN INFO:Namespace(act_func='6', action_space='iw_af5_1', agent_num=5, clip_norm=5.0, decay_steps=1000000, dropout_prob=0.0, end_e=0.0, env='IW-tmy3Weather-v9601', err_penalty_scl=0.15, eval_epi_num=1, eval_freq=250000, forecast_dim=48, gamma=0.99, h_regu_frac=0.1, init_e=0.0, is_warm_start=False, job_mode='Train', learning_rate=0.0001, max_interactions=10000000, model_dir='None', num_threads=16, output='a3c-res-v0.1/IW-tmy3Weather-v9601-run1', p_loss_frac=1.0, reward_func='11', rmsprop_decay=0.99, rmsprop_epsil=1e-10, rmsprop_momet=0.0, rwd_e_para=0.4, rwd_p_para=0.6, save_freq=500000, save_scope='all', state_dim=13, test_env='IW-realWeather-v9601', test_mode='Multiple', train_freq=5, v_loss_frac=0.5, window_len=8)
[2017-11-29 10:42:39,899] A3C_AGENT_MAIN INFO:Start compiling...
2017-11-29 10:42:43.210840: W tensorflow/core/platform/cpu_feature_guard.cc:45] The TensorFlow library wasn't compiled to use SSE4.1 instructions, but these are available on your machine and could speed up CPU computations.
2017-11-29 10:42:43.210861: W tensorflow/core/platform/cpu_feature_guard.cc:45] The TensorFlow library wasn't compiled to use SSE4.2 instructions, but these are available on your machine and could speed up CPU computations.
2017-11-29 10:42:43.210865: W tensorflow/core/platform/cpu_feature_guard.cc:45] The TensorFlow library wasn't compiled to use AVX instructions, but these are available on your machine and could speed up CPU computations.
2017-11-29 10:42:43.210868: W tensorflow/core/platform/cpu_feature_guard.cc:45] The TensorFlow library wasn't compiled to use AVX2 instructions, but these are available on your machine and could speed up CPU computations.
2017-11-29 10:42:43.210870: W tensorflow/core/platform/cpu_feature_guard.cc:45] The TensorFlow library wasn't compiled to use FMA instructions, but these are available on your machine and could speed up CPU computations.
[2017-11-29 10:42:44,766] A3C_AGENT_MAIN INFO:Start the learning...
[2017-11-29 10:42:44,768] A3C_AGENT_MAIN INFO:Prepare the evaluation environments ['IW-tmy3Weather-v9601', 'IW-realWeather-v9601'] ...
[2017-11-29 10:42:44,768] Making new env: IW-tmy3Weather-v9601
[2017-11-29 10:42:44,796] Making new env: IW-realWeather-v9601
[2017-11-29 10:42:44,869] A3C_AGENT_MAIN INFO:Prepare the local workers ...
[2017-11-29 10:42:44,870] A3C_AGENT_WORKER-Thread-2 INFO:Local worker starts!
[2017-11-29 10:42:44,870] Making new env: IW-tmy3Weather-v9601
[2017-11-29 10:42:44,897] EPLUS_ENV_IW-tmy3Weather-v9601_Thread-2_ROOT INFO:Creating EnergyPlus simulation environment...
[2017-11-29 10:42:44,899] EPLUS_ENV_IW-tmy3Weather-v9601_Thread-2_ROOT INFO:EnergyPlus working directory is in /home/zhiangz/Documents/HVAC-RL-Control/src/iw_ctrl_runs_v2/9/Eplus-env-IW-tmy3Weather-v9601-res2/Eplus-env-sub_run1
[2017-11-29 10:42:45,871] A3C_AGENT_MAIN INFO:Prepare the local workers ...
[2017-11-29 10:42:45,872] A3C_AGENT_WORKER-Thread-3 INFO:Local worker starts!
[2017-11-29 10:42:45,872] Making new env: IW-tmy3Weather-v9601
[2017-11-29 10:42:45,920] EPLUS_ENV_IW-tmy3Weather-v9601_Thread-3_ROOT INFO:Creating EnergyPlus simulation environment...
[2017-11-29 10:42:45,922] EPLUS_ENV_IW-tmy3Weather-v9601_Thread-3_ROOT INFO:EnergyPlus working directory is in /home/zhiangz/Documents/HVAC-RL-Control/src/iw_ctrl_runs_v2/9/Eplus-env-IW-tmy3Weather-v9601-res3/Eplus-env-sub_run1
[2017-11-29 10:42:46,872] A3C_AGENT_MAIN INFO:Prepare the local workers ...
[2017-11-29 10:42:46,874] A3C_AGENT_WORKER-Thread-4 INFO:Local worker starts!
[2017-11-29 10:42:46,874] Making new env: IW-tmy3Weather-v9601
[2017-11-29 10:42:46,923] EPLUS_ENV_IW-tmy3Weather-v9601_Thread-4_ROOT INFO:Creating EnergyPlus simulation environment...
[2017-11-29 10:42:46,925] EPLUS_ENV_IW-tmy3Weather-v9601_Thread-4_ROOT INFO:EnergyPlus working directory is in /home/zhiangz/Documents/HVAC-RL-Control/src/iw_ctrl_runs_v2/9/Eplus-env-IW-tmy3Weather-v9601-res4/Eplus-env-sub_run1
[2017-11-29 10:42:47,874] A3C_AGENT_MAIN INFO:Prepare the local workers ...
[2017-11-29 10:42:47,875] A3C_AGENT_WORKER-Thread-5 INFO:Local worker starts!
[2017-11-29 10:42:47,875] Making new env: IW-tmy3Weather-v9601
[2017-11-29 10:42:47,898] EPLUS_ENV_IW-tmy3Weather-v9601_Thread-5_ROOT INFO:Creating EnergyPlus simulation environment...
[2017-11-29 10:42:47,899] EPLUS_ENV_IW-tmy3Weather-v9601_Thread-5_ROOT INFO:EnergyPlus working directory is in /home/zhiangz/Documents/HVAC-RL-Control/src/iw_ctrl_runs_v2/9/Eplus-env-IW-tmy3Weather-v9601-res5/Eplus-env-sub_run1
[2017-11-29 10:42:48,876] A3C_AGENT_MAIN INFO:Prepare the local workers ...
[2017-11-29 10:42:48,877] A3C_AGENT_WORKER-Thread-6 INFO:Local worker starts!
[2017-11-29 10:42:48,877] Making new env: IW-tmy3Weather-v9601
[2017-11-29 10:42:48,915] EPLUS_ENV_IW-tmy3Weather-v9601_Thread-6_ROOT INFO:Creating EnergyPlus simulation environment...
[2017-11-29 10:42:48,916] EPLUS_ENV_IW-tmy3Weather-v9601_Thread-6_ROOT INFO:EnergyPlus working directory is in /home/zhiangz/Documents/HVAC-RL-Control/src/iw_ctrl_runs_v2/9/Eplus-env-IW-tmy3Weather-v9601-res6/Eplus-env-sub_run1
[2017-11-29 10:42:49,878] A3C_AGENT_MAIN INFO:Prepare the local workers ...
[2017-11-29 10:42:49,880] A3C_AGENT_WORKER-Thread-7 INFO:Local worker starts!
[2017-11-29 10:42:49,880] Making new env: IW-tmy3Weather-v9601
[2017-11-29 10:42:49,905] EPLUS_ENV_IW-tmy3Weather-v9601_Thread-7_ROOT INFO:Creating EnergyPlus simulation environment...
[2017-11-29 10:42:49,907] EPLUS_ENV_IW-tmy3Weather-v9601_Thread-7_ROOT INFO:EnergyPlus working directory is in /home/zhiangz/Documents/HVAC-RL-Control/src/iw_ctrl_runs_v2/9/Eplus-env-IW-tmy3Weather-v9601-res7/Eplus-env-sub_run1
[2017-11-29 10:42:50,881] A3C_AGENT_MAIN INFO:Prepare the local workers ...
[2017-11-29 10:42:50,882] A3C_AGENT_WORKER-Thread-8 INFO:Local worker starts!
[2017-11-29 10:42:50,882] Making new env: IW-tmy3Weather-v9601
[2017-11-29 10:42:50,919] EPLUS_ENV_IW-tmy3Weather-v9601_Thread-8_ROOT INFO:Creating EnergyPlus simulation environment...
[2017-11-29 10:42:50,920] EPLUS_ENV_IW-tmy3Weather-v9601_Thread-8_ROOT INFO:EnergyPlus working directory is in /home/zhiangz/Documents/HVAC-RL-Control/src/iw_ctrl_runs_v2/9/Eplus-env-IW-tmy3Weather-v9601-res8/Eplus-env-sub_run1
[2017-11-29 10:42:51,882] A3C_AGENT_MAIN INFO:Prepare the local workers ...
[2017-11-29 10:42:51,883] A3C_AGENT_WORKER-Thread-9 INFO:Local worker starts!
[2017-11-29 10:42:51,883] Making new env: IW-tmy3Weather-v9601
[2017-11-29 10:42:51,925] EPLUS_ENV_IW-tmy3Weather-v9601_Thread-9_ROOT INFO:Creating EnergyPlus simulation environment...
[2017-11-29 10:42:51,926] EPLUS_ENV_IW-tmy3Weather-v9601_Thread-9_ROOT INFO:EnergyPlus working directory is in /home/zhiangz/Documents/HVAC-RL-Control/src/iw_ctrl_runs_v2/9/Eplus-env-IW-tmy3Weather-v9601-res9/Eplus-env-sub_run1
[2017-11-29 10:42:52,147] A3C_AGENT_WORKER-Thread-2 INFO:Evaluating...
[2017-11-29 10:42:52,147] EPLUS_ENV_IW-tmy3Weather-v9601_MainThread_ROOT INFO:Creating EnergyPlus simulation environment...
[2017-11-29 10:42:52,149] EPLUS_ENV_IW-tmy3Weather-v9601_MainThread_ROOT INFO:EnergyPlus working directory is in /home/zhiangz/Documents/HVAC-RL-Control/src/iw_ctrl_runs_v2/9/Eplus-env-IW-tmy3Weather-v9601-res1/Eplus-env-sub_run1
[2017-11-29 10:42:52,884] A3C_AGENT_MAIN INFO:Prepare the local workers ...
[2017-11-29 10:42:52,885] A3C_AGENT_WORKER-Thread-10 INFO:Local worker starts!
[2017-11-29 10:42:52,885] Making new env: IW-tmy3Weather-v9601
[2017-11-29 10:42:52,926] EPLUS_ENV_IW-tmy3Weather-v9601_Thread-10_ROOT INFO:Creating EnergyPlus simulation environment...
[2017-11-29 10:42:52,929] EPLUS_ENV_IW-tmy3Weather-v9601_Thread-10_ROOT INFO:EnergyPlus working directory is in /home/zhiangz/Documents/HVAC-RL-Control/src/iw_ctrl_runs_v2/9/Eplus-env-IW-tmy3Weather-v9601-res10/Eplus-env-sub_run1
[2017-11-29 10:42:53,886] A3C_AGENT_MAIN INFO:Prepare the local workers ...
[2017-11-29 10:42:53,887] A3C_AGENT_WORKER-Thread-11 INFO:Local worker starts!
[2017-11-29 10:42:53,887] Making new env: IW-tmy3Weather-v9601
[2017-11-29 10:42:53,925] EPLUS_ENV_IW-tmy3Weather-v9601_Thread-11_ROOT INFO:Creating EnergyPlus simulation environment...
[2017-11-29 10:42:53,926] EPLUS_ENV_IW-tmy3Weather-v9601_Thread-11_ROOT INFO:EnergyPlus working directory is in /home/zhiangz/Documents/HVAC-RL-Control/src/iw_ctrl_runs_v2/9/Eplus-env-IW-tmy3Weather-v9601-res11/Eplus-env-sub_run1
[2017-11-29 10:42:54,888] A3C_AGENT_MAIN INFO:Prepare the local workers ...
[2017-11-29 10:42:54,889] A3C_AGENT_WORKER-Thread-12 INFO:Local worker starts!
[2017-11-29 10:42:54,889] Making new env: IW-tmy3Weather-v9601
[2017-11-29 10:42:54,927] EPLUS_ENV_IW-tmy3Weather-v9601_Thread-12_ROOT INFO:Creating EnergyPlus simulation environment...
[2017-11-29 10:42:54,929] EPLUS_ENV_IW-tmy3Weather-v9601_Thread-12_ROOT INFO:EnergyPlus working directory is in /home/zhiangz/Documents/HVAC-RL-Control/src/iw_ctrl_runs_v2/9/Eplus-env-IW-tmy3Weather-v9601-res12/Eplus-env-sub_run1
[2017-11-29 10:42:55,890] A3C_AGENT_MAIN INFO:Prepare the local workers ...
[2017-11-29 10:42:55,893] A3C_AGENT_WORKER-Thread-13 INFO:Local worker starts!
[2017-11-29 10:42:55,893] Making new env: IW-tmy3Weather-v9601
[2017-11-29 10:42:55,931] EPLUS_ENV_IW-tmy3Weather-v9601_Thread-13_ROOT INFO:Creating EnergyPlus simulation environment...
[2017-11-29 10:42:55,933] EPLUS_ENV_IW-tmy3Weather-v9601_Thread-13_ROOT INFO:EnergyPlus working directory is in /home/zhiangz/Documents/HVAC-RL-Control/src/iw_ctrl_runs_v2/9/Eplus-env-IW-tmy3Weather-v9601-res13/Eplus-env-sub_run1
[2017-11-29 10:42:56,894] A3C_AGENT_MAIN INFO:Prepare the local workers ...
[2017-11-29 10:42:56,895] A3C_AGENT_WORKER-Thread-14 INFO:Local worker starts!
[2017-11-29 10:42:56,895] Making new env: IW-tmy3Weather-v9601
[2017-11-29 10:42:56,934] EPLUS_ENV_IW-tmy3Weather-v9601_Thread-14_ROOT INFO:Creating EnergyPlus simulation environment...
[2017-11-29 10:42:56,936] EPLUS_ENV_IW-tmy3Weather-v9601_Thread-14_ROOT INFO:EnergyPlus working directory is in /home/zhiangz/Documents/HVAC-RL-Control/src/iw_ctrl_runs_v2/9/Eplus-env-IW-tmy3Weather-v9601-res14/Eplus-env-sub_run1
[2017-11-29 10:42:57,896] A3C_AGENT_MAIN INFO:Prepare the local workers ...
[2017-11-29 10:42:57,896] A3C_AGENT_WORKER-Thread-15 INFO:Local worker starts!
[2017-11-29 10:42:57,897] Making new env: IW-tmy3Weather-v9601
[2017-11-29 10:42:57,933] EPLUS_ENV_IW-tmy3Weather-v9601_Thread-15_ROOT INFO:Creating EnergyPlus simulation environment...
[2017-11-29 10:42:57,935] EPLUS_ENV_IW-tmy3Weather-v9601_Thread-15_ROOT INFO:EnergyPlus working directory is in /home/zhiangz/Documents/HVAC-RL-Control/src/iw_ctrl_runs_v2/9/Eplus-env-IW-tmy3Weather-v9601-res15/Eplus-env-sub_run1
[2017-11-29 10:42:58,897] A3C_AGENT_MAIN INFO:Prepare the local workers ...
[2017-11-29 10:42:58,897] A3C_AGENT_WORKER-Thread-16 INFO:Local worker starts!
[2017-11-29 10:42:58,898] Making new env: IW-tmy3Weather-v9601
[2017-11-29 10:42:58,934] EPLUS_ENV_IW-tmy3Weather-v9601_Thread-16_ROOT INFO:Creating EnergyPlus simulation environment...
[2017-11-29 10:42:58,936] EPLUS_ENV_IW-tmy3Weather-v9601_Thread-16_ROOT INFO:EnergyPlus working directory is in /home/zhiangz/Documents/HVAC-RL-Control/src/iw_ctrl_runs_v2/9/Eplus-env-IW-tmy3Weather-v9601-res16/Eplus-env-sub_run1
[2017-11-29 10:42:59,898] A3C_AGENT_MAIN INFO:Prepare the local workers ...
[2017-11-29 10:42:59,899] A3C_AGENT_WORKER-Thread-17 INFO:Local worker starts!
[2017-11-29 10:42:59,899] Making new env: IW-tmy3Weather-v9601
[2017-11-29 10:42:59,938] EPLUS_ENV_IW-tmy3Weather-v9601_Thread-17_ROOT INFO:Creating EnergyPlus simulation environment...
[2017-11-29 10:42:59,940] EPLUS_ENV_IW-tmy3Weather-v9601_Thread-17_ROOT INFO:EnergyPlus working directory is in /home/zhiangz/Documents/HVAC-RL-Control/src/iw_ctrl_runs_v2/9/Eplus-env-IW-tmy3Weather-v9601-res17/Eplus-env-sub_run1
[2017-11-29 10:43:03,453] A3C_AGENT_WORKER-Thread-2 DEBUG:Observation this: [7.7, 93.0, 5.725, 240.0, 0.0, 0.0, 12.7, 27.5941914990586, 20.5, 19.08469447862174, 21.5, 0.0, 40.018163050123945]
[2017-11-29 10:43:03,454] A3C_AGENT_WORKER-Thread-2 DEBUG:Observation forecast: [7.198401568754056, 65.09481836738428, 0.0, 0.0, 10.764503896369213, 91.07431642769241, 0.0, 3.9525292378356816, 7.499656004650865, 80.12777904580092, 0.0, 22.73190894732508, 7.887835768740942, 81.68785056584903, 0.0, 47.9339115124153, 6.820316112576739, 82.82317368949124, 0.0, 69.45626892530093, 7.28214558355121, 90.13449028055567, 0.0, 69.98319780420437, 8.191110673080738, 77.2839688408616, 0.0, 77.99075692452466, 5.6607640992176425, 70.89712543674206, 0.0, 81.68014283346815, 7.091252144362919, 68.2054005311779, 0.0, 63.98942650406727, 4.414649125820789, 80.42018004612169, 0.0, 42.615828192580835, 5.30234117922072, 93.84530607057494, 0.0, 12.260460440492505, 4.70857095551174, 80.77632830082271, 0.0, 0.0]
[2017-11-29 10:43:03,456] A3C_AGENT_WORKER-Thread-2 INFO:Softmax [ 0.11587808  0.12037096  0.12835234  0.09915182  0.11441344  0.10566749
  0.10475273  0.10447391  0.10693912]
[2017-11-29 10:43:07,935] A3C_AGENT_WORKER-Thread-2 DEBUG:Observation this: [-6.850000000000001, 73.25, 7.674999999999999, 265.0, 0.0, 0.0, -1.7, 21.29281368372702, 20.0, 20.05042775760784, 21.5, 0.0, 36.84818021667971]
[2017-11-29 10:43:07,936] A3C_AGENT_WORKER-Thread-2 DEBUG:Observation forecast: [-6.772049324313722, 58.762871675206554, 0.0, 0.0, -5.002466571763226, 65.16501055160276, 2.630328446197495, 7.381685607000846, -8.082825667037177, 77.24189872042838, 5.401279124447223, 32.56942843878875, -9.419564667151757, 83.14763023095688, 8.018551953854585, 78.7915270117532, -8.274709990170487, 79.25003607553143, 31.145906356340905, 204.8773751939989, -8.95191449958128, 57.89957958684972, 196.58015782604127, 163.61032142694492, -8.30691242204446, 53.423401121254, 593.2640409678887, 167.14360510051603, -4.18341526504012, 54.78240207957633, 563.6299616057283, 147.83943132963915, -6.676569559649376, 58.56793217339283, 71.91217844616018, 149.69524414528064, -6.507228491607274, 68.43236503476855, 28.068193932188308, 47.993639642427425, -7.167540157871525, 61.27519660184573, 2.5012274888486954, 17.63441116113569, -7.559133970136728, 56.559843074331354, 0.0, 0.0]
[2017-11-29 10:43:07,937] A3C_AGENT_WORKER-Thread-2 INFO:Softmax [ 0.1043855   0.11972896  0.1242074   0.10131976  0.11577455  0.105416
  0.1131493   0.10851729  0.10750126]
[2017-11-29 10:43:25,837] A3C_AGENT_WORKER-Thread-2 DEBUG:Observation this: [-11.975, 51.0, 6.225, 220.0, 57.25, 900.5, -7.25, 26.63511580781817, 20.5, 20.51928481111018, 22.7, 1.0, 58.06997171278758]
[2017-11-29 10:43:25,838] A3C_AGENT_WORKER-Thread-2 DEBUG:Observation forecast: [-13.0, 53.01500957057941, 815.4651855370989, 50.54989501856342, -7.224439701426481, 43.795826706691855, 686.7355613923676, 58.21971286544671, -11.045327866143843, 40.932305170938925, 586.3578447909558, 28.121607312660252, -10.4101459224804, 39.67246287063308, 617.6470087436809, 20.980194568694692, -9.450166915371828, 48.02251497218186, 132.39438884767688, 4.676133714446749, -9.924063989129989, 50.44081459471702, 3.7625978324264597, 0.0, -8.910416435567619, 44.395127760850244, 0.0, 0.0, -11.447654354712645, 53.890051654678174, 0.0, 0.0, -8.499894495005691, 42.90736181899229, 0.0, 0.0, -12.22766583544773, 41.80871836793228, 0.0, 0.0, -13.0, 54.456835849166104, 0.0, 0.0, -10.391062706905881, 64.37697795204215, 0.0, 0.0]
[2017-11-29 10:43:25,840] A3C_AGENT_WORKER-Thread-2 INFO:Softmax [ 0.10155681  0.13403255  0.12640494  0.09673991  0.11819637  0.10858964
  0.1103463   0.09198724  0.1121462 ]
[2017-11-29 10:43:33,196] A3C_AGENT_WORKER-Thread-2 DEBUG:Observation this: [1.1, 96.0, 5.1, 130.0, 0.0, 0.0, 6.1, 22.52507860133921, 21.0, 20.97974538544701, 22.7, 1.0, 27.371414346711717]
[2017-11-29 10:43:33,196] A3C_AGENT_WORKER-Thread-2 DEBUG:Observation forecast: [1.414363684182211, 98.67343817855391, 0.0, 0.0, 1.8181196445884737, 100.0, 0.0, 0.0, 2.651109527252129, 89.8847190165183, 0.0, 0.0, 3.1242787269357315, 86.81755497970899, 0.0, 0.0, 4.879020502430307, 100.0, 0.0, 0.0, 4.838820508728547, 92.99821290468057, 0.0, 0.0, 4.465833971599571, 68.35341934473365, 0.0, 0.0, 3.196641490304744, 79.01452780696937, 0.0, 0.0, 2.7745393125431277, 78.81290386273498, 0.0, 0.0, 1.3000680615026512, 87.05769506948232, 0.0, 0.0, 0.7293048631773372, 78.90314297215886, 0.0, 0.0, 0.6054892908113406, 100.0, 2.801748981209427, 0.4636166783997627]
[2017-11-29 10:43:33,198] A3C_AGENT_WORKER-Thread-2 INFO:Softmax [ 0.10979364  0.12512848  0.12753557  0.10015956  0.1165928   0.1026924
  0.11122725  0.09056392  0.11630635]
[2017-11-29 10:43:34,585] A3C_AGENT_WORKER-Thread-2 DEBUG:Observation this: [0.5, 92.0, 5.6, 290.0, 0.0, 0.0, 5.65, 28.07817144038115, 20.0, 19.64487352449854, 21.5, 0.0, 27.071576312129846]
[2017-11-29 10:43:34,585] A3C_AGENT_WORKER-Thread-2 DEBUG:Observation forecast: [0.4680379264137129, 95.36131984122734, 4.735553657699276, 1.0159575358840025, 0.0, 82.80884811991102, 124.79035472110756, 32.210342605695914, -0.5817701576152435, 97.82755554831138, 88.45093690463929, 157.3201783512065, -0.6019630362161785, 88.31110485787971, 111.38606847694014, 71.33991413357292, -0.936900607281141, 93.1250616478354, 92.94028323936797, 79.88316377774541, -1.2132461548677729, 64.76959668261759, 421.88162504550104, 133.43148857427155, -1.1686556387512155, 73.30310889762274, 570.253923398056, 141.51842850650618, -0.9855218371552716, 82.8898371865929, 399.5249137662411, 147.0436480449412, -0.9583879774815014, 87.78442180735132, 67.69970843842475, 100.25422188594904, -1.4311874408358412, 93.89970920566297, 45.15001887711028, 42.98017556819214, -1.9288979223508465, 88.68931028916799, 0.0, 0.0, -2.4790362892248, 75.12828845397884, 0.0, 0.0]
[2017-11-29 10:43:34,587] A3C_AGENT_WORKER-Thread-2 INFO:Softmax [ 0.11252693  0.12165474  0.12707298  0.10167836  0.11255848  0.10484494
  0.10769306  0.10569263  0.10627792]
[2017-11-29 10:43:34,901] A3C_AGENT_WORKER-Thread-2 DEBUG:Observation this: [0.25, 91.5, 5.85, 300.0, 34.0, 104.0, 5.375, 21.86248148044521, 21.0, 20.53593582608289, 22.7, 1.0, 60.60662367349162]
[2017-11-29 10:43:34,901] A3C_AGENT_WORKER-Thread-2 DEBUG:Observation forecast: [-0.25918896696503724, 92.72333234923333, 96.45636395926975, 71.03246382195856, -0.5647342053569165, 63.32456997498842, 89.42622884014486, 125.31494830332176, -0.7928942786106637, 76.78803662247749, 136.70201136071532, 92.80842069802125, -0.9323450496619302, 79.83561963911204, 265.9019909366582, 118.7846159213933, -1.3421201541763257, 70.26578250580944, 412.9884028270287, 124.12503741101797, -1.33868808630473, 89.07640734098297, 467.7851300858005, 156.62731456040947, -1.0454600612362999, 89.16880488506844, 285.9505527574056, 138.0185048199777, -1.6784462819883572, 100.0, 56.71927756465756, 77.93255467380095, -1.8636107879292734, 75.11287586595415, 23.037066609171617, 20.598568394473233, -2.4020242468257322, 71.69837241245003, 0.0, 0.0, -2.418577421476825, 85.21164000703104, 0.0, 0.0, -2.8758797313430864, 56.85158457976341, 0.0, 0.0]
[2017-11-29 10:43:34,904] A3C_AGENT_WORKER-Thread-2 INFO:Softmax [ 0.10828534  0.12554796  0.13291079  0.0956829   0.11154564  0.10790556
  0.1086347   0.10318287  0.10630417]
[2017-11-29 10:43:38,840] A3C_AGENT_WORKER-Thread-2 DEBUG:Observation this: [-3.4, 84.0, 4.225, 260.0, 0.0, 0.0, 1.6, 22.67858850252544, 20.5, 20.28107091821429, 21.5, 0.0, 23.624039301844732]
[2017-11-29 10:43:38,840] A3C_AGENT_WORKER-Thread-2 DEBUG:Observation forecast: [-4.061322636696108, 88.2061911423325, 0.0, 0.0, -3.368940159770834, 75.75401404006769, 0.0, 0.0, -3.473451421569, 77.46442579276919, 0.0, 0.0, -4.12305238478408, 90.59919582923943, 0.0, 0.0, -6.228807420254393, 74.89262871401347, 0.0, 0.0, -4.2914116385261325, 59.74009160946002, 0.0, 0.0, -4.058318555232299, 55.63563325341515, 0.0, 0.0, -4.976271137460789, 76.38350167126222, 0.0, 0.0, -4.462359477187069, 85.44693742467625, 0.0, 4.830599555275862, -3.7655836106643727, 60.905045004522755, 14.528576105092345, 45.2230131500167, -3.5480042640215674, 71.25853315684239, 38.619634671511754, 93.96961180306536, -3.0163713634365426, 57.88291085248483, 11.664138186683116, 104.19888070662938]
[2017-11-29 10:43:38,842] A3C_AGENT_WORKER-Thread-2 INFO:Softmax [ 0.11170103  0.1199778   0.12764943  0.09590262  0.11470556  0.10981229
  0.11154115  0.09610501  0.11260508]
[2017-11-29 10:43:39,132] A3C_AGENT_WORKER-Thread-2 DEBUG:Observation this: [-3.9, 80.5, 6.15, 255.0, 0.0, 0.0, -8.9, 27.72722477790236, 18.0, 19.81033083489532, 21.5, 0.0, 0.0]
[2017-11-29 10:43:39,132] A3C_AGENT_WORKER-Thread-2 DEBUG:Observation forecast: [-6.031920585450503, 74.04464456667937, 0.0, 0.0, -4.365723954858287, 62.25470597907879, 0.0, 0.0, -4.564473043201925, 63.472655911800224, 0.0, 0.0, -5.079317574672228, 73.06764100837859, 0.0, 0.0, -3.9953188134162634, 83.30549177361277, 0.0, 0.0, -4.747255380524907, 87.33959508685022, 0.0, 9.333137138313552, -4.273718370852868, 71.82962683140752, 27.104786959053413, 75.19171463201755, -3.195041303428729, 63.92317566082761, 24.311376406992725, 112.48242632224994, -3.2712159370323133, 45.046938506097376, 20.5002804328413, 89.45858970669238, -2.2790685514431352, 59.88842042931233, 53.46140714023863, 94.92979553678475, -1.7931022845052482, 44.12041673802383, 78.8090207852735, 168.08788359868754, -0.7687665473541014, 36.64833906340003, 93.60956440644344, 155.6231451272181]
[2017-11-29 10:43:39,134] A3C_AGENT_WORKER-Thread-2 INFO:Softmax [ 0.10536122  0.11754324  0.13300093  0.1022035   0.11412991  0.10736693
  0.11035351  0.10033811  0.10970265]
[2017-11-29 10:43:39,531] A3C_AGENT_WORKER-Thread-2 DEBUG:Observation this: [-4.5, 65.0, 4.6, 230.0, 0.0, 0.0, 0.5, 28.54561224836767, 20.0, 19.59314845172786, 21.5, 0.0, 35.66011527898085]
[2017-11-29 10:43:39,532] A3C_AGENT_WORKER-Thread-2 DEBUG:Observation forecast: [-5.365166294693342, 52.09306344319248, 0.0, 0.0, -2.859236852872158, 82.43610899575414, 0.0, 0.0, -2.9635356228745953, 71.26078383975172, 0.0, 16.712542723899716, -3.346710090168454, 67.80217923962316, 53.48439861065005, 149.22057522007822, -3.2875517158638763, 46.52745742842426, 0.0, 117.49293206685647, -2.2430533359867204, 53.97013317050065, 32.891264241742505, 80.85957786939079, -2.649723535193706, 56.2157836400597, 96.72551938639788, 117.90645521215194, -0.8422625293869462, 53.672654145469686, 85.36726967580839, 166.9905900914829, -0.6339919245152161, 53.8820610790652, 57.88927079319267, 85.07864932490517, -0.5912842874047854, 46.29430577116443, 45.615987107837775, 76.94987865105298, -1.0736479142220494, 68.83144147883523, 12.28435432903029, 34.45069028559952, -1.111294114994864, 50.747580508585365, 1.969346996400045, 0.0]
[2017-11-29 10:43:39,534] A3C_AGENT_WORKER-Thread-2 INFO:Softmax [ 0.10718941  0.12084971  0.12983997  0.09948371  0.11594272  0.10391664
  0.11153882  0.10090552  0.11033352]
[2017-11-29 10:43:41,986] A3C_AGENT_WORKER-Thread-2 DEBUG:Observation this: [-1.05, 58.5, 7.825, 260.0, 106.25, 65.25, 3.8, 12.11912452071041, 18.5, 22.24134735251827, 22.7, 1.0, 55.121016089858635]
[2017-11-29 10:43:41,986] A3C_AGENT_WORKER-Thread-2 DEBUG:Observation forecast: [-0.7345802772467747, 53.185698805967945, 64.06512786853709, 79.49066250078161, -0.6707993051817303, 39.10463038026104, 28.243495077342327, 57.08541758072602, -1.2709865668830025, 52.067488567713575, 12.228763162734074, 21.640364928241304, -1.68044841363166, 60.493421003221684, 1.6206055930793057, 0.0, -2.045969846152165, 59.21804584875415, 0.0, 0.0, -3.363518096018866, 52.472986332347666, 0.0, 0.0, -3.082965099322206, 83.4790446449894, 0.0, 0.0, -3.079941259866134, 68.30234092376226, 0.0, 0.0, -3.5149622778307488, 62.20032563578806, 0.0, 0.0, -3.6470477667080385, 77.28136487947602, 0.0, 0.0, -3.3000621516482385, 70.13994519859706, 0.0, 0.0, -3.212411033819291, 62.61803472946213, 0.0, 0.0]
[2017-11-29 10:43:41,988] A3C_AGENT_WORKER-Thread-2 INFO:Softmax [ 0.10540745  0.13366956  0.13216831  0.09507109  0.11639555  0.09899132
  0.11175412  0.08783717  0.11870544]
[2017-11-29 10:43:48,102] A3C_AGENT_WORKER-Thread-2 DEBUG:Observation this: [-7.425, 71.0, 2.375, 47.5, 0.0, 0.0, -2.3, 25.91844765642742, 20.0, 20.08347518954126, 21.5, 0.0, 25.642831939687877]
[2017-11-29 10:43:48,103] A3C_AGENT_WORKER-Thread-2 DEBUG:Observation forecast: [-6.080551033223381, 58.54531411219159, 0.0, 0.0, -8.210035619118804, 79.62634139168637, 0.0, 0.0, -7.287170091912802, 81.01943103258205, 0.0, 0.0, -8.744583508759872, 47.401017738299686, 0.0, 0.0, -5.429162898797143, 76.01346473081712, 0.0, 0.0, -6.919496845142251, 79.69144592699452, 0.0, 0.0, -5.719056956292972, 76.2278571977196, 0.0, 6.997524566640415, -6.077292545588336, 62.542532438648905, 0.0, 38.19187674577385, -7.264678512023954, 76.4602727413169, 0.0, 56.54082071605226, -4.765663707587344, 59.06495372898022, 0.0, 105.59013668090269, -4.946165937318694, 59.18476721518446, 0.0, 104.30201241015247, -3.947218467351364, 100.0, 0.0, 79.22561750131283]
[2017-11-29 10:43:48,105] A3C_AGENT_WORKER-Thread-2 INFO:Softmax [ 0.10685755  0.11919358  0.12072157  0.10099002  0.11009073  0.10989177
  0.10822549  0.10958991  0.11443933]
[2017-11-29 10:43:48,199] A3C_AGENT_WORKER-Thread-2 DEBUG:Observation this: [-7.8, 72.5, 1.75, 70.0, 0.0, 0.0, -12.8, 33.09431413957767, 18.0, 19.39406476691357, 21.5, 0.0, 0.0]
[2017-11-29 10:43:48,200] A3C_AGENT_WORKER-Thread-2 DEBUG:Observation forecast: [-8.623125019145364, 64.33897381299343, 0.0, 0.0, -8.465649021028323, 66.19880960596339, 0.0, 0.0, -6.918746979077011, 70.99653587351565, 0.0, 0.0, -7.6223744041304675, 60.89851177764973, 0.0, 0.0, -7.4524136917930095, 70.71064216036588, 0.0, 0.0, -7.292941474150111, 82.11913443140054, 0.0, 13.345129468968913, -6.631180993855804, 86.8765509307208, 0.0, 48.75980477662195, -4.001212342410482, 51.412667248393035, 0.0, 79.69484317417268, -4.979321355819618, 69.17878927916209, 0.0, 113.43046000678517, -4.1001131749637505, 66.19510848557768, 0.0, 100.55617670489146, -2.8442208753478955, 94.67068280366371, 0.0, 70.27725123578783, -3.5471863550468323, 96.6338504153155, 0.0, 74.65746586861805]
[2017-11-29 10:43:48,201] A3C_AGENT_WORKER-Thread-2 INFO:Softmax [ 0.11029739  0.11419176  0.11865447  0.09779827  0.11272176  0.11131421
  0.10992327  0.10951201  0.11558685]
[2017-11-29 10:43:52,291] A3C_AGENT_WORKER-Thread-2 DEBUG:Observation this: [-2.3, 80.0, 2.25, 60.0, 0.0, 0.0, 2.7, 27.29675499087537, 23.5, 19.89761488098808, 21.5, 0.0, 33.73038101247126]
[2017-11-29 10:43:52,291] A3C_AGENT_WORKER-Thread-2 DEBUG:Observation forecast: [-2.1518324412939465, 90.97500999358635, 0.0, 0.0, -1.7535133037799657, 76.60302406577118, 0.0, 0.0, -1.354530336807829, 78.81866934653632, 0.0, 0.0, -0.8168031249865024, 66.55672256679374, 0.0, 0.0, -0.16403941107682862, 61.915545148295735, 0.0, 0.0, 0.0, 83.29509361986997, 0.0, 0.0, 0.0, 67.06595929717722, 0.0, 0.0, 0.9945368108677879, 74.21520319236103, 0.0, 13.179001161503304, 0.9477801572763569, 95.98034548826743, 0.0, 45.13439917219748, 1.074958339358935, 84.28625231171875, 0.0, 63.85633670667812, 2.5510491642346866, 100.0, 0.0, 83.38497653650779, 3.942332736019759, 91.88297498183483, 0.0, 102.2519652958646]
[2017-11-29 10:43:52,293] A3C_AGENT_WORKER-Thread-2 INFO:Softmax [ 0.11290227  0.11729266  0.12304305  0.0923432   0.11742616  0.10735504
  0.11224739  0.10123139  0.11615876]
[2017-11-29 10:43:55,354] A3C_AGENT_WORKER-Thread-2 DEBUG:Observation this: [3.8, 93.0, 3.6, 110.0, 100.0, 0.0, 8.524999999999999, 9.021372069473442, 25.0, 22.90241138001605, 22.7, 1.0, 63.83543868970735]
[2017-11-29 10:43:55,354] A3C_AGENT_WORKER-Thread-2 DEBUG:Observation forecast: [4.399546668894848, 97.16610626606494, 0.0, 102.83235671602115, 4.794575444609608, 93.2965705405373, 0.0, 92.54977970369094, 2.850590793955909, 95.63317539117052, 0.0, 58.27170759120684, 2.9866665199817657, 94.44524481346038, 0.0, 22.202507305306554, 4.2839493284018095, 100.0, 0.0, 0.0, 4.598613049231014, 85.17552992935933, 0.0, 0.0, 4.178651150671228, 100.0, 0.0, 0.0, 5.511646507282151, 96.70071544052769, 0.0, 0.0, 4.7482966790425, 85.35757277274746, 0.0, 0.0, 4.387404143578645, 72.79565556458547, 0.0, 0.0, 5.625290850892739, 95.2806443936193, 0.0, 0.0, 5.5968703854346575, 100.0, 0.0, 0.0]
[2017-11-29 10:43:55,355] A3C_AGENT_WORKER-Thread-2 INFO:Softmax [ 0.11111832  0.12743635  0.12539953  0.09510419  0.11496193  0.1010194
  0.11306308  0.09288111  0.11901605]
[2017-11-29 10:43:57,581] A3C_AGENT_WORKER-Thread-2 DEBUG:Observation this: [5.0, 96.0, 4.1, 110.0, 0.0, 0.0, 10.0, 8.805840899501682, 19.0, 22.50894421364721, 21.5, 0.0, 16.330479132700912]
[2017-11-29 10:43:57,581] A3C_AGENT_WORKER-Thread-2 DEBUG:Observation forecast: [5.287104929833576, 94.43767881651094, 0.0, 0.0, 5.360070235695943, 93.79137664702797, 0.0, 0.0, 6.656745033006798, 72.2647556758395, 0.0, 0.0, 7.197526566201228, 79.00412664448221, 0.0, 0.0, 8.273196517321319, 80.0108529879838, 0.0, 0.0, 10.429512836057219, 76.43102742961531, 0.0, 0.0, 10.284471437251934, 77.76809122260465, 0.0, 0.0, 11.476061412651797, 84.16608430604143, 0.0, 0.0, 10.710217545891922, 100.0, 0.0, 0.0, 9.15804204345757, 100.0, 0.0, 27.7773856805942, 10.598450931177611, 83.56381711261788, 0.0, 79.8119059158098, 11.39336905596484, 72.44799749788746, 0.0, 99.57787258537496]
[2017-11-29 10:43:57,583] A3C_AGENT_WORKER-Thread-2 INFO:Softmax [ 0.11930528  0.11988804  0.11473362  0.09677155  0.11724517  0.10640405
  0.11141033  0.1024341   0.11180784]
[2017-11-29 10:44:02,707] A3C_AGENT_WORKER-Thread-2 DEBUG:Observation this: [15.0, 57.0, 4.1, 170.0, 0.0, 0.0, 20.275, 6.232976691794907, 18.5, 23.9652353049938, 22.7, 1.0, 2.1151128823626713]
[2017-11-29 10:44:02,707] A3C_AGENT_WORKER-Thread-2 DEBUG:Observation forecast: [17.84482320144883, 60.35869764205963, 0.0, 0.0, 11.261661157792952, 74.00959198948505, 0.0, 0.0, 17.164035833041197, 65.567231272748, 0.0, 0.0, 11.802633968866706, 67.4801431092747, 0.0, 0.0, 10.977006672195747, 75.44551269112387, 0.0, 0.0, 13.553391637032007, 55.33353845964604, 0.0, 0.0, 9.945921738836697, 66.43750098284991, 0.0, 0.0, 10.738111342042016, 64.29007835974166, 0.0, 0.0, 12.795388953793783, 58.91995740480185, 0.0, 0.0, 11.110219140140225, 66.1027556371914, 0.0, 0.0, 11.743155283173195, 96.9800428320098, 0.0, 0.0, 12.211438640232416, 76.60064528040392, 0.0, 0.0]
[2017-11-29 10:44:02,708] A3C_AGENT_WORKER-Thread-2 INFO:Softmax [ 0.1148686   0.12605862  0.11948097  0.09975692  0.12250634  0.0990741
  0.10824315  0.0957711   0.11424014]
[2017-11-29 10:44:03,199] A3C_AGENT_WORKER-Thread-2 DEBUG:Observation this: [10.275, 78.5, 4.85, 120.0, 0.0, 0.0, 15.0, 5.680859660663664, 20.0, 23.11321672192856, 21.5, 0.0, 4.0375157075853645]
[2017-11-29 10:44:03,199] A3C_AGENT_WORKER-Thread-2 DEBUG:Observation forecast: [10.74445096164744, 62.632646058344896, 0.0, 0.0, 13.627363221315, 96.59979124507439, 0.0, 0.0, 12.993846541838813, 80.00173626595404, 0.0, 0.0, 11.47057394775773, 68.98223955146432, 0.0, 0.0, 11.698906614757721, 77.63725142025851, 0.22277772851230923, 0.3094125335012273, 10.574328438504685, 89.65181807529102, 0.6497502177776603, 9.429124646425374, 18.75455101445743, 63.40205142206256, 0.0, 53.22999676640509, 14.2852695264101, 53.50768008040412, 0.0, 73.37200501106199, 18.511025328549145, 69.21761441497335, 0.0, 98.48540507312894, 19.276784402079635, 68.9848442272379, 0.0, 189.1100524269531, 19.219648040911338, 50.862495904906936, 0.0, 149.77821396391934, 14.831033363542485, 67.40243266977475, 0.0, 132.8356295265785]
[2017-11-29 10:44:03,200] A3C_AGENT_WORKER-Thread-2 INFO:Softmax [ 0.11775628  0.11805535  0.12562311  0.10315623  0.10995372  0.10259071
  0.10519903  0.10844502  0.10922052]
[2017-11-29 10:44:12,863] A3C_AGENT_WORKER-Thread-2 DEBUG:Observation this: [-0.15, 96.25, 3.575, 225.0, 0.0, 0.0, 5.0, 8.649300218630094, 18.5, 21.84361014070689, 21.5, 0.0, 10.723125760718533]
[2017-11-29 10:44:12,864] A3C_AGENT_WORKER-Thread-2 DEBUG:Observation forecast: [-0.4891403234333467, 100.0, 0.0, 0.0, -0.6811922926449747, 100.0, 0.0, 0.0, -0.6454734157931871, 90.63631487238001, 0.0, 0.0, -0.6871133387766665, 100.0, 0.0, 0.0, -0.6247394048681764, 100.0, 0.0, 6.294143240440555, -0.4672465591232904, 100.0, 0.0, 23.61350377059529, 0.0, 100.0, 0.0, 44.19979369762553, 0.0, 75.37026070209836, 0.0, 52.59846184488257, 0.1154050170584401, 100.0, 0.0, 105.66471231821039, 0.6783702132813693, 87.95379756447052, 0.0, 96.34796384376489, 0.983630092055414, 59.16939033128834, 0.0, 89.92450696343846, 0.8992528350494929, 100.0, 0.0, 70.70675349353279]
[2017-11-29 10:44:12,865] A3C_AGENT_WORKER-Thread-2 INFO:Softmax [ 0.1085223   0.12055899  0.12245561  0.1036096   0.11644062  0.09899584
  0.1093151   0.10710602  0.1129959 ]
[2017-11-29 10:44:17,875] A3C_AGENT_WORKER-Thread-2 DEBUG:Observation this: [1.1, 100.0, 0.0, 0.0, 9.0, 0.0, 6.1, 10.01937422437424, 21.0, 21.54312584431118, 22.7, 1.0, 10.098252276008504]
[2017-11-29 10:44:17,875] A3C_AGENT_WORKER-Thread-2 DEBUG:Observation forecast: [1.7879836222201808, 77.42940136966985, 0.0, 19.075610794061152, 2.5320033816716436, 100.0, 0.0, 27.227792529219876, 3.3010243966066155, 92.81537510937454, 0.0, 73.55387869219362, 4.143373710233618, 82.24066212876589, 509.03822118443185, 72.58054236297501, 5.6884561340212745, 74.72623197112213, 682.2695946415238, 80.05886504313798, 12.678314500531433, 63.097688558102824, 581.9741889767052, 72.90845662242299, 11.40397298046919, 47.58742084491579, 743.147969414732, 82.0916495243521, 9.681453628487684, 44.9425879699044, 506.98845004300955, 76.74151666498432, 11.36056797174568, 60.8601508695759, 30.929748890088874, 80.19993048490542, 11.452340075969833, 65.04333373255034, 6.522771160374516, 1.8870913256801938, 10.601498141812295, 57.963954162357474, 0.0, 0.0, 8.13907050876225, 74.96250543966606, 0.0, 0.0]
[2017-11-29 10:44:17,877] A3C_AGENT_WORKER-Thread-2 INFO:Softmax [ 0.10705549  0.12362853  0.1268872   0.09427096  0.11291608  0.10628273
  0.11203197  0.10475989  0.11216721]
[2017-11-29 10:44:23,453] A3C_AGENT_WORKER-Thread-2 DEBUG:Observation this: [10.225, 62.25, 6.15, 155.0, 0.0, 0.0, 5.5, 6.50110890271642, 18.0, 24.46806519715557, 22.7, 1.0, 0.0]
[2017-11-29 10:44:23,454] A3C_AGENT_WORKER-Thread-2 DEBUG:Observation forecast: [8.365956542306453, 60.687261630007605, 0.0, 0.0, 6.991595272662162, 70.96029191321507, 0.0, 0.0, 5.94577019074396, 89.67154064178725, 0.0, 0.0, 7.307866626570778, 90.08271413440137, 0.0, 0.0, 6.198033263890559, 71.99603905360087, 0.0, 0.0, 6.669187316541104, 100.0, 0.0, 0.0, 7.335444610427746, 100.0, 0.0, 0.0, 8.095043133446135, 94.1331891237531, 0.0, 0.0, 6.208224267148591, 92.41874581851039, 0.0, 0.0, 6.18836445853753, 90.88947056743478, 0.0, 0.0, 7.137467043260416, 65.81850955011419, 0.0, 0.0, 4.370013089728351, 100.0, 0.0, 0.0]
[2017-11-29 10:44:23,456] A3C_AGENT_WORKER-Thread-2 INFO:Softmax [ 0.11179516  0.1251258   0.12423083  0.09860545  0.117274    0.09777229
  0.11335861  0.09121519  0.12062258]
[2017-11-29 10:44:28,125] A3C_AGENT_WORKER-Thread-2 DEBUG:Observation this: [0.8, 90.0, 7.7, 240.0, 0.0, 0.0, 5.95, 5.589146095427568, 25.0, 23.17124897694435, 21.5, 0.0, 37.639231855574025]
[2017-11-29 10:44:28,125] A3C_AGENT_WORKER-Thread-2 DEBUG:Observation forecast: [0.43721592174990576, 87.61171801974, 0.0, 0.0, 0.24574696408269528, 82.65358438909365, 0.0, 0.0, 0.20511528249548674, 82.50086218547672, 0.0, 0.0, 0.6109651266691712, 91.98493094124561, 0.0, 0.0, 0.3930735124247599, 89.63840276038185, 0.0, 0.0, 0.142327870383779, 100.0, 0.0, 0.0, -0.36927375326193934, 80.44667914515023, 0.0, 0.0, -0.5559413733076612, 78.31094455798984, 0.0, 0.0, -0.8191118916338234, 81.95181319099343, 0.0, 0.0, -1.4157933598291395, 90.0038414027035, 0.0, 0.0, -1.173619175964162, 72.6442264724631, 0.0, 0.3954208049791373, -1.6731751510455628, 100.0, 0.0, 13.391187187560394]
[2017-11-29 10:44:28,127] A3C_AGENT_WORKER-Thread-2 INFO:Softmax [ 0.11255203  0.12855926  0.12563115  0.09327307  0.1142666   0.1077106
  0.10566933  0.09357283  0.11876519]
[2017-11-29 10:44:28,748] A3C_AGENT_WORKER-Thread-2 DEBUG:Observation this: [-0.3, 89.0, 9.2, 245.0, 0.0, 0.0, -5.15, 9.784598703193081, 18.0, 21.68593974013082, 21.5, 0.0, 0.0]
[2017-11-29 10:44:28,749] A3C_AGENT_WORKER-Thread-2 DEBUG:Observation forecast: [-0.5057671868648902, 100.0, 0.0, 0.0, -0.838465760061748, 96.66951728257789, 0.0, 0.0, -1.4449181874087476, 60.446575027071084, 0.0, 0.0, -1.722725285677747, 77.69629860427904, 0.0, 0.5846743258613675, -1.7099054466640446, 94.51178389928204, 0.0, 5.986839416001857, -1.8961135207845958, 93.4156952408612, 0.0, 56.768607678771396, -2.727450017457878, 100.0, 0.0, 71.44968518112933, -2.6735719690483344, 92.22696408425867, 0.0, 136.60810677950394, -2.462282639766599, 63.7399873682371, 0.0, 131.31328482591593, -2.6460360927016215, 79.45179827380703, 0.0, 131.61253239751497, -2.72342694583563, 100.0, 0.0, 114.81830590933703, -3.319712989225678, 97.60067122371473, 0.0, 88.30856058644369]
[2017-11-29 10:44:28,750] A3C_AGENT_WORKER-Thread-2 INFO:Softmax [ 0.10941656  0.11685055  0.12966885  0.10070292  0.11436199  0.10737058
  0.10745964  0.10389442  0.11027449]
[2017-11-29 10:44:30,430] A3C_AGENT_WORKER-Thread-2 DEBUG:Observation this: [-2.8, 83.0, 9.825, 250.0, 120.75, 0.0, 2.2, 9.415789439794137, 25.0, 22.0594534260013, 22.7, 1.0, 67.99722061618128]
[2017-11-29 10:44:30,431] A3C_AGENT_WORKER-Thread-2 DEBUG:Observation forecast: [-3.239612764018224, 70.82896115111674, 0.0, 95.72620955347789, -3.6645084403404367, 100.0, 0.0, 69.62466371068841, -3.909779870810544, 88.60525942268555, 0.0, 58.47022679488822, -3.904738610507599, 85.12999161991182, 0.0, 18.16998452267325, -4.159945496065361, 85.67251761362634, 0.0, 0.6074745944742793, -5.359119946588834, 77.0127501978525, 0.0, 0.0, -4.060132951341237, 100.0, 0.0, 0.0, -4.238131358390624, 79.95510798507595, 0.0, 0.0, -4.812704365222305, 75.92479317776366, 0.0, 0.0, -5.79655264475946, 89.42697648777414, 0.0, 0.0, -5.521436428425059, 67.14822964942024, 0.0, 0.0, -5.992996879559608, 78.42966066842563, 0.0, 0.0]
[2017-11-29 10:44:30,432] A3C_AGENT_WORKER-Thread-2 INFO:Softmax [ 0.11245905  0.13010439  0.12900236  0.09503294  0.1162762   0.09520454
  0.11450386  0.09439857  0.11301815]
[2017-11-29 10:44:33,294] A3C_AGENT_WORKER-Thread-2 DEBUG:Observation this: [-6.0, 83.0, 9.2, 250.0, 0.0, 0.0, -0.9000000000000004, 17.77142576551419, 25.0, 20.74786118050173, 21.5, 0.0, 44.41107689889475]
[2017-11-29 10:44:33,294] A3C_AGENT_WORKER-Thread-2 DEBUG:Observation forecast: [-7.101430272332428, 68.28378226297238, 0.0, 0.0, -7.1227111592316295, 68.27163140531547, 0.0, 0.0, -4.553991265222045, 92.46388367213162, 0.0, 0.0, -5.233626775094927, 72.17553158952288, 0.0, 0.0, -6.862931789181913, 59.4657377813531, 0.0, 0.0, -8.06301443756984, 81.3675966764921, 0.0, 0.8294552144535825, -7.484074972716874, 96.12448947324776, 0.0, 29.162041607838074, -6.352661065256633, 68.14903080575762, 79.40551892110435, 140.6938440754067, -6.524067359439569, 81.36218041201849, 43.14030816730383, 138.46527407611993, -4.393057555097032, 95.49813509017596, 74.92406233547183, 201.73578333917644, -4.647253769449587, 94.6150417661246, 0.0, 113.12885940198322, -5.311961353228476, 67.29516709661982, 39.3628402265579, 175.56519029350355]
[2017-11-29 10:44:33,296] A3C_AGENT_WORKER-Thread-2 INFO:Softmax [ 0.10958841  0.11980185  0.13352522  0.09419191  0.11762861  0.09885222
  0.11523765  0.10191478  0.10925929]
