Using TensorFlow backend.
[2019-02-22 20:37:52,338] A3C_AGENT_MAIN INFO:Namespace(action_repeat_n=1, action_space='part2_v1', activation='linear', agent_num=5, check_args_only=False, clip_norm=5.0, debug_log_prob=0.0005, decay_steps=1000000, dropout_prob=0.0, end_e=0.0, env='Part2-Light-Shg-Train-v1', eval_act_func='part2_v1', eval_env_res_max_keep=20, eval_epi_num=1, eval_freq=100000, forecast_dim=0, gamma=0.99, h_decay_bounds=[], h_regu_frac=[0.0], init_e=0.0, isNoisyNet=True, isNoisyNetEval_rmNoise=True, is_greedy_policy=False, is_learning_rate_decay_staircase=False, is_warm_start=False, job_mode='Train', learning_rate=0.0005, learning_rate_decay_rate=1.0, learning_rate_decay_steps=100000, max_interactions=2500000, metric_func='part2_v1', model_dir='None', model_param=[73, 1], model_type='nn', num_threads=16, output='./Part2-Light-Shg-Train-v1-res1', p_loss_frac=1.0, raw_state_prcs_func='cslDx_1', reward_func='part2_v1', rmsprop_decay=0.99, rmsprop_epsil=1e-10, rmsprop_momet=0.0, rwd_e_para=1.2, rwd_p_para=1.0, save_freq=500000, save_max_to_keep=5, save_scope='all', sharedNet_type='Dense', state_dim=71, test_env=['Part2-Light-Shg-Test-v1', 'Part2-Light-Shg-Test-v2', 'Part2-Light-Shg-Test-v3', 'Part2-Light-Shg-Test-v4'], test_mode='Multiple', train_act_func='part2_v1', train_freq=5, v_loss_frac=0.5, violation_penalty_scl=10.0, weight_initer='glorot_uniform', window_len=13)
[2019-02-22 20:37:52,338] A3C_AGENT_MAIN INFO:Start compiling...
2019-02-22 20:37:52.369720: I tensorflow/core/platform/cpu_feature_guard.cc:137] Your CPU supports instructions that this TensorFlow binary was not compiled to use: SSE4.1 SSE4.2 AVX AVX2 FMA
[2019-02-22 20:38:07,189] A3C_AGENT_MAIN INFO:Start the learning...
[2019-02-22 20:38:07,189] A3C_AGENT_MAIN INFO:Prepare the evaluation environments ['Part2-Light-Shg-Train-v1', 'Part2-Light-Shg-Test-v1', 'Part2-Light-Shg-Test-v2', 'Part2-Light-Shg-Test-v3', 'Part2-Light-Shg-Test-v4'] ...
[2019-02-22 20:38:07,271] A3C_EVAL-Part2-Light-Shg-Train-v1 INFO:Evaluation worker starts!
[2019-02-22 20:38:07,323] A3C_EVAL-Part2-Light-Shg-Test-v1 INFO:Evaluation worker starts!
[2019-02-22 20:38:07,358] A3C_EVAL-Part2-Light-Shg-Test-v2 INFO:Evaluation worker starts!
[2019-02-22 20:38:07,504] A3C_EVAL-Part2-Light-Shg-Test-v3 INFO:Evaluation worker starts!
[2019-02-22 20:38:07,547] A3C_EVAL-Part2-Light-Shg-Test-v4 INFO:Evaluation worker starts!
[2019-02-22 20:38:07,547] A3C_AGENT_MAIN INFO:Prepare the local workers ...
[2019-02-22 20:38:07,547] A3C_AGENT_WORKER-Thread-2 INFO:Local worker starts!
[2019-02-22 20:38:07,649] EPLUS_ENV_Part2-Light-Shg-Train-v1_Thread-2_ROOT INFO:Creating EnergyPlus simulation environment...
[2019-02-22 20:38:07,650] EPLUS_ENV_Part2-Light-Shg-Train-v1_Thread-2_ROOT INFO:EnergyPlus working directory is in /home/zhiangz/Documents/HVAC-RL-Control/src/runs/rl_parametric_part2_shg_light/2/Eplus-env-Part2-Light-Shg-Train-v1-res2/Eplus-env-sub_run1
[2019-02-22 20:38:08,548] A3C_AGENT_MAIN INFO:Prepare the local workers ...
[2019-02-22 20:38:08,551] A3C_AGENT_WORKER-Thread-3 INFO:Local worker starts!
[2019-02-22 20:38:08,650] EPLUS_ENV_Part2-Light-Shg-Train-v1_Thread-3_ROOT INFO:Creating EnergyPlus simulation environment...
[2019-02-22 20:38:08,651] EPLUS_ENV_Part2-Light-Shg-Train-v1_Thread-3_ROOT INFO:EnergyPlus working directory is in /home/zhiangz/Documents/HVAC-RL-Control/src/runs/rl_parametric_part2_shg_light/2/Eplus-env-Part2-Light-Shg-Train-v1-res3/Eplus-env-sub_run1
[2019-02-22 20:38:09,552] A3C_AGENT_MAIN INFO:Prepare the local workers ...
[2019-02-22 20:38:09,553] A3C_AGENT_WORKER-Thread-4 INFO:Local worker starts!
[2019-02-22 20:38:09,659] EPLUS_ENV_Part2-Light-Shg-Train-v1_Thread-4_ROOT INFO:Creating EnergyPlus simulation environment...
[2019-02-22 20:38:09,660] EPLUS_ENV_Part2-Light-Shg-Train-v1_Thread-4_ROOT INFO:EnergyPlus working directory is in /home/zhiangz/Documents/HVAC-RL-Control/src/runs/rl_parametric_part2_shg_light/2/Eplus-env-Part2-Light-Shg-Train-v1-res4/Eplus-env-sub_run1
[2019-02-22 20:38:10,554] A3C_AGENT_MAIN INFO:Prepare the local workers ...
[2019-02-22 20:38:10,555] A3C_AGENT_WORKER-Thread-5 INFO:Local worker starts!
[2019-02-22 20:38:10,667] EPLUS_ENV_Part2-Light-Shg-Train-v1_Thread-5_ROOT INFO:Creating EnergyPlus simulation environment...
[2019-02-22 20:38:10,669] EPLUS_ENV_Part2-Light-Shg-Train-v1_Thread-5_ROOT INFO:EnergyPlus working directory is in /home/zhiangz/Documents/HVAC-RL-Control/src/runs/rl_parametric_part2_shg_light/2/Eplus-env-Part2-Light-Shg-Train-v1-res5/Eplus-env-sub_run1
[2019-02-22 20:38:11,556] A3C_AGENT_MAIN INFO:Prepare the local workers ...
[2019-02-22 20:38:11,557] A3C_AGENT_WORKER-Thread-6 INFO:Local worker starts!
[2019-02-22 20:38:11,674] EPLUS_ENV_Part2-Light-Shg-Train-v1_Thread-6_ROOT INFO:Creating EnergyPlus simulation environment...
[2019-02-22 20:38:11,676] EPLUS_ENV_Part2-Light-Shg-Train-v1_Thread-6_ROOT INFO:EnergyPlus working directory is in /home/zhiangz/Documents/HVAC-RL-Control/src/runs/rl_parametric_part2_shg_light/2/Eplus-env-Part2-Light-Shg-Train-v1-res6/Eplus-env-sub_run1
[2019-02-22 20:38:12,557] A3C_AGENT_MAIN INFO:Prepare the local workers ...
[2019-02-22 20:38:12,558] A3C_AGENT_WORKER-Thread-7 INFO:Local worker starts!
[2019-02-22 20:38:12,673] EPLUS_ENV_Part2-Light-Shg-Train-v1_Thread-7_ROOT INFO:Creating EnergyPlus simulation environment...
[2019-02-22 20:38:12,676] EPLUS_ENV_Part2-Light-Shg-Train-v1_Thread-7_ROOT INFO:EnergyPlus working directory is in /home/zhiangz/Documents/HVAC-RL-Control/src/runs/rl_parametric_part2_shg_light/2/Eplus-env-Part2-Light-Shg-Train-v1-res7/Eplus-env-sub_run1
[2019-02-22 20:38:13,559] A3C_AGENT_MAIN INFO:Prepare the local workers ...
[2019-02-22 20:38:13,560] A3C_AGENT_WORKER-Thread-8 INFO:Local worker starts!
[2019-02-22 20:38:13,739] EPLUS_ENV_Part2-Light-Shg-Train-v1_Thread-8_ROOT INFO:Creating EnergyPlus simulation environment...
[2019-02-22 20:38:13,742] EPLUS_ENV_Part2-Light-Shg-Train-v1_Thread-8_ROOT INFO:EnergyPlus working directory is in /home/zhiangz/Documents/HVAC-RL-Control/src/runs/rl_parametric_part2_shg_light/2/Eplus-env-Part2-Light-Shg-Train-v1-res8/Eplus-env-sub_run1
[2019-02-22 20:38:14,561] A3C_AGENT_MAIN INFO:Prepare the local workers ...
[2019-02-22 20:38:14,562] A3C_AGENT_WORKER-Thread-9 INFO:Local worker starts!
[2019-02-22 20:38:14,743] EPLUS_ENV_Part2-Light-Shg-Train-v1_Thread-9_ROOT INFO:Creating EnergyPlus simulation environment...
[2019-02-22 20:38:14,746] EPLUS_ENV_Part2-Light-Shg-Train-v1_Thread-9_ROOT INFO:EnergyPlus working directory is in /home/zhiangz/Documents/HVAC-RL-Control/src/runs/rl_parametric_part2_shg_light/2/Eplus-env-Part2-Light-Shg-Train-v1-res9/Eplus-env-sub_run1
[2019-02-22 20:38:15,563] A3C_AGENT_MAIN INFO:Prepare the local workers ...
[2019-02-22 20:38:15,563] A3C_AGENT_WORKER-Thread-10 INFO:Local worker starts!
[2019-02-22 20:38:15,746] EPLUS_ENV_Part2-Light-Shg-Train-v1_Thread-10_ROOT INFO:Creating EnergyPlus simulation environment...
[2019-02-22 20:38:15,749] EPLUS_ENV_Part2-Light-Shg-Train-v1_Thread-10_ROOT INFO:EnergyPlus working directory is in /home/zhiangz/Documents/HVAC-RL-Control/src/runs/rl_parametric_part2_shg_light/2/Eplus-env-Part2-Light-Shg-Train-v1-res10/Eplus-env-sub_run1
[2019-02-22 20:38:16,564] A3C_AGENT_MAIN INFO:Prepare the local workers ...
[2019-02-22 20:38:16,565] A3C_AGENT_WORKER-Thread-11 INFO:Local worker starts!
[2019-02-22 20:38:16,748] EPLUS_ENV_Part2-Light-Shg-Train-v1_Thread-11_ROOT INFO:Creating EnergyPlus simulation environment...
[2019-02-22 20:38:16,751] EPLUS_ENV_Part2-Light-Shg-Train-v1_Thread-11_ROOT INFO:EnergyPlus working directory is in /home/zhiangz/Documents/HVAC-RL-Control/src/runs/rl_parametric_part2_shg_light/2/Eplus-env-Part2-Light-Shg-Train-v1-res11/Eplus-env-sub_run1
[2019-02-22 20:38:17,566] A3C_AGENT_MAIN INFO:Prepare the local workers ...
[2019-02-22 20:38:17,567] A3C_AGENT_WORKER-Thread-12 INFO:Local worker starts!
[2019-02-22 20:38:17,753] EPLUS_ENV_Part2-Light-Shg-Train-v1_Thread-12_ROOT INFO:Creating EnergyPlus simulation environment...
[2019-02-22 20:38:17,756] EPLUS_ENV_Part2-Light-Shg-Train-v1_Thread-12_ROOT INFO:EnergyPlus working directory is in /home/zhiangz/Documents/HVAC-RL-Control/src/runs/rl_parametric_part2_shg_light/2/Eplus-env-Part2-Light-Shg-Train-v1-res12/Eplus-env-sub_run1
[2019-02-22 20:38:18,568] A3C_AGENT_MAIN INFO:Prepare the local workers ...
[2019-02-22 20:38:18,569] A3C_AGENT_WORKER-Thread-13 INFO:Local worker starts!
[2019-02-22 20:38:18,777] EPLUS_ENV_Part2-Light-Shg-Train-v1_Thread-13_ROOT INFO:Creating EnergyPlus simulation environment...
[2019-02-22 20:38:18,780] EPLUS_ENV_Part2-Light-Shg-Train-v1_Thread-13_ROOT INFO:EnergyPlus working directory is in /home/zhiangz/Documents/HVAC-RL-Control/src/runs/rl_parametric_part2_shg_light/2/Eplus-env-Part2-Light-Shg-Train-v1-res13/Eplus-env-sub_run1
[2019-02-22 20:38:19,569] A3C_AGENT_MAIN INFO:Prepare the local workers ...
[2019-02-22 20:38:19,570] A3C_AGENT_WORKER-Thread-14 INFO:Local worker starts!
[2019-02-22 20:38:19,891] EPLUS_ENV_Part2-Light-Shg-Train-v1_Thread-14_ROOT INFO:Creating EnergyPlus simulation environment...
[2019-02-22 20:38:19,908] EPLUS_ENV_Part2-Light-Shg-Train-v1_Thread-14_ROOT INFO:EnergyPlus working directory is in /home/zhiangz/Documents/HVAC-RL-Control/src/runs/rl_parametric_part2_shg_light/2/Eplus-env-Part2-Light-Shg-Train-v1-res14/Eplus-env-sub_run1
[2019-02-22 20:38:20,571] A3C_AGENT_MAIN INFO:Prepare the local workers ...
[2019-02-22 20:38:20,572] A3C_AGENT_WORKER-Thread-15 INFO:Local worker starts!
[2019-02-22 20:38:20,786] EPLUS_ENV_Part2-Light-Shg-Train-v1_Thread-15_ROOT INFO:Creating EnergyPlus simulation environment...
[2019-02-22 20:38:20,789] EPLUS_ENV_Part2-Light-Shg-Train-v1_Thread-15_ROOT INFO:EnergyPlus working directory is in /home/zhiangz/Documents/HVAC-RL-Control/src/runs/rl_parametric_part2_shg_light/2/Eplus-env-Part2-Light-Shg-Train-v1-res15/Eplus-env-sub_run1
[2019-02-22 20:38:21,573] A3C_AGENT_MAIN INFO:Prepare the local workers ...
[2019-02-22 20:38:21,573] A3C_AGENT_WORKER-Thread-16 INFO:Local worker starts!
[2019-02-22 20:38:21,914] EPLUS_ENV_Part2-Light-Shg-Train-v1_Thread-16_ROOT INFO:Creating EnergyPlus simulation environment...
[2019-02-22 20:38:21,918] EPLUS_ENV_Part2-Light-Shg-Train-v1_Thread-16_ROOT INFO:EnergyPlus working directory is in /home/zhiangz/Documents/HVAC-RL-Control/src/runs/rl_parametric_part2_shg_light/2/Eplus-env-Part2-Light-Shg-Train-v1-res16/Eplus-env-sub_run1
[2019-02-22 20:38:22,574] A3C_AGENT_MAIN INFO:Prepare the local workers ...
[2019-02-22 20:38:22,575] A3C_AGENT_WORKER-Thread-17 INFO:Local worker starts!
[2019-02-22 20:38:22,909] EPLUS_ENV_Part2-Light-Shg-Train-v1_Thread-17_ROOT INFO:Creating EnergyPlus simulation environment...
[2019-02-22 20:38:22,912] EPLUS_ENV_Part2-Light-Shg-Train-v1_Thread-17_ROOT INFO:EnergyPlus working directory is in /home/zhiangz/Documents/HVAC-RL-Control/src/runs/rl_parametric_part2_shg_light/2/Eplus-env-Part2-Light-Shg-Train-v1-res17/Eplus-env-sub_run1
[2019-02-22 20:39:10,153] A3C_AGENT_WORKER-Thread-2 INFO:Evaluating...
[2019-02-22 20:39:10,154] A3C_EVAL-Part2-Light-Shg-Train-v1 INFO:Evaluation job starts!
[2019-02-22 20:39:10,154] EPLUS_ENV_Part2-Light-Shg-Train-v1_MainThread_ROOT INFO:Creating EnergyPlus simulation environment...
[2019-02-22 20:39:10,157] EPLUS_ENV_Part2-Light-Shg-Train-v1_MainThread_ROOT INFO:EnergyPlus working directory is in /home/zhiangz/Documents/HVAC-RL-Control/src/runs/rl_parametric_part2_shg_light/2/Eplus-env-Part2-Light-Shg-Train-v1-res1/Eplus-env-sub_run1
[2019-02-22 20:39:10,225] A3C_EVAL-Part2-Light-Shg-Test-v1 INFO:Evaluation job starts!
[2019-02-22 20:39:10,225] EPLUS_ENV_Part2-Light-Shg-Test-v1_MainThread_ROOT INFO:Creating EnergyPlus simulation environment...
[2019-02-22 20:39:10,229] EPLUS_ENV_Part2-Light-Shg-Test-v1_MainThread_ROOT INFO:EnergyPlus working directory is in /home/zhiangz/Documents/HVAC-RL-Control/src/runs/rl_parametric_part2_shg_light/2/Eplus-env-Part2-Light-Shg-Test-v1-res1/Eplus-env-sub_run1
[2019-02-22 20:39:10,414] A3C_EVAL-Part2-Light-Shg-Test-v2 INFO:Evaluation job starts!
[2019-02-22 20:39:10,415] EPLUS_ENV_Part2-Light-Shg-Test-v2_MainThread_ROOT INFO:Creating EnergyPlus simulation environment...
[2019-02-22 20:39:10,446] EPLUS_ENV_Part2-Light-Shg-Test-v2_MainThread_ROOT INFO:EnergyPlus working directory is in /home/zhiangz/Documents/HVAC-RL-Control/src/runs/rl_parametric_part2_shg_light/2/Eplus-env-Part2-Light-Shg-Test-v2-res1/Eplus-env-sub_run1
[2019-02-22 20:39:10,507] A3C_EVAL-Part2-Light-Shg-Test-v3 INFO:Evaluation job starts!
[2019-02-22 20:39:10,517] EPLUS_ENV_Part2-Light-Shg-Test-v3_MainThread_ROOT INFO:Creating EnergyPlus simulation environment...
[2019-02-22 20:39:10,521] EPLUS_ENV_Part2-Light-Shg-Test-v3_MainThread_ROOT INFO:EnergyPlus working directory is in /home/zhiangz/Documents/HVAC-RL-Control/src/runs/rl_parametric_part2_shg_light/2/Eplus-env-Part2-Light-Shg-Test-v3-res1/Eplus-env-sub_run1
[2019-02-22 20:39:10,597] A3C_EVAL-Part2-Light-Shg-Test-v4 INFO:Evaluation job starts!
[2019-02-22 20:39:10,599] EPLUS_ENV_Part2-Light-Shg-Test-v4_MainThread_ROOT INFO:Creating EnergyPlus simulation environment...
[2019-02-22 20:39:10,648] EPLUS_ENV_Part2-Light-Shg-Test-v4_MainThread_ROOT INFO:EnergyPlus working directory is in /home/zhiangz/Documents/HVAC-RL-Control/src/runs/rl_parametric_part2_shg_light/2/Eplus-env-Part2-Light-Shg-Test-v4-res1/Eplus-env-sub_run1
[2019-02-22 20:40:39,769] A3C_EVAL-Part2-Light-Shg-Test-v4 DEBUG:NoisyNet noise sample: [array([0.], dtype=float32), 0.0]
[2019-02-22 20:40:39,771] A3C_EVAL-Part2-Light-Shg-Test-v4 DEBUG:Observation this: [16.28797395333333, 33.25838419, 135.7795103666667, 2.546347528333333, 22.24766208648649, 22.00084522654371, 21.02340233251148, 22.00035490914448, 22.33087151910984, 22.16827788909978, 22.15884466221668, 22.81967940538193, 22.70281702871185, 22.51561140066391, 22.00010499084072, 23.0174637335642, 23.63926210846162, 23.63696985070792, 23.62906814804145, 22.68141834241509, 22.96513911787779, 22.74249374737155, 22.56776042977661, 21.99991848369162, 23.64107811098393, 22.86168937939749, 24.0, 24.0, 28.0, 24.0, 24.0, 24.0, 24.0, 24.0, 24.0, 24.0, 24.0, 24.0, 24.0, 24.0, 24.0, 24.0, 24.0, 24.0, 24.0, 24.0, 24.0, 24.0, 22.0, 22.0, 18.0, 22.0, 22.0, 22.0, 22.0, 22.0, 22.0, 22.0, 22.0, 22.0, 22.0, 22.0, 22.0, 22.0, 22.0, 22.0, 22.0, 22.0, 22.0, 22.0, 6577.818705423494]
[2019-02-22 20:40:39,772] A3C_EVAL-Part2-Light-Shg-Test-v4 DEBUG:Observation forecast: []
[2019-02-22 20:40:39,774] A3C_EVAL-Part2-Light-Shg-Test-v4 INFO:Softmax [0.027753   0.02345172 0.03764375 0.04617455 0.04069826 0.01776933
 0.02922959 0.03367459 0.02901324 0.01424721 0.03096824 0.04053013
 0.02517273 0.04309978 0.03988755 0.0811263  0.0662619  0.04233544
 0.07695512 0.06317279 0.02611731 0.04950827 0.04738623 0.03225306
 0.03556986], sampled 0.10063233953443029
[2019-02-22 20:40:57,952] A3C_EVAL-Part2-Light-Shg-Test-v4 DEBUG:NoisyNet noise sample: [array([0.], dtype=float32), 0.0]
[2019-02-22 20:40:57,953] A3C_EVAL-Part2-Light-Shg-Test-v4 DEBUG:Observation this: [1.327472646166667, 58.745166795, 179.0051906333333, 653.2201440333333, 22.00107624366781, 22.00273558813667, 18.0003721733829, 22.00092178802223, 22.00663558725897, 22.00101306156788, 22.00049456912777, 22.00092429193025, 22.0008930373909, 22.00060920121791, 22.00072066376255, 22.00030554400007, 22.00075569932735, 22.00085605394766, 22.00083054313496, 22.00081183876635, 22.00195615953906, 22.0048470869067, 22.00045331335682, 21.99997726040853, 22.00086206401809, 22.00043532940711, 24.0, 24.0, 28.0, 24.0, 24.0, 24.0, 24.0, 24.0, 24.0, 24.0, 24.0, 24.0, 24.0, 24.0, 24.0, 24.0, 24.0, 24.0, 24.0, 24.0, 24.0, 24.0, 22.0, 22.0, 18.0, 22.0, 22.0, 22.0, 22.0, 22.0, 22.0, 22.0, 22.0, 22.0, 22.0, 22.0, 22.0, 22.0, 22.0, 22.0, 22.0, 22.0, 22.0, 22.0, 75974.13540463394]
[2019-02-22 20:40:57,954] A3C_EVAL-Part2-Light-Shg-Test-v4 DEBUG:Observation forecast: []
[2019-02-22 20:40:57,955] A3C_EVAL-Part2-Light-Shg-Test-v4 INFO:Softmax [0.03429712 0.02906994 0.0360071  0.04370614 0.03505176 0.01712737
 0.02487873 0.03477133 0.03407055 0.01419031 0.02952526 0.0361358
 0.02130057 0.04512177 0.02889951 0.0521557  0.0588349  0.0592407
 0.08690105 0.07278322 0.02797496 0.07377906 0.04078113 0.02965173
 0.03374431], sampled 0.8510003477203841
[2019-02-22 20:41:19,147] A3C_EVAL-Part2-Light-Shg-Test-v1 DEBUG:NoisyNet noise sample: [array([0.], dtype=float32), 0.0]
[2019-02-22 20:41:19,147] A3C_EVAL-Part2-Light-Shg-Test-v1 DEBUG:Observation this: [7.15, 56.5, 0.0, 0.0, 18.23568986438025, 19.36446099280708, 18.27273396719593, 19.58088202304403, 19.38083491301441, 20.13120739563011, 19.05281845919045, 19.63326091747312, 20.2255054503299, 18.80061708795085, 18.03490782439388, 20.05004407357329, 19.31918704248574, 19.61269658087596, 18.99935698516955, 19.48886501796699, 19.62012657919036, 19.73254743234516, 18.59435622084589, 19.79706903683576, 18.41758955383587, 19.25702200518434, 28.0, 29.36302978897167, 28.0, 29.58054422947432, 28.42309691482167, 30.13045903206762, 29.0525841835529, 29.63248432511638, 30.22476005454969, 28.80042580855137, 28.0, 30.04998797677702, 29.31873239203002, 29.61219199824706, 28.99881947220924, 29.48821053547485, 29.58930842190916, 29.73026445498336, 28.59426970504461, 29.79709565403995, 28.41699808886967, 29.25679508147443, 18.0, 19.36302978897167, 18.0, 19.58054422947432, 18.42309691482167, 20.13045903206762, 19.0525841835529, 19.63248432511638, 20.22476005454969, 18.80042580855137, 18.0, 20.04998797677702, 19.31873239203002, 19.61219199824706, 18.99881947220924, 19.48821053547485, 19.58930842190916, 19.73026445498336, 18.59426970504461, 19.79709565403995, 18.41699808886967, 19.25679508147443, 27192.73530681011]
[2019-02-22 20:41:19,148] A3C_EVAL-Part2-Light-Shg-Test-v1 DEBUG:Observation forecast: []
[2019-02-22 20:41:19,149] A3C_EVAL-Part2-Light-Shg-Test-v1 INFO:Softmax [0.02432006 0.01943821 0.04680387 0.0159739  0.03463674 0.00572891
 0.02234246 0.01452285 0.02269132 0.01030286 0.01325822 0.05416032
 0.01743702 0.03177622 0.02437455 0.03353125 0.03972939 0.21959928
 0.04769522 0.10938508 0.01489414 0.09064818 0.04176264 0.03088778
 0.01409961], sampled 0.00962719641248555
[2019-02-22 20:41:21,978] A3C_EVAL-Part2-Light-Shg-Test-v4 DEBUG:NoisyNet noise sample: [array([0.], dtype=float32), 0.0]
[2019-02-22 20:41:21,978] A3C_EVAL-Part2-Light-Shg-Test-v4 DEBUG:Observation this: [7.327102519, 98.04196605, 142.372349745, 0.0, 22.00034557982408, 22.00096225622241, 18.00008308371307, 22.00022258731607, 22.00283315307729, 22.00038821193885, 22.00010281937148, 22.0004110575806, 22.00037879360272, 22.00009157830809, 22.0002624468905, 22.00000947482182, 22.00027407046674, 22.00032025220872, 22.00030486985219, 22.00029452057278, 22.00076808100925, 22.00197235965288, 22.00006048909932, 21.99997772458985, 22.00032163921117, 22.00010060846079, 24.0, 24.0, 28.0, 24.0, 24.0, 24.0, 24.0, 24.0, 24.0, 24.0, 24.0, 24.0, 24.0, 24.0, 24.0, 24.0, 24.0, 24.0, 24.0, 24.0, 24.0, 24.0, 22.0, 22.0, 18.0, 22.0, 22.0, 22.0, 22.0, 22.0, 22.0, 22.0, 22.0, 22.0, 22.0, 22.0, 22.0, 22.0, 22.0, 22.0, 22.0, 22.0, 22.0, 22.0, 64654.38451448819]
[2019-02-22 20:41:21,978] A3C_EVAL-Part2-Light-Shg-Test-v4 DEBUG:Observation forecast: []
[2019-02-22 20:41:21,979] A3C_EVAL-Part2-Light-Shg-Test-v4 INFO:Softmax [0.02991159 0.0284699  0.0388083  0.04160382 0.04198813 0.01604157
 0.03653749 0.02948349 0.04039583 0.01109344 0.03141179 0.03548187
 0.02052003 0.04216209 0.02744116 0.04908506 0.06432568 0.06464723
 0.08933938 0.06935297 0.01677675 0.06423561 0.0381192  0.03537367
 0.03739391], sampled 0.13613050441514407
[2019-02-22 20:41:28,434] A3C_EVAL-Part2-Light-Shg-Train-v1 DEBUG:NoisyNet noise sample: [array([0.], dtype=float32), 0.0]
[2019-02-22 20:41:28,434] A3C_EVAL-Part2-Light-Shg-Train-v1 DEBUG:Observation this: [7.0, 97.0, 148.5, 0.0, 22.29849263146854, 22.64824164337393, 18.97142901805731, 21.87618288929593, 21.97237309664612, 22.06638938422163, 21.55613148747219, 21.56067475153253, 21.72348882282522, 21.79643383251915, 22.38507303235421, 21.86181307066639, 22.06276707040933, 22.79242968479965, 22.02646019313874, 22.56376066826943, 21.87609293876115, 22.65095404466208, 21.81562637712976, 21.19149456673219, 22.28690774236453, 20.8839811451884, 24.29705910801526, 24.64556996894531, 26.83004895099777, 23.87551478532139, 23.96198134430704, 24.06526790758941, 23.55575033233055, 23.55956556791137, 23.72240368641372, 23.79617735247471, 24.38405533668317, 23.86162872243692, 24.06196218302693, 24.79135609659587, 24.02556515493177, 24.56257254156837, 23.34663412778583, 24.64713676118464, 23.81538985018074, 22.34899798420939, 24.28588261181218, 22.88369401107844, 22.29705910801526, 22.64556996894531, 16.83004895099777, 21.87551478532139, 21.96198134430704, 22.06526790758941, 21.55575033233055, 21.55956556791137, 21.72240368641372, 21.79617735247471, 22.38405533668317, 21.86162872243692, 22.06196218302693, 22.79135609659587, 22.02556515493177, 22.56257254156837, 21.34663412778583, 22.64713676118464, 21.81538985018074, 20.34899798420939, 22.28588261181218, 20.88369401107844, 33023.08173055959]
[2019-02-22 20:41:28,435] A3C_EVAL-Part2-Light-Shg-Train-v1 DEBUG:Observation forecast: []
[2019-02-22 20:41:28,437] A3C_EVAL-Part2-Light-Shg-Train-v1 INFO:Softmax [0.03230665 0.0240009  0.03902335 0.04883081 0.04446149 0.01586539
 0.03680935 0.02771909 0.03046164 0.01479919 0.02767337 0.03730848
 0.02342422 0.0469644  0.0321128  0.05189262 0.06274557 0.0597208
 0.0825067  0.06802651 0.02414161 0.05905542 0.04437495 0.03009545
 0.03567931], sampled 0.9573888587231025
[2019-02-22 20:41:43,373] A3C_EVAL-Part2-Light-Shg-Test-v4 DEBUG:NoisyNet noise sample: [array([0.], dtype=float32), 0.0]
[2019-02-22 20:41:43,373] A3C_EVAL-Part2-Light-Shg-Test-v4 DEBUG:Observation this: [10.59790229, 84.56079962666666, 0.0, 0.0, 18.39122309285543, 18.72564039051993, 18.50455023566307, 18.2827242904902, 19.33111943671307, 18.56753996202187, 17.99815443489161, 18.30456309848413, 18.23117336172611, 18.26556892813268, 18.14220758527235, 17.99905736632774, 18.01919701082074, 18.01060962075654, 17.99649123492023, 17.99446718977172, 19.30884584659425, 19.15375612800151, 17.99911130819143, 18.78790459913914, 17.9960184337422, 17.99832468696998, 28.0, 28.0, 28.0, 28.0, 28.0, 28.0, 28.0, 28.0, 28.0, 28.0, 28.0, 28.0, 28.0, 28.0, 28.0, 28.0, 28.0, 28.0, 28.0, 28.0, 28.0, 28.0, 18.0, 18.0, 18.0, 18.0, 18.0, 18.0, 18.0, 18.0, 18.0, 18.0, 18.0, 18.0, 18.0, 18.0, 18.0, 18.0, 18.0, 18.0, 18.0, 18.0, 18.0, 18.0, 14484.04210708905]
[2019-02-22 20:41:43,373] A3C_EVAL-Part2-Light-Shg-Test-v4 DEBUG:Observation forecast: []
[2019-02-22 20:41:43,374] A3C_EVAL-Part2-Light-Shg-Test-v4 INFO:Softmax [0.02393419 0.01997126 0.05619346 0.01596544 0.03491435 0.00564918
 0.02435049 0.01481369 0.02813116 0.01095278 0.01076097 0.05171794
 0.0149882  0.03189641 0.02757711 0.02984111 0.02824346 0.23198725
 0.03929587 0.10767723 0.01557637 0.07692125 0.05262151 0.03190826
 0.01411108], sampled 0.6849919222088647
[2019-02-22 20:41:43,995] A3C_EVAL-Part2-Light-Shg-Test-v4 DEBUG:NoisyNet noise sample: [array([0.], dtype=float32), 0.0]
[2019-02-22 20:41:43,996] A3C_EVAL-Part2-Light-Shg-Test-v4 DEBUG:Observation this: [10.56234019, 100.0, 192.94957806, 0.0, 18.54791918350567, 18.8402644583954, 18.64321120555212, 18.42642345053577, 19.56242679088566, 18.60906122264666, 18.08194984911174, 18.53196361247514, 18.44579687979976, 18.24606543467112, 18.27190546706722, 18.00001300664168, 18.13160337313751, 18.13224612033745, 18.08662548712153, 18.14869991751304, 19.0524875249964, 19.04394394295874, 18.01190728046428, 18.97322287380102, 18.07654300558703, 18.01712207234507, 28.0, 28.0, 28.0, 28.0, 28.0, 28.0, 28.0, 28.0, 28.0, 28.0, 28.0, 28.0, 28.0, 28.0, 28.0, 28.0, 28.0, 28.0, 28.0, 28.0, 28.0, 28.0, 18.0, 18.0, 18.0, 18.0, 18.0, 18.0, 18.0, 18.0, 18.0, 18.0, 18.0, 18.0, 18.0, 18.0, 18.0, 18.0, 18.0, 18.0, 18.0, 18.0, 18.0, 18.0, 18892.65955427943]
[2019-02-22 20:41:43,996] A3C_EVAL-Part2-Light-Shg-Test-v4 DEBUG:Observation forecast: []
[2019-02-22 20:41:43,997] A3C_EVAL-Part2-Light-Shg-Test-v4 INFO:Softmax [0.02558517 0.02352153 0.04857573 0.01743281 0.044593   0.00593035
 0.029806   0.01503714 0.02970157 0.0106155  0.01016344 0.05447345
 0.01776696 0.03785163 0.02404545 0.02377715 0.03901781 0.20531455
 0.04124528 0.11420912 0.01655258 0.07216559 0.04203454 0.03514377
 0.01543988], sampled 0.23306512760303588
[2019-02-22 20:41:58,120] A3C_EVAL-Part2-Light-Shg-Test-v1 DEBUG:NoisyNet noise sample: [array([0.], dtype=float32), 0.0]
[2019-02-22 20:41:58,121] A3C_EVAL-Part2-Light-Shg-Test-v1 DEBUG:Observation this: [11.5, 92.5, 93.0, 1.0, 22.00070525833927, 23.98563564254375, 19.1481725077177, 22.45776901284794, 22.03795693633703, 24.13148921648899, 24.27785074514208, 23.95900192311513, 24.22567010191323, 22.98592744056537, 22.00085309096422, 23.54269728730351, 23.29371612024703, 22.98079476106531, 23.29794119272221, 22.25431245855807, 23.78489634869629, 23.33204229921445, 23.85197069428767, 23.79865650617182, 23.96270735926478, 22.98174824137885, 24.0, 25.9840287790403, 28.0, 24.45726419165408, 24.03595856941255, 26.13045903206762, 26.27717057564185, 25.95810690428162, 26.22476005454969, 24.98522776526437, 24.0, 25.54210053641096, 25.29292104494098, 24.98005848939592, 25.2971109132129, 24.25343989602395, 25.7833302529871, 25.32968677907548, 25.85129554159703, 25.79709565403995, 25.96174685141074, 24.9811341516791, 22.0, 23.9840287790403, 18.0, 22.45726419165408, 22.03595856941255, 24.13045903206762, 24.27717057564185, 23.95810690428162, 24.22476005454969, 22.98522776526437, 22.0, 23.54210053641096, 23.29292104494098, 22.98005848939592, 23.2971109132129, 22.25343989602395, 23.7833302529871, 23.32968677907548, 23.85129554159703, 23.79709565403995, 23.96174685141074, 22.9811341516791, 112175.0586566055]
[2019-02-22 20:41:58,121] A3C_EVAL-Part2-Light-Shg-Test-v1 DEBUG:Observation forecast: []
[2019-02-22 20:41:58,122] A3C_EVAL-Part2-Light-Shg-Test-v1 INFO:Softmax [0.0231176  0.02928608 0.03713605 0.02834699 0.06764086 0.01081117
 0.03837571 0.02340606 0.0251935  0.01331743 0.02658231 0.03922046
 0.02357902 0.03770965 0.03885378 0.04258254 0.06988683 0.08234823
 0.09541141 0.07679329 0.0169573  0.06462965 0.02992405 0.03131164
 0.02757842], sampled 0.15402729797017
[2019-02-22 20:42:07,886] A3C_EVAL-Part2-Light-Shg-Test-v1 DEBUG:NoisyNet noise sample: [array([0.], dtype=float32), 0.0]
[2019-02-22 20:42:07,887] A3C_EVAL-Part2-Light-Shg-Test-v1 DEBUG:Observation this: [9.4, 68.0, 0.0, 0.0, 18.90013192396541, 19.98420351885759, 18.83602007239626, 19.71076116523316, 19.76936168646349, 20.13053545109666, 20.27719669091033, 19.95819450487341, 20.22483774873839, 19.10916636991288, 18.53029638054209, 19.27029170091078, 19.25935710512576, 18.85461257505251, 18.86219162544867, 18.28080209181354, 19.60516548635276, 19.43307162321575, 19.93805493993675, 19.79745812270976, 19.72862660830537, 19.88986939006554, 28.0, 29.9840287790403, 28.0, 29.71072105838162, 29.55186532768215, 30.13045903206762, 30.27717057564185, 29.95810690428162, 30.22476005454969, 29.07973303648424, 28.0, 29.27027607093464, 29.25929386012432, 28.8545540527567, 28.86213073574221, 28.25343989602395, 28.17885949812958, 29.23509074757868, 29.93803686541081, 29.79709565403995, 29.72855254059563, 29.88983797692335, 18.0, 19.9840287790403, 18.0, 19.71072105838162, 19.55186532768215, 20.13045903206762, 20.27717057564185, 19.95810690428162, 20.22476005454969, 19.07973303648424, 18.0, 19.27027607093464, 19.25929386012432, 18.8545540527567, 18.86213073574221, 18.25343989602395, 18.17885949812958, 19.23509074757868, 19.93803686541081, 19.79709565403995, 19.72855254059563, 19.88983797692335, 20808.27205841651]
[2019-02-22 20:42:07,887] A3C_EVAL-Part2-Light-Shg-Test-v1 DEBUG:Observation forecast: []
[2019-02-22 20:42:07,888] A3C_EVAL-Part2-Light-Shg-Test-v1 INFO:Softmax [0.02249282 0.02259855 0.03851516 0.01817853 0.04711034 0.00541054
 0.02912808 0.01569151 0.02680687 0.01107103 0.00940863 0.05584721
 0.0182881  0.03624682 0.02290634 0.02984081 0.04778605 0.17448151
 0.05545993 0.12631066 0.01313842 0.0932451  0.03664931 0.02885416
 0.01453351], sampled 0.014697752576796619
[2019-02-22 20:42:16,183] A3C_EVAL-Part2-Light-Shg-Test-v3 INFO:Evaluation: average rewards by now are 8333.1419 454370840.4366 915.0000
[2019-02-22 20:42:17,858] A3C_EVAL-Part2-Light-Shg-Test-v4 INFO:Evaluation: average rewards by now are 7272.5773 576556557.1780 529.0000
[2019-02-22 20:42:18,284] A3C_EVAL-Part2-Light-Shg-Test-v1 INFO:Evaluation: average rewards by now are 7166.4297 563025672.9575 1889.0000
[2019-02-22 20:42:18,488] A3C_EVAL-Part2-Light-Shg-Test-v2 INFO:Evaluation: average rewards by now are 6134.9433 699070657.5657 904.0000
[2019-02-22 20:42:23,238] A3C_EVAL-Part2-Light-Shg-Train-v1 INFO:Evaluation: average rewards by now are 9255.7968 317364479.6432 1889.0000
[2019-02-22 20:42:24,332] A3C_AGENT_WORKER-Thread-2 INFO:Global step: 0, evaluation results [0.0, 9255.796820294885, 317364479.6432286, 1889.0, 7166.429685150967, 563025672.9575257, 1889.0, 6134.943332858811, 699070657.5656823, 904.0, 8333.141857300096, 454370840.4365702, 915.0, 7272.577278697814, 576556557.1779989, 529.0]
[2019-02-22 20:42:26,801] A3C_AGENT_WORKER-Thread-10 DEBUG:Policy network output: [0.02665639 0.02010482 0.03669444 0.01126976 0.03701678 0.00734502
 0.02713152 0.01563501 0.03309657 0.01174091 0.00720775 0.05606308
 0.02306055 0.04580532 0.01798822 0.02941459 0.02499408 0.23716533
 0.04453973 0.08394295 0.01825385 0.07840783 0.04584809 0.04225466
 0.01836271], sum to 1.0000
[2019-02-22 20:42:26,802] A3C_AGENT_WORKER-Thread-10 DEBUG:Softmax action selection sampled number: 0.7344
[2019-02-22 20:42:26,898] A3C_AGENT_WORKER-Thread-10 DEBUG:TRAINING DEBUG INFO ======>>>>>>>>>>>>>>>>>>>>>>>>>>>>>>>>>>>>>>>>>>>>>>>>Current H regulation is 0.0000, 
Environment debug: raw action idx is 19, 
current raw observation is [8.8, 75.33333333333334, 0.0, 0.0, 17.47144008649731, 17.54700047944813, 18.63293899851987, 17.8352075090093, 18.41491063020942, 17.741289935428, 17.59167776500276, 18.44639062816545, 18.47859498380489, 18.11066644244373, 17.92942403139704, 17.32120791322318, 18.30108452906915, 17.45172484452137, 17.43064568289586, 18.21184454012516, 18.24824490811908, 18.10912712004817, 17.21965413123629, 18.8040634588567, 17.83235422513079, 19.11516221811398, 27.3441451718733, 26.93185224790514, 28.63125806981427, 27.80254194398319, 28.35719247819785, 27.63709968529973, 27.38351625284357, 28.44627168703818, 28.4784949785982, 28.07715297948379, 27.92471275518436, 27.29023644479684, 28.30099569716619, 27.27338725775934, 27.30538106060547, 28.21173421944071, 27.91570599921227, 27.69248307833985, 26.9002385420106, 28.22694712474632, 27.80677462690136, 29.11518011432393, 17.3441451718733, 16.93185224790514, 18.63125806981427, 17.80254194398319, 18.35719247819785, 17.63709968529973, 17.38351625284357, 18.44627168703818, 18.4784949785982, 18.07715297948379, 17.92471275518436, 17.29023644479684, 18.30099569716619, 17.27338725775934, 17.30538106060547, 18.21173421944071, 17.91570599921227, 17.69248307833985, 16.9002385420106, 18.22694712474632, 17.80677462690136, 19.11518011432393, 22131.71078001619], 
current ob forecast is [], 
actual action is [27.5], 
sim time this is 15600.0000, 
sim time next is 16200.0000, 
raw observation next is [8.8, 75.5, 0.0, 0.0, 17.57043017839285, 17.6215589438188, 18.63233864581613, 17.81061774670415, 18.3811758911196, 17.79694767456649, 17.6627271397259, 18.44753991247203, 18.47970660005674, 18.08573140051043, 17.92647014676432, 17.34451807998499, 18.30182260637918, 17.58031684315466, 17.48408025361626, 18.21270241080147, 18.28698689546846, 18.09443325205838, 17.36485014339028, 18.71648938080989, 17.81031529547969, 19.11577760939474, 27.3441451718733, 26.93185224790514, 28.63125806981427, 27.80254194398319, 28.35719247819785, 27.63709968529973, 27.38351625284357, 28.44627168703818, 28.4784949785982, 28.07715297948379, 27.92471275518436, 27.29023644479684, 28.30099569716619, 27.27338725775934, 27.30538106060547, 28.21173421944071, 27.91570599921227, 27.69248307833985, 26.9002385420106, 28.22694712474632, 27.80677462690136, 29.11518011432393, 17.3441451718733, 16.93185224790514, 18.63125806981427, 17.80254194398319, 18.35719247819785, 17.63709968529973, 17.38351625284357, 18.44627168703818, 18.4784949785982, 18.07715297948379, 17.92471275518436, 17.29023644479684, 18.30099569716619, 17.27338725775934, 17.30538106060547, 18.21173421944071, 17.91570599921227, 17.69248307833985, 16.9002385420106, 18.22694712474632, 17.80677462690136, 19.11518011432393, 20521.52163740071], 
processed observation next is [0.0, 0.17391304347826086, 0.49792531120331956, 0.755, 0.0, 0.0, -0.04295698216071493, -0.037844105618119885, 0.06323386458161302, -0.018938225329585022, 0.03811758911196002, -0.020305232543351082, -0.03372728602741013, 0.04475399124720312, 0.04797066000567405, 0.008573140051042927, -0.007352985323568007, -0.065548192001501, 0.030182260637917936, -0.041968315684534116, -0.05159197463837408, 0.021270241080146947, 0.028698689546845912, 0.009443325205837993, -0.06351498566097184, 0.07164893808098896, -0.01896847045203103, 0.11157776093947405, 0.93441451718733, 0.8931852247905141, 1.063125806981427, 0.980254194398319, 1.035719247819785, 0.963709968529973, 0.938351625284357, 1.044627168703818, 1.0478494978598198, 1.0077152979483792, 0.992471275518436, 0.929023644479684, 1.030099569716619, 0.9273387257759339, 0.930538106060547, 1.0211734219440711, 0.9915705999212271, 0.9692483078339851, 0.8900238542010601, 1.0226947124746322, 0.9806774626901358, 1.111518011432393, -0.06558548281266993, -0.1068147752094859, 0.06312580698142689, -0.019745805601681, 0.03571924781978488, -0.03629003147002692, -0.061648374715642974, 0.04462716870381804, 0.047849497859819935, 0.007715297948379174, -0.007528724481564097, -0.07097635552031605, 0.030099569716619, -0.07266127422406612, -0.06946189393945304, 0.02117342194407108, -0.008429400078772886, -0.030751692166014876, -0.10997614579893984, 0.022694712474632082, -0.019322537309864173, 0.11151801143239304, 0.17101268031167258], 
reward next is 0.7948, 
noisyNet noise sample is [array([0.17955914], dtype=float32), 0.052385084]. 
=============================================
[2019-02-22 20:42:32,805] A3C_AGENT_WORKER-Thread-15 DEBUG:Policy network output: [6.3345743e-07 7.9519312e-05 1.2177498e-10 2.3699506e-11 7.5108585e-07
 7.6347384e-08 7.4770856e-10 5.3432018e-07 2.6259419e-09 7.6053892e-09
 3.5581874e-10 1.8933913e-05 3.3705726e-06 2.3672666e-04 3.8083838e-09
 2.6543888e-05 1.1637576e-09 5.4597110e-04 1.0978658e-04 2.8059445e-03
 1.8763121e-08 7.1402093e-07 9.9616760e-01 1.7072045e-06 1.0195098e-06], sum to 1.0000
[2019-02-22 20:42:32,809] A3C_AGENT_WORKER-Thread-15 DEBUG:Softmax action selection sampled number: 0.7341
[2019-02-22 20:42:32,900] A3C_AGENT_WORKER-Thread-15 DEBUG:TRAINING DEBUG INFO ======>>>>>>>>>>>>>>>>>>>>>>>>>>>>>>>>>>>>>>>>>>>>>>>>Current H regulation is 0.0000, 
Environment debug: raw action idx is 22, 
current raw observation is [8.05, 34.33333333333334, 199.3333333333333, 364.3333333333334, 22.73235099209942, 22.40117695919526, 20.22743353764687, 21.81625833107094, 22.98537877953731, 22.06916885244059, 22.41088355392176, 22.95075327942819, 22.57086886251643, 22.68442551628499, 21.95813669601954, 21.87654403193537, 23.37526818296929, 23.5737036772752, 23.3585914273554, 23.15080821526559, 23.95955968872145, 24.03655848577392, 22.75669545100027, 22.87580170110148, 23.2831633615502, 22.25881618995581, 24.44691656238183, 24.39332363917097, 28.17462488311865, 23.76708981395941, 23.87183497405143, 23.67049581179307, 24.40991219014461, 24.16949987587504, 23.60758814604594, 24.13853140310578, 23.5992866890242, 23.30017604800195, 23.91475989178511, 23.58825296559108, 23.53307240017936, 23.42039824109441, 25.40856813433505, 23.9320694100683, 24.73310236449609, 23.5272393012007, 23.23371142690824, 24.19862490762633, 22.44691656238183, 22.39332363917097, 18.17462488311865, 21.76708981395941, 21.87183497405143, 21.67049581179307, 22.40991219014461, 22.16949987587504, 21.60758814604594, 22.13853140310578, 21.5992866890242, 21.30017604800195, 21.91475989178511, 21.58825296559108, 21.53307240017936, 21.42039824109441, 23.40856813433505, 21.9320694100683, 22.73310236449609, 21.5272393012007, 21.23371142690824, 22.19862490762633, 18194.92749288886], 
current ob forecast is [], 
actual action is [29.0], 
sim time this is 137400.0000, 
sim time next is 138000.0000, 
raw observation next is [8.0, 34.66666666666667, 191.1666666666667, 348.1666666666667, 22.64528382922782, 22.39747925816517, 20.39588427601933, 21.84326578190706, 23.05148254046096, 22.09023321297875, 22.41028263435404, 22.97553526832278, 22.61368282994316, 22.77143575782714, 21.98522972759437, 21.83132586057751, 23.43774586466447, 23.65851982569997, 23.43803525541992, 23.171623296875, 24.06282280819749, 24.13232702401817, 22.73405029389738, 22.92430061267575, 23.35917898818619, 22.2737050575348, 24.44691656238183, 24.39332363917097, 28.17462488311865, 23.76708981395941, 23.87183497405143, 23.67049581179307, 24.40991219014461, 24.16949987587504, 23.60758814604594, 24.13853140310578, 23.5992866890242, 23.30017604800195, 23.91475989178511, 23.58825296559108, 23.53307240017936, 23.42039824109441, 25.40856813433505, 23.9320694100683, 24.73310236449609, 23.5272393012007, 23.23371142690824, 24.19862490762633, 22.44691656238183, 22.39332363917097, 18.17462488311865, 21.76708981395941, 21.87183497405143, 21.67049581179307, 22.40991219014461, 22.16949987587504, 21.60758814604594, 22.13853140310578, 21.5992866890242, 21.30017604800195, 21.91475989178511, 21.58825296559108, 21.53307240017936, 21.42039824109441, 23.40856813433505, 21.9320694100683, 22.73310236449609, 21.5272393012007, 21.23371142690824, 22.19862490762633, 18263.61320141189], 
processed observation next is [1.0, 0.6086956521739131, 0.46473029045643155, 0.34666666666666673, 0.42671130952380965, 0.4048449612403101, 0.46452838292278215, 0.439747925816517, 0.23958842760193305, 0.38432657819070604, 0.505148254046096, 0.4090233212978749, 0.441028263435404, 0.497553526832278, 0.46136828299431587, 0.4771435757827138, 0.39852297275943693, 0.38313258605775113, 0.5437745864664472, 0.5658519825699969, 0.543803525541992, 0.5171623296875001, 0.6062822808197492, 0.613232702401817, 0.47340502938973794, 0.49243006126757505, 0.5359178988186191, 0.4273705057534801, 0.644691656238183, 0.6393323639170969, 1.017462488311865, 0.5767089813959408, 0.5871834974051431, 0.567049581179307, 0.640991219014461, 0.616949987587504, 0.5607588146045941, 0.613853140310578, 0.5599286689024201, 0.5300176048001951, 0.591475989178511, 0.5588252965591082, 0.5533072400179361, 0.5420398241094411, 0.7408568134335048, 0.5932069410068301, 0.6733102364496091, 0.5527239301200702, 0.523371142690824, 0.6198624907626329, 0.44469165623818296, 0.4393323639170969, 0.017462488311864987, 0.3767089813959409, 0.38718349740514313, 0.3670495811793071, 0.440991219014461, 0.416949987587504, 0.36075881460459414, 0.413853140310578, 0.35992866890242003, 0.33001760480019515, 0.391475989178511, 0.35882529655910816, 0.35330724001793606, 0.34203982410944106, 0.5408568134335049, 0.3932069410068301, 0.47331023644960907, 0.35272393012007014, 0.323371142690824, 0.4198624907626328, 0.1521967766784324], 
reward next is 0.6171, 
noisyNet noise sample is [array([-0.23131004], dtype=float32), 0.79271156]. 
=============================================
[2019-02-22 20:42:32,924] A3C_AGENT_WORKER-Thread-15 DEBUG:Value prediction is [[101.11899]
 [100.70572]
 [100.03333]
 [ 99.39078]
 [ 98.95571]], R is [[100.70900726]
 [100.41548157]
 [ 99.81938171]
 [ 99.54431152]
 [ 99.20458221]].
[2019-02-22 20:42:35,279] A3C_AGENT_WORKER-Thread-9 DEBUG:Policy network output: [1.4208886e-05 3.0100657e-04 1.9093367e-08 1.6092946e-09 2.7787867e-06
 7.0351933e-07 2.5966099e-07 1.6972579e-05 1.2547419e-07 9.5389119e-08
 5.1282467e-09 2.4888321e-04 3.5618064e-05 1.7021655e-03 8.8553470e-08
 2.9016007e-06 5.2319864e-09 9.9523252e-01 2.5994421e-05 2.2924349e-03
 5.9947627e-07 5.6339622e-06 9.5744523e-05 1.1170064e-05 1.0061571e-05], sum to 1.0000
[2019-02-22 20:42:35,285] A3C_AGENT_WORKER-Thread-9 DEBUG:Softmax action selection sampled number: 0.4203
[2019-02-22 20:42:35,375] A3C_AGENT_WORKER-Thread-9 DEBUG:TRAINING DEBUG INFO ======>>>>>>>>>>>>>>>>>>>>>>>>>>>>>>>>>>>>>>>>>>>>>>>>Current H regulation is 0.0000, 
Environment debug: raw action idx is 17, 
current raw observation is [0.7, 87.0, 0.0, 0.0, 17.80519939779958, 18.50706576032681, 18.04307823144784, 18.05834377444027, 18.40077403463816, 17.79589776508678, 17.85165320451542, 18.02127310901763, 17.89117947171034, 17.89543982877639, 18.60792563520581, 19.15129805291776, 18.15772227676579, 18.10555752921124, 18.36459646537214, 17.7640350046243, 18.58348164052681, 17.8162716703607, 17.82097235650749, 18.42071164253079, 17.63038420495782, 18.16120923563658, 27.34081998835417, 28.507450332938, 28.04247895400595, 28.05837634201827, 27.69662325128364, 27.60927851002072, 27.85165590306982, 28.02125618582822, 27.89124038599536, 27.89543473056722, 28.60808017185629, 29.15123355835021, 28.15775419507594, 28.10546447630895, 28.36461120192476, 27.76422650402372, 28.58265704380063, 27.27759916210605, 27.82097194743992, 28.42068496052928, 27.63047104525612, 28.16115304402996, 17.34081998835417, 18.507450332938, 18.04247895400595, 18.05837634201827, 17.69662325128364, 17.60927851002072, 17.85165590306982, 18.02125618582822, 17.89124038599536, 17.89543473056722, 18.60808017185629, 19.15123355835021, 18.15775419507594, 18.10546447630895, 18.36461120192476, 17.76422650402372, 18.58265704380063, 17.27759916210605, 17.82097194743992, 18.42068496052928, 17.63047104525612, 18.16115304402996, 28405.88678309236], 
current ob forecast is [], 
actual action is [26.5], 
sim time this is 187200.0000, 
sim time next is 187800.0000, 
raw observation next is [0.6666666666666667, 87.33333333333333, 0.0, 0.0, 18.56209746447922, 18.35912355470892, 18.67768855626346, 18.75855222106054, 18.47012730571063, 18.35710861283058, 18.24282664936155, 17.82536687665199, 18.38963185859251, 17.68227318174793, 18.36380352263077, 19.30160198528145, 17.70465567848066, 17.5439238279786, 17.63592536588408, 17.40830216584012, 18.36625187838456, 18.54359933872555, 17.84013344368074, 18.40078097759251, 17.09718001634171, 18.58173978864125, 28.49307541737802, 28.34901800664614, 28.64511396007574, 28.73019005615297, 27.98627987771164, 28.29626163672922, 28.23272308618319, 27.79247609160038, 28.37120020569322, 27.60840622182746, 28.34237502292426, 29.30319050815546, 27.55794606055953, 27.26096393925089, 27.2539948887941, 27.35585622262916, 27.89162575007256, 28.54849975571344, 27.8401350839768, 28.40055746873549, 26.75754675230349, 28.58711250788383, 18.49307541737802, 18.34901800664614, 18.64511396007574, 18.73019005615297, 17.98627987771164, 18.29626163672922, 18.23272308618319, 17.79247609160038, 18.37120020569322, 17.60840622182746, 18.34237502292426, 19.30319050815546, 17.55794606055953, 17.26096393925089, 17.2539948887941, 17.35585622262916, 17.89162575007256, 18.54849975571344, 17.8401350839768, 18.40055746873549, 16.75754675230349, 18.58711250788383, 31691.725485561], 
processed observation next is [1.0, 0.17391304347826086, 0.1604426002766252, 0.8733333333333333, 0.0, 0.0, 0.05620974644792191, 0.03591235547089191, 0.06776885562634583, 0.07585522210605404, 0.04701273057106299, 0.035710861283057935, 0.02428266493615503, -0.017463312334800918, 0.03896318585925087, -0.031772681825206914, 0.03638035226307714, 0.1301601985281451, -0.029534432151934097, -0.045607617202140106, -0.036407463411591935, -0.05916978341598807, 0.03662518783845599, 0.05435993387255493, -0.015986655631925827, 0.040078097759251106, -0.090281998365829, 0.05817397886412508, 1.049307541737802, 1.034901800664614, 1.064511396007574, 1.073019005615297, 0.9986279877711641, 1.029626163672922, 1.0232723086183189, 0.9792476091600382, 1.037120020569322, 0.9608406221827461, 1.034237502292426, 1.130319050815546, 0.955794606055953, 0.9260963939250889, 0.92539948887941, 0.9355856222629161, 0.989162575007256, 1.054849975571344, 0.9840135083976801, 1.040055746873549, 0.875754675230349, 1.0587112507883831, 0.04930754173780194, 0.034901800664614055, 0.06451139600757401, 0.07301900561529706, -0.0013720122288358283, 0.02962616367292199, 0.02327230861831886, -0.020752390839961877, 0.037120020569322065, -0.03915937781725383, 0.03423750229242586, 0.13031905081554598, -0.04420539394404699, -0.07390360607491112, -0.07460051112058999, -0.06441437773708394, -0.010837424992744005, 0.05484997557134399, -0.01598649160231993, 0.04005574687354887, -0.12424532476965097, 0.05871125078838304, 0.264097712379675], 
reward next is 0.6777, 
noisyNet noise sample is [array([-0.47947893], dtype=float32), 0.14397739]. 
=============================================
[2019-02-22 20:42:36,956] A3C_AGENT_WORKER-Thread-9 DEBUG:Policy network output: [4.2143083e-04 1.5519107e-03 1.1289022e-05 1.6213668e-06 1.9911055e-04
 6.5844928e-05 2.9351391e-05 2.9848886e-03 1.9866264e-05 1.9785171e-05
 1.5176516e-05 1.6153100e-03 2.2288789e-03 7.6796629e-02 1.3385784e-05
 7.5785641e-04 3.5353876e-06 7.2855484e-01 6.7351265e-03 2.5655085e-02
 1.3605173e-04 1.0705385e-04 1.5156052e-01 2.6376240e-04 2.5169045e-04], sum to 1.0000
[2019-02-22 20:42:36,958] A3C_AGENT_WORKER-Thread-9 DEBUG:Softmax action selection sampled number: 0.4681
[2019-02-22 20:42:36,975] A3C_AGENT_WORKER-Thread-9 DEBUG:TRAINING DEBUG INFO ======>>>>>>>>>>>>>>>>>>>>>>>>>>>>>>>>>>>>>>>>>>>>>>>>Current H regulation is 0.0000, 
Environment debug: raw action idx is 17, 
current raw observation is [7.699999999999999, 53.5, 268.0, 368.3333333333333, 22.21054929240574, 22.41764655989485, 19.96276298992251, 22.66824449975589, 22.09687448815156, 22.2403499485614, 23.2248373109096, 22.6615290540932, 22.11765518665726, 21.54563777518962, 22.01763125834767, 21.87338362221379, 22.09934703803035, 22.32460839909105, 22.45321980615599, 21.69509918367326, 22.29914375803258, 23.35862171640943, 20.81783998651107, 22.27384297905031, 21.74207030165398, 21.63298158683212, 24.20852509380297, 24.41391106019251, 27.84603207605815, 24.66704463068638, 24.02335737055318, 24.23906960210467, 25.22418282585753, 24.66041211388181, 24.11672680279494, 23.15570254188876, 24.01609138833465, 23.87318512638793, 24.09716849464589, 24.32316512692675, 24.45254791179493, 23.39433318948958, 23.88272546080909, 25.35216978383901, 22.58788931867427, 24.27375863474459, 23.28727786111617, 23.63265910440973, 22.20852509380297, 22.41391106019251, 17.84603207605815, 22.66704463068638, 22.02335737055318, 22.23906960210467, 23.22418282585753, 22.66041211388181, 22.11672680279494, 21.15570254188876, 22.01609138833465, 21.87318512638793, 22.09716849464589, 22.32316512692675, 22.45254791179493, 21.39433318948958, 21.88272546080909, 23.35216978383901, 20.58788931867427, 22.27375863474459, 21.28727786111617, 21.63265910440973, 25382.32725959186], 
current ob forecast is [], 
actual action is [26.5], 
sim time this is 219000.0000, 
sim time next is 219600.0000, 
raw observation next is [7.8, 53.0, 262.5, 370.5, 22.21082184338574, 22.41827609359246, 20.10727506167596, 22.66827039004488, 22.22447105637331, 22.24046358820778, 23.22480409316688, 22.6615031676631, 22.11764447905023, 21.58197355310698, 22.01781201178509, 21.87336665781999, 22.11232599246168, 22.32417124002367, 22.45321687896755, 21.72726161402747, 22.46364449684405, 23.35979193255189, 20.69337714048255, 22.27381888992067, 21.72078156507795, 21.63297291474188, 24.20852509380297, 24.41391106019251, 27.84603207605815, 24.66704463068638, 24.02335737055318, 24.23906960210467, 25.22418282585753, 24.66041211388181, 24.11672680279494, 23.15570254188876, 24.01609138833465, 23.87318512638793, 24.09716849464589, 24.32316512692675, 24.45254791179493, 23.39433318948958, 23.88272546080909, 25.35216978383901, 22.58788931867427, 24.27375863474459, 23.28727786111617, 23.63265910440973, 22.20852509380297, 22.41391106019251, 17.84603207605815, 22.66704463068638, 22.02335737055318, 22.23906960210467, 23.22418282585753, 22.66041211388181, 22.11672680279494, 21.15570254188876, 22.01609138833465, 21.87318512638793, 22.09716849464589, 22.32316512692675, 22.45254791179493, 21.39433318948958, 21.88272546080909, 23.35216978383901, 20.58788931867427, 22.27375863474459, 21.28727786111617, 21.63265910440973, 23485.9985291538], 
processed observation next is [1.0, 0.5652173913043478, 0.4564315352697096, 0.53, 0.5859375, 0.4308139534883721, 0.4210821843385741, 0.44182760935924603, 0.210727506167596, 0.46682703900448813, 0.42244710563733107, 0.4240463588207781, 0.5224804093166882, 0.4661503167663099, 0.4117644479050231, 0.358197355310698, 0.40178120117850896, 0.38733666578199893, 0.4112325992461681, 0.432417124002367, 0.44532168789675486, 0.37272616140274695, 0.4463644496844051, 0.535979193255189, 0.269337714048255, 0.4273818889920669, 0.37207815650779497, 0.3632972914741881, 0.6208525093802969, 0.6413911060192511, 0.9846032076058151, 0.6667044630686381, 0.6023357370553182, 0.6239069602104671, 0.7224182825857529, 0.6660412113881812, 0.611672680279494, 0.5155702541888761, 0.6016091388334651, 0.5873185126387931, 0.6097168494645888, 0.632316512692675, 0.645254791179493, 0.539433318948958, 0.5882725460809091, 0.735216978383901, 0.45878893186742714, 0.6273758634744588, 0.528727786111617, 0.563265910440973, 0.4208525093802969, 0.44139110601925113, -0.0153967923941849, 0.466704463068638, 0.40233573705531817, 0.4239069602104671, 0.5224182825857528, 0.46604121138818116, 0.411672680279494, 0.31557025418887613, 0.4016091388334651, 0.3873185126387931, 0.40971684946458886, 0.43231651269267496, 0.445254791179493, 0.3394333189489579, 0.3882725460809091, 0.5352169783839009, 0.25878893186742713, 0.42737586347445883, 0.328727786111617, 0.3632659104409729, 0.195716654409615], 
reward next is 0.7651, 
noisyNet noise sample is [array([-0.35079452], dtype=float32), 0.018039733]. 
=============================================
[2019-02-22 20:42:40,463] A3C_AGENT_WORKER-Thread-8 INFO:Local step 500, global step 7857: loss 2.5830
[2019-02-22 20:42:40,508] A3C_AGENT_WORKER-Thread-8 DEBUG:Local step 500, global step 7857: learning rate 0.0005
[2019-02-22 20:42:40,620] A3C_AGENT_WORKER-Thread-10 INFO:Local step 500, global step 7921: loss 0.6123
[2019-02-22 20:42:40,623] A3C_AGENT_WORKER-Thread-10 DEBUG:Local step 500, global step 7923: learning rate 0.0005
[2019-02-22 20:42:40,635] A3C_AGENT_WORKER-Thread-11 INFO:Local step 500, global step 7932: loss 1.0883
[2019-02-22 20:42:40,636] A3C_AGENT_WORKER-Thread-11 DEBUG:Local step 500, global step 7933: learning rate 0.0005
[2019-02-22 20:42:40,671] A3C_AGENT_WORKER-Thread-13 INFO:Local step 500, global step 7944: loss 0.0586
[2019-02-22 20:42:40,671] A3C_AGENT_WORKER-Thread-4 INFO:Local step 500, global step 7944: loss 0.0532
[2019-02-22 20:42:40,673] A3C_AGENT_WORKER-Thread-4 DEBUG:Local step 500, global step 7944: learning rate 0.0005
[2019-02-22 20:42:40,673] A3C_AGENT_WORKER-Thread-13 DEBUG:Local step 500, global step 7944: learning rate 0.0005
[2019-02-22 20:42:40,697] A3C_AGENT_WORKER-Thread-3 INFO:Local step 500, global step 7961: loss 0.0853
[2019-02-22 20:42:40,698] A3C_AGENT_WORKER-Thread-3 DEBUG:Local step 500, global step 7961: learning rate 0.0005
[2019-02-22 20:42:40,749] A3C_AGENT_WORKER-Thread-6 INFO:Local step 500, global step 7987: loss 0.1123
[2019-02-22 20:42:40,762] A3C_AGENT_WORKER-Thread-12 INFO:Local step 500, global step 7991: loss 0.1594
[2019-02-22 20:42:40,762] A3C_AGENT_WORKER-Thread-6 DEBUG:Local step 500, global step 7991: learning rate 0.0005
[2019-02-22 20:42:40,763] A3C_AGENT_WORKER-Thread-12 DEBUG:Local step 500, global step 7991: learning rate 0.0005
[2019-02-22 20:42:40,776] A3C_AGENT_WORKER-Thread-9 INFO:Local step 500, global step 8001: loss 0.3448
[2019-02-22 20:42:40,778] A3C_AGENT_WORKER-Thread-9 DEBUG:Local step 500, global step 8003: learning rate 0.0005
[2019-02-22 20:42:40,799] A3C_AGENT_WORKER-Thread-2 INFO:Local step 500, global step 8013: loss 0.3409
[2019-02-22 20:42:40,799] A3C_AGENT_WORKER-Thread-16 INFO:Local step 500, global step 8013: loss 0.4321
[2019-02-22 20:42:40,803] A3C_AGENT_WORKER-Thread-7 INFO:Local step 500, global step 8015: loss 0.2105
[2019-02-22 20:42:40,804] A3C_AGENT_WORKER-Thread-16 DEBUG:Local step 500, global step 8015: learning rate 0.0005
[2019-02-22 20:42:40,805] A3C_AGENT_WORKER-Thread-7 DEBUG:Local step 500, global step 8015: learning rate 0.0005
[2019-02-22 20:42:40,806] A3C_AGENT_WORKER-Thread-2 DEBUG:Local step 500, global step 8015: learning rate 0.0005
[2019-02-22 20:42:40,852] A3C_AGENT_WORKER-Thread-17 INFO:Local step 500, global step 8038: loss 0.3366
[2019-02-22 20:42:40,853] A3C_AGENT_WORKER-Thread-17 DEBUG:Local step 500, global step 8040: learning rate 0.0005
[2019-02-22 20:42:40,923] A3C_AGENT_WORKER-Thread-15 INFO:Local step 500, global step 8075: loss 0.2193
[2019-02-22 20:42:40,926] A3C_AGENT_WORKER-Thread-14 INFO:Local step 500, global step 8075: loss 0.0748
[2019-02-22 20:42:40,928] A3C_AGENT_WORKER-Thread-15 DEBUG:Local step 500, global step 8075: learning rate 0.0005
[2019-02-22 20:42:40,930] A3C_AGENT_WORKER-Thread-14 DEBUG:Local step 500, global step 8077: learning rate 0.0005
[2019-02-22 20:42:40,974] A3C_AGENT_WORKER-Thread-5 INFO:Local step 500, global step 8102: loss 0.0560
[2019-02-22 20:42:40,975] A3C_AGENT_WORKER-Thread-5 DEBUG:Local step 500, global step 8102: learning rate 0.0005
[2019-02-22 20:42:41,971] A3C_AGENT_WORKER-Thread-15 DEBUG:Policy network output: [1.6823207e-10 5.8547070e-11 2.4570219e-15 3.8515378e-18 9.0786025e-12
 4.5871956e-12 2.3322750e-13 2.1599129e-09 1.2316186e-12 3.0049697e-14
 3.7298981e-15 9.9999762e-01 4.8627502e-10 1.0431721e-06 1.1474349e-15
 2.1745054e-12 6.5416789e-16 1.2275253e-06 8.4064107e-09 1.4011280e-08
 1.5624996e-11 4.9947251e-12 6.9488820e-08 4.3293893e-12 2.8402339e-10], sum to 1.0000
[2019-02-22 20:42:41,972] A3C_AGENT_WORKER-Thread-15 DEBUG:Softmax action selection sampled number: 0.3502
[2019-02-22 20:42:41,984] A3C_AGENT_WORKER-Thread-15 DEBUG:TRAINING DEBUG INFO ======>>>>>>>>>>>>>>>>>>>>>>>>>>>>>>>>>>>>>>>>>>>>>>>>Current H regulation is 0.0000, 
Environment debug: raw action idx is 11, 
current raw observation is [10.48333333333333, 78.0, 0.0, 0.0, 22.49125448326512, 22.3381428514459, 19.80795794427485, 22.29347919555142, 23.11269665226869, 22.36563284406033, 22.16527696390038, 22.93168960821988, 22.19767617838223, 22.6900893164758, 22.05503270888256, 21.94540425598023, 22.45487668721619, 22.55817008938806, 22.41689457241348, 22.66889028693627, 23.31307289945986, 23.56341616247239, 22.01745233057808, 22.49350500305725, 22.2927350614256, 22.0719692177934, 24.05566115509823, 23.0464175665109, 28.62763299392238, 24.17914985148147, 23.97014270514614, 24.34784364062597, 24.15809642539453, 24.8316756856855, 24.01308065571323, 24.65484486787488, 23.55148524924961, 23.92568312147399, 24.43323852090164, 23.26476967698697, 23.09581000608743, 24.57323325619812, 23.29925433513396, 24.42863550840499, 23.97385882516409, 24.47124434541404, 23.75789209931775, 23.88173423882196, 22.05566115509823, 21.0464175665109, 18.62763299392238, 22.17914985148147, 21.97014270514614, 22.34784364062597, 22.15809642539453, 22.8316756856855, 22.01308065571323, 22.65484486787488, 21.55148524924961, 21.92568312147399, 22.43323852090164, 21.26476967698697, 21.09581000608743, 22.57323325619812, 21.29925433513396, 22.42863550840499, 21.97385882516409, 22.47124434541404, 21.75789209931775, 21.88173423882196, 15803.36075802438], 
current ob forecast is [], 
actual action is [23.5], 
sim time this is 321000.0000, 
sim time next is 321600.0000, 
raw observation next is [10.36666666666667, 79.0, 0.0, 0.0, 22.13054077752827, 21.47221000288466, 19.79345271378478, 22.18269883923349, 22.23630402271277, 22.34925033941609, 22.15850569742737, 22.82757486857384, 22.01841864762632, 22.65407616482757, 21.7171632997779, 21.92601303575596, 22.43435810103023, 22.09931377869063, 21.96735974188007, 22.56686309299316, 22.50972292667019, 22.71968522726305, 21.97468322855845, 22.4717665035435, 21.91512213080672, 21.88434309114498, 24.05566115509823, 23.0464175665109, 28.62763299392238, 24.17914985148147, 23.97014270514614, 24.34784364062597, 24.15809642539453, 24.8316756856855, 24.01308065571323, 24.65484486787488, 23.55148524924961, 23.92568312147399, 24.43323852090164, 23.26476967698697, 23.09581000608743, 24.57323325619812, 23.29925433513396, 24.42863550840499, 23.97385882516409, 24.47124434541404, 23.75789209931775, 23.88173423882196, 22.05566115509823, 21.0464175665109, 18.62763299392238, 22.17914985148147, 21.97014270514614, 22.34784364062597, 22.15809642539453, 22.8316756856855, 22.01308065571323, 22.65484486787488, 21.55148524924961, 21.92568312147399, 22.43323852090164, 21.26476967698697, 21.09581000608743, 22.57323325619812, 21.29925433513396, 22.42863550840499, 21.97385882516409, 22.47124434541404, 21.75789209931775, 21.88173423882196, 22124.42185201374], 
processed observation next is [1.0, 0.7391304347826086, 0.562932226832642, 0.79, 0.0, 0.0, 0.4130540777528271, 0.3472210002884658, 0.17934527137847808, 0.41826988392334885, 0.4236304022712769, 0.43492503394160914, 0.41585056974273693, 0.48275748685738407, 0.40184186476263195, 0.46540761648275686, 0.37171632997779014, 0.3926013035755961, 0.4434358101030231, 0.40993137786906286, 0.39673597418800705, 0.456686309299316, 0.45097229266701894, 0.47196852272630496, 0.3974683228558451, 0.4471766503543499, 0.39151221308067186, 0.38843430911449806, 0.6055661155098232, 0.50464175665109, 1.062763299392238, 0.6179149851481469, 0.5970142705146142, 0.6347843640625971, 0.6158096425394529, 0.68316756856855, 0.6013080655713232, 0.6654844867874878, 0.5551485249249609, 0.5925683121473991, 0.643323852090164, 0.5264769676986969, 0.5095810006087429, 0.6573233256198119, 0.5299254335133959, 0.6428635508404991, 0.597385882516409, 0.6471244345414039, 0.5757892099317751, 0.588173423882196, 0.4055661155098232, 0.30464175665109006, 0.06276329939223793, 0.4179149851481469, 0.39701427051461413, 0.43478436406259713, 0.4158096425394529, 0.48316756856855003, 0.40130806557132315, 0.46548448678748783, 0.3551485249249609, 0.3925683121473991, 0.44332385209016395, 0.3264769676986969, 0.30958100060874294, 0.45732332561981187, 0.3299254335133959, 0.4428635508404991, 0.397385882516409, 0.44712443454140394, 0.37578920993177506, 0.38817342388219594, 0.1843701821001145], 
reward next is 0.7724, 
noisyNet noise sample is [array([0.18670012], dtype=float32), 1.1369689]. 
=============================================
[2019-02-22 20:42:43,754] A3C_AGENT_WORKER-Thread-11 DEBUG:Policy network output: [5.16987653e-09 1.94865390e-09 1.40327833e-10 9.07449978e-14
 2.62842970e-09 1.05972444e-11 1.07153793e-10 8.30872438e-08
 1.40172152e-10 7.12365583e-12 3.14743864e-13 9.99935746e-01
 6.61087185e-09 8.94002426e-07 1.33112800e-11 2.98167220e-11
 1.41803485e-12 4.90448365e-05 1.50530198e-07 1.29350874e-05
 8.70256578e-09 1.66512526e-10 9.87874159e-07 3.52215523e-09
 4.47197968e-09], sum to 1.0000
[2019-02-22 20:42:43,758] A3C_AGENT_WORKER-Thread-11 DEBUG:Softmax action selection sampled number: 0.3248
[2019-02-22 20:42:43,849] A3C_AGENT_WORKER-Thread-11 DEBUG:TRAINING DEBUG INFO ======>>>>>>>>>>>>>>>>>>>>>>>>>>>>>>>>>>>>>>>>>>>>>>>>Current H regulation is 0.0000, 
Environment debug: raw action idx is 11, 
current raw observation is [5.0, 93.0, 0.0, 0.0, 18.18014932975655, 18.96357468643359, 18.0335328302594, 17.97263081804669, 18.51476110353765, 18.04725344464148, 18.79165882250834, 17.77064919965808, 17.7072655201667, 17.47816690713583, 17.61108354490814, 18.51126014160164, 17.14977249815717, 17.42823495462028, 17.157260068845, 19.16186481722439, 18.35794547439921, 17.98656880243161, 18.70523621195727, 18.19661495163853, 17.85521483789127, 17.08753785334208, 27.84858872655697, 28.96395410325054, 27.92005068103, 27.79224539380738, 28.41146336430231, 27.97779272254749, 28.79163482644533, 27.44539831539815, 27.49203566634883, 27.4690793037335, 27.61126478355635, 28.51121499221911, 27.14680672744172, 27.4283223691168, 27.15506391473001, 29.16190821739725, 28.351301097832, 27.98552771402884, 28.70520041477017, 28.19659797937983, 27.85526214701706, 27.08756166916381, 17.84858872655697, 18.96395410325054, 17.92005068103, 17.79224539380738, 18.41146336430231, 17.97779272254749, 18.79163482644533, 17.44539831539815, 17.49203566634883, 17.4690793037335, 17.61126478355635, 18.51121499221911, 17.14680672744172, 17.4283223691168, 17.15506391473001, 19.16190821739725, 18.351301097832, 17.98552771402884, 18.70520041477017, 18.19659797937983, 17.85526214701706, 17.08756166916381, 23611.69397380035], 
current ob forecast is [], 
actual action is [23.5], 
sim time this is 367200.0000, 
sim time next is 367800.0000, 
raw observation next is [4.966666666666667, 93.0, 0.0, 0.0, 18.52084428500859, 18.60540639929042, 18.70479068794861, 18.1029731116406, 18.66280619055195, 18.07196220772285, 18.42269614301948, 19.12230077083749, 18.88417841549315, 18.07104890887108, 17.8823075009272, 18.22705995742915, 17.39382357922963, 18.12419857257677, 17.44439756358446, 18.40729574892271, 18.26834457049508, 17.92992758728893, 18.2249219326934, 18.48590149372347, 17.81093161754413, 18.26009953658317, 28.49608982540391, 27.71797459109039, 28.6321590934076, 28.08610600246567, 27.57712237229048, 27.74134907359464, 28.34536919117012, 29.00347095927657, 28.74876860528208, 28.01299945188959, 27.86909467410873, 28.21066668263403, 27.36809398191331, 28.09673339705984, 27.42219584123985, 28.24901989855423, 26.87516764428843, 27.82010041191766, 28.10054767748334, 28.48910093272118, 27.81002630695507, 28.13391497857857, 18.49608982540391, 17.71797459109039, 18.6321590934076, 18.08610600246567, 17.57712237229048, 17.74134907359464, 18.34536919117012, 19.00347095927657, 18.74876860528208, 18.01299945188959, 17.86909467410873, 18.21066668263403, 17.36809398191331, 18.09673339705984, 17.42219584123985, 18.24901989855423, 16.87516764428843, 17.82010041191766, 18.10054767748334, 18.48910093272118, 17.81002630695507, 18.13391497857857, 29768.88636579023], 
processed observation next is [1.0, 0.2608695652173913, 0.33886583679114807, 0.93, 0.0, 0.0, 0.05208442850085895, 0.060540639929041976, 0.07047906879486092, 0.01029731116406012, 0.06628061905519508, 0.007196220772285144, 0.04226961430194791, 0.11223007708374907, 0.08841784154931495, 0.007104890887108084, -0.0117692499072799, 0.022705995742915163, -0.060617642077037105, 0.01241985725767698, -0.055560243641554055, 0.040729574892271005, 0.026834457049508133, -0.007007241271107034, 0.022492193269340176, 0.04859014937234711, -0.018906838245586855, 0.02600995365831693, 1.049608982540391, 0.9717974591090389, 1.06321590934076, 1.008610600246567, 0.9577122372290479, 0.9741349073594641, 1.0345369191170122, 1.100347095927657, 1.074876860528208, 1.001299945188959, 0.986909467410873, 1.021066668263403, 0.9368093981913311, 1.009673339705984, 0.9422195841239851, 1.024901989855423, 0.8875167644288432, 0.982010041191766, 1.010054767748334, 1.0489100932721178, 0.981002630695507, 1.013391497857857, 0.04960898254039101, -0.0282025408909611, 0.06321590934076013, 0.008610600246566947, -0.04228776277095214, -0.02586509264053589, 0.034536919117012135, 0.10034709592765693, 0.07487686052820805, 0.0012999451889591286, -0.01309053258912698, 0.021066668263403088, -0.06319060180866884, 0.009673339705983964, -0.05778041587601486, 0.02490198985542307, -0.11248323557115683, -0.017989958808233907, 0.010054767748334114, 0.048910093272117906, -0.018997369304493007, 0.013391497857857005, 0.24807405304825192], 
reward next is 0.6991, 
noisyNet noise sample is [array([0.7808801], dtype=float32), 1.827225]. 
=============================================
[2019-02-22 20:42:45,671] A3C_AGENT_WORKER-Thread-7 DEBUG:Policy network output: [2.8632879e-08 4.3285864e-09 2.5169540e-11 9.9635639e-14 4.3990900e-10
 1.6818158e-11 6.3274737e-12 8.8582553e-08 4.0177051e-10 9.4830865e-10
 6.7626195e-12 9.9987924e-01 5.8454726e-09 1.1183888e-06 1.3561617e-11
 5.7963084e-10 9.2108016e-14 6.3940955e-05 2.6597611e-06 1.7406473e-05
 6.2695638e-10 2.1066683e-10 3.5423429e-05 1.6113169e-08 2.1151365e-09], sum to 1.0000
[2019-02-22 20:42:45,676] A3C_AGENT_WORKER-Thread-7 DEBUG:Softmax action selection sampled number: 0.0233
[2019-02-22 20:42:45,781] A3C_AGENT_WORKER-Thread-7 DEBUG:TRAINING DEBUG INFO ======>>>>>>>>>>>>>>>>>>>>>>>>>>>>>>>>>>>>>>>>>>>>>>>>Current H regulation is 0.0000, 
Environment debug: raw action idx is 11, 
current raw observation is [6.0, 86.0, 4.166666666666667, 0.0, 22.8950229894644, 21.68675135835248, 18.67495580069824, 21.3851292510548, 22.11386100098977, 21.79863950342745, 22.4824924854703, 22.03972378817546, 22.15536951819631, 21.46418998051333, 21.41685799166037, 22.8287897548468, 22.12224186487949, 22.28806535172959, 21.14175550445358, 21.23461755731656, 22.51118871538482, 22.26963176678071, 21.97449773348405, 21.99365918173881, 21.5560244515048, 21.94889761690253, 24.89248491223369, 23.68349261922575, 28.67185396731485, 23.16514887034797, 24.06825653308744, 23.79679184686007, 24.48150692288682, 24.03771212164907, 24.15310700880796, 23.46378367417058, 23.41584875541406, 24.82839671196455, 24.12092332203446, 24.28640099613977, 23.14033558248394, 23.23327354867984, 23.58305811691468, 23.42147117226976, 23.97401010270461, 23.99349636892558, 23.55453815981873, 23.94814702222295, 22.89248491223369, 21.68349261922575, 18.67185396731485, 21.16514887034797, 22.06825653308744, 21.79679184686007, 22.48150692288682, 22.03771212164907, 22.15310700880796, 21.46378367417058, 21.41584875541406, 22.82839671196455, 22.12092332203446, 22.28640099613977, 21.14033558248394, 21.23327354867984, 21.58305811691468, 21.42147117226976, 21.97401010270461, 21.99349636892558, 21.55453815981873, 21.94814702222295, 25944.47794998288], 
current ob forecast is [], 
actual action is [23.5], 
sim time this is 405600.0000, 
sim time next is 406200.0000, 
raw observation next is [6.0, 86.0, 3.333333333333334, 0.0, 22.88468527508654, 21.67221972014719, 18.67176496080971, 21.25820730272608, 22.23428581796241, 21.79057227846893, 22.47983668383208, 22.03217862111061, 22.14735704529714, 21.46267664807205, 21.41245896834312, 22.82771253339724, 22.11745125775329, 22.2825666885633, 21.13702541771523, 21.22867050629463, 22.46654058286034, 22.23694888852613, 21.97316297291268, 21.99373484273279, 21.55011988544973, 21.94616708558255, 24.89248491223369, 23.68349261922575, 28.67185396731485, 23.16514887034797, 24.06825653308744, 23.79679184686007, 24.48150692288682, 24.03771212164907, 24.15310700880796, 23.46378367417058, 23.41584875541406, 24.82839671196455, 24.12092332203446, 24.28640099613977, 23.14033558248394, 23.23327354867984, 23.58305811691468, 23.42147117226976, 23.97401010270461, 23.99349636892558, 23.55453815981873, 23.94814702222295, 22.89248491223369, 21.68349261922575, 18.67185396731485, 21.16514887034797, 22.06825653308744, 21.79679184686007, 22.48150692288682, 22.03771212164907, 22.15310700880796, 21.46378367417058, 21.41584875541406, 22.82839671196455, 22.12092332203446, 22.28640099613977, 21.14033558248394, 21.23327354867984, 21.58305811691468, 21.42147117226976, 21.97401010270461, 21.99349636892558, 21.55453815981873, 21.94814702222295, 26239.99203165579], 
processed observation next is [1.0, 0.6956521739130435, 0.38174273858921165, 0.86, 0.007440476190476192, 0.0, 0.48846852750865394, 0.367221972014719, 0.06717649608097105, 0.3258207302726081, 0.4234285817962409, 0.3790572278468929, 0.44798366838320797, 0.40321786211106103, 0.41473570452971414, 0.3462676648072051, 0.34124589683431206, 0.4827712533397239, 0.4117451257753292, 0.42825666885632996, 0.3137025417715229, 0.322867050629463, 0.446654058286034, 0.4236948888526129, 0.3973162972912679, 0.39937348427327884, 0.35501198854497285, 0.39461670855825515, 0.6892484912233691, 0.568349261922575, 1.0671853967314848, 0.516514887034797, 0.6068256533087439, 0.5796791846860071, 0.6481506922886819, 0.6037712121649068, 0.6153107008807961, 0.5463783674170578, 0.5415848755414061, 0.6828396711964551, 0.612092332203446, 0.6286400996139768, 0.5140335582483939, 0.523327354867984, 0.5583058116914679, 0.5421471172269762, 0.5974010102704611, 0.599349636892558, 0.5554538159818729, 0.5948147022222952, 0.4892484912233691, 0.3683492619225749, 0.06718539673148491, 0.316514887034797, 0.4068256533087439, 0.3796791846860071, 0.4481506922886819, 0.40377121216490686, 0.4153107008807961, 0.34637836741705785, 0.34158487554140604, 0.4828396711964551, 0.4120923322034461, 0.42864009961397687, 0.31403355824839385, 0.323327354867984, 0.3583058116914678, 0.34214711722697616, 0.3974010102704611, 0.39934963689255804, 0.355453815981873, 0.3948147022222951, 0.21866660026379825], 
reward next is 0.7263, 
noisyNet noise sample is [array([-0.6472575], dtype=float32), 0.33499938]. 
=============================================
