Using TensorFlow backend.
[2019-01-28 09:50:50,798] A3C_AGENT_MAIN INFO:Namespace(action_repeat_n=1, action_space='part1_v1', activation='linear', agent_num=5, check_args_only=False, clip_norm=5.0, debug_log_prob=0.0005, decay_steps=1000000, dropout_prob=0.0, end_e=0.0, env='Part1-Heavy-Shg-Train-v1', eval_act_func='part1_v1', eval_epi_num=1, eval_freq=250000, forecast_dim=0, gamma=0.99, h_decay_bounds=[], h_regu_frac=[0.0], init_e=0.0, isNoisyNet=True, isNoisyNetEval_rmNoise=True, is_greedy_policy=False, is_learning_rate_decay_staircase=False, is_warm_start=False, job_mode='Train', learning_rate=0.001, learning_rate_decay_rate=0.9, learning_rate_decay_steps=100000, max_interactions=5000000, metric_func='part1_v1', model_dir='None', model_param=[73, 1], model_type='nn', num_threads=16, output='./Part1-Heavy-Shg-Train-v1-res1', p_loss_frac=1.0, raw_state_prcs_func='cslDx_1', reward_func='part1_v1', rmsprop_decay=0.99, rmsprop_epsil=1e-10, rmsprop_momet=0.0, rwd_e_para=1.0, rwd_p_para=1.0, save_freq=500000, save_max_to_keep=5, save_scope='all', sharedNet_type='Dense', state_dim=71, test_env=['Part1-Heavy-Shg-Test-v1', 'Part1-Heavy-Shg-Test-v2'], test_mode='Multiple', train_act_func='part1_v1', train_freq=5, v_loss_frac=0.5, violation_penalty_scl=10.0, weight_initer='glorot_uniform', window_len=1)
[2019-01-28 09:50:50,798] A3C_AGENT_MAIN INFO:Start compiling...
2019-01-28 09:50:50.833857: I tensorflow/core/platform/cpu_feature_guard.cc:137] Your CPU supports instructions that this TensorFlow binary was not compiled to use: SSE4.1 SSE4.2 AVX AVX2 FMA
[2019-01-28 09:51:09,933] A3C_AGENT_MAIN INFO:Start the learning...
[2019-01-28 09:51:09,934] A3C_AGENT_MAIN INFO:Prepare the evaluation environments ['Part1-Heavy-Shg-Train-v1', 'Part1-Heavy-Shg-Test-v1', 'Part1-Heavy-Shg-Test-v2'] ...
[2019-01-28 09:51:10,019] A3C_EVAL-Part1-Heavy-Shg-Train-v1 INFO:Evaluation worker starts!
[2019-01-28 09:51:10,068] A3C_EVAL-Part1-Heavy-Shg-Test-v1 INFO:Evaluation worker starts!
[2019-01-28 09:51:10,116] A3C_EVAL-Part1-Heavy-Shg-Test-v2 INFO:Evaluation worker starts!
[2019-01-28 09:51:10,116] A3C_AGENT_MAIN INFO:Prepare the local workers ...
[2019-01-28 09:51:10,117] A3C_AGENT_WORKER-Thread-2 INFO:Local worker starts!
[2019-01-28 09:51:10,246] EPLUS_ENV_Part1-Heavy-Shg-Train-v1_Thread-2_ROOT INFO:Creating EnergyPlus simulation environment...
[2019-01-28 09:51:10,248] EPLUS_ENV_Part1-Heavy-Shg-Train-v1_Thread-2_ROOT INFO:EnergyPlus working directory is in /home/zhiangz/Documents/HVAC-RL-Control/src/runs/rl_parametric_part1_shg_heavy/1/Eplus-env-Part1-Heavy-Shg-Train-v1-res2/Eplus-env-sub_run1
[2019-01-28 09:51:11,117] A3C_AGENT_MAIN INFO:Prepare the local workers ...
[2019-01-28 09:51:11,119] A3C_AGENT_WORKER-Thread-3 INFO:Local worker starts!
[2019-01-28 09:51:11,262] EPLUS_ENV_Part1-Heavy-Shg-Train-v1_Thread-3_ROOT INFO:Creating EnergyPlus simulation environment...
[2019-01-28 09:51:11,264] EPLUS_ENV_Part1-Heavy-Shg-Train-v1_Thread-3_ROOT INFO:EnergyPlus working directory is in /home/zhiangz/Documents/HVAC-RL-Control/src/runs/rl_parametric_part1_shg_heavy/1/Eplus-env-Part1-Heavy-Shg-Train-v1-res3/Eplus-env-sub_run1
[2019-01-28 09:51:12,119] A3C_AGENT_MAIN INFO:Prepare the local workers ...
[2019-01-28 09:51:12,120] A3C_AGENT_WORKER-Thread-4 INFO:Local worker starts!
[2019-01-28 09:51:12,265] EPLUS_ENV_Part1-Heavy-Shg-Train-v1_Thread-4_ROOT INFO:Creating EnergyPlus simulation environment...
[2019-01-28 09:51:12,268] EPLUS_ENV_Part1-Heavy-Shg-Train-v1_Thread-4_ROOT INFO:EnergyPlus working directory is in /home/zhiangz/Documents/HVAC-RL-Control/src/runs/rl_parametric_part1_shg_heavy/1/Eplus-env-Part1-Heavy-Shg-Train-v1-res4/Eplus-env-sub_run1
[2019-01-28 09:51:13,121] A3C_AGENT_MAIN INFO:Prepare the local workers ...
[2019-01-28 09:51:13,123] A3C_AGENT_WORKER-Thread-5 INFO:Local worker starts!
[2019-01-28 09:51:13,271] EPLUS_ENV_Part1-Heavy-Shg-Train-v1_Thread-5_ROOT INFO:Creating EnergyPlus simulation environment...
[2019-01-28 09:51:13,274] EPLUS_ENV_Part1-Heavy-Shg-Train-v1_Thread-5_ROOT INFO:EnergyPlus working directory is in /home/zhiangz/Documents/HVAC-RL-Control/src/runs/rl_parametric_part1_shg_heavy/1/Eplus-env-Part1-Heavy-Shg-Train-v1-res5/Eplus-env-sub_run1
[2019-01-28 09:51:14,123] A3C_AGENT_MAIN INFO:Prepare the local workers ...
[2019-01-28 09:51:14,124] A3C_AGENT_WORKER-Thread-6 INFO:Local worker starts!
[2019-01-28 09:51:14,293] EPLUS_ENV_Part1-Heavy-Shg-Train-v1_Thread-6_ROOT INFO:Creating EnergyPlus simulation environment...
[2019-01-28 09:51:14,295] EPLUS_ENV_Part1-Heavy-Shg-Train-v1_Thread-6_ROOT INFO:EnergyPlus working directory is in /home/zhiangz/Documents/HVAC-RL-Control/src/runs/rl_parametric_part1_shg_heavy/1/Eplus-env-Part1-Heavy-Shg-Train-v1-res6/Eplus-env-sub_run1
[2019-01-28 09:51:15,125] A3C_AGENT_MAIN INFO:Prepare the local workers ...
[2019-01-28 09:51:15,126] A3C_AGENT_WORKER-Thread-7 INFO:Local worker starts!
[2019-01-28 09:51:15,343] EPLUS_ENV_Part1-Heavy-Shg-Train-v1_Thread-7_ROOT INFO:Creating EnergyPlus simulation environment...
[2019-01-28 09:51:15,346] EPLUS_ENV_Part1-Heavy-Shg-Train-v1_Thread-7_ROOT INFO:EnergyPlus working directory is in /home/zhiangz/Documents/HVAC-RL-Control/src/runs/rl_parametric_part1_shg_heavy/1/Eplus-env-Part1-Heavy-Shg-Train-v1-res7/Eplus-env-sub_run1
[2019-01-28 09:51:16,127] A3C_AGENT_MAIN INFO:Prepare the local workers ...
[2019-01-28 09:51:16,128] A3C_AGENT_WORKER-Thread-8 INFO:Local worker starts!
[2019-01-28 09:51:16,345] EPLUS_ENV_Part1-Heavy-Shg-Train-v1_Thread-8_ROOT INFO:Creating EnergyPlus simulation environment...
[2019-01-28 09:51:16,348] EPLUS_ENV_Part1-Heavy-Shg-Train-v1_Thread-8_ROOT INFO:EnergyPlus working directory is in /home/zhiangz/Documents/HVAC-RL-Control/src/runs/rl_parametric_part1_shg_heavy/1/Eplus-env-Part1-Heavy-Shg-Train-v1-res8/Eplus-env-sub_run1
[2019-01-28 09:51:17,128] A3C_AGENT_MAIN INFO:Prepare the local workers ...
[2019-01-28 09:51:17,129] A3C_AGENT_WORKER-Thread-9 INFO:Local worker starts!
[2019-01-28 09:51:17,352] EPLUS_ENV_Part1-Heavy-Shg-Train-v1_Thread-9_ROOT INFO:Creating EnergyPlus simulation environment...
[2019-01-28 09:51:17,356] EPLUS_ENV_Part1-Heavy-Shg-Train-v1_Thread-9_ROOT INFO:EnergyPlus working directory is in /home/zhiangz/Documents/HVAC-RL-Control/src/runs/rl_parametric_part1_shg_heavy/1/Eplus-env-Part1-Heavy-Shg-Train-v1-res9/Eplus-env-sub_run1
[2019-01-28 09:51:18,130] A3C_AGENT_MAIN INFO:Prepare the local workers ...
[2019-01-28 09:51:18,131] A3C_AGENT_WORKER-Thread-10 INFO:Local worker starts!
[2019-01-28 09:51:18,352] EPLUS_ENV_Part1-Heavy-Shg-Train-v1_Thread-10_ROOT INFO:Creating EnergyPlus simulation environment...
[2019-01-28 09:51:18,356] EPLUS_ENV_Part1-Heavy-Shg-Train-v1_Thread-10_ROOT INFO:EnergyPlus working directory is in /home/zhiangz/Documents/HVAC-RL-Control/src/runs/rl_parametric_part1_shg_heavy/1/Eplus-env-Part1-Heavy-Shg-Train-v1-res10/Eplus-env-sub_run1
[2019-01-28 09:51:19,132] A3C_AGENT_MAIN INFO:Prepare the local workers ...
[2019-01-28 09:51:19,133] A3C_AGENT_WORKER-Thread-11 INFO:Local worker starts!
[2019-01-28 09:51:19,384] EPLUS_ENV_Part1-Heavy-Shg-Train-v1_Thread-11_ROOT INFO:Creating EnergyPlus simulation environment...
[2019-01-28 09:51:19,388] EPLUS_ENV_Part1-Heavy-Shg-Train-v1_Thread-11_ROOT INFO:EnergyPlus working directory is in /home/zhiangz/Documents/HVAC-RL-Control/src/runs/rl_parametric_part1_shg_heavy/1/Eplus-env-Part1-Heavy-Shg-Train-v1-res11/Eplus-env-sub_run1
[2019-01-28 09:51:20,134] A3C_AGENT_MAIN INFO:Prepare the local workers ...
[2019-01-28 09:51:20,136] A3C_AGENT_WORKER-Thread-12 INFO:Local worker starts!
[2019-01-28 09:51:20,370] EPLUS_ENV_Part1-Heavy-Shg-Train-v1_Thread-12_ROOT INFO:Creating EnergyPlus simulation environment...
[2019-01-28 09:51:20,374] EPLUS_ENV_Part1-Heavy-Shg-Train-v1_Thread-12_ROOT INFO:EnergyPlus working directory is in /home/zhiangz/Documents/HVAC-RL-Control/src/runs/rl_parametric_part1_shg_heavy/1/Eplus-env-Part1-Heavy-Shg-Train-v1-res12/Eplus-env-sub_run1
[2019-01-28 09:51:21,136] A3C_AGENT_MAIN INFO:Prepare the local workers ...
[2019-01-28 09:51:21,137] A3C_AGENT_WORKER-Thread-13 INFO:Local worker starts!
[2019-01-28 09:51:21,477] EPLUS_ENV_Part1-Heavy-Shg-Train-v1_Thread-13_ROOT INFO:Creating EnergyPlus simulation environment...
[2019-01-28 09:51:21,494] EPLUS_ENV_Part1-Heavy-Shg-Train-v1_Thread-13_ROOT INFO:EnergyPlus working directory is in /home/zhiangz/Documents/HVAC-RL-Control/src/runs/rl_parametric_part1_shg_heavy/1/Eplus-env-Part1-Heavy-Shg-Train-v1-res13/Eplus-env-sub_run1
[2019-01-28 09:51:22,138] A3C_AGENT_MAIN INFO:Prepare the local workers ...
[2019-01-28 09:51:22,139] A3C_AGENT_WORKER-Thread-14 INFO:Local worker starts!
[2019-01-28 09:51:22,465] EPLUS_ENV_Part1-Heavy-Shg-Train-v1_Thread-14_ROOT INFO:Creating EnergyPlus simulation environment...
[2019-01-28 09:51:22,484] EPLUS_ENV_Part1-Heavy-Shg-Train-v1_Thread-14_ROOT INFO:EnergyPlus working directory is in /home/zhiangz/Documents/HVAC-RL-Control/src/runs/rl_parametric_part1_shg_heavy/1/Eplus-env-Part1-Heavy-Shg-Train-v1-res14/Eplus-env-sub_run1
[2019-01-28 09:51:23,140] A3C_AGENT_MAIN INFO:Prepare the local workers ...
[2019-01-28 09:51:23,142] A3C_AGENT_WORKER-Thread-15 INFO:Local worker starts!
[2019-01-28 09:51:23,517] EPLUS_ENV_Part1-Heavy-Shg-Train-v1_Thread-15_ROOT INFO:Creating EnergyPlus simulation environment...
[2019-01-28 09:51:23,521] EPLUS_ENV_Part1-Heavy-Shg-Train-v1_Thread-15_ROOT INFO:EnergyPlus working directory is in /home/zhiangz/Documents/HVAC-RL-Control/src/runs/rl_parametric_part1_shg_heavy/1/Eplus-env-Part1-Heavy-Shg-Train-v1-res15/Eplus-env-sub_run1
[2019-01-28 09:51:24,153] A3C_AGENT_MAIN INFO:Prepare the local workers ...
[2019-01-28 09:51:24,154] A3C_AGENT_WORKER-Thread-16 INFO:Local worker starts!
[2019-01-28 09:51:24,556] EPLUS_ENV_Part1-Heavy-Shg-Train-v1_Thread-16_ROOT INFO:Creating EnergyPlus simulation environment...
[2019-01-28 09:51:24,573] EPLUS_ENV_Part1-Heavy-Shg-Train-v1_Thread-16_ROOT INFO:EnergyPlus working directory is in /home/zhiangz/Documents/HVAC-RL-Control/src/runs/rl_parametric_part1_shg_heavy/1/Eplus-env-Part1-Heavy-Shg-Train-v1-res16/Eplus-env-sub_run1
[2019-01-28 09:51:25,155] A3C_AGENT_MAIN INFO:Prepare the local workers ...
[2019-01-28 09:51:25,156] A3C_AGENT_WORKER-Thread-17 INFO:Local worker starts!
[2019-01-28 09:51:25,505] EPLUS_ENV_Part1-Heavy-Shg-Train-v1_Thread-17_ROOT INFO:Creating EnergyPlus simulation environment...
[2019-01-28 09:51:25,510] EPLUS_ENV_Part1-Heavy-Shg-Train-v1_Thread-17_ROOT INFO:EnergyPlus working directory is in /home/zhiangz/Documents/HVAC-RL-Control/src/runs/rl_parametric_part1_shg_heavy/1/Eplus-env-Part1-Heavy-Shg-Train-v1-res17/Eplus-env-sub_run1
[2019-01-28 09:53:50,357] A3C_AGENT_WORKER-Thread-2 INFO:Evaluating...
[2019-01-28 09:53:50,357] A3C_EVAL-Part1-Heavy-Shg-Train-v1 INFO:Evaluation job starts!
[2019-01-28 09:53:50,358] EPLUS_ENV_Part1-Heavy-Shg-Train-v1_MainThread_ROOT INFO:Creating EnergyPlus simulation environment...
[2019-01-28 09:53:50,361] EPLUS_ENV_Part1-Heavy-Shg-Train-v1_MainThread_ROOT INFO:EnergyPlus working directory is in /home/zhiangz/Documents/HVAC-RL-Control/src/runs/rl_parametric_part1_shg_heavy/1/Eplus-env-Part1-Heavy-Shg-Train-v1-res1/Eplus-env-sub_run1
[2019-01-28 09:53:50,455] A3C_EVAL-Part1-Heavy-Shg-Test-v1 INFO:Evaluation job starts!
[2019-01-28 09:53:50,493] EPLUS_ENV_Part1-Heavy-Shg-Test-v1_MainThread_ROOT INFO:Creating EnergyPlus simulation environment...
[2019-01-28 09:53:50,497] EPLUS_ENV_Part1-Heavy-Shg-Test-v1_MainThread_ROOT INFO:EnergyPlus working directory is in /home/zhiangz/Documents/HVAC-RL-Control/src/runs/rl_parametric_part1_shg_heavy/1/Eplus-env-Part1-Heavy-Shg-Test-v1-res1/Eplus-env-sub_run1
[2019-01-28 09:53:50,542] A3C_EVAL-Part1-Heavy-Shg-Test-v2 INFO:Evaluation job starts!
[2019-01-28 09:53:50,543] EPLUS_ENV_Part1-Heavy-Shg-Test-v2_MainThread_ROOT INFO:Creating EnergyPlus simulation environment...
[2019-01-28 09:53:50,564] EPLUS_ENV_Part1-Heavy-Shg-Test-v2_MainThread_ROOT INFO:EnergyPlus working directory is in /home/zhiangz/Documents/HVAC-RL-Control/src/runs/rl_parametric_part1_shg_heavy/1/Eplus-env-Part1-Heavy-Shg-Test-v2-res1/Eplus-env-sub_run1
[2019-01-28 09:54:59,013] A3C_EVAL-Part1-Heavy-Shg-Test-v2 DEBUG:NoisyNet noise sample: [array([0.], dtype=float32), 0.0]
[2019-01-28 09:54:59,013] A3C_EVAL-Part1-Heavy-Shg-Test-v2 DEBUG:Observation this: [17.42609741, 83.46103071333333, 89.20165960000001, 0.0, 20.23382784793922, 20.43767606127091, 19.33739445812245, 19.92784348762405, 20.61554081858726, 19.91190296795903, 19.57329644887747, 20.40795893250037, 19.76780729990965, 21.21928531481694, 21.73817841832245, 20.46347645614489, 20.86931521964383, 20.92588304845055, 20.79718492391833, 21.18325366668829, 21.76620991069014, 21.69263999666374, 20.78443052650099, 21.09862618441515, 20.9259579051446, 20.47955730190103, 29.95616992829024, 30.00087176741775, 28.90316138037165, 29.44783775061909, 30.55483013447295, 29.7538438990964, 29.40079121790954, 30.40783749969322, 29.54155965757289, 30.57723880223755, 29.29166362920877, 29.67065378174264, 30.46286509130412, 30.69320768322344, 29.76690066907315, 29.66000853415049, 29.89425057400717, 29.52619854775575, 29.3952641748875, 29.83542851861339, 30.74187729227456, 29.54035907724973, 19.95616992829024, 20.00087176741775, 18.90316138037165, 19.44783775061909, 20.55483013447295, 19.7538438990964, 19.40079121790954, 20.40783749969322, 19.54155965757289, 20.57723880223755, 19.29166362920877, 19.67065378174264, 20.46286509130412, 20.69320768322344, 19.76690066907315, 19.66000853415049, 19.89425057400717, 19.52619854775575, 19.3952641748875, 19.83542851861339, 20.74187729227456, 19.54035907724973, 16361.4463610386]
[2019-01-28 09:54:59,013] A3C_EVAL-Part1-Heavy-Shg-Test-v2 DEBUG:Observation forecast: []
[2019-01-28 09:54:59,015] A3C_EVAL-Part1-Heavy-Shg-Test-v2 INFO:Softmax [0.04191519 0.01732544 0.02296406 0.03204564 0.0280906  0.02923534
 0.03371435 0.08195522 0.05938505 0.04700042 0.02438703 0.02022751
 0.02627542 0.05459403 0.03205824 0.03890952 0.03210478 0.06190291
 0.03685913 0.02621678 0.01497712 0.01332834 0.15879108 0.02793638
 0.03780048], sampled 0.6575065367151217
[2019-01-28 09:55:35,039] A3C_EVAL-Part1-Heavy-Shg-Train-v1 DEBUG:NoisyNet noise sample: [array([0.], dtype=float32), 0.0]
[2019-01-28 09:55:35,039] A3C_EVAL-Part1-Heavy-Shg-Train-v1 DEBUG:Observation this: [20.03333333333333, 94.83333333333334, 32.0, 0.0, 20.95004371506896, 21.12862153778386, 20.34777470524154, 20.81045066829085, 21.04803166077447, 20.80857187678419, 20.56195331966333, 20.72302680066411, 20.74870454356684, 22.11121130612417, 22.33335946919455, 21.74783806664092, 21.92214671849388, 21.92316667580523, 21.89217318278399, 21.87510935891306, 22.49509756564408, 22.4412547525735, 21.96226315971359, 21.8779217186611, 21.89678621904604, 21.67464014561932, 26.4793776047444, 27.48162156169741, 28.10462499503608, 27.75090285991737, 27.25963476482821, 27.71056614795656, 27.71053740622536, 28.25722348218666, 27.25239687205993, 27.57757572431419, 27.60803449502301, 28.15420808159898, 27.48529454675161, 28.26934978880226, 28.54926730562671, 28.48235085598242, 27.88904008251864, 28.0168422139267, 27.93549216159973, 27.58827930927016, 27.83779327290376, 27.65383078265787, 16.4793776047444, 17.48162156169741, 18.10462499503608, 17.75090285991737, 17.25963476482821, 17.71056614795656, 17.71053740622536, 18.25722348218666, 17.25239687205993, 17.57757572431419, 17.60803449502301, 18.15420808159898, 17.48529454675161, 18.26934978880226, 18.54926730562671, 18.48235085598242, 17.88904008251864, 18.0168422139267, 17.93549216159973, 17.58827930927016, 17.83779327290376, 17.65383078265787, 31414.30657872068]
[2019-01-28 09:55:35,039] A3C_EVAL-Part1-Heavy-Shg-Train-v1 DEBUG:Observation forecast: []
[2019-01-28 09:55:35,041] A3C_EVAL-Part1-Heavy-Shg-Train-v1 INFO:Softmax [0.04868708 0.02300949 0.02361352 0.03581319 0.03092009 0.03266731
 0.034736   0.05984384 0.04836911 0.03859029 0.0274693  0.02804563
 0.03288676 0.05389981 0.03617534 0.04949428 0.03350561 0.05940458
 0.03672287 0.02569575 0.01797545 0.01603613 0.13178806 0.0319813
 0.04266919], sampled 0.9671198079033949
[2019-01-28 09:57:24,022] A3C_EVAL-Part1-Heavy-Shg-Test-v2 DEBUG:NoisyNet noise sample: [array([0.], dtype=float32), 0.0]
[2019-01-28 09:57:24,022] A3C_EVAL-Part1-Heavy-Shg-Test-v2 DEBUG:Observation this: [33.11341256166667, 68.250899875, 160.2586394, 462.1725491333333, 23.82331829105348, 24.37740011355269, 24.8931958265797, 23.44552295774099, 25.2098238451029, 25.51459100962031, 23.01365526013442, 25.29587840019988, 23.10591824717919, 22.91790881618163, 22.55676103099457, 22.48578492858721, 23.71492274505272, 22.95021444597985, 23.23845194691799, 22.75807283565306, 25.52545640380037, 22.91019758245207, 22.71089303708435, 22.67443871007344, 21.87254404581593, 22.05388623070781, 23.81785083298513, 24.37210429306541, 28.25438021606735, 23.4468984122773, 26.34130756488446, 25.50950949038454, 23.01664314883875, 25.29179677485539, 23.10936872383602, 22.92410249634682, 22.56643547394103, 22.07607433094672, 23.71414210501251, 22.9567345541537, 23.24440510780407, 22.77028850619129, 25.52044384647921, 22.91094809014893, 22.71892820853861, 22.66670937277615, 21.76084126904735, 22.03272379351112, 21.81785083298513, 22.37210429306541, 18.25438021606735, 21.4468984122773, 24.34130756488446, 23.50950949038454, 21.01664314883875, 23.29179677485539, 21.10936872383602, 20.92410249634682, 20.56643547394103, 20.07607433094672, 21.71414210501251, 20.9567345541537, 21.24440510780407, 20.77028850619129, 23.52044384647921, 20.91094809014893, 20.71892820853861, 20.66670937277615, 19.76084126904735, 20.03272379351112, 121114.2338145832]
[2019-01-28 09:57:24,022] A3C_EVAL-Part1-Heavy-Shg-Test-v2 DEBUG:Observation forecast: []
[2019-01-28 09:57:24,024] A3C_EVAL-Part1-Heavy-Shg-Test-v2 INFO:Softmax [0.03529956 0.02609854 0.02343091 0.0435394  0.02947965 0.0542969
 0.0448231  0.04307629 0.06258699 0.02291473 0.02263331 0.03227961
 0.03843083 0.03328615 0.04686647 0.03351919 0.06428876 0.05478213
 0.03076795 0.0431163  0.0351129  0.02190235 0.08347796 0.02578313
 0.04820689], sampled 0.17060562083541697
[2019-01-28 09:57:25,299] A3C_EVAL-Part1-Heavy-Shg-Test-v2 DEBUG:NoisyNet noise sample: [array([0.], dtype=float32), 0.0]
[2019-01-28 09:57:25,299] A3C_EVAL-Part1-Heavy-Shg-Test-v2 DEBUG:Observation this: [25.24951546333333, 80.74904286333334, 0.0, 0.0, 22.30150010032953, 22.40747638838382, 21.68713636601242, 22.10105543167624, 21.99648261068174, 22.18221867752866, 21.96029408329421, 21.97910501706696, 22.02930049547589, 23.49094281638893, 23.59233461971179, 23.447945243029, 23.39691208168807, 23.29609455995595, 23.3108514728029, 23.40633118152659, 23.75551622642072, 23.53822343509571, 23.47029904978771, 22.29267144182881, 23.2819627612175, 23.17582369223949, 27.81785083298513, 28.37210429306541, 28.25438021606735, 27.4468984122773, 30.34130756488446, 29.50950949038454, 27.01664314883875, 29.29179677485539, 27.10936872383602, 26.92410249634682, 26.56643547394103, 26.07607433094672, 27.71414210501251, 26.9567345541537, 27.24440510780407, 26.77028850619129, 29.52044384647921, 26.91094809014893, 26.71892820853861, 26.66670937277615, 25.76084126904735, 26.03272379351112, 17.81785083298513, 18.37210429306541, 18.25438021606735, 17.4468984122773, 20.34130756488446, 19.50950949038454, 17.01664314883875, 19.29179677485539, 17.10936872383602, 16.92410249634682, 16.56643547394103, 16.07607433094672, 17.71414210501251, 16.9567345541537, 17.24440510780407, 16.77028850619129, 19.52044384647921, 16.91094809014893, 16.71892820853861, 16.66670937277615, 15.76084126904735, 16.03272379351112, 47434.1852117019]
[2019-01-28 09:57:25,299] A3C_EVAL-Part1-Heavy-Shg-Test-v2 DEBUG:Observation forecast: []
[2019-01-28 09:57:25,300] A3C_EVAL-Part1-Heavy-Shg-Test-v2 INFO:Softmax [0.04197748 0.02024003 0.01846406 0.02873219 0.03600735 0.03507883
 0.03455291 0.05412326 0.04287368 0.0342551  0.02823658 0.03637554
 0.03248357 0.06220166 0.04181419 0.04831822 0.04602777 0.06361178
 0.02774638 0.02735151 0.02099265 0.0171482  0.12638472 0.03545756
 0.03954478], sampled 0.12257523006632343
[2019-01-28 09:58:54,776] A3C_EVAL-Part1-Heavy-Shg-Test-v1 INFO:Evaluation: average rewards by now are 6974.0560 791147549.5930 13738.0000
[2019-01-28 09:58:54,858] EPLUS_ENV_Part1-Heavy-Shg-Test-v1_MainThread-EPLUSPROCESS_EPI_0 INFO:EnergyPlus Starting

[2019-01-28 09:58:54,858] EPLUS_ENV_Part1-Heavy-Shg-Test-v1_MainThread-EPLUSPROCESS_EPI_0 INFO:EnergyPlus, Version 8.3.0-6d97d074ea, YMD=2019.01.28 09:53

[2019-01-28 09:58:54,858] EPLUS_ENV_Part1-Heavy-Shg-Test-v1_MainThread-EPLUSPROCESS_EPI_0 INFO:Processing Data Dictionary

[2019-01-28 09:58:54,858] EPLUS_ENV_Part1-Heavy-Shg-Test-v1_MainThread-EPLUSPROCESS_EPI_0 INFO:Processing Input File

[2019-01-28 09:58:54,858] EPLUS_ENV_Part1-Heavy-Shg-Test-v1_MainThread-EPLUSPROCESS_EPI_0 INFO:Initializing Response Factors

[2019-01-28 09:58:54,858] EPLUS_ENV_Part1-Heavy-Shg-Test-v1_MainThread-EPLUSPROCESS_EPI_0 INFO:Calculating CTFs for "GROUNDFLOOR_FROM_DB", Construction # 1

[2019-01-28 09:58:54,858] EPLUS_ENV_Part1-Heavy-Shg-Test-v1_MainThread-EPLUSPROCESS_EPI_0 INFO:Calculating CTFs for "GROUNDFLOOR_FROM_DB", Construction # 1

[2019-01-28 09:58:54,858] EPLUS_ENV_Part1-Heavy-Shg-Test-v1_MainThread-EPLUSPROCESS_EPI_0 INFO:Calculating CTFs for "3", Construction # 2

[2019-01-28 09:58:54,859] EPLUS_ENV_Part1-Heavy-Shg-Test-v1_MainThread-EPLUSPROCESS_EPI_0 INFO:Calculating CTFs for "5", Construction # 4

[2019-01-28 09:58:54,859] EPLUS_ENV_Part1-Heavy-Shg-Test-v1_MainThread-EPLUSPROCESS_EPI_0 INFO:Calculating CTFs for "7", Construction # 6

[2019-01-28 09:58:54,859] EPLUS_ENV_Part1-Heavy-Shg-Test-v1_MainThread-EPLUSPROCESS_EPI_0 INFO:Calculating CTFs for "9", Construction # 7

[2019-01-28 09:58:54,859] EPLUS_ENV_Part1-Heavy-Shg-Test-v1_MainThread-EPLUSPROCESS_EPI_0 INFO:Calculating CTFs for "10", Construction # 8

[2019-01-28 09:58:54,859] EPLUS_ENV_Part1-Heavy-Shg-Test-v1_MainThread-EPLUSPROCESS_EPI_0 INFO:Calculating CTFs for "EXTWALL_HEAVY_ASHRAE901_2013_ZONE3", Construction # 9

[2019-01-28 09:58:54,859] EPLUS_ENV_Part1-Heavy-Shg-Test-v1_MainThread-EPLUSPROCESS_EPI_0 INFO:Calculating CTFs for "17", Construction # 10

[2019-01-28 09:58:54,859] EPLUS_ENV_Part1-Heavy-Shg-Test-v1_MainThread-EPLUSPROCESS_EPI_0 INFO:Calculating CTFs for "18", Construction # 11

[2019-01-28 09:58:54,859] EPLUS_ENV_Part1-Heavy-Shg-Test-v1_MainThread-EPLUSPROCESS_EPI_0 INFO:Calculating CTFs for "19", Construction # 12

[2019-01-28 09:58:54,859] EPLUS_ENV_Part1-Heavy-Shg-Test-v1_MainThread-EPLUSPROCESS_EPI_0 INFO:Calculating CTFs for "19", Construction # 12

[2019-01-28 09:58:54,859] EPLUS_ENV_Part1-Heavy-Shg-Test-v1_MainThread-EPLUSPROCESS_EPI_0 INFO:Calculating CTFs for "19", Construction # 12

[2019-01-28 09:58:54,859] EPLUS_ENV_Part1-Heavy-Shg-Test-v1_MainThread-EPLUSPROCESS_EPI_0 INFO:Calculating CTFs for "21", Construction # 13

[2019-01-28 09:58:54,859] EPLUS_ENV_Part1-Heavy-Shg-Test-v1_MainThread-EPLUSPROCESS_EPI_0 INFO:Calculating CTFs for "23", Construction # 15

[2019-01-28 09:58:54,859] EPLUS_ENV_Part1-Heavy-Shg-Test-v1_MainThread-EPLUSPROCESS_EPI_0 INFO:Calculating CTFs for "25", Construction # 17

[2019-01-28 09:58:54,859] EPLUS_ENV_Part1-Heavy-Shg-Test-v1_MainThread-EPLUSPROCESS_EPI_0 INFO:Calculating CTFs for "27", Construction # 18

[2019-01-28 09:58:54,859] EPLUS_ENV_Part1-Heavy-Shg-Test-v1_MainThread-EPLUSPROCESS_EPI_0 INFO:Calculating CTFs for "31", Construction # 19

[2019-01-28 09:58:54,859] EPLUS_ENV_Part1-Heavy-Shg-Test-v1_MainThread-EPLUSPROCESS_EPI_0 INFO:Calculating CTFs for "35", Construction # 21

[2019-01-28 09:58:54,859] EPLUS_ENV_Part1-Heavy-Shg-Test-v1_MainThread-EPLUSPROCESS_EPI_0 INFO:Calculating CTFs for "41", Construction # 22

[2019-01-28 09:58:54,859] EPLUS_ENV_Part1-Heavy-Shg-Test-v1_MainThread-EPLUSPROCESS_EPI_0 INFO:Calculating CTFs for "42", Construction # 23

[2019-01-28 09:58:54,859] EPLUS_ENV_Part1-Heavy-Shg-Test-v1_MainThread-EPLUSPROCESS_EPI_0 INFO:Calculating CTFs for "43", Construction # 24

[2019-01-28 09:58:54,859] EPLUS_ENV_Part1-Heavy-Shg-Test-v1_MainThread-EPLUSPROCESS_EPI_0 INFO:Calculating CTFs for "43", Construction # 24

[2019-01-28 09:58:54,859] EPLUS_ENV_Part1-Heavy-Shg-Test-v1_MainThread-EPLUSPROCESS_EPI_0 INFO:Calculating CTFs for "43", Construction # 24

[2019-01-28 09:58:54,859] EPLUS_ENV_Part1-Heavy-Shg-Test-v1_MainThread-EPLUSPROCESS_EPI_0 INFO:Calculating CTFs for "49", Construction # 26

[2019-01-28 09:58:54,860] EPLUS_ENV_Part1-Heavy-Shg-Test-v1_MainThread-EPLUSPROCESS_EPI_0 INFO:Calculating CTFs for "49", Construction # 26

[2019-01-28 09:58:54,860] EPLUS_ENV_Part1-Heavy-Shg-Test-v1_MainThread-EPLUSPROCESS_EPI_0 INFO:Calculating CTFs for "49", Construction # 26

[2019-01-28 09:58:54,860] EPLUS_ENV_Part1-Heavy-Shg-Test-v1_MainThread-EPLUSPROCESS_EPI_0 INFO:Calculating CTFs for "51", Construction # 27

[2019-01-28 09:58:54,860] EPLUS_ENV_Part1-Heavy-Shg-Test-v1_MainThread-EPLUSPROCESS_EPI_0 INFO:Calculating CTFs for "52", Construction # 28

[2019-01-28 09:58:54,860] EPLUS_ENV_Part1-Heavy-Shg-Test-v1_MainThread-EPLUSPROCESS_EPI_0 INFO:Calculating CTFs for "57", Construction # 29

[2019-01-28 09:58:54,860] EPLUS_ENV_Part1-Heavy-Shg-Test-v1_MainThread-EPLUSPROCESS_EPI_0 INFO:Calculating CTFs for "57", Construction # 29

[2019-01-28 09:58:54,860] EPLUS_ENV_Part1-Heavy-Shg-Test-v1_MainThread-EPLUSPROCESS_EPI_0 INFO:Calculating CTFs for "57", Construction # 29

[2019-01-28 09:58:54,860] EPLUS_ENV_Part1-Heavy-Shg-Test-v1_MainThread-EPLUSPROCESS_EPI_0 INFO:Calculating CTFs for "57", Construction # 29

[2019-01-28 09:58:54,860] EPLUS_ENV_Part1-Heavy-Shg-Test-v1_MainThread-EPLUSPROCESS_EPI_0 INFO:Calculating CTFs for "57", Construction # 29

[2019-01-28 09:58:54,860] EPLUS_ENV_Part1-Heavy-Shg-Test-v1_MainThread-EPLUSPROCESS_EPI_0 INFO:Calculating CTFs for "57", Construction # 29

[2019-01-28 09:58:54,860] EPLUS_ENV_Part1-Heavy-Shg-Test-v1_MainThread-EPLUSPROCESS_EPI_0 INFO:Calculating CTFs for "57", Construction # 29

[2019-01-28 09:58:54,860] EPLUS_ENV_Part1-Heavy-Shg-Test-v1_MainThread-EPLUSPROCESS_EPI_0 INFO:Calculating CTFs for "57", Construction # 29

[2019-01-28 09:58:54,860] EPLUS_ENV_Part1-Heavy-Shg-Test-v1_MainThread-EPLUSPROCESS_EPI_0 INFO:Calculating CTFs for "57", Construction # 29

[2019-01-28 09:58:54,860] EPLUS_ENV_Part1-Heavy-Shg-Test-v1_MainThread-EPLUSPROCESS_EPI_0 INFO:Calculating CTFs for "59", Construction # 30

[2019-01-28 09:58:54,860] EPLUS_ENV_Part1-Heavy-Shg-Test-v1_MainThread-EPLUSPROCESS_EPI_0 INFO:Calculating CTFs for "59", Construction # 30

[2019-01-28 09:58:54,860] EPLUS_ENV_Part1-Heavy-Shg-Test-v1_MainThread-EPLUSPROCESS_EPI_0 INFO:Calculating CTFs for "59", Construction # 30

[2019-01-28 09:58:54,860] EPLUS_ENV_Part1-Heavy-Shg-Test-v1_MainThread-EPLUSPROCESS_EPI_0 INFO:Calculating CTFs for "65", Construction # 31

[2019-01-28 09:58:54,860] EPLUS_ENV_Part1-Heavy-Shg-Test-v1_MainThread-EPLUSPROCESS_EPI_0 INFO:Calculating CTFs for "ROOF_HEAVY_ASHRAE901_2013_ZONE3", Construction # 34

[2019-01-28 09:58:54,860] EPLUS_ENV_Part1-Heavy-Shg-Test-v1_MainThread-EPLUSPROCESS_EPI_0 INFO:Calculating CTFs for "75", Construction # 35

[2019-01-28 09:58:54,860] EPLUS_ENV_Part1-Heavy-Shg-Test-v1_MainThread-EPLUSPROCESS_EPI_0 INFO:Calculating CTFs for "83", Construction # 36

[2019-01-28 09:58:54,860] EPLUS_ENV_Part1-Heavy-Shg-Test-v1_MainThread-EPLUSPROCESS_EPI_0 INFO:Calculating CTFs for "85", Construction # 38

[2019-01-28 09:58:54,860] EPLUS_ENV_Part1-Heavy-Shg-Test-v1_MainThread-EPLUSPROCESS_EPI_0 INFO:Initializing Window Optical Properties

[2019-01-28 09:58:54,860] EPLUS_ENV_Part1-Heavy-Shg-Test-v1_MainThread-EPLUSPROCESS_EPI_0 INFO:Initializing Solar Calculations

[2019-01-28 09:58:54,860] EPLUS_ENV_Part1-Heavy-Shg-Test-v1_MainThread-EPLUSPROCESS_EPI_0 INFO:Allocate Solar Module Arrays

[2019-01-28 09:58:54,860] EPLUS_ENV_Part1-Heavy-Shg-Test-v1_MainThread-EPLUSPROCESS_EPI_0 INFO:Initializing Zone Report Variables

[2019-01-28 09:58:54,860] EPLUS_ENV_Part1-Heavy-Shg-Test-v1_MainThread-EPLUSPROCESS_EPI_0 INFO:Initializing Surface (Shading) Report Variables

[2019-01-28 09:58:54,860] EPLUS_ENV_Part1-Heavy-Shg-Test-v1_MainThread-EPLUSPROCESS_EPI_0 INFO:Computing Interior Solar Absorption Factors

[2019-01-28 09:58:54,860] EPLUS_ENV_Part1-Heavy-Shg-Test-v1_MainThread-EPLUSPROCESS_EPI_0 INFO:Determining Shadowing Combinations

[2019-01-28 09:58:54,861] EPLUS_ENV_Part1-Heavy-Shg-Test-v1_MainThread-EPLUSPROCESS_EPI_0 INFO:Computing Window Shade Absorption Factors

[2019-01-28 09:58:54,861] EPLUS_ENV_Part1-Heavy-Shg-Test-v1_MainThread-EPLUSPROCESS_EPI_0 INFO:Proceeding with Initializing Solar Calculations

[2019-01-28 09:58:54,861] EPLUS_ENV_Part1-Heavy-Shg-Test-v1_MainThread-EPLUSPROCESS_EPI_0 INFO:Initializing Surfaces

[2019-01-28 09:58:54,861] EPLUS_ENV_Part1-Heavy-Shg-Test-v1_MainThread-EPLUSPROCESS_EPI_0 INFO:Initializing Outdoor environment for Surfaces

[2019-01-28 09:58:54,861] EPLUS_ENV_Part1-Heavy-Shg-Test-v1_MainThread-EPLUSPROCESS_EPI_0 INFO:Setting up Surface Reporting Variables

[2019-01-28 09:58:54,861] EPLUS_ENV_Part1-Heavy-Shg-Test-v1_MainThread-EPLUSPROCESS_EPI_0 INFO:Initializing Temperature and Flux Histories

[2019-01-28 09:58:54,861] EPLUS_ENV_Part1-Heavy-Shg-Test-v1_MainThread-EPLUSPROCESS_EPI_0 INFO:Initializing Window Shading

[2019-01-28 09:58:54,861] EPLUS_ENV_Part1-Heavy-Shg-Test-v1_MainThread-EPLUSPROCESS_EPI_0 INFO:Computing Interior Absorption Factors

[2019-01-28 09:58:54,861] EPLUS_ENV_Part1-Heavy-Shg-Test-v1_MainThread-EPLUSPROCESS_EPI_0 INFO:Computing Interior Diffuse Solar Absorption Factors

[2019-01-28 09:58:54,861] EPLUS_ENV_Part1-Heavy-Shg-Test-v1_MainThread-EPLUSPROCESS_EPI_0 INFO:Computing Interior Diffuse Solar Exchange through Interzone Windows

[2019-01-28 09:58:54,861] EPLUS_ENV_Part1-Heavy-Shg-Test-v1_MainThread-EPLUSPROCESS_EPI_0 INFO:Initializing Solar Heat Gains

[2019-01-28 09:58:54,861] EPLUS_ENV_Part1-Heavy-Shg-Test-v1_MainThread-EPLUSPROCESS_EPI_0 INFO:Initializing Internal Heat Gains

[2019-01-28 09:58:54,861] EPLUS_ENV_Part1-Heavy-Shg-Test-v1_MainThread-EPLUSPROCESS_EPI_0 INFO:Initializing Interior Solar Distribution

[2019-01-28 09:58:54,861] EPLUS_ENV_Part1-Heavy-Shg-Test-v1_MainThread-EPLUSPROCESS_EPI_0 INFO:Initializing Interior Convection Coefficients

[2019-01-28 09:58:54,861] EPLUS_ENV_Part1-Heavy-Shg-Test-v1_MainThread-EPLUSPROCESS_EPI_0 INFO:Gathering Information for Predefined Reporting

[2019-01-28 09:58:54,861] EPLUS_ENV_Part1-Heavy-Shg-Test-v1_MainThread-EPLUSPROCESS_EPI_0 INFO:Completed Initializing Surface Heat Balance

[2019-01-28 09:58:54,861] EPLUS_ENV_Part1-Heavy-Shg-Test-v1_MainThread-EPLUSPROCESS_EPI_0 INFO:Calculate Outside Surface Heat Balance

[2019-01-28 09:58:54,861] EPLUS_ENV_Part1-Heavy-Shg-Test-v1_MainThread-EPLUSPROCESS_EPI_0 INFO:Calculate Inside Surface Heat Balance

[2019-01-28 09:58:54,861] EPLUS_ENV_Part1-Heavy-Shg-Test-v1_MainThread-EPLUSPROCESS_EPI_0 INFO:Calculate Air Heat Balance

[2019-01-28 09:58:54,861] EPLUS_ENV_Part1-Heavy-Shg-Test-v1_MainThread-EPLUSPROCESS_EPI_0 INFO:Initializing HVAC

[2019-01-28 09:58:54,861] EPLUS_ENV_Part1-Heavy-Shg-Test-v1_MainThread-EPLUSPROCESS_EPI_0 INFO:Warming up

[2019-01-28 09:58:54,861] EPLUS_ENV_Part1-Heavy-Shg-Test-v1_MainThread-EPLUSPROCESS_EPI_0 INFO:Warming up

[2019-01-28 09:58:54,861] EPLUS_ENV_Part1-Heavy-Shg-Test-v1_MainThread-EPLUSPROCESS_EPI_0 INFO:Warming up

[2019-01-28 09:58:54,861] EPLUS_ENV_Part1-Heavy-Shg-Test-v1_MainThread-EPLUSPROCESS_EPI_0 INFO:Warming up

[2019-01-28 09:58:54,861] EPLUS_ENV_Part1-Heavy-Shg-Test-v1_MainThread-EPLUSPROCESS_EPI_0 INFO:Warming up

[2019-01-28 09:58:54,861] EPLUS_ENV_Part1-Heavy-Shg-Test-v1_MainThread-EPLUSPROCESS_EPI_0 INFO:Warming up

[2019-01-28 09:58:54,861] EPLUS_ENV_Part1-Heavy-Shg-Test-v1_MainThread-EPLUSPROCESS_EPI_0 INFO:Warming up

[2019-01-28 09:58:54,861] EPLUS_ENV_Part1-Heavy-Shg-Test-v1_MainThread-EPLUSPROCESS_EPI_0 INFO:Warming up

[2019-01-28 09:58:54,862] EPLUS_ENV_Part1-Heavy-Shg-Test-v1_MainThread-EPLUSPROCESS_EPI_0 INFO:Warming up

[2019-01-28 09:58:54,862] EPLUS_ENV_Part1-Heavy-Shg-Test-v1_MainThread-EPLUSPROCESS_EPI_0 INFO:Warming up

[2019-01-28 09:58:54,862] EPLUS_ENV_Part1-Heavy-Shg-Test-v1_MainThread-EPLUSPROCESS_EPI_0 INFO:Warming up

[2019-01-28 09:58:54,862] EPLUS_ENV_Part1-Heavy-Shg-Test-v1_MainThread-EPLUSPROCESS_EPI_0 INFO:Warming up

[2019-01-28 09:58:54,862] EPLUS_ENV_Part1-Heavy-Shg-Test-v1_MainThread-EPLUSPROCESS_EPI_0 INFO:Performing Zone Sizing Simulation

[2019-01-28 09:58:54,862] EPLUS_ENV_Part1-Heavy-Shg-Test-v1_MainThread-EPLUSPROCESS_EPI_0 INFO:...for Sizing Period: #1 SUMMER DESIGN DAY IN PHIPPS_CSL_BUILDING

[2019-01-28 09:58:54,862] EPLUS_ENV_Part1-Heavy-Shg-Test-v1_MainThread-EPLUSPROCESS_EPI_0 INFO:Warming up

[2019-01-28 09:58:54,862] EPLUS_ENV_Part1-Heavy-Shg-Test-v1_MainThread-EPLUSPROCESS_EPI_0 INFO:Warming up

[2019-01-28 09:58:54,862] EPLUS_ENV_Part1-Heavy-Shg-Test-v1_MainThread-EPLUSPROCESS_EPI_0 INFO:Warming up

[2019-01-28 09:58:54,862] EPLUS_ENV_Part1-Heavy-Shg-Test-v1_MainThread-EPLUSPROCESS_EPI_0 INFO:Warming up

[2019-01-28 09:58:54,862] EPLUS_ENV_Part1-Heavy-Shg-Test-v1_MainThread-EPLUSPROCESS_EPI_0 INFO:Warming up

[2019-01-28 09:58:54,862] EPLUS_ENV_Part1-Heavy-Shg-Test-v1_MainThread-EPLUSPROCESS_EPI_0 INFO:Warming up

[2019-01-28 09:58:54,862] EPLUS_ENV_Part1-Heavy-Shg-Test-v1_MainThread-EPLUSPROCESS_EPI_0 INFO:Warming up

[2019-01-28 09:58:54,862] EPLUS_ENV_Part1-Heavy-Shg-Test-v1_MainThread-EPLUSPROCESS_EPI_0 INFO:Warming up

[2019-01-28 09:58:54,862] EPLUS_ENV_Part1-Heavy-Shg-Test-v1_MainThread-EPLUSPROCESS_EPI_0 INFO:Warming up

[2019-01-28 09:58:54,862] EPLUS_ENV_Part1-Heavy-Shg-Test-v1_MainThread-EPLUSPROCESS_EPI_0 INFO:Warming up

[2019-01-28 09:58:54,862] EPLUS_ENV_Part1-Heavy-Shg-Test-v1_MainThread-EPLUSPROCESS_EPI_0 INFO:Warming up

[2019-01-28 09:58:54,862] EPLUS_ENV_Part1-Heavy-Shg-Test-v1_MainThread-EPLUSPROCESS_EPI_0 INFO:Warming up

[2019-01-28 09:58:54,862] EPLUS_ENV_Part1-Heavy-Shg-Test-v1_MainThread-EPLUSPROCESS_EPI_0 INFO:Warming up

[2019-01-28 09:58:54,862] EPLUS_ENV_Part1-Heavy-Shg-Test-v1_MainThread-EPLUSPROCESS_EPI_0 INFO:Warming up

[2019-01-28 09:58:54,862] EPLUS_ENV_Part1-Heavy-Shg-Test-v1_MainThread-EPLUSPROCESS_EPI_0 INFO:Warming up

[2019-01-28 09:58:54,862] EPLUS_ENV_Part1-Heavy-Shg-Test-v1_MainThread-EPLUSPROCESS_EPI_0 INFO:Warming up

[2019-01-28 09:58:54,862] EPLUS_ENV_Part1-Heavy-Shg-Test-v1_MainThread-EPLUSPROCESS_EPI_0 INFO:Warming up

[2019-01-28 09:58:54,862] EPLUS_ENV_Part1-Heavy-Shg-Test-v1_MainThread-EPLUSPROCESS_EPI_0 INFO:Warming up

[2019-01-28 09:58:54,862] EPLUS_ENV_Part1-Heavy-Shg-Test-v1_MainThread-EPLUSPROCESS_EPI_0 INFO:Warming up

[2019-01-28 09:58:54,862] EPLUS_ENV_Part1-Heavy-Shg-Test-v1_MainThread-EPLUSPROCESS_EPI_0 INFO:Performing Zone Sizing Simulation

[2019-01-28 09:58:54,862] EPLUS_ENV_Part1-Heavy-Shg-Test-v1_MainThread-EPLUSPROCESS_EPI_0 INFO:...for Sizing Period: #2 WINTER DESIGN DAY IN PHIPPS_CSL_BUILDING

[2019-01-28 09:58:54,863] EPLUS_ENV_Part1-Heavy-Shg-Test-v1_MainThread-EPLUSPROCESS_EPI_0 INFO:Calculating System sizing

[2019-01-28 09:58:54,864] EPLUS_ENV_Part1-Heavy-Shg-Test-v1_MainThread-EPLUSPROCESS_EPI_0 INFO:...for Sizing Period: #1 SUMMER DESIGN DAY IN PHIPPS_CSL_BUILDING

[2019-01-28 09:58:54,864] EPLUS_ENV_Part1-Heavy-Shg-Test-v1_MainThread-EPLUSPROCESS_EPI_0 INFO:Calculating System sizing

[2019-01-28 09:58:54,865] EPLUS_ENV_Part1-Heavy-Shg-Test-v1_MainThread-EPLUSPROCESS_EPI_0 INFO:...for Sizing Period: #2 WINTER DESIGN DAY IN PHIPPS_CSL_BUILDING

[2019-01-28 09:58:54,865] EPLUS_ENV_Part1-Heavy-Shg-Test-v1_MainThread-EPLUSPROCESS_EPI_0 INFO:Initializing Simulation

[2019-01-28 09:58:54,865] EPLUS_ENV_Part1-Heavy-Shg-Test-v1_MainThread-EPLUSPROCESS_EPI_0 INFO:Reporting Surfaces

[2019-01-28 09:58:54,866] EPLUS_ENV_Part1-Heavy-Shg-Test-v1_MainThread-EPLUSPROCESS_EPI_0 INFO:Beginning Primary Simulation

[2019-01-28 09:58:54,866] EPLUS_ENV_Part1-Heavy-Shg-Test-v1_MainThread-EPLUSPROCESS_EPI_0 INFO:Initializing New Environment Parameters

[2019-01-28 09:58:54,866] EPLUS_ENV_Part1-Heavy-Shg-Test-v1_MainThread-EPLUSPROCESS_EPI_0 INFO:Warming up {1}

[2019-01-28 09:58:54,866] EPLUS_ENV_Part1-Heavy-Shg-Test-v1_MainThread-EPLUSPROCESS_EPI_0 INFO:Instantiating Building Controls Virtual Test Bed

[2019-01-28 09:58:54,866] EPLUS_ENV_Part1-Heavy-Shg-Test-v1_MainThread-EPLUSPROCESS_EPI_0 INFO:ExternalInterface initializes.

[2019-01-28 09:58:54,866] EPLUS_ENV_Part1-Heavy-Shg-Test-v1_MainThread-EPLUSPROCESS_EPI_0 INFO:Number of outputs in ExternalInterface = 71

[2019-01-28 09:58:54,866] EPLUS_ENV_Part1-Heavy-Shg-Test-v1_MainThread-EPLUSPROCESS_EPI_0 INFO:Number of inputs  in ExternalInterface = 1

[2019-01-28 09:58:54,866] EPLUS_ENV_Part1-Heavy-Shg-Test-v1_MainThread-EPLUSPROCESS_EPI_0 INFO:Warming up {2}

[2019-01-28 09:58:54,866] EPLUS_ENV_Part1-Heavy-Shg-Test-v1_MainThread-EPLUSPROCESS_EPI_0 INFO:Warming up {3}

[2019-01-28 09:58:54,866] EPLUS_ENV_Part1-Heavy-Shg-Test-v1_MainThread-EPLUSPROCESS_EPI_0 INFO:Warming up {4}

[2019-01-28 09:58:54,866] EPLUS_ENV_Part1-Heavy-Shg-Test-v1_MainThread-EPLUSPROCESS_EPI_0 INFO:Warming up {5}

[2019-01-28 09:58:54,866] EPLUS_ENV_Part1-Heavy-Shg-Test-v1_MainThread-EPLUSPROCESS_EPI_0 INFO:Warming up {6}

[2019-01-28 09:58:54,866] EPLUS_ENV_Part1-Heavy-Shg-Test-v1_MainThread-EPLUSPROCESS_EPI_0 INFO:Warming up {7}

[2019-01-28 09:58:54,866] EPLUS_ENV_Part1-Heavy-Shg-Test-v1_MainThread-EPLUSPROCESS_EPI_0 INFO:Warming up {8}

[2019-01-28 09:58:54,866] EPLUS_ENV_Part1-Heavy-Shg-Test-v1_MainThread-EPLUSPROCESS_EPI_0 INFO:Starting Simulation at 06/01 for PHIPPS_CSL_BUILDING_SUMMER

[2019-01-28 09:58:54,866] EPLUS_ENV_Part1-Heavy-Shg-Test-v1_MainThread-EPLUSPROCESS_EPI_0 INFO:ExternalInterface starts first data exchange.

[2019-01-28 09:58:54,867] EPLUS_ENV_Part1-Heavy-Shg-Test-v1_MainThread-EPLUSPROCESS_EPI_0 INFO:Updating Shadowing Calculations, Start Date=06/21

[2019-01-28 09:58:54,867] EPLUS_ENV_Part1-Heavy-Shg-Test-v1_MainThread-EPLUSPROCESS_EPI_0 INFO:Continuing Simulation at 06/21 for PHIPPS_CSL_BUILDING_SUMMER

[2019-01-28 09:58:54,867] EPLUS_ENV_Part1-Heavy-Shg-Test-v1_MainThread-EPLUSPROCESS_EPI_0 INFO:Updating Shadowing Calculations, Start Date=07/11

[2019-01-28 09:58:54,867] EPLUS_ENV_Part1-Heavy-Shg-Test-v1_MainThread-EPLUSPROCESS_EPI_0 INFO:Continuing Simulation at 07/11 for PHIPPS_CSL_BUILDING_SUMMER

[2019-01-28 09:58:54,867] EPLUS_ENV_Part1-Heavy-Shg-Test-v1_MainThread-EPLUSPROCESS_EPI_0 INFO:Updating Shadowing Calculations, Start Date=07/31

[2019-01-28 09:58:54,867] EPLUS_ENV_Part1-Heavy-Shg-Test-v1_MainThread-EPLUSPROCESS_EPI_0 INFO:Continuing Simulation at 07/31 for PHIPPS_CSL_BUILDING_SUMMER

[2019-01-28 09:58:54,867] EPLUS_ENV_Part1-Heavy-Shg-Test-v1_MainThread-EPLUSPROCESS_EPI_0 INFO:Updating Shadowing Calculations, Start Date=08/20

[2019-01-28 09:58:54,867] EPLUS_ENV_Part1-Heavy-Shg-Test-v1_MainThread-EPLUSPROCESS_EPI_0 INFO:Continuing Simulation at 08/20 for PHIPPS_CSL_BUILDING_SUMMER

[2019-01-28 09:58:54,867] EPLUS_ENV_Part1-Heavy-Shg-Test-v1_MainThread-EPLUSPROCESS_EPI_0 INFO:Writing tabular output file results using comma format.

[2019-01-28 09:58:54,867] EPLUS_ENV_Part1-Heavy-Shg-Test-v1_MainThread-EPLUSPROCESS_EPI_0 INFO:Writing tabular output file results using HTML format.

[2019-01-28 09:58:54,867] EPLUS_ENV_Part1-Heavy-Shg-Test-v1_MainThread-EPLUSPROCESS_EPI_0 INFO:Writing final SQL reports

[2019-01-28 09:58:54,867] EPLUS_ENV_Part1-Heavy-Shg-Test-v1_MainThread-EPLUSPROCESS_EPI_0 INFO:EnergyPlus Run Time=00hr 05min  4.25sec

[2019-01-28 09:58:56,389] A3C_EVAL-Part1-Heavy-Shg-Test-v2 INFO:Evaluation: average rewards by now are 7245.8913 767184904.0516 9108.0000
[2019-01-28 09:58:56,497] EPLUS_ENV_Part1-Heavy-Shg-Test-v2_MainThread-EPLUSPROCESS_EPI_0 INFO:EnergyPlus Starting

[2019-01-28 09:58:56,497] EPLUS_ENV_Part1-Heavy-Shg-Test-v2_MainThread-EPLUSPROCESS_EPI_0 INFO:EnergyPlus, Version 8.3.0-6d97d074ea, YMD=2019.01.28 09:53

[2019-01-28 09:58:56,497] EPLUS_ENV_Part1-Heavy-Shg-Test-v2_MainThread-EPLUSPROCESS_EPI_0 INFO:Processing Data Dictionary

[2019-01-28 09:58:56,497] EPLUS_ENV_Part1-Heavy-Shg-Test-v2_MainThread-EPLUSPROCESS_EPI_0 INFO:Processing Input File

[2019-01-28 09:58:56,497] EPLUS_ENV_Part1-Heavy-Shg-Test-v2_MainThread-EPLUSPROCESS_EPI_0 INFO:Initializing Response Factors

[2019-01-28 09:58:56,498] EPLUS_ENV_Part1-Heavy-Shg-Test-v2_MainThread-EPLUSPROCESS_EPI_0 INFO:Calculating CTFs for "GROUNDFLOOR_FROM_DB", Construction # 1

[2019-01-28 09:58:56,498] EPLUS_ENV_Part1-Heavy-Shg-Test-v2_MainThread-EPLUSPROCESS_EPI_0 INFO:Calculating CTFs for "GROUNDFLOOR_FROM_DB", Construction # 1

[2019-01-28 09:58:56,498] EPLUS_ENV_Part1-Heavy-Shg-Test-v2_MainThread-EPLUSPROCESS_EPI_0 INFO:Calculating CTFs for "3", Construction # 2

[2019-01-28 09:58:56,498] EPLUS_ENV_Part1-Heavy-Shg-Test-v2_MainThread-EPLUSPROCESS_EPI_0 INFO:Calculating CTFs for "5", Construction # 4

[2019-01-28 09:58:56,498] EPLUS_ENV_Part1-Heavy-Shg-Test-v2_MainThread-EPLUSPROCESS_EPI_0 INFO:Calculating CTFs for "7", Construction # 6

[2019-01-28 09:58:56,498] EPLUS_ENV_Part1-Heavy-Shg-Test-v2_MainThread-EPLUSPROCESS_EPI_0 INFO:Calculating CTFs for "9", Construction # 7

[2019-01-28 09:58:56,498] EPLUS_ENV_Part1-Heavy-Shg-Test-v2_MainThread-EPLUSPROCESS_EPI_0 INFO:Calculating CTFs for "10", Construction # 8

[2019-01-28 09:58:56,498] EPLUS_ENV_Part1-Heavy-Shg-Test-v2_MainThread-EPLUSPROCESS_EPI_0 INFO:Calculating CTFs for "EXTWALL_HEAVY_ASHRAE901_2013_ZONE3", Construction # 9

[2019-01-28 09:58:56,498] EPLUS_ENV_Part1-Heavy-Shg-Test-v2_MainThread-EPLUSPROCESS_EPI_0 INFO:Calculating CTFs for "17", Construction # 10

[2019-01-28 09:58:56,498] EPLUS_ENV_Part1-Heavy-Shg-Test-v2_MainThread-EPLUSPROCESS_EPI_0 INFO:Calculating CTFs for "18", Construction # 11

[2019-01-28 09:58:56,498] EPLUS_ENV_Part1-Heavy-Shg-Test-v2_MainThread-EPLUSPROCESS_EPI_0 INFO:Calculating CTFs for "19", Construction # 12

[2019-01-28 09:58:56,498] EPLUS_ENV_Part1-Heavy-Shg-Test-v2_MainThread-EPLUSPROCESS_EPI_0 INFO:Calculating CTFs for "19", Construction # 12

[2019-01-28 09:58:56,498] EPLUS_ENV_Part1-Heavy-Shg-Test-v2_MainThread-EPLUSPROCESS_EPI_0 INFO:Calculating CTFs for "19", Construction # 12

[2019-01-28 09:58:56,498] EPLUS_ENV_Part1-Heavy-Shg-Test-v2_MainThread-EPLUSPROCESS_EPI_0 INFO:Calculating CTFs for "21", Construction # 13

[2019-01-28 09:58:56,498] EPLUS_ENV_Part1-Heavy-Shg-Test-v2_MainThread-EPLUSPROCESS_EPI_0 INFO:Calculating CTFs for "23", Construction # 15

[2019-01-28 09:58:56,498] EPLUS_ENV_Part1-Heavy-Shg-Test-v2_MainThread-EPLUSPROCESS_EPI_0 INFO:Calculating CTFs for "25", Construction # 17

[2019-01-28 09:58:56,498] EPLUS_ENV_Part1-Heavy-Shg-Test-v2_MainThread-EPLUSPROCESS_EPI_0 INFO:Calculating CTFs for "27", Construction # 18

[2019-01-28 09:58:56,499] EPLUS_ENV_Part1-Heavy-Shg-Test-v2_MainThread-EPLUSPROCESS_EPI_0 INFO:Calculating CTFs for "31", Construction # 19

[2019-01-28 09:58:56,499] EPLUS_ENV_Part1-Heavy-Shg-Test-v2_MainThread-EPLUSPROCESS_EPI_0 INFO:Calculating CTFs for "35", Construction # 21

[2019-01-28 09:58:56,499] EPLUS_ENV_Part1-Heavy-Shg-Test-v2_MainThread-EPLUSPROCESS_EPI_0 INFO:Calculating CTFs for "41", Construction # 22

[2019-01-28 09:58:56,499] EPLUS_ENV_Part1-Heavy-Shg-Test-v2_MainThread-EPLUSPROCESS_EPI_0 INFO:Calculating CTFs for "42", Construction # 23

[2019-01-28 09:58:56,499] EPLUS_ENV_Part1-Heavy-Shg-Test-v2_MainThread-EPLUSPROCESS_EPI_0 INFO:Calculating CTFs for "43", Construction # 24

[2019-01-28 09:58:56,499] EPLUS_ENV_Part1-Heavy-Shg-Test-v2_MainThread-EPLUSPROCESS_EPI_0 INFO:Calculating CTFs for "43", Construction # 24

[2019-01-28 09:58:56,499] EPLUS_ENV_Part1-Heavy-Shg-Test-v2_MainThread-EPLUSPROCESS_EPI_0 INFO:Calculating CTFs for "43", Construction # 24

[2019-01-28 09:58:56,499] EPLUS_ENV_Part1-Heavy-Shg-Test-v2_MainThread-EPLUSPROCESS_EPI_0 INFO:Calculating CTFs for "49", Construction # 26

[2019-01-28 09:58:56,499] EPLUS_ENV_Part1-Heavy-Shg-Test-v2_MainThread-EPLUSPROCESS_EPI_0 INFO:Calculating CTFs for "49", Construction # 26

[2019-01-28 09:58:56,499] EPLUS_ENV_Part1-Heavy-Shg-Test-v2_MainThread-EPLUSPROCESS_EPI_0 INFO:Calculating CTFs for "49", Construction # 26

[2019-01-28 09:58:56,499] EPLUS_ENV_Part1-Heavy-Shg-Test-v2_MainThread-EPLUSPROCESS_EPI_0 INFO:Calculating CTFs for "51", Construction # 27

[2019-01-28 09:58:56,499] EPLUS_ENV_Part1-Heavy-Shg-Test-v2_MainThread-EPLUSPROCESS_EPI_0 INFO:Calculating CTFs for "52", Construction # 28

[2019-01-28 09:58:56,499] EPLUS_ENV_Part1-Heavy-Shg-Test-v2_MainThread-EPLUSPROCESS_EPI_0 INFO:Calculating CTFs for "57", Construction # 29

[2019-01-28 09:58:56,499] EPLUS_ENV_Part1-Heavy-Shg-Test-v2_MainThread-EPLUSPROCESS_EPI_0 INFO:Calculating CTFs for "57", Construction # 29

[2019-01-28 09:58:56,499] EPLUS_ENV_Part1-Heavy-Shg-Test-v2_MainThread-EPLUSPROCESS_EPI_0 INFO:Calculating CTFs for "57", Construction # 29

[2019-01-28 09:58:56,499] EPLUS_ENV_Part1-Heavy-Shg-Test-v2_MainThread-EPLUSPROCESS_EPI_0 INFO:Calculating CTFs for "57", Construction # 29

[2019-01-28 09:58:56,499] EPLUS_ENV_Part1-Heavy-Shg-Test-v2_MainThread-EPLUSPROCESS_EPI_0 INFO:Calculating CTFs for "57", Construction # 29

[2019-01-28 09:58:56,499] EPLUS_ENV_Part1-Heavy-Shg-Test-v2_MainThread-EPLUSPROCESS_EPI_0 INFO:Calculating CTFs for "57", Construction # 29

[2019-01-28 09:58:56,500] EPLUS_ENV_Part1-Heavy-Shg-Test-v2_MainThread-EPLUSPROCESS_EPI_0 INFO:Calculating CTFs for "57", Construction # 29

[2019-01-28 09:58:56,500] EPLUS_ENV_Part1-Heavy-Shg-Test-v2_MainThread-EPLUSPROCESS_EPI_0 INFO:Calculating CTFs for "57", Construction # 29

[2019-01-28 09:58:56,500] EPLUS_ENV_Part1-Heavy-Shg-Test-v2_MainThread-EPLUSPROCESS_EPI_0 INFO:Calculating CTFs for "57", Construction # 29

[2019-01-28 09:58:56,500] EPLUS_ENV_Part1-Heavy-Shg-Test-v2_MainThread-EPLUSPROCESS_EPI_0 INFO:Calculating CTFs for "59", Construction # 30

[2019-01-28 09:58:56,500] EPLUS_ENV_Part1-Heavy-Shg-Test-v2_MainThread-EPLUSPROCESS_EPI_0 INFO:Calculating CTFs for "59", Construction # 30

[2019-01-28 09:58:56,500] EPLUS_ENV_Part1-Heavy-Shg-Test-v2_MainThread-EPLUSPROCESS_EPI_0 INFO:Calculating CTFs for "59", Construction # 30

[2019-01-28 09:58:56,500] EPLUS_ENV_Part1-Heavy-Shg-Test-v2_MainThread-EPLUSPROCESS_EPI_0 INFO:Calculating CTFs for "65", Construction # 31

[2019-01-28 09:58:56,500] EPLUS_ENV_Part1-Heavy-Shg-Test-v2_MainThread-EPLUSPROCESS_EPI_0 INFO:Calculating CTFs for "ROOF_HEAVY_ASHRAE901_2013_ZONE3", Construction # 34

[2019-01-28 09:58:56,500] EPLUS_ENV_Part1-Heavy-Shg-Test-v2_MainThread-EPLUSPROCESS_EPI_0 INFO:Calculating CTFs for "75", Construction # 35

[2019-01-28 09:58:56,500] EPLUS_ENV_Part1-Heavy-Shg-Test-v2_MainThread-EPLUSPROCESS_EPI_0 INFO:Calculating CTFs for "83", Construction # 36

[2019-01-28 09:58:56,500] EPLUS_ENV_Part1-Heavy-Shg-Test-v2_MainThread-EPLUSPROCESS_EPI_0 INFO:Calculating CTFs for "85", Construction # 38

[2019-01-28 09:58:56,500] EPLUS_ENV_Part1-Heavy-Shg-Test-v2_MainThread-EPLUSPROCESS_EPI_0 INFO:Initializing Window Optical Properties

[2019-01-28 09:58:56,500] EPLUS_ENV_Part1-Heavy-Shg-Test-v2_MainThread-EPLUSPROCESS_EPI_0 INFO:Initializing Solar Calculations

[2019-01-28 09:58:56,500] EPLUS_ENV_Part1-Heavy-Shg-Test-v2_MainThread-EPLUSPROCESS_EPI_0 INFO:Allocate Solar Module Arrays

[2019-01-28 09:58:56,500] EPLUS_ENV_Part1-Heavy-Shg-Test-v2_MainThread-EPLUSPROCESS_EPI_0 INFO:Initializing Zone Report Variables

[2019-01-28 09:58:56,500] EPLUS_ENV_Part1-Heavy-Shg-Test-v2_MainThread-EPLUSPROCESS_EPI_0 INFO:Initializing Surface (Shading) Report Variables

[2019-01-28 09:58:56,500] EPLUS_ENV_Part1-Heavy-Shg-Test-v2_MainThread-EPLUSPROCESS_EPI_0 INFO:Computing Interior Solar Absorption Factors

[2019-01-28 09:58:56,500] EPLUS_ENV_Part1-Heavy-Shg-Test-v2_MainThread-EPLUSPROCESS_EPI_0 INFO:Determining Shadowing Combinations

[2019-01-28 09:58:56,501] EPLUS_ENV_Part1-Heavy-Shg-Test-v2_MainThread-EPLUSPROCESS_EPI_0 INFO:Computing Window Shade Absorption Factors

[2019-01-28 09:58:56,501] EPLUS_ENV_Part1-Heavy-Shg-Test-v2_MainThread-EPLUSPROCESS_EPI_0 INFO:Proceeding with Initializing Solar Calculations

[2019-01-28 09:58:56,501] EPLUS_ENV_Part1-Heavy-Shg-Test-v2_MainThread-EPLUSPROCESS_EPI_0 INFO:Initializing Surfaces

[2019-01-28 09:58:56,501] EPLUS_ENV_Part1-Heavy-Shg-Test-v2_MainThread-EPLUSPROCESS_EPI_0 INFO:Initializing Outdoor environment for Surfaces

[2019-01-28 09:58:56,501] EPLUS_ENV_Part1-Heavy-Shg-Test-v2_MainThread-EPLUSPROCESS_EPI_0 INFO:Setting up Surface Reporting Variables

[2019-01-28 09:58:56,501] EPLUS_ENV_Part1-Heavy-Shg-Test-v2_MainThread-EPLUSPROCESS_EPI_0 INFO:Initializing Temperature and Flux Histories

[2019-01-28 09:58:56,501] EPLUS_ENV_Part1-Heavy-Shg-Test-v2_MainThread-EPLUSPROCESS_EPI_0 INFO:Initializing Window Shading

[2019-01-28 09:58:56,501] EPLUS_ENV_Part1-Heavy-Shg-Test-v2_MainThread-EPLUSPROCESS_EPI_0 INFO:Computing Interior Absorption Factors

[2019-01-28 09:58:56,501] EPLUS_ENV_Part1-Heavy-Shg-Test-v2_MainThread-EPLUSPROCESS_EPI_0 INFO:Computing Interior Diffuse Solar Absorption Factors

[2019-01-28 09:58:56,501] EPLUS_ENV_Part1-Heavy-Shg-Test-v2_MainThread-EPLUSPROCESS_EPI_0 INFO:Computing Interior Diffuse Solar Exchange through Interzone Windows

[2019-01-28 09:58:56,501] EPLUS_ENV_Part1-Heavy-Shg-Test-v2_MainThread-EPLUSPROCESS_EPI_0 INFO:Initializing Solar Heat Gains

[2019-01-28 09:58:56,501] EPLUS_ENV_Part1-Heavy-Shg-Test-v2_MainThread-EPLUSPROCESS_EPI_0 INFO:Initializing Internal Heat Gains

[2019-01-28 09:58:56,501] EPLUS_ENV_Part1-Heavy-Shg-Test-v2_MainThread-EPLUSPROCESS_EPI_0 INFO:Initializing Interior Solar Distribution

[2019-01-28 09:58:56,501] EPLUS_ENV_Part1-Heavy-Shg-Test-v2_MainThread-EPLUSPROCESS_EPI_0 INFO:Initializing Interior Convection Coefficients

[2019-01-28 09:58:56,501] EPLUS_ENV_Part1-Heavy-Shg-Test-v2_MainThread-EPLUSPROCESS_EPI_0 INFO:Gathering Information for Predefined Reporting

[2019-01-28 09:58:56,501] EPLUS_ENV_Part1-Heavy-Shg-Test-v2_MainThread-EPLUSPROCESS_EPI_0 INFO:Completed Initializing Surface Heat Balance

[2019-01-28 09:58:56,501] EPLUS_ENV_Part1-Heavy-Shg-Test-v2_MainThread-EPLUSPROCESS_EPI_0 INFO:Calculate Outside Surface Heat Balance

[2019-01-28 09:58:56,502] EPLUS_ENV_Part1-Heavy-Shg-Test-v2_MainThread-EPLUSPROCESS_EPI_0 INFO:Calculate Inside Surface Heat Balance

[2019-01-28 09:58:56,502] EPLUS_ENV_Part1-Heavy-Shg-Test-v2_MainThread-EPLUSPROCESS_EPI_0 INFO:Calculate Air Heat Balance

[2019-01-28 09:58:56,502] EPLUS_ENV_Part1-Heavy-Shg-Test-v2_MainThread-EPLUSPROCESS_EPI_0 INFO:Initializing HVAC

[2019-01-28 09:58:56,502] EPLUS_ENV_Part1-Heavy-Shg-Test-v2_MainThread-EPLUSPROCESS_EPI_0 INFO:Warming up

[2019-01-28 09:58:56,502] EPLUS_ENV_Part1-Heavy-Shg-Test-v2_MainThread-EPLUSPROCESS_EPI_0 INFO:Warming up

[2019-01-28 09:58:56,503] EPLUS_ENV_Part1-Heavy-Shg-Test-v2_MainThread-EPLUSPROCESS_EPI_0 INFO:Warming up

[2019-01-28 09:58:56,503] EPLUS_ENV_Part1-Heavy-Shg-Test-v2_MainThread-EPLUSPROCESS_EPI_0 INFO:Warming up

[2019-01-28 09:58:56,503] EPLUS_ENV_Part1-Heavy-Shg-Test-v2_MainThread-EPLUSPROCESS_EPI_0 INFO:Warming up

[2019-01-28 09:58:56,503] EPLUS_ENV_Part1-Heavy-Shg-Test-v2_MainThread-EPLUSPROCESS_EPI_0 INFO:Warming up

[2019-01-28 09:58:56,503] EPLUS_ENV_Part1-Heavy-Shg-Test-v2_MainThread-EPLUSPROCESS_EPI_0 INFO:Warming up

[2019-01-28 09:58:56,504] EPLUS_ENV_Part1-Heavy-Shg-Test-v2_MainThread-EPLUSPROCESS_EPI_0 INFO:Warming up

[2019-01-28 09:58:56,504] EPLUS_ENV_Part1-Heavy-Shg-Test-v2_MainThread-EPLUSPROCESS_EPI_0 INFO:Warming up

[2019-01-28 09:58:56,504] EPLUS_ENV_Part1-Heavy-Shg-Test-v2_MainThread-EPLUSPROCESS_EPI_0 INFO:Warming up

[2019-01-28 09:58:56,504] EPLUS_ENV_Part1-Heavy-Shg-Test-v2_MainThread-EPLUSPROCESS_EPI_0 INFO:Warming up

[2019-01-28 09:58:56,504] EPLUS_ENV_Part1-Heavy-Shg-Test-v2_MainThread-EPLUSPROCESS_EPI_0 INFO:Warming up

[2019-01-28 09:58:56,504] EPLUS_ENV_Part1-Heavy-Shg-Test-v2_MainThread-EPLUSPROCESS_EPI_0 INFO:Performing Zone Sizing Simulation

[2019-01-28 09:58:56,504] EPLUS_ENV_Part1-Heavy-Shg-Test-v2_MainThread-EPLUSPROCESS_EPI_0 INFO:...for Sizing Period: #1 SUMMER DESIGN DAY IN PHIPPS_CSL_BUILDING

[2019-01-28 09:58:56,504] EPLUS_ENV_Part1-Heavy-Shg-Test-v2_MainThread-EPLUSPROCESS_EPI_0 INFO:Warming up

[2019-01-28 09:58:56,504] EPLUS_ENV_Part1-Heavy-Shg-Test-v2_MainThread-EPLUSPROCESS_EPI_0 INFO:Warming up

[2019-01-28 09:58:56,504] EPLUS_ENV_Part1-Heavy-Shg-Test-v2_MainThread-EPLUSPROCESS_EPI_0 INFO:Warming up

[2019-01-28 09:58:56,504] EPLUS_ENV_Part1-Heavy-Shg-Test-v2_MainThread-EPLUSPROCESS_EPI_0 INFO:Warming up

[2019-01-28 09:58:56,504] EPLUS_ENV_Part1-Heavy-Shg-Test-v2_MainThread-EPLUSPROCESS_EPI_0 INFO:Warming up

[2019-01-28 09:58:56,504] EPLUS_ENV_Part1-Heavy-Shg-Test-v2_MainThread-EPLUSPROCESS_EPI_0 INFO:Warming up

[2019-01-28 09:58:56,504] EPLUS_ENV_Part1-Heavy-Shg-Test-v2_MainThread-EPLUSPROCESS_EPI_0 INFO:Warming up

[2019-01-28 09:58:56,504] EPLUS_ENV_Part1-Heavy-Shg-Test-v2_MainThread-EPLUSPROCESS_EPI_0 INFO:Warming up

[2019-01-28 09:58:56,504] EPLUS_ENV_Part1-Heavy-Shg-Test-v2_MainThread-EPLUSPROCESS_EPI_0 INFO:Warming up

[2019-01-28 09:58:56,504] EPLUS_ENV_Part1-Heavy-Shg-Test-v2_MainThread-EPLUSPROCESS_EPI_0 INFO:Warming up

[2019-01-28 09:58:56,505] EPLUS_ENV_Part1-Heavy-Shg-Test-v2_MainThread-EPLUSPROCESS_EPI_0 INFO:Warming up

[2019-01-28 09:58:56,505] EPLUS_ENV_Part1-Heavy-Shg-Test-v2_MainThread-EPLUSPROCESS_EPI_0 INFO:Warming up

[2019-01-28 09:58:56,505] EPLUS_ENV_Part1-Heavy-Shg-Test-v2_MainThread-EPLUSPROCESS_EPI_0 INFO:Warming up

[2019-01-28 09:58:56,505] EPLUS_ENV_Part1-Heavy-Shg-Test-v2_MainThread-EPLUSPROCESS_EPI_0 INFO:Warming up

[2019-01-28 09:58:56,505] EPLUS_ENV_Part1-Heavy-Shg-Test-v2_MainThread-EPLUSPROCESS_EPI_0 INFO:Warming up

[2019-01-28 09:58:56,505] EPLUS_ENV_Part1-Heavy-Shg-Test-v2_MainThread-EPLUSPROCESS_EPI_0 INFO:Warming up

[2019-01-28 09:58:56,505] EPLUS_ENV_Part1-Heavy-Shg-Test-v2_MainThread-EPLUSPROCESS_EPI_0 INFO:Warming up

[2019-01-28 09:58:56,505] EPLUS_ENV_Part1-Heavy-Shg-Test-v2_MainThread-EPLUSPROCESS_EPI_0 INFO:Warming up

[2019-01-28 09:58:56,505] EPLUS_ENV_Part1-Heavy-Shg-Test-v2_MainThread-EPLUSPROCESS_EPI_0 INFO:Warming up

[2019-01-28 09:58:56,505] EPLUS_ENV_Part1-Heavy-Shg-Test-v2_MainThread-EPLUSPROCESS_EPI_0 INFO:Performing Zone Sizing Simulation

[2019-01-28 09:58:56,505] EPLUS_ENV_Part1-Heavy-Shg-Test-v2_MainThread-EPLUSPROCESS_EPI_0 INFO:...for Sizing Period: #2 WINTER DESIGN DAY IN PHIPPS_CSL_BUILDING

[2019-01-28 09:58:56,505] EPLUS_ENV_Part1-Heavy-Shg-Test-v2_MainThread-EPLUSPROCESS_EPI_0 INFO:Calculating System sizing

[2019-01-28 09:58:56,505] EPLUS_ENV_Part1-Heavy-Shg-Test-v2_MainThread-EPLUSPROCESS_EPI_0 INFO:...for Sizing Period: #1 SUMMER DESIGN DAY IN PHIPPS_CSL_BUILDING

[2019-01-28 09:58:56,505] EPLUS_ENV_Part1-Heavy-Shg-Test-v2_MainThread-EPLUSPROCESS_EPI_0 INFO:Calculating System sizing

[2019-01-28 09:58:56,505] EPLUS_ENV_Part1-Heavy-Shg-Test-v2_MainThread-EPLUSPROCESS_EPI_0 INFO:...for Sizing Period: #2 WINTER DESIGN DAY IN PHIPPS_CSL_BUILDING

[2019-01-28 09:58:56,505] EPLUS_ENV_Part1-Heavy-Shg-Test-v2_MainThread-EPLUSPROCESS_EPI_0 INFO:Initializing Simulation

[2019-01-28 09:58:56,505] EPLUS_ENV_Part1-Heavy-Shg-Test-v2_MainThread-EPLUSPROCESS_EPI_0 INFO:Reporting Surfaces

[2019-01-28 09:58:56,505] EPLUS_ENV_Part1-Heavy-Shg-Test-v2_MainThread-EPLUSPROCESS_EPI_0 INFO:Beginning Primary Simulation

[2019-01-28 09:58:56,506] EPLUS_ENV_Part1-Heavy-Shg-Test-v2_MainThread-EPLUSPROCESS_EPI_0 INFO:Initializing New Environment Parameters

[2019-01-28 09:58:56,506] EPLUS_ENV_Part1-Heavy-Shg-Test-v2_MainThread-EPLUSPROCESS_EPI_0 INFO:Warming up {1}

[2019-01-28 09:58:56,506] EPLUS_ENV_Part1-Heavy-Shg-Test-v2_MainThread-EPLUSPROCESS_EPI_0 INFO:Instantiating Building Controls Virtual Test Bed

[2019-01-28 09:58:56,506] EPLUS_ENV_Part1-Heavy-Shg-Test-v2_MainThread-EPLUSPROCESS_EPI_0 INFO:ExternalInterface initializes.

[2019-01-28 09:58:56,506] EPLUS_ENV_Part1-Heavy-Shg-Test-v2_MainThread-EPLUSPROCESS_EPI_0 INFO:Number of outputs in ExternalInterface = 71

[2019-01-28 09:58:56,506] EPLUS_ENV_Part1-Heavy-Shg-Test-v2_MainThread-EPLUSPROCESS_EPI_0 INFO:Number of inputs  in ExternalInterface = 1

[2019-01-28 09:58:56,506] EPLUS_ENV_Part1-Heavy-Shg-Test-v2_MainThread-EPLUSPROCESS_EPI_0 INFO:Warming up {2}

[2019-01-28 09:58:56,506] EPLUS_ENV_Part1-Heavy-Shg-Test-v2_MainThread-EPLUSPROCESS_EPI_0 INFO:Warming up {3}

[2019-01-28 09:58:56,506] EPLUS_ENV_Part1-Heavy-Shg-Test-v2_MainThread-EPLUSPROCESS_EPI_0 INFO:Warming up {4}

[2019-01-28 09:58:56,506] EPLUS_ENV_Part1-Heavy-Shg-Test-v2_MainThread-EPLUSPROCESS_EPI_0 INFO:Warming up {5}

[2019-01-28 09:58:56,506] EPLUS_ENV_Part1-Heavy-Shg-Test-v2_MainThread-EPLUSPROCESS_EPI_0 INFO:Warming up {6}

[2019-01-28 09:58:56,506] EPLUS_ENV_Part1-Heavy-Shg-Test-v2_MainThread-EPLUSPROCESS_EPI_0 INFO:Starting Simulation at 06/01 for PHIPPS_CSL_BUILDING_SUMMER

[2019-01-28 09:58:56,506] EPLUS_ENV_Part1-Heavy-Shg-Test-v2_MainThread-EPLUSPROCESS_EPI_0 INFO:ExternalInterface starts first data exchange.

[2019-01-28 09:58:56,506] EPLUS_ENV_Part1-Heavy-Shg-Test-v2_MainThread-EPLUSPROCESS_EPI_0 INFO:Updating Shadowing Calculations, Start Date=06/21

[2019-01-28 09:58:56,506] EPLUS_ENV_Part1-Heavy-Shg-Test-v2_MainThread-EPLUSPROCESS_EPI_0 INFO:Continuing Simulation at 06/21 for PHIPPS_CSL_BUILDING_SUMMER

[2019-01-28 09:58:56,506] EPLUS_ENV_Part1-Heavy-Shg-Test-v2_MainThread-EPLUSPROCESS_EPI_0 INFO:Updating Shadowing Calculations, Start Date=07/11

[2019-01-28 09:58:56,506] EPLUS_ENV_Part1-Heavy-Shg-Test-v2_MainThread-EPLUSPROCESS_EPI_0 INFO:Continuing Simulation at 07/11 for PHIPPS_CSL_BUILDING_SUMMER

[2019-01-28 09:58:56,506] EPLUS_ENV_Part1-Heavy-Shg-Test-v2_MainThread-EPLUSPROCESS_EPI_0 INFO:Updating Shadowing Calculations, Start Date=07/31

[2019-01-28 09:58:56,506] EPLUS_ENV_Part1-Heavy-Shg-Test-v2_MainThread-EPLUSPROCESS_EPI_0 INFO:Continuing Simulation at 07/31 for PHIPPS_CSL_BUILDING_SUMMER

[2019-01-28 09:58:56,506] EPLUS_ENV_Part1-Heavy-Shg-Test-v2_MainThread-EPLUSPROCESS_EPI_0 INFO:Updating Shadowing Calculations, Start Date=08/20

[2019-01-28 09:58:56,507] EPLUS_ENV_Part1-Heavy-Shg-Test-v2_MainThread-EPLUSPROCESS_EPI_0 INFO:Continuing Simulation at 08/20 for PHIPPS_CSL_BUILDING_SUMMER

[2019-01-28 09:58:56,507] EPLUS_ENV_Part1-Heavy-Shg-Test-v2_MainThread-EPLUSPROCESS_EPI_0 INFO:Writing tabular output file results using comma format.

[2019-01-28 09:58:56,507] EPLUS_ENV_Part1-Heavy-Shg-Test-v2_MainThread-EPLUSPROCESS_EPI_0 INFO:Writing tabular output file results using HTML format.

[2019-01-28 09:58:56,507] EPLUS_ENV_Part1-Heavy-Shg-Test-v2_MainThread-EPLUSPROCESS_EPI_0 INFO:Writing final SQL reports

[2019-01-28 09:58:56,507] EPLUS_ENV_Part1-Heavy-Shg-Test-v2_MainThread-EPLUSPROCESS_EPI_0 INFO:EnergyPlus Run Time=00hr 05min  5.81sec

[2019-01-28 09:59:25,317] A3C_EVAL-Part1-Heavy-Shg-Train-v1 INFO:Evaluation: average rewards by now are 7553.9535 732113363.8861 3583.0000
[2019-01-28 09:59:25,398] EPLUS_ENV_Part1-Heavy-Shg-Train-v1_MainThread-EPLUSPROCESS_EPI_0 INFO:EnergyPlus Starting

[2019-01-28 09:59:25,398] EPLUS_ENV_Part1-Heavy-Shg-Train-v1_MainThread-EPLUSPROCESS_EPI_0 INFO:EnergyPlus, Version 8.3.0-6d97d074ea, YMD=2019.01.28 09:53

[2019-01-28 09:59:25,399] EPLUS_ENV_Part1-Heavy-Shg-Train-v1_MainThread-EPLUSPROCESS_EPI_0 INFO:Processing Data Dictionary

[2019-01-28 09:59:25,399] EPLUS_ENV_Part1-Heavy-Shg-Train-v1_MainThread-EPLUSPROCESS_EPI_0 INFO:Processing Input File

[2019-01-28 09:59:25,399] EPLUS_ENV_Part1-Heavy-Shg-Train-v1_MainThread-EPLUSPROCESS_EPI_0 INFO:Initializing Response Factors

[2019-01-28 09:59:25,399] EPLUS_ENV_Part1-Heavy-Shg-Train-v1_MainThread-EPLUSPROCESS_EPI_0 INFO:Calculating CTFs for "GROUNDFLOOR_FROM_DB", Construction # 1

[2019-01-28 09:59:25,399] EPLUS_ENV_Part1-Heavy-Shg-Train-v1_MainThread-EPLUSPROCESS_EPI_0 INFO:Calculating CTFs for "GROUNDFLOOR_FROM_DB", Construction # 1

[2019-01-28 09:59:25,399] EPLUS_ENV_Part1-Heavy-Shg-Train-v1_MainThread-EPLUSPROCESS_EPI_0 INFO:Calculating CTFs for "3", Construction # 2

[2019-01-28 09:59:25,399] EPLUS_ENV_Part1-Heavy-Shg-Train-v1_MainThread-EPLUSPROCESS_EPI_0 INFO:Calculating CTFs for "5", Construction # 4

[2019-01-28 09:59:25,399] EPLUS_ENV_Part1-Heavy-Shg-Train-v1_MainThread-EPLUSPROCESS_EPI_0 INFO:Calculating CTFs for "7", Construction # 6

[2019-01-28 09:59:25,399] EPLUS_ENV_Part1-Heavy-Shg-Train-v1_MainThread-EPLUSPROCESS_EPI_0 INFO:Calculating CTFs for "9", Construction # 7

[2019-01-28 09:59:25,400] EPLUS_ENV_Part1-Heavy-Shg-Train-v1_MainThread-EPLUSPROCESS_EPI_0 INFO:Calculating CTFs for "10", Construction # 8

[2019-01-28 09:59:25,400] EPLUS_ENV_Part1-Heavy-Shg-Train-v1_MainThread-EPLUSPROCESS_EPI_0 INFO:Calculating CTFs for "EXTWALL_HEAVY_ASHRAE901_2013_ZONE3", Construction # 9

[2019-01-28 09:59:25,400] EPLUS_ENV_Part1-Heavy-Shg-Train-v1_MainThread-EPLUSPROCESS_EPI_0 INFO:Calculating CTFs for "17", Construction # 10

[2019-01-28 09:59:25,400] EPLUS_ENV_Part1-Heavy-Shg-Train-v1_MainThread-EPLUSPROCESS_EPI_0 INFO:Calculating CTFs for "18", Construction # 11

[2019-01-28 09:59:25,400] EPLUS_ENV_Part1-Heavy-Shg-Train-v1_MainThread-EPLUSPROCESS_EPI_0 INFO:Calculating CTFs for "19", Construction # 12

[2019-01-28 09:59:25,400] EPLUS_ENV_Part1-Heavy-Shg-Train-v1_MainThread-EPLUSPROCESS_EPI_0 INFO:Calculating CTFs for "19", Construction # 12

[2019-01-28 09:59:25,400] EPLUS_ENV_Part1-Heavy-Shg-Train-v1_MainThread-EPLUSPROCESS_EPI_0 INFO:Calculating CTFs for "19", Construction # 12

[2019-01-28 09:59:25,400] EPLUS_ENV_Part1-Heavy-Shg-Train-v1_MainThread-EPLUSPROCESS_EPI_0 INFO:Calculating CTFs for "21", Construction # 13

[2019-01-28 09:59:25,400] EPLUS_ENV_Part1-Heavy-Shg-Train-v1_MainThread-EPLUSPROCESS_EPI_0 INFO:Calculating CTFs for "23", Construction # 15

[2019-01-28 09:59:25,401] EPLUS_ENV_Part1-Heavy-Shg-Train-v1_MainThread-EPLUSPROCESS_EPI_0 INFO:Calculating CTFs for "25", Construction # 17

[2019-01-28 09:59:25,401] EPLUS_ENV_Part1-Heavy-Shg-Train-v1_MainThread-EPLUSPROCESS_EPI_0 INFO:Calculating CTFs for "27", Construction # 18

[2019-01-28 09:59:25,401] EPLUS_ENV_Part1-Heavy-Shg-Train-v1_MainThread-EPLUSPROCESS_EPI_0 INFO:Calculating CTFs for "31", Construction # 19

[2019-01-28 09:59:25,401] EPLUS_ENV_Part1-Heavy-Shg-Train-v1_MainThread-EPLUSPROCESS_EPI_0 INFO:Calculating CTFs for "35", Construction # 21

[2019-01-28 09:59:25,401] EPLUS_ENV_Part1-Heavy-Shg-Train-v1_MainThread-EPLUSPROCESS_EPI_0 INFO:Calculating CTFs for "41", Construction # 22

[2019-01-28 09:59:25,401] EPLUS_ENV_Part1-Heavy-Shg-Train-v1_MainThread-EPLUSPROCESS_EPI_0 INFO:Calculating CTFs for "42", Construction # 23

[2019-01-28 09:59:25,401] EPLUS_ENV_Part1-Heavy-Shg-Train-v1_MainThread-EPLUSPROCESS_EPI_0 INFO:Calculating CTFs for "43", Construction # 24

[2019-01-28 09:59:25,401] EPLUS_ENV_Part1-Heavy-Shg-Train-v1_MainThread-EPLUSPROCESS_EPI_0 INFO:Calculating CTFs for "43", Construction # 24

[2019-01-28 09:59:25,401] EPLUS_ENV_Part1-Heavy-Shg-Train-v1_MainThread-EPLUSPROCESS_EPI_0 INFO:Calculating CTFs for "43", Construction # 24

[2019-01-28 09:59:25,401] EPLUS_ENV_Part1-Heavy-Shg-Train-v1_MainThread-EPLUSPROCESS_EPI_0 INFO:Calculating CTFs for "49", Construction # 26

[2019-01-28 09:59:25,401] EPLUS_ENV_Part1-Heavy-Shg-Train-v1_MainThread-EPLUSPROCESS_EPI_0 INFO:Calculating CTFs for "49", Construction # 26

[2019-01-28 09:59:25,401] EPLUS_ENV_Part1-Heavy-Shg-Train-v1_MainThread-EPLUSPROCESS_EPI_0 INFO:Calculating CTFs for "49", Construction # 26

[2019-01-28 09:59:25,402] EPLUS_ENV_Part1-Heavy-Shg-Train-v1_MainThread-EPLUSPROCESS_EPI_0 INFO:Calculating CTFs for "51", Construction # 27

[2019-01-28 09:59:25,402] EPLUS_ENV_Part1-Heavy-Shg-Train-v1_MainThread-EPLUSPROCESS_EPI_0 INFO:Calculating CTFs for "52", Construction # 28

[2019-01-28 09:59:25,402] EPLUS_ENV_Part1-Heavy-Shg-Train-v1_MainThread-EPLUSPROCESS_EPI_0 INFO:Calculating CTFs for "57", Construction # 29

[2019-01-28 09:59:25,402] EPLUS_ENV_Part1-Heavy-Shg-Train-v1_MainThread-EPLUSPROCESS_EPI_0 INFO:Calculating CTFs for "57", Construction # 29

[2019-01-28 09:59:25,402] EPLUS_ENV_Part1-Heavy-Shg-Train-v1_MainThread-EPLUSPROCESS_EPI_0 INFO:Calculating CTFs for "57", Construction # 29

[2019-01-28 09:59:25,402] EPLUS_ENV_Part1-Heavy-Shg-Train-v1_MainThread-EPLUSPROCESS_EPI_0 INFO:Calculating CTFs for "57", Construction # 29

[2019-01-28 09:59:25,402] EPLUS_ENV_Part1-Heavy-Shg-Train-v1_MainThread-EPLUSPROCESS_EPI_0 INFO:Calculating CTFs for "57", Construction # 29

[2019-01-28 09:59:25,402] EPLUS_ENV_Part1-Heavy-Shg-Train-v1_MainThread-EPLUSPROCESS_EPI_0 INFO:Calculating CTFs for "57", Construction # 29

[2019-01-28 09:59:25,402] EPLUS_ENV_Part1-Heavy-Shg-Train-v1_MainThread-EPLUSPROCESS_EPI_0 INFO:Calculating CTFs for "57", Construction # 29

[2019-01-28 09:59:25,402] EPLUS_ENV_Part1-Heavy-Shg-Train-v1_MainThread-EPLUSPROCESS_EPI_0 INFO:Calculating CTFs for "57", Construction # 29

[2019-01-28 09:59:25,402] EPLUS_ENV_Part1-Heavy-Shg-Train-v1_MainThread-EPLUSPROCESS_EPI_0 INFO:Calculating CTFs for "57", Construction # 29

[2019-01-28 09:59:25,402] EPLUS_ENV_Part1-Heavy-Shg-Train-v1_MainThread-EPLUSPROCESS_EPI_0 INFO:Calculating CTFs for "59", Construction # 30

[2019-01-28 09:59:25,403] EPLUS_ENV_Part1-Heavy-Shg-Train-v1_MainThread-EPLUSPROCESS_EPI_0 INFO:Calculating CTFs for "59", Construction # 30

[2019-01-28 09:59:25,403] EPLUS_ENV_Part1-Heavy-Shg-Train-v1_MainThread-EPLUSPROCESS_EPI_0 INFO:Calculating CTFs for "59", Construction # 30

[2019-01-28 09:59:25,403] EPLUS_ENV_Part1-Heavy-Shg-Train-v1_MainThread-EPLUSPROCESS_EPI_0 INFO:Calculating CTFs for "65", Construction # 31

[2019-01-28 09:59:25,403] EPLUS_ENV_Part1-Heavy-Shg-Train-v1_MainThread-EPLUSPROCESS_EPI_0 INFO:Calculating CTFs for "ROOF_HEAVY_ASHRAE901_2013_ZONE3", Construction # 34

[2019-01-28 09:59:25,403] EPLUS_ENV_Part1-Heavy-Shg-Train-v1_MainThread-EPLUSPROCESS_EPI_0 INFO:Calculating CTFs for "75", Construction # 35

[2019-01-28 09:59:25,403] EPLUS_ENV_Part1-Heavy-Shg-Train-v1_MainThread-EPLUSPROCESS_EPI_0 INFO:Calculating CTFs for "83", Construction # 36

[2019-01-28 09:59:25,403] EPLUS_ENV_Part1-Heavy-Shg-Train-v1_MainThread-EPLUSPROCESS_EPI_0 INFO:Calculating CTFs for "85", Construction # 38

[2019-01-28 09:59:25,403] EPLUS_ENV_Part1-Heavy-Shg-Train-v1_MainThread-EPLUSPROCESS_EPI_0 INFO:Initializing Window Optical Properties

[2019-01-28 09:59:25,403] EPLUS_ENV_Part1-Heavy-Shg-Train-v1_MainThread-EPLUSPROCESS_EPI_0 INFO:Initializing Solar Calculations

[2019-01-28 09:59:25,403] EPLUS_ENV_Part1-Heavy-Shg-Train-v1_MainThread-EPLUSPROCESS_EPI_0 INFO:Allocate Solar Module Arrays

[2019-01-28 09:59:25,403] EPLUS_ENV_Part1-Heavy-Shg-Train-v1_MainThread-EPLUSPROCESS_EPI_0 INFO:Initializing Zone Report Variables

[2019-01-28 09:59:25,403] EPLUS_ENV_Part1-Heavy-Shg-Train-v1_MainThread-EPLUSPROCESS_EPI_0 INFO:Initializing Surface (Shading) Report Variables

[2019-01-28 09:59:25,404] EPLUS_ENV_Part1-Heavy-Shg-Train-v1_MainThread-EPLUSPROCESS_EPI_0 INFO:Computing Interior Solar Absorption Factors

[2019-01-28 09:59:25,404] EPLUS_ENV_Part1-Heavy-Shg-Train-v1_MainThread-EPLUSPROCESS_EPI_0 INFO:Determining Shadowing Combinations

[2019-01-28 09:59:25,404] EPLUS_ENV_Part1-Heavy-Shg-Train-v1_MainThread-EPLUSPROCESS_EPI_0 INFO:Computing Window Shade Absorption Factors

[2019-01-28 09:59:25,404] EPLUS_ENV_Part1-Heavy-Shg-Train-v1_MainThread-EPLUSPROCESS_EPI_0 INFO:Proceeding with Initializing Solar Calculations

[2019-01-28 09:59:25,404] EPLUS_ENV_Part1-Heavy-Shg-Train-v1_MainThread-EPLUSPROCESS_EPI_0 INFO:Initializing Surfaces

[2019-01-28 09:59:25,404] EPLUS_ENV_Part1-Heavy-Shg-Train-v1_MainThread-EPLUSPROCESS_EPI_0 INFO:Initializing Outdoor environment for Surfaces

[2019-01-28 09:59:25,404] EPLUS_ENV_Part1-Heavy-Shg-Train-v1_MainThread-EPLUSPROCESS_EPI_0 INFO:Setting up Surface Reporting Variables

[2019-01-28 09:59:25,404] EPLUS_ENV_Part1-Heavy-Shg-Train-v1_MainThread-EPLUSPROCESS_EPI_0 INFO:Initializing Temperature and Flux Histories

[2019-01-28 09:59:25,404] EPLUS_ENV_Part1-Heavy-Shg-Train-v1_MainThread-EPLUSPROCESS_EPI_0 INFO:Initializing Window Shading

[2019-01-28 09:59:25,404] EPLUS_ENV_Part1-Heavy-Shg-Train-v1_MainThread-EPLUSPROCESS_EPI_0 INFO:Computing Interior Absorption Factors

[2019-01-28 09:59:25,404] EPLUS_ENV_Part1-Heavy-Shg-Train-v1_MainThread-EPLUSPROCESS_EPI_0 INFO:Computing Interior Diffuse Solar Absorption Factors

[2019-01-28 09:59:25,405] EPLUS_ENV_Part1-Heavy-Shg-Train-v1_MainThread-EPLUSPROCESS_EPI_0 INFO:Computing Interior Diffuse Solar Exchange through Interzone Windows

[2019-01-28 09:59:25,405] EPLUS_ENV_Part1-Heavy-Shg-Train-v1_MainThread-EPLUSPROCESS_EPI_0 INFO:Initializing Solar Heat Gains

[2019-01-28 09:59:25,405] EPLUS_ENV_Part1-Heavy-Shg-Train-v1_MainThread-EPLUSPROCESS_EPI_0 INFO:Initializing Internal Heat Gains

[2019-01-28 09:59:25,405] EPLUS_ENV_Part1-Heavy-Shg-Train-v1_MainThread-EPLUSPROCESS_EPI_0 INFO:Initializing Interior Solar Distribution

[2019-01-28 09:59:25,405] EPLUS_ENV_Part1-Heavy-Shg-Train-v1_MainThread-EPLUSPROCESS_EPI_0 INFO:Initializing Interior Convection Coefficients

[2019-01-28 09:59:25,405] EPLUS_ENV_Part1-Heavy-Shg-Train-v1_MainThread-EPLUSPROCESS_EPI_0 INFO:Gathering Information for Predefined Reporting

[2019-01-28 09:59:25,405] EPLUS_ENV_Part1-Heavy-Shg-Train-v1_MainThread-EPLUSPROCESS_EPI_0 INFO:Completed Initializing Surface Heat Balance

[2019-01-28 09:59:25,405] EPLUS_ENV_Part1-Heavy-Shg-Train-v1_MainThread-EPLUSPROCESS_EPI_0 INFO:Calculate Outside Surface Heat Balance

[2019-01-28 09:59:25,405] EPLUS_ENV_Part1-Heavy-Shg-Train-v1_MainThread-EPLUSPROCESS_EPI_0 INFO:Calculate Inside Surface Heat Balance

[2019-01-28 09:59:25,405] EPLUS_ENV_Part1-Heavy-Shg-Train-v1_MainThread-EPLUSPROCESS_EPI_0 INFO:Calculate Air Heat Balance

[2019-01-28 09:59:25,405] EPLUS_ENV_Part1-Heavy-Shg-Train-v1_MainThread-EPLUSPROCESS_EPI_0 INFO:Initializing HVAC

[2019-01-28 09:59:25,405] EPLUS_ENV_Part1-Heavy-Shg-Train-v1_MainThread-EPLUSPROCESS_EPI_0 INFO:Warming up

[2019-01-28 09:59:25,406] EPLUS_ENV_Part1-Heavy-Shg-Train-v1_MainThread-EPLUSPROCESS_EPI_0 INFO:Warming up

[2019-01-28 09:59:25,406] EPLUS_ENV_Part1-Heavy-Shg-Train-v1_MainThread-EPLUSPROCESS_EPI_0 INFO:Warming up

[2019-01-28 09:59:25,406] EPLUS_ENV_Part1-Heavy-Shg-Train-v1_MainThread-EPLUSPROCESS_EPI_0 INFO:Warming up

[2019-01-28 09:59:25,406] EPLUS_ENV_Part1-Heavy-Shg-Train-v1_MainThread-EPLUSPROCESS_EPI_0 INFO:Warming up

[2019-01-28 09:59:25,406] EPLUS_ENV_Part1-Heavy-Shg-Train-v1_MainThread-EPLUSPROCESS_EPI_0 INFO:Warming up

[2019-01-28 09:59:25,406] EPLUS_ENV_Part1-Heavy-Shg-Train-v1_MainThread-EPLUSPROCESS_EPI_0 INFO:Warming up

[2019-01-28 09:59:25,406] EPLUS_ENV_Part1-Heavy-Shg-Train-v1_MainThread-EPLUSPROCESS_EPI_0 INFO:Warming up

[2019-01-28 09:59:25,406] EPLUS_ENV_Part1-Heavy-Shg-Train-v1_MainThread-EPLUSPROCESS_EPI_0 INFO:Warming up

[2019-01-28 09:59:25,406] EPLUS_ENV_Part1-Heavy-Shg-Train-v1_MainThread-EPLUSPROCESS_EPI_0 INFO:Warming up

[2019-01-28 09:59:25,406] EPLUS_ENV_Part1-Heavy-Shg-Train-v1_MainThread-EPLUSPROCESS_EPI_0 INFO:Warming up

[2019-01-28 09:59:25,406] EPLUS_ENV_Part1-Heavy-Shg-Train-v1_MainThread-EPLUSPROCESS_EPI_0 INFO:Warming up

[2019-01-28 09:59:25,407] EPLUS_ENV_Part1-Heavy-Shg-Train-v1_MainThread-EPLUSPROCESS_EPI_0 INFO:Warming up

[2019-01-28 09:59:25,407] EPLUS_ENV_Part1-Heavy-Shg-Train-v1_MainThread-EPLUSPROCESS_EPI_0 INFO:Warming up

[2019-01-28 09:59:25,407] EPLUS_ENV_Part1-Heavy-Shg-Train-v1_MainThread-EPLUSPROCESS_EPI_0 INFO:Warming up

[2019-01-28 09:59:25,407] EPLUS_ENV_Part1-Heavy-Shg-Train-v1_MainThread-EPLUSPROCESS_EPI_0 INFO:Warming up

[2019-01-28 09:59:25,407] EPLUS_ENV_Part1-Heavy-Shg-Train-v1_MainThread-EPLUSPROCESS_EPI_0 INFO:Warming up

[2019-01-28 09:59:25,407] EPLUS_ENV_Part1-Heavy-Shg-Train-v1_MainThread-EPLUSPROCESS_EPI_0 INFO:Warming up

[2019-01-28 09:59:25,407] EPLUS_ENV_Part1-Heavy-Shg-Train-v1_MainThread-EPLUSPROCESS_EPI_0 INFO:Warming up

[2019-01-28 09:59:25,407] EPLUS_ENV_Part1-Heavy-Shg-Train-v1_MainThread-EPLUSPROCESS_EPI_0 INFO:Warming up

[2019-01-28 09:59:25,407] EPLUS_ENV_Part1-Heavy-Shg-Train-v1_MainThread-EPLUSPROCESS_EPI_0 INFO:Warming up

[2019-01-28 09:59:25,407] EPLUS_ENV_Part1-Heavy-Shg-Train-v1_MainThread-EPLUSPROCESS_EPI_0 INFO:Warming up

[2019-01-28 09:59:25,408] EPLUS_ENV_Part1-Heavy-Shg-Train-v1_MainThread-EPLUSPROCESS_EPI_0 INFO:Warming up

[2019-01-28 09:59:25,408] EPLUS_ENV_Part1-Heavy-Shg-Train-v1_MainThread-EPLUSPROCESS_EPI_0 INFO:Warming up

[2019-01-28 09:59:25,408] EPLUS_ENV_Part1-Heavy-Shg-Train-v1_MainThread-EPLUSPROCESS_EPI_0 INFO:Warming up

[2019-01-28 09:59:25,408] EPLUS_ENV_Part1-Heavy-Shg-Train-v1_MainThread-EPLUSPROCESS_EPI_0 INFO:Performing Zone Sizing Simulation

[2019-01-28 09:59:25,408] EPLUS_ENV_Part1-Heavy-Shg-Train-v1_MainThread-EPLUSPROCESS_EPI_0 INFO:...for Sizing Period: #1 SUMMER DESIGN DAY IN PHIPPS_CSL_BUILDING

[2019-01-28 09:59:25,408] EPLUS_ENV_Part1-Heavy-Shg-Train-v1_MainThread-EPLUSPROCESS_EPI_0 INFO:Warming up

[2019-01-28 09:59:25,408] EPLUS_ENV_Part1-Heavy-Shg-Train-v1_MainThread-EPLUSPROCESS_EPI_0 INFO:Warming up

[2019-01-28 09:59:25,408] EPLUS_ENV_Part1-Heavy-Shg-Train-v1_MainThread-EPLUSPROCESS_EPI_0 INFO:Warming up

[2019-01-28 09:59:25,408] EPLUS_ENV_Part1-Heavy-Shg-Train-v1_MainThread-EPLUSPROCESS_EPI_0 INFO:Warming up

[2019-01-28 09:59:25,408] EPLUS_ENV_Part1-Heavy-Shg-Train-v1_MainThread-EPLUSPROCESS_EPI_0 INFO:Warming up

[2019-01-28 09:59:25,408] EPLUS_ENV_Part1-Heavy-Shg-Train-v1_MainThread-EPLUSPROCESS_EPI_0 INFO:Warming up

[2019-01-28 09:59:25,408] EPLUS_ENV_Part1-Heavy-Shg-Train-v1_MainThread-EPLUSPROCESS_EPI_0 INFO:Warming up

[2019-01-28 09:59:25,409] EPLUS_ENV_Part1-Heavy-Shg-Train-v1_MainThread-EPLUSPROCESS_EPI_0 INFO:Warming up

[2019-01-28 09:59:25,409] EPLUS_ENV_Part1-Heavy-Shg-Train-v1_MainThread-EPLUSPROCESS_EPI_0 INFO:Warming up

[2019-01-28 09:59:25,409] EPLUS_ENV_Part1-Heavy-Shg-Train-v1_MainThread-EPLUSPROCESS_EPI_0 INFO:Warming up

[2019-01-28 09:59:25,409] EPLUS_ENV_Part1-Heavy-Shg-Train-v1_MainThread-EPLUSPROCESS_EPI_0 INFO:Warming up

[2019-01-28 09:59:25,409] EPLUS_ENV_Part1-Heavy-Shg-Train-v1_MainThread-EPLUSPROCESS_EPI_0 INFO:Warming up

[2019-01-28 09:59:25,409] EPLUS_ENV_Part1-Heavy-Shg-Train-v1_MainThread-EPLUSPROCESS_EPI_0 INFO:Warming up

[2019-01-28 09:59:25,409] EPLUS_ENV_Part1-Heavy-Shg-Train-v1_MainThread-EPLUSPROCESS_EPI_0 INFO:Warming up

[2019-01-28 09:59:25,409] EPLUS_ENV_Part1-Heavy-Shg-Train-v1_MainThread-EPLUSPROCESS_EPI_0 INFO:Warming up

[2019-01-28 09:59:25,409] EPLUS_ENV_Part1-Heavy-Shg-Train-v1_MainThread-EPLUSPROCESS_EPI_0 INFO:Warming up

[2019-01-28 09:59:25,409] EPLUS_ENV_Part1-Heavy-Shg-Train-v1_MainThread-EPLUSPROCESS_EPI_0 INFO:Warming up

[2019-01-28 09:59:25,409] EPLUS_ENV_Part1-Heavy-Shg-Train-v1_MainThread-EPLUSPROCESS_EPI_0 INFO:Warming up

[2019-01-28 09:59:25,409] EPLUS_ENV_Part1-Heavy-Shg-Train-v1_MainThread-EPLUSPROCESS_EPI_0 INFO:Warming up

[2019-01-28 09:59:25,409] EPLUS_ENV_Part1-Heavy-Shg-Train-v1_MainThread-EPLUSPROCESS_EPI_0 INFO:Warming up

[2019-01-28 09:59:25,409] EPLUS_ENV_Part1-Heavy-Shg-Train-v1_MainThread-EPLUSPROCESS_EPI_0 INFO:Warming up

[2019-01-28 09:59:25,409] EPLUS_ENV_Part1-Heavy-Shg-Train-v1_MainThread-EPLUSPROCESS_EPI_0 INFO:Warming up

[2019-01-28 09:59:25,409] EPLUS_ENV_Part1-Heavy-Shg-Train-v1_MainThread-EPLUSPROCESS_EPI_0 INFO:Warming up

[2019-01-28 09:59:25,409] EPLUS_ENV_Part1-Heavy-Shg-Train-v1_MainThread-EPLUSPROCESS_EPI_0 INFO:Warming up

[2019-01-28 09:59:25,409] EPLUS_ENV_Part1-Heavy-Shg-Train-v1_MainThread-EPLUSPROCESS_EPI_0 INFO:Warming up

[2019-01-28 09:59:25,410] EPLUS_ENV_Part1-Heavy-Shg-Train-v1_MainThread-EPLUSPROCESS_EPI_0 INFO:Performing Zone Sizing Simulation

[2019-01-28 09:59:25,410] EPLUS_ENV_Part1-Heavy-Shg-Train-v1_MainThread-EPLUSPROCESS_EPI_0 INFO:...for Sizing Period: #2 WINTER DESIGN DAY IN PHIPPS_CSL_BUILDING

[2019-01-28 09:59:25,410] EPLUS_ENV_Part1-Heavy-Shg-Train-v1_MainThread-EPLUSPROCESS_EPI_0 INFO:Calculating System sizing

[2019-01-28 09:59:25,410] EPLUS_ENV_Part1-Heavy-Shg-Train-v1_MainThread-EPLUSPROCESS_EPI_0 INFO:...for Sizing Period: #1 SUMMER DESIGN DAY IN PHIPPS_CSL_BUILDING

[2019-01-28 09:59:25,410] EPLUS_ENV_Part1-Heavy-Shg-Train-v1_MainThread-EPLUSPROCESS_EPI_0 INFO:Calculating System sizing

[2019-01-28 09:59:25,410] EPLUS_ENV_Part1-Heavy-Shg-Train-v1_MainThread-EPLUSPROCESS_EPI_0 INFO:...for Sizing Period: #2 WINTER DESIGN DAY IN PHIPPS_CSL_BUILDING

[2019-01-28 09:59:25,410] EPLUS_ENV_Part1-Heavy-Shg-Train-v1_MainThread-EPLUSPROCESS_EPI_0 INFO:Initializing Simulation

[2019-01-28 09:59:25,410] EPLUS_ENV_Part1-Heavy-Shg-Train-v1_MainThread-EPLUSPROCESS_EPI_0 INFO:Reporting Surfaces

[2019-01-28 09:59:25,410] EPLUS_ENV_Part1-Heavy-Shg-Train-v1_MainThread-EPLUSPROCESS_EPI_0 INFO:Beginning Primary Simulation

[2019-01-28 09:59:25,410] EPLUS_ENV_Part1-Heavy-Shg-Train-v1_MainThread-EPLUSPROCESS_EPI_0 INFO:Initializing New Environment Parameters

[2019-01-28 09:59:25,410] EPLUS_ENV_Part1-Heavy-Shg-Train-v1_MainThread-EPLUSPROCESS_EPI_0 INFO:Warming up {1}

[2019-01-28 09:59:25,410] EPLUS_ENV_Part1-Heavy-Shg-Train-v1_MainThread-EPLUSPROCESS_EPI_0 INFO:Instantiating Building Controls Virtual Test Bed

[2019-01-28 09:59:25,410] EPLUS_ENV_Part1-Heavy-Shg-Train-v1_MainThread-EPLUSPROCESS_EPI_0 INFO:ExternalInterface initializes.

[2019-01-28 09:59:25,410] EPLUS_ENV_Part1-Heavy-Shg-Train-v1_MainThread-EPLUSPROCESS_EPI_0 INFO:Number of outputs in ExternalInterface = 71

[2019-01-28 09:59:25,410] EPLUS_ENV_Part1-Heavy-Shg-Train-v1_MainThread-EPLUSPROCESS_EPI_0 INFO:Number of inputs  in ExternalInterface = 1

[2019-01-28 09:59:25,410] EPLUS_ENV_Part1-Heavy-Shg-Train-v1_MainThread-EPLUSPROCESS_EPI_0 INFO:Warming up {2}

[2019-01-28 09:59:25,410] EPLUS_ENV_Part1-Heavy-Shg-Train-v1_MainThread-EPLUSPROCESS_EPI_0 INFO:Warming up {3}

[2019-01-28 09:59:25,410] EPLUS_ENV_Part1-Heavy-Shg-Train-v1_MainThread-EPLUSPROCESS_EPI_0 INFO:Warming up {4}

[2019-01-28 09:59:25,410] EPLUS_ENV_Part1-Heavy-Shg-Train-v1_MainThread-EPLUSPROCESS_EPI_0 INFO:Warming up {5}

[2019-01-28 09:59:25,410] EPLUS_ENV_Part1-Heavy-Shg-Train-v1_MainThread-EPLUSPROCESS_EPI_0 INFO:Warming up {6}

[2019-01-28 09:59:25,410] EPLUS_ENV_Part1-Heavy-Shg-Train-v1_MainThread-EPLUSPROCESS_EPI_0 INFO:Warming up {7}

[2019-01-28 09:59:25,410] EPLUS_ENV_Part1-Heavy-Shg-Train-v1_MainThread-EPLUSPROCESS_EPI_0 INFO:Warming up {8}

[2019-01-28 09:59:25,410] EPLUS_ENV_Part1-Heavy-Shg-Train-v1_MainThread-EPLUSPROCESS_EPI_0 INFO:Warming up {9}

[2019-01-28 09:59:25,410] EPLUS_ENV_Part1-Heavy-Shg-Train-v1_MainThread-EPLUSPROCESS_EPI_0 INFO:Warming up {10}

[2019-01-28 09:59:25,410] EPLUS_ENV_Part1-Heavy-Shg-Train-v1_MainThread-EPLUSPROCESS_EPI_0 INFO:Warming up {11}

[2019-01-28 09:59:25,410] EPLUS_ENV_Part1-Heavy-Shg-Train-v1_MainThread-EPLUSPROCESS_EPI_0 INFO:Warming up {12}

[2019-01-28 09:59:25,411] EPLUS_ENV_Part1-Heavy-Shg-Train-v1_MainThread-EPLUSPROCESS_EPI_0 INFO:Warming up {13}

[2019-01-28 09:59:25,411] EPLUS_ENV_Part1-Heavy-Shg-Train-v1_MainThread-EPLUSPROCESS_EPI_0 INFO:Warming up {14}

[2019-01-28 09:59:25,411] EPLUS_ENV_Part1-Heavy-Shg-Train-v1_MainThread-EPLUSPROCESS_EPI_0 INFO:Warming up {15}

[2019-01-28 09:59:25,411] EPLUS_ENV_Part1-Heavy-Shg-Train-v1_MainThread-EPLUSPROCESS_EPI_0 INFO:Warming up {16}

[2019-01-28 09:59:25,411] EPLUS_ENV_Part1-Heavy-Shg-Train-v1_MainThread-EPLUSPROCESS_EPI_0 INFO:Warming up {17}

[2019-01-28 09:59:25,411] EPLUS_ENV_Part1-Heavy-Shg-Train-v1_MainThread-EPLUSPROCESS_EPI_0 INFO:Warming up {18}

[2019-01-28 09:59:25,411] EPLUS_ENV_Part1-Heavy-Shg-Train-v1_MainThread-EPLUSPROCESS_EPI_0 INFO:Warming up {19}

[2019-01-28 09:59:25,411] EPLUS_ENV_Part1-Heavy-Shg-Train-v1_MainThread-EPLUSPROCESS_EPI_0 INFO:Warming up {20}

[2019-01-28 09:59:25,411] EPLUS_ENV_Part1-Heavy-Shg-Train-v1_MainThread-EPLUSPROCESS_EPI_0 INFO:Warming up {21}

[2019-01-28 09:59:25,411] EPLUS_ENV_Part1-Heavy-Shg-Train-v1_MainThread-EPLUSPROCESS_EPI_0 INFO:Warming up {22}

[2019-01-28 09:59:25,411] EPLUS_ENV_Part1-Heavy-Shg-Train-v1_MainThread-EPLUSPROCESS_EPI_0 INFO:Warming up {23}

[2019-01-28 09:59:25,411] EPLUS_ENV_Part1-Heavy-Shg-Train-v1_MainThread-EPLUSPROCESS_EPI_0 INFO:Warming up {24}

[2019-01-28 09:59:25,411] EPLUS_ENV_Part1-Heavy-Shg-Train-v1_MainThread-EPLUSPROCESS_EPI_0 INFO:Warming up {25}

[2019-01-28 09:59:25,411] EPLUS_ENV_Part1-Heavy-Shg-Train-v1_MainThread-EPLUSPROCESS_EPI_0 INFO:Starting Simulation at 06/01 for PHIPPS_CSL_BUILDING_SUMMER

[2019-01-28 09:59:25,411] EPLUS_ENV_Part1-Heavy-Shg-Train-v1_MainThread-EPLUSPROCESS_EPI_0 INFO:ExternalInterface starts first data exchange.

[2019-01-28 09:59:25,411] EPLUS_ENV_Part1-Heavy-Shg-Train-v1_MainThread-EPLUSPROCESS_EPI_0 INFO:Updating Shadowing Calculations, Start Date=06/21

[2019-01-28 09:59:25,411] EPLUS_ENV_Part1-Heavy-Shg-Train-v1_MainThread-EPLUSPROCESS_EPI_0 INFO:Continuing Simulation at 06/21 for PHIPPS_CSL_BUILDING_SUMMER

[2019-01-28 09:59:25,411] EPLUS_ENV_Part1-Heavy-Shg-Train-v1_MainThread-EPLUSPROCESS_EPI_0 INFO:Updating Shadowing Calculations, Start Date=07/11

[2019-01-28 09:59:25,411] EPLUS_ENV_Part1-Heavy-Shg-Train-v1_MainThread-EPLUSPROCESS_EPI_0 INFO:Continuing Simulation at 07/11 for PHIPPS_CSL_BUILDING_SUMMER

[2019-01-28 09:59:25,411] EPLUS_ENV_Part1-Heavy-Shg-Train-v1_MainThread-EPLUSPROCESS_EPI_0 INFO:Updating Shadowing Calculations, Start Date=07/31

[2019-01-28 09:59:25,411] EPLUS_ENV_Part1-Heavy-Shg-Train-v1_MainThread-EPLUSPROCESS_EPI_0 INFO:Continuing Simulation at 07/31 for PHIPPS_CSL_BUILDING_SUMMER

[2019-01-28 09:59:25,411] EPLUS_ENV_Part1-Heavy-Shg-Train-v1_MainThread-EPLUSPROCESS_EPI_0 INFO:Updating Shadowing Calculations, Start Date=08/20

[2019-01-28 09:59:25,411] EPLUS_ENV_Part1-Heavy-Shg-Train-v1_MainThread-EPLUSPROCESS_EPI_0 INFO:Continuing Simulation at 08/20 for PHIPPS_CSL_BUILDING_SUMMER

[2019-01-28 09:59:25,411] EPLUS_ENV_Part1-Heavy-Shg-Train-v1_MainThread-EPLUSPROCESS_EPI_0 INFO:Writing tabular output file results using comma format.

[2019-01-28 09:59:25,411] EPLUS_ENV_Part1-Heavy-Shg-Train-v1_MainThread-EPLUSPROCESS_EPI_0 INFO:Writing tabular output file results using HTML format.

[2019-01-28 09:59:25,411] EPLUS_ENV_Part1-Heavy-Shg-Train-v1_MainThread-EPLUSPROCESS_EPI_0 INFO:Writing final SQL reports

[2019-01-28 09:59:25,412] EPLUS_ENV_Part1-Heavy-Shg-Train-v1_MainThread-EPLUSPROCESS_EPI_0 INFO:EnergyPlus Run Time=00hr 05min 34.90sec

[2019-01-28 09:59:26,401] A3C_AGENT_WORKER-Thread-2 INFO:Global step: 0, evaluation results [0.0, 7553.9534971501425, 732113363.8861281, 3583.0, 6974.055994908265, 791147549.5930125, 13738.0, 7245.89130059363, 767184904.0515513, 9108.0]
[2019-01-28 09:59:31,090] A3C_AGENT_WORKER-Thread-16 DEBUG:Policy network output: [0.05000539 0.02113732 0.03257317 0.06475895 0.01587682 0.04164962
 0.01646578 0.06569649 0.03018792 0.02208344 0.02357628 0.00812619
 0.04328171 0.02110239 0.06296118 0.01827518 0.03684311 0.05160922
 0.05104893 0.02678504 0.02162852 0.01212409 0.20982742 0.01934096
 0.03303489], sum to 1.0000
[2019-01-28 09:59:31,090] A3C_AGENT_WORKER-Thread-16 DEBUG:Softmax action selection sampled number: 0.6792
[2019-01-28 09:59:31,214] A3C_AGENT_WORKER-Thread-16 DEBUG:TRAINING DEBUG INFO ======>>>>>>>>>>>>>>>>>>>>>>>>>>>>>>>>>>>>>>>>>>>>>>>>Current H regulation is 0.0000, 
Environment debug: raw action idx is 19, 
current raw observation is [26.5, 66.0, 438.0, 477.0, 24.1079754387109, 23.42000618424586, 21.16681855017702, 23.76126157436774, 23.71766214014664, 23.4029651251226, 23.8136447004884, 24.05462468008331, 23.80792911765889, 23.48835465243339, 23.32417195165607, 22.72268058279354, 24.38541441759449, 23.97119312551773, 24.43426927366465, 23.99657737397159, 23.58587660205957, 24.5537561679099, 23.91090181651285, 23.37834734114125, 24.10423501421846, 23.74286716566823, 24.14975795070039, 23.41955605071478, 28.22655645673558, 23.91698538480569, 23.71138750632709, 24.14752812857084, 23.9081415549609, 24.11447074003758, 24.14752111950901, 23.48834074806204, 23.33077825824791, 22.72997576818427, 24.44531844536014, 23.97002846797768, 24.49056735952216, 24.00276475468383, 23.59072110872201, 24.54778762592257, 24.36869628363471, 24.75513000471584, 24.09685714994333, 24.51110345667544, 22.14975795070039, 21.41955605071478, 18.22655645673558, 21.91698538480569, 21.71138750632709, 22.14752812857084, 21.9081415549609, 22.11447074003758, 22.14752111950901, 21.48834074806204, 21.33077825824791, 20.72997576818427, 22.44531844536014, 21.97002846797768, 22.49056735952216, 22.00276475468383, 21.59072110872201, 22.54778762592257, 22.36869628363471, 22.75513000471584, 22.09685714994333, 22.51110345667544, 60089.00641958612], 
current ob forecast is [], 
actual action is [21.5], 
sim time this is 41400.0000, 
sim time next is 42000.0000, 
raw observation next is [26.6, 65.66666666666666, 403.3333333333333, 525.0, 24.15353567323668, 23.42340272295695, 21.39683415232208, 23.88503321910394, 23.71948186710434, 23.79879719084315, 23.89443366770418, 24.11630182345619, 24.06524314995518, 23.49251722178144, 23.33247400159089, 22.74236743143987, 24.44633479533174, 23.97337442806398, 24.49357318423432, 24.00328003388237, 23.59535699949741, 24.55348373281236, 24.1062093339053, 23.938523831157, 24.1013253452641, 24.09748825606364, 24.14975795070039, 23.41955605071478, 28.22655645673558, 23.91698538480569, 23.71138750632709, 24.14752812857084, 23.9081415549609, 24.11447074003758, 24.14752111950901, 23.48834074806204, 23.33077825824791, 22.72997576818427, 24.44531844536014, 23.97002846797768, 24.49056735952216, 24.00276475468383, 23.59072110872201, 24.54778762592257, 24.36869628363471, 24.75513000471584, 24.09685714994333, 24.51110345667544, 22.14975795070039, 21.41955605071478, 18.22655645673558, 21.91698538480569, 21.71138750632709, 22.14752812857084, 21.9081415549609, 22.11447074003758, 22.14752111950901, 21.48834074806204, 21.33077825824791, 20.72997576818427, 22.44531844536014, 21.97002846797768, 22.49056735952216, 22.00276475468383, 21.59072110872201, 22.54778762592257, 22.36869628363471, 22.75513000471584, 22.09685714994333, 22.51110345667544, 74125.06729500128], 
processed observation next is [1.0, 0.4782608695652174, 0.4571428571428572, 0.6566666666666666, 0.7624448645242595, 0.582039911308204, 0.6153535673236679, 0.542340272295695, 0.33968341523220785, 0.5885033219103939, 0.5719481867104339, 0.579879719084315, 0.5894433667704181, 0.6116301823456191, 0.606524314995518, 0.5492517221781441, 0.5332474001590889, 0.474236743143987, 0.6446334795331741, 0.597337442806398, 0.6493573184234321, 0.6003280033882369, 0.5595356999497412, 0.655348373281236, 0.6106209333905301, 0.5938523831156999, 0.6101325345264101, 0.6097488256063641, 0.6149757950700391, 0.5419556050714782, 1.022655645673558, 0.5916985384805692, 0.5711387506327089, 0.614752812857084, 0.59081415549609, 0.6114470740037579, 0.6147521119509008, 0.5488340748062039, 0.533077825824791, 0.47299757681842713, 0.644531844536014, 0.597002846797768, 0.649056735952216, 0.6002764754683831, 0.5590721108722011, 0.654778762592257, 0.6368696283634708, 0.6755130004715841, 0.6096857149943329, 0.6511103456675439, 0.41497579507003907, 0.34195560507147815, 0.022655645673557955, 0.3916985384805692, 0.3711387506327089, 0.41475281285708404, 0.3908141554960899, 0.41144707400375785, 0.41475211195090084, 0.348834074806204, 0.33307782582479106, 0.2729975768184271, 0.444531844536014, 0.3970028467977681, 0.449056735952216, 0.4002764754683831, 0.35907211087220114, 0.454778762592257, 0.4368696283634709, 0.4755130004715841, 0.4096857149943329, 0.45111034566754393, 0.5294647663928663], 
reward next is 0.4581, 
noisyNet noise sample is [array([0.7027899], dtype=float32), -2.0641162]. 
=============================================
[2019-01-28 09:59:31,219] A3C_AGENT_WORKER-Thread-16 DEBUG:Value prediction is [[6.546638 ]
 [6.524819 ]
 [6.502648 ]
 [6.4880404]
 [6.5250273]], R is [[6.97121525]
 [7.46491814]
 [7.991745  ]
 [8.48506546]
 [8.99826908]].
[2019-01-28 09:59:32,054] A3C_AGENT_WORKER-Thread-8 DEBUG:Policy network output: [0.05937555 0.01576953 0.02952414 0.12546033 0.01186319 0.04482546
 0.01327068 0.09739667 0.02935749 0.02381893 0.02553744 0.00550772
 0.03851566 0.01406651 0.05353046 0.0158115  0.0293852  0.06053248
 0.0495531  0.02584674 0.01383986 0.01060913 0.17445073 0.00936786
 0.02278366], sum to 1.0000
[2019-01-28 09:59:32,058] A3C_AGENT_WORKER-Thread-8 DEBUG:Softmax action selection sampled number: 0.0562
[2019-01-28 09:59:32,212] A3C_AGENT_WORKER-Thread-8 DEBUG:TRAINING DEBUG INFO ======>>>>>>>>>>>>>>>>>>>>>>>>>>>>>>>>>>>>>>>>>>>>>>>>Current H regulation is 0.0000, 
Environment debug: raw action idx is 0, 
current raw observation is [27.75, 63.5, 101.0, 846.0, 24.18811508760349, 23.84479032119926, 21.85945034815859, 24.07035198444455, 23.89892438240662, 23.48718901714529, 23.93179931678847, 23.45567717259402, 23.66644191184055, 24.25010154511035, 24.21679916692687, 24.38393104346088, 24.14806014569763, 24.52844839803735, 23.92300796715298, 23.69631847992894, 24.56904710928648, 23.86137147505676, 24.47741703508983, 22.83139107720014, 23.74450589594582, 23.64866164324663, 24.18312321178659, 23.83608273926131, 28.52498121184998, 24.9143339676973, 23.89060534300411, 23.49040105524986, 23.92837599751051, 23.45774000756722, 23.66907293029892, 24.24413654842824, 24.21513955890014, 24.38270044668204, 24.15076036639003, 24.52715490224402, 23.92268391957895, 23.71020765814059, 24.5623888676233, 23.87378004167695, 24.82491735716994, 22.82978550147153, 23.75207615304961, 23.65004808083388, 22.18312321178659, 21.83608273926131, 18.52498121184998, 22.9143339676973, 21.89060534300411, 21.49040105524986, 21.92837599751051, 21.45774000756722, 21.66907293029892, 22.24413654842824, 22.21513955890014, 22.38270044668204, 22.15076036639003, 22.52715490224402, 21.92268391957895, 21.71020765814059, 22.5623888676233, 21.87378004167695, 22.82491735716994, 20.82978550147153, 21.75207615304961, 21.65004808083388, 58893.15099334761], 
current ob forecast is [], 
actual action is [12.0], 
sim time this is 52200.0000, 
sim time next is 52800.0000, 
raw observation next is [27.66666666666666, 64.0, 102.3333333333333, 829.1666666666666, 24.17745436165519, 23.8452051845017, 21.60503030124739, 23.8735091717161, 23.88859390123434, 23.46032924505394, 23.86593437990137, 23.45474467466401, 23.665277478437, 24.24993330873666, 24.21239422013158, 24.36215445526332, 24.14660913553515, 24.52816250620186, 23.92188825405851, 23.68724918635224, 24.56899085248095, 23.85610287474619, 24.44161094312457, 22.69964312170222, 23.74046035098266, 23.64671273845, 24.18312321178659, 23.83608273926131, 28.52498121184998, 24.9143339676973, 23.89060534300411, 23.49040105524986, 23.92837599751051, 23.45774000756722, 23.66907293029892, 24.24413654842824, 24.21513955890014, 24.38270044668204, 24.15076036639003, 24.52715490224402, 23.92268391957895, 23.71020765814059, 24.5623888676233, 23.87378004167695, 24.82491735716994, 22.82978550147153, 23.75207615304961, 23.65004808083388, 22.18312321178659, 21.83608273926131, 18.52498121184998, 22.9143339676973, 21.89060534300411, 21.49040105524986, 21.92837599751051, 21.45774000756722, 21.66907293029892, 22.24413654842824, 22.21513955890014, 22.38270044668204, 22.15076036639003, 22.52715490224402, 21.92268391957895, 21.71020765814059, 22.5623888676233, 21.87378004167695, 22.82491735716994, 20.82978550147153, 21.75207615304961, 21.65004808083388, 55397.18066433177], 
processed observation next is [1.0, 0.6086956521739131, 0.5079365079365077, 0.64, 0.1934467548834278, 0.9192535107169253, 0.617745436165519, 0.5845205184501701, 0.3605030301247389, 0.5873509171716101, 0.588859390123434, 0.5460329245053941, 0.5865934379901369, 0.5454744674664009, 0.5665277478437002, 0.6249933308736662, 0.6212394220131578, 0.6362154455263319, 0.614660913553515, 0.6528162506201859, 0.5921888254058508, 0.568724918635224, 0.6568990852480951, 0.5856102874746189, 0.6441610943124569, 0.469964312170222, 0.5740460350982659, 0.5646712738449999, 0.618312321178659, 0.5836082739261311, 1.052498121184998, 0.6914333967697299, 0.5890605343004112, 0.5490401055249858, 0.5928375997510511, 0.5457740007567221, 0.5669072930298921, 0.6244136548428241, 0.6215139558900141, 0.638270044668204, 0.6150760366390031, 0.6527154902244021, 0.592268391957895, 0.5710207658140589, 0.6562388867623301, 0.5873780041676951, 0.6824917357169941, 0.482978550147153, 0.5752076153049611, 0.565004808083388, 0.418312321178659, 0.3836082739261311, 0.05249812118499797, 0.4914333967697299, 0.3890605343004111, 0.3490401055249858, 0.39283759975105104, 0.3457740007567221, 0.36690729302989206, 0.42441365484282406, 0.4215139558900141, 0.4382700446682041, 0.4150760366390031, 0.4527154902244021, 0.3922683919578951, 0.37102076581405896, 0.45623888676233015, 0.3873780041676952, 0.4824917357169941, 0.282978550147153, 0.3752076153049611, 0.365004808083388, 0.39569414760236976], 
reward next is 0.5952, 
noisyNet noise sample is [array([0.33807433], dtype=float32), -0.5528721]. 
=============================================
[2019-01-28 09:59:33,526] A3C_AGENT_WORKER-Thread-12 DEBUG:Policy network output: [0.10002665 0.00686792 0.03583184 0.12647544 0.00432749 0.02699414
 0.00595422 0.27072158 0.01925083 0.01302145 0.01845078 0.00117787
 0.04599104 0.00333473 0.06843999 0.00522508 0.01736704 0.05061498
 0.07439983 0.00654636 0.01177193 0.00433545 0.06994846 0.00296731
 0.00995751], sum to 1.0000
[2019-01-28 09:59:33,528] A3C_AGENT_WORKER-Thread-12 DEBUG:Softmax action selection sampled number: 0.5600
[2019-01-28 09:59:33,666] A3C_AGENT_WORKER-Thread-12 DEBUG:TRAINING DEBUG INFO ======>>>>>>>>>>>>>>>>>>>>>>>>>>>>>>>>>>>>>>>>>>>>>>>>Current H regulation is 0.0000, 
Environment debug: raw action idx is 7, 
current raw observation is [24.93333333333333, 77.66666666666667, 13.33333333333333, 0.0, 21.63611372245825, 22.51129585018227, 20.46158165214532, 22.1801321983578, 22.20877789849875, 22.22024709346083, 22.04247716803719, 22.52211112688979, 22.08279499810788, 23.35410722050847, 22.82774530017993, 22.99017419572185, 23.12447295483512, 23.07051139297426, 23.19267264209088, 23.11754219429125, 23.39513186106927, 23.10658802159016, 22.94904794092864, 22.4274843112364, 23.11563793637673, 22.91582426540261, 23.56820663108412, 24.51266699248055, 28.2921967217064, 24.18025046204313, 24.00154816740335, 24.22311745661349, 24.03831918418142, 24.52820648065221, 24.02980502158237, 24.45041126619587, 23.79907423610675, 24.20929941894851, 23.8312280538684, 24.11232553351454, 24.35920928014811, 23.78293810425262, 24.21613605331034, 23.1212495811512, 24.52457382995677, 24.42716987380421, 24.03564415919139, 24.27783546824422, 21.56820663108412, 22.51266699248055, 18.2921967217064, 22.18025046204313, 22.00154816740335, 22.22311745661349, 22.03831918418142, 22.52820648065221, 22.02980502158237, 22.45041126619587, 21.79907423610675, 22.20929941894851, 21.8312280538684, 22.11232553351454, 22.35920928014811, 21.78293810425262, 22.21613605331034, 21.1212495811512, 22.52457382995677, 22.42716987380421, 22.03564415919139, 22.27783546824422, 46848.64169599433], 
current ob forecast is [], 
actual action is [15.5], 
sim time this is 67200.0000, 
sim time next is 67800.0000, 
raw observation next is [24.76666666666667, 78.33333333333334, 0.0, 0.0, 21.65615891444558, 22.51105193037011, 20.61819334945022, 22.17919935605643, 22.18547212689715, 22.21107388930615, 22.04282007479909, 22.52504999670363, 22.08726817881442, 23.42896649039744, 22.92996126295233, 22.99085119989157, 23.24847120130841, 23.21469040653871, 23.30006014765533, 23.12081896440451, 23.50820505242625, 23.1137063513862, 23.03767632078149, 22.42753976566416, 23.28551054509879, 22.97649258211166, 23.56820663108412, 24.51266699248055, 28.2921967217064, 24.18025046204313, 24.00154816740335, 24.22311745661349, 24.03831918418142, 24.52820648065221, 24.02980502158237, 24.45041126619587, 23.79907423610675, 24.20929941894851, 23.8312280538684, 24.11232553351454, 24.35920928014811, 23.78293810425262, 24.21613605331034, 23.1212495811512, 24.52457382995677, 24.42716987380421, 24.03564415919139, 24.27783546824422, 21.56820663108412, 22.51266699248055, 18.2921967217064, 22.18025046204313, 22.00154816740335, 22.22311745661349, 22.03831918418142, 22.52820648065221, 22.02980502158237, 22.45041126619587, 21.79907423610675, 22.20929941894851, 21.8312280538684, 22.11232553351454, 22.35920928014811, 21.78293810425262, 22.21613605331034, 21.1212495811512, 22.52457382995677, 22.42716987380421, 22.03564415919139, 22.27783546824422, 46975.86106888181], 
processed observation next is [1.0, 0.782608695652174, 0.36984126984126997, 0.7833333333333334, 0.0, 0.0, 0.365615891444558, 0.4511051930370112, 0.26181933494502196, 0.41791993560564294, 0.41854721268971495, 0.42110738893061495, 0.40428200747990883, 0.4525049996703629, 0.40872681788144194, 0.5428966490397439, 0.4929961262952329, 0.49908511998915694, 0.5248471201308409, 0.5214690406538711, 0.530006014765533, 0.512081896440451, 0.5508205052426248, 0.5113706351386199, 0.503767632078149, 0.4427539765664161, 0.5285510545098792, 0.49764925821116607, 0.556820663108412, 0.651266699248055, 1.02921967217064, 0.618025046204313, 0.600154816740335, 0.6223117456613491, 0.6038319184181422, 0.6528206480652209, 0.602980502158237, 0.6450411266195871, 0.5799074236106752, 0.6209299418948511, 0.58312280538684, 0.611232553351454, 0.635920928014811, 0.5782938104252618, 0.6216136053310339, 0.51212495811512, 0.6524573829956768, 0.642716987380421, 0.6035644159191389, 0.627783546824422, 0.356820663108412, 0.45126669924805507, 0.02921967217064001, 0.418025046204313, 0.40015481674033493, 0.42231174566134905, 0.40383191841814214, 0.4528206480652209, 0.40298050215823694, 0.44504112661958717, 0.3799074236106751, 0.4209299418948511, 0.38312280538684007, 0.4112325533514539, 0.4359209280148111, 0.3782938104252619, 0.421613605331034, 0.3121249581151201, 0.45245738299567684, 0.44271698738042103, 0.40356441591913883, 0.427783546824422, 0.3355418647777272], 
reward next is 0.6524, 
noisyNet noise sample is [array([0.86809915], dtype=float32), 0.009354863]. 
=============================================
