2018-07-25 05:39:28.554209: I tensorflow/core/platform/cpu_feature_guard.cc:137] Your CPU supports instructions that this TensorFlow binary was not compiled to use: SSE4.1 SSE4.2 AVX AVX2 FMA
Using TensorFlow backend.
[2018-07-25 05:39:28,571] A3C_AGENT_MAIN INFO:Namespace(action_space='cslDxCool_1', activation='relu', agent_num=5, clip_norm=5.0, debug_log_prob=0.0005, decay_steps=1000000, dropout_prob=0.0, end_e=0.0, env='Model1-Cool-v1', eval_act_func='cslDxActCool_1', eval_epi_num=1, eval_freq=250000, forecast_dim=0, gamma=0.99, h_decay_bounds=[], h_regu_frac=[0.1], init_e=0.0, is_greedy_policy=False, is_learning_rate_decay_staircase=False, is_warm_start=False, job_mode='Train', learning_rate=0.001, learning_rate_decay_rate=0.96, learning_rate_decay_steps=100000, max_interactions=10000000, metric_func='cslDxCool_1', model_dir='None', model_param=[64, 4], model_type='nn', num_threads=16, output='a3c-res-v0.1/Model1-Cool-v1-run1', p_loss_frac=1.0, reward_func='cslDxCool_1', rmsprop_decay=0.99, rmsprop_epsil=1e-10, rmsprop_momet=0.0, rwd_e_para=1.0, rwd_p_para=1.0, save_freq=500000, save_max_to_keep=5, save_scope='all', state_dim=49, test_env='Model1-Test-Cool-v1', test_mode='Multiple', train_act_func='cslDxActCool_1', train_freq=5, v_loss_frac=0.5, violation_penalty_scl=10.0, window_len=3)
[2018-07-25 05:39:28,571] A3C_AGENT_MAIN INFO:Start compiling...
[2018-07-25 05:39:33,202] A3C_AGENT_MAIN INFO:Start the learning...
[2018-07-25 05:39:33,202] A3C_AGENT_MAIN INFO:Prepare the evaluation environments ['Model1-Cool-v1', 'Model1-Test-Cool-v1'] ...
[2018-07-25 05:39:33,226] A3C_AGENT_MAIN INFO:Prepare the local workers ...
[2018-07-25 05:39:33,227] A3C_AGENT_WORKER-Thread-2 INFO:Local worker starts!
[2018-07-25 05:39:33,280] EPLUS_ENV_Model1-Cool-v1_Thread-2_ROOT INFO:Creating EnergyPlus simulation environment...
[2018-07-25 05:39:33,281] EPLUS_ENV_Model1-Cool-v1_Thread-2_ROOT INFO:EnergyPlus working directory is in /home/zhiangz/Documents/HVAC-RL-Control/src/rl_parametric_runs_v1/17/Eplus-env-Model1-Cool-v1-res2/Eplus-env-sub_run1
[2018-07-25 05:39:34,228] A3C_AGENT_MAIN INFO:Prepare the local workers ...
[2018-07-25 05:39:34,230] A3C_AGENT_WORKER-Thread-3 INFO:Local worker starts!
[2018-07-25 05:39:34,286] EPLUS_ENV_Model1-Cool-v1_Thread-3_ROOT INFO:Creating EnergyPlus simulation environment...
[2018-07-25 05:39:34,288] EPLUS_ENV_Model1-Cool-v1_Thread-3_ROOT INFO:EnergyPlus working directory is in /home/zhiangz/Documents/HVAC-RL-Control/src/rl_parametric_runs_v1/17/Eplus-env-Model1-Cool-v1-res3/Eplus-env-sub_run1
[2018-07-25 05:39:35,231] A3C_AGENT_MAIN INFO:Prepare the local workers ...
[2018-07-25 05:39:35,232] A3C_AGENT_WORKER-Thread-4 INFO:Local worker starts!
[2018-07-25 05:39:35,291] EPLUS_ENV_Model1-Cool-v1_Thread-4_ROOT INFO:Creating EnergyPlus simulation environment...
[2018-07-25 05:39:35,293] EPLUS_ENV_Model1-Cool-v1_Thread-4_ROOT INFO:EnergyPlus working directory is in /home/zhiangz/Documents/HVAC-RL-Control/src/rl_parametric_runs_v1/17/Eplus-env-Model1-Cool-v1-res4/Eplus-env-sub_run1
[2018-07-25 05:39:36,233] A3C_AGENT_MAIN INFO:Prepare the local workers ...
[2018-07-25 05:39:36,235] A3C_AGENT_WORKER-Thread-5 INFO:Local worker starts!
[2018-07-25 05:39:36,304] EPLUS_ENV_Model1-Cool-v1_Thread-5_ROOT INFO:Creating EnergyPlus simulation environment...
[2018-07-25 05:39:36,306] EPLUS_ENV_Model1-Cool-v1_Thread-5_ROOT INFO:EnergyPlus working directory is in /home/zhiangz/Documents/HVAC-RL-Control/src/rl_parametric_runs_v1/17/Eplus-env-Model1-Cool-v1-res5/Eplus-env-sub_run1
[2018-07-25 05:39:37,236] A3C_AGENT_MAIN INFO:Prepare the local workers ...
[2018-07-25 05:39:37,237] A3C_AGENT_WORKER-Thread-6 INFO:Local worker starts!
[2018-07-25 05:39:37,301] EPLUS_ENV_Model1-Cool-v1_Thread-6_ROOT INFO:Creating EnergyPlus simulation environment...
[2018-07-25 05:39:37,303] EPLUS_ENV_Model1-Cool-v1_Thread-6_ROOT INFO:EnergyPlus working directory is in /home/zhiangz/Documents/HVAC-RL-Control/src/rl_parametric_runs_v1/17/Eplus-env-Model1-Cool-v1-res6/Eplus-env-sub_run1
[2018-07-25 05:39:38,238] A3C_AGENT_MAIN INFO:Prepare the local workers ...
[2018-07-25 05:39:38,239] A3C_AGENT_WORKER-Thread-7 INFO:Local worker starts!
[2018-07-25 05:39:38,306] EPLUS_ENV_Model1-Cool-v1_Thread-7_ROOT INFO:Creating EnergyPlus simulation environment...
[2018-07-25 05:39:38,308] EPLUS_ENV_Model1-Cool-v1_Thread-7_ROOT INFO:EnergyPlus working directory is in /home/zhiangz/Documents/HVAC-RL-Control/src/rl_parametric_runs_v1/17/Eplus-env-Model1-Cool-v1-res7/Eplus-env-sub_run1
[2018-07-25 05:39:39,240] A3C_AGENT_MAIN INFO:Prepare the local workers ...
[2018-07-25 05:39:39,241] A3C_AGENT_WORKER-Thread-8 INFO:Local worker starts!
[2018-07-25 05:39:39,330] EPLUS_ENV_Model1-Cool-v1_Thread-8_ROOT INFO:Creating EnergyPlus simulation environment...
[2018-07-25 05:39:39,333] EPLUS_ENV_Model1-Cool-v1_Thread-8_ROOT INFO:EnergyPlus working directory is in /home/zhiangz/Documents/HVAC-RL-Control/src/rl_parametric_runs_v1/17/Eplus-env-Model1-Cool-v1-res8/Eplus-env-sub_run1
[2018-07-25 05:39:40,242] A3C_AGENT_MAIN INFO:Prepare the local workers ...
[2018-07-25 05:39:40,242] A3C_AGENT_WORKER-Thread-9 INFO:Local worker starts!
[2018-07-25 05:39:40,334] EPLUS_ENV_Model1-Cool-v1_Thread-9_ROOT INFO:Creating EnergyPlus simulation environment...
[2018-07-25 05:39:40,337] EPLUS_ENV_Model1-Cool-v1_Thread-9_ROOT INFO:EnergyPlus working directory is in /home/zhiangz/Documents/HVAC-RL-Control/src/rl_parametric_runs_v1/17/Eplus-env-Model1-Cool-v1-res9/Eplus-env-sub_run1
[2018-07-25 05:39:41,243] A3C_AGENT_MAIN INFO:Prepare the local workers ...
[2018-07-25 05:39:41,244] A3C_AGENT_WORKER-Thread-10 INFO:Local worker starts!
[2018-07-25 05:39:41,335] EPLUS_ENV_Model1-Cool-v1_Thread-10_ROOT INFO:Creating EnergyPlus simulation environment...
[2018-07-25 05:39:41,338] EPLUS_ENV_Model1-Cool-v1_Thread-10_ROOT INFO:EnergyPlus working directory is in /home/zhiangz/Documents/HVAC-RL-Control/src/rl_parametric_runs_v1/17/Eplus-env-Model1-Cool-v1-res10/Eplus-env-sub_run1
[2018-07-25 05:39:42,245] A3C_AGENT_MAIN INFO:Prepare the local workers ...
[2018-07-25 05:39:42,246] A3C_AGENT_WORKER-Thread-11 INFO:Local worker starts!
[2018-07-25 05:39:42,337] EPLUS_ENV_Model1-Cool-v1_Thread-11_ROOT INFO:Creating EnergyPlus simulation environment...
[2018-07-25 05:39:42,340] EPLUS_ENV_Model1-Cool-v1_Thread-11_ROOT INFO:EnergyPlus working directory is in /home/zhiangz/Documents/HVAC-RL-Control/src/rl_parametric_runs_v1/17/Eplus-env-Model1-Cool-v1-res11/Eplus-env-sub_run1
[2018-07-25 05:39:43,247] A3C_AGENT_MAIN INFO:Prepare the local workers ...
[2018-07-25 05:39:43,248] A3C_AGENT_WORKER-Thread-12 INFO:Local worker starts!
[2018-07-25 05:39:43,342] EPLUS_ENV_Model1-Cool-v1_Thread-12_ROOT INFO:Creating EnergyPlus simulation environment...
[2018-07-25 05:39:43,345] EPLUS_ENV_Model1-Cool-v1_Thread-12_ROOT INFO:EnergyPlus working directory is in /home/zhiangz/Documents/HVAC-RL-Control/src/rl_parametric_runs_v1/17/Eplus-env-Model1-Cool-v1-res12/Eplus-env-sub_run1
[2018-07-25 05:39:44,249] A3C_AGENT_MAIN INFO:Prepare the local workers ...
[2018-07-25 05:39:44,250] A3C_AGENT_WORKER-Thread-13 INFO:Local worker starts!
[2018-07-25 05:39:44,347] EPLUS_ENV_Model1-Cool-v1_Thread-13_ROOT INFO:Creating EnergyPlus simulation environment...
[2018-07-25 05:39:44,351] EPLUS_ENV_Model1-Cool-v1_Thread-13_ROOT INFO:EnergyPlus working directory is in /home/zhiangz/Documents/HVAC-RL-Control/src/rl_parametric_runs_v1/17/Eplus-env-Model1-Cool-v1-res13/Eplus-env-sub_run1
[2018-07-25 05:39:45,251] A3C_AGENT_MAIN INFO:Prepare the local workers ...
[2018-07-25 05:39:45,252] A3C_AGENT_WORKER-Thread-14 INFO:Local worker starts!
[2018-07-25 05:39:45,395] EPLUS_ENV_Model1-Cool-v1_Thread-14_ROOT INFO:Creating EnergyPlus simulation environment...
[2018-07-25 05:39:45,399] EPLUS_ENV_Model1-Cool-v1_Thread-14_ROOT INFO:EnergyPlus working directory is in /home/zhiangz/Documents/HVAC-RL-Control/src/rl_parametric_runs_v1/17/Eplus-env-Model1-Cool-v1-res14/Eplus-env-sub_run1
[2018-07-25 05:39:46,253] A3C_AGENT_MAIN INFO:Prepare the local workers ...
[2018-07-25 05:39:46,254] A3C_AGENT_WORKER-Thread-15 INFO:Local worker starts!
[2018-07-25 05:39:46,383] EPLUS_ENV_Model1-Cool-v1_Thread-15_ROOT INFO:Creating EnergyPlus simulation environment...
[2018-07-25 05:39:46,386] EPLUS_ENV_Model1-Cool-v1_Thread-15_ROOT INFO:EnergyPlus working directory is in /home/zhiangz/Documents/HVAC-RL-Control/src/rl_parametric_runs_v1/17/Eplus-env-Model1-Cool-v1-res15/Eplus-env-sub_run1
[2018-07-25 05:39:47,255] A3C_AGENT_MAIN INFO:Prepare the local workers ...
[2018-07-25 05:39:47,256] A3C_AGENT_WORKER-Thread-16 INFO:Local worker starts!
[2018-07-25 05:39:47,430] EPLUS_ENV_Model1-Cool-v1_Thread-16_ROOT INFO:Creating EnergyPlus simulation environment...
[2018-07-25 05:39:47,434] EPLUS_ENV_Model1-Cool-v1_Thread-16_ROOT INFO:EnergyPlus working directory is in /home/zhiangz/Documents/HVAC-RL-Control/src/rl_parametric_runs_v1/17/Eplus-env-Model1-Cool-v1-res16/Eplus-env-sub_run1
[2018-07-25 05:39:48,257] A3C_AGENT_MAIN INFO:Prepare the local workers ...
[2018-07-25 05:39:48,258] A3C_AGENT_WORKER-Thread-17 INFO:Local worker starts!
[2018-07-25 05:39:48,469] EPLUS_ENV_Model1-Cool-v1_Thread-17_ROOT INFO:Creating EnergyPlus simulation environment...
[2018-07-25 05:39:48,501] EPLUS_ENV_Model1-Cool-v1_Thread-17_ROOT INFO:EnergyPlus working directory is in /home/zhiangz/Documents/HVAC-RL-Control/src/rl_parametric_runs_v1/17/Eplus-env-Model1-Cool-v1-res17/Eplus-env-sub_run1
[2018-07-25 05:41:06,730] A3C_AGENT_WORKER-Thread-2 INFO:Evaluating...
[2018-07-25 05:41:06,731] EPLUS_ENV_Model1-Cool-v1_MainThread_ROOT INFO:Creating EnergyPlus simulation environment...
[2018-07-25 05:41:06,734] EPLUS_ENV_Model1-Cool-v1_MainThread_ROOT INFO:EnergyPlus working directory is in /home/zhiangz/Documents/HVAC-RL-Control/src/rl_parametric_runs_v1/17/Eplus-env-Model1-Cool-v1-res1/Eplus-env-sub_run1
[2018-07-25 05:41:59,586] A3C_AGENT_WORKER-Thread-2 DEBUG:Observation this: [13.0, 100.0, 0.0, 0.0, 20.603226771024, 21.11281976930696, 20.21336119880656, 20.34603487294969, 20.84966521857702, 20.65444386448514, 19.95162074013198, 20.2590416810147, 20.36683042723202, 21.11255782511609, 21.66462710045239, 19.79978892532948, 20.50715313228395, 20.59995427866088, 20.56209528063631, 20.47247912046252, 21.43321925196532, 21.40764565217171, 20.22623132214001, 19.97594629256819, 20.55001308515142, 20.334822520015, 28.0, 28.0, 28.0, 28.0, 28.0, 28.0, 28.0, 28.0, 28.0, 28.0, 28.0, 28.0, 28.0, 28.0, 28.0, 28.0, 28.0, 28.0, 28.0, 28.0, 28.0, 28.0, 17689.67978739566]
[2018-07-25 05:41:59,586] A3C_AGENT_WORKER-Thread-2 DEBUG:Observation forecast: []
[2018-07-25 05:41:59,589] A3C_AGENT_WORKER-Thread-2 INFO:Softmax [ 0.04240586  0.02712595  0.04040682  0.03845622  0.02869761  0.0368406
  0.05351637  0.03421238  0.038757    0.06211209  0.03701718  0.04103983
  0.02828037  0.03736256  0.05239828  0.03865656  0.03419293  0.04525173
  0.03490935  0.03621424  0.0351259   0.050528    0.05189353  0.03875651
  0.03584209], sampled 0.30774327239901456
[2018-07-25 05:42:01,340] A3C_AGENT_WORKER-Thread-2 DEBUG:Observation this: [14.66666666666667, 64.33333333333333, 0.0, 0.0, 20.156335478793, 20.64473713660834, 20.06086504726279, 20.0460501541703, 20.5457643800071, 20.3411295007177, 19.76940809591435, 20.05049466768831, 20.10841160891383, 20.83523583524393, 20.91525945746996, 19.95390753846473, 20.48476035925658, 20.55867673070003, 20.50984853751978, 20.63685220206142, 21.06735230215156, 21.20425217137563, 20.11657258858058, 19.38260955962227, 20.49691989529909, 20.28936035850083, 28.0, 28.0, 28.0, 28.0, 28.0, 28.0, 28.0, 28.0, 28.0, 28.0, 28.0, 28.0, 28.0, 28.0, 28.0, 28.0, 28.0, 28.0, 28.0, 28.0, 28.0, 28.0, 990.7909773591275]
[2018-07-25 05:42:01,340] A3C_AGENT_WORKER-Thread-2 DEBUG:Observation forecast: []
[2018-07-25 05:42:01,343] A3C_AGENT_WORKER-Thread-2 INFO:Softmax [ 0.03922695  0.02808283  0.03905341  0.03907378  0.02913593  0.03875098
  0.05277939  0.03301842  0.039082    0.05848702  0.03797075  0.04038569
  0.02949413  0.03802419  0.05220653  0.03960671  0.03592208  0.04447352
  0.03396906  0.03652094  0.03635793  0.04915331  0.0534731   0.03906726
  0.03668414], sampled 0.009905511840733738
[2018-07-25 05:42:19,529] A3C_AGENT_WORKER-Thread-2 DEBUG:Observation this: [13.0, 98.0, 0.0, 0.0, 20.14698256160237, 20.73992822415473, 20.05611834735487, 19.8660299447317, 20.56771896683714, 20.2997955384543, 19.48452005295735, 19.910512731686, 19.99346097157789, 20.15625571954378, 20.7528015452919, 18.84930147119755, 19.5438079449202, 19.65655593665765, 19.60259136816271, 19.53371449186395, 20.44320163574679, 20.51039798298022, 19.24662804013147, 18.57335545157231, 19.58381825757989, 19.36677285543415, 28.0, 28.0, 28.0, 28.0, 28.0, 28.0, 28.0, 28.0, 28.0, 28.0, 28.0, 28.0, 28.0, 28.0, 28.0, 28.0, 28.0, 28.0, 28.0, 28.0, 28.0, 28.0, 17933.75128379297]
[2018-07-25 05:42:19,529] A3C_AGENT_WORKER-Thread-2 DEBUG:Observation forecast: []
[2018-07-25 05:42:19,530] A3C_AGENT_WORKER-Thread-2 INFO:Softmax [ 0.04193255  0.02648174  0.04103621  0.03762136  0.02800617  0.03628145
  0.05284292  0.03345409  0.03983972  0.06330302  0.0377012   0.04163269
  0.02867264  0.0375117   0.05366128  0.03913439  0.03451887  0.04489298
  0.03417016  0.0362118   0.03408467  0.05010505  0.05321242  0.03824354
  0.03544741], sampled 0.1437495805335005
[2018-07-25 05:42:50,420] A3C_AGENT_WORKER-Thread-2 DEBUG:Observation this: [22.0, 73.0, 124.9166666666667, 220.25, 24.00874976457224, 23.27093245783513, 23.13357852683072, 22.72211797977673, 23.39262943550058, 22.88991108331013, 22.64364743009386, 22.89547138331883, 22.93727383242522, 27.04171874330129, 25.38632635330277, 26.90519438158467, 26.71053431875079, 26.73967399585158, 26.80725294010401, 27.99689460948797, 25.90379313477808, 26.87996765478854, 25.90222208437842, 24.54728160630984, 26.83888764591921, 26.42528762772257, 28.0, 28.0, 28.0, 28.0, 28.0, 28.0, 28.0, 28.0, 28.0, 28.0, 28.0, 28.0, 28.0, 28.0, 28.0, 28.0, 28.0, 28.0, 28.0, 28.0, 28.0, 28.0, 4023.814553968913]
[2018-07-25 05:42:50,420] A3C_AGENT_WORKER-Thread-2 DEBUG:Observation forecast: []
[2018-07-25 05:42:50,421] A3C_AGENT_WORKER-Thread-2 INFO:Softmax [ 0.03628185  0.02579426  0.03952011  0.03937976  0.0281086   0.04386023
  0.05397097  0.03273654  0.03973056  0.05739834  0.03844099  0.03607484
  0.0273283   0.03643423  0.05881832  0.03846473  0.03520541  0.04619831
  0.02995235  0.0376825   0.03957836  0.05156465  0.05523186  0.03832036
  0.03392348], sampled 0.7077794483984012
[2018-07-25 05:42:59,063] A3C_AGENT_WORKER-Thread-2 DEBUG:Observation this: [20.91666666666667, 60.33333333333334, 423.1666666666666, 146.0833333333333, 24.00337006094162, 24.00048215564241, 22.51994492083157, 24.00113527496327, 24.00139138443739, 24.00243132994274, 24.00030416664124, 24.00035772195387, 23.99976762884554, 23.99989207948046, 24.00020739099761, 24.00044434848831, 24.00067473828344, 23.99994393451465, 23.99978329528752, 24.00275064562401, 24.00154566451151, 24.00177962735886, 24.0006188498771, 24.00030144925544, 23.99970536424789, 24.00044996041396, 24.0, 24.0, 24.0, 24.0, 24.0, 24.0, 24.0, 24.0, 24.0, 24.0, 24.0, 24.0, 24.0, 24.0, 24.0, 24.0, 24.0, 24.0, 24.0, 24.0, 24.0, 24.0, 12814.61101761702]
[2018-07-25 05:42:59,063] A3C_AGENT_WORKER-Thread-2 DEBUG:Observation forecast: []
[2018-07-25 05:42:59,065] A3C_AGENT_WORKER-Thread-2 INFO:Softmax [ 0.03679229  0.02947915  0.04083551  0.04055866  0.03148342  0.04396847
  0.04871294  0.03437329  0.04004792  0.04937192  0.03988911  0.03605511
  0.03067912  0.03698234  0.05513391  0.03922656  0.03589222  0.04461344
  0.03237531  0.03784316  0.04167706  0.04831832  0.05000707  0.0399665
  0.0357172 ], sampled 0.6258850565340738
[2018-07-25 05:43:00,969] A3C_AGENT_WORKER-Thread-2 DEBUG:Observation this: [22.83333333333333, 68.0, 174.25, 683.75, 22.79516632152058, 23.40853601250173, 22.38165997761066, 22.67912474629545, 23.80036545723789, 23.51554524254548, 22.50667552694866, 23.19421374353609, 23.11889160611338, 23.54594385506957, 24.00174270819635, 22.66218712436724, 23.56547821274173, 23.72261082659275, 23.64106157538586, 23.99830988945195, 23.84396821156741, 24.00015040035213, 22.57664401641163, 21.47002538657126, 23.63568682628025, 23.10983566776996, 24.0, 24.0, 24.0, 24.0, 24.0, 24.0, 24.0, 24.0, 24.0, 24.0, 24.0, 24.0, 24.0, 24.0, 24.0, 24.0, 24.0, 24.0, 24.0, 24.0, 24.0, 24.0, 7282.635216205039]
[2018-07-25 05:43:00,969] A3C_AGENT_WORKER-Thread-2 DEBUG:Observation forecast: []
[2018-07-25 05:43:00,970] A3C_AGENT_WORKER-Thread-2 INFO:Softmax [ 0.03644179  0.02979948  0.04128528  0.04030474  0.03084739  0.04240027
  0.04765515  0.03379375  0.04020036  0.05140803  0.0392254   0.03634233
  0.03091058  0.03750081  0.05442907  0.03989084  0.03772371  0.04503884
  0.0327106   0.03962496  0.04122723  0.04798325  0.04964228  0.03877347
  0.03484035], sampled 0.5133696299805761
[2018-07-25 05:43:40,876] A3C_AGENT_WORKER-Thread-2 DEBUG:Observation this: [22.91666666666666, 73.41666666666666, 304.0, 448.75, 24.00066396706137, 24.00064782015437, 22.82127532887618, 24.0004468584531, 24.0011326589647, 24.00056842109903, 24.00033974197268, 24.00065660819667, 24.00055376568311, 24.01222573506788, 24.00733145034587, 24.00474754616743, 24.0257640545594, 24.02347041366138, 24.02305107049332, 24.07309001186838, 24.04541028290318, 24.11785107336553, 24.00201893727257, 24.12639188430085, 24.02396595521466, 24.00595249170513, 24.0, 24.0, 24.0, 24.0, 24.0, 24.0, 24.0, 24.0, 24.0, 24.0, 24.0, 24.0, 24.0, 24.0, 24.0, 24.0, 24.0, 24.0, 24.0, 24.0, 24.0, 24.0, 22781.63453526278]
[2018-07-25 05:43:40,876] A3C_AGENT_WORKER-Thread-2 DEBUG:Observation forecast: []
[2018-07-25 05:43:40,878] A3C_AGENT_WORKER-Thread-2 INFO:Softmax [ 0.03637259  0.0295997   0.04096776  0.04063306  0.03159022  0.04364292
  0.04850495  0.03425436  0.0397341   0.05005547  0.03939614  0.03614414
  0.03063775  0.03732056  0.05502863  0.03959467  0.03663243  0.04453671
  0.03283352  0.03853295  0.04161189  0.04869469  0.04871158  0.03930502
  0.03566426], sampled 0.8526349490732861
[2018-07-25 05:44:00,408] A3C_AGENT_WORKER-Thread-2 DEBUG:Observation this: [19.0, 100.0, 165.0, 0.0, 21.93343137378151, 21.97559846783173, 21.28949972712108, 21.4179392652801, 21.96005806067171, 21.62781715680487, 21.23325628451572, 21.50542913128674, 21.56418948575437, 22.15650560806622, 22.86769593784265, 21.57593811037776, 21.94111169034664, 22.00004130023116, 21.96290396955877, 22.79869413314585, 22.26823837676463, 22.53330744152682, 21.60760774854263, 21.58321736593707, 21.96201738046996, 21.78266850060605, 24.0, 24.0, 24.0, 24.0, 24.0, 24.0, 24.0, 24.0, 24.0, 24.0, 24.0, 24.0, 24.0, 24.0, 24.0, 24.0, 24.0, 24.0, 24.0, 24.0, 24.0, 24.0, 3312.455744232088]
[2018-07-25 05:44:00,408] A3C_AGENT_WORKER-Thread-2 DEBUG:Observation forecast: []
[2018-07-25 05:44:00,411] A3C_AGENT_WORKER-Thread-2 INFO:Softmax [ 0.03855033  0.03058753  0.03961498  0.03999918  0.03247302  0.04175205
  0.04878337  0.03524261  0.04033614  0.04931593  0.03962924  0.04031679
  0.03172283  0.03757554  0.0504246   0.03901748  0.035971    0.04482352
  0.03444425  0.03822761  0.03919273  0.04673913  0.04878322  0.04059093
  0.03588599], sampled 0.11016761744492254
[2018-07-25 05:44:04,820] A3C_AGENT_WORKER-Thread-2 DEBUG:Observation this: [17.0, 94.0, 140.5, 538.0, 21.41860794004364, 21.40058168747863, 20.99865683604842, 20.7470351010177, 21.30982443850897, 21.0972646612872, 20.574899521537, 20.85189724027397, 20.95833372392833, 21.72552951269635, 22.74287725555303, 21.37127213037632, 21.59926866565806, 21.61971743484973, 21.60721110713587, 23.6348065851257, 21.82201425139988, 21.91742821792132, 21.40963580210388, 22.00050747872138, 21.612353708684, 21.50903678203009, 24.0, 24.0, 24.0, 24.0, 24.0, 24.0, 24.0, 24.0, 24.0, 24.0, 24.0, 24.0, 24.0, 24.0, 24.0, 24.0, 24.0, 24.0, 24.0, 24.0, 24.0, 24.0, 43626.48439873682]
[2018-07-25 05:44:04,820] A3C_AGENT_WORKER-Thread-2 DEBUG:Observation forecast: []
[2018-07-25 05:44:04,822] A3C_AGENT_WORKER-Thread-2 INFO:Softmax [ 0.03910279  0.03346086  0.0403823   0.03964569  0.03457552  0.04313467
  0.04643187  0.03950764  0.03798183  0.04844503  0.03870437  0.03976961
  0.03353769  0.03618028  0.04771155  0.03970525  0.03695762  0.04215354
  0.03804083  0.03881934  0.04098712  0.04640085  0.04152095  0.04027252
  0.03657026], sampled 0.8138069310670322
[2018-07-25 05:44:57,995] A3C_AGENT_WORKER-Thread-2 DEBUG:Observation this: [23.71666666666667, 50.83333333333334, 208.0, 243.6666666666666, 23.99711739254363, 23.99270323894516, 23.32717175467995, 23.99953821108193, 23.98450241331261, 23.9959689562915, 23.9999672660063, 23.99518229595426, 23.99552598754693, 23.9933365476772, 23.98481028470158, 24.00099718488575, 23.98533934347098, 23.98632150098328, 23.98317463242304, 23.95541860100519, 23.97560464610813, 23.96060038528781, 23.99886942953865, 24.00080988546386, 23.97878575312341, 23.99088799534351, 24.0, 24.0, 24.0, 24.0, 24.0, 24.0, 24.0, 24.0, 24.0, 24.0, 24.0, 24.0, 24.0, 24.0, 24.0, 24.0, 24.0, 24.0, 24.0, 24.0, 24.0, 24.0, 15443.11736791559]
[2018-07-25 05:44:57,995] A3C_AGENT_WORKER-Thread-2 DEBUG:Observation forecast: []
[2018-07-25 05:44:57,997] A3C_AGENT_WORKER-Thread-2 INFO:Softmax [ 0.03630208  0.03003514  0.04160213  0.04018216  0.03207862  0.04387768
  0.04839736  0.03452687  0.0403049   0.04986483  0.03956245  0.03580718
  0.03141239  0.03766952  0.05433303  0.03933104  0.0371851   0.04362698
  0.03297661  0.03807197  0.0412608   0.04825734  0.04899846  0.03883847
  0.035497  ], sampled 0.831955527306656
[2018-07-25 05:45:17,237] A3C_AGENT_WORKER-Thread-2 DEBUG:Observation this: [19.75, 75.41666666666666, 45.58333333333334, 4.583333333333333, 21.87052732248895, 22.25781885559215, 21.620826682477, 21.67924951913063, 22.17239654983199, 21.95607463347013, 21.47658968494358, 21.73904444183786, 21.79573648795569, 22.45956942798952, 23.00438978409367, 21.60104922035707, 22.04910319426142, 22.11906145537256, 22.09463509419324, 22.13898051284018, 22.61648662705806, 22.67932377896152, 21.8467313313108, 21.0786637960184, 22.09225632357824, 21.93598200926889, 28.0, 28.0, 28.0, 28.0, 28.0, 28.0, 28.0, 28.0, 28.0, 28.0, 28.0, 28.0, 28.0, 28.0, 28.0, 28.0, 28.0, 28.0, 28.0, 28.0, 28.0, 28.0, 2830.939502008472]
[2018-07-25 05:45:17,237] A3C_AGENT_WORKER-Thread-2 DEBUG:Observation forecast: []
[2018-07-25 05:45:17,238] A3C_AGENT_WORKER-Thread-2 INFO:Softmax [ 0.03882313  0.02714631  0.03974595  0.03848218  0.02850163  0.03941983
  0.05452999  0.03348983  0.03840502  0.05966742  0.03751659  0.03954098
  0.02825614  0.03681325  0.05394255  0.03919444  0.03456897  0.04537645
  0.03335853  0.03656343  0.03750344  0.05149836  0.0540541   0.03870099
  0.03490046], sampled 0.03344246949330443
[2018-07-25 05:45:17,430] A3C_AGENT_WORKER-Thread-2 DEBUG:Observation this: [19.76666666666667, 88.0, 126.0, 0.0, 22.18332065863554, 22.23512305081584, 21.64548677864271, 21.67439597804217, 22.18975679074252, 21.93892661666551, 21.50380471353545, 21.76897209707987, 21.82468068689624, 22.34241748560083, 23.14418932368157, 21.70728857402823, 22.04452610199496, 22.11734441280177, 22.09237474090428, 22.77709473261829, 22.4450221226621, 22.65327690380331, 21.78589146554573, 21.57357139617309, 22.09506240399075, 21.91719410391152, 24.0, 24.0, 24.0, 24.0, 24.0, 24.0, 24.0, 24.0, 24.0, 24.0, 24.0, 24.0, 24.0, 24.0, 24.0, 24.0, 24.0, 24.0, 24.0, 24.0, 24.0, 24.0, 3262.204814483805]
[2018-07-25 05:45:17,430] A3C_AGENT_WORKER-Thread-2 DEBUG:Observation forecast: []
[2018-07-25 05:45:17,431] A3C_AGENT_WORKER-Thread-2 INFO:Softmax [ 0.03796308  0.03056898  0.0399741   0.03996639  0.03245809  0.04228405
  0.04851481  0.03506736  0.04034978  0.04909797  0.04012283  0.03967398
  0.03168897  0.03783278  0.05102428  0.03897636  0.03616522  0.04447911
  0.03436712  0.03829703  0.03913933  0.04703838  0.04891187  0.04032372
  0.0357144 ], sampled 0.07768168996650204
[2018-07-25 05:45:18,854] A3C_AGENT_WORKER-Thread-2 INFO:Evaluation: average rewards by now are 19900.1091 30323.7640 184.9167
[2018-07-25 05:45:18,854] EPLUS_ENV_Model1-Test-Cool-v1_MainThread_ROOT INFO:Creating EnergyPlus simulation environment...
[2018-07-25 05:45:18,858] EPLUS_ENV_Model1-Test-Cool-v1_MainThread_ROOT INFO:EnergyPlus working directory is in /home/zhiangz/Documents/HVAC-RL-Control/src/rl_parametric_runs_v1/17/Eplus-env-Model1-Test-Cool-v1-res1/Eplus-env-sub_run1
