Program Version,EnergyPlus, Version 8.3.0-6d97d074ea, YMD=2018.02.12 15:44,IDD_Version 8.3.0
   ** Warning ** GetFluidPropertiesData: FluidProperties:Superheated Name=R22
   **   ~~~   ** Fluid Property Type="SPECIFICHEAT" is not valid.
   **   ~~~   ** Valid choices are "ENTHALPY", "DENSITY".
   **   ~~~   ** Pressure value of this item=[0.40].
   **   ~~~   ** This fluid property will not be processed nor available for the simulation.
   ** Warning ** GetFluidPropertiesData: FluidProperties:Superheated has 67 similar errors to the previous.
   ** Warning ** CheckIFAnyEMS: No EnergyManagementSystem has been set up in the input file but output is requested.
   **   ~~~   ** No EDD file will be produced. Refer to EMS Application Guide and/or InputOutput Reference to set up your EnergyManagementSystem.
   ** Warning ** Sizing:Parameters: note Timesteps in Averaging Window entered value=[1] is less than 1 hour (i.e., 6 timesteps).
   ************* Beginning Zone Sizing Calculations
   ** Warning ** Site:GroundTemperature:BuildingSurface: Some values fall outside the range of 15-25C.
   **   ~~~   ** These values may be inappropriate.  Please consult the Input Output Reference for more details.
   ** Warning ** ProcessScheduleInput: Schedule:Compact="HVACTEMPLATE-ALWAYS 4", Schedule Type Limits Name="HVACTEMPLATE ANY NUMBER" not found -- will not be validated
   ** Warning ** ProcessScheduleInput: Schedule:Compact="HYBRID CONTROL MODE SCHEDULE", Schedule Type Limits Name="HYBRID CONTROL MODE TYPE" not found -- will not be validated
   ** Warning ** ProcessScheduleInput: Schedule:Compact="OUTDOORCO2SCHEDULE", Schedule Type Limits Name="VALUE" not found -- will not be validated
   ** Warning ** GetVertices: Distance between two vertices < .01, possibly coincident. for Surface=PHIPPS_CSL BUILDING - COMPONENT BLOCK 4 - SURFACE 26 (27), in Zone=
   **   ~~~   ** Vertex [3]=(-7.23,-4.49,9.15)
   **   ~~~   ** Vertex [2]=(-7.23,-4.49,9.15)
   **   ~~~   ** Dropping Vertex [3].
   ** Warning ** GetVertices: Distance between two vertices < .01, possibly coincident. for Surface=PHIPPS_CSL BUILDING - COMPONENT BLOCK 4 - SURFACE 45 (46), in Zone=
   **   ~~~   ** Vertex [3]=(-7.23,-4.49,9.15)
   **   ~~~   ** Vertex [2]=(-7.23,-4.49,9.15)
   **   ~~~   ** Dropping Vertex [3].
   ** Warning ** GetVertices: Distance between two vertices < .01, possibly coincident. for Surface=PHIPPS_CSL BUILDING - COMPONENT BLOCK 4 - SURFACE 46 (47), in Zone=
   **   ~~~   ** Vertex [5]=(-7.23,-4.49,9.15)
   **   ~~~   ** Vertex [4]=(-7.23,-4.49,9.15)
   **   ~~~   ** Dropping Vertex [5].
   ** Warning ** CheckConvexity: Surface="PHIPPS_CSL BUILDING - COMPONENT BLOCK 4 - SURFACE 46 (47)", Collinear points have been removed.
   ** Warning ** CheckConvexity: Surface="PHIPPS_CSL BUILDING - COMPONENT BLOCK 23 - SURFACE 4 (107)", Collinear points have been removed.
   ** Warning ** CheckConvexity: Surface="PHIPPS_CSL BUILDING - COMPONENT BLOCK 23 - SURFACE 5 (108)", Collinear points have been removed.
   ** Warning ** CheckConvexity: Surface="PHIPPS_CSL BUILDING - COMPONENT BLOCK 25 - SURFACE 3 (127)", Collinear points have been removed.
   ** Warning ** CheckConvexity: Surface="PHIPPS_CSL BUILDING - COMPONENT BLOCK 25 - SURFACE 10 (134)", Collinear points have been removed.
   ** Warning ** CheckConvexity: Surface="PHIPPS_CSL BUILDING - COMPONENT BLOCK 25 - SURFACE 15 (138)", Collinear points have been removed.
   ** Warning ** CheckConvexity: Surface="PHIPPS_CSL BUILDING - COMPONENT BLOCK 36 - SURFACE 4 (177)", Collinear points have been removed.
   ** Warning ** CheckConvexity: Surface="PHIPPS_CSL BUILDING - COMPONENT BLOCK 36 - SURFACE 15 (188)", Collinear points have been removed.
   ** Warning ** GetVertices: Distance between two vertices < .01, possibly coincident. for Surface=PHIPPS_CSL BUILDING - COMPONENT BLOCK 36 - SURFACE 24 (197), in Zone=
   **   ~~~   ** Vertex [5]=(30.09,2.49,1.75)
   **   ~~~   ** Vertex [1]=(30.08,2.49,1.76)
   **   ~~~   ** Dropping Vertex [5].
   ** Warning ** GetVertices: Distance between two vertices < .01, possibly coincident. for Surface=PHIPPS_CSL BUILDING - COMPONENT BLOCK 36 - SURFACE 27 (200), in Zone=
   **   ~~~   ** Vertex [5]=(30.09,5.64,1.75)
   **   ~~~   ** Vertex [4]=(30.08,5.64,1.76)
   **   ~~~   ** Dropping Vertex [5].
   ** Warning ** CheckConvexity: Zone="1ST%FLOOR:1ST%RESEARCH%OPEN%NE", Surface="1ST%FLOOR:1ST%RESEARCH%OPEN%NE_WALL_5_1_0" is non-convex.
   **   ~~~   ** ...vertex 3 to vertex 4 to vertex 5
   **   ~~~   ** ...vertex 3=[3.61,-0.78,0.51]
   **   ~~~   ** ...vertex 4=[3.61,-0.78,0.77]
   **   ~~~   ** ...vertex 5=[-3.20,-0.78,0.77]
   ** Warning ** GetVertices: Distance between two vertices < .01, possibly coincident. for Surface=1ST%FLOOR:1ST%LOBBY_CEILING_1_12_0, in Zone=1ST%FLOOR:1ST%LOBBY
   **   ~~~   ** Vertex [7]=(19.49,9.58,4.42)
   **   ~~~   ** Vertex [6]=(19.49,9.57,4.42)
   **   ~~~   ** Dropping Vertex [7].
   ** Warning ** GetVertices: Distance between two vertices < .01, possibly coincident. for Surface=2ND%FLOOR%NORTH:2ND%CORRIDOR_FLOOR_0_0_10048, in Zone=2ND%FLOOR%NORTH:2ND%CORRIDOR
   **   ~~~   ** Vertex [2]=(19.49,9.57,4.42)
   **   ~~~   ** Vertex [1]=(19.49,9.58,4.42)
   **   ~~~   ** Dropping Vertex [2].
   ** Warning ** CheckConvexity: Zone="1ST%FLOOR:1ST%LOBBY", Surface="1ST%FLOOR:1ST%LOBBY_WALL_19_1_0" is non-convex.
   **   ~~~   ** ...vertex 3 to vertex 4 to vertex 5
   **   ~~~   ** ...vertex 3=[3.99,6.13,0.51]
   **   ~~~   ** ...vertex 4=[3.99,6.13,0.77]
   **   ~~~   ** ...vertex 5=[3.99,-0.39,0.77]
   ** Warning ** CheckConvexity: Zone="1ST%FLOOR:1ST%HVAC%SHAFT", Surface="1ST%FLOOR:1ST%HVAC%SHAFT_WALL_2_1_0" is non-convex.
   **   ~~~   ** ...vertex 3 to vertex 4 to vertex 5
   **   ~~~   ** ...vertex 3=[-16.71,-0.39,0.51]
   **   ~~~   ** ...vertex 4=[-16.71,-0.39,0.77]
   **   ~~~   ** ...vertex 5=[-16.71,0.11,0.77]
   ** Warning ** CheckConvexity: Zone="1ST%FLOOR:1ST%CLASSROOM", Surface="1ST%FLOOR:1ST%CLASSROOM_EXTFLOOR_0_2_1" is non-convex.
   **   ~~~   ** ...vertex 3 to vertex 4 to vertex 5
   **   ~~~   ** ...vertex 3=[24.42,-6.89,0.51]
   **   ~~~   ** ...vertex 4=[24.42,-3.71,0.51]
   **   ~~~   ** ...vertex 5=[22.69,-3.71,0.51]
   ** Warning ** CheckConvexity: Zone="1ST%FLOOR:1ST%RESEARCH%OPEN%NW", Surface="1ST%FLOOR:1ST%RESEARCH%OPEN%NW_WALL_3_1_0" is non-convex.
   **   ~~~   ** ...vertex 2 to vertex 3 to vertex 4
   **   ~~~   ** ...vertex 2=[-9.55,-0.78,0.77]
   **   ~~~   ** ...vertex 3=[-16.32,-0.78,0.77]
   **   ~~~   ** ...vertex 4=[-16.32,-0.78,0.51]
   ** Warning ** CheckConvexity: Zone="1ST%FLOOR:1ST%PHONE%BOOTH", Surface="1ST%FLOOR:1ST%PHONE%BOOTH_EXTFLOOR_0_2_0" is non-convex.
   **   ~~~   ** ...vertex 5 to vertex 6 to vertex 1
   **   ~~~   ** ...vertex 5=[3.91,-3.26,0.51]
   **   ~~~   ** ...vertex 6=[3.91,-3.33,0.51]
   **   ~~~   ** ...vertex 1=[6.63,-3.33,0.51]
   ** Warning ** CheckConvexity: Zone="1ST%FLOOR:1ST%MCHNCL%RM%01", Surface="1ST%FLOOR:1ST%MCHNCL%RM%01_WALL_7_1_0" is non-convex.
   **   ~~~   ** ...vertex 2 to vertex 3 to vertex 4
   **   ~~~   ** ...vertex 2=[2.06,9.58,2.82]
   **   ~~~   ** ...vertex 3=[3.94,6.32,1.65]
   **   ~~~   ** ...vertex 4=[3.94,6.32,0.51]
   ** Warning ** GetVertices: Distance between two vertices < .01, possibly coincident. for Surface=2ND%PLENUM:2ND%PLENUM%FALSE_EXTFLOOR_0_0_0, in Zone=2ND%PLENUM:2ND%PLENUM%FALSE
   **   ~~~   ** Vertex [11]=(-16.71,-0.72,4.42)
   **   ~~~   ** Vertex [10]=(-16.71,-0.72,4.42)
   **   ~~~   ** Dropping Vertex [11].
   ** Warning ** GetVertices: Distance between two vertices < .01, possibly coincident. for Surface=2ND%PLENUM:2ND%PLENUM%FALSE_EXTFLOOR_0_0_0, in Zone=2ND%PLENUM:2ND%PLENUM%FALSE
   **   ~~~   ** Vertex [14]=(-20.24,-0.72,4.42)
   **   ~~~   ** Vertex [13]=(-20.24,-0.72,4.42)
   **   ~~~   ** Dropping Vertex [14].
   ** Warning ** GetVertices: Distance between two vertices < .01, possibly coincident. for Surface=2ND%PLENUM:2ND%PLENUM%FALSE_EXTFLOOR_0_0_0, in Zone=2ND%PLENUM:2ND%PLENUM%FALSE
   **   ~~~   ** Vertex [15]=(-20.23,-6.10,4.42)
   **   ~~~   ** Vertex [14]=(-20.23,-6.10,4.42)
   **   ~~~   ** Dropping Vertex [15].
   ** Warning ** GetVertices: Distance between two vertices < .01, possibly coincident. for Surface=2ND%PLENUM:2ND%PLENUM%FALSE_EXTFLOOR_0_0_0, in Zone=2ND%PLENUM:2ND%PLENUM%FALSE
   **   ~~~   ** Vertex [17]=(-13.11,-12.26,4.42)
   **   ~~~   ** Vertex [16]=(-13.11,-12.26,4.42)
   **   ~~~   ** Dropping Vertex [17].
   ** Warning ** GetVertices: Distance between two vertices < .01, possibly coincident. for Surface=2ND%PLENUM:2ND%PLENUM%FALSE_EXTFLOOR_0_0_0, in Zone=2ND%PLENUM:2ND%PLENUM%FALSE
   **   ~~~   ** Vertex [20]=(24.64,-6.90,4.42)
   **   ~~~   ** Vertex [19]=(24.64,-6.89,4.42)
   **   ~~~   ** Dropping Vertex [20].
   ** Warning ** GetVertices: Distance between two vertices < .01, possibly coincident. for Surface=2ND%PLENUM:2ND%PLENUM%FALSE_EXTFLOOR_0_0_0, in Zone=2ND%PLENUM:2ND%PLENUM%FALSE
   **   ~~~   ** Vertex [22]=(27.37,-4.08,4.42)
   **   ~~~   ** Vertex [21]=(27.38,-4.08,4.42)
   **   ~~~   ** Dropping Vertex [22].
   ** Warning ** CheckConvexity: Zone="2ND%PLENUM:2ND%PLENUM%FALSE", Surface="2ND%PLENUM:2ND%PLENUM%FALSE_EXTFLOOR_0_0_0" is non-convex.
   **   ~~~   ** ...vertex 5 to vertex 6 to vertex 7
   **   ~~~   ** ...vertex 5=[-16.46,0.36,4.42]
   **   ~~~   ** ...vertex 6=[-16.46,-0.52,4.42]
   **   ~~~   ** ...vertex 7=[3.99,-0.52,4.42]
   ** Warning ** CheckConvexity: Zone="2ND%FLOOR%SOUTH:2ND%OPEN%OFFICE%NE", Surface="2ND%FLOOR%SOUTH:2ND%OPEN%OFFICE%NE_ROOF_1_0_0" is non-convex.
   **   ~~~   ** ...vertex 5 to vertex 6 to vertex 7
   **   ~~~   ** ...vertex 5=[23.99,-0.79,9.15]
   **   ~~~   ** ...vertex 6=[9.08,-0.79,9.15]
   **   ~~~   ** ...vertex 7=[9.08,5.74,9.15]
   ** Severe  ** BuildingSurface:Detailed="2ND%FLOOR%SOUTH:2ND%OPEN%OFFICE%NE_CEILING_17_0_0", invalid Outside Boundary Condition Object=<blank>.
   **   ~~~   ** ..Outside Boundary Condition="Surface" must be non-blank.
   **   ~~~   ** ..This surface will become an adiabatic surface - no doors/windows allowed.
   ** Severe  ** BuildingSurface:Detailed="2ND%FLOOR%SOUTH:2ND%CONFERENCE%02_CEILING_1_0_0", invalid Outside Boundary Condition Object=<blank>.
   **   ~~~   ** ..Outside Boundary Condition="Surface" must be non-blank.
   **   ~~~   ** ..This surface will become an adiabatic surface - no doors/windows allowed.
   ** Warning ** CheckConvexity: Zone="2ND%FLOOR%SOUTH:2ND%CONFERENCE%02", Surface="2ND%FLOOR%SOUTH:2ND%CONFERENCE%02_ROOF_1_1_0" is non-convex.
   **   ~~~   ** ...vertex 2 to vertex 3 to vertex 4
   **   ~~~   ** ...vertex 2=[23.99,-5.07,9.15]
   **   ~~~   ** ...vertex 3=[26.41,-5.07,9.15]
   **   ~~~   ** ...vertex 4=[26.41,-5.68,9.15]
   ** Severe  ** BuildingSurface:Detailed="2ND%FLOOR%SOUTH:2ND%CONFERENCE%02_CEILING_12_0_0", invalid Outside Boundary Condition Object=<blank>.
   **   ~~~   ** ..Outside Boundary Condition="Surface" must be non-blank.
   **   ~~~   ** ..This surface will become an adiabatic surface - no doors/windows allowed.
   ** Warning ** CheckConvexity: Zone="2ND%FLOOR%SOUTH:2ND%CONFERENCE%01", Surface="2ND%FLOOR%SOUTH:2ND%CONFERENCE%01_ROOF_1_0_0" is non-convex.
   **   ~~~   ** ...vertex 5 to vertex 6 to vertex 1
   **   ~~~   ** ...vertex 5=[26.41,-5.68,9.15]
   **   ~~~   ** ...vertex 6=[26.41,-6.68,9.15]
   **   ~~~   ** ...vertex 1=[19.40,-6.68,9.15]
   ** Warning ** CheckConvexity: Zone="2ND%FLOOR%NORTH:2ND%LOBBY", Surface="2ND%FLOOR%NORTH:2ND%LOBBY_ROOF_1_2_0" is non-convex.
   **   ~~~   ** ...vertex 3 to vertex 4 to vertex 5
   **   ~~~   ** ...vertex 3=[14.29,6.48,9.15]
   **   ~~~   ** ...vertex 4=[21.55,10.67,9.15]
   **   ~~~   ** ...vertex 5=[22.79,8.51,9.15]
   ** Warning ** CheckConvexity: Zone="2ND%FLOOR%NORTH:2ND%LOBBY", Surface="2ND%FLOOR%NORTH:2ND%LOBBY_WALL_7_1_0" is non-convex.
   **   ~~~   ** ...vertex 2 to vertex 3 to vertex 4
   **   ~~~   ** ...vertex 2=[29.69,5.25,4.73]
   **   ~~~   ** ...vertex 3=[27.94,5.25,4.73]
   **   ~~~   ** ...vertex 4=[27.94,5.25,4.42]
   ** Warning ** CheckConvexity: Zone="2ND%FLOOR%NORTH:2ND%LOBBY", Surface="2ND%FLOOR%NORTH:2ND%LOBBY_WALL_8_1_0" is non-convex.
   **   ~~~   ** ...vertex 3 to vertex 4 to vertex 5
   **   ~~~   ** ...vertex 3=[27.61,5.44,4.42]
   **   ~~~   ** ...vertex 4=[27.61,5.44,4.73]
   **   ~~~   ** ...vertex 5=[23.79,12.06,4.73]
   ** Severe  ** BuildingSurface:Detailed="2ND%FLOOR%NORTH:2ND%LOBBY_CEILING_47_0_0", invalid Outside Boundary Condition Object=<blank>.
   **   ~~~   ** ..Outside Boundary Condition="Surface" must be non-blank.
   **   ~~~   ** ..This surface will become an adiabatic surface - no doors/windows allowed.
   ** Severe  ** BuildingSurface:Detailed="2ND%FLOOR%NORTH:2ND%LOBBY_CEILING_59_0_0", invalid Outside Boundary Condition Object=<blank>.
   **   ~~~   ** ..Outside Boundary Condition="Surface" must be non-blank.
   **   ~~~   ** ..This surface will become an adiabatic surface - no doors/windows allowed.
   ** Warning ** CheckConvexity: Zone="2ND%FLOOR%NORTH:2ND%RESTROOMS", Surface="2ND%FLOOR%NORTH:2ND%RESTROOMS_ROOF_1_0_0" is non-convex.
   **   ~~~   ** ...vertex 3 to vertex 4 to vertex 5
   **   ~~~   ** ...vertex 3=[17.21,10.18,9.15]
   **   ~~~   ** ...vertex 4=[16.34,11.68,9.15]
   **   ~~~   ** ...vertex 5=[17.71,12.46,9.15]
   ** Warning ** CheckConvexity: Zone="2ND%FLOOR%NORTH:2ND%RESTROOMS", Surface="2ND%FLOOR%NORTH:2ND%RESTROOMS_WALL_3_1_0" is non-convex.
   **   ~~~   ** ...vertex 2 to vertex 3 to vertex 4
   **   ~~~   ** ...vertex 2=[15.95,17.60,7.42]
   **   ~~~   ** ...vertex 3=[14.00,16.47,7.42]
   **   ~~~   ** ...vertex 4=[14.00,16.47,6.12]
   ** Severe  ** BuildingSurface:Detailed="2ND%FLOOR%NORTH:2ND%CORRIDOR_CEILING_1_0_0", invalid Outside Boundary Condition Object=<blank>.
   **   ~~~   ** ..Outside Boundary Condition="Surface" must be non-blank.
   **   ~~~   ** ..This surface will become an adiabatic surface - no doors/windows allowed.
   ** Warning ** CheckConvexity: Zone="2ND%FLOOR%NORTH:2ND%CORRIDOR", Surface="2ND%FLOOR%NORTH:2ND%CORRIDOR_ROOF_1_1_0" is non-convex.
   **   ~~~   ** ...vertex 2 to vertex 3 to vertex 4
   **   ~~~   ** ...vertex 2=[7.57,6.52,9.15]
   **   ~~~   ** ...vertex 3=[9.85,6.52,9.15]
   **   ~~~   ** ...vertex 4=[9.85,6.48,9.15]
   ** Warning ** CheckConvexity: Zone="2ND%FLOOR%NORTH:2ND%SECURE%FILES", Surface="2ND%FLOOR%NORTH:2ND%SECURE%FILES_ROOF_1_0_0" is non-convex.
   **   ~~~   ** ...vertex 6 to vertex 1 to vertex 2
   **   ~~~   ** ...vertex 6=[10.21,14.29,9.15]
   **   ~~~   ** ...vertex 1=[12.68,10.02,9.15]
   **   ~~~   ** ...vertex 2=[12.68,8.25,9.15]
   ** Warning ** CheckConvexity: Zone="2ND%FLOOR%NORTH:2ND%WORK%ROOM", Surface="2ND%FLOOR%NORTH:2ND%WORK%ROOM_ROOF_1_0_0" is non-convex.
   **   ~~~   ** ...vertex 6 to vertex 1 to vertex 2
   **   ~~~   ** ...vertex 6=[6.42,12.10,9.15]
   **   ~~~   ** ...vertex 1=[7.57,10.18,9.15]
   **   ~~~   ** ...vertex 2=[7.57,8.25,9.15]
   ** Warning ** CheckConvexity: Zone="2ND%FLOOR%NORTH:2ND%WORK%ROOM", Surface="2ND%FLOOR%NORTH:2ND%WORK%ROOM_WALL_4_1_0" is non-convex.
   **   ~~~   ** ...vertex 6 to vertex 1 to vertex 2
   **   ~~~   ** ...vertex 6=[10.21,14.29,6.12]
   **   ~~~   ** ...vertex 1=[10.15,14.25,6.12]
   **   ~~~   ** ...vertex 2=[10.15,14.25,4.42]
   ** Warning ** GetSurfaceData: Construction 9 of interzone surface 1ST%PLENUM:1ST%PLENUM_CEILING_1_4_0 does not have the same materials in the reverse order as the construction 10 of adjacent surface 1ST%FLOOR:1ST%CLASSROOM_FLOOR_0_0_10005
   **   ~~~   ** ...but Nominal U values are similar, diff=[0.0000] ... simulation proceeds.
   **   ~~~   ** ...if the two zones are expected to have significantly different temperatures, the proper "reverse" construction should be created.
   **   ~~~   ** ...this problem for this pair will not be reported again.
   ** Warning ** GetSurfaceData: Construction 17 of interzone surface 1ST%FLOOR:1ST%CONFERENCE_PARTITION_3_0_0 does not have the same materials in the reverse order as the construction 18 of adjacent surface 1ST%FLOOR:1ST%HVAC%SHAFT_PARTITION_5_0_10015
   **   ~~~   ** ...but Nominal U values are similar, diff=[0.0000] ... simulation proceeds.
   **   ~~~   ** ...this problem for this pair will not be reported again.
   ** Warning ** GetSurfaceData: Construction 42 of interzone surface 1ST%FLOOR:1ST%LOBBY_PARTITION_8_0_0 does not have the same materials in the reverse order as the construction 41 of adjacent surface 1ST%FLOOR:1ST%ELECTRICAL%ROOM_PARTITION_7_0_10052
   **   ~~~   ** ...but Nominal U values are similar, diff=[1.1102E-016] ... simulation proceeds.
   **   ~~~   ** ...this problem for this pair will not be reported again.
   ** Warning ** GetSurfaceData: Construction 1006 of interzone surface 1ST%FLOOR:1ST%LOBBY_PARTITION_23_0_0_0_0_0_WIN does not have the same materials in the reverse order as the construction 1006 of adjacent surface 1ST%FLOOR:1ST%CLASSROOM_PARTITION_10_0_0_0_0_0_WIN_10070
   **   ~~~   ** ...but Nominal U values are similar, diff=[0.0000] ... simulation proceeds.
   **   ~~~   ** ...this problem for this pair will not be reported again.
   ** Warning ** GetSurfaceData: Construction 1003 of interzone surface 1ST%FLOOR:1ST%LOBBY_PARTITION_29_0_0_0_0_0_WIN does not have the same materials in the reverse order as the construction 1003 of adjacent surface 1ST%FLOOR:1ST%VESTIBULE_PARTITION_3_0_0_0_0_0_WIN_10078
   **   ~~~   ** ...but Nominal U values are similar, diff=[0.0000] ... simulation proceeds.
   **   ~~~   ** ...this problem for this pair will not be reported again.
   ** Warning ** GetSurfaceData: Construction 51 of interzone surface 1ST%FLOOR:1ST%CLASSROOM_PARTITION_4_0_0 does not have the same materials in the reverse order as the construction 52 of adjacent surface 1ST%FLOOR:1ST%VESTIBULE_PARTITION_4_0_10080
   **   ~~~   ** ...but Nominal U values are similar, diff=[2.7756E-017] ... simulation proceeds.
   **   ~~~   ** ...this problem for this pair will not be reported again.
   ** Warning ** GetSurfaceData: Construction 1008 of interzone surface 2ND%PLENUM:2ND%PLENUM%NORTH_PARTITION_7_0_0_0_0_0_WIN does not have the same materials in the reverse order as the construction 1008 of adjacent surface 2ND%FLOOR%NORTH:2ND%LOBBY_PARTITION_40_0_0_0_0_0_WIN_10161
   **   ~~~   ** ...but Nominal U values are similar, diff=[0.0000] ... simulation proceeds.
   **   ~~~   ** ...this problem for this pair will not be reported again.
   ** Warning ** GetSurfaceData: CAUTION -- Interzone surfaces are usually in different zones
   **   ~~~   ** Surface=2ND%FLOOR%NORTH:2ND%LOBBY_FLOOR_25_0_10212, Zone=2ND%FLOOR%NORTH:2ND%LOBBY
   **   ~~~   ** Surface=2ND%FLOOR%NORTH:2ND%LOBBY_CEILING_17_0_0, Zone=2ND%FLOOR%NORTH:2ND%LOBBY
   ** Warning ** GetSurfaceData: CAUTION -- Interzone surfaces are usually in different zones
   **   ~~~   ** Surface=2ND%FLOOR%NORTH:2ND%LOBBY_FLOOR_25_0_0, Zone=2ND%FLOOR%NORTH:2ND%LOBBY
   **   ~~~   ** Surface=2ND%FLOOR%NORTH:2ND%LOBBY_CEILING_17_0_10214, Zone=2ND%FLOOR%NORTH:2ND%LOBBY
   ** Warning ** GetSurfaceData: CAUTION -- Interzone surfaces are usually in different zones
   **   ~~~   ** Surface=2ND%FLOOR%NORTH:2ND%LOBBY_FLOOR_37_0_10215, Zone=2ND%FLOOR%NORTH:2ND%LOBBY
   **   ~~~   ** Surface=2ND%FLOOR%NORTH:2ND%LOBBY_CEILING_29_0_0, Zone=2ND%FLOOR%NORTH:2ND%LOBBY
   ** Warning ** GetSurfaceData: CAUTION -- Interzone surfaces are usually in different zones
   **   ~~~   ** Surface=2ND%FLOOR%NORTH:2ND%LOBBY_FLOOR_37_0_0, Zone=2ND%FLOOR%NORTH:2ND%LOBBY
   **   ~~~   ** Surface=2ND%FLOOR%NORTH:2ND%LOBBY_CEILING_29_0_10217, Zone=2ND%FLOOR%NORTH:2ND%LOBBY
   ** Warning ** GetSurfaceData: CAUTION -- Interzone surfaces are usually in different zones
   **   ~~~   ** Surface=2ND%FLOOR%NORTH:2ND%LOBBY_FLOOR_49_0_10218, Zone=2ND%FLOOR%NORTH:2ND%LOBBY
   **   ~~~   ** Surface=2ND%FLOOR%NORTH:2ND%LOBBY_CEILING_41_0_0, Zone=2ND%FLOOR%NORTH:2ND%LOBBY
   ** Warning ** GetSurfaceData: CAUTION -- Interzone surfaces are usually in different zones
   **   ~~~   ** Surface=2ND%FLOOR%NORTH:2ND%LOBBY_FLOOR_49_0_0, Zone=2ND%FLOOR%NORTH:2ND%LOBBY
   **   ~~~   ** Surface=2ND%FLOOR%NORTH:2ND%LOBBY_CEILING_41_0_10220, Zone=2ND%FLOOR%NORTH:2ND%LOBBY
   ** Warning ** GetSurfaceData: CAUTION -- Interzone surfaces are usually in different zones
   **   ~~~   ** Surface=2ND%FLOOR%NORTH:2ND%LOBBY_FLOOR_61_0_10221, Zone=2ND%FLOOR%NORTH:2ND%LOBBY
   **   ~~~   ** Surface=2ND%FLOOR%NORTH:2ND%LOBBY_CEILING_53_0_0, Zone=2ND%FLOOR%NORTH:2ND%LOBBY
   ** Warning ** GetSurfaceData: CAUTION -- Interzone surfaces are usually in different zones
   **   ~~~   ** Surface=2ND%FLOOR%NORTH:2ND%LOBBY_FLOOR_61_0_0, Zone=2ND%FLOOR%NORTH:2ND%LOBBY
   **   ~~~   ** Surface=2ND%FLOOR%NORTH:2ND%LOBBY_CEILING_53_0_10223, Zone=2ND%FLOOR%NORTH:2ND%LOBBY
   ** Warning ** GetSurfaceData: CAUTION -- Interzone surfaces are usually in different zones
   **   ~~~   ** Surface=2ND%FLOOR%NORTH:2ND%CORRIDOR_FLOOR_29_0_10243, Zone=2ND%FLOOR%NORTH:2ND%CORRIDOR
   **   ~~~   ** Surface=2ND%FLOOR%NORTH:2ND%CORRIDOR_CEILING_21_0_0, Zone=2ND%FLOOR%NORTH:2ND%CORRIDOR
   ** Warning ** GetSurfaceData: CAUTION -- Interzone surfaces are usually in different zones
   **   ~~~   ** Surface=2ND%FLOOR%NORTH:2ND%CORRIDOR_FLOOR_29_0_0, Zone=2ND%FLOOR%NORTH:2ND%CORRIDOR
   **   ~~~   ** Surface=2ND%FLOOR%NORTH:2ND%CORRIDOR_CEILING_21_0_10246, Zone=2ND%FLOOR%NORTH:2ND%CORRIDOR
   ** Warning ** GetSurfaceData: CAUTION -- Interzone surfaces are usually in different zones
   **   ~~~   ** Surface=2ND%FLOOR%NORTH:2ND%CONFERENCE%03_FLOOR_18_0_10251, Zone=2ND%FLOOR%NORTH:2ND%CONFERENCE%03
   **   ~~~   ** Surface=2ND%FLOOR%NORTH:2ND%CONFERENCE%03_CEILING_10_0_0, Zone=2ND%FLOOR%NORTH:2ND%CONFERENCE%03
   ** Warning ** GetSurfaceData: CAUTION -- Interzone surfaces are usually in different zones
   **   ~~~   ** Surface=2ND%FLOOR%NORTH:2ND%CONFERENCE%03_FLOOR_18_0_0, Zone=2ND%FLOOR%NORTH:2ND%CONFERENCE%03
   **   ~~~   ** Surface=2ND%FLOOR%NORTH:2ND%CONFERENCE%03_CEILING_10_0_10252, Zone=2ND%FLOOR%NORTH:2ND%CONFERENCE%03
   ** Warning ** GetSurfaceData: The total number of floors, walls, roofs and internal mass surfaces in Zone 1ST%FLOOR:1ST%RESEARCH%OPEN%NM
   **   ~~~   ** is < 6. This may cause an inaccurate zone heat balance calculation.
   ** Warning ** GetSurfaceData: The total number of floors, walls, roofs and internal mass surfaces in Zone 1ST%FLOOR:1ST%RESEARCH%OPEN%SM
   **   ~~~   ** is < 6. This may cause an inaccurate zone heat balance calculation.
   ** Warning ** GetSurfaceData: The total number of floors, walls, roofs and internal mass surfaces in Zone 1ST%FLOOR:1ST%RESEARCH%OPEN%SE
   **   ~~~   ** is < 6. This may cause an inaccurate zone heat balance calculation.
   ** Warning ** GetSurfaceData: The total number of floors, walls, roofs and internal mass surfaces in Zone 2ND%FLOOR%SOUTH:2ND%OPEN%OFFICE%SW
   **   ~~~   ** is < 6. This may cause an inaccurate zone heat balance calculation.
   ** Warning ** GetSurfaceData: The total number of floors, walls, roofs and internal mass surfaces in Zone 2ND%FLOOR%SOUTH:2ND%OPEN%OFFICE%SMW
   **   ~~~   ** is < 6. This may cause an inaccurate zone heat balance calculation.
   ** Warning ** GetSurfaceData: The total number of floors, walls, roofs and internal mass surfaces in Zone 2ND%FLOOR%SOUTH:2ND%OPEN%OFFICE%SM
   **   ~~~   ** is < 6. This may cause an inaccurate zone heat balance calculation.
   ** Warning ** GetSurfaceData: The total number of floors, walls, roofs and internal mass surfaces in Zone 2ND%FLOOR%SOUTH:2ND%OPEN%OFFICE%SE
   **   ~~~   ** is < 6. This may cause an inaccurate zone heat balance calculation.
   ** Warning ** GetSurfaceData: The total number of floors, walls, roofs and internal mass surfaces in Zone 2ND%FLOOR%SOUTH:2ND%OPEN%OFFICE%NMW
   **   ~~~   ** is < 6. This may cause an inaccurate zone heat balance calculation.
   ** Warning ** GetSurfaceData: The total number of floors, walls, roofs and internal mass surfaces in Zone 2ND%FLOOR%SOUTH:2ND%OPEN%OFFICE%NME
   **   ~~~   ** is < 6. This may cause an inaccurate zone heat balance calculation.
   ** Warning ** GetSurfaceData: The total number of floors, walls, roofs and internal mass surfaces in Zone 2ND%FLOOR%SOUTH:2ND%OPEN%OFFICE%NW
   **   ~~~   ** is < 6. This may cause an inaccurate zone heat balance calculation.
   ** Warning ** GetSurfaceData: The total number of floors, walls, roofs and internal mass surfaces in Zone 2ND%FLOOR%SOUTH:2ND%OPEN%OFFICE%SME1
   **   ~~~   ** is < 6. This may cause an inaccurate zone heat balance calculation.
   ** Warning ** GetSurfaceData: The total number of floors, walls, roofs and internal mass surfaces in Zone 2ND%FLOOR%SOUTH:2ND%OPEN%OFFICE%SME
   **   ~~~   ** is < 6. This may cause an inaccurate zone heat balance calculation.
   ** Warning ** GetSurfaceData: There are 21 coincident/collinear vertices; These have been deleted unless the deletion would bring the number of surface sides < 3.
   **   ~~~   ** For explicit details on each problem surface, use Output:Diagnostics,DisplayExtraWarnings;
   ** Warning ** No floor exists in Zone="1ST%PLENUM:1ST%PLENUM", zone floor area is zero. All values for this zone that are entered per floor area will be zero.
   ************* Note that the following warning(s) may/will occur if you have not enclosed your zone completely.
   ** Warning ** Entered Volume entered for Zone="1ST%PLENUM:1ST%PLENUM" significantly different from calculated Volume
   **   ~~~   ** Entered Zone Volume value=159.76, Calculated Zone Volume value=229.02, entered volume will be used in calculations.
   ** Warning ** No floor exists in Zone="1ST%FLOOR:1ST%CONFERENCE", zone floor area is zero. All values for this zone that are entered per floor area will be zero.
   ** Warning ** Entered Volume entered for Zone="1ST%FLOOR:1ST%CONFERENCE" significantly different from calculated Volume
   **   ~~~   ** Entered Zone Volume value=80.66, Calculated Zone Volume value=85.07, entered volume will be used in calculations.
   ** Warning ** Entered Volume entered for Zone="1ST%FLOOR:1ST%RESEARCH%OPEN%NE" significantly different from calculated Volume
   **   ~~~   ** Entered Zone Volume value=155.03, Calculated Zone Volume value=91.06, entered volume will be used in calculations.
   ** Warning ** Entered Volume entered for Zone="1ST%FLOOR:1ST%RESEARCH%OPEN%NW" significantly different from calculated Volume
   **   ~~~   ** Entered Zone Volume value=96.65, Calculated Zone Volume value=128.76, entered volume will be used in calculations.
   ** Warning ** Entered Volume entered for Zone="1ST%FLOOR:1ST%RESEARCH%OPEN%NM" significantly different from calculated Volume
   **   ~~~   ** Entered Zone Volume value=119.59, Calculated Zone Volume value=33.86, entered volume will be used in calculations.
   ** Warning ** Entered Volume entered for Zone="1ST%FLOOR:1ST%RESEARCH%OPEN%SW" significantly different from calculated Volume
   **   ~~~   ** Entered Zone Volume value=99.62, Calculated Zone Volume value=212.56, entered volume will be used in calculations.
   ** Warning ** Entered Volume entered for Zone="1ST%FLOOR:1ST%RESEARCH%OPEN%SE" significantly different from calculated Volume
   **   ~~~   ** Entered Zone Volume value=162.42, Calculated Zone Volume value=183.23, entered volume will be used in calculations.
   ** Warning ** Entered Volume entered for Zone="2ND%PLENUM:2ND%PLENUM%FALSE" significantly different from calculated Volume
   **   ~~~   ** Entered Zone Volume value=106.22, Calculated Zone Volume value=213.17, entered volume will be used in calculations.
   ** Warning ** Entered Volume entered for Zone="2ND%PLENUM:2ND%PLENUM%NORTH" significantly different from calculated Volume
   **   ~~~   ** Entered Zone Volume value=8.30, Calculated Zone Volume value=12.68, entered volume will be used in calculations.
   ** Warning ** Entered Volume entered for Zone="2ND%FLOOR%SOUTH:2ND%OPEN%OFFICE%NE" significantly different from calculated Volume
   **   ~~~   ** Entered Zone Volume value=885.77, Calculated Zone Volume value=644.82, entered volume will be used in calculations.
   ** Warning ** Entered Volume entered for Zone="2ND%FLOOR%SOUTH:2ND%OPEN%OFFICE%SW" significantly different from calculated Volume
   **   ~~~   ** Entered Zone Volume value=103.86, Calculated Zone Volume value=284.75, entered volume will be used in calculations.
   ** Warning ** Entered Volume entered for Zone="2ND%FLOOR%SOUTH:2ND%OPEN%OFFICE%SMW" significantly different from calculated Volume
   **   ~~~   ** Entered Zone Volume value=192.62, Calculated Zone Volume value=202.89, entered volume will be used in calculations.
   ** Warning ** Entered Volume entered for Zone="2ND%FLOOR%SOUTH:2ND%OPEN%OFFICE%SM" significantly different from calculated Volume
   **   ~~~   ** Entered Zone Volume value=141.17, Calculated Zone Volume value=148.90, entered volume will be used in calculations.
   ** Warning ** Entered Volume entered for Zone="2ND%FLOOR%SOUTH:2ND%OPEN%OFFICE%SE" significantly different from calculated Volume
   **   ~~~   ** Entered Zone Volume value=160.36, Calculated Zone Volume value=169.34, entered volume will be used in calculations.
   ** Warning ** Entered Volume entered for Zone="2ND%FLOOR%SOUTH:2ND%OPEN%OFFICE%NMW" significantly different from calculated Volume
   **   ~~~   ** Entered Zone Volume value=200.77, Calculated Zone Volume value=67.18, entered volume will be used in calculations.
   ** Warning ** Entered Volume entered for Zone="2ND%FLOOR%SOUTH:2ND%OPEN%OFFICE%NME" significantly different from calculated Volume
   **   ~~~   ** Entered Zone Volume value=147.63, Calculated Zone Volume value=45.43, entered volume will be used in calculations.
   ** Warning ** Entered Volume entered for Zone="2ND%FLOOR%SOUTH:2ND%OPEN%OFFICE%NW" significantly different from calculated Volume
   **   ~~~   ** Entered Zone Volume value=103.96, Calculated Zone Volume value=206.01, entered volume will be used in calculations.
   ** Warning ** Entered Volume entered for Zone="2ND%FLOOR%SOUTH:2ND%OPEN%OFFICE%SME1" significantly different from calculated Volume
   **   ~~~   ** Entered Zone Volume value=164.53, Calculated Zone Volume value=173.97, entered volume will be used in calculations.
   ** Warning ** Entered Volume entered for Zone="2ND%FLOOR%SOUTH:2ND%OPEN%OFFICE%SME" significantly different from calculated Volume
   **   ~~~   ** Entered Zone Volume value=246.75, Calculated Zone Volume value=425.54, entered volume will be used in calculations.
   ** Warning ** CheckUsedConstructions: There are 45 nominally unused constructions in input.
   **   ~~~   ** Each Unused construction is shown.
   ************* Construction=IRTSURFACE
   ************* Construction=2
   ************* Construction=8
   ************* Construction=12
   ************* Construction=14
   ************* Construction=16
   ************* Construction=20
   ************* Construction=26
   ************* Construction=28
   ************* Construction=30
   ************* Construction=34
   ************* Construction=36
   ************* Construction=38
   ************* Construction=40
   ************* Construction=46
   ************* Construction=48
   ************* Construction=50
   ************* Construction=54
   ************* Construction=56
   ************* Construction=58
   ************* Construction=60
   ************* Construction=62
   ************* Construction=64
   ************* Construction=68
   ************* Construction=70
   ************* Construction=72
   ************* Construction=74
   ************* Construction=76
   ************* Construction=77
   ************* Construction=78
   ************* Construction=79
   ************* Construction=80
   ************* Construction=81
   ************* Construction=82
   ************* Construction=83
   ************* Construction=84
   ************* Construction=85
   ************* Construction=86
   ************* Construction=87
   ************* Construction=88
   ************* Construction=89
   ************* Construction=90
   ************* Construction=1010
   ************* Construction=1011
   ************* Construction=1012
   ** Warning ** GetInternalHeatGains: People="PEOPLE 1ST%PLENUM:1ST%PLENUM", Activity Level Schedule Name values
   **   ~~~   ** fall outside typical range [70,1000] W/person for Thermal Comfort Reporting.
   **   ~~~   ** Odd comfort values may result; Schedule="ACTIVITY SCHEDULE".
   **   ~~~   ** Entered min/max range=[1.2,1.2] W/person.
   ** Warning ** GetInternalHeatGains: People="PEOPLE 1ST%FLOOR:1ST%CONFERENCE", Activity Level Schedule Name values
   **   ~~~   ** fall outside typical range [70,1000] W/person for Thermal Comfort Reporting.
   **   ~~~   ** Odd comfort values may result; Schedule="ACTIVITY SCHEDULE".
   **   ~~~   ** Entered min/max range=[1.2,1.2] W/person.
   ** Warning ** GetInternalHeatGains: People="PEOPLE 1ST%FLOOR:1ST%RESEARCH%OPEN%NE", Activity Level Schedule Name values
   **   ~~~   ** fall outside typical range [70,1000] W/person for Thermal Comfort Reporting.
   **   ~~~   ** Odd comfort values may result; Schedule="ACTIVITY SCHEDULE".
   **   ~~~   ** Entered min/max range=[1.2,1.2] W/person.
   ** Warning ** GetInternalHeatGains: People="PEOPLE 1ST%FLOOR:1ST%LOBBY", Activity Level Schedule Name values
   **   ~~~   ** fall outside typical range [70,1000] W/person for Thermal Comfort Reporting.
   **   ~~~   ** Odd comfort values may result; Schedule="ACTIVITY SCHEDULE".
   **   ~~~   ** Entered min/max range=[1.2,1.2] W/person.
   ** Warning ** GetInternalHeatGains: People="PEOPLE 1ST%FLOOR:1ST%HVAC%SHAFT", Activity Level Schedule Name values
   **   ~~~   ** fall outside typical range [70,1000] W/person for Thermal Comfort Reporting.
   **   ~~~   ** Odd comfort values may result; Schedule="ACTIVITY SCHEDULE".
   **   ~~~   ** Entered min/max range=[1.2,1.2] W/person.
   ** Warning ** GetInternalHeatGains: People="PEOPLE 1ST%FLOOR:1ST%CLASSROOM", Activity Level Schedule Name values
   **   ~~~   ** fall outside typical range [70,1000] W/person for Thermal Comfort Reporting.
   **   ~~~   ** Odd comfort values may result; Schedule="ACTIVITY SCHEDULE".
   **   ~~~   ** Entered min/max range=[1.2,1.2] W/person.
   ** Warning ** GetInternalHeatGains: People="PEOPLE 1ST%FLOOR:1ST%VESTIBULE", Activity Level Schedule Name values
   **   ~~~   ** fall outside typical range [70,1000] W/person for Thermal Comfort Reporting.
   **   ~~~   ** Odd comfort values may result; Schedule="ACTIVITY SCHEDULE".
   **   ~~~   ** Entered min/max range=[1.2,1.2] W/person.
   ** Warning ** GetInternalHeatGains: People="PEOPLE 1ST%FLOOR:1ST%ELECTRICAL%ROOM", Activity Level Schedule Name values
   **   ~~~   ** fall outside typical range [70,1000] W/person for Thermal Comfort Reporting.
   **   ~~~   ** Odd comfort values may result; Schedule="ACTIVITY SCHEDULE".
   **   ~~~   ** Entered min/max range=[1.2,1.2] W/person.
   ** Warning ** GetInternalHeatGains: People="PEOPLE 1ST%FLOOR:1ST%RESTROOM", Activity Level Schedule Name values
   **   ~~~   ** fall outside typical range [70,1000] W/person for Thermal Comfort Reporting.
   **   ~~~   ** Odd comfort values may result; Schedule="ACTIVITY SCHEDULE".
   **   ~~~   ** Entered min/max range=[1.2,1.2] W/person.
   ** Warning ** GetInternalHeatGains: People="PEOPLE 1ST%FLOOR:1ST%RESEARCH%OPEN%NW", Activity Level Schedule Name values
   **   ~~~   ** fall outside typical range [70,1000] W/person for Thermal Comfort Reporting.
   **   ~~~   ** Odd comfort values may result; Schedule="ACTIVITY SCHEDULE".
   **   ~~~   ** Entered min/max range=[1.2,1.2] W/person.
   ** Warning ** GetInternalHeatGains: People="PEOPLE 1ST%FLOOR:1ST%RESEARCH%OPEN%NM", Activity Level Schedule Name values
   **   ~~~   ** fall outside typical range [70,1000] W/person for Thermal Comfort Reporting.
   **   ~~~   ** Odd comfort values may result; Schedule="ACTIVITY SCHEDULE".
   **   ~~~   ** Entered min/max range=[1.2,1.2] W/person.
   ** Warning ** GetInternalHeatGains: People="PEOPLE 1ST%FLOOR:1ST%BREAK%ROOM", Activity Level Schedule Name values
   **   ~~~   ** fall outside typical range [70,1000] W/person for Thermal Comfort Reporting.
   **   ~~~   ** Odd comfort values may result; Schedule="ACTIVITY SCHEDULE".
   **   ~~~   ** Entered min/max range=[1.2,1.2] W/person.
   ** Warning ** GetInternalHeatGains: People="PEOPLE 1ST%FLOOR:1ST%PHONE%BOOTH", Activity Level Schedule Name values
   **   ~~~   ** fall outside typical range [70,1000] W/person for Thermal Comfort Reporting.
   **   ~~~   ** Odd comfort values may result; Schedule="ACTIVITY SCHEDULE".
   **   ~~~   ** Entered min/max range=[1.2,1.2] W/person.
   ** Warning ** GetInternalHeatGains: People="PEOPLE 1ST%FLOOR:1ST%VOLUNTEER%AREA", Activity Level Schedule Name values
   **   ~~~   ** fall outside typical range [70,1000] W/person for Thermal Comfort Reporting.
   **   ~~~   ** Odd comfort values may result; Schedule="ACTIVITY SCHEDULE".
   **   ~~~   ** Entered min/max range=[1.2,1.2] W/person.
   ** Warning ** GetInternalHeatGains: People="PEOPLE 1ST%FLOOR:1ST%RESEARCH%OPEN%SW", Activity Level Schedule Name values
   **   ~~~   ** fall outside typical range [70,1000] W/person for Thermal Comfort Reporting.
   **   ~~~   ** Odd comfort values may result; Schedule="ACTIVITY SCHEDULE".
   **   ~~~   ** Entered min/max range=[1.2,1.2] W/person.
   ** Warning ** GetInternalHeatGains: People="PEOPLE 1ST%FLOOR:1ST%RESEARCH%OPEN%SM", Activity Level Schedule Name values
   **   ~~~   ** fall outside typical range [70,1000] W/person for Thermal Comfort Reporting.
   **   ~~~   ** Odd comfort values may result; Schedule="ACTIVITY SCHEDULE".
   **   ~~~   ** Entered min/max range=[1.2,1.2] W/person.
   ** Warning ** GetInternalHeatGains: People="PEOPLE 1ST%FLOOR:1ST%RESEARCH%OPEN%SE", Activity Level Schedule Name values
   **   ~~~   ** fall outside typical range [70,1000] W/person for Thermal Comfort Reporting.
   **   ~~~   ** Odd comfort values may result; Schedule="ACTIVITY SCHEDULE".
   **   ~~~   ** Entered min/max range=[1.2,1.2] W/person.
   ** Warning ** GetInternalHeatGains: People="PEOPLE 1ST%FLOOR:1ST%MCHNCL%RM%01", Activity Level Schedule Name values
   **   ~~~   ** fall outside typical range [70,1000] W/person for Thermal Comfort Reporting.
   **   ~~~   ** Odd comfort values may result; Schedule="ACTIVITY SCHEDULE".
   **   ~~~   ** Entered min/max range=[1.2,1.2] W/person.
   ** Warning ** GetInternalHeatGains: People="PEOPLE 1ST%FLOOR:1ST%CORRIDOR", Activity Level Schedule Name values
   **   ~~~   ** fall outside typical range [70,1000] W/person for Thermal Comfort Reporting.
   **   ~~~   ** Odd comfort values may result; Schedule="ACTIVITY SCHEDULE".
   **   ~~~   ** Entered min/max range=[1.2,1.2] W/person.
   ** Warning ** GetInternalHeatGains: People="PEOPLE 1ST%FLOOR:1ST%EDCTN%STRG", Activity Level Schedule Name values
   **   ~~~   ** fall outside typical range [70,1000] W/person for Thermal Comfort Reporting.
   **   ~~~   ** Odd comfort values may result; Schedule="ACTIVITY SCHEDULE".
   **   ~~~   ** Entered min/max range=[1.2,1.2] W/person.
   ** Warning ** GetInternalHeatGains: People="PEOPLE 1ST%FLOOR:1ST%ELEVATOR%MACHINE", Activity Level Schedule Name values
   **   ~~~   ** fall outside typical range [70,1000] W/person for Thermal Comfort Reporting.
   **   ~~~   ** Odd comfort values may result; Schedule="ACTIVITY SCHEDULE".
   **   ~~~   ** Entered min/max range=[1.2,1.2] W/person.
   ** Warning ** GetInternalHeatGains: People="PEOPLE 2ND%PLENUM:2ND%PLENUM%FALSE", Activity Level Schedule Name values
   **   ~~~   ** fall outside typical range [70,1000] W/person for Thermal Comfort Reporting.
   **   ~~~   ** Odd comfort values may result; Schedule="ACTIVITY SCHEDULE".
   **   ~~~   ** Entered min/max range=[1.2,1.2] W/person.
   ** Warning ** GetInternalHeatGains: People="PEOPLE 2ND%PLENUM:2ND%PLENUM%NORTH", Activity Level Schedule Name values
   **   ~~~   ** fall outside typical range [70,1000] W/person for Thermal Comfort Reporting.
   **   ~~~   ** Odd comfort values may result; Schedule="ACTIVITY SCHEDULE".
   **   ~~~   ** Entered min/max range=[1.2,1.2] W/person.
   ** Warning ** GetInternalHeatGains: People="PEOPLE 2ND%FLOOR%SOUTH:2ND%HVAC%SHAFT", Activity Level Schedule Name values
   **   ~~~   ** fall outside typical range [70,1000] W/person for Thermal Comfort Reporting.
   **   ~~~   ** Odd comfort values may result; Schedule="ACTIVITY SCHEDULE".
   **   ~~~   ** Entered min/max range=[1.2,1.2] W/person.
   ** Warning ** GetInternalHeatGains: People="PEOPLE 2ND%FLOOR%SOUTH:2ND%OPEN%OFFICE%NE", Activity Level Schedule Name values
   **   ~~~   ** fall outside typical range [70,1000] W/person for Thermal Comfort Reporting.
   **   ~~~   ** Odd comfort values may result; Schedule="ACTIVITY SCHEDULE".
   **   ~~~   ** Entered min/max range=[1.2,1.2] W/person.
   ** Warning ** GetInternalHeatGains: People="PEOPLE 2ND%FLOOR%SOUTH:2ND%CONFERENCE%02", Activity Level Schedule Name values
   **   ~~~   ** fall outside typical range [70,1000] W/person for Thermal Comfort Reporting.
   **   ~~~   ** Odd comfort values may result; Schedule="ACTIVITY SCHEDULE".
   **   ~~~   ** Entered min/max range=[1.2,1.2] W/person.
   ** Warning ** GetInternalHeatGains: People="PEOPLE 2ND%FLOOR%SOUTH:2ND%OPEN%OFFICE%SW", Activity Level Schedule Name values
   **   ~~~   ** fall outside typical range [70,1000] W/person for Thermal Comfort Reporting.
   **   ~~~   ** Odd comfort values may result; Schedule="ACTIVITY SCHEDULE".
   **   ~~~   ** Entered min/max range=[1.2,1.2] W/person.
   ** Warning ** GetInternalHeatGains: People="PEOPLE 2ND%FLOOR%SOUTH:2ND%OPEN%OFFICE%SMW", Activity Level Schedule Name values
   **   ~~~   ** fall outside typical range [70,1000] W/person for Thermal Comfort Reporting.
   **   ~~~   ** Odd comfort values may result; Schedule="ACTIVITY SCHEDULE".
   **   ~~~   ** Entered min/max range=[1.2,1.2] W/person.
   ** Warning ** GetInternalHeatGains: People="PEOPLE 2ND%FLOOR%SOUTH:2ND%OPEN%OFFICE%SM", Activity Level Schedule Name values
   **   ~~~   ** fall outside typical range [70,1000] W/person for Thermal Comfort Reporting.
   **   ~~~   ** Odd comfort values may result; Schedule="ACTIVITY SCHEDULE".
   **   ~~~   ** Entered min/max range=[1.2,1.2] W/person.
   ** Warning ** GetInternalHeatGains: People="PEOPLE 2ND%FLOOR%SOUTH:2ND%OPEN%OFFICE%SE", Activity Level Schedule Name values
   **   ~~~   ** fall outside typical range [70,1000] W/person for Thermal Comfort Reporting.
   **   ~~~   ** Odd comfort values may result; Schedule="ACTIVITY SCHEDULE".
   **   ~~~   ** Entered min/max range=[1.2,1.2] W/person.
   ** Warning ** GetInternalHeatGains: People="PEOPLE 2ND%FLOOR%SOUTH:2ND%OPEN%OFFICE%SME", Activity Level Schedule Name values
   **   ~~~   ** fall outside typical range [70,1000] W/person for Thermal Comfort Reporting.
   **   ~~~   ** Odd comfort values may result; Schedule="ACTIVITY SCHEDULE".
   **   ~~~   ** Entered min/max range=[1.2,1.2] W/person.
   ** Warning ** GetInternalHeatGains: People="PEOPLE 2ND%FLOOR%SOUTH:2ND%CONFERENCE%01", Activity Level Schedule Name values
   **   ~~~   ** fall outside typical range [70,1000] W/person for Thermal Comfort Reporting.
   **   ~~~   ** Odd comfort values may result; Schedule="ACTIVITY SCHEDULE".
   **   ~~~   ** Entered min/max range=[1.2,1.2] W/person.
   ** Warning ** GetInternalHeatGains: People="PEOPLE 2ND%FLOOR%SOUTH:2ND%PHONE%BOOTH", Activity Level Schedule Name values
   **   ~~~   ** fall outside typical range [70,1000] W/person for Thermal Comfort Reporting.
   **   ~~~   ** Odd comfort values may result; Schedule="ACTIVITY SCHEDULE".
   **   ~~~   ** Entered min/max range=[1.2,1.2] W/person.
   ** Warning ** GetInternalHeatGains: People="PEOPLE 2ND%FLOOR%SOUTH:2ND%OPEN%OFFICE%NMW", Activity Level Schedule Name values
   **   ~~~   ** fall outside typical range [70,1000] W/person for Thermal Comfort Reporting.
   **   ~~~   ** Odd comfort values may result; Schedule="ACTIVITY SCHEDULE".
   **   ~~~   ** Entered min/max range=[1.2,1.2] W/person.
   ** Warning ** GetInternalHeatGains: People="PEOPLE 2ND%FLOOR%SOUTH:2ND%OPEN%OFFICE%NME", Activity Level Schedule Name values
   **   ~~~   ** fall outside typical range [70,1000] W/person for Thermal Comfort Reporting.
   **   ~~~   ** Odd comfort values may result; Schedule="ACTIVITY SCHEDULE".
   **   ~~~   ** Entered min/max range=[1.2,1.2] W/person.
   ** Warning ** GetInternalHeatGains: People="PEOPLE 2ND%FLOOR%SOUTH:2ND%OPEN%OFFICE%NW", Activity Level Schedule Name values
   **   ~~~   ** fall outside typical range [70,1000] W/person for Thermal Comfort Reporting.
   **   ~~~   ** Odd comfort values may result; Schedule="ACTIVITY SCHEDULE".
   **   ~~~   ** Entered min/max range=[1.2,1.2] W/person.
   ** Warning ** GetInternalHeatGains: People="PEOPLE 2ND%FLOOR%NORTH:2ND%LOBBY", Activity Level Schedule Name values
   **   ~~~   ** fall outside typical range [70,1000] W/person for Thermal Comfort Reporting.
   **   ~~~   ** Odd comfort values may result; Schedule="ACTIVITY SCHEDULE".
   **   ~~~   ** Entered min/max range=[1.2,1.2] W/person.
   ** Warning ** GetInternalHeatGains: People="PEOPLE 2ND%FLOOR%NORTH:2ND%RESTROOMS", Activity Level Schedule Name values
   **   ~~~   ** fall outside typical range [70,1000] W/person for Thermal Comfort Reporting.
   **   ~~~   ** Odd comfort values may result; Schedule="ACTIVITY SCHEDULE".
   **   ~~~   ** Entered min/max range=[1.2,1.2] W/person.
   ** Warning ** GetInternalHeatGains: People="PEOPLE 2ND%FLOOR%NORTH:2ND%CORRIDOR", Activity Level Schedule Name values
   **   ~~~   ** fall outside typical range [70,1000] W/person for Thermal Comfort Reporting.
   **   ~~~   ** Odd comfort values may result; Schedule="ACTIVITY SCHEDULE".
   **   ~~~   ** Entered min/max range=[1.2,1.2] W/person.
   ** Warning ** GetInternalHeatGains: People="PEOPLE 2ND%FLOOR%NORTH:2ND%SECURE%FILES", Activity Level Schedule Name values
   **   ~~~   ** fall outside typical range [70,1000] W/person for Thermal Comfort Reporting.
   **   ~~~   ** Odd comfort values may result; Schedule="ACTIVITY SCHEDULE".
   **   ~~~   ** Entered min/max range=[1.2,1.2] W/person.
   ** Warning ** GetInternalHeatGains: People="PEOPLE 2ND%FLOOR%NORTH:2ND%CONFERENCE%03", Activity Level Schedule Name values
   **   ~~~   ** fall outside typical range [70,1000] W/person for Thermal Comfort Reporting.
   **   ~~~   ** Odd comfort values may result; Schedule="ACTIVITY SCHEDULE".
   **   ~~~   ** Entered min/max range=[1.2,1.2] W/person.
   ** Warning ** GetInternalHeatGains: People="PEOPLE 2ND%FLOOR%NORTH:2ND%WORK%ROOM", Activity Level Schedule Name values
   **   ~~~   ** fall outside typical range [70,1000] W/person for Thermal Comfort Reporting.
   **   ~~~   ** Odd comfort values may result; Schedule="ACTIVITY SCHEDULE".
   **   ~~~   ** Entered min/max range=[1.2,1.2] W/person.
   ** Warning ** GetInternalHeatGains: People="PEOPLE 2ND%FLOOR%SOUTH:2ND%OPEN%OFFICE%SME1", Activity Level Schedule Name values
   **   ~~~   ** fall outside typical range [70,1000] W/person for Thermal Comfort Reporting.
   **   ~~~   ** Odd comfort values may result; Schedule="ACTIVITY SCHEDULE".
   **   ~~~   ** Entered min/max range=[1.2,1.2] W/person.
   ** Warning ** GetInternalHeatGains: Lights="1ST%FLOOR:1ST%CONFERENCE GENERAL LIGHTING", specifies Watts per Zone Floor Area, but Zone Floor Area = 0.  0 Lights will result.
   ** Warning ** GetInternalHeatGains: ElectricEquipment="1ST%FLOOR:1ST%CONFERENCE EQUIPMENT 1", specifies Watts per Zone Floor Area, but Zone Floor Area = 0.  0 Electric Equipment will result.
   ** Severe  ** ComputeIntSolarAbsorpFactors: Solar distribution model is set to place solar gains on the zone floor,
   **   ~~~   ** but Zone ="1ST%FLOOR:1ST%CONFERENCE" does not appear to have any floor surfaces.
   **   ~~~   ** Solar gains will be spread evenly on all surfaces in the zone, and the simulation continues...
   ** Warning ** DetermineShadowingCombinations: Surface="1ST%FLOOR:1ST%RESEARCH%OPEN%NE_WALL_5_1_0" is a receiving surface and is non-convex.
   **   ~~~   ** ...Shadowing values may be inaccurate. Check .shd report file for more surface shading details
   ** Warning ** DetermineShadowingCombinations: Surface="1ST%FLOOR:1ST%LOBBY_WALL_19_1_0" is a receiving surface and is non-convex.
   **   ~~~   ** ...Shadowing values may be inaccurate. Check .shd report file for more surface shading details
   ** Warning ** DetermineShadowingCombinations: Surface="1ST%FLOOR:1ST%HVAC%SHAFT_WALL_2_1_0" is a receiving surface and is non-convex.
   **   ~~~   ** ...Shadowing values may be inaccurate. Check .shd report file for more surface shading details
   ** Warning ** DetermineShadowingCombinations: Surface="1ST%FLOOR:1ST%CLASSROOM_EXTFLOOR_0_2_1" is a receiving surface and is non-convex.
   **   ~~~   ** ...Shadowing values may be inaccurate. Check .shd report file for more surface shading details
   ** Warning ** DetermineShadowingCombinations: Surface="1ST%FLOOR:1ST%RESEARCH%OPEN%NW_WALL_3_1_0" is a receiving surface and is non-convex.
   **   ~~~   ** ...Shadowing values may be inaccurate. Check .shd report file for more surface shading details
   ** Warning ** DetermineShadowingCombinations: Surface="1ST%FLOOR:1ST%PHONE%BOOTH_EXTFLOOR_0_2_0" is a receiving surface and is non-convex.
   **   ~~~   ** ...Shadowing values may be inaccurate. Check .shd report file for more surface shading details
   ** Warning ** DetermineShadowingCombinations: Surface="1ST%FLOOR:1ST%MCHNCL%RM%01_WALL_7_1_0" is a receiving surface and is non-convex.
   **   ~~~   ** ...Shadowing values may be inaccurate. Check .shd report file for more surface shading details
   ** Warning ** DetermineShadowingCombinations: Surface="2ND%PLENUM:2ND%PLENUM%FALSE_EXTFLOOR_0_0_0" is a receiving surface and is non-convex.
   **   ~~~   ** ...Shadowing values may be inaccurate. Check .shd report file for more surface shading details
   ** Warning ** DetermineShadowingCombinations: Surface="2ND%FLOOR%SOUTH:2ND%OPEN%OFFICE%NE_ROOF_1_0_0" is a receiving surface and is non-convex.
   **   ~~~   ** ...Shadowing values may be inaccurate. Check .shd report file for more surface shading details
   ** Warning ** DetermineShadowingCombinations: Surface="2ND%FLOOR%SOUTH:2ND%CONFERENCE%02_ROOF_1_1_0" is a receiving surface and is non-convex.
   **   ~~~   ** ...Shadowing values may be inaccurate. Check .shd report file for more surface shading details
   ** Warning ** DetermineShadowingCombinations: Surface="2ND%FLOOR%SOUTH:2ND%CONFERENCE%01_ROOF_1_0_0" is a receiving surface and is non-convex.
   **   ~~~   ** ...Shadowing values may be inaccurate. Check .shd report file for more surface shading details
   ** Warning ** DetermineShadowingCombinations: Surface="2ND%FLOOR%NORTH:2ND%LOBBY_WALL_7_1_0" is a receiving surface and is non-convex.
   **   ~~~   ** ...Shadowing values may be inaccurate. Check .shd report file for more surface shading details
   ** Warning ** DetermineShadowingCombinations: Surface="2ND%FLOOR%NORTH:2ND%LOBBY_WALL_8_1_0" is a receiving surface and is non-convex.
   **   ~~~   ** ...Shadowing values may be inaccurate. Check .shd report file for more surface shading details
   ** Warning ** DetermineShadowingCombinations: Surface="2ND%FLOOR%NORTH:2ND%LOBBY_ROOF_1_2_0" is a receiving surface and is non-convex.
   **   ~~~   ** ...Shadowing values may be inaccurate. Check .shd report file for more surface shading details
   ** Warning ** DetermineShadowingCombinations: Surface="2ND%FLOOR%NORTH:2ND%RESTROOMS_WALL_3_1_0" is a receiving surface and is non-convex.
   **   ~~~   ** ...Shadowing values may be inaccurate. Check .shd report file for more surface shading details
   ** Warning ** DetermineShadowingCombinations: Surface="2ND%FLOOR%NORTH:2ND%RESTROOMS_ROOF_1_0_0" is a receiving surface and is non-convex.
   **   ~~~   ** ...Shadowing values may be inaccurate. Check .shd report file for more surface shading details
   ** Warning ** DetermineShadowingCombinations: Surface="2ND%FLOOR%NORTH:2ND%CORRIDOR_ROOF_1_1_0" is a receiving surface and is non-convex.
   **   ~~~   ** ...Shadowing values may be inaccurate. Check .shd report file for more surface shading details
   ** Warning ** DetermineShadowingCombinations: Surface="2ND%FLOOR%NORTH:2ND%SECURE%FILES_ROOF_1_0_0" is a receiving surface and is non-convex.
   **   ~~~   ** ...Shadowing values may be inaccurate. Check .shd report file for more surface shading details
   ** Warning ** DetermineShadowingCombinations: Surface="2ND%FLOOR%NORTH:2ND%WORK%ROOM_WALL_4_1_0" is a receiving surface and is non-convex.
   **   ~~~   ** ...Shadowing values may be inaccurate. Check .shd report file for more surface shading details
   ** Warning ** DetermineShadowingCombinations: Surface="2ND%FLOOR%NORTH:2ND%WORK%ROOM_ROOF_1_0_0" is a receiving surface and is non-convex.
   **   ~~~   ** ...Shadowing values may be inaccurate. Check .shd report file for more surface shading details
   ** Severe  ** DetermineShadowingCombinations: Surface="1ST%FLOOR:1ST%RESEARCH%OPEN%NE_WALL_5_1_0" is a casting surface and is non-convex.
   **   ~~~   ** ...Shadowing values may be inaccurate. Check .shd report file for more surface shading details
   ** Severe  ** DetermineShadowingCombinations: Surface="1ST%FLOOR:1ST%LOBBY_WALL_19_1_0" is a casting surface and is non-convex.
   **   ~~~   ** ...Shadowing values may be inaccurate. Check .shd report file for more surface shading details
   ** Severe  ** DetermineShadowingCombinations: Surface="1ST%FLOOR:1ST%HVAC%SHAFT_WALL_2_1_0" is a casting surface and is non-convex.
   **   ~~~   ** ...Shadowing values may be inaccurate. Check .shd report file for more surface shading details
   ** Severe  ** DetermineShadowingCombinations: Surface="1ST%FLOOR:1ST%CLASSROOM_EXTFLOOR_0_2_1" is a casting surface and is non-convex.
   **   ~~~   ** ...Shadowing values may be inaccurate. Check .shd report file for more surface shading details
   ** Severe  ** DetermineShadowingCombinations: Surface="1ST%FLOOR:1ST%RESEARCH%OPEN%NW_WALL_3_1_0" is a casting surface and is non-convex.
   **   ~~~   ** ...Shadowing values may be inaccurate. Check .shd report file for more surface shading details
   ** Severe  ** DetermineShadowingCombinations: Surface="1ST%FLOOR:1ST%PHONE%BOOTH_EXTFLOOR_0_2_0" is a casting surface and is non-convex.
   **   ~~~   ** ...Shadowing values may be inaccurate. Check .shd report file for more surface shading details
   ** Severe  ** DetermineShadowingCombinations: Surface="1ST%FLOOR:1ST%MCHNCL%RM%01_WALL_7_1_0" is a casting surface and is non-convex.
   **   ~~~   ** ...Shadowing values may be inaccurate. Check .shd report file for more surface shading details
   ** Severe  ** DetermineShadowingCombinations: Surface="2ND%PLENUM:2ND%PLENUM%FALSE_EXTFLOOR_0_0_0" is a casting surface and is non-convex.
   **   ~~~   ** ...Shadowing values may be inaccurate. Check .shd report file for more surface shading details
   ** Severe  ** DetermineShadowingCombinations: Surface="2ND%FLOOR%NORTH:2ND%LOBBY_WALL_7_1_0" is a casting surface and is non-convex.
   **   ~~~   ** ...Shadowing values may be inaccurate. Check .shd report file for more surface shading details
   ** Severe  ** DetermineShadowingCombinations: Surface="2ND%FLOOR%NORTH:2ND%LOBBY_WALL_8_1_0" is a casting surface and is non-convex.
   **   ~~~   ** ...Shadowing values may be inaccurate. Check .shd report file for more surface shading details
   ** Severe  ** DetermineShadowingCombinations: Surface="2ND%FLOOR%NORTH:2ND%RESTROOMS_WALL_3_1_0" is a casting surface and is non-convex.
   **   ~~~   ** ...Shadowing values may be inaccurate. Check .shd report file for more surface shading details
   ** Severe  ** DetermineShadowingCombinations: Surface="2ND%FLOOR%NORTH:2ND%WORK%ROOM_WALL_4_1_0" is a casting surface and is non-convex.
   **   ~~~   ** ...Shadowing values may be inaccurate. Check .shd report file for more surface shading details
   ** Warning ** Detailed daylighting will not be done for zone=1ST%FLOOR:1ST%ELECTRICAL%ROOM
   **   ~~~   ** because it has no associated exterior windows.
   ** Warning ** Detailed daylighting will not be done for zone=1ST%FLOOR:1ST%PHONE%BOOTH
   **   ~~~   ** because it has no associated exterior windows.
   ** Warning ** Detailed daylighting will not be done for zone=1ST%FLOOR:1ST%MCHNCL%RM%01
   **   ~~~   ** because it has no associated exterior windows.
   ** Warning ** Detailed daylighting will not be done for zone=2ND%FLOOR%SOUTH:2ND%PHONE%BOOTH
   **   ~~~   ** because it has no associated exterior windows.
   ** Warning ** GetCurrentScheduleValue: Schedule="PYTHONINTERIOREQUIPMENT" is a Schedule:File
   **   ~~~   ** ...Use of Schedule:File when DaylightSavingTime is in effect is not recommended.
   **   ~~~   ** ...1) Remove RunperiodControl:DaylightSavingTime object or remove DST period from Weather File.
   **   ~~~   ** ...2) Configure other schedules and Schedule:File to account for occupant behavior during DST.
   **   ~~~   ** ...   If you have already done this, you can ignore this message.
   **   ~~~   ** ...When active, DaylightSavingTime will shift all scheduled items by one hour, retaining the same day type as the original.
   ** Severe  ** CalcAlamdariHammondStableHorizontal: Convection model not evaluated (would divide by zero)
   **   ~~~   ** Effective hydraulic diameter is zero, convection model not applicable for surface =1ST%PLENUM:1ST%PLENUM_CEILING_1_1_0
   **   ~~~   ** Convection surface heat transfer coefficient set to 9.999 [W/m2-K] and the simulation continues
   ** Severe  ** CalcEcoRoof: Too few time steps per hour for stability.
   **   ~~~   ** ...Entered Timesteps per hour=[6], Change to some value greater than [36] for assured stability.
   ** Severe  ** CalcAlamdariHammondUnstableHorizontal: Convection model not evaluated (would divide by zero)
   **   ~~~   ** Effective hydraulic diameter is zero, convection model not applicable for surface =1ST%PLENUM:1ST%PLENUM_CEILING_1_3_0
   **   ~~~   ** Convection surface heat transfer coefficient set to 9.999 [W/m2-K] and the simulation continues
   ** Warning ** RoomAirManager: Inconsistent ceiling heights in Zone: 2ND%FLOOR%NORTH:2ND%LOBBY
   **   ~~~   ** Lowest height=[4.422].
   **   ~~~   ** Highest height=[9.146].
   **   ~~~   ** Ceiling height=[3.753].
   ** Warning ** RoomAirManager: Inconsistent ceiling heights in Zone: 2ND%FLOOR%NORTH:2ND%CORRIDOR
   **   ~~~   ** Lowest height=[4.422].
   **   ~~~   ** Highest height=[9.146].
   **   ~~~   ** Ceiling height=[4.049].
   ** Warning ** RoomAirManager: Inconsistent ceiling heights in Zone: 2ND%FLOOR%NORTH:2ND%CONFERENCE%03
   **   ~~~   ** Lowest height=[4.422].
   **   ~~~   ** Highest height=[9.146].
   **   ~~~   ** Ceiling height=[3.965].
   ** Warning ** Calculated design cooling load for zone=1ST%FLOOR:1ST%VESTIBULE is zero.
   **   ~~~   ** Check Sizing:Zone and ZoneControl:Thermostat inputs.
   ** Warning ** Calculated design cooling load for zone=1ST%FLOOR:1ST%RESTROOM is zero.
   **   ~~~   ** Check Sizing:Zone and ZoneControl:Thermostat inputs.
   ************* Beginning System Sizing Calculations
   ************* Beginning Plant Sizing Calculations
   ************* SizeHeatingCoil: : Potential issue with equipment sizing for Coil:Heating:Electric DESICCANT REGEN COIL
   **   ~~~   ** User-Specified Nominal Capacity [W] = 500.00000
   **   ~~~   ** differs from Design Size Nominal Capacity [W] = 9385.95612
   **   ~~~   ** This may, or may not, indicate mismatched component sizes.
   **   ~~~   ** Verify that the value entered is intended and is consistent with other components.
   ** Warning ** SizeWaterCoil: Coil="AIR LOOP AHU COOLING COIL", Cooling Coil has leaving humidity ratio > entering humidity ratio.
   **   ~~~   **     Wair,in =  9.124620E-003
   **   ~~~   **     Wair,out = 9.380206E-003
   **   ~~~   ** ....coil leaving humidity ratio will be reset to:
   **   ~~~   **     Wair,out = 9.124620E-003
   ************* SizeFan: : Potential issue with equipment sizing for Fan:VariableVolume AIR LOOP AHU SUPPLY FAN
   **   ~~~   ** User-Specified Maximum Flow Rate [m3/s] = 5.85000
   **   ~~~   ** differs from Design Size Maximum Flow Rate [m3/s] = 4.56842
   **   ~~~   ** This may, or may not, indicate mismatched component sizes.
   **   ~~~   ** Verify that the value entered is intended and is consistent with other components.
   ** Warning ** SetpointManager:Scheduled="CONDENSER LOOP SETPOINT MANAGER"
   **   ~~~   ** ...setpoint node conflicts with another setpoint manager.
   **   ~~~   ** ...conflicting setpoint manager = SetpointManager:FollowGroundTemperature:"CHILLED WATER CONDENSER LOOP"
   **   ~~~   ** ...conflicting node name = CONDENSER SUPPLY OUTLET NODE
   **   ~~~   ** ...control type variable = Temperature
   ************* Testing Individual Branch Integrity
   ************* All Branches passed integrity testing
   ************* Testing Individual Supply Air Path Integrity
   ************* All Supply Air Paths passed integrity testing
   ************* Testing Individual Return Air Path Integrity
   ************* All Return Air Paths passed integrity testing
   ************* No node connection errors were found.
   ************* Beginning Simulation
   ** Warning ** GetDensityGlycol: Temperature is out of range (too high) for fluid [WATER] density **
   **   ~~~   ** ..Called From:PlantPumps:CalcPumps: ,Temperature=[100.00], supplied data range=[0.00,100.00]
   **   ~~~   **  Environment=PHIPPS_CSL_BUILDING_WINTER, at Simulation time=06/19 08:10 - 08:20
   ** Warning ** GetSpecificHeatGlycol: Temperature is out of range (too high) for fluid [WATER] specific heat **
   **   ~~~   ** ..Called From:PlantLoopSolver::EvaluateLoopSetPointLoad,Temperature=[125.00], supplied data range=[0.00,125.00]
   **   ~~~   **  Environment=PHIPPS_CSL_BUILDING_WINTER, at Simulation time=07/24 10:30 - 10:40
   ************* Simulation Error Summary *************
   ** Warning ** The following lines are "Unused Objects".  These objects are in the idf
   **   ~~~   **  file but are never obtained by the simulation and therefore are NOT used.
   **   ~~~   **  Each unused object is shown.
   **   ~~~   **  See InputOutputReference document for more details.
   ************* Object=OUTPUTCONTROL:ILLUMINANCEMAP:STYLE
   ** Warning ** The following fluid names are "Unused Fluids".  These fluids are in the idf
   **   ~~~   **  file but are never obtained by the simulation and therefore are NOT used.
   ************* Refrigerant=R22
   ** Warning ** The following schedule names are "Unused Schedules".  These schedules are in the idf
   **   ~~~   **  file but are never obtained by the simulation and therefore are NOT used.
   ************* Schedule:Year or Schedule:Compact or Schedule:File or Schedule:Constant=44
   ************* Schedule:Year or Schedule:Compact or Schedule:File or Schedule:Constant=46
   ************* Schedule:Year or Schedule:Compact or Schedule:File or Schedule:Constant=47
   ************* Schedule:Year or Schedule:Compact or Schedule:File or Schedule:Constant=48
   ************* Schedule:Year or Schedule:Compact or Schedule:File or Schedule:Constant=58
   ************* Schedule:Year or Schedule:Compact or Schedule:File or Schedule:Constant=59
   ************* Schedule:Year or Schedule:Compact or Schedule:File or Schedule:Constant=63
   ************* Schedule:Year or Schedule:Compact or Schedule:File or Schedule:Constant=66
   ************* Schedule:Year or Schedule:Compact or Schedule:File or Schedule:Constant=OFF
   ************* Schedule:Year or Schedule:Compact or Schedule:File or Schedule:Constant=CLOTHING SCHEDULE
   ** Warning ** The following week schedule names are "Unused Schedules".  These schedules are in the idf
   **   ~~~   **  file but are never obtained by the simulation and therefore are NOT used.
   ************* Schedule:Week:Daily or Schedule:Week:Compact=WINTER CONTROL TYPE WEEK SCH
   ** Warning ** The following day schedule names are "Unused Schedules".  These schedules are in the idf
   **   ~~~   **  file but are never obtained by the simulation and therefore are NOT used.
   ************* Schedule:Day:Hourly or Schedule:Day:Interval or Schedule:Day:List=0
   ************* Schedule:Day:Hourly or Schedule:Day:Interval or Schedule:Day:List=50
   ************* Schedule:Day:Hourly or Schedule:Day:Interval or Schedule:Day:List=WINTER CONTROL TYPE DAY SCH
   *************
   ************* ===== Recurring Surface Error Summary =====
   ************* The following surface error messages occurred.
   *************
   ************* Too many figures [>=15000] in shadow overlap errors occurring...
   ************* These occur throughout the year and may occur several times for the same surfaces. You may be able to reduce them by adding OutputDiagnostics,DoNotMirrorDetachedShading;
   *************
   ** Warning ** Too many figures [>=15000] in a shadow overlap
   **   ~~~   ** Overlapping figure=Mir-PHIPPS_CSL BUILDING - COMPONENT BLOCK 14 - SURFACE 5 (79), Surface Class=[Detached Shading:Building]
   **   ~~~   **   This error occurred 1 times.
   **   ~~~   ** Figure being Overlapped=Mir-PHIPPS_CSL BUILDING - COMPONENT BLOCK 28 - SURFACE 5 (271), Surface Class=[Detached Shading:Building]
   *************
   ** Warning ** Too many figures [>=15000] in a shadow overlap
   **   ~~~   ** Overlapping figure=PHIPPS_CSL BUILDING - COMPONENT BLOCK 14 - SURFACE 6 (80), Surface Class=[Detached Shading:Building]
   **   ~~~   **   This error occurred 1 times.
   **   ~~~   ** Figure being Overlapped=PHIPPS_CSL BUILDING - COMPONENT BLOCK 28 - SURFACE 6 (272), Surface Class=[Detached Shading:Building]
   *************
   ** Warning ** Too many figures [>=15000] in a shadow overlap
   **   ~~~   ** Overlapping figure=PHIPPS_CSL BUILDING - COMPONENT BLOCK 24 - SURFACE 8 (121), Surface Class=[Detached Shading:Building]
   **   ~~~   **   This error occurred 1 times.
   **   ~~~   ** Figure being Overlapped=2ND%FLOOR%NORTH:2ND%RESTROOMS_WALL_2_1_0, Surface Class=[Wall]
   *************
   ** Warning ** Too many figures [>=15000] in a shadow overlap
   **   ~~~   ** Overlapping figure=Mir-PHIPPS_CSL BUILDING - COMPONENT BLOCK 24 - SURFACE 8 (121), Surface Class=[Detached Shading:Building]
   **   ~~~   **   This error occurred 1 times.
   **   ~~~   ** Figure being Overlapped=2ND%FLOOR%NORTH:2ND%CORRIDOR_WALL_30_0_0, Surface Class=[Wall]
   *************
   ** Warning ** Too many figures [>=15000] in a shadow overlap
   **   ~~~   ** Overlapping figure=PHIPPS_CSL BUILDING - COMPONENT BLOCK 6 - SURFACE 1 (51), Surface Class=[Detached Shading:Building]
   **   ~~~   **   This error occurred 1 times.
   **   ~~~   ** Figure being Overlapped=Mir-PHIPPS_CSL BUILDING - COMPONENT BLOCK 18 - SURFACE 4 (102), Surface Class=[Detached Shading:Building]
   *************
   ** Warning ** Too many figures [>=15000] in a shadow overlap
   **   ~~~   ** Overlapping figure=PHIPPS_CSL BUILDING - COMPONENT BLOCK 6 - SURFACE 2 (52), Surface Class=[Detached Shading:Building]
   **   ~~~   **   This error occurred 2 times.
   **   ~~~   ** Figure being Overlapped=PHIPPS_CSL BUILDING - COMPONENT BLOCK 18 - SURFACE 6 (104), Surface Class=[Detached Shading:Building]
   **   ~~~   ** Figure being Overlapped=PHIPPS_CSL BUILDING - COMPONENT BLOCK 28 - SURFACE 6 (272), Surface Class=[Detached Shading:Building]
   *************
   ** Warning ** Too many figures [>=15000] in a shadow overlap
   **   ~~~   ** Overlapping figure=Mir-PHIPPS_CSL BUILDING - COMPONENT BLOCK 8 - SURFACE 2 (64), Surface Class=[Detached Shading:Building]
   **   ~~~   **   This error occurred 1 times.
   **   ~~~   ** Figure being Overlapped=Mir-PHIPPS_CSL BUILDING - COMPONENT BLOCK 18 - SURFACE 6 (104), Surface Class=[Detached Shading:Building]
   *************
   ** Warning ** Too many figures [>=15000] in a shadow overlap
   **   ~~~   ** Overlapping figure=PHIPPS_CSL BUILDING - COMPONENT BLOCK 8 - SURFACE 3 (65), Surface Class=[Detached Shading:Building]
   **   ~~~   **   This error occurred 1 times.
   **   ~~~   ** Figure being Overlapped=PHIPPS_CSL BUILDING - COMPONENT BLOCK 21 - SURFACE 5 (105), Surface Class=[Detached Shading:Building]
   *************
   ** Warning ** Too many figures [>=15000] in a shadow overlap
   **   ~~~   ** Overlapping figure=Mir-PHIPPS_CSL BUILDING - COMPONENT BLOCK 4 - SURFACE 42 (43), Surface Class=[Detached Shading:Building]
   **   ~~~   **   This error occurred 1 times.
   **   ~~~   ** Figure being Overlapped=PHIPPS_CSL BUILDING - COMPONENT BLOCK 18 - SURFACE 4 (102), Surface Class=[Detached Shading:Building]
   *************
   ** Warning ** Too many figures [>=15000] in a shadow overlap
   **   ~~~   ** Overlapping figure=Mir-PHIPPS_CSL BUILDING - COMPONENT BLOCK 4 - SURFACE 43 (44), Surface Class=[Detached Shading:Building]
   **   ~~~   **   This error occurred 1 times.
   **   ~~~   ** Figure being Overlapped=Mir-PHIPPS_CSL BUILDING - COMPONENT BLOCK 18 - SURFACE 6 (104), Surface Class=[Detached Shading:Building]
   *************
   ** Warning ** Too many figures [>=15000] in a shadow overlap
   **   ~~~   ** Overlapping figure=PHIPPS_CSL BUILDING - COMPONENT BLOCK 36 - SURFACE 3 (176), Surface Class=[Detached Shading:Building]
   **   ~~~   **   This error occurred 1 times.
   **   ~~~   ** Figure being Overlapped=2ND%FLOOR%NORTH:2ND%LOBBY_WALL_56_0_0, Surface Class=[Wall]
   *************
   ** Warning ** Too many figures [>=15000] in a shadow overlap
   **   ~~~   ** Overlapping figure=Mir-PHIPPS_CSL BUILDING - COMPONENT BLOCK 36 - SURFACE 3 (176), Surface Class=[Detached Shading:Building]
   **   ~~~   **   This error occurred 1 times.
   **   ~~~   ** Figure being Overlapped=2ND%FLOOR%NORTH:2ND%LOBBY_WALL_62_0_0, Surface Class=[Wall]
   *************
   ** Warning ** Too many figures [>=15000] in a shadow overlap
   **   ~~~   ** Overlapping figure=Mir-PHIPPS_CSL BUILDING - COMPONENT BLOCK 6 - SURFACE 1 (51), Surface Class=[Detached Shading:Building]
   **   ~~~   **   This error occurred 1 times.
   **   ~~~   ** Figure being Overlapped=Mir-PHIPPS_CSL BUILDING - COMPONENT BLOCK 28 - SURFACE 5 (271), Surface Class=[Detached Shading:Building]
   *************
   **   ~~~   **   The too many figures errors occurred 14 times (total).
   *************
   *************
   ************* ===== Recurring Error Summary =====
   ************* The following recurring error messages occurred.
   *************
   *************  ** Severe  ** CalcAlamdariHammondStableHorizontal: Convection model not evaluated because zero hydraulic diameter and set to 9.999 [W/m2-K]
   *************  **   ~~~   **   This error occurred 214323 total times;
   *************  **   ~~~   **   during Warmup 26753 times;
   *************  **   ~~~   **   during Sizing 19761 times.
   *************
   *************  ** Severe  ** CalcAlamdariHammondUnstableHorizontal: Convection model not evaluated because zero hydraulic diameter and set to 9.999 [W/m2-K]
   *************  **   ~~~   **   This error occurred 34845 total times;
   *************  **   ~~~   **   during Warmup 8143 times;
   *************  **   ~~~   **   during Sizing 8031 times.
   *************
   *************  ** Severe  ** Inadequate heat delivered by desiccant regen coil - RESULTS INVALID! Check regen coil capacity and schedule.
   *************  **   ~~~   **   This error occurred 630340 total times;
   *************  **   ~~~   **   during Warmup 24030 times;
   *************  **   ~~~   **   during Sizing 0 times.
   *************  **   ~~~   ** Dehumidifier:Desiccant:NoFans=DESICCANT 1
   *************  **   ~~~   ** Load requested [W] from COIL:HEATING:ELECTRIC=DESICCANT REGEN COIL
   *************  **   ~~~   **   Max=131668.149356
   *************  **   ~~~   ** Load request exceeded delivered by [W]
   *************  **   ~~~   **   Max=131668.149356
   *************
   *************  ** Severe  ** Improper flow delivered by desiccant regen fan - RESULTS INVALID! Check regen fan capacity and schedule.
   *************  **   ~~~   **   This error occurred 149148 total times;
   *************  **   ~~~   **   during Warmup 8086 times;
   *************  **   ~~~   **   during Sizing 0 times.
   *************  **   ~~~   ** Dehumidifier:Desiccant:NoFans=DESICCANT 1
   *************  **   ~~~   ** Flow requested [m3/s] from FAN:VARIABLEVOLUME=DESICCANT REGEN FAN
   *************  **   ~~~   **   Max=2.215811
   *************  **   ~~~   ** Flow request varied from delivered by [m3/s]
   *************  **   ~~~   **   Max=2.215811  Min=0.105946
   *************
   *************  ** Warning ** GetDensityGlycol: Temperature out of range (too high) for fluid [WATER] density **
   *************  **   ~~~   **   This error occurred 904905 total times;
   *************  **   ~~~   **   during Warmup 0 times;
   *************  **   ~~~   **   during Sizing 0 times.
   *************  **   ~~~   **   Max=169.166885 {C}  Min=100.000464 {C}
   *************
   *************  ** Warning ** Plant loop exceeding upper temperature limit, PlantLoop="HW LOOP"
   *************  **   ~~~   **   This error occurred 49608 total times;
   *************  **   ~~~   **   during Warmup 0 times;
   *************  **   ~~~   **   during Sizing 0 times.
   *************  **   ~~~   **   Max=169.163156
   *************
   *************  ** Warning ** GetSpecificHeatGlycol: Temperature out of range (too high) for fluid [WATER] specific heat **
   *************  **   ~~~   **   This error occurred 1362557 total times;
   *************  **   ~~~   **   during Warmup 0 times;
   *************  **   ~~~   **   during Sizing 0 times.
   *************  **   ~~~   **   Max=169.166885 {C}  Min=125.001968 {C}
   *************
   *************
   ************* ===== Final Error Summary =====
   ************* The following error categories occurred.  Consider correcting or noting.
   ************* Interzone surfaces - different zones
   ************* Nominally Unused Constructions
   ************* ..The nominally unused constructions warning is provided to alert you to potential conditions that can cause
   ************* ..extra time during simulation. Each construction is calculated by the algorithm indicated in the HeatBalanceAlgorithm
   ************* ..object. You may remove the constructions indicated (when you use the DisplayExtraWarnings option).
   *************
   ************* EnergyPlus Warmup Error Summary. During Warmup: 0 Warning; 0 Severe Errors.
   ************* EnergyPlus Sizing Error Summary. During Sizing: 174 Warning; 20 Severe Errors.
   ************* EnergyPlus Completed Successfully-- 2317290 Warning; 1028676 Severe Errors; Elapsed Time=00hr 03min 10.29sec
