Using TensorFlow backend.
[2018-06-21 20:19:05,182] A3C_AGENT_MAIN INFO:Namespace(action_space='cslDxCool_1', activation='relu', agent_num=5, clip_norm=5.0, debug_log_prob=0.0005, decay_steps=1000000, dropout_prob=0.0, end_e=0.0, env='Model1-Cool-v1', eval_act_func='cslDxActCool_1', eval_epi_num=1, eval_freq=250000, forecast_dim=0, gamma=0.99, h_decay_bounds=[], h_regu_frac=[1.0], init_e=0.0, is_greedy_policy=False, is_learning_rate_decay_staircase=False, is_warm_start=False, job_mode='Train', learning_rate=0.001, learning_rate_decay_rate=0.96, learning_rate_decay_steps=100000, max_interactions=10000000, model_dir='None', model_param=[512, 4], model_type='nn', num_threads=16, output='a3c-res-v0.1/Model1-Cool-v1-run1', p_loss_frac=1.0, reward_func='cslDxCool_1', rmsprop_decay=0.99, rmsprop_epsil=1e-10, rmsprop_momet=0.0, rwd_e_para=1.0, rwd_p_para=1.0, save_freq=500000, save_max_to_keep=5, save_scope='all', state_dim=49, test_env='Model1-Test-Cool-v1', test_mode='Multiple', train_act_func='cslDxActCool_1', train_freq=5, v_loss_frac=0.5, violation_penalty_scl=10.0, window_len=3)
[2018-06-21 20:19:05,183] A3C_AGENT_MAIN INFO:Start compiling...
2018-06-21 20:19:13.258934: I tensorflow/core/platform/cpu_feature_guard.cc:137] Your CPU supports instructions that this TensorFlow binary was not compiled to use: SSE4.1 SSE4.2 AVX AVX2 FMA
[2018-06-21 20:19:17,549] A3C_AGENT_MAIN INFO:Start the learning...
[2018-06-21 20:19:17,550] A3C_AGENT_MAIN INFO:Prepare the evaluation environments ['Model1-Cool-v1', 'Model1-Test-Cool-v1'] ...
[2018-06-21 20:19:17,620] A3C_AGENT_MAIN INFO:Prepare the local workers ...
[2018-06-21 20:19:17,622] A3C_AGENT_WORKER-Thread-2 INFO:Local worker starts!
[2018-06-21 20:19:17,753] EPLUS_ENV_Model1-Cool-v1_Thread-2_ROOT INFO:Creating EnergyPlus simulation environment...
[2018-06-21 20:19:17,758] EPLUS_ENV_Model1-Cool-v1_Thread-2_ROOT INFO:EnergyPlus working directory is in /home/zhiangz/Documents/HVAC-RL-Control/src/rl_parametric_runs_v1/9/Eplus-env-Model1-Cool-v1-res2/Eplus-env-sub_run1
[2018-06-21 20:19:18,627] A3C_AGENT_MAIN INFO:Prepare the local workers ...
[2018-06-21 20:19:18,632] A3C_AGENT_WORKER-Thread-3 INFO:Local worker starts!
[2018-06-21 20:19:18,780] EPLUS_ENV_Model1-Cool-v1_Thread-3_ROOT INFO:Creating EnergyPlus simulation environment...
[2018-06-21 20:19:18,784] EPLUS_ENV_Model1-Cool-v1_Thread-3_ROOT INFO:EnergyPlus working directory is in /home/zhiangz/Documents/HVAC-RL-Control/src/rl_parametric_runs_v1/9/Eplus-env-Model1-Cool-v1-res3/Eplus-env-sub_run1
[2018-06-21 20:19:19,633] A3C_AGENT_MAIN INFO:Prepare the local workers ...
[2018-06-21 20:19:19,643] A3C_AGENT_WORKER-Thread-4 INFO:Local worker starts!
[2018-06-21 20:19:19,821] EPLUS_ENV_Model1-Cool-v1_Thread-4_ROOT INFO:Creating EnergyPlus simulation environment...
[2018-06-21 20:19:19,843] EPLUS_ENV_Model1-Cool-v1_Thread-4_ROOT INFO:EnergyPlus working directory is in /home/zhiangz/Documents/HVAC-RL-Control/src/rl_parametric_runs_v1/9/Eplus-env-Model1-Cool-v1-res4/Eplus-env-sub_run1
[2018-06-21 20:19:20,643] A3C_AGENT_MAIN INFO:Prepare the local workers ...
[2018-06-21 20:19:20,644] A3C_AGENT_WORKER-Thread-5 INFO:Local worker starts!
[2018-06-21 20:19:20,760] EPLUS_ENV_Model1-Cool-v1_Thread-5_ROOT INFO:Creating EnergyPlus simulation environment...
[2018-06-21 20:19:20,786] EPLUS_ENV_Model1-Cool-v1_Thread-5_ROOT INFO:EnergyPlus working directory is in /home/zhiangz/Documents/HVAC-RL-Control/src/rl_parametric_runs_v1/9/Eplus-env-Model1-Cool-v1-res5/Eplus-env-sub_run1
[2018-06-21 20:19:21,645] A3C_AGENT_MAIN INFO:Prepare the local workers ...
[2018-06-21 20:19:21,646] A3C_AGENT_WORKER-Thread-6 INFO:Local worker starts!
[2018-06-21 20:19:21,796] EPLUS_ENV_Model1-Cool-v1_Thread-6_ROOT INFO:Creating EnergyPlus simulation environment...
[2018-06-21 20:19:21,800] EPLUS_ENV_Model1-Cool-v1_Thread-6_ROOT INFO:EnergyPlus working directory is in /home/zhiangz/Documents/HVAC-RL-Control/src/rl_parametric_runs_v1/9/Eplus-env-Model1-Cool-v1-res6/Eplus-env-sub_run1
[2018-06-21 20:19:22,646] A3C_AGENT_MAIN INFO:Prepare the local workers ...
[2018-06-21 20:19:22,647] A3C_AGENT_WORKER-Thread-7 INFO:Local worker starts!
[2018-06-21 20:19:22,810] EPLUS_ENV_Model1-Cool-v1_Thread-7_ROOT INFO:Creating EnergyPlus simulation environment...
[2018-06-21 20:19:22,815] EPLUS_ENV_Model1-Cool-v1_Thread-7_ROOT INFO:EnergyPlus working directory is in /home/zhiangz/Documents/HVAC-RL-Control/src/rl_parametric_runs_v1/9/Eplus-env-Model1-Cool-v1-res7/Eplus-env-sub_run1
[2018-06-21 20:19:23,648] A3C_AGENT_MAIN INFO:Prepare the local workers ...
[2018-06-21 20:19:23,649] A3C_AGENT_WORKER-Thread-8 INFO:Local worker starts!
[2018-06-21 20:19:23,847] EPLUS_ENV_Model1-Cool-v1_Thread-8_ROOT INFO:Creating EnergyPlus simulation environment...
[2018-06-21 20:19:23,885] EPLUS_ENV_Model1-Cool-v1_Thread-8_ROOT INFO:EnergyPlus working directory is in /home/zhiangz/Documents/HVAC-RL-Control/src/rl_parametric_runs_v1/9/Eplus-env-Model1-Cool-v1-res8/Eplus-env-sub_run1
[2018-06-21 20:19:24,650] A3C_AGENT_MAIN INFO:Prepare the local workers ...
[2018-06-21 20:19:24,664] A3C_AGENT_WORKER-Thread-9 INFO:Local worker starts!
[2018-06-21 20:19:24,798] EPLUS_ENV_Model1-Cool-v1_Thread-9_ROOT INFO:Creating EnergyPlus simulation environment...
[2018-06-21 20:19:24,803] EPLUS_ENV_Model1-Cool-v1_Thread-9_ROOT INFO:EnergyPlus working directory is in /home/zhiangz/Documents/HVAC-RL-Control/src/rl_parametric_runs_v1/9/Eplus-env-Model1-Cool-v1-res9/Eplus-env-sub_run1
[2018-06-21 20:19:25,665] A3C_AGENT_MAIN INFO:Prepare the local workers ...
[2018-06-21 20:19:25,666] A3C_AGENT_WORKER-Thread-10 INFO:Local worker starts!
[2018-06-21 20:19:25,905] EPLUS_ENV_Model1-Cool-v1_Thread-10_ROOT INFO:Creating EnergyPlus simulation environment...
[2018-06-21 20:19:25,925] EPLUS_ENV_Model1-Cool-v1_Thread-10_ROOT INFO:EnergyPlus working directory is in /home/zhiangz/Documents/HVAC-RL-Control/src/rl_parametric_runs_v1/9/Eplus-env-Model1-Cool-v1-res10/Eplus-env-sub_run1
[2018-06-21 20:19:26,667] A3C_AGENT_MAIN INFO:Prepare the local workers ...
[2018-06-21 20:19:26,668] A3C_AGENT_WORKER-Thread-11 INFO:Local worker starts!
[2018-06-21 20:19:26,882] EPLUS_ENV_Model1-Cool-v1_Thread-11_ROOT INFO:Creating EnergyPlus simulation environment...
[2018-06-21 20:19:26,904] EPLUS_ENV_Model1-Cool-v1_Thread-11_ROOT INFO:EnergyPlus working directory is in /home/zhiangz/Documents/HVAC-RL-Control/src/rl_parametric_runs_v1/9/Eplus-env-Model1-Cool-v1-res11/Eplus-env-sub_run1
[2018-06-21 20:19:27,668] A3C_AGENT_MAIN INFO:Prepare the local workers ...
[2018-06-21 20:19:27,669] A3C_AGENT_WORKER-Thread-12 INFO:Local worker starts!
[2018-06-21 20:19:27,855] EPLUS_ENV_Model1-Cool-v1_Thread-12_ROOT INFO:Creating EnergyPlus simulation environment...
[2018-06-21 20:19:27,903] EPLUS_ENV_Model1-Cool-v1_Thread-12_ROOT INFO:EnergyPlus working directory is in /home/zhiangz/Documents/HVAC-RL-Control/src/rl_parametric_runs_v1/9/Eplus-env-Model1-Cool-v1-res12/Eplus-env-sub_run1
[2018-06-21 20:19:28,670] A3C_AGENT_MAIN INFO:Prepare the local workers ...
[2018-06-21 20:19:28,672] A3C_AGENT_WORKER-Thread-13 INFO:Local worker starts!
[2018-06-21 20:19:28,971] EPLUS_ENV_Model1-Cool-v1_Thread-13_ROOT INFO:Creating EnergyPlus simulation environment...
[2018-06-21 20:19:28,975] EPLUS_ENV_Model1-Cool-v1_Thread-13_ROOT INFO:EnergyPlus working directory is in /home/zhiangz/Documents/HVAC-RL-Control/src/rl_parametric_runs_v1/9/Eplus-env-Model1-Cool-v1-res13/Eplus-env-sub_run1
[2018-06-21 20:19:29,673] A3C_AGENT_MAIN INFO:Prepare the local workers ...
[2018-06-21 20:19:29,673] A3C_AGENT_WORKER-Thread-14 INFO:Local worker starts!
[2018-06-21 20:19:30,063] EPLUS_ENV_Model1-Cool-v1_Thread-14_ROOT INFO:Creating EnergyPlus simulation environment...
[2018-06-21 20:19:30,068] EPLUS_ENV_Model1-Cool-v1_Thread-14_ROOT INFO:EnergyPlus working directory is in /home/zhiangz/Documents/HVAC-RL-Control/src/rl_parametric_runs_v1/9/Eplus-env-Model1-Cool-v1-res14/Eplus-env-sub_run1
[2018-06-21 20:19:30,674] A3C_AGENT_MAIN INFO:Prepare the local workers ...
[2018-06-21 20:19:30,676] A3C_AGENT_WORKER-Thread-15 INFO:Local worker starts!
[2018-06-21 20:19:30,998] EPLUS_ENV_Model1-Cool-v1_Thread-15_ROOT INFO:Creating EnergyPlus simulation environment...
[2018-06-21 20:19:31,002] EPLUS_ENV_Model1-Cool-v1_Thread-15_ROOT INFO:EnergyPlus working directory is in /home/zhiangz/Documents/HVAC-RL-Control/src/rl_parametric_runs_v1/9/Eplus-env-Model1-Cool-v1-res15/Eplus-env-sub_run1
[2018-06-21 20:19:31,677] A3C_AGENT_MAIN INFO:Prepare the local workers ...
[2018-06-21 20:19:31,684] A3C_AGENT_WORKER-Thread-16 INFO:Local worker starts!
[2018-06-21 20:19:32,062] EPLUS_ENV_Model1-Cool-v1_Thread-16_ROOT INFO:Creating EnergyPlus simulation environment...
[2018-06-21 20:19:32,072] EPLUS_ENV_Model1-Cool-v1_Thread-16_ROOT INFO:EnergyPlus working directory is in /home/zhiangz/Documents/HVAC-RL-Control/src/rl_parametric_runs_v1/9/Eplus-env-Model1-Cool-v1-res16/Eplus-env-sub_run1
[2018-06-21 20:19:32,685] A3C_AGENT_MAIN INFO:Prepare the local workers ...
[2018-06-21 20:19:32,686] A3C_AGENT_WORKER-Thread-17 INFO:Local worker starts!
[2018-06-21 20:19:33,091] EPLUS_ENV_Model1-Cool-v1_Thread-17_ROOT INFO:Creating EnergyPlus simulation environment...
[2018-06-21 20:19:33,147] EPLUS_ENV_Model1-Cool-v1_Thread-17_ROOT INFO:EnergyPlus working directory is in /home/zhiangz/Documents/HVAC-RL-Control/src/rl_parametric_runs_v1/9/Eplus-env-Model1-Cool-v1-res17/Eplus-env-sub_run1
[2018-06-21 20:22:21,588] A3C_AGENT_WORKER-Thread-2 INFO:Evaluating...
[2018-06-21 20:22:21,589] EPLUS_ENV_Model1-Cool-v1_MainThread_ROOT INFO:Creating EnergyPlus simulation environment...
[2018-06-21 20:22:21,614] EPLUS_ENV_Model1-Cool-v1_MainThread_ROOT INFO:EnergyPlus working directory is in /home/zhiangz/Documents/HVAC-RL-Control/src/rl_parametric_runs_v1/9/Eplus-env-Model1-Cool-v1-res1/Eplus-env-sub_run1
[2018-06-21 20:24:20,555] A3C_AGENT_WORKER-Thread-2 DEBUG:Observation this: [14.0, 82.0, 0.0, 0.0, 21.457878652721, 21.84982864778794, 21.00193843638147, 21.07227012674753, 21.62077282758585, 21.37607417142819, 20.71528204488688, 21.02666272577653, 21.11421479422336, 22.35258082611972, 22.7054544408178, 21.04192571737694, 21.63341246163788, 21.70505682343493, 21.69467945411359, 21.67388640063279, 22.50685485261442, 22.48948868012963, 21.46618095448255, 21.09383848817979, 21.68313427837853, 21.49915080229694, 28.0, 28.0, 28.0, 28.0, 28.0, 28.0, 28.0, 28.0, 28.0, 28.0, 28.0, 28.0, 28.0, 28.0, 28.0, 28.0, 28.0, 28.0, 28.0, 28.0, 28.0, 28.0, 11509.60257379872]
[2018-06-21 20:24:20,556] A3C_AGENT_WORKER-Thread-2 DEBUG:Observation forecast: []
[2018-06-21 20:24:20,560] A3C_AGENT_WORKER-Thread-2 INFO:Softmax [ 0.03707842  0.04158973  0.04185895  0.04916075  0.02898326  0.0381472
  0.03858381  0.03810908  0.03251971  0.04660529  0.03861028  0.0473603
  0.05507497  0.03793907  0.045695    0.0491745   0.03913493  0.02772944
  0.03939888  0.03775562  0.04642449  0.03133006  0.04080854  0.03664397
  0.03428376], sampled 0.46528458514761317
[2018-06-21 20:24:41,107] A3C_AGENT_WORKER-Thread-2 DEBUG:Observation this: [13.58333333333333, 69.08333333333333, 0.0, 0.0, 19.70616325546842, 20.20641963676351, 19.6029415883164, 19.52712326583533, 20.0639599594635, 19.86602888926818, 19.19828536490713, 19.51537228870549, 19.58596614836934, 20.12275276925944, 20.3828465048974, 19.07703020632193, 19.67859381359649, 19.75375064572239, 19.7059891786352, 19.7656114859035, 20.42134663714372, 20.47151404185041, 19.3660659758319, 18.73508557036842, 19.69196625363985, 19.47988574305444, 28.0, 28.0, 28.0, 28.0, 28.0, 28.0, 28.0, 28.0, 28.0, 28.0, 28.0, 28.0, 28.0, 28.0, 28.0, 28.0, 28.0, 28.0, 28.0, 28.0, 28.0, 28.0, 990.6144626518546]
[2018-06-21 20:24:41,108] A3C_AGENT_WORKER-Thread-2 DEBUG:Observation forecast: []
[2018-06-21 20:24:41,112] A3C_AGENT_WORKER-Thread-2 INFO:Softmax [ 0.03633164  0.04245857  0.04236051  0.04942445  0.02993339  0.03821266
  0.03932393  0.03823422  0.03367826  0.04475474  0.03878216  0.04683645
  0.05499063  0.03704019  0.04562278  0.04782049  0.03923815  0.02725503
  0.03872635  0.03823793  0.04663024  0.03243732  0.04012364  0.03740026
  0.03414599], sampled 0.22713059052664164
[2018-06-21 20:24:41,434] A3C_AGENT_WORKER-Thread-2 DEBUG:Observation this: [13.0, 68.25, 0.0, 0.0, 19.51733852366418, 20.01950012400183, 19.37657952056473, 19.26265675176008, 19.85053777293788, 19.66941344133235, 18.90816061758388, 19.26136633323473, 19.34380448007018, 19.68110153262415, 20.07392115383574, 18.55915540255813, 19.20083913988869, 19.28365425296317, 19.22966089056008, 19.25870601425459, 20.02720945434609, 20.07302373257597, 18.9126220828423, 18.56266209785436, 19.21416792278439, 18.99315791228938, 28.0, 28.0, 28.0, 28.0, 28.0, 28.0, 28.0, 28.0, 28.0, 28.0, 28.0, 28.0, 28.0, 28.0, 28.0, 28.0, 28.0, 28.0, 28.0, 28.0, 28.0, 28.0, 1052.015220695321]
[2018-06-21 20:24:41,435] A3C_AGENT_WORKER-Thread-2 DEBUG:Observation forecast: []
[2018-06-21 20:24:41,439] A3C_AGENT_WORKER-Thread-2 INFO:Softmax [ 0.0364178   0.04248176  0.04243051  0.04900591  0.03010198  0.03836383
  0.03952505  0.03816972  0.03410736  0.0447647   0.03866047  0.04655235
  0.05455215  0.03680327  0.04594748  0.04791449  0.03919761  0.02707502
  0.03866774  0.03832835  0.04648779  0.03279103  0.04006204  0.03754862
  0.03404297], sampled 0.7592950493995847
[2018-06-21 20:25:08,629] A3C_AGENT_WORKER-Thread-2 DEBUG:Observation this: [19.16666666666666, 82.16666666666666, 0.0, 0.0, 21.87471370101279, 21.93847138044292, 21.09112246645604, 21.65581025245032, 21.89270239880072, 21.68497305102804, 21.49868552952342, 21.61113018768777, 21.64549665929899, 23.6378384770392, 23.49837433688969, 22.92638999684192, 23.20987051202698, 23.25213211932571, 23.24277605978689, 23.1941237322687, 23.62623340324816, 23.72882222809774, 23.07859103250692, 22.27783002800224, 23.22904057424148, 23.11246493762051, 28.0, 28.0, 28.0, 28.0, 28.0, 28.0, 28.0, 28.0, 28.0, 28.0, 28.0, 28.0, 28.0, 28.0, 28.0, 28.0, 28.0, 28.0, 28.0, 28.0, 28.0, 28.0, 4058.252283148806]
[2018-06-21 20:25:08,630] A3C_AGENT_WORKER-Thread-2 DEBUG:Observation forecast: []
[2018-06-21 20:25:08,634] A3C_AGENT_WORKER-Thread-2 INFO:Softmax [ 0.03932     0.04128234  0.04072561  0.05101012  0.02828445  0.03726642
  0.0378079   0.03740783  0.03183554  0.04888267  0.03866322  0.04746576
  0.05354091  0.03872577  0.04598265  0.05114342  0.03820769  0.02781942
  0.03979479  0.03718583  0.04471185  0.03146761  0.04115745  0.03634161
  0.03396915], sampled 0.941742762648238
[2018-06-21 20:26:45,625] A3C_AGENT_WORKER-Thread-2 DEBUG:Observation this: [21.0, 46.0, 203.0, 756.0, 22.63737026491219, 23.34858293070369, 21.48705937899489, 22.69145909652814, 23.99090280690705, 22.67178596589347, 22.59298612791776, 23.40249292161846, 23.24760737941056, 23.6520455923647, 24.00010257586708, 22.98392641882972, 24.00005293699902, 24.00016881640771, 23.99999723903442, 23.99821952613059, 23.982204619554, 24.00083882656891, 22.52616427682432, 22.03654436261058, 23.99988282447543, 23.59593232649166, 24.0, 24.0, 24.0, 24.0, 24.0, 24.0, 24.0, 24.0, 24.0, 24.0, 24.0, 24.0, 24.0, 24.0, 24.0, 24.0, 24.0, 24.0, 24.0, 24.0, 24.0, 24.0, 4673.190420856314]
[2018-06-21 20:26:45,626] A3C_AGENT_WORKER-Thread-2 DEBUG:Observation forecast: []
[2018-06-21 20:26:45,629] A3C_AGENT_WORKER-Thread-2 INFO:Softmax [ 0.04208606  0.039503    0.04093733  0.04536939  0.03058673  0.03704929
  0.04128462  0.03822649  0.03449633  0.04659485  0.03695647  0.04438357
  0.04723796  0.03973063  0.04724124  0.05001584  0.03973434  0.03200627
  0.04097958  0.03729769  0.04374381  0.03393131  0.04082044  0.03526151
  0.03452519], sampled 0.6715929943488305
[2018-06-21 20:27:19,227] A3C_AGENT_WORKER-Thread-2 DEBUG:Observation this: [21.16666666666666, 77.16666666666666, 58.66666666666667, 38.33333333333333, 23.20711136014143, 23.01648575178697, 22.36506238213618, 22.51692077584984, 23.02116429330729, 22.69193571473435, 22.40607610858613, 22.60814819365548, 22.65078608007595, 26.46395451458433, 25.31335303332549, 26.09926645178576, 26.12723081953336, 26.17231355975026, 26.18830025187228, 27.17398615094854, 25.69155033004508, 26.48024263776245, 25.40499977505907, 24.46696701348344, 26.17640058920909, 25.8440797175833, 28.0, 28.0, 28.0, 28.0, 28.0, 28.0, 28.0, 28.0, 28.0, 28.0, 28.0, 28.0, 28.0, 28.0, 28.0, 28.0, 28.0, 28.0, 28.0, 28.0, 28.0, 28.0, 4280.642990422601]
[2018-06-21 20:27:19,227] A3C_AGENT_WORKER-Thread-2 DEBUG:Observation forecast: []
[2018-06-21 20:27:19,230] A3C_AGENT_WORKER-Thread-2 INFO:Softmax [ 0.03958903  0.04058951  0.03964991  0.05191884  0.0274105   0.03681367
  0.03867726  0.03742719  0.03262329  0.04995723  0.03880496  0.04631858
  0.05378686  0.03862781  0.0458633   0.05221041  0.03814712  0.02863518
  0.04032935  0.03589087  0.04553226  0.03152086  0.04135497  0.03479223
  0.03352876], sampled 0.8617788859382273
[2018-06-21 20:29:14,873] A3C_AGENT_WORKER-Thread-2 DEBUG:Observation this: [25.25, 86.5, 422.25, 117.0, 24.00348936246922, 24.00714894944544, 24.00202330314772, 24.00214216592753, 24.04199853208238, 24.00660454362704, 24.00208348716208, 24.00426402983888, 24.00367916203311, 24.01067328442607, 24.00709524858784, 24.0000603309883, 24.02175812359926, 24.02313274282606, 24.01897305950482, 24.04956997269172, 24.08706067625036, 24.19372138149795, 24.00024304349435, 24.00073227185997, 24.01879588695621, 24.00024664750356, 24.0, 24.0, 24.0, 24.0, 24.0, 24.0, 24.0, 24.0, 24.0, 24.0, 24.0, 24.0, 24.0, 24.0, 24.0, 24.0, 24.0, 24.0, 24.0, 24.0, 24.0, 24.0, 39459.54258420014]
[2018-06-21 20:29:14,874] A3C_AGENT_WORKER-Thread-2 DEBUG:Observation forecast: []
[2018-06-21 20:29:14,892] A3C_AGENT_WORKER-Thread-2 INFO:Softmax [ 0.04308546  0.0400077   0.04027424  0.04386159  0.02963391  0.03682325
  0.04031802  0.03550213  0.03619823  0.04618192  0.03628519  0.0444456
  0.04720677  0.03944892  0.04703489  0.05125565  0.03809475  0.03250948
  0.04145318  0.03955281  0.04283912  0.03434471  0.04262223  0.03587195
  0.03514832], sampled 0.6715070389902588
[2018-06-21 20:30:11,989] A3C_AGENT_WORKER-Thread-2 DEBUG:Observation this: [27.08333333333334, 49.33333333333334, 234.6666666666667, 193.0, 24.00141067120541, 24.00338783274226, 23.68849928664849, 24.00119181116709, 24.00773472410146, 24.00221195940311, 24.0012106783615, 24.00278767874569, 24.0027943654513, 24.03005926937937, 24.00388623876177, 23.99940405648985, 24.07853428130347, 24.07493824801206, 24.06618679567807, 24.2360867650923, 24.11808762483556, 24.26336845743496, 24.00197956965663, 24.00035097840244, 24.06670254862964, 24.00405336391577, 24.0, 24.0, 24.0, 24.0, 24.0, 24.0, 24.0, 24.0, 24.0, 24.0, 24.0, 24.0, 24.0, 24.0, 24.0, 24.0, 24.0, 24.0, 24.0, 24.0, 24.0, 24.0, 31471.13761717064]
[2018-06-21 20:30:11,990] A3C_AGENT_WORKER-Thread-2 DEBUG:Observation forecast: []
[2018-06-21 20:30:11,994] A3C_AGENT_WORKER-Thread-2 INFO:Softmax [ 0.04252491  0.0398376   0.03958014  0.04458725  0.03027789  0.03735782
  0.04166799  0.03587375  0.03530683  0.04531585  0.03665999  0.04452336
  0.04734623  0.04010505  0.04667207  0.05120287  0.03833961  0.03270402
  0.04139499  0.03954837  0.04294683  0.03407346  0.04143484  0.03616717
  0.03455111], sampled 0.2666602708819181
[2018-06-21 20:30:25,881] A3C_AGENT_WORKER-Thread-2 DEBUG:Observation this: [25.83333333333334, 70.66666666666667, 362.0, 106.0, 24.00062247143762, 24.00335538532541, 24.00057780147561, 24.00114399889866, 24.00354490702809, 24.00119215806998, 24.0011972106757, 24.00193740096327, 24.0016859530289, 24.00225931429696, 24.00299167197377, 24.00107328049523, 24.00280256413378, 24.00290525930129, 24.00285151722771, 24.05997382366907, 24.06685777519301, 24.25795754734639, 24.00156972334903, 24.00107191509256, 24.00286804624842, 24.00230942528592, 24.0, 24.0, 24.0, 24.0, 24.0, 24.0, 24.0, 24.0, 24.0, 24.0, 24.0, 24.0, 24.0, 24.0, 24.0, 24.0, 24.0, 24.0, 24.0, 24.0, 24.0, 24.0, 31959.05770779098]
[2018-06-21 20:30:25,882] A3C_AGENT_WORKER-Thread-2 DEBUG:Observation forecast: []
[2018-06-21 20:30:25,884] A3C_AGENT_WORKER-Thread-2 INFO:Softmax [ 0.04299647  0.0400711   0.0397413   0.04434896  0.02984282  0.03709508
  0.04084075  0.03576461  0.03579774  0.04593679  0.03664617  0.04452351
  0.04732347  0.03988237  0.04629718  0.05078431  0.0383172   0.03277247
  0.04113565  0.0392909   0.04272223  0.03465792  0.04211117  0.03595115
  0.03514864], sampled 0.987740188126838
[2018-06-21 20:30:51,925] A3C_AGENT_WORKER-Thread-2 DEBUG:Observation this: [18.5, 100.0, 26.0, 0.0, 21.64614882691008, 22.05383140177106, 21.36532615053097, 21.43456919711552, 21.92517456826788, 21.68505385731863, 21.18497665911944, 21.45432929337741, 21.5200383873306, 22.48183284819305, 22.97420335344189, 21.49037816350765, 21.97869377991319, 22.04453090525379, 22.02483215560912, 21.98022712419257, 22.64816970174626, 22.66580588655096, 21.80924501715535, 20.91777889703214, 22.01953218678173, 21.86404064591357, 28.0, 28.0, 28.0, 28.0, 28.0, 28.0, 28.0, 28.0, 28.0, 28.0, 28.0, 28.0, 28.0, 28.0, 28.0, 28.0, 28.0, 28.0, 28.0, 28.0, 28.0, 28.0, 5160.032571392563]
[2018-06-21 20:30:51,925] A3C_AGENT_WORKER-Thread-2 DEBUG:Observation forecast: []
[2018-06-21 20:30:51,929] A3C_AGENT_WORKER-Thread-2 INFO:Softmax [ 0.03756798  0.0412337   0.04219532  0.04942884  0.02829602  0.0379245
  0.0377595   0.03768465  0.03211947  0.04690266  0.03842747  0.04768556
  0.05453169  0.03810535  0.04605001  0.04993051  0.03892163  0.02737571
  0.03891353  0.03803974  0.04654511  0.03156123  0.04209983  0.03633066
  0.03436939], sampled 0.6969505509252826
[2018-06-21 20:31:27,981] A3C_AGENT_WORKER-Thread-2 DEBUG:Observation this: [21.16666666666667, 93.08333333333333, 91.08333333333333, 0.0, 22.21793248014517, 22.45147186503699, 22.2084115499896, 22.08848493540334, 22.35787269561673, 22.25775526746369, 22.00645031843567, 22.12605412827171, 22.17461658111182, 23.32952941803844, 23.70965514441529, 22.85511982309204, 23.07814478982662, 23.12813967812033, 23.12622007461108, 23.44825421311705, 23.27423539003109, 23.45125594390298, 22.91066288267213, 21.85267985732118, 23.1317654805418, 23.06110479119867, 28.0, 28.0, 28.0, 28.0, 28.0, 28.0, 28.0, 28.0, 28.0, 28.0, 28.0, 28.0, 28.0, 28.0, 28.0, 28.0, 28.0, 28.0, 28.0, 28.0, 28.0, 28.0, 3677.957128439329]
[2018-06-21 20:31:27,982] A3C_AGENT_WORKER-Thread-2 DEBUG:Observation forecast: []
[2018-06-21 20:31:27,989] A3C_AGENT_WORKER-Thread-2 INFO:Softmax [ 0.03868897  0.0407444   0.04155359  0.04969974  0.02811375  0.03712852
  0.03850635  0.03706893  0.03185559  0.04832502  0.03797078  0.04735273
  0.05393425  0.03750731  0.04582635  0.05039192  0.03840897  0.02816104
  0.03945687  0.03782929  0.04611858  0.03188638  0.04290838  0.03582111
  0.03474123], sampled 0.7748768813878227
[2018-06-21 20:33:11,468] A3C_AGENT_WORKER-Thread-2 DEBUG:Observation this: [12.61666666666667, 86.5, 0.0, 0.0, 20.5008889294651, 21.04869092767332, 20.40654516158151, 20.20158880980813, 20.80003801934437, 20.65751934760944, 19.81819228113182, 20.18871156570584, 20.28448893354246, 20.4535877144599, 21.30916853855869, 19.19146131205577, 19.84599413931477, 19.92302726604973, 19.88845111123577, 19.75350908867786, 20.78576466889751, 20.68741098829215, 19.65935140631298, 19.1028265810498, 19.87387199404371, 19.68937766423744, 28.0, 28.0, 28.0, 28.0, 28.0, 28.0, 28.0, 28.0, 28.0, 28.0, 28.0, 28.0, 28.0, 28.0, 28.0, 28.0, 28.0, 28.0, 28.0, 28.0, 28.0, 28.0, 6188.732881622494]
[2018-06-21 20:33:11,468] A3C_AGENT_WORKER-Thread-2 DEBUG:Observation forecast: []
[2018-06-21 20:33:11,472] A3C_AGENT_WORKER-Thread-2 INFO:Softmax [ 0.0368367   0.04248529  0.04225431  0.04885704  0.02971053  0.03822676
  0.03855427  0.03793244  0.03362906  0.04527482  0.03845019  0.04780745
  0.05441207  0.03776487  0.04569508  0.04918953  0.03892829  0.02700365
  0.0386336   0.03819612  0.04657969  0.03189315  0.04025924  0.03732413
  0.03410178], sampled 0.11139301950316027
[2018-06-21 20:33:22,847] A3C_AGENT_WORKER-Thread-2 DEBUG:Observation this: [20.775, 76.25, 24.0, 0.0, 23.9994343352448, 23.99953120318343, 21.33652587640184, 24.00041257194204, 23.99675090868786, 23.99880190190829, 23.97650895151219, 24.00053757981212, 24.000328976693, 23.99882386066469, 23.99434617833155, 23.91732225213735, 23.99954158292097, 23.99972873906806, 23.99918900831548, 23.99315812897821, 23.98810377868861, 23.98007656633067, 24.00026510095059, 23.89792066205535, 23.99815139280813, 23.99954859381366, 24.0, 24.0, 24.0, 24.0, 24.0, 24.0, 24.0, 24.0, 24.0, 24.0, 24.0, 24.0, 24.0, 24.0, 24.0, 24.0, 24.0, 24.0, 24.0, 24.0, 24.0, 24.0, 9773.675465381373]
[2018-06-21 20:33:22,848] A3C_AGENT_WORKER-Thread-2 DEBUG:Observation forecast: []
[2018-06-21 20:33:22,851] A3C_AGENT_WORKER-Thread-2 INFO:Softmax [ 0.04175213  0.03995111  0.03995157  0.04710485  0.03040528  0.03751842
  0.04139649  0.03737395  0.03521682  0.04756123  0.03768948  0.04480442
  0.04753632  0.03932612  0.04418407  0.0491118   0.03865717  0.03223044
  0.04064044  0.03778217  0.04294996  0.03429546  0.04124016  0.03622235
  0.03509779], sampled 0.8336518113152647
[2018-06-21 20:33:39,239] A3C_AGENT_WORKER-Thread-2 DEBUG:Observation this: [17.28333333333333, 95.5, 22.0, 2.333333333333333, 21.26568061938528, 21.54824426458141, 20.84497977306799, 21.02078554016551, 21.42102268297219, 21.25031454694344, 20.79326399730271, 21.01708116859079, 21.07589250616743, 22.10227864468465, 22.52184990711016, 21.19038888338375, 21.62150082655365, 21.67150675410672, 21.66408735730555, 21.6680108702915, 22.24261403988489, 22.20178921922316, 21.49731611075208, 20.84402022824361, 21.65991711231623, 21.53303093683446, 28.0, 28.0, 28.0, 28.0, 28.0, 28.0, 28.0, 28.0, 28.0, 28.0, 28.0, 28.0, 28.0, 28.0, 28.0, 28.0, 28.0, 28.0, 28.0, 28.0, 28.0, 28.0, 2341.147888515962]
[2018-06-21 20:33:39,239] A3C_AGENT_WORKER-Thread-2 DEBUG:Observation forecast: []
[2018-06-21 20:33:39,243] A3C_AGENT_WORKER-Thread-2 INFO:Softmax [ 0.03710115  0.04141968  0.04236658  0.04953633  0.02857811  0.03818815
  0.03787247  0.03789826  0.03229334  0.04632008  0.03853686  0.04757245
  0.05479615  0.03811062  0.04601923  0.04944475  0.03904257  0.0272707
  0.03889839  0.03807889  0.04657618  0.03165498  0.04141157  0.0366776
  0.03433489], sampled 0.6730141650696293
[2018-06-21 20:34:34,648] A3C_AGENT_WORKER-Thread-2 DEBUG:Observation this: [22.65, 82.33333333333333, 0.0, 0.0, 22.95126796679455, 23.16369976472744, 22.58232941586405, 22.79889218527012, 23.08310539406788, 22.99612614229429, 22.70634919247821, 22.87327781443842, 22.9104203721809, 24.43552885944984, 24.52419997557875, 23.79986648333297, 24.12016302667755, 24.18253540653158, 24.17876216283634, 24.19547667374371, 24.43388052863493, 24.51659348549674, 23.93367979481726, 22.8179223411483, 24.18838423867329, 24.06175950884113, 28.0, 28.0, 28.0, 28.0, 28.0, 28.0, 28.0, 28.0, 28.0, 28.0, 28.0, 28.0, 28.0, 28.0, 28.0, 28.0, 28.0, 28.0, 28.0, 28.0, 28.0, 28.0, 6227.351782652432]
[2018-06-21 20:34:34,648] A3C_AGENT_WORKER-Thread-2 DEBUG:Observation forecast: []
[2018-06-21 20:34:34,652] A3C_AGENT_WORKER-Thread-2 INFO:Softmax [ 0.03864016  0.04061495  0.04146661  0.04943031  0.02797149  0.03700583
  0.03985201  0.03695506  0.03229236  0.04867279  0.0379717   0.04643357
  0.05528381  0.0373374   0.04587448  0.0492518   0.03873697  0.0289913
  0.03974505  0.0371395   0.04700295  0.03145077  0.04188088  0.03521127
  0.03478685], sampled 0.953453396584704
[2018-06-21 20:35:01,919] A3C_AGENT_WORKER-Thread-2 DEBUG:Observation this: [19.1, 70.5, 0.0, 0.0, 22.40107490303272, 22.68218641486594, 21.90778319731825, 22.22979126043808, 22.5874931700071, 22.41735410750095, 22.05277177080144, 22.26060323643387, 22.31285033852848, 23.76984885789892, 23.78156814070632, 22.87856190692165, 23.38235794496698, 23.45216542657068, 23.42105403042915, 23.35669643616475, 23.89502983815337, 23.96366415651567, 23.08500862765601, 22.28318611729899, 23.41573024387541, 23.22817488636832, 28.0, 28.0, 28.0, 28.0, 28.0, 28.0, 28.0, 28.0, 28.0, 28.0, 28.0, 28.0, 28.0, 28.0, 28.0, 28.0, 28.0, 28.0, 28.0, 28.0, 28.0, 28.0, 5001.413506456836]
[2018-06-21 20:35:01,920] A3C_AGENT_WORKER-Thread-2 DEBUG:Observation forecast: []
[2018-06-21 20:35:01,924] A3C_AGENT_WORKER-Thread-2 INFO:Softmax [ 0.03997848  0.04154123  0.04048025  0.0505513   0.02819363  0.03672173
  0.03877486  0.03676453  0.03184757  0.04931231  0.03822315  0.04757988
  0.05350425  0.03873145  0.04568976  0.05129775  0.03820888  0.0281438
  0.04022023  0.0372714   0.04455774  0.03128778  0.04103528  0.03627897
  0.03380372], sampled 0.0975503702537398
[2018-06-21 20:35:06,434] A3C_AGENT_WORKER-Thread-2 DEBUG:Observation this: [21.6, 87.0, 122.0, 0.0, 24.00154973714668, 24.00127475889682, 22.6542648394834, 24.00115825392511, 24.005537176892, 24.00177596648125, 23.96298247473883, 24.00153736893084, 24.00102179799465, 24.00284165476791, 23.98339401798405, 24.0029964000152, 24.00234010280213, 24.00042406093295, 23.99968888383049, 23.9974695418911, 23.99393771129866, 24.00592945696818, 24.00119588145832, 23.96762619269158, 23.99721238770569, 24.00075099428831, 24.0, 24.0, 24.0, 24.0, 24.0, 24.0, 24.0, 24.0, 24.0, 24.0, 24.0, 24.0, 24.0, 24.0, 24.0, 24.0, 24.0, 24.0, 24.0, 24.0, 24.0, 24.0, 12391.7643354482]
[2018-06-21 20:35:06,434] A3C_AGENT_WORKER-Thread-2 DEBUG:Observation forecast: []
[2018-06-21 20:35:06,437] A3C_AGENT_WORKER-Thread-2 INFO:Softmax [ 0.04222478  0.03995591  0.04003891  0.04635629  0.03037821  0.03756823
  0.04075122  0.03720738  0.03547879  0.04705915  0.03786625  0.04471346
  0.04713424  0.03932233  0.0442761   0.04973017  0.03864503  0.03245232
  0.04065603  0.03757223  0.04274711  0.03472355  0.04189445  0.03591644
  0.03533146], sampled 0.11997419684563171
[2018-06-21 20:35:08,709] A3C_AGENT_WORKER-Thread-2 INFO:Evaluation: average reward by now is 20041.9153
[2018-06-21 20:35:08,709] EPLUS_ENV_Model1-Test-Cool-v1_MainThread_ROOT INFO:Creating EnergyPlus simulation environment...
[2018-06-21 20:35:08,732] EPLUS_ENV_Model1-Test-Cool-v1_MainThread_ROOT INFO:EnergyPlus working directory is in /home/zhiangz/Documents/HVAC-RL-Control/src/rl_parametric_runs_v1/9/Eplus-env-Model1-Test-Cool-v1-res1/Eplus-env-sub_run1
[2018-06-21 20:38:25,085] A3C_AGENT_WORKER-Thread-2 DEBUG:Observation this: [20.6, 55.74999999999999, 398.0833333333334, 281.0833333333334, 19.89438366747557, 20.97785472276687, 21.31033547407292, 20.47816806731509, 21.53004301323347, 20.62320290892682, 20.45700110982955, 20.97514004383826, 20.85318323262521, 22.70232651309253, 22.05885060841153, 22.83980565216951, 23.81952699930445, 24.06120025081037, 23.9321185952653, 27.09761793780807, 22.33094231669008, 23.2386340592465, 21.51119171549869, 19.47098149775621, 24.15566157028022, 23.34483079024734, 28.00415350593699, 28.56542928980725, 28.00415350593699, 28.00415350593699, 28.56542928980725, 28.56542928980725, 28.00415350593699, 28.56542928980725, 28.00415350593699, 27.54587523262289, 28.67646032145669, 27.54587523262289, 28.67646032145669, 27.54587523262289, 28.67646032145669, 28.67646032145669, 27.54587523262289, 28.67646032145669, 27.54587523262289, 27.54587523262289, 27.54587523262289, 27.54587523262289, 2222.148391905464]
[2018-06-21 20:38:25,085] A3C_AGENT_WORKER-Thread-2 DEBUG:Observation forecast: []
[2018-06-21 20:38:25,088] A3C_AGENT_WORKER-Thread-2 INFO:Softmax [ 0.03893814  0.04133414  0.04016169  0.04896694  0.02775794  0.03616611
  0.0376839   0.03719708  0.03217545  0.04988174  0.03926215  0.0475649
  0.05329459  0.03849846  0.04623865  0.05170395  0.03728117  0.02789619
  0.04049968  0.03735043  0.04460373  0.0325724   0.04275075  0.03597029
  0.03424953], sampled 0.6877666228221483
[2018-06-21 20:38:26,469] A3C_AGENT_WORKER-Thread-2 DEBUG:Observation this: [18.05, 66.0, 0.0, 0.0, 20.1257942998821, 20.45193150200819, 19.77397500213488, 20.10300996719844, 20.59583614429438, 20.20152328535008, 19.95747604649878, 20.2238191080411, 20.15944843730596, 22.93017183913292, 22.18610473856268, 22.09059367645663, 22.35704530725536, 22.48587542529722, 22.38654135491739, 22.44142143078598, 22.78788014202269, 23.06947609054311, 22.16122164864417, 20.96531768014383, 22.44360719389145, 22.30689784011334, 28.0, 28.0, 28.0, 28.0, 28.0, 28.0, 28.0, 28.0, 28.0, 28.0, 28.0, 28.0, 28.0, 28.0, 28.0, 28.0, 28.0, 28.0, 28.0, 28.0, 28.0, 28.0, 13792.97408785263]
[2018-06-21 20:38:26,469] A3C_AGENT_WORKER-Thread-2 DEBUG:Observation forecast: []
[2018-06-21 20:38:26,471] A3C_AGENT_WORKER-Thread-2 INFO:Softmax [ 0.03890539  0.04129595  0.04056743  0.05040776  0.02904203  0.03726554
  0.0376672   0.03718959  0.03209955  0.04763384  0.03911097  0.04666881
  0.05407781  0.03849509  0.04603956  0.05035457  0.03797169  0.02785897
  0.04033962  0.03788116  0.04442059  0.03237416  0.04074384  0.03753358
  0.03405539], sampled 0.4248605294625184
[2018-06-21 20:38:33,534] A3C_AGENT_WORKER-Thread-2 DEBUG:Observation this: [21.90833333333333, 44.58333333333333, 244.6666666666667, 737.1666666666666, 22.98561668331433, 21.73803806907557, 21.86614719145737, 23.00966352787892, 21.70597806390789, 21.74121467787648, 22.88833573599314, 21.74026869510232, 23.44338621710919, 22.76254220542981, 21.55277248532352, 22.76460338644956, 21.55031355179734, 22.75831639366238, 21.55084970206034, 21.53999928237035, 22.75200654457869, 21.5350108592036, 22.73634900739426, 22.1501472164616, 22.76249715755062, 22.76229318206701, 24.3309382705566, 21.74177816043952, 24.3309382705566, 24.3309382705566, 21.74177816043952, 21.74177816043952, 24.3309382705566, 21.74177816043952, 24.3309382705566, 22.76530833039004, 21.55616711978877, 22.76530833039004, 21.55616711978877, 22.76530833039004, 21.55616711978877, 21.55616711978877, 22.76530833039004, 21.55616711978877, 22.76530833039004, 22.76530833039004, 22.76530833039004, 22.76530833039004, 16730.97414241263]
[2018-06-21 20:38:33,534] A3C_AGENT_WORKER-Thread-2 DEBUG:Observation forecast: []
[2018-06-21 20:38:33,536] A3C_AGENT_WORKER-Thread-2 INFO:Softmax [ 0.04202605  0.03826717  0.04084609  0.04308036  0.03072335  0.03676046
  0.04202316  0.03783572  0.03614239  0.04375255  0.03672901  0.04293473
  0.04632493  0.04063375  0.04622684  0.04932086  0.03925504  0.03551895
  0.04095653  0.03978563  0.04241985  0.03443468  0.04250488  0.03616928
  0.03532778], sampled 0.7558755672887001
[2018-06-21 20:40:08,136] A3C_AGENT_WORKER-Thread-2 DEBUG:Observation this: [15.6, 72.0, 0.0, 0.0, 21.67392036531226, 22.2371166399199, 21.49736306644808, 21.30587969817956, 21.91165297156572, 21.80656582451312, 20.95638740354904, 21.35197038826071, 21.39931136445702, 22.83107974158329, 23.200520984022, 21.48027239340625, 22.0428492312166, 22.16992573344843, 22.10412053718351, 22.19373107169784, 22.96111431800425, 22.93064544497641, 21.92430231069825, 21.22640811315403, 22.18306875267724, 22.00448715454181, 28.0, 28.0, 28.0, 28.0, 28.0, 28.0, 28.0, 28.0, 28.0, 28.0, 28.0, 28.0, 28.0, 28.0, 28.0, 28.0, 28.0, 28.0, 28.0, 28.0, 28.0, 28.0, 11522.70572058339]
[2018-06-21 20:40:08,136] A3C_AGENT_WORKER-Thread-2 DEBUG:Observation forecast: []
[2018-06-21 20:40:08,138] A3C_AGENT_WORKER-Thread-2 INFO:Softmax [ 0.0376924   0.04136412  0.04182706  0.04921617  0.02873025  0.03742602
  0.03938259  0.03785312  0.03224932  0.04710317  0.03813739  0.04696249
  0.05528039  0.03755077  0.04517433  0.04885303  0.03909696  0.02820195
  0.0397987   0.03787107  0.04640838  0.03164795  0.0410722   0.03659206
  0.03450795], sampled 0.14286311515747363
[2018-06-21 20:40:18,809] A3C_AGENT_WORKER-Thread-2 DEBUG:Observation this: [26.45, 60.83333333333333, 150.75, 365.8333333333334, 23.70055530000286, 23.64941163526157, 23.37711584870862, 23.70601967288553, 23.64617394642326, 23.64988808185344, 23.70854332219324, 23.65189264660573, 23.7052026015082, 26.63888185734926, 26.07611177987926, 26.18302354701111, 26.07644562079692, 26.63908482142073, 26.07668824098354, 26.07904874124583, 26.63971289209413, 26.08736151532405, 26.22094314318862, 26.22974105998389, 26.63918531964489, 26.21324166934271, 23.710119088024, 23.65312911505351, 23.710119088024, 23.710119088024, 23.65312911505351, 23.65312911505351, 23.710119088024, 23.65312911505351, 23.710119088024, 26.63917870628516, 26.07638357270856, 26.63917870628516, 26.07638357270856, 26.63917870628516, 26.07638357270856, 26.07638357270856, 26.63917870628516, 26.07638357270856, 26.63917870628516, 26.63917870628516, 26.63917870628516, 26.63917870628516, 11209.68269140309]
[2018-06-21 20:40:18,809] A3C_AGENT_WORKER-Thread-2 DEBUG:Observation forecast: []
[2018-06-21 20:40:18,811] A3C_AGENT_WORKER-Thread-2 INFO:Softmax [ 0.0419098   0.03987891  0.04073731  0.04993391  0.02922784  0.03695501
  0.04019261  0.03623527  0.03401239  0.04781988  0.03650341  0.04391974
  0.05037468  0.03932009  0.04638985  0.05205665  0.03790883  0.03079947
  0.0416428   0.03554124  0.04550223  0.03327273  0.04108662  0.03401428
  0.03476451], sampled 0.8889926904571893
[2018-06-21 20:40:23,217] A3C_AGENT_WORKER-Thread-2 DEBUG:Observation this: [15.09166666666667, 83.5, 31.66666666666667, 301.75, 21.30559374456406, 22.12985063235027, 21.09820191151812, 21.11165732695123, 21.865943255602, 21.42239242521543, 20.72970674036523, 21.10366113243879, 21.14735993328624, 21.92813914967331, 22.88004415600763, 20.763692726628, 21.26641645443184, 21.34356872862412, 21.32263476702076, 21.88855617651092, 22.06782079878976, 21.98186170608718, 21.15928735339247, 20.82580705431932, 21.37568850875366, 21.22408463202061, 28.0, 28.0, 28.0, 28.0, 28.0, 28.0, 28.0, 28.0, 28.0, 28.0, 28.0, 28.0, 28.0, 28.0, 28.0, 28.0, 28.0, 28.0, 28.0, 28.0, 28.0, 28.0, 17880.44957081235]
[2018-06-21 20:40:23,217] A3C_AGENT_WORKER-Thread-2 DEBUG:Observation forecast: []
[2018-06-21 20:40:23,220] A3C_AGENT_WORKER-Thread-2 INFO:Softmax [ 0.03729389  0.04142793  0.04253961  0.04824712  0.02895487  0.03747397
  0.03863272  0.03850778  0.03217465  0.04702171  0.03783687  0.04688432
  0.0539665   0.03760673  0.04689106  0.05034187  0.03884473  0.02759927
  0.03936512  0.03801139  0.04625846  0.03172989  0.04182204  0.03657779
  0.03398977], sampled 0.9316023730618889
[2018-06-21 20:40:48,613] A3C_AGENT_WORKER-Thread-2 DEBUG:Observation this: [23.53333333333333, 62.66666666666667, 105.3333333333333, 856.6666666666667, 23.60949031113893, 24.09023251967504, 23.50791717342251, 23.0323944286144, 24.14258803369174, 24.45448330234695, 22.8605101946196, 23.56113751079641, 23.47807357795408, 24.64096317664307, 25.80596039990766, 23.7705169362201, 24.52661559130153, 24.72494283500908, 24.60551778698208, 28.70686893881669, 24.66493793038801, 25.07826364273681, 23.57054595126844, 22.51837390195367, 24.7413532250843, 24.30328929845894, 27.74753036533261, 27.96958995923253, 27.74753036533261, 27.74753036533261, 27.96958995923253, 27.96958995923253, 27.74753036533261, 27.96958995923253, 27.74753036533261, 29.34959522529549, 29.65568902261598, 29.34959522529549, 29.65568902261598, 29.34959522529549, 29.65568902261598, 29.65568902261598, 29.34959522529549, 29.65568902261598, 29.34959522529549, 29.34959522529549, 29.34959522529549, 29.34959522529549, 2543.750118905148]
[2018-06-21 20:40:48,613] A3C_AGENT_WORKER-Thread-2 DEBUG:Observation forecast: []
[2018-06-21 20:40:48,615] A3C_AGENT_WORKER-Thread-2 INFO:Softmax [ 0.04001508  0.04007242  0.04095301  0.049744    0.02661035  0.03428641
  0.0403907   0.03780778  0.02985418  0.0510498   0.03660071  0.04678124
  0.0550976   0.03716903  0.04948415  0.05479927  0.03760952  0.02749321
  0.04110685  0.0356639   0.04686718  0.03119788  0.04187521  0.03401452
  0.03345603], sampled 0.20979398333142674
