Using TensorFlow backend.
[2017-12-12 10:24:11,526] A3C_AGENT_MAIN INFO:Namespace(act_func='6', action_space='iw_af5_1', agent_num=5, clip_norm=5.0, decay_steps=1000000, dropout_prob=0.0, end_e=0.0, env='IW-tmy3Weather-v9606', err_penalty_scl=0.15, eval_epi_num=1, eval_freq=250000, forecast_dim=0, gamma=0.99, h_decay_bounds=[2000000, 4000000, 6000000], h_regu_frac=[1.0, 0.5, 0.1, 0.05], init_e=0.0, is_warm_start=False, job_mode='Train', learning_rate=0.0001, max_interactions=10000000, model_dir='None', num_threads=16, output='a3c-res-v0.1/IW-tmy3Weather-v9606-run1', p_loss_frac=1.0, reward_func='11', rmsprop_decay=0.0, rmsprop_epsil=1e-10, rmsprop_momet=0.9, rwd_e_para=0.5, rwd_p_para=0.5, save_freq=500000, save_scope='all', state_dim=13, test_env='IW-realWeather-v9606', test_mode='Multiple', train_freq=5, v_loss_frac=0.5, window_len=24)
[2017-12-12 10:24:11,527] A3C_AGENT_MAIN INFO:Start compiling...
2017-12-12 10:24:15.197875: W tensorflow/core/platform/cpu_feature_guard.cc:45] The TensorFlow library wasn't compiled to use SSE4.1 instructions, but these are available on your machine and could speed up CPU computations.
2017-12-12 10:24:15.197893: W tensorflow/core/platform/cpu_feature_guard.cc:45] The TensorFlow library wasn't compiled to use SSE4.2 instructions, but these are available on your machine and could speed up CPU computations.
2017-12-12 10:24:15.197897: W tensorflow/core/platform/cpu_feature_guard.cc:45] The TensorFlow library wasn't compiled to use AVX instructions, but these are available on your machine and could speed up CPU computations.
2017-12-12 10:24:15.197899: W tensorflow/core/platform/cpu_feature_guard.cc:45] The TensorFlow library wasn't compiled to use AVX2 instructions, but these are available on your machine and could speed up CPU computations.
2017-12-12 10:24:15.197902: W tensorflow/core/platform/cpu_feature_guard.cc:45] The TensorFlow library wasn't compiled to use FMA instructions, but these are available on your machine and could speed up CPU computations.
[2017-12-12 10:24:16,910] A3C_AGENT_MAIN INFO:Start the learning...
[2017-12-12 10:24:16,911] A3C_AGENT_MAIN INFO:Prepare the evaluation environments ['IW-tmy3Weather-v9606', 'IW-realWeather-v9606'] ...
[2017-12-12 10:24:16,911] Making new env: IW-tmy3Weather-v9606
[2017-12-12 10:24:16,921] Making new env: IW-realWeather-v9606
[2017-12-12 10:24:16,924] A3C_AGENT_MAIN INFO:Prepare the local workers ...
[2017-12-12 10:24:16,925] A3C_AGENT_WORKER-Thread-2 INFO:Local worker starts!
[2017-12-12 10:24:16,953] Making new env: IW-tmy3Weather-v9606
[2017-12-12 10:24:16,961] EPLUS_ENV_IW-tmy3Weather-v9606_Thread-2_ROOT INFO:Creating EnergyPlus simulation environment...
[2017-12-12 10:24:16,962] EPLUS_ENV_IW-tmy3Weather-v9606_Thread-2_ROOT INFO:EnergyPlus working directory is in /home/zhiangz/Documents/HVAC-RL-Control/src/iw_ctrl_runs_v2/28/Eplus-env-IW-tmy3Weather-v9606-res2/Eplus-env-sub_run1
[2017-12-12 10:24:17,926] A3C_AGENT_MAIN INFO:Prepare the local workers ...
[2017-12-12 10:24:17,927] A3C_AGENT_WORKER-Thread-3 INFO:Local worker starts!
[2017-12-12 10:24:17,963] Making new env: IW-tmy3Weather-v9606
[2017-12-12 10:24:17,973] EPLUS_ENV_IW-tmy3Weather-v9606_Thread-3_ROOT INFO:Creating EnergyPlus simulation environment...
[2017-12-12 10:24:17,976] EPLUS_ENV_IW-tmy3Weather-v9606_Thread-3_ROOT INFO:EnergyPlus working directory is in /home/zhiangz/Documents/HVAC-RL-Control/src/iw_ctrl_runs_v2/28/Eplus-env-IW-tmy3Weather-v9606-res3/Eplus-env-sub_run1
[2017-12-12 10:24:18,928] A3C_AGENT_MAIN INFO:Prepare the local workers ...
[2017-12-12 10:24:18,929] A3C_AGENT_WORKER-Thread-4 INFO:Local worker starts!
[2017-12-12 10:24:18,968] Making new env: IW-tmy3Weather-v9606
[2017-12-12 10:24:18,979] EPLUS_ENV_IW-tmy3Weather-v9606_Thread-4_ROOT INFO:Creating EnergyPlus simulation environment...
[2017-12-12 10:24:18,981] EPLUS_ENV_IW-tmy3Weather-v9606_Thread-4_ROOT INFO:EnergyPlus working directory is in /home/zhiangz/Documents/HVAC-RL-Control/src/iw_ctrl_runs_v2/28/Eplus-env-IW-tmy3Weather-v9606-res4/Eplus-env-sub_run1
[2017-12-12 10:24:19,930] A3C_AGENT_MAIN INFO:Prepare the local workers ...
[2017-12-12 10:24:19,931] A3C_AGENT_WORKER-Thread-5 INFO:Local worker starts!
[2017-12-12 10:24:19,963] Making new env: IW-tmy3Weather-v9606
[2017-12-12 10:24:19,973] EPLUS_ENV_IW-tmy3Weather-v9606_Thread-5_ROOT INFO:Creating EnergyPlus simulation environment...
[2017-12-12 10:24:19,974] EPLUS_ENV_IW-tmy3Weather-v9606_Thread-5_ROOT INFO:EnergyPlus working directory is in /home/zhiangz/Documents/HVAC-RL-Control/src/iw_ctrl_runs_v2/28/Eplus-env-IW-tmy3Weather-v9606-res5/Eplus-env-sub_run1
[2017-12-12 10:24:20,932] A3C_AGENT_MAIN INFO:Prepare the local workers ...
[2017-12-12 10:24:20,932] A3C_AGENT_WORKER-Thread-6 INFO:Local worker starts!
[2017-12-12 10:24:20,960] Making new env: IW-tmy3Weather-v9606
[2017-12-12 10:24:20,966] EPLUS_ENV_IW-tmy3Weather-v9606_Thread-6_ROOT INFO:Creating EnergyPlus simulation environment...
[2017-12-12 10:24:20,967] EPLUS_ENV_IW-tmy3Weather-v9606_Thread-6_ROOT INFO:EnergyPlus working directory is in /home/zhiangz/Documents/HVAC-RL-Control/src/iw_ctrl_runs_v2/28/Eplus-env-IW-tmy3Weather-v9606-res6/Eplus-env-sub_run1
[2017-12-12 10:24:21,933] A3C_AGENT_MAIN INFO:Prepare the local workers ...
[2017-12-12 10:24:21,934] A3C_AGENT_WORKER-Thread-7 INFO:Local worker starts!
[2017-12-12 10:24:21,974] Making new env: IW-tmy3Weather-v9606
[2017-12-12 10:24:21,982] EPLUS_ENV_IW-tmy3Weather-v9606_Thread-7_ROOT INFO:Creating EnergyPlus simulation environment...
[2017-12-12 10:24:21,984] EPLUS_ENV_IW-tmy3Weather-v9606_Thread-7_ROOT INFO:EnergyPlus working directory is in /home/zhiangz/Documents/HVAC-RL-Control/src/iw_ctrl_runs_v2/28/Eplus-env-IW-tmy3Weather-v9606-res7/Eplus-env-sub_run1
[2017-12-12 10:24:22,935] A3C_AGENT_MAIN INFO:Prepare the local workers ...
[2017-12-12 10:24:22,936] A3C_AGENT_WORKER-Thread-8 INFO:Local worker starts!
[2017-12-12 10:24:22,966] Making new env: IW-tmy3Weather-v9606
[2017-12-12 10:24:22,974] EPLUS_ENV_IW-tmy3Weather-v9606_Thread-8_ROOT INFO:Creating EnergyPlus simulation environment...
[2017-12-12 10:24:22,976] EPLUS_ENV_IW-tmy3Weather-v9606_Thread-8_ROOT INFO:EnergyPlus working directory is in /home/zhiangz/Documents/HVAC-RL-Control/src/iw_ctrl_runs_v2/28/Eplus-env-IW-tmy3Weather-v9606-res8/Eplus-env-sub_run1
[2017-12-12 10:24:23,937] A3C_AGENT_MAIN INFO:Prepare the local workers ...
[2017-12-12 10:24:23,941] A3C_AGENT_WORKER-Thread-9 INFO:Local worker starts!
[2017-12-12 10:24:23,973] Making new env: IW-tmy3Weather-v9606
[2017-12-12 10:24:23,981] EPLUS_ENV_IW-tmy3Weather-v9606_Thread-9_ROOT INFO:Creating EnergyPlus simulation environment...
[2017-12-12 10:24:23,983] EPLUS_ENV_IW-tmy3Weather-v9606_Thread-9_ROOT INFO:EnergyPlus working directory is in /home/zhiangz/Documents/HVAC-RL-Control/src/iw_ctrl_runs_v2/28/Eplus-env-IW-tmy3Weather-v9606-res9/Eplus-env-sub_run1
[2017-12-12 10:24:24,240] A3C_AGENT_WORKER-Thread-2 INFO:Evaluating...
[2017-12-12 10:24:24,240] EPLUS_ENV_IW-tmy3Weather-v9606_MainThread_ROOT INFO:Creating EnergyPlus simulation environment...
[2017-12-12 10:24:24,242] EPLUS_ENV_IW-tmy3Weather-v9606_MainThread_ROOT INFO:EnergyPlus working directory is in /home/zhiangz/Documents/HVAC-RL-Control/src/iw_ctrl_runs_v2/28/Eplus-env-IW-tmy3Weather-v9606-res1/Eplus-env-sub_run1
[2017-12-12 10:24:24,942] A3C_AGENT_MAIN INFO:Prepare the local workers ...
[2017-12-12 10:24:24,943] A3C_AGENT_WORKER-Thread-10 INFO:Local worker starts!
[2017-12-12 10:24:24,974] Making new env: IW-tmy3Weather-v9606
[2017-12-12 10:24:24,982] EPLUS_ENV_IW-tmy3Weather-v9606_Thread-10_ROOT INFO:Creating EnergyPlus simulation environment...
[2017-12-12 10:24:24,984] EPLUS_ENV_IW-tmy3Weather-v9606_Thread-10_ROOT INFO:EnergyPlus working directory is in /home/zhiangz/Documents/HVAC-RL-Control/src/iw_ctrl_runs_v2/28/Eplus-env-IW-tmy3Weather-v9606-res10/Eplus-env-sub_run1
[2017-12-12 10:24:25,944] A3C_AGENT_MAIN INFO:Prepare the local workers ...
[2017-12-12 10:24:25,944] A3C_AGENT_WORKER-Thread-11 INFO:Local worker starts!
[2017-12-12 10:24:25,973] Making new env: IW-tmy3Weather-v9606
[2017-12-12 10:24:25,982] EPLUS_ENV_IW-tmy3Weather-v9606_Thread-11_ROOT INFO:Creating EnergyPlus simulation environment...
[2017-12-12 10:24:25,983] EPLUS_ENV_IW-tmy3Weather-v9606_Thread-11_ROOT INFO:EnergyPlus working directory is in /home/zhiangz/Documents/HVAC-RL-Control/src/iw_ctrl_runs_v2/28/Eplus-env-IW-tmy3Weather-v9606-res11/Eplus-env-sub_run1
[2017-12-12 10:24:26,945] A3C_AGENT_MAIN INFO:Prepare the local workers ...
[2017-12-12 10:24:26,947] A3C_AGENT_WORKER-Thread-12 INFO:Local worker starts!
[2017-12-12 10:24:26,981] Making new env: IW-tmy3Weather-v9606
[2017-12-12 10:24:26,989] EPLUS_ENV_IW-tmy3Weather-v9606_Thread-12_ROOT INFO:Creating EnergyPlus simulation environment...
[2017-12-12 10:24:26,991] EPLUS_ENV_IW-tmy3Weather-v9606_Thread-12_ROOT INFO:EnergyPlus working directory is in /home/zhiangz/Documents/HVAC-RL-Control/src/iw_ctrl_runs_v2/28/Eplus-env-IW-tmy3Weather-v9606-res12/Eplus-env-sub_run1
[2017-12-12 10:24:27,948] A3C_AGENT_MAIN INFO:Prepare the local workers ...
[2017-12-12 10:24:27,949] A3C_AGENT_WORKER-Thread-13 INFO:Local worker starts!
[2017-12-12 10:24:27,979] Making new env: IW-tmy3Weather-v9606
[2017-12-12 10:24:27,988] EPLUS_ENV_IW-tmy3Weather-v9606_Thread-13_ROOT INFO:Creating EnergyPlus simulation environment...
[2017-12-12 10:24:27,989] EPLUS_ENV_IW-tmy3Weather-v9606_Thread-13_ROOT INFO:EnergyPlus working directory is in /home/zhiangz/Documents/HVAC-RL-Control/src/iw_ctrl_runs_v2/28/Eplus-env-IW-tmy3Weather-v9606-res13/Eplus-env-sub_run1
[2017-12-12 10:24:28,950] A3C_AGENT_MAIN INFO:Prepare the local workers ...
[2017-12-12 10:24:28,950] A3C_AGENT_WORKER-Thread-14 INFO:Local worker starts!
[2017-12-12 10:24:28,980] Making new env: IW-tmy3Weather-v9606
[2017-12-12 10:24:28,989] EPLUS_ENV_IW-tmy3Weather-v9606_Thread-14_ROOT INFO:Creating EnergyPlus simulation environment...
[2017-12-12 10:24:28,990] EPLUS_ENV_IW-tmy3Weather-v9606_Thread-14_ROOT INFO:EnergyPlus working directory is in /home/zhiangz/Documents/HVAC-RL-Control/src/iw_ctrl_runs_v2/28/Eplus-env-IW-tmy3Weather-v9606-res14/Eplus-env-sub_run1
[2017-12-12 10:24:29,951] A3C_AGENT_MAIN INFO:Prepare the local workers ...
[2017-12-12 10:24:29,953] A3C_AGENT_WORKER-Thread-15 INFO:Local worker starts!
[2017-12-12 10:24:29,985] Making new env: IW-tmy3Weather-v9606
[2017-12-12 10:24:29,994] EPLUS_ENV_IW-tmy3Weather-v9606_Thread-15_ROOT INFO:Creating EnergyPlus simulation environment...
[2017-12-12 10:24:29,995] EPLUS_ENV_IW-tmy3Weather-v9606_Thread-15_ROOT INFO:EnergyPlus working directory is in /home/zhiangz/Documents/HVAC-RL-Control/src/iw_ctrl_runs_v2/28/Eplus-env-IW-tmy3Weather-v9606-res15/Eplus-env-sub_run1
[2017-12-12 10:24:30,953] A3C_AGENT_MAIN INFO:Prepare the local workers ...
[2017-12-12 10:24:30,954] A3C_AGENT_WORKER-Thread-16 INFO:Local worker starts!
[2017-12-12 10:24:30,983] Making new env: IW-tmy3Weather-v9606
[2017-12-12 10:24:30,991] EPLUS_ENV_IW-tmy3Weather-v9606_Thread-16_ROOT INFO:Creating EnergyPlus simulation environment...
[2017-12-12 10:24:30,993] EPLUS_ENV_IW-tmy3Weather-v9606_Thread-16_ROOT INFO:EnergyPlus working directory is in /home/zhiangz/Documents/HVAC-RL-Control/src/iw_ctrl_runs_v2/28/Eplus-env-IW-tmy3Weather-v9606-res16/Eplus-env-sub_run1
[2017-12-12 10:24:31,955] A3C_AGENT_MAIN INFO:Prepare the local workers ...
[2017-12-12 10:24:31,955] A3C_AGENT_WORKER-Thread-17 INFO:Local worker starts!
[2017-12-12 10:24:31,987] Making new env: IW-tmy3Weather-v9606
[2017-12-12 10:24:31,995] EPLUS_ENV_IW-tmy3Weather-v9606_Thread-17_ROOT INFO:Creating EnergyPlus simulation environment...
[2017-12-12 10:24:31,997] EPLUS_ENV_IW-tmy3Weather-v9606_Thread-17_ROOT INFO:EnergyPlus working directory is in /home/zhiangz/Documents/HVAC-RL-Control/src/iw_ctrl_runs_v2/28/Eplus-env-IW-tmy3Weather-v9606-res17/Eplus-env-sub_run1
[2017-12-12 10:24:36,027] A3C_AGENT_WORKER-Thread-2 DEBUG:Observation this: [7.7, 93.0, 7.2, 250.0, 29.5, 0.0, 12.7, 16.61021494020026, 24.0, 20.3127011881677, 22.7, 1.0, 82.90230007115275]
[2017-12-12 10:24:36,027] A3C_AGENT_WORKER-Thread-2 DEBUG:Observation forecast: []
[2017-12-12 10:24:36,029] A3C_AGENT_WORKER-Thread-2 INFO:Softmax [ 0.08039638  0.13793223  0.08760664  0.1079044   0.12915456  0.11428897
  0.12264635  0.10081579  0.11925472]
[2017-12-12 10:24:37,407] A3C_AGENT_WORKER-Thread-2 DEBUG:Observation this: [7.149999999999999, 85.66666666666666, 7.241666666666666, 270.0, 62.08333333333333, 0.0, 2.2, 11.34195001922475, 18.0, 21.56565777777749, 22.7, 1.0, 0.0]
[2017-12-12 10:24:37,407] A3C_AGENT_WORKER-Thread-2 DEBUG:Observation forecast: []
[2017-12-12 10:24:37,409] A3C_AGENT_WORKER-Thread-2 INFO:Softmax [ 0.08004035  0.14190045  0.0966493   0.09954903  0.13530335  0.09801951
  0.1207985   0.10012755  0.12761196]
[2017-12-12 10:24:39,063] A3C_AGENT_WORKER-Thread-2 DEBUG:Observation this: [-5.141666666666667, 74.08333333333333, 6.733333333333333, 260.8333333333333, 0.0, 0.0, 0.0, 14.33146486304901, 25.0, 20.93597010935905, 21.5, 0.0, 35.23867793747414]
[2017-12-12 10:24:39,063] A3C_AGENT_WORKER-Thread-2 DEBUG:Observation forecast: []
[2017-12-12 10:24:39,065] A3C_AGENT_WORKER-Thread-2 INFO:Softmax [ 0.09868906  0.13240653  0.10543802  0.10170612  0.12152064  0.09152187
  0.1156477   0.09863476  0.13443534]
[2017-12-12 10:24:41,741] A3C_AGENT_WORKER-Thread-2 DEBUG:Observation this: [-6.7, 61.0, 8.033333333333333, 268.3333333333333, 119.0, 85.66666666666667, -1.7, 7.16005770608395, 25.0, 23.38070286131618, 22.7, 1.0, 68.82193024978145]
[2017-12-12 10:24:41,741] A3C_AGENT_WORKER-Thread-2 DEBUG:Observation forecast: []
[2017-12-12 10:24:41,743] A3C_AGENT_WORKER-Thread-2 INFO:Softmax [ 0.08501163  0.12805216  0.11013918  0.10186353  0.1247616   0.09231298
  0.11504754  0.10658555  0.13622583]
[2017-12-12 10:24:42,210] A3C_AGENT_WORKER-Thread-2 DEBUG:Observation this: [-7.050000000000001, 68.08333333333334, 7.2, 265.8333333333333, 24.75, 2.75, -2.0, 8.931740585690783, 22.0, 22.74337291407405, 22.7, 1.0, 26.41575741451883]
[2017-12-12 10:24:42,210] A3C_AGENT_WORKER-Thread-2 DEBUG:Observation forecast: []
[2017-12-12 10:24:42,212] A3C_AGENT_WORKER-Thread-2 INFO:Softmax [ 0.07862471  0.12364702  0.10771412  0.09217224  0.12259227  0.09278606
  0.12153415  0.10957571  0.15135373]
[2017-12-12 10:24:42,792] A3C_AGENT_WORKER-Thread-2 DEBUG:Observation this: [-7.633333333333333, 63.0, 7.366666666666667, 263.3333333333333, 0.0, 0.0, -2.591666666666667, 10.00373550208352, 25.0, 22.40406241999079, 22.7, 1.0, 74.26878243458064]
[2017-12-12 10:24:42,792] A3C_AGENT_WORKER-Thread-2 DEBUG:Observation forecast: []
[2017-12-12 10:24:42,794] A3C_AGENT_WORKER-Thread-2 INFO:Softmax [ 0.07863136  0.12638888  0.11080991  0.08647711  0.12607957  0.09317841
  0.11765142  0.10601357  0.15476985]
[2017-12-12 10:24:43,233] A3C_AGENT_WORKER-Thread-2 DEBUG:Observation this: [-8.4, 71.0, 4.6, 260.0, 0.0, 0.0, -3.4, 16.38294834700389, 24.5, 21.20029349286339, 21.5, 0.0, 20.24022684635091]
[2017-12-12 10:24:43,233] A3C_AGENT_WORKER-Thread-2 DEBUG:Observation forecast: []
[2017-12-12 10:24:43,234] A3C_AGENT_WORKER-Thread-2 INFO:Softmax [ 0.09338344  0.12794237  0.11039916  0.09738366  0.11537199  0.0965018
  0.11062577  0.11089761  0.13749421]
[2017-12-12 10:24:43,616] A3C_AGENT_WORKER-Thread-2 DEBUG:Observation this: [-8.9, 78.0, 3.6, 205.8333333333333, 0.0, 0.0, -13.9, 27.2579390684121, 18.0, 19.95166658881468, 21.5, 0.0, 0.0]
[2017-12-12 10:24:43,616] A3C_AGENT_WORKER-Thread-2 DEBUG:Observation forecast: []
[2017-12-12 10:24:43,617] A3C_AGENT_WORKER-Thread-2 INFO:Softmax [ 0.09596997  0.13037375  0.10231689  0.10218029  0.11848437  0.09855081
  0.11270209  0.10646645  0.13295537]
[2017-12-12 10:24:46,868] A3C_AGENT_WORKER-Thread-2 DEBUG:Observation this: [-3.4, 62.0, 6.1, 230.0, 37.0, 0.0, 1.65, 15.27423729190033, 23.5, 21.70303230580949, 22.7, 1.0, 63.9015958426214]
[2017-12-12 10:24:46,868] A3C_AGENT_WORKER-Thread-2 DEBUG:Observation forecast: []
[2017-12-12 10:24:46,870] A3C_AGENT_WORKER-Thread-2 INFO:Softmax [ 0.08135267  0.12422978  0.1087479   0.0960567   0.12539969  0.10189967
  0.11657175  0.10930223  0.13643959]
[2017-12-12 10:24:55,297] A3C_AGENT_WORKER-Thread-2 DEBUG:Observation this: [-16.61666666666667, 80.5, 5.183333333333333, 260.0, 8.333333333333332, 192.3333333333333, -11.575, 47.48465874592168, 23.5, 17.85396740653213, 22.7, 1.0, 103.1645031061677]
[2017-12-12 10:24:55,297] A3C_AGENT_WORKER-Thread-2 DEBUG:Observation forecast: []
[2017-12-12 10:24:55,299] A3C_AGENT_WORKER-Thread-2 INFO:Softmax [ 0.08890463  0.12627408  0.09745124  0.11415991  0.11917924  0.11083652
  0.12410162  0.10302994  0.11606283]
[2017-12-12 10:24:55,331] A3C_AGENT_WORKER-Thread-2 DEBUG:Observation this: [-16.65833333333333, 80.75, 5.141666666666667, 260.0, 10.41666666666667, 227.9166666666666, -11.61666666666667, 45.30686131340891, 24.5, 18.12938169237001, 22.7, 1.0, 90.90520032991823]
[2017-12-12 10:24:55,331] A3C_AGENT_WORKER-Thread-2 DEBUG:Observation forecast: []
[2017-12-12 10:24:55,334] A3C_AGENT_WORKER-Thread-2 INFO:Softmax [ 0.08205069  0.12501566  0.09978948  0.10499272  0.11370221  0.11111607
  0.12544039  0.11650983  0.12138299]
[2017-12-12 10:25:00,708] A3C_AGENT_WORKER-Thread-2 DEBUG:Observation this: [-11.7, 54.0, 4.016666666666667, 190.0, 0.0, 0.0, -6.699999999999999, 27.13214644535374, 25.0, 20.09020416548729, 21.5, 0.0, 49.43597222361945]
[2017-12-12 10:25:00,708] A3C_AGENT_WORKER-Thread-2 DEBUG:Observation forecast: []
[2017-12-12 10:25:00,710] A3C_AGENT_WORKER-Thread-2 INFO:Softmax [ 0.09488036  0.12486552  0.10661194  0.1005751   0.11008814  0.10752998
  0.11439337  0.11082826  0.13022737]
[2017-12-12 10:25:03,488] A3C_AGENT_WORKER-Thread-2 DEBUG:Observation this: [-0.8, 32.66666666666666, 3.566666666666666, 166.6666666666667, 114.8333333333333, 0.0, 4.15, 14.14059496334521, 20.5, 22.34332208937875, 22.7, 1.0, 52.60647895714395]
[2017-12-12 10:25:03,488] A3C_AGENT_WORKER-Thread-2 DEBUG:Observation forecast: []
[2017-12-12 10:25:03,490] A3C_AGENT_WORKER-Thread-2 INFO:Softmax [ 0.09082703  0.13065666  0.10625322  0.10136902  0.13582473  0.09635942
  0.11242732  0.10283443  0.12344823]
[2017-12-12 10:25:03,811] A3C_AGENT_WORKER-Thread-2 DEBUG:Observation this: [-0.3, 36.0, 4.1, 165.0, 94.0, 0.0, 4.65, 12.67312694468505, 24.0, 22.54654541221855, 22.7, 1.0, 66.80459682610771]
[2017-12-12 10:25:03,812] A3C_AGENT_WORKER-Thread-2 DEBUG:Observation forecast: []
[2017-12-12 10:25:03,814] A3C_AGENT_WORKER-Thread-2 INFO:Softmax [ 0.08938384  0.12194151  0.10678734  0.10320216  0.12635019  0.10139161
  0.11675864  0.10560423  0.12858053]
[2017-12-12 10:25:06,574] A3C_AGENT_WORKER-Thread-2 DEBUG:Observation this: [0.5, 92.0, 5.433333333333334, 290.0, 0.0, 0.0, 5.5, 16.29168996272489, 25.0, 21.05122963842294, 21.5, 0.0, 40.25445739789769]
[2017-12-12 10:25:06,574] A3C_AGENT_WORKER-Thread-2 DEBUG:Observation forecast: []
[2017-12-12 10:25:06,577] A3C_AGENT_WORKER-Thread-2 INFO:Softmax [ 0.08862612  0.13620132  0.10189762  0.10900336  0.12505722  0.10053065
  0.1130081   0.10309171  0.12258393]
[2017-12-12 10:25:10,971] A3C_AGENT_WORKER-Thread-2 DEBUG:Observation this: [-4.5, 65.75, 4.725, 235.0, 0.0, 0.0, 0.5, 19.17137154112885, 25.0, 20.56003431759523, 21.5, 0.0, 45.8891130055319]
[2017-12-12 10:25:10,971] A3C_AGENT_WORKER-Thread-2 DEBUG:Observation forecast: []
[2017-12-12 10:25:10,973] A3C_AGENT_WORKER-Thread-2 INFO:Softmax [ 0.08844899  0.13782042  0.09189014  0.10793366  0.12402632  0.10904114
  0.11628213  0.10358879  0.12096846]
[2017-12-12 10:25:12,164] A3C_AGENT_WORKER-Thread-2 DEBUG:Observation this: [-3.608333333333333, 65.0, 8.908333333333333, 244.1666666666667, 99.08333333333333, 3.166666666666668, 1.35, 14.77396482859186, 20.5, 21.69077159127361, 22.7, 1.0, 29.63401409454754]
[2017-12-12 10:25:12,164] A3C_AGENT_WORKER-Thread-2 DEBUG:Observation forecast: []
[2017-12-12 10:25:12,166] A3C_AGENT_WORKER-Thread-2 INFO:Softmax [ 0.08520804  0.12416013  0.09637225  0.10478756  0.12810029  0.09340972
  0.12543957  0.10570605  0.13681637]
[2017-12-12 10:25:12,604] A3C_AGENT_WORKER-Thread-2 DEBUG:Observation this: [-2.758333333333334, 61.33333333333334, 7.325, 249.1666666666667, 98.58333333333334, 63.83333333333333, 2.183333333333333, 10.50815953096203, 24.0, 22.44994845711389, 22.7, 1.0, 69.92735070234195]
[2017-12-12 10:25:12,604] A3C_AGENT_WORKER-Thread-2 DEBUG:Observation forecast: []
[2017-12-12 10:25:12,606] A3C_AGENT_WORKER-Thread-2 INFO:Softmax [ 0.08115853  0.13865268  0.09579038  0.10147246  0.13352558  0.103585
  0.11586289  0.10852171  0.12143077]
[2017-12-12 10:25:14,106] A3C_AGENT_WORKER-Thread-2 DEBUG:Observation this: [-1.1, 56.5, 8.2, 258.3333333333334, 18.0, 10.66666666666667, 3.95, 8.380518423833928, 25.0, 22.86343034693341, 22.7, 1.0, 82.92088521432072]
[2017-12-12 10:25:14,106] A3C_AGENT_WORKER-Thread-2 DEBUG:Observation forecast: []
[2017-12-12 10:25:14,109] A3C_AGENT_WORKER-Thread-2 INFO:Softmax [ 0.08326019  0.13134271  0.10040288  0.09520378  0.13847247  0.09816688
  0.11543272  0.1069627   0.13075577]
[2017-12-12 10:25:15,113] A3C_AGENT_WORKER-Thread-2 DEBUG:Observation this: [-2.9, 65.66666666666667, 3.683333333333333, 240.0, 0.0, 0.0, 2.15, 9.359581704481116, 24.5, 22.61345446531616, 21.5, 0.0, 39.84180138126967]
[2017-12-12 10:25:15,113] A3C_AGENT_WORKER-Thread-2 DEBUG:Observation forecast: []
[2017-12-12 10:25:15,115] A3C_AGENT_WORKER-Thread-2 INFO:Softmax [ 0.08637398  0.13440415  0.10502792  0.0908621   0.12703456  0.09937391
  0.1154408   0.1017129   0.13976964]
[2017-12-12 10:25:15,835] A3C_AGENT_WORKER-Thread-2 DEBUG:Observation this: [-2.3, 76.0, 4.766666666666667, 258.3333333333334, 0.0, 0.0, 2.7, 16.00612206969781, 23.5, 21.19743048964593, 21.5, 0.0, 39.56036506890156]
[2017-12-12 10:25:15,835] A3C_AGENT_WORKER-Thread-2 DEBUG:Observation forecast: []
[2017-12-12 10:25:15,836] A3C_AGENT_WORKER-Thread-2 INFO:Softmax [ 0.09846331  0.13229696  0.10591492  0.10212086  0.1202441   0.09375576
  0.11922456  0.09863029  0.12934922]
[2017-12-12 10:25:15,945] A3C_AGENT_WORKER-Thread-2 DEBUG:Observation this: [-2.3, 76.0, 5.308333333333334, 250.0, 0.0, 0.0, 2.7, 17.29888881714657, 24.5, 20.93153734950787, 21.5, 0.0, 40.44343576751545]
[2017-12-12 10:25:15,945] A3C_AGENT_WORKER-Thread-2 DEBUG:Observation forecast: []
[2017-12-12 10:25:15,947] A3C_AGENT_WORKER-Thread-2 INFO:Softmax [ 0.09634849  0.12491251  0.1058636   0.10490922  0.12054753  0.09869415
  0.11523668  0.09942901  0.1340588 ]
[2017-12-12 10:25:20,545] A3C_AGENT_WORKER-Thread-2 DEBUG:Observation this: [-5.749999999999999, 61.75, 4.725, 352.5, 0.0, 0.0, -0.7000000000000002, 8.672774663673847, 21.5, 22.86750605336105, 21.5, 0.0, 15.60999390148368]
[2017-12-12 10:25:20,545] A3C_AGENT_WORKER-Thread-2 DEBUG:Observation forecast: []
[2017-12-12 10:25:20,547] A3C_AGENT_WORKER-Thread-2 INFO:Softmax [ 0.08267214  0.12217628  0.11754125  0.0956386   0.11438191  0.09896225
  0.11435553  0.10649869  0.14777339]
[2017-12-12 10:25:20,708] A3C_AGENT_WORKER-Thread-2 DEBUG:Observation this: [-6.75, 67.33333333333333, 2.0, 12.5, 0.0, 0.0, -1.7, 9.348524107291972, 25.0, 22.53265367344653, 21.5, 0.0, 44.13327962889085]
[2017-12-12 10:25:20,708] A3C_AGENT_WORKER-Thread-2 DEBUG:Observation forecast: []
[2017-12-12 10:25:20,710] A3C_AGENT_WORKER-Thread-2 INFO:Softmax [ 0.09478968  0.1227568   0.11609459  0.09487361  0.11962921  0.09288789
  0.11000746  0.10621183  0.142749  ]
[2017-12-12 10:25:20,957] A3C_AGENT_WORKER-Thread-2 DEBUG:Observation this: [-7.8, 73.5, 1.583333333333333, 70.0, 0.0, 0.0, -12.8, 15.20234982153674, 18.0, 21.41473341867982, 21.5, 0.0, 0.0]
[2017-12-12 10:25:20,957] A3C_AGENT_WORKER-Thread-2 DEBUG:Observation forecast: []
[2017-12-12 10:25:20,959] A3C_AGENT_WORKER-Thread-2 INFO:Softmax [ 0.08998773  0.1222732   0.10304912  0.10862087  0.11223321  0.10322285
  0.11357608  0.11031818  0.13671879]
[2017-12-12 10:25:21,625] A3C_AGENT_WORKER-Thread-2 DEBUG:Observation this: [-6.7, 75.0, 3.0, 80.0, 16.0, 0.0, -1.7, 13.00143912230258, 25.0, 22.00755643418737, 22.7, 1.0, 70.13193469769233]
[2017-12-12 10:25:21,625] A3C_AGENT_WORKER-Thread-2 DEBUG:Observation forecast: []
[2017-12-12 10:25:21,627] A3C_AGENT_WORKER-Thread-2 INFO:Softmax [ 0.08511625  0.13610621  0.10340261  0.09913851  0.11817713  0.10223436
  0.1183432   0.11217841  0.12530322]
[2017-12-12 10:25:22,327] A3C_AGENT_WORKER-Thread-2 DEBUG:Observation this: [-6.2, 75.0, 2.5, 80.0, 74.0, 0.0, -1.2, 11.58798784221683, 24.5, 22.29313911135564, 22.7, 1.0, 85.40014487410221]
[2017-12-12 10:25:22,327] A3C_AGENT_WORKER-Thread-2 DEBUG:Observation forecast: []
[2017-12-12 10:25:22,329] A3C_AGENT_WORKER-Thread-2 INFO:Softmax [ 0.08699062  0.12868309  0.10537748  0.09751531  0.11933198  0.09820779
  0.11759     0.11172814  0.13457555]
[2017-12-12 10:25:23,213] A3C_AGENT_WORKER-Thread-2 DEBUG:Observation this: [-4.4, 79.00000000000001, 2.5, 81.66666666666667, 93.66666666666666, 0.0, -9.45, 9.260965111683804, 18.0, 23.17499746119816, 22.7, 1.0, 0.0]
[2017-12-12 10:25:23,213] A3C_AGENT_WORKER-Thread-2 DEBUG:Observation forecast: []
[2017-12-12 10:25:23,215] A3C_AGENT_WORKER-Thread-2 INFO:Softmax [ 0.08301033  0.12851666  0.10548951  0.10112149  0.12055692  0.09569315
  0.11724362  0.10838395  0.13998437]
[2017-12-12 10:25:23,680] A3C_AGENT_WORKER-Thread-2 DEBUG:Observation this: [-3.9, 81.33333333333334, 2.866666666666667, 86.66666666666667, 64.33333333333333, 0.0, 1.1, 8.112135095982106, 21.0, 23.38556585391781, 22.7, 1.0, 39.49261049865986]
[2017-12-12 10:25:23,680] A3C_AGENT_WORKER-Thread-2 DEBUG:Observation forecast: []
[2017-12-12 10:25:23,682] A3C_AGENT_WORKER-Thread-2 INFO:Softmax [ 0.0875933   0.12098294  0.10335257  0.09850482  0.11757924  0.09810228
  0.12450512  0.11354574  0.13583393]
[2017-12-12 10:25:24,814] A3C_AGENT_WORKER-Thread-2 DEBUG:Observation this: [-3.899999999999999, 83.66666666666666, 3.891666666666666, 59.99999999999999, 0.0, 0.0, 1.1, 8.420234726633758, 20.0, 23.08982449944165, 22.7, 1.0, 72.58689532217798]
[2017-12-12 10:25:24,814] A3C_AGENT_WORKER-Thread-2 DEBUG:Observation forecast: []
[2017-12-12 10:25:24,815] A3C_AGENT_WORKER-Thread-2 INFO:Softmax [ 0.08096451  0.12624805  0.10977633  0.0917579   0.12315187  0.0918196
  0.11595556  0.11728303  0.14304318]
[2017-12-12 10:25:25,961] A3C_AGENT_WORKER-Thread-2 DEBUG:Observation this: [0.0, 72.0, 2.958333333333333, 117.5, 12.08333333333333, 0.0, -5.0, 16.59411791066532, 18.0, 21.22256203531174, 22.7, 1.0, 0.0]
[2017-12-12 10:25:25,962] A3C_AGENT_WORKER-Thread-2 DEBUG:Observation forecast: []
[2017-12-12 10:25:25,963] A3C_AGENT_WORKER-Thread-2 INFO:Softmax [ 0.08480321  0.12308257  0.10394843  0.09785648  0.12860203  0.10493528
  0.1201447   0.11438278  0.1222446 ]
[2017-12-12 10:25:26,173] A3C_AGENT_WORKER-Thread-2 DEBUG:Observation this: [0.3666666666666667, 74.66666666666667, 3.2, 130.0, 24.16666666666667, 0.0, 5.275, 14.77398258129577, 21.5, 21.39471803593234, 22.7, 1.0, 48.05411348471466]
[2017-12-12 10:25:26,173] A3C_AGENT_WORKER-Thread-2 DEBUG:Observation forecast: []
[2017-12-12 10:25:26,175] A3C_AGENT_WORKER-Thread-2 INFO:Softmax [ 0.08552007  0.13044313  0.10060935  0.10337513  0.11434969  0.10561857
  0.1179277   0.11924011  0.12291627]
[2017-12-12 10:25:28,311] A3C_AGENT_WORKER-Thread-2 DEBUG:Observation this: [4.75, 93.66666666666666, 3.641666666666666, 145.8333333333333, 0.0, 0.0, -0.1999999999999993, 12.17326886141483, 18.0, 21.73237723352064, 22.7, 1.0, 0.0]
[2017-12-12 10:25:28,311] A3C_AGENT_WORKER-Thread-2 DEBUG:Observation forecast: []
[2017-12-12 10:25:28,312] A3C_AGENT_WORKER-Thread-2 INFO:Softmax [ 0.08181362  0.13331795  0.10427686  0.09362359  0.12085027  0.09133539
  0.12717569  0.10920455  0.13840201]
[2017-12-12 10:25:29,688] A3C_AGENT_WORKER-Thread-2 DEBUG:Observation this: [5.0, 96.0, 4.1, 119.1666666666667, 0.0, 0.0, 10.0, 10.14545968596893, 23.5, 22.01015296401926, 21.5, 0.0, 13.1365648910355]
[2017-12-12 10:25:29,688] A3C_AGENT_WORKER-Thread-2 DEBUG:Observation forecast: []
[2017-12-12 10:25:29,690] A3C_AGENT_WORKER-Thread-2 INFO:Softmax [ 0.08700191  0.13444568  0.10494034  0.09939542  0.1177002   0.09772427
  0.10772785  0.10887875  0.14218554]
[2017-12-12 10:25:34,037] A3C_AGENT_WORKER-Thread-2 DEBUG:Observation this: [12.56666666666667, 82.0, 3.933333333333333, 190.0, 0.0, 0.0, 17.65833333333333, 5.616212695260271, 24.0, 23.61076055660277, 22.7, 1.0, 17.27267225455117]
[2017-12-12 10:25:34,038] A3C_AGENT_WORKER-Thread-2 DEBUG:Observation forecast: []
[2017-12-12 10:25:34,040] A3C_AGENT_WORKER-Thread-2 INFO:Softmax [ 0.08012175  0.14036074  0.10060426  0.10011788  0.12661988  0.09943584
  0.12478141  0.1056848   0.12227347]
[2017-12-12 10:25:34,934] A3C_AGENT_WORKER-Thread-2 DEBUG:Observation this: [16.23333333333333, 52.75, 2.541666666666667, 190.0, 0.0, 0.0, 21.36666666666667, 7.777039041046929, 21.0, 24.56008515248421, 22.7, 1.0, 15.0247381313056]
[2017-12-12 10:25:34,934] A3C_AGENT_WORKER-Thread-2 DEBUG:Observation forecast: []
[2017-12-12 10:25:34,936] A3C_AGENT_WORKER-Thread-2 INFO:Softmax [ 0.07933537  0.13576637  0.11191799  0.09551083  0.13309956  0.10033666
  0.11477203  0.10396335  0.12529781]
[2017-12-12 10:25:35,117] A3C_AGENT_WORKER-Thread-2 DEBUG:Observation this: [13.2, 62.33333333333334, 4.1, 146.6666666666667, 0.0, 0.0, 18.25, 6.925390357081025, 25.0, 24.319173323393, 21.5, 0.0, 19.24622961783395]
[2017-12-12 10:25:35,117] A3C_AGENT_WORKER-Thread-2 DEBUG:Observation forecast: []
[2017-12-12 10:25:35,119] A3C_AGENT_WORKER-Thread-2 INFO:Softmax [ 0.08220785  0.13596956  0.11072432  0.09721039  0.12420582  0.09896071
  0.10743102  0.09975021  0.14354019]
[2017-12-12 10:25:35,151] A3C_AGENT_WORKER-Thread-2 DEBUG:Observation this: [12.85, 63.5, 4.1, 135.0, 0.0, 0.0, 17.9, 6.947015596250743, 25.0, 24.36073766672888, 21.5, 0.0, 15.88694213137148]
[2017-12-12 10:25:35,151] A3C_AGENT_WORKER-Thread-2 DEBUG:Observation forecast: []
[2017-12-12 10:25:35,153] A3C_AGENT_WORKER-Thread-2 INFO:Softmax [ 0.08340783  0.13717337  0.11506259  0.09075343  0.12795691  0.0983684
  0.10780549  0.10329352  0.13617848]
[2017-12-12 10:25:37,593] A3C_AGENT_WORKER-Thread-2 DEBUG:Observation this: [14.9, 100.0, 2.016666666666667, 301.6666666666667, 76.66666666666667, 0.0, 19.95, 9.468861930919802, 25.0, 24.99511463444892, 22.7, 1.0, 10.02639634555922]
[2017-12-12 10:25:37,593] A3C_AGENT_WORKER-Thread-2 DEBUG:Observation forecast: []
[2017-12-12 10:25:37,596] A3C_AGENT_WORKER-Thread-2 INFO:Softmax [ 0.07677967  0.15031108  0.10148532  0.10526854  0.13860102  0.08803947
  0.11983731  0.094721    0.12495656]
[2017-12-12 10:25:37,830] A3C_AGENT_WORKER-Thread-2 DEBUG:Observation this: [13.8, 99.99999999999999, 4.008333333333333, 305.8333333333333, 61.83333333333333, 0.0, 18.8, 8.941619838715782, 19.0, 24.70146356925775, 22.7, 1.0, 5.756047785621429]
[2017-12-12 10:25:37,830] A3C_AGENT_WORKER-Thread-2 DEBUG:Observation forecast: []
[2017-12-12 10:25:37,832] A3C_AGENT_WORKER-Thread-2 INFO:Softmax [ 0.07453383  0.14874253  0.09961088  0.09664752  0.13790664  0.09622407
  0.12007758  0.09948242  0.12677453]
[2017-12-12 10:25:44,682] A3C_AGENT_WORKER-Thread-2 DEBUG:Observation this: [0.0, 95.0, 1.791666666666667, 15.83333333333333, 90.5, 0.0, 5.0, 5.997048408570566, 24.0, 24.58153685198685, 22.7, 1.0, 28.42667091899252]
[2017-12-12 10:25:44,682] A3C_AGENT_WORKER-Thread-2 DEBUG:Observation forecast: []
[2017-12-12 10:25:44,684] A3C_AGENT_WORKER-Thread-2 INFO:Softmax [ 0.08135002  0.12560949  0.10490292  0.10062636  0.12992734  0.09191278
  0.11966055  0.10938761  0.13662298]
[2017-12-12 10:25:47,814] A3C_AGENT_WORKER-Thread-2 DEBUG:Observation this: [1.266666666666667, 91.0, 2.333333333333333, 56.66666666666666, 0.0, 0.0, 6.308333333333333, 5.780636159390802, 18.5, 23.60763087705494, 21.5, 0.0, 7.831162420414373]
[2017-12-12 10:25:47,814] A3C_AGENT_WORKER-Thread-2 DEBUG:Observation forecast: []
[2017-12-12 10:25:47,816] A3C_AGENT_WORKER-Thread-2 INFO:Softmax [ 0.08154173  0.1353205   0.11055095  0.10086047  0.11189611  0.09644295
  0.10991444  0.11489036  0.13858256]
[2017-12-12 10:25:49,375] A3C_AGENT_WORKER-Thread-2 DEBUG:Observation this: [3.483333333333333, 95.5, 2.5, 116.6666666666667, 83.0, 472.0000000000001, 8.391666666666667, 6.093251491484018, 21.0, 24.45050819588449, 22.7, 1.0, 22.64695145808248]
[2017-12-12 10:25:49,375] A3C_AGENT_WORKER-Thread-2 DEBUG:Observation forecast: []
[2017-12-12 10:25:49,377] A3C_AGENT_WORKER-Thread-2 INFO:Softmax [ 0.08027526  0.13930237  0.10496821  0.10057824  0.11929198  0.09021533
  0.12191966  0.1097701   0.13367879]
[2017-12-12 10:25:50,340] A3C_AGENT_WORKER-Thread-2 DEBUG:Observation this: [11.75, 51.5, 2.5, 130.0, 76.5, 524.25, 16.7, 7.77843453982764, 22.0, 25.13558210586418, 22.7, 1.0, 2.395308216608074]
[2017-12-12 10:25:50,340] A3C_AGENT_WORKER-Thread-2 DEBUG:Observation forecast: []
[2017-12-12 10:25:50,342] A3C_AGENT_WORKER-Thread-2 INFO:Softmax [ 0.07842669  0.12495063  0.11620482  0.09797353  0.11699938  0.09056108
  0.11665383  0.11211255  0.14611757]
[2017-12-12 10:25:55,495] A3C_AGENT_WORKER-Thread-2 DEBUG:Observation this: [1.2, 92.0, 10.35, 207.5, 70.25, 0.0, 6.233333333333333, 5.728784140210517, 19.5, 23.92673795145, 22.7, 1.0, 12.20844074737924]
[2017-12-12 10:25:55,495] A3C_AGENT_WORKER-Thread-2 DEBUG:Observation forecast: []
[2017-12-12 10:25:55,497] A3C_AGENT_WORKER-Thread-2 INFO:Softmax [ 0.07798689  0.13501309  0.09597323  0.09903419  0.12847637  0.10058159
  0.11072875  0.10513939  0.14706662]
[2017-12-12 10:25:58,489] A3C_AGENT_WORKER-Thread-2 DEBUG:Observation this: [-1.85, 84.0, 9.2, 250.0, 55.25, 0.0, -6.8, 11.08512192326935, 18.0, 21.48484616628365, 22.7, 1.0, 0.0]
[2017-12-12 10:25:58,490] A3C_AGENT_WORKER-Thread-2 DEBUG:Observation forecast: []
[2017-12-12 10:25:58,491] A3C_AGENT_WORKER-Thread-2 INFO:Softmax [ 0.07967908  0.13272753  0.0998318   0.10437126  0.12909919  0.10428638
  0.11654057  0.11465951  0.11880466]
[2017-12-12 10:25:59,241] A3C_AGENT_WORKER-Thread-2 DEBUG:Observation this: [-2.3, 84.66666666666667, 9.408333333333331, 254.1666666666667, 119.5833333333333, 0.0, 2.7, 6.23734548217912, 23.0, 23.20801619169486, 22.7, 1.0, 76.75344492045603]
[2017-12-12 10:25:59,241] A3C_AGENT_WORKER-Thread-2 DEBUG:Observation forecast: []
[2017-12-12 10:25:59,243] A3C_AGENT_WORKER-Thread-2 INFO:Softmax [ 0.07859315  0.1332895   0.09540965  0.10013131  0.12412211  0.09649576
  0.12688109  0.1051614   0.13991597]
[2017-12-12 10:25:59,370] A3C_AGENT_WORKER-Thread-2 DEBUG:Observation this: [-2.3, 83.0, 9.2, 250.0, 122.5, 0.0, 2.7, 6.033814997153375, 24.5, 23.30832363667887, 22.7, 1.0, 77.42448660625203]
[2017-12-12 10:25:59,370] A3C_AGENT_WORKER-Thread-2 DEBUG:Observation forecast: []
[2017-12-12 10:25:59,372] A3C_AGENT_WORKER-Thread-2 INFO:Softmax [ 0.08545629  0.13743117  0.09598839  0.10115847  0.1322934   0.09221579
  0.12082192  0.10175925  0.1328752 ]
[2017-12-12 10:26:01,457] A3C_AGENT_WORKER-Thread-2 DEBUG:Observation this: [-4.5, 83.0, 9.325, 250.0, 0.0, 0.0, 0.5, 10.14466136907317, 20.5, 21.9731499425058, 21.5, 0.0, 43.49347788404468]
[2017-12-12 10:26:01,457] A3C_AGENT_WORKER-Thread-2 DEBUG:Observation forecast: []
[2017-12-12 10:26:01,458] A3C_AGENT_WORKER-Thread-2 INFO:Softmax [ 0.07735751  0.1299036   0.10349278  0.094042    0.13514782  0.10359403
  0.11154976  0.10525177  0.13966075]
[2017-12-12 10:26:01,760] A3C_AGENT_WORKER-Thread-2 DEBUG:Observation this: [-5.933333333333333, 82.16666666666667, 9.2, 250.0, 0.0, 0.0, -0.9000000000000004, 14.73572403082449, 18.5, 21.07535514921982, 21.5, 0.0, 28.92331304737905]
[2017-12-12 10:26:01,760] A3C_AGENT_WORKER-Thread-2 DEBUG:Observation forecast: []
[2017-12-12 10:26:01,761] A3C_AGENT_WORKER-Thread-2 INFO:Softmax [ 0.08631349  0.13777387  0.08850763  0.11278995  0.12379911  0.10077123
  0.11815408  0.10583432  0.12605628]
[2017-12-12 10:26:06,235] A3C_AGENT_WORKER-Thread-2 DEBUG:Observation this: [-8.3, 78.0, 4.516666666666666, 248.3333333333333, 0.0, 0.0, -13.25, 23.65794287835397, 18.0, 20.23531395040264, 21.5, 0.0, 0.0]
[2017-12-12 10:26:06,235] A3C_AGENT_WORKER-Thread-2 DEBUG:Observation forecast: []
[2017-12-12 10:26:06,236] A3C_AGENT_WORKER-Thread-2 INFO:Softmax [ 0.09140496  0.12305807  0.10699961  0.10705537  0.12274719  0.09881627
  0.1129594   0.10478568  0.13217345]
[2017-12-12 10:26:06,244] A3C_AGENT_WORKER-Thread-2 DEBUG:Observation this: [-8.4, 78.0, 4.85, 248.3333333333333, 0.0, 0.0, -13.4, 27.20508785999077, 18.0, 19.96401948819368, 21.5, 0.0, 0.0]
[2017-12-12 10:26:06,244] A3C_AGENT_WORKER-Thread-2 DEBUG:Observation forecast: []
[2017-12-12 10:26:06,246] A3C_AGENT_WORKER-Thread-2 INFO:Softmax [ 0.0954091   0.12491432  0.10547548  0.11078105  0.11790439  0.0963305
  0.1154855   0.10429033  0.12940933]
[2017-12-12 10:26:06,427] A3C_AGENT_WORKER-Thread-2 DEBUG:Observation this: [-9.5, 91.0, 3.6, 230.0, 0.0, 0.0, -4.449999999999999, 28.97595560908897, 24.5, 19.58254281672111, 21.5, 0.0, 44.01206357932377]
[2017-12-12 10:26:06,428] A3C_AGENT_WORKER-Thread-2 DEBUG:Observation forecast: []
[2017-12-12 10:26:06,428] A3C_AGENT_WORKER-Thread-2 INFO:Softmax [ 0.09705859  0.12627143  0.10775692  0.10500773  0.1130989   0.09745973
  0.12261309  0.10780817  0.12292545]
[2017-12-12 10:26:08,348] A3C_AGENT_WORKER-Thread-2 DEBUG:Observation this: [-4.633333333333334, 65.0, 5.266666666666667, 223.3333333333333, 227.8333333333333, 5.0, 0.2750000000000004, 10.70973417676731, 23.5, 22.11766787135493, 22.7, 1.0, 80.35694748360412]
[2017-12-12 10:26:08,348] A3C_AGENT_WORKER-Thread-2 DEBUG:Observation forecast: []
[2017-12-12 10:26:08,350] A3C_AGENT_WORKER-Thread-2 INFO:Softmax [ 0.08199782  0.12412298  0.10986172  0.09968027  0.11900276  0.10107271
  0.11564849  0.11175858  0.13685468]
[2017-12-12 10:26:08,891] A3C_AGENT_WORKER-Thread-2 DEBUG:Observation this: [-3.35, 61.99999999999999, 5.141666666666667, 231.6666666666667, 122.4166666666667, 0.0, 1.6, 8.30896813037891, 20.0, 22.94646789460045, 22.7, 1.0, 51.44139454519768]
[2017-12-12 10:26:08,891] A3C_AGENT_WORKER-Thread-2 DEBUG:Observation forecast: []
[2017-12-12 10:26:08,893] A3C_AGENT_WORKER-Thread-2 INFO:Softmax [ 0.08118588  0.12466065  0.10512727  0.10135161  0.12103059  0.10016861
  0.12150767  0.1076192   0.13734844]
[2017-12-12 10:26:10,387] A3C_AGENT_WORKER-Thread-2 DEBUG:Observation this: [-4.683333333333334, 73.0, 4.516666666666667, 260.0, 0.0, 0.0, 0.4083333333333332, 6.53443486781547, 24.0, 23.49750516646871, 22.7, 1.0, 36.94897002938158]
[2017-12-12 10:26:10,387] A3C_AGENT_WORKER-Thread-2 DEBUG:Observation forecast: []
[2017-12-12 10:26:10,388] A3C_AGENT_WORKER-Thread-2 INFO:Softmax [ 0.08148876  0.12947534  0.11570693  0.08906648  0.12628731  0.08421551
  0.12032795  0.10390087  0.1495309 ]
[2017-12-12 10:26:10,921] A3C_AGENT_WORKER-Thread-2 DEBUG:Observation this: [-5.6, 83.0, 3.533333333333333, 253.3333333333333, 0.0, 0.0, -0.5999999999999996, 11.5116190071619, 25.0, 21.72562832506954, 21.5, 0.0, 50.12666021866215]
[2017-12-12 10:26:10,922] A3C_AGENT_WORKER-Thread-2 DEBUG:Observation forecast: []
[2017-12-12 10:26:10,923] A3C_AGENT_WORKER-Thread-2 INFO:Softmax [ 0.09228323  0.12467088  0.10780864  0.09957448  0.11177765  0.09796132
  0.11496217  0.11375457  0.13720709]
[2017-12-12 10:26:11,026] A3C_AGENT_WORKER-Thread-2 DEBUG:Observation this: [-5.649999999999999, 83.33333333333333, 3.508333333333333, 260.0, 0.0, 0.0, -0.7000000000000002, 14.48087893812746, 24.0, 21.27364289273333, 21.5, 0.0, 37.54069846527367]
[2017-12-12 10:26:11,026] A3C_AGENT_WORKER-Thread-2 DEBUG:Observation forecast: []
[2017-12-12 10:26:11,027] A3C_AGENT_WORKER-Thread-2 INFO:Softmax [ 0.09398942  0.13054034  0.10459711  0.11113015  0.11445078  0.09712562
  0.11345153  0.10296836  0.13174668]
[2017-12-12 10:26:15,452] A3C_AGENT_WORKER-Thread-2 DEBUG:Observation this: [-4.666666666666667, 86.0, 5.6, 266.6666666666667, 0.0, 0.0, 0.375, 11.67821918288441, 20.0, 21.6791621024093, 21.5, 0.0, 26.36616813004552]
[2017-12-12 10:26:15,452] A3C_AGENT_WORKER-Thread-2 DEBUG:Observation forecast: []
[2017-12-12 10:26:15,453] A3C_AGENT_WORKER-Thread-2 INFO:Softmax [ 0.08879446  0.13575487  0.09888585  0.10839784  0.11980779  0.09520908
  0.11966286  0.10455573  0.12893158]
[2017-12-12 10:26:15,656] A3C_AGENT_WORKER-Thread-2 DEBUG:Observation this: [-6.700000000000001, 81.33333333333334, 4.4, 246.6666666666667, 0.0, 0.0, -1.7, 15.86481030559341, 22.0, 20.92077608355411, 21.5, 0.0, 26.73284739324023]
[2017-12-12 10:26:15,657] A3C_AGENT_WORKER-Thread-2 DEBUG:Observation forecast: []
[2017-12-12 10:26:15,658] A3C_AGENT_WORKER-Thread-2 INFO:Softmax [ 0.08895377  0.12588054  0.10804603  0.10156338  0.11813187  0.09677514
  0.11662337  0.1084605   0.13556542]
[2017-12-12 10:26:19,257] A3C_AGENT_WORKER-Thread-2 DEBUG:Observation this: [-5.0, 72.0, 2.166666666666667, 253.3333333333333, 0.0, 0.0, 0.0, 5.998894325432609, 25.0, 23.87944905711489, 22.7, 1.0, 66.4415163017807]
[2017-12-12 10:26:19,258] A3C_AGENT_WORKER-Thread-2 DEBUG:Observation forecast: []
[2017-12-12 10:26:19,259] A3C_AGENT_WORKER-Thread-2 INFO:Softmax [ 0.07860462  0.13366194  0.11082409  0.08927983  0.13085166  0.08835462
  0.12174676  0.10146429  0.14521211]
[2017-12-12 10:26:20,390] A3C_AGENT_WORKER-Thread-2 DEBUG:Observation this: [-6.7, 78.0, 3.0, 255.0, 0.0, 0.0, -1.699999999999999, 13.58232474403111, 22.0, 21.36643396487356, 21.5, 0.0, 20.55517221341361]
[2017-12-12 10:26:20,390] A3C_AGENT_WORKER-Thread-2 DEBUG:Observation forecast: []
[2017-12-12 10:26:20,393] A3C_AGENT_WORKER-Thread-2 INFO:Softmax [ 0.09373262  0.13592008  0.10592809  0.10520217  0.11925391  0.09392919
  0.11303545  0.10214132  0.13085718]
[2017-12-12 10:26:20,656] A3C_AGENT_WORKER-Thread-2 DEBUG:Observation this: [-5.749999999999999, 76.0, 3.45, 255.0, 0.0, 0.0, -10.8, 17.14834626719431, 18.0, 20.83398930014209, 21.5, 0.0, 0.0]
[2017-12-12 10:26:20,656] A3C_AGENT_WORKER-Thread-2 DEBUG:Observation forecast: []
[2017-12-12 10:26:20,659] A3C_AGENT_WORKER-Thread-2 INFO:Softmax [ 0.09410691  0.13371783  0.10473846  0.10250486  0.11853592  0.09692069
  0.11448041  0.10101219  0.13398273]
[2017-12-12 10:26:21,813] A3C_AGENT_WORKER-Thread-2 DEBUG:Observation this: [-5.4, 73.66666666666667, 5.6, 270.0, 91.83333333333333, 419.5, -10.45, 8.830147053217074, 18.0, 22.82644166553124, 22.7, 1.0, 0.0]
[2017-12-12 10:26:21,814] A3C_AGENT_WORKER-Thread-2 DEBUG:Observation forecast: []
[2017-12-12 10:26:21,816] A3C_AGENT_WORKER-Thread-2 INFO:Softmax [ 0.08581093  0.13310145  0.10064314  0.10102535  0.12402647  0.0865963
  0.12471025  0.11022595  0.13386007]
[2017-12-12 10:26:27,291] A3C_AGENT_WORKER-Thread-2 DEBUG:Observation this: [-6.949999999999999, 77.91666666666666, 4.308333333333333, 265.8333333333333, 0.0, 0.0, -1.9, 11.11812250099099, 25.0, 21.79326432463477, 21.5, 0.0, 42.71934315582149]
[2017-12-12 10:26:27,291] A3C_AGENT_WORKER-Thread-2 DEBUG:Observation forecast: []
[2017-12-12 10:26:27,294] A3C_AGENT_WORKER-Thread-2 INFO:Softmax [ 0.09446738  0.13317603  0.10026855  0.10590275  0.1263587   0.10461929
  0.11080234  0.10485496  0.11955009]
[2017-12-12 10:26:27,396] A3C_AGENT_WORKER-Thread-2 DEBUG:Observation this: [-7.633333333333333, 84.66666666666666, 3.933333333333334, 246.6666666666667, 0.0, 0.0, -2.591666666666667, 12.47478625673431, 24.5, 21.49936769697692, 21.5, 0.0, 42.4905589803718]
[2017-12-12 10:26:27,396] A3C_AGENT_WORKER-Thread-2 DEBUG:Observation forecast: []
[2017-12-12 10:26:27,399] A3C_AGENT_WORKER-Thread-2 INFO:Softmax [ 0.08733189  0.13708742  0.10298649  0.10867591  0.12467493  0.09490052
  0.11488238  0.10522962  0.12423089]
[2017-12-12 10:26:27,559] A3C_AGENT_WORKER-Thread-2 DEBUG:Observation this: [-8.733333333333334, 89.66666666666667, 2.866666666666667, 253.3333333333333, 0.0, 0.0, -3.691666666666666, 16.41926288751924, 23.5, 20.79512799395125, 21.5, 0.0, 38.09801267938319]
[2017-12-12 10:26:27,560] A3C_AGENT_WORKER-Thread-2 DEBUG:Observation forecast: []
[2017-12-12 10:26:27,562] A3C_AGENT_WORKER-Thread-2 INFO:Softmax [ 0.0924604   0.14059     0.09683701  0.1097855   0.12285056  0.0969968
  0.11358955  0.10242023  0.12446991]
[2017-12-12 10:26:27,679] A3C_AGENT_WORKER-Thread-2 DEBUG:Observation this: [-9.0, 91.00000000000001, 2.833333333333333, 248.3333333333333, 0.0, 0.0, -3.949999999999999, 18.2312215677731, 25.0, 20.58782150004112, 21.5, 0.0, 41.93034272727976]
[2017-12-12 10:26:27,679] A3C_AGENT_WORKER-Thread-2 DEBUG:Observation forecast: []
[2017-12-12 10:26:27,681] A3C_AGENT_WORKER-Thread-2 INFO:Softmax [ 0.08494908  0.12321229  0.10412487  0.1125633   0.11968905  0.09951114
  0.11663825  0.11056671  0.12874533]
[2017-12-12 10:26:29,428] A3C_AGENT_WORKER-Thread-2 DEBUG:Observation this: [-5.991666666666666, 73.83333333333333, 2.5, 234.1666666666667, 171.5833333333333, 49.08333333333333, -1.133333333333335, 9.64410793509184, 23.5, 22.50573213788193, 22.7, 1.0, 54.85838358296063]
[2017-12-12 10:26:29,428] A3C_AGENT_WORKER-Thread-2 DEBUG:Observation forecast: []
[2017-12-12 10:26:29,430] A3C_AGENT_WORKER-Thread-2 INFO:Softmax [ 0.08076117  0.13266936  0.1011385   0.10148007  0.13897662  0.09393531
  0.12008966  0.10372769  0.12722158]
[2017-12-12 10:26:33,278] A3C_AGENT_WORKER-Thread-2 DEBUG:Observation this: [-3.4, 69.0, 5.6, 65.83333333333333, 44.0, 30.00000000000001, 1.6, 10.18800337809848, 25.0, 22.05108839768931, 22.7, 1.0, 77.92913664639192]
[2017-12-12 10:26:33,278] A3C_AGENT_WORKER-Thread-2 DEBUG:Observation forecast: []
[2017-12-12 10:26:33,279] A3C_AGENT_WORKER-Thread-2 INFO:Softmax [ 0.08727559  0.13184467  0.09851646  0.10494623  0.11793441  0.10624912
  0.12291278  0.10374729  0.12657346]
[2017-12-12 10:26:33,930] A3C_AGENT_WORKER-Thread-2 DEBUG:Observation this: [-2.466666666666667, 63.0, 5.766666666666667, 50.0, 143.6666666666667, 426.0, -7.508333333333333, 7.398660289749169, 18.0, 23.24417258825157, 22.7, 1.0, 0.0]
[2017-12-12 10:26:33,930] A3C_AGENT_WORKER-Thread-2 DEBUG:Observation forecast: []
[2017-12-12 10:26:33,932] A3C_AGENT_WORKER-Thread-2 INFO:Softmax [ 0.08619712  0.1358518   0.10106108  0.10240951  0.13282908  0.0956335
  0.11889426  0.10511786  0.12200578]
[2017-12-12 10:26:36,127] A3C_AGENT_WORKER-Thread-2 DEBUG:Observation this: [-6.2, 48.0, 5.1, 70.0, 0.0, 0.0, -1.15, 13.33402204561813, 23.0, 21.61023194629762, 21.5, 0.0, 40.45342704142451]
[2017-12-12 10:26:36,127] A3C_AGENT_WORKER-Thread-2 DEBUG:Observation forecast: []
[2017-12-12 10:26:36,129] A3C_AGENT_WORKER-Thread-2 INFO:Softmax [ 0.09049398  0.12160004  0.10597032  0.10986678  0.1217233   0.10085369
  0.11494773  0.11157828  0.12296583]
[2017-12-12 10:26:39,110] A3C_AGENT_WORKER-Thread-2 DEBUG:Observation this: [3.3, 25.5, 4.35, 105.0, 48.0, 279.0, 8.3, 6.05615373414053, 23.0, 24.17632489970763, 22.7, 1.0, 30.38359915570408]
[2017-12-12 10:26:39,110] A3C_AGENT_WORKER-Thread-2 DEBUG:Observation forecast: []
[2017-12-12 10:26:39,111] A3C_AGENT_WORKER-Thread-2 INFO:Softmax [ 0.07778704  0.13165888  0.10489327  0.0937971   0.13516694  0.0953555
  0.12430975  0.10483789  0.13219367]
[2017-12-12 10:26:40,717] A3C_AGENT_WORKER-Thread-2 DEBUG:Observation this: [-2.8, 54.66666666666667, 2.0, 26.66666666666667, 43.5, 15.0, 2.2, 15.05526293352566, 23.0, 21.45958005236336, 22.7, 1.0, 51.43555700115987]
[2017-12-12 10:26:40,717] A3C_AGENT_WORKER-Thread-2 DEBUG:Observation forecast: []
[2017-12-12 10:26:40,719] A3C_AGENT_WORKER-Thread-2 INFO:Softmax [ 0.08301627  0.12788959  0.10984955  0.09933929  0.1150398   0.09922007
  0.11249206  0.12153256  0.13162082]
