PICS 0
BACnet Protocol Implementation Conformance Statement

--
--
-- Generated by BACnet Protocol Stack library EPICS tool
-- BACnet/IP Interface for BACnet-stack Devices
-- http://sourceforge.net/projects/bacnet/ 
-- 
--

Vendor Name: "BACnet Stack at SourceForge"
Product Name: "GNU"
Product Model Number: "GNU"
Product Description: "server"

BIBBs Supported:
{
 DS-RP-B
-- possible BIBBs in this device
-- DS-RPM-B
-- DS-WP-B
-- DM-DDB-B
-- DM-DOB-B
-- DM-DCC-B
-- DM-RD-B
-- DS-COV-A
-- DS-COV-B
-- AE-N-A
-- AE-N-I-B
-- AE-N-E-B
-- AE-ACK-B
-- AE-ACK-A
-- DM-UTC-B
}

BACnet Standard Application Services Supported:
{
-- services reported by this device
 Acknowledge-Alarm
 Get-Alarm-Summary
 Subscribe-COV
 Atomic-Read-File
 Atomic-Write-File
 Read-Property
 Read-Property-Multiple
 Write-Property
 Write-Property-Multiple
 Device-Communication-Control
 Reinitialize-Device
 I-Am
 COV-Notification
 Private-Transfer
 Time-Synchronization
 Who-Has
 Who-Is
 Read-Range
 UTC-Time-Synchronization
 Get-Event-Information
}

Standard Object-Types Supported:
{
-- objects reported by this device
 analog-input
 analog-output
 analog-value
 binary-input
 binary-output
 binary-value
 device
 file
 multi-state-input
 multi-state-output
 notification-class
 schedule
 multi-state-value
 trend-log
 life-safety-point
 load-control
 octetstring-value
 positive-integer-value
}

Data Link Layer Option:
{
-- choose the data link options supported
-- ISO 8802-3, 10BASE5
-- ISO 8802-3, 10BASE2
-- ISO 8802-3, 10BASET
-- ISO 8802-3, fiber
-- ARCNET, coax star
-- ARCNET, coax bus
-- ARCNET, twisted pair star 
-- ARCNET, twisted pair bus
-- ARCNET, fiber star
-- ARCNET, twisted pair, EIA-485, Baud rate(s): 156000
-- MS/TP master. Baud rate(s): 9600, 38400
-- MS/TP slave. Baud rate(s): 9600, 38400
-- Point-To-Point. EIA 232, Baud rate(s): 9600
-- Point-To-Point. Modem, Baud rate(s): 9600
-- Point-To-Point. Modem, Baud rate(s): 9600 to 115200
-- BACnet/IP, 'DIX' Ethernet
-- BACnet/IP, Other
-- Other
}

Character Sets Supported:
{
-- choose any character sets supported
-- ANSI X3.4
-- IBM/Microsoft DBCS
-- JIS C 6226
-- ISO 8859-1
-- ISO 10646 (UCS-4)
-- ISO 10646 (UCS2)
}

Special Functionality:
{
 Maximum APDU size in octets: 1476
}

List of Objects in Test Device:
{
  {
    object-identifier: (device, 1234)
    object-name: "SimpleServer"
    object-type: device
    system-status: operational
    vendor-name: "BACnet Stack at SourceForge"
    vendor-identifier: 260
    model-name: "GNU"
    firmware-revision: "0.8.5"
    application-software-version: "1.0"
    protocol-version: 1
    protocol-revision: 12
    protocol-services-supported: ( 
        T,F,F,T,   --  Acknowledge-Alarm,,, Get-Alarm-Summary,
        F,T,T,T,   -- , Subscribe-COV, Atomic-Read-File, Atomic-Write-File,
        F,F,F,F,   -- ,,,,
        T,F,T,T,   --  Read-Property,, Read-Property-Multiple, Write-Property,
        T,T,F,F,   --  Write-Property-Multiple, Device-Communication-Control,,,
        T,F,F,F,   --  Reinitialize-Device,,,,
        F,F,T,F,   -- ,, I-Am,,
        T,F,T,F,   --  COV-Notification,, Private-Transfer,,
        T,T,T,T,   --  Time-Synchronization, Who-Has, Who-Is, Read-Range,
        T,F,F,T    --  UTC-Time-Synchronization,,, Get-Event-Information,
        ) 
    protocol-object-types-supported: ( 
        T,T,T,T,   --  analog-input, analog-output, analog-value, binary-input,
        T,T,F,F,   --  binary-output, binary-value,,,
        T,F,T,F,   --  device,, file,,
        F,T,T,T,   -- , multi-state-input, multi-state-output, notification-class,
        F,T,F,T,   -- , schedule,, multi-state-value,
        T,T,F,F,   --  trend-log, life-safety-point,,,
        F,F,F,F,   -- ,,,,
        T,F,F,F,   --  load-control,,,,
        F,F,F,F,   -- ,,,,
        F,F,F,F,   -- ,,,,
        F,F,F,F,   -- ,,,,
        F,F,F,T,   -- ,,, octetstring-value,
        T,F,F    --  positive-integer-value,,,
        ) 
    object-list: { 
        (device, 1234), (analog-input, 0), (analog-input, 1), (analog-input, 2), 
        (analog-input, 3), (analog-output, 0), (analog-output, 1), (analog-output, 2), 
        (analog-output, 3), (analog-value, 0), (analog-value, 1), (analog-value, 2), 
        (analog-value, 3), (binary-input, 0), (binary-input, 1), (binary-input, 2), 
        (binary-input, 3), (binary-input, 4), (binary-output, 0), (binary-output, 1), 
        (binary-output, 2), (binary-output, 3), (binary-value, 0), (binary-value, 1), 
        (binary-value, 2), (binary-value, 3), (binary-value, 4), (binary-value, 5), 
        (binary-value, 6), (binary-value, 7), (binary-value, 8), (binary-value, 9), 
        (notification-class, 0), (notification-class, 1), (life-safety-point, 0), (life-safety-point, 1), 
        (life-safety-point, 2), (life-safety-point, 3), (life-safety-point, 4), (life-safety-point, 5), 
        (life-safety-point, 6), (load-control, 0), (load-control, 1), (load-control, 2), 
        (load-control, 3), (multi-state-input, 0), (multi-state-input, 1), (multi-state-input, 2), 
        (multi-state-input, 3), (multi-state-output, 0), (multi-state-output, 1), (multi-state-output, 2), 
        (multi-state-output, 3), (multi-state-value, 0), (multi-state-value, 1), (multi-state-value, 2), 
        (multi-state-value, 3), (trend-log, 0), (trend-log, 1), (trend-log, 2), 
        (trend-log, 3), (trend-log, 4), (trend-log, 5), (trend-log, 6), 
        (trend-log, 7), (file, 0), (file, 1), (file, 2), 
        (octetstring-value, 0), (octetstring-value, 1), (octetstring-value, 2), (octetstring-value, 3), 
        (positive-integer-value, 0), (positive-integer-value, 1), (positive-integer-value, 2), (positive-integer-value, 3), 
        (schedule, 0), (schedule, 1), (schedule, 2), (schedule, 3) } 
    max-apdu-length-accepted: 1476
    segmentation-supported: no-segmentation
    apdu-timeout: 3000
    number-of-APDU-retries: 3
    device-address-binding: ?
    database-revision: ?
    description: "server"
    local-time: ?
    utc-offset: ?
    local-date: ?
    daylight-savings-status: ?
    location: "USA"
    active-cov-subscriptions: Null
  -- Found 80 Objects 
  }, 
  { 
    object-identifier: (analog-input, 0)
    object-name: "ANALOG INPUT 0"
    object-type: analog-input
    present-value: ?
    status-flags: {false,false,false,false}
    event-state: normal
    out-of-service: FALSE
    units: percent
  }, 
  { 
    object-identifier: (analog-input, 1)
    object-name: "ANALOG INPUT 1"
    object-type: analog-input
    present-value: ?
    status-flags: {false,false,false,false}
    event-state: normal
    out-of-service: FALSE
    units: percent
  }, 
  { 
    object-identifier: (analog-input, 2)
    object-name: "ANALOG INPUT 2"
    object-type: analog-input
    present-value: ?
    status-flags: {false,false,false,false}
    event-state: normal
    out-of-service: FALSE
    units: percent
  }, 
  { 
    object-identifier: (analog-input, 3)
    object-name: "ANALOG INPUT 3"
    object-type: analog-input
    present-value: ?
    status-flags: {false,false,false,false}
    event-state: normal
    out-of-service: FALSE
    units: percent
  }, 
  { 
    object-identifier: (analog-output, 0)
    object-name: "ANALOG OUTPUT 0"
    object-type: analog-output
    present-value: ? Writable
    status-flags: {false,false,false,false}
    event-state: normal
    out-of-service: FALSE
    units: percent
    priority-array: ? 
    relinquish-default: 0.000000
  }, 
  { 
    object-identifier: (analog-output, 1)
    object-name: "ANALOG OUTPUT 1"
    object-type: analog-output
    present-value: ? Writable
    status-flags: {false,false,false,false}
    event-state: normal
    out-of-service: FALSE
    units: percent
    priority-array: ? 
    relinquish-default: 0.000000
  }, 
  { 
    object-identifier: (analog-output, 2)
    object-name: "ANALOG OUTPUT 2"
    object-type: analog-output
    present-value: ? Writable
    status-flags: {false,false,false,false}
    event-state: normal
    out-of-service: FALSE
    units: percent
    priority-array: ? 
    relinquish-default: 0.000000
  }, 
  { 
    object-identifier: (analog-output, 3)
    object-name: "ANALOG OUTPUT 3"
    object-type: analog-output
    present-value: ? Writable
    status-flags: {false,false,false,false}
    event-state: normal
    out-of-service: FALSE
    units: percent
    priority-array: ? 
    relinquish-default: 0.000000
  }, 
  { 
    object-identifier: (analog-value, 0)
    object-name: "ANALOG VALUE 0"
    object-type: analog-value
    present-value: ?
    status-flags: {false,false,false,false}
    event-state: normal
    out-of-service: FALSE
    units: square-meters
  }, 
  { 
    object-identifier: (analog-value, 1)
    object-name: "ANALOG VALUE 1"
    object-type: analog-value
    present-value: ?
    status-flags: {false,false,false,false}
    event-state: normal
    out-of-service: FALSE
    units: square-meters
  }, 
  { 
    object-identifier: (analog-value, 2)
    object-name: "ANALOG VALUE 2"
    object-type: analog-value
    present-value: ?
    status-flags: {false,false,false,false}
    event-state: normal
    out-of-service: FALSE
    units: square-meters
  }, 
  { 
    object-identifier: (analog-value, 3)
    object-name: "ANALOG VALUE 3"
    object-type: analog-value
    present-value: ?
    status-flags: {false,false,false,false}
    event-state: normal
    out-of-service: FALSE
    units: square-meters
  }, 
  { 
    object-identifier: (binary-input, 0)
    object-name: "BINARY INPUT 0"
    object-type: binary-input
    present-value: ?
    status-flags: {false,false,false,false}
    event-state: normal
    out-of-service: FALSE
    polarity: normal
    description: "BINARY INPUT 0"
  }, 
  { 
    object-identifier: (binary-input, 1)
    object-name: "BINARY INPUT 1"
    object-type: binary-input
    present-value: ?
    status-flags: {false,false,false,false}
    event-state: normal
    out-of-service: FALSE
    polarity: normal
    description: "BINARY INPUT 1"
  }, 
  { 
    object-identifier: (binary-input, 2)
    object-name: "BINARY INPUT 2"
    object-type: binary-input
    present-value: ?
    status-flags: {false,false,false,false}
    event-state: normal
    out-of-service: FALSE
    polarity: normal
    description: "BINARY INPUT 2"
  }, 
  { 
    object-identifier: (binary-input, 3)
    object-name: "BINARY INPUT 3"
    object-type: binary-input
    present-value: ?
    status-flags: {false,false,false,false}
    event-state: normal
    out-of-service: FALSE
    polarity: normal
    description: "BINARY INPUT 3"
  }, 
  { 
    object-identifier: (binary-input, 4)
    object-name: "BINARY INPUT 4"
    object-type: binary-input
    present-value: ?
    status-flags: {false,false,false,false}
    event-state: normal
    out-of-service: FALSE
    polarity: normal
    description: "BINARY INPUT 4"
  }, 
  { 
    object-identifier: (binary-output, 0)
    object-name: "BINARY OUTPUT 0"
    object-type: binary-output
    present-value: ? Writable
    status-flags: {false,false,false,false}
    event-state: normal
    out-of-service: FALSE
    polarity: normal
    priority-array: ? 
    relinquish-default: inactive
    description: "BINARY OUTPUT 0"
    active-text: "on"
    inactive-text: "off"
  }, 
  { 
    object-identifier: (binary-output, 1)
    object-name: "BINARY OUTPUT 1"
    object-type: binary-output
    present-value: ? Writable
    status-flags: {false,false,false,false}
    event-state: normal
    out-of-service: FALSE
    polarity: normal
    priority-array: ? 
    relinquish-default: inactive
    description: "BINARY OUTPUT 1"
    active-text: "on"
    inactive-text: "off"
  }, 
  { 
    object-identifier: (binary-output, 2)
    object-name: "BINARY OUTPUT 2"
    object-type: binary-output
    present-value: ? Writable
    status-flags: {false,false,false,false}
    event-state: normal
    out-of-service: FALSE
    polarity: normal
    priority-array: ? 
    relinquish-default: inactive
    description: "BINARY OUTPUT 2"
    active-text: "on"
    inactive-text: "off"
  }, 
  { 
    object-identifier: (binary-output, 3)
    object-name: "BINARY OUTPUT 3"
    object-type: binary-output
    present-value: ? Writable
    status-flags: {false,false,false,false}
    event-state: normal
    out-of-service: FALSE
    polarity: normal
    priority-array: ? 
    relinquish-default: inactive
    description: "BINARY OUTPUT 3"
    active-text: "on"
    inactive-text: "off"
  }, 
  { 
    object-identifier: (binary-value, 0)
    object-name: "BINARY VALUE 0"
    object-type: binary-value
    present-value: ?
    status-flags: {false,false,false,false}
    event-state: normal
    out-of-service: FALSE
    description: "BINARY VALUE 0"
    priority-array: ? 
    relinquish-default: inactive
  }, 
  { 
    object-identifier: (binary-value, 1)
    object-name: "BINARY VALUE 1"
    object-type: binary-value
    present-value: ?
    status-flags: {false,false,false,false}
    event-state: normal
    out-of-service: FALSE
    description: "BINARY VALUE 1"
    priority-array: ? 
    relinquish-default: inactive
  }, 
  { 
    object-identifier: (binary-value, 2)
    object-name: "BINARY VALUE 2"
    object-type: binary-value
    present-value: ?
    status-flags: {false,false,false,false}
    event-state: normal
    out-of-service: FALSE
    description: "BINARY VALUE 2"
    priority-array: ? 
    relinquish-default: inactive
  }, 
  { 
    object-identifier: (binary-value, 3)
    object-name: "BINARY VALUE 3"
    object-type: binary-value
    present-value: ?
    status-flags: {false,false,false,false}
    event-state: normal
    out-of-service: FALSE
    description: "BINARY VALUE 3"
    priority-array: ? 
    relinquish-default: inactive
  }, 
  { 
    object-identifier: (binary-value, 4)
    object-name: "BINARY VALUE 4"
    object-type: binary-value
    present-value: ?
    status-flags: {false,false,false,false}
    event-state: normal
    out-of-service: FALSE
    description: "BINARY VALUE 4"
    priority-array: ? 
    relinquish-default: inactive
  }, 
  { 
    object-identifier: (binary-value, 5)
    object-name: "BINARY VALUE 5"
    object-type: binary-value
    present-value: ?
    status-flags: {false,false,false,false}
    event-state: normal
    out-of-service: FALSE
    description: "BINARY VALUE 5"
    priority-array: ? 
    relinquish-default: inactive
  }, 
  { 
    object-identifier: (binary-value, 6)
    object-name: "BINARY VALUE 6"
    object-type: binary-value
    present-value: ?
    status-flags: {false,false,false,false}
    event-state: normal
    out-of-service: FALSE
    description: "BINARY VALUE 6"
    priority-array: ? 
    relinquish-default: inactive
  }, 
  { 
    object-identifier: (binary-value, 7)
    object-name: "BINARY VALUE 7"
    object-type: binary-value
    present-value: ?
    status-flags: {false,false,false,false}
    event-state: normal
    out-of-service: FALSE
    description: "BINARY VALUE 7"
    priority-array: ? 
    relinquish-default: inactive
  }, 
  { 
    object-identifier: (binary-value, 8)
    object-name: "BINARY VALUE 8"
    object-type: binary-value
    present-value: ?
    status-flags: {false,false,false,false}
    event-state: normal
    out-of-service: FALSE
    description: "BINARY VALUE 8"
    priority-array: ? 
    relinquish-default: inactive
  }, 
  { 
    object-identifier: (binary-value, 9)
    object-name: "BINARY VALUE 9"
    object-type: binary-value
    present-value: ?
    status-flags: {false,false,false,false}
    event-state: normal
    out-of-service: FALSE
    description: "BINARY VALUE 9"
    priority-array: ? 
    relinquish-default: inactive
  }, 
  { 
    object-identifier: (file, 0)
    object-name: "FILE 0"
    object-type: file
    file-type: "TEXT"
    file-size: 0
    modification-date: { Saturday, April 1, 2006,07:00:03.01 }
    archive: TRUE Writable
    read-only: TRUE
    file-access-method: 1
    description: "temp_0.txt"
  }, 
  { 
    object-identifier: (file, 1)
    object-name: "FILE 1"
    object-type: file
    file-type: "TEXT"
    file-size: 0
    modification-date: { Saturday, April 1, 2006,07:00:03.01 }
    archive: TRUE Writable
    read-only: TRUE
    file-access-method: 1
    description: "temp_1.txt"
  }, 
  { 
    object-identifier: (file, 2)
    object-name: "FILE 2"
    object-type: file
    file-type: "TEXT"
    file-size: 0
    modification-date: { Saturday, April 1, 2006,07:00:03.01 }
    archive: TRUE Writable
    read-only: TRUE
    file-access-method: 1
    description: "temp_2.txt"
  }, 
  { 
    object-identifier: (multi-state-input, 0)
    object-name: "MULTISTATE INPUT 0"
    object-type: multi-state-input
    present-value: ?
    status-flags: {false,false,false,false}
    event-state: normal
    out-of-service: FALSE
    number-of-states: 254
    description: "MULTISTATE INPUT 0"
    state-text: { 
        "", "", "", "", 
        "", "", "", "", 
        "", "", "", "", 
        "", "", "", "", 
        "", "", "", "", 
        "", "", "", "", 
        "", "", "", "", 
        "", "", "", "", 
        "", "", "", "", 
        "", "", "", "", 
        "", "", "", "", 
        "", "", "", "", 
        "", "", "", "", 
        "", "", "", "", 
        "", "", "", "", 
        "", "", "", "", 
        "", "", "", "", 
        "", "", "", "", 
        "", "", "", "", 
        "", "", "", "", 
        "", "", "", "", 
        "", "", "", "", 
        "", "", "", "", 
        "", "", "", "", 
        "", "", "", "", 
        "", "", "", "", 
        "", "", "", "", 
        "", "", "", "", 
        "", "", "", "", 
        "", "", "", "", 
        "", "", "", "", 
        "", "", "", "", 
        "", "", "", "", 
        "", "", "", "", 
        "", "", "", "", 
        "", "", "", "", 
        "", "", "", "", 
        "", "", "", "", 
        "", "", "", "", 
        "", "", "", "", 
        "", "", "", "", 
        "", "", "", "", 
        "", "", "", "", 
        "", "", "", "", 
        "", "", "", "", 
        "", "", "", "", 
        "", "", "", "", 
        "", "", "", "", 
        "", "", "", "", 
        "", "", "", "", 
        "", "", "", "", 
        "", "", "", "", 
        "", "", "", "", 
        "", "", "", "", 
        "", "", "", "", 
        "", "", "", "", 
        "", "", "", "", 
        "", "", "", "", 
        "", "", "", "", 
        "", "", "", "", 
        "", "", "", "", 
        "", "", "", "", 
        "", "", "", "", 
        "", "" } 
  }, 
  { 
    object-identifier: (multi-state-input, 1)
    object-name: "MULTISTATE INPUT 1"
    object-type: multi-state-input
    present-value: ?
    status-flags: {false,false,false,false}
    event-state: normal
    out-of-service: FALSE
    number-of-states: 254
    description: "MULTISTATE INPUT 1"
    state-text: { 
        "", "", "", "", 
        "", "", "", "", 
        "", "", "", "", 
        "", "", "", "", 
        "", "", "", "", 
        "", "", "", "", 
        "", "", "", "", 
        "", "", "", "", 
        "", "", "", "", 
        "", "", "", "", 
        "", "", "", "", 
        "", "", "", "", 
        "", "", "", "", 
        "", "", "", "", 
        "", "", "", "", 
        "", "", "", "", 
        "", "", "", "", 
        "", "", "", "", 
        "", "", "", "", 
        "", "", "", "", 
        "", "", "", "", 
        "", "", "", "", 
        "", "", "", "", 
        "", "", "", "", 
        "", "", "", "", 
        "", "", "", "", 
        "", "", "", "", 
        "", "", "", "", 
        "", "", "", "", 
        "", "", "", "", 
        "", "", "", "", 
        "", "", "", "", 
        "", "", "", "", 
        "", "", "", "", 
        "", "", "", "", 
        "", "", "", "", 
        "", "", "", "", 
        "", "", "", "", 
        "", "", "", "", 
        "", "", "", "", 
        "", "", "", "", 
        "", "", "", "", 
        "", "", "", "", 
        "", "", "", "", 
        "", "", "", "", 
        "", "", "", "", 
        "", "", "", "", 
        "", "", "", "", 
        "", "", "", "", 
        "", "", "", "", 
        "", "", "", "", 
        "", "", "", "", 
        "", "", "", "", 
        "", "", "", "", 
        "", "", "", "", 
        "", "", "", "", 
        "", "", "", "", 
        "", "", "", "", 
        "", "", "", "", 
        "", "", "", "", 
        "", "", "", "", 
        "", "", "", "", 
        "", "", "", "", 
        "", "" } 
  }, 
  { 
    object-identifier: (multi-state-input, 2)
    object-name: "MULTISTATE INPUT 2"
    object-type: multi-state-input
    present-value: ?
    status-flags: {false,false,false,false}
    event-state: normal
    out-of-service: FALSE
    number-of-states: 254
    description: "MULTISTATE INPUT 2"
    state-text: { 
        "", "", "", "", 
        "", "", "", "", 
        "", "", "", "", 
        "", "", "", "", 
        "", "", "", "", 
        "", "", "", "", 
        "", "", "", "", 
        "", "", "", "", 
        "", "", "", "", 
        "", "", "", "", 
        "", "", "", "", 
        "", "", "", "", 
        "", "", "", "", 
        "", "", "", "", 
        "", "", "", "", 
        "", "", "", "", 
        "", "", "", "", 
        "", "", "", "", 
        "", "", "", "", 
        "", "", "", "", 
        "", "", "", "", 
        "", "", "", "", 
        "", "", "", "", 
        "", "", "", "", 
        "", "", "", "", 
        "", "", "", "", 
        "", "", "", "", 
        "", "", "", "", 
        "", "", "", "", 
        "", "", "", "", 
        "", "", "", "", 
        "", "", "", "", 
        "", "", "", "", 
        "", "", "", "", 
        "", "", "", "", 
        "", "", "", "", 
        "", "", "", "", 
        "", "", "", "", 
        "", "", "", "", 
        "", "", "", "", 
        "", "", "", "", 
        "", "", "", "", 
        "", "", "", "", 
        "", "", "", "", 
        "", "", "", "", 
        "", "", "", "", 
        "", "", "", "", 
        "", "", "", "", 
        "", "", "", "", 
        "", "", "", "", 
        "", "", "", "", 
        "", "", "", "", 
        "", "", "", "", 
        "", "", "", "", 
        "", "", "", "", 
        "", "", "", "", 
        "", "", "", "", 
        "", "", "", "", 
        "", "", "", "", 
        "", "", "", "", 
        "", "", "", "", 
        "", "", "", "", 
        "", "", "", "", 
        "", "" } 
  }, 
  { 
    object-identifier: (multi-state-input, 3)
    object-name: "MULTISTATE INPUT 3"
    object-type: multi-state-input
    present-value: ?
    status-flags: {false,false,false,false}
    event-state: normal
    out-of-service: FALSE
    number-of-states: 254
    description: "MULTISTATE INPUT 3"
    state-text: { 
        "", "", "", "", 
        "", "", "", "", 
        "", "", "", "", 
        "", "", "", "", 
        "", "", "", "", 
        "", "", "", "", 
        "", "", "", "", 
        "", "", "", "", 
        "", "", "", "", 
        "", "", "", "", 
        "", "", "", "", 
        "", "", "", "", 
        "", "", "", "", 
        "", "", "", "", 
        "", "", "", "", 
        "", "", "", "", 
        "", "", "", "", 
        "", "", "", "", 
        "", "", "", "", 
        "", "", "", "", 
        "", "", "", "", 
        "", "", "", "", 
        "", "", "", "", 
        "", "", "", "", 
        "", "", "", "", 
        "", "", "", "", 
        "", "", "", "", 
        "", "", "", "", 
        "", "", "", "", 
        "", "", "", "", 
        "", "", "", "", 
        "", "", "", "", 
        "", "", "", "", 
        "", "", "", "", 
        "", "", "", "", 
        "", "", "", "", 
        "", "", "", "", 
        "", "", "", "", 
        "", "", "", "", 
        "", "", "", "", 
        "", "", "", "", 
        "", "", "", "", 
        "", "", "", "", 
        "", "", "", "", 
        "", "", "", "", 
        "", "", "", "", 
        "", "", "", "", 
        "", "", "", "", 
        "", "", "", "", 
        "", "", "", "", 
        "", "", "", "", 
        "", "", "", "", 
        "", "", "", "", 
        "", "", "", "", 
        "", "", "", "", 
        "", "", "", "", 
        "", "", "", "", 
        "", "", "", "", 
        "", "", "", "", 
        "", "", "", "", 
        "", "", "", "", 
        "", "", "", "", 
        "", "", "", "", 
        "", "" } 
  }, 
  { 
    object-identifier: (multi-state-output, 0)
    object-name: "MULTISTATE OUTPUT 0"
    object-type: multi-state-output
    present-value: ? Writable
    status-flags: {false,false,false,false}
    event-state: normal
    out-of-service: FALSE
    number-of-states: 254
    priority-array: ? 
    relinquish-default: 1
    description: "MULTISTATE OUTPUT 0"
  }, 
  { 
    object-identifier: (multi-state-output, 1)
    object-name: "MULTISTATE OUTPUT 1"
    object-type: multi-state-output
    present-value: ? Writable
    status-flags: {false,false,false,false}
    event-state: normal
    out-of-service: FALSE
    number-of-states: 254
    priority-array: ? 
    relinquish-default: 1
    description: "MULTISTATE OUTPUT 1"
  }, 
  { 
    object-identifier: (multi-state-output, 2)
    object-name: "MULTISTATE OUTPUT 2"
    object-type: multi-state-output
    present-value: ? Writable
    status-flags: {false,false,false,false}
    event-state: normal
    out-of-service: FALSE
    number-of-states: 254
    priority-array: ? 
    relinquish-default: 1
    description: "MULTISTATE OUTPUT 2"
  }, 
  { 
    object-identifier: (multi-state-output, 3)
    object-name: "MULTISTATE OUTPUT 3"
    object-type: multi-state-output
    present-value: ? Writable
    status-flags: {false,false,false,false}
    event-state: normal
    out-of-service: FALSE
    number-of-states: 254
    priority-array: ? 
    relinquish-default: 1
    description: "MULTISTATE OUTPUT 3"
  }, 
  { 
    object-identifier: (notification-class, 0)
    object-name: "NOTIFICATION CLASS 0"
    object-type: notification-class
    notification-class: 0
    priority: { 255,255,255 }
    ack-required: {false,false,false}
    recipient-list: Null
    description: "NOTIFICATION CLASS 0"
  }, 
  { 
    object-identifier: (notification-class, 1)
    object-name: "NOTIFICATION CLASS 1"
    object-type: notification-class
    notification-class: 1
    priority: { 255,255,255 }
    ack-required: {false,false,false}
    recipient-list: Null
    description: "NOTIFICATION CLASS 1"
  }, 
  { 
    object-identifier: (schedule, 0)
    object-name: "SCHEDULE 0"
    object-type: schedule
  }, 
  { 
    object-identifier: (schedule, 1)
    object-name: "SCHEDULE 1"
    object-type: schedule
  }, 
  { 
    object-identifier: (schedule, 2)
    object-name: "SCHEDULE 2"
    object-type: schedule
  }, 
  { 
    object-identifier: (schedule, 3)
    object-name: "SCHEDULE 3"
    object-type: schedule
  }, 
  { 
    object-identifier: (multi-state-value, 0)
    object-name: "MULTISTATE VALUE 0"
    object-type: multi-state-value
    present-value: ?
    status-flags: {false,false,false,false}
    event-state: normal
    out-of-service: FALSE
    number-of-states: 254
    description: "MULTISTATE VALUE 0"
    state-text: { 
        "", "", "", "", 
        "", "", "", "", 
        "", "", "", "", 
        "", "", "", "", 
        "", "", "", "", 
        "", "", "", "", 
        "", "", "", "", 
        "", "", "", "", 
        "", "", "", "", 
        "", "", "", "", 
        "", "", "", "", 
        "", "", "", "", 
        "", "", "", "", 
        "", "", "", "", 
        "", "", "", "", 
        "", "", "", "", 
        "", "", "", "", 
        "", "", "", "", 
        "", "", "", "", 
        "", "", "", "", 
        "", "", "", "", 
        "", "", "", "", 
        "", "", "", "", 
        "", "", "", "", 
        "", "", "", "", 
        "", "", "", "", 
        "", "", "", "", 
        "", "", "", "", 
        "", "", "", "", 
        "", "", "", "", 
        "", "", "", "", 
        "", "", "", "", 
        "", "", "", "", 
        "", "", "", "", 
        "", "", "", "", 
        "", "", "", "", 
        "", "", "", "", 
        "", "", "", "", 
        "", "", "", "", 
        "", "", "", "", 
        "", "", "", "", 
        "", "", "", "", 
        "", "", "", "", 
        "", "", "", "", 
        "", "", "", "", 
        "", "", "", "", 
        "", "", "", "", 
        "", "", "", "", 
        "", "", "", "", 
        "", "", "", "", 
        "", "", "", "", 
        "", "", "", "", 
        "", "", "", "", 
        "", "", "", "", 
        "", "", "", "", 
        "", "", "", "", 
        "", "", "", "", 
        "", "", "", "", 
        "", "", "", "", 
        "", "", "", "", 
        "", "", "", "", 
        "", "", "", "", 
        "", "", "", "", 
        "", "" } 
  }, 
  { 
    object-identifier: (multi-state-value, 1)
    object-name: "MULTISTATE VALUE 1"
    object-type: multi-state-value
    present-value: ?
    status-flags: {false,false,false,false}
    event-state: normal
    out-of-service: FALSE
    number-of-states: 254
    description: "MULTISTATE VALUE 1"
    state-text: { 
        "", "", "", "", 
        "", "", "", "", 
        "", "", "", "", 
        "", "", "", "", 
        "", "", "", "", 
        "", "", "", "", 
        "", "", "", "", 
        "", "", "", "", 
        "", "", "", "", 
        "", "", "", "", 
        "", "", "", "", 
        "", "", "", "", 
        "", "", "", "", 
        "", "", "", "", 
        "", "", "", "", 
        "", "", "", "", 
        "", "", "", "", 
        "", "", "", "", 
        "", "", "", "", 
        "", "", "", "", 
        "", "", "", "", 
        "", "", "", "", 
        "", "", "", "", 
        "", "", "", "", 
        "", "", "", "", 
        "", "", "", "", 
        "", "", "", "", 
        "", "", "", "", 
        "", "", "", "", 
        "", "", "", "", 
        "", "", "", "", 
        "", "", "", "", 
        "", "", "", "", 
        "", "", "", "", 
        "", "", "", "", 
        "", "", "", "", 
        "", "", "", "", 
        "", "", "", "", 
        "", "", "", "", 
        "", "", "", "", 
        "", "", "", "", 
        "", "", "", "", 
        "", "", "", "", 
        "", "", "", "", 
        "", "", "", "", 
        "", "", "", "", 
        "", "", "", "", 
        "", "", "", "", 
        "", "", "", "", 
        "", "", "", "", 
        "", "", "", "", 
        "", "", "", "", 
        "", "", "", "", 
        "", "", "", "", 
        "", "", "", "", 
        "", "", "", "", 
        "", "", "", "", 
        "", "", "", "", 
        "", "", "", "", 
        "", "", "", "", 
        "", "", "", "", 
        "", "", "", "", 
        "", "", "", "", 
        "", "" } 
  }, 
  { 
    object-identifier: (multi-state-value, 2)
    object-name: "MULTISTATE VALUE 2"
    object-type: multi-state-value
    present-value: ?
    status-flags: {false,false,false,false}
    event-state: normal
    out-of-service: FALSE
    number-of-states: 254
    description: "MULTISTATE VALUE 2"
    state-text: { 
        "", "", "", "", 
        "", "", "", "", 
        "", "", "", "", 
        "", "", "", "", 
        "", "", "", "", 
        "", "", "", "", 
        "", "", "", "", 
        "", "", "", "", 
        "", "", "", "", 
        "", "", "", "", 
        "", "", "", "", 
        "", "", "", "", 
        "", "", "", "", 
        "", "", "", "", 
        "", "", "", "", 
        "", "", "", "", 
        "", "", "", "", 
        "", "", "", "", 
        "", "", "", "", 
        "", "", "", "", 
        "", "", "", "", 
        "", "", "", "", 
        "", "", "", "", 
        "", "", "", "", 
        "", "", "", "", 
        "", "", "", "", 
        "", "", "", "", 
        "", "", "", "", 
        "", "", "", "", 
        "", "", "", "", 
        "", "", "", "", 
        "", "", "", "", 
        "", "", "", "", 
        "", "", "", "", 
        "", "", "", "", 
        "", "", "", "", 
        "", "", "", "", 
        "", "", "", "", 
        "", "", "", "", 
        "", "", "", "", 
        "", "", "", "", 
        "", "", "", "", 
        "", "", "", "", 
        "", "", "", "", 
        "", "", "", "", 
        "", "", "", "", 
        "", "", "", "", 
        "", "", "", "", 
        "", "", "", "", 
        "", "", "", "", 
        "", "", "", "", 
        "", "", "", "", 
        "", "", "", "", 
        "", "", "", "", 
        "", "", "", "", 
        "", "", "", "", 
        "", "", "", "", 
        "", "", "", "", 
        "", "", "", "", 
        "", "", "", "", 
        "", "", "", "", 
        "", "", "", "", 
        "", "", "", "", 
        "", "" } 
  }, 
  { 
    object-identifier: (multi-state-value, 3)
    object-name: "MULTISTATE VALUE 3"
    object-type: multi-state-value
    present-value: ?
    status-flags: {false,false,false,false}
    event-state: normal
    out-of-service: FALSE
    number-of-states: 254
    description: "MULTISTATE VALUE 3"
    state-text: { 
        "", "", "", "", 
        "", "", "", "", 
        "", "", "", "", 
        "", "", "", "", 
        "", "", "", "", 
        "", "", "", "", 
        "", "", "", "", 
        "", "", "", "", 
        "", "", "", "", 
        "", "", "", "", 
        "", "", "", "", 
        "", "", "", "", 
        "", "", "", "", 
        "", "", "", "", 
        "", "", "", "", 
        "", "", "", "", 
        "", "", "", "", 
        "", "", "", "", 
        "", "", "", "", 
        "", "", "", "", 
        "", "", "", "", 
        "", "", "", "", 
        "", "", "", "", 
        "", "", "", "", 
        "", "", "", "", 
        "", "", "", "", 
        "", "", "", "", 
        "", "", "", "", 
        "", "", "", "", 
        "", "", "", "", 
        "", "", "", "", 
        "", "", "", "", 
        "", "", "", "", 
        "", "", "", "", 
        "", "", "", "", 
        "", "", "", "", 
        "", "", "", "", 
        "", "", "", "", 
        "", "", "", "", 
        "", "", "", "", 
        "", "", "", "", 
        "", "", "", "", 
        "", "", "", "", 
        "", "", "", "", 
        "", "", "", "", 
        "", "", "", "", 
        "", "", "", "", 
        "", "", "", "", 
        "", "", "", "", 
        "", "", "", "", 
        "", "", "", "", 
        "", "", "", "", 
        "", "", "", "", 
        "", "", "", "", 
        "", "", "", "", 
        "", "", "", "", 
        "", "", "", "", 
        "", "", "", "", 
        "", "", "", "", 
        "", "", "", "", 
        "", "", "", "", 
        "", "", "", "", 
        "", "", "", "", 
        "", "" } 
  }, 
  { 
    object-identifier: (trend-log, 0)
    object-name: "Trend Log 0"
    object-type: trend-log
    enable: TRUE Writable
    stop-when-full: FALSE
    buffer-size: 1000
    log-buffer: ?  -- BACnet Error: property: read-access-denied
    record-count: 1000 Writable
    total-record-count: 10015
    event-state: normal
    logging-type: 0
    status-flags: {false,false,false,false}
    description: "Trend Log 0"
    start-time: { Thursday, January 1, 2009,00:00:00.00 }
    stop-time: { Tuesday, December 22, 2020,23:59:59.99 }
    log-device-object-property: { (analog-input, 0),85,(device, 1234) }
    log-interval: 90000
    align-intervals: TRUE
    interval-offset: 0
    trigger: FALSE
  }, 
  { 
    object-identifier: (trend-log, 1)
    object-name: "Trend Log 1"
    object-type: trend-log
    enable: TRUE Writable
    stop-when-full: FALSE
    buffer-size: 1000
    log-buffer: ?  -- BACnet Error: property: read-access-denied
    record-count: 1000 Writable
    total-record-count: 10015
    event-state: normal
    logging-type: 0
    status-flags: {false,false,false,false}
    description: "Trend Log 1"
    start-time: { Thursday, January 1, 2009,00:00:00.00 }
    stop-time: { Tuesday, December 22, 2020,23:59:59.99 }
    log-device-object-property: { (analog-input, 1),85,(device, 1234) }
    log-interval: 90000
    align-intervals: TRUE
    interval-offset: 0
    trigger: FALSE
  }, 
  { 
    object-identifier: (trend-log, 2)
    object-name: "Trend Log 2"
    object-type: trend-log
    enable: TRUE Writable
    stop-when-full: FALSE
    buffer-size: 1000
    log-buffer: ?  -- BACnet Error: property: read-access-denied
    record-count: 1000 Writable
    total-record-count: 10015
    event-state: normal
    logging-type: 0
    status-flags: {false,false,false,false}
    description: "Trend Log 2"
    start-time: { Thursday, January 1, 2009,00:00:00.00 }
    stop-time: { Tuesday, December 22, 2020,23:59:59.99 }
    log-device-object-property: { (analog-input, 2),85,(device, 1234) }
    log-interval: 90000
    align-intervals: TRUE
    interval-offset: 0
    trigger: FALSE
  }, 
  { 
    object-identifier: (trend-log, 3)
    object-name: "Trend Log 3"
    object-type: trend-log
    enable: TRUE Writable
    stop-when-full: FALSE
    buffer-size: 1000
    log-buffer: ?  -- BACnet Error: property: read-access-denied
    record-count: 1000 Writable
    total-record-count: 10015
    event-state: normal
    logging-type: 0
    status-flags: {false,false,false,false}
    description: "Trend Log 3"
    start-time: { Thursday, January 1, 2009,00:00:00.00 }
    stop-time: { Tuesday, December 22, 2020,23:59:59.99 }
    log-device-object-property: { (analog-input, 3),85,(device, 1234) }
    log-interval: 90000
    align-intervals: TRUE
    interval-offset: 0
    trigger: FALSE
  }, 
  { 
    object-identifier: (trend-log, 4)
    object-name: "Trend Log 4"
    object-type: trend-log
    enable: TRUE Writable
    stop-when-full: FALSE
    buffer-size: 1000
    log-buffer: ?  -- BACnet Error: property: read-access-denied
    record-count: 1000 Writable
    total-record-count: 10015
    event-state: normal
    logging-type: 0
    status-flags: {false,false,false,false}
    description: "Trend Log 4"
    start-time: { Thursday, January 1, 2009,00:00:00.00 }
    stop-time: { Tuesday, December 22, 2020,23:59:59.99 }
    log-device-object-property: { (analog-input, 4),85,(device, 1234) }
    log-interval: 90000
    align-intervals: TRUE
    interval-offset: 0
    trigger: FALSE
  }, 
  { 
    object-identifier: (trend-log, 5)
    object-name: "Trend Log 5"
    object-type: trend-log
    enable: TRUE Writable
    stop-when-full: FALSE
    buffer-size: 1000
    log-buffer: ?  -- BACnet Error: property: read-access-denied
    record-count: 1000 Writable
    total-record-count: 10015
    event-state: normal
    logging-type: 0
    status-flags: {false,false,false,false}
    description: "Trend Log 5"
    start-time: { Thursday, January 1, 2009,00:00:00.00 }
    stop-time: { Tuesday, December 22, 2020,23:59:59.99 }
    log-device-object-property: { (analog-input, 5),85,(device, 1234) }
    log-interval: 90000
    align-intervals: TRUE
    interval-offset: 0
    trigger: FALSE
  }, 
  { 
    object-identifier: (trend-log, 6)
    object-name: "Trend Log 6"
    object-type: trend-log
    enable: TRUE Writable
    stop-when-full: FALSE
    buffer-size: 1000
    log-buffer: ?  -- BACnet Error: property: read-access-denied
    record-count: 1000 Writable
    total-record-count: 10015
    event-state: normal
    logging-type: 0
    status-flags: {false,false,false,false}
    description: "Trend Log 6"
    start-time: { Thursday, January 1, 2009,00:00:00.00 }
    stop-time: { Tuesday, December 22, 2020,23:59:59.99 }
    log-device-object-property: { (analog-input, 6),85,(device, 1234) }
    log-interval: 90000
    align-intervals: TRUE
    interval-offset: 0
    trigger: FALSE
  }, 
  { 
    object-identifier: (trend-log, 7)
    object-name: "Trend Log 7"
    object-type: trend-log
    enable: TRUE Writable
    stop-when-full: FALSE
    buffer-size: 1000
    log-buffer: ?  -- BACnet Error: property: read-access-denied
    record-count: 1000 Writable
    total-record-count: 10015
    event-state: normal
    logging-type: 0
    status-flags: {false,false,false,false}
    description: "Trend Log 7"
    start-time: { Thursday, January 1, 2009,00:00:00.00 }
    stop-time: { Tuesday, December 22, 2020,23:59:59.99 }
    log-device-object-property: { (analog-input, 7),85,(device, 1234) }
    log-interval: 90000
    align-intervals: TRUE
    interval-offset: 0
    trigger: FALSE
  }, 
  { 
    object-identifier: (life-safety-point, 0)
    object-name: "LS POINT 0"
    object-type: life-safety-point
    present-value: ?
    tracking-value: 0
    status-flags: {false,false,false,false}
    event-state: normal
    out-of-service: FALSE
    reliability: ?
    mode: 14 Writable
    accepted-modes: { 0,1,2,3,4,5,6,7,8,9,10,11,12,13,14 }
    silenced: 0
    operation-expected: 0
    description: "LS POINT 0"
  }, 
  { 
    object-identifier: (life-safety-point, 1)
    object-name: "LS POINT 1"
    object-type: life-safety-point
    present-value: ?
    tracking-value: 0
    status-flags: {false,false,false,false}
    event-state: normal
    out-of-service: FALSE
    reliability: ?
    mode: 14 Writable
    accepted-modes: { 0,1,2,3,4,5,6,7,8,9,10,11,12,13,14 }
    silenced: 0
    operation-expected: 0
    description: "LS POINT 1"
  }, 
  { 
    object-identifier: (life-safety-point, 2)
    object-name: "LS POINT 2"
    object-type: life-safety-point
    present-value: ?
    tracking-value: 0
    status-flags: {false,false,false,false}
    event-state: normal
    out-of-service: FALSE
    reliability: ?
    mode: 14 Writable
    accepted-modes: { 0,1,2,3,4,5,6,7,8,9,10,11,12,13,14 }
    silenced: 0
    operation-expected: 0
    description: "LS POINT 2"
  }, 
  { 
    object-identifier: (life-safety-point, 3)
    object-name: "LS POINT 3"
    object-type: life-safety-point
    present-value: ?
    tracking-value: 0
    status-flags: {false,false,false,false}
    event-state: normal
    out-of-service: FALSE
    reliability: ?
    mode: 14 Writable
    accepted-modes: { 0,1,2,3,4,5,6,7,8,9,10,11,12,13,14 }
    silenced: 0
    operation-expected: 0
    description: "LS POINT 3"
  }, 
  { 
    object-identifier: (life-safety-point, 4)
    object-name: "LS POINT 4"
    object-type: life-safety-point
    present-value: ?
    tracking-value: 0
    status-flags: {false,false,false,false}
    event-state: normal
    out-of-service: FALSE
    reliability: ?
    mode: 14 Writable
    accepted-modes: { 0,1,2,3,4,5,6,7,8,9,10,11,12,13,14 }
    silenced: 0
    operation-expected: 0
    description: "LS POINT 4"
  }, 
  { 
    object-identifier: (life-safety-point, 5)
    object-name: "LS POINT 5"
    object-type: life-safety-point
    present-value: ?
    tracking-value: 0
    status-flags: {false,false,false,false}
    event-state: normal
    out-of-service: FALSE
    reliability: ?
    mode: 14 Writable
    accepted-modes: { 0,1,2,3,4,5,6,7,8,9,10,11,12,13,14 }
    silenced: 0
    operation-expected: 0
    description: "LS POINT 5"
  }, 
  { 
    object-identifier: (life-safety-point, 6)
    object-name: "LS POINT 6"
    object-type: life-safety-point
    present-value: ?
    tracking-value: 0
    status-flags: {false,false,false,false}
    event-state: normal
    out-of-service: FALSE
    reliability: ?
    mode: 14 Writable
    accepted-modes: { 0,1,2,3,4,5,6,7,8,9,10,11,12,13,14 }
    silenced: 0
    operation-expected: 0
    description: "LS POINT 6"
  }, 
  { 
    object-identifier: (load-control, 0)
    object-name: "LOAD CONTROL 0"
    object-type: load-control
    present-value: ?
    status-flags: {false,false,false,false}
    event-state: normal
    requested-shed-level: 0 Writable
    start-time: { any day of week, Any Month (unspecified), (unspecified),**:**:**.** } Writable
    shed-duration: 0 Writable
    duty-window: 0 Writable
    enable: TRUE
    expected-shed-level: 0
    actual-shed-level: 0
    shed-levels: { 1,2,3 } Writable
    shed-level-descriptions: { "dim lights 10%","dim lights 20%","dim lights 30%" }
    description: "LOAD CONTROL 0"
    full-duty-baseline: 1.500000
  }, 
  { 
    object-identifier: (load-control, 1)
    object-name: "LOAD CONTROL 1"
    object-type: load-control
    present-value: ?
    status-flags: {false,false,false,false}
    event-state: normal
    requested-shed-level: 0 Writable
    start-time: { any day of week, Any Month (unspecified), (unspecified),**:**:**.** } Writable
    shed-duration: 0 Writable
    duty-window: 0 Writable
    enable: TRUE
    expected-shed-level: 0
    actual-shed-level: 0
    shed-levels: { 1,2,3 } Writable
    shed-level-descriptions: { "dim lights 10%","dim lights 20%","dim lights 30%" }
    description: "LOAD CONTROL 1"
    full-duty-baseline: 1.500000
  }, 
  { 
    object-identifier: (load-control, 2)
    object-name: "LOAD CONTROL 2"
    object-type: load-control
    present-value: ?
    status-flags: {false,false,false,false}
    event-state: normal
    requested-shed-level: 0 Writable
    start-time: { any day of week, Any Month (unspecified), (unspecified),**:**:**.** } Writable
    shed-duration: 0 Writable
    duty-window: 0 Writable
    enable: TRUE
    expected-shed-level: 0
    actual-shed-level: 0
    shed-levels: { 1,2,3 } Writable
    shed-level-descriptions: { "dim lights 10%","dim lights 20%","dim lights 30%" }
    description: "LOAD CONTROL 2"
    full-duty-baseline: 1.500000
  }, 
  { 
    object-identifier: (load-control, 3)
    object-name: "LOAD CONTROL 3"
    object-type: load-control
    present-value: ?
    status-flags: {false,false,false,false}
    event-state: normal
    requested-shed-level: 0 Writable
    start-time: { any day of week, Any Month (unspecified), (unspecified),**:**:**.** } Writable
    shed-duration: 0 Writable
    duty-window: 0 Writable
    enable: TRUE
    expected-shed-level: 0
    actual-shed-level: 0
    shed-levels: { 1,2,3 } Writable
    shed-level-descriptions: { "dim lights 10%","dim lights 20%","dim lights 30%" }
    description: "LOAD CONTROL 3"
    full-duty-baseline: 1.500000
  }, 
  { 
    object-identifier: (octetstring-value, 0)
    object-name: "OCTETSTRING VALUE 0"
    object-type: octetstring-value
    present-value: ?
    status-flags: {false,false,false,false}
    event-state: normal
    out-of-service: FALSE
    description: "OCTETSTRING VALUE 0"
  }, 
  { 
    object-identifier: (octetstring-value, 1)
    object-name: "OCTETSTRING VALUE 1"
    object-type: octetstring-value
    present-value: ?
    status-flags: {false,false,false,false}
    event-state: normal
    out-of-service: FALSE
    description: "OCTETSTRING VALUE 1"
  }, 
  { 
    object-identifier: (octetstring-value, 2)
    object-name: "OCTETSTRING VALUE 2"
    object-type: octetstring-value
    present-value: ?
    status-flags: {false,false,false,false}
    event-state: normal
    out-of-service: FALSE
    description: "OCTETSTRING VALUE 2"
  }, 
  { 
    object-identifier: (octetstring-value, 3)
    object-name: "OCTETSTRING VALUE 3"
    object-type: octetstring-value
    present-value: ?
    status-flags: {false,false,false,false}
    event-state: normal
    out-of-service: FALSE
    description: "OCTETSTRING VALUE 3"
  }, 
  { 
    object-identifier: (positive-integer-value, 0)
    object-name: "POSITIVEINTEGER VALUE 0"
    object-type: positive-integer-value
    present-value: ?
    status-flags: {false,false,false,false}
    units: square-meters
    out-of-service: FALSE
  }, 
  { 
    object-identifier: (positive-integer-value, 1)
    object-name: "POSITIVEINTEGER VALUE 1"
    object-type: positive-integer-value
    present-value: ?
    status-flags: {false,false,false,false}
    units: square-meters
    out-of-service: FALSE
  }, 
  { 
    object-identifier: (positive-integer-value, 2)
    object-name: "POSITIVEINTEGER VALUE 2"
    object-type: positive-integer-value
    present-value: ?
    status-flags: {false,false,false,false}
    units: square-meters
    out-of-service: FALSE
  }, 
  { 
    object-identifier: (positive-integer-value, 3)
    object-name: "POSITIVEINTEGER VALUE 3"
    object-type: positive-integer-value
    present-value: ?
    status-flags: {false,false,false,false}
    units: square-meters
    out-of-service: FALSE
  } 
} 
End of BACnet Protocol Implementation Conformance Statement

